[2026-03-18T06:03:57.966+0000] {local_task_job_runner.py:120} INFO - ::group::Pre task execution logs
[2026-03-18T06:03:57.986+0000] {taskinstance.py:2076} INFO - Dependencies all met for dep_context=non-requeueable deps ti=<TaskInstance: crypto_pipeline.load_data manual__2026-03-18T05:58:51.563634+00:00 [queued]>
[2026-03-18T06:03:57.993+0000] {taskinstance.py:2076} INFO - Dependencies all met for dep_context=requeueable deps ti=<TaskInstance: crypto_pipeline.load_data manual__2026-03-18T05:58:51.563634+00:00 [queued]>
[2026-03-18T06:03:57.994+0000] {taskinstance.py:2306} INFO - Starting attempt 2 of 2
[2026-03-18T06:03:58.000+0000] {taskinstance.py:2330} INFO - Executing <Task(BashOperator): load_data> on 2026-03-18 05:58:51.563634+00:00
[2026-03-18T06:03:58.005+0000] {warnings.py:110} WARNING - /home/***/.local/lib/python3.12/site-packages/***/task/task_runner/standard_task_runner.py:61: DeprecationWarning: This process (pid=265) is multi-threaded, use of fork() may lead to deadlocks in the child.
  pid = os.fork()

[2026-03-18T06:03:58.006+0000] {standard_task_runner.py:63} INFO - Started process 274 to run task
[2026-03-18T06:03:58.006+0000] {standard_task_runner.py:90} INFO - Running: ['***', 'tasks', 'run', 'crypto_pipeline', 'load_data', 'manual__2026-03-18T05:58:51.563634+00:00', '--job-id', '30', '--raw', '--subdir', 'DAGS_FOLDER/crypto_pipeline_dag.py', '--cfg-path', '/tmp/tmpv9il1w7f']
[2026-03-18T06:03:58.008+0000] {standard_task_runner.py:91} INFO - Job 30: Subtask load_data
[2026-03-18T06:03:58.042+0000] {task_command.py:426} INFO - Running <TaskInstance: crypto_pipeline.load_data manual__2026-03-18T05:58:51.563634+00:00 [running]> on host b08de9a34ab5
[2026-03-18T06:03:58.091+0000] {taskinstance.py:2648} INFO - Exporting env vars: AIRFLOW_CTX_DAG_OWNER='anish' AIRFLOW_CTX_DAG_ID='crypto_pipeline' AIRFLOW_CTX_TASK_ID='load_data' AIRFLOW_CTX_EXECUTION_DATE='2026-03-18T05:58:51.563634+00:00' AIRFLOW_CTX_TRY_NUMBER='2' AIRFLOW_CTX_DAG_RUN_ID='manual__2026-03-18T05:58:51.563634+00:00'
[2026-03-18T06:03:58.093+0000] {taskinstance.py:430} INFO - ::endgroup::
[2026-03-18T06:03:58.093+0000] {subprocess.py:63} INFO - Tmp dir root location: /tmp
[2026-03-18T06:03:58.094+0000] {subprocess.py:75} INFO - Running command: ['/usr/bin/bash', '-c', 'python /opt/***/scripts/load_to_db.py']
[2026-03-18T06:03:58.102+0000] {subprocess.py:86} INFO - Output:
[2026-03-18T06:03:59.068+0000] {subprocess.py:93} INFO - Traceback (most recent call last):
[2026-03-18T06:03:59.069+0000] {subprocess.py:93} INFO -   File "/home/***/.local/lib/python3.12/site-packages/sqlalchemy/engine/base.py", line 3371, in _wrap_pool_connect
[2026-03-18T06:03:59.069+0000] {subprocess.py:93} INFO -     return fn()
[2026-03-18T06:03:59.069+0000] {subprocess.py:93} INFO -            ^^^^
[2026-03-18T06:03:59.069+0000] {subprocess.py:93} INFO -   File "/home/***/.local/lib/python3.12/site-packages/sqlalchemy/pool/base.py", line 327, in connect
[2026-03-18T06:03:59.069+0000] {subprocess.py:93} INFO -     return _ConnectionFairy._checkout(self)
[2026-03-18T06:03:59.070+0000] {subprocess.py:93} INFO -            ^^^^^^^^^^^^^^^^^^^^^^^^^^^^^^^^
[2026-03-18T06:03:59.070+0000] {subprocess.py:93} INFO -   File "/home/***/.local/lib/python3.12/site-packages/sqlalchemy/pool/base.py", line 894, in _checkout
[2026-03-18T06:03:59.070+0000] {subprocess.py:93} INFO -     fairy = _ConnectionRecord.checkout(pool)
[2026-03-18T06:03:59.070+0000] {subprocess.py:93} INFO -             ^^^^^^^^^^^^^^^^^^^^^^^^^^^^^^^^
[2026-03-18T06:03:59.070+0000] {subprocess.py:93} INFO -   File "/home/***/.local/lib/python3.12/site-packages/sqlalchemy/pool/base.py", line 493, in checkout
[2026-03-18T06:03:59.070+0000] {subprocess.py:93} INFO -     rec = pool._do_get()
[2026-03-18T06:03:59.070+0000] {subprocess.py:93} INFO -           ^^^^^^^^^^^^^^
[2026-03-18T06:03:59.071+0000] {subprocess.py:93} INFO -   File "/home/***/.local/lib/python3.12/site-packages/sqlalchemy/pool/impl.py", line 145, in _do_get
[2026-03-18T06:03:59.071+0000] {subprocess.py:93} INFO -     with util.safe_reraise():
[2026-03-18T06:03:59.071+0000] {subprocess.py:93} INFO -   File "/home/***/.local/lib/python3.12/site-packages/sqlalchemy/util/langhelpers.py", line 70, in __exit__
[2026-03-18T06:03:59.071+0000] {subprocess.py:93} INFO -     compat.raise_(
[2026-03-18T06:03:59.071+0000] {subprocess.py:93} INFO -   File "/home/***/.local/lib/python3.12/site-packages/sqlalchemy/util/compat.py", line 211, in raise_
[2026-03-18T06:03:59.071+0000] {subprocess.py:93} INFO -     raise exception
[2026-03-18T06:03:59.071+0000] {subprocess.py:93} INFO -   File "/home/***/.local/lib/python3.12/site-packages/sqlalchemy/pool/impl.py", line 143, in _do_get
[2026-03-18T06:03:59.071+0000] {subprocess.py:93} INFO -     return self._create_connection()
[2026-03-18T06:03:59.071+0000] {subprocess.py:93} INFO -            ^^^^^^^^^^^^^^^^^^^^^^^^^
[2026-03-18T06:03:59.072+0000] {subprocess.py:93} INFO -   File "/home/***/.local/lib/python3.12/site-packages/sqlalchemy/pool/base.py", line 273, in _create_connection
[2026-03-18T06:03:59.072+0000] {subprocess.py:93} INFO -     return _ConnectionRecord(self)
[2026-03-18T06:03:59.072+0000] {subprocess.py:93} INFO -            ^^^^^^^^^^^^^^^^^^^^^^^
[2026-03-18T06:03:59.072+0000] {subprocess.py:93} INFO -   File "/home/***/.local/lib/python3.12/site-packages/sqlalchemy/pool/base.py", line 388, in __init__
[2026-03-18T06:03:59.072+0000] {subprocess.py:93} INFO -     self.__connect()
[2026-03-18T06:03:59.072+0000] {subprocess.py:93} INFO -   File "/home/***/.local/lib/python3.12/site-packages/sqlalchemy/pool/base.py", line 690, in __connect
[2026-03-18T06:03:59.072+0000] {subprocess.py:93} INFO -     with util.safe_reraise():
[2026-03-18T06:03:59.073+0000] {subprocess.py:93} INFO -   File "/home/***/.local/lib/python3.12/site-packages/sqlalchemy/util/langhelpers.py", line 70, in __exit__
[2026-03-18T06:03:59.073+0000] {subprocess.py:93} INFO -     compat.raise_(
[2026-03-18T06:03:59.073+0000] {subprocess.py:93} INFO -   File "/home/***/.local/lib/python3.12/site-packages/sqlalchemy/util/compat.py", line 211, in raise_
[2026-03-18T06:03:59.073+0000] {subprocess.py:93} INFO -     raise exception
[2026-03-18T06:03:59.073+0000] {subprocess.py:93} INFO -   File "/home/***/.local/lib/python3.12/site-packages/sqlalchemy/pool/base.py", line 686, in __connect
[2026-03-18T06:03:59.073+0000] {subprocess.py:93} INFO -     self.dbapi_connection = connection = pool._invoke_creator(self)
[2026-03-18T06:03:59.073+0000] {subprocess.py:93} INFO -                                          ^^^^^^^^^^^^^^^^^^^^^^^^^^
[2026-03-18T06:03:59.073+0000] {subprocess.py:93} INFO -   File "/home/***/.local/lib/python3.12/site-packages/sqlalchemy/engine/create.py", line 574, in connect
[2026-03-18T06:03:59.073+0000] {subprocess.py:93} INFO -     return dialect.connect(*cargs, **cparams)
[2026-03-18T06:03:59.073+0000] {subprocess.py:93} INFO -            ^^^^^^^^^^^^^^^^^^^^^^^^^^^^^^^^^^
[2026-03-18T06:03:59.074+0000] {subprocess.py:93} INFO -   File "/home/***/.local/lib/python3.12/site-packages/sqlalchemy/engine/default.py", line 598, in connect
[2026-03-18T06:03:59.074+0000] {subprocess.py:93} INFO -     return self.dbapi.connect(*cargs, **cparams)
[2026-03-18T06:03:59.074+0000] {subprocess.py:93} INFO -            ^^^^^^^^^^^^^^^^^^^^^^^^^^^^^^^^^^^^^
[2026-03-18T06:03:59.074+0000] {subprocess.py:93} INFO -   File "/home/***/.local/lib/python3.12/site-packages/psycopg2/__init__.py", line 122, in connect
[2026-03-18T06:03:59.074+0000] {subprocess.py:93} INFO -     conn = _connect(dsn, connection_factory=connection_factory, **kwasync)
[2026-03-18T06:03:59.074+0000] {subprocess.py:93} INFO -            ^^^^^^^^^^^^^^^^^^^^^^^^^^^^^^^^^^^^^^^^^^^^^^^^^^^^^^^^^^^^^^^
[2026-03-18T06:03:59.074+0000] {subprocess.py:93} INFO - psycopg2.OperationalError: connection to server at "localhost" (::1), port 5432 failed: Connection refused
[2026-03-18T06:03:59.074+0000] {subprocess.py:93} INFO - 	Is the server running on that host and accepting TCP/IP connections?
[2026-03-18T06:03:59.074+0000] {subprocess.py:93} INFO - connection to server at "localhost" (127.0.0.1), port 5432 failed: Connection refused
[2026-03-18T06:03:59.074+0000] {subprocess.py:93} INFO - 	Is the server running on that host and accepting TCP/IP connections?
[2026-03-18T06:03:59.074+0000] {subprocess.py:93} INFO - 
[2026-03-18T06:03:59.074+0000] {subprocess.py:93} INFO - 
[2026-03-18T06:03:59.075+0000] {subprocess.py:93} INFO - The above exception was the direct cause of the following exception:
[2026-03-18T06:03:59.075+0000] {subprocess.py:93} INFO - 
[2026-03-18T06:03:59.075+0000] {subprocess.py:93} INFO - Traceback (most recent call last):
[2026-03-18T06:03:59.075+0000] {subprocess.py:93} INFO -   File "/opt/***/scripts/load_to_db.py", line 24, in <module>
[2026-03-18T06:03:59.075+0000] {subprocess.py:93} INFO -     df.to_sql("crypto_raw", engine, if_exists="replace", index=False)
[2026-03-18T06:03:59.075+0000] {subprocess.py:93} INFO -   File "/home/***/.local/lib/python3.12/site-packages/pandas/util/_decorators.py", line 333, in wrapper
[2026-03-18T06:03:59.075+0000] {subprocess.py:93} INFO -     return func(*args, **kwargs)
[2026-03-18T06:03:59.075+0000] {subprocess.py:93} INFO -            ^^^^^^^^^^^^^^^^^^^^^
[2026-03-18T06:03:59.075+0000] {subprocess.py:93} INFO -   File "/home/***/.local/lib/python3.12/site-packages/pandas/core/generic.py", line 3008, in to_sql
[2026-03-18T06:03:59.075+0000] {subprocess.py:93} INFO -     return sql.to_sql(
[2026-03-18T06:03:59.075+0000] {subprocess.py:93} INFO -            ^^^^^^^^^^^
[2026-03-18T06:03:59.075+0000] {subprocess.py:93} INFO -   File "/home/***/.local/lib/python3.12/site-packages/pandas/io/sql.py", line 787, in to_sql
[2026-03-18T06:03:59.075+0000] {subprocess.py:93} INFO -     with pandasSQL_builder(con, schema=schema, need_transaction=True) as pandas_sql:
[2026-03-18T06:03:59.076+0000] {subprocess.py:93} INFO -          ^^^^^^^^^^^^^^^^^^^^^^^^^^^^^^^^^^^^^^^^^^^^^^^^^^^^^^^^^^^^
[2026-03-18T06:03:59.076+0000] {subprocess.py:93} INFO -   File "/home/***/.local/lib/python3.12/site-packages/pandas/io/sql.py", line 851, in pandasSQL_builder
[2026-03-18T06:03:59.076+0000] {subprocess.py:93} INFO -     return SQLDatabase(con, schema, need_transaction)
[2026-03-18T06:03:59.076+0000] {subprocess.py:93} INFO -            ^^^^^^^^^^^^^^^^^^^^^^^^^^^^^^^^^^^^^^^^^^
[2026-03-18T06:03:59.076+0000] {subprocess.py:93} INFO -   File "/home/***/.local/lib/python3.12/site-packages/pandas/io/sql.py", line 1576, in __init__
[2026-03-18T06:03:59.076+0000] {subprocess.py:93} INFO -     con = self.exit_stack.enter_context(con.connect())
[2026-03-18T06:03:59.076+0000] {subprocess.py:93} INFO -                                         ^^^^^^^^^^^^^
[2026-03-18T06:03:59.076+0000] {subprocess.py:93} INFO -   File "/home/***/.local/lib/python3.12/site-packages/sqlalchemy/engine/base.py", line 3325, in connect
[2026-03-18T06:03:59.076+0000] {subprocess.py:93} INFO -     return self._connection_cls(self, close_with_result=close_with_result)
[2026-03-18T06:03:59.076+0000] {subprocess.py:93} INFO -            ^^^^^^^^^^^^^^^^^^^^^^^^^^^^^^^^^^^^^^^^^^^^^^^^^^^^^^^^^^^^^^^
[2026-03-18T06:03:59.076+0000] {subprocess.py:93} INFO -   File "/home/***/.local/lib/python3.12/site-packages/sqlalchemy/engine/base.py", line 96, in __init__
[2026-03-18T06:03:59.076+0000] {subprocess.py:93} INFO -     else engine.raw_connection()
[2026-03-18T06:03:59.076+0000] {subprocess.py:93} INFO -          ^^^^^^^^^^^^^^^^^^^^^^^
[2026-03-18T06:03:59.076+0000] {subprocess.py:93} INFO -   File "/home/***/.local/lib/python3.12/site-packages/sqlalchemy/engine/base.py", line 3404, in raw_connection
[2026-03-18T06:03:59.076+0000] {subprocess.py:93} INFO -     return self._wrap_pool_connect(self.pool.connect, _connection)
[2026-03-18T06:03:59.077+0000] {subprocess.py:93} INFO -            ^^^^^^^^^^^^^^^^^^^^^^^^^^^^^^^^^^^^^^^^^^^^^^^^^^^^^^^
[2026-03-18T06:03:59.077+0000] {subprocess.py:93} INFO -   File "/home/***/.local/lib/python3.12/site-packages/sqlalchemy/engine/base.py", line 3374, in _wrap_pool_connect
[2026-03-18T06:03:59.077+0000] {subprocess.py:93} INFO -     Connection._handle_dbapi_exception_noconnection(
[2026-03-18T06:03:59.077+0000] {subprocess.py:93} INFO -   File "/home/***/.local/lib/python3.12/site-packages/sqlalchemy/engine/base.py", line 2208, in _handle_dbapi_exception_noconnection
[2026-03-18T06:03:59.077+0000] {subprocess.py:93} INFO -     util.raise_(
[2026-03-18T06:03:59.077+0000] {subprocess.py:93} INFO -   File "/home/***/.local/lib/python3.12/site-packages/sqlalchemy/util/compat.py", line 211, in raise_
[2026-03-18T06:03:59.077+0000] {subprocess.py:93} INFO -     raise exception
[2026-03-18T06:03:59.077+0000] {subprocess.py:93} INFO -   File "/home/***/.local/lib/python3.12/site-packages/sqlalchemy/engine/base.py", line 3371, in _wrap_pool_connect
[2026-03-18T06:03:59.077+0000] {subprocess.py:93} INFO -     return fn()
[2026-03-18T06:03:59.077+0000] {subprocess.py:93} INFO -            ^^^^
[2026-03-18T06:03:59.077+0000] {subprocess.py:93} INFO -   File "/home/***/.local/lib/python3.12/site-packages/sqlalchemy/pool/base.py", line 327, in connect
[2026-03-18T06:03:59.077+0000] {subprocess.py:93} INFO -     return _ConnectionFairy._checkout(self)
[2026-03-18T06:03:59.077+0000] {subprocess.py:93} INFO -            ^^^^^^^^^^^^^^^^^^^^^^^^^^^^^^^^
[2026-03-18T06:03:59.077+0000] {subprocess.py:93} INFO -   File "/home/***/.local/lib/python3.12/site-packages/sqlalchemy/pool/base.py", line 894, in _checkout
[2026-03-18T06:03:59.078+0000] {subprocess.py:93} INFO -     fairy = _ConnectionRecord.checkout(pool)
[2026-03-18T06:03:59.078+0000] {subprocess.py:93} INFO -             ^^^^^^^^^^^^^^^^^^^^^^^^^^^^^^^^
[2026-03-18T06:03:59.078+0000] {subprocess.py:93} INFO -   File "/home/***/.local/lib/python3.12/site-packages/sqlalchemy/pool/base.py", line 493, in checkout
[2026-03-18T06:03:59.078+0000] {subprocess.py:93} INFO -     rec = pool._do_get()
[2026-03-18T06:03:59.078+0000] {subprocess.py:93} INFO -           ^^^^^^^^^^^^^^
[2026-03-18T06:03:59.078+0000] {subprocess.py:93} INFO -   File "/home/***/.local/lib/python3.12/site-packages/sqlalchemy/pool/impl.py", line 145, in _do_get
[2026-03-18T06:03:59.078+0000] {subprocess.py:93} INFO -     with util.safe_reraise():
[2026-03-18T06:03:59.078+0000] {subprocess.py:93} INFO -   File "/home/***/.local/lib/python3.12/site-packages/sqlalchemy/util/langhelpers.py", line 70, in __exit__
[2026-03-18T06:03:59.078+0000] {subprocess.py:93} INFO -     compat.raise_(
[2026-03-18T06:03:59.078+0000] {subprocess.py:93} INFO -   File "/home/***/.local/lib/python3.12/site-packages/sqlalchemy/util/compat.py", line 211, in raise_
[2026-03-18T06:03:59.078+0000] {subprocess.py:93} INFO -     raise exception
[2026-03-18T06:03:59.078+0000] {subprocess.py:93} INFO -   File "/home/***/.local/lib/python3.12/site-packages/sqlalchemy/pool/impl.py", line 143, in _do_get
[2026-03-18T06:03:59.079+0000] {subprocess.py:93} INFO -     return self._create_connection()
[2026-03-18T06:03:59.079+0000] {subprocess.py:93} INFO -            ^^^^^^^^^^^^^^^^^^^^^^^^^
[2026-03-18T06:03:59.079+0000] {subprocess.py:93} INFO -   File "/home/***/.local/lib/python3.12/site-packages/sqlalchemy/pool/base.py", line 273, in _create_connection
[2026-03-18T06:03:59.079+0000] {subprocess.py:93} INFO -     return _ConnectionRecord(self)
[2026-03-18T06:03:59.079+0000] {subprocess.py:93} INFO -            ^^^^^^^^^^^^^^^^^^^^^^^
[2026-03-18T06:03:59.079+0000] {subprocess.py:93} INFO -   File "/home/***/.local/lib/python3.12/site-packages/sqlalchemy/pool/base.py", line 388, in __init__
[2026-03-18T06:03:59.079+0000] {subprocess.py:93} INFO -     self.__connect()
[2026-03-18T06:03:59.079+0000] {subprocess.py:93} INFO -   File "/home/***/.local/lib/python3.12/site-packages/sqlalchemy/pool/base.py", line 690, in __connect
[2026-03-18T06:03:59.079+0000] {subprocess.py:93} INFO -     with util.safe_reraise():
[2026-03-18T06:03:59.079+0000] {subprocess.py:93} INFO -   File "/home/***/.local/lib/python3.12/site-packages/sqlalchemy/util/langhelpers.py", line 70, in __exit__
[2026-03-18T06:03:59.080+0000] {subprocess.py:93} INFO -     compat.raise_(
[2026-03-18T06:03:59.080+0000] {subprocess.py:93} INFO -   File "/home/***/.local/lib/python3.12/site-packages/sqlalchemy/util/compat.py", line 211, in raise_
[2026-03-18T06:03:59.080+0000] {subprocess.py:93} INFO -     raise exception
[2026-03-18T06:03:59.080+0000] {subprocess.py:93} INFO -   File "/home/***/.local/lib/python3.12/site-packages/sqlalchemy/pool/base.py", line 686, in __connect
[2026-03-18T06:03:59.080+0000] {subprocess.py:93} INFO -     self.dbapi_connection = connection = pool._invoke_creator(self)
[2026-03-18T06:03:59.080+0000] {subprocess.py:93} INFO -                                          ^^^^^^^^^^^^^^^^^^^^^^^^^^
[2026-03-18T06:03:59.080+0000] {subprocess.py:93} INFO -   File "/home/***/.local/lib/python3.12/site-packages/sqlalchemy/engine/create.py", line 574, in connect
[2026-03-18T06:03:59.080+0000] {subprocess.py:93} INFO -     return dialect.connect(*cargs, **cparams)
[2026-03-18T06:03:59.080+0000] {subprocess.py:93} INFO -            ^^^^^^^^^^^^^^^^^^^^^^^^^^^^^^^^^^
[2026-03-18T06:03:59.081+0000] {subprocess.py:93} INFO -   File "/home/***/.local/lib/python3.12/site-packages/sqlalchemy/engine/default.py", line 598, in connect
[2026-03-18T06:03:59.081+0000] {subprocess.py:93} INFO -     return self.dbapi.connect(*cargs, **cparams)
[2026-03-18T06:03:59.081+0000] {subprocess.py:93} INFO -            ^^^^^^^^^^^^^^^^^^^^^^^^^^^^^^^^^^^^^
[2026-03-18T06:03:59.081+0000] {subprocess.py:93} INFO -   File "/home/***/.local/lib/python3.12/site-packages/psycopg2/__init__.py", line 122, in connect
[2026-03-18T06:03:59.081+0000] {subprocess.py:93} INFO -     conn = _connect(dsn, connection_factory=connection_factory, **kwasync)
[2026-03-18T06:03:59.081+0000] {subprocess.py:93} INFO -            ^^^^^^^^^^^^^^^^^^^^^^^^^^^^^^^^^^^^^^^^^^^^^^^^^^^^^^^^^^^^^^^
[2026-03-18T06:03:59.081+0000] {subprocess.py:93} INFO - sqlalchemy.exc.OperationalError: (psycopg2.OperationalError) connection to server at "localhost" (::1), port 5432 failed: Connection refused
[2026-03-18T06:03:59.081+0000] {subprocess.py:93} INFO - 	Is the server running on that host and accepting TCP/IP connections?
[2026-03-18T06:03:59.081+0000] {subprocess.py:93} INFO - connection to server at "localhost" (127.0.0.1), port 5432 failed: Connection refused
[2026-03-18T06:03:59.081+0000] {subprocess.py:93} INFO - 	Is the server running on that host and accepting TCP/IP connections?
[2026-03-18T06:03:59.082+0000] {subprocess.py:93} INFO - 
[2026-03-18T06:03:59.082+0000] {subprocess.py:93} INFO - (Background on this error at: https://sqlalche.me/e/14/e3q8)
[2026-03-18T06:03:59.155+0000] {subprocess.py:97} INFO - Command exited with return code 1
[2026-03-18T06:03:59.155+0000] {taskinstance.py:441} INFO - ::group::Post task execution logs
[2026-03-18T06:03:59.162+0000] {taskinstance.py:2905} ERROR - Task failed with exception
Traceback (most recent call last):
  File "/home/airflow/.local/lib/python3.12/site-packages/airflow/models/taskinstance.py", line 465, in _execute_task
    result = _execute_callable(context=context, **execute_callable_kwargs)
             ^^^^^^^^^^^^^^^^^^^^^^^^^^^^^^^^^^^^^^^^^^^^^^^^^^^^^^^^^^^^^
  File "/home/airflow/.local/lib/python3.12/site-packages/airflow/models/taskinstance.py", line 432, in _execute_callable
    return execute_callable(context=context, **execute_callable_kwargs)
           ^^^^^^^^^^^^^^^^^^^^^^^^^^^^^^^^^^^^^^^^^^^^^^^^^^^^^^^^^^^^
  File "/home/airflow/.local/lib/python3.12/site-packages/airflow/models/baseoperator.py", line 400, in wrapper
    return func(self, *args, **kwargs)
           ^^^^^^^^^^^^^^^^^^^^^^^^^^^
  File "/home/airflow/.local/lib/python3.12/site-packages/airflow/operators/bash.py", line 243, in execute
    raise AirflowException(
airflow.exceptions.AirflowException: Bash command failed. The command returned a non-zero exit code 1.
[2026-03-18T06:03:59.166+0000] {taskinstance.py:1206} INFO - Marking task as FAILED. dag_id=crypto_pipeline, task_id=load_data, run_id=manual__2026-03-18T05:58:51.563634+00:00, execution_date=20260318T055851, start_date=20260318T060357, end_date=20260318T060359
[2026-03-18T06:03:59.173+0000] {standard_task_runner.py:110} ERROR - Failed to execute job 30 for task load_data (Bash command failed. The command returned a non-zero exit code 1.; 274)
[2026-03-18T06:03:59.182+0000] {local_task_job_runner.py:240} INFO - Task exited with return code 1
[2026-03-18T06:03:59.195+0000] {taskinstance.py:3498} INFO - 0 downstream tasks scheduled from follow-on schedule check
[2026-03-18T06:03:59.197+0000] {local_task_job_runner.py:222} INFO - ::endgroup::
