[2026-03-18T20:08:50.918+0000] {local_task_job_runner.py:120} INFO - ::group::Pre task execution logs
[2026-03-18T20:08:50.955+0000] {taskinstance.py:2076} INFO - Dependencies all met for dep_context=non-requeueable deps ti=<TaskInstance: crypto_pipeline.load_data scheduled__2026-03-18T20:07:00+00:00 [queued]>
[2026-03-18T20:08:50.964+0000] {taskinstance.py:2076} INFO - Dependencies all met for dep_context=requeueable deps ti=<TaskInstance: crypto_pipeline.load_data scheduled__2026-03-18T20:07:00+00:00 [queued]>
[2026-03-18T20:08:50.964+0000] {taskinstance.py:2306} INFO - Starting attempt 1 of 2
[2026-03-18T20:08:50.979+0000] {taskinstance.py:2330} INFO - Executing <Task(BashOperator): load_data> on 2026-03-18 20:07:00+00:00
[2026-03-18T20:08:51.003+0000] {warnings.py:110} WARNING - /home/***/.local/lib/python3.12/site-packages/***/task/task_runner/standard_task_runner.py:61: DeprecationWarning: This process (pid=8727) is multi-threaded, use of fork() may lead to deadlocks in the child.
  pid = os.fork()

[2026-03-18T20:08:51.009+0000] {standard_task_runner.py:63} INFO - Started process 8732 to run task
[2026-03-18T20:08:51.004+0000] {standard_task_runner.py:90} INFO - Running: ['***', 'tasks', 'run', 'crypto_pipeline', 'load_data', 'scheduled__2026-03-18T20:07:00+00:00', '--job-id', '1149', '--raw', '--subdir', 'DAGS_FOLDER/crypto_pipeline_dag.py', '--cfg-path', '/tmp/tmpfcn696fz']
[2026-03-18T20:08:51.016+0000] {standard_task_runner.py:91} INFO - Job 1149: Subtask load_data
[2026-03-18T20:08:51.090+0000] {task_command.py:426} INFO - Running <TaskInstance: crypto_pipeline.load_data scheduled__2026-03-18T20:07:00+00:00 [running]> on host 70adc5a0e7fa
[2026-03-18T20:08:51.193+0000] {taskinstance.py:2648} INFO - Exporting env vars: AIRFLOW_CTX_DAG_OWNER='anish' AIRFLOW_CTX_DAG_ID='crypto_pipeline' AIRFLOW_CTX_TASK_ID='load_data' AIRFLOW_CTX_EXECUTION_DATE='2026-03-18T20:07:00+00:00' AIRFLOW_CTX_TRY_NUMBER='1' AIRFLOW_CTX_DAG_RUN_ID='scheduled__2026-03-18T20:07:00+00:00'
[2026-03-18T20:08:51.198+0000] {taskinstance.py:430} INFO - ::endgroup::
[2026-03-18T20:08:51.201+0000] {subprocess.py:63} INFO - Tmp dir root location: /tmp
[2026-03-18T20:08:51.202+0000] {subprocess.py:75} INFO - Running command: ['/usr/bin/bash', '-c', 'python3 /opt/***/scripts/load_to_db.py']
[2026-03-18T20:08:51.216+0000] {subprocess.py:86} INFO - Output:
[2026-03-18T20:08:51.528+0000] {subprocess.py:93} INFO - /opt/***/scripts/load_to_db.py:27: DeprecationWarning: datetime.datetime.utcnow() is deprecated and scheduled for removal in a future version. Use timezone-aware objects to represent datetimes in UTC: datetime.datetime.now(datetime.UTC).
[2026-03-18T20:08:51.530+0000] {subprocess.py:93} INFO -   now = datetime.utcnow()
[2026-03-18T20:08:51.533+0000] {subprocess.py:93} INFO - ✅ Data loaded into database
[2026-03-18T20:08:51.546+0000] {subprocess.py:97} INFO - Command exited with return code 0
[2026-03-18T20:08:51.548+0000] {taskinstance.py:441} INFO - ::group::Post task execution logs
[2026-03-18T20:08:51.583+0000] {taskinstance.py:1206} INFO - Marking task as SUCCESS. dag_id=crypto_pipeline, task_id=load_data, run_id=scheduled__2026-03-18T20:07:00+00:00, execution_date=20260318T200700, start_date=20260318T200850, end_date=20260318T200851
[2026-03-18T20:08:51.611+0000] {local_task_job_runner.py:240} INFO - Task exited with return code 0
[2026-03-18T20:08:51.646+0000] {taskinstance.py:3498} INFO - 1 downstream tasks scheduled from follow-on schedule check
[2026-03-18T20:08:51.648+0000] {local_task_job_runner.py:222} INFO - ::endgroup::
