[2026-03-18T13:22:01.168+0000] {local_task_job_runner.py:120} INFO - ::group::Pre task execution logs
[2026-03-18T13:22:01.185+0000] {taskinstance.py:2076} INFO - Dependencies all met for dep_context=non-requeueable deps ti=<TaskInstance: crypto_pipeline.fetch_data scheduled__2026-03-18T13:21:00+00:00 [queued]>
[2026-03-18T13:22:01.189+0000] {taskinstance.py:2076} INFO - Dependencies all met for dep_context=requeueable deps ti=<TaskInstance: crypto_pipeline.fetch_data scheduled__2026-03-18T13:21:00+00:00 [queued]>
[2026-03-18T13:22:01.189+0000] {taskinstance.py:2306} INFO - Starting attempt 1 of 2
[2026-03-18T13:22:01.199+0000] {taskinstance.py:2330} INFO - Executing <Task(BashOperator): fetch_data> on 2026-03-18 13:21:00+00:00
[2026-03-18T13:22:01.207+0000] {warnings.py:110} WARNING - /home/***/.local/lib/python3.12/site-packages/***/task/task_runner/standard_task_runner.py:61: DeprecationWarning: This process (pid=2610) is multi-threaded, use of fork() may lead to deadlocks in the child.
  pid = os.fork()

[2026-03-18T13:22:01.209+0000] {standard_task_runner.py:63} INFO - Started process 2612 to run task
[2026-03-18T13:22:01.210+0000] {standard_task_runner.py:90} INFO - Running: ['***', 'tasks', 'run', 'crypto_pipeline', 'fetch_data', 'scheduled__2026-03-18T13:21:00+00:00', '--job-id', '423', '--raw', '--subdir', 'DAGS_FOLDER/crypto_pipeline_dag.py', '--cfg-path', '/tmp/tmplincet3o']
[2026-03-18T13:22:01.214+0000] {standard_task_runner.py:91} INFO - Job 423: Subtask fetch_data
[2026-03-18T13:22:01.244+0000] {task_command.py:426} INFO - Running <TaskInstance: crypto_pipeline.fetch_data scheduled__2026-03-18T13:21:00+00:00 [running]> on host 70adc5a0e7fa
[2026-03-18T13:22:01.337+0000] {taskinstance.py:2648} INFO - Exporting env vars: AIRFLOW_CTX_DAG_OWNER='anish' AIRFLOW_CTX_DAG_ID='crypto_pipeline' AIRFLOW_CTX_TASK_ID='fetch_data' AIRFLOW_CTX_EXECUTION_DATE='2026-03-18T13:21:00+00:00' AIRFLOW_CTX_TRY_NUMBER='1' AIRFLOW_CTX_DAG_RUN_ID='scheduled__2026-03-18T13:21:00+00:00'
[2026-03-18T13:22:01.339+0000] {taskinstance.py:430} INFO - ::endgroup::
[2026-03-18T13:22:01.340+0000] {subprocess.py:63} INFO - Tmp dir root location: /tmp
[2026-03-18T13:22:01.341+0000] {subprocess.py:75} INFO - Running command: ['/usr/bin/bash', '-c', 'python3 /opt/***/scripts/fetch_crypto.py']
[2026-03-18T13:22:01.346+0000] {subprocess.py:86} INFO - Output:
[2026-03-18T13:22:02.155+0000] {subprocess.py:93} INFO - Fetching crypto data...
[2026-03-18T13:22:02.159+0000] {subprocess.py:93} INFO - ✅ Data saved: {'bitcoin': {'usd': 72361}, 'ethereum': {'usd': 2233.37}}
[2026-03-18T13:22:02.243+0000] {subprocess.py:97} INFO - Command exited with return code 0
[2026-03-18T13:22:02.246+0000] {taskinstance.py:441} INFO - ::group::Post task execution logs
[2026-03-18T13:22:02.288+0000] {taskinstance.py:1206} INFO - Marking task as SUCCESS. dag_id=crypto_pipeline, task_id=fetch_data, run_id=scheduled__2026-03-18T13:21:00+00:00, execution_date=20260318T132100, start_date=20260318T132201, end_date=20260318T132202
[2026-03-18T13:22:02.327+0000] {local_task_job_runner.py:240} INFO - Task exited with return code 0
[2026-03-18T13:22:02.363+0000] {taskinstance.py:3498} INFO - 1 downstream tasks scheduled from follow-on schedule check
[2026-03-18T13:22:02.364+0000] {local_task_job_runner.py:222} INFO - ::endgroup::
