[2026-03-18T11:10:03.965+0000] {local_task_job_runner.py:120} INFO - ::group::Pre task execution logs
[2026-03-18T11:10:03.976+0000] {taskinstance.py:2076} INFO - Dependencies all met for dep_context=non-requeueable deps ti=<TaskInstance: crypto_pipeline.load_data scheduled__2026-03-18T11:05:00+00:00 [queued]>
[2026-03-18T11:10:03.979+0000] {taskinstance.py:2076} INFO - Dependencies all met for dep_context=requeueable deps ti=<TaskInstance: crypto_pipeline.load_data scheduled__2026-03-18T11:05:00+00:00 [queued]>
[2026-03-18T11:10:03.980+0000] {taskinstance.py:2306} INFO - Starting attempt 1 of 2
[2026-03-18T11:10:03.985+0000] {taskinstance.py:2330} INFO - Executing <Task(BashOperator): load_data> on 2026-03-18 11:05:00+00:00
[2026-03-18T11:10:03.989+0000] {warnings.py:110} WARNING - /home/***/.local/lib/python3.12/site-packages/***/task/task_runner/standard_task_runner.py:61: DeprecationWarning: This process (pid=609) is multi-threaded, use of fork() may lead to deadlocks in the child.
  pid = os.fork()

[2026-03-18T11:10:03.990+0000] {standard_task_runner.py:63} INFO - Started process 611 to run task
[2026-03-18T11:10:03.990+0000] {standard_task_runner.py:90} INFO - Running: ['***', 'tasks', 'run', 'crypto_pipeline', 'load_data', 'scheduled__2026-03-18T11:05:00+00:00', '--job-id', '144', '--raw', '--subdir', 'DAGS_FOLDER/crypto_pipeline_dag.py', '--cfg-path', '/tmp/tmpdvssnyv9']
[2026-03-18T11:10:03.993+0000] {standard_task_runner.py:91} INFO - Job 144: Subtask load_data
[2026-03-18T11:10:04.021+0000] {task_command.py:426} INFO - Running <TaskInstance: crypto_pipeline.load_data scheduled__2026-03-18T11:05:00+00:00 [running]> on host f0b92a5e8d09
[2026-03-18T11:10:04.073+0000] {taskinstance.py:2648} INFO - Exporting env vars: AIRFLOW_CTX_DAG_OWNER='anish' AIRFLOW_CTX_DAG_ID='crypto_pipeline' AIRFLOW_CTX_TASK_ID='load_data' AIRFLOW_CTX_EXECUTION_DATE='2026-03-18T11:05:00+00:00' AIRFLOW_CTX_TRY_NUMBER='1' AIRFLOW_CTX_DAG_RUN_ID='scheduled__2026-03-18T11:05:00+00:00'
[2026-03-18T11:10:04.075+0000] {taskinstance.py:430} INFO - ::endgroup::
[2026-03-18T11:10:04.075+0000] {subprocess.py:63} INFO - Tmp dir root location: /tmp
[2026-03-18T11:10:04.076+0000] {subprocess.py:75} INFO - Running command: ['/usr/bin/bash', '-c', 'python3 /opt/***/scripts/load_to_db.py']
[2026-03-18T11:10:04.081+0000] {subprocess.py:86} INFO - Output:
[2026-03-18T11:10:04.761+0000] {subprocess.py:93} INFO - /opt/***/scripts/load_to_db.py:19: DeprecationWarning: datetime.datetime.utcnow() is deprecated and scheduled for removal in a future version. Use timezone-aware objects to represent datetimes in UTC: datetime.datetime.now(datetime.UTC).
[2026-03-18T11:10:04.766+0000] {subprocess.py:93} INFO -   df["processed_at"] = datetime.utcnow()
[2026-03-18T11:10:04.788+0000] {subprocess.py:93} INFO - Traceback (most recent call last):
[2026-03-18T11:10:04.788+0000] {subprocess.py:93} INFO -   File "/home/***/.local/lib/python3.12/site-packages/sqlalchemy/engine/base.py", line 1890, in _execute_context
[2026-03-18T11:10:04.790+0000] {subprocess.py:93} INFO -     self.dialect.do_executemany(
[2026-03-18T11:10:04.790+0000] {subprocess.py:93} INFO -   File "/home/***/.local/lib/python3.12/site-packages/sqlalchemy/dialects/postgresql/psycopg2.py", line 982, in do_executemany
[2026-03-18T11:10:04.790+0000] {subprocess.py:93} INFO -     context._psycopg2_fetched_rows = xtras.execute_values(
[2026-03-18T11:10:04.790+0000] {subprocess.py:93} INFO -                                      ^^^^^^^^^^^^^^^^^^^^^
[2026-03-18T11:10:04.791+0000] {subprocess.py:93} INFO -   File "/home/***/.local/lib/python3.12/site-packages/psycopg2/extras.py", line 1299, in execute_values
[2026-03-18T11:10:04.791+0000] {subprocess.py:93} INFO -     cur.execute(b''.join(parts))
[2026-03-18T11:10:04.791+0000] {subprocess.py:93} INFO - psycopg2.errors.UndefinedColumn: column "processed_at" of relation "crypto_raw" does not exist
[2026-03-18T11:10:04.791+0000] {subprocess.py:93} INFO - LINE 1: INSERT INTO crypto_raw (coin, price_usd, processed_at) VALUE...
[2026-03-18T11:10:04.791+0000] {subprocess.py:93} INFO -                                                  ^
[2026-03-18T11:10:04.791+0000] {subprocess.py:93} INFO - 
[2026-03-18T11:10:04.791+0000] {subprocess.py:93} INFO - 
[2026-03-18T11:10:04.792+0000] {subprocess.py:93} INFO - The above exception was the direct cause of the following exception:
[2026-03-18T11:10:04.792+0000] {subprocess.py:93} INFO - 
[2026-03-18T11:10:04.792+0000] {subprocess.py:93} INFO - Traceback (most recent call last):
[2026-03-18T11:10:04.792+0000] {subprocess.py:93} INFO -   File "/opt/***/scripts/load_to_db.py", line 25, in <module>
[2026-03-18T11:10:04.792+0000] {subprocess.py:93} INFO -     df.to_sql("crypto_raw", engine, if_exists="append", index=False)
[2026-03-18T11:10:04.793+0000] {subprocess.py:93} INFO -   File "/home/***/.local/lib/python3.12/site-packages/pandas/util/_decorators.py", line 333, in wrapper
[2026-03-18T11:10:04.793+0000] {subprocess.py:93} INFO -     return func(*args, **kwargs)
[2026-03-18T11:10:04.793+0000] {subprocess.py:93} INFO -            ^^^^^^^^^^^^^^^^^^^^^
[2026-03-18T11:10:04.793+0000] {subprocess.py:93} INFO -   File "/home/***/.local/lib/python3.12/site-packages/pandas/core/generic.py", line 3008, in to_sql
[2026-03-18T11:10:04.793+0000] {subprocess.py:93} INFO -     return sql.to_sql(
[2026-03-18T11:10:04.793+0000] {subprocess.py:93} INFO -            ^^^^^^^^^^^
[2026-03-18T11:10:04.793+0000] {subprocess.py:93} INFO -   File "/home/***/.local/lib/python3.12/site-packages/pandas/io/sql.py", line 788, in to_sql
[2026-03-18T11:10:04.794+0000] {subprocess.py:93} INFO -     return pandas_sql.to_sql(
[2026-03-18T11:10:04.794+0000] {subprocess.py:93} INFO -            ^^^^^^^^^^^^^^^^^^
[2026-03-18T11:10:04.795+0000] {subprocess.py:93} INFO -   File "/home/***/.local/lib/python3.12/site-packages/pandas/io/sql.py", line 1958, in to_sql
[2026-03-18T11:10:04.795+0000] {subprocess.py:93} INFO -     total_inserted = sql_engine.insert_records(
[2026-03-18T11:10:04.799+0000] {subprocess.py:93} INFO -                      ^^^^^^^^^^^^^^^^^^^^^^^^^^
[2026-03-18T11:10:04.800+0000] {subprocess.py:93} INFO -   File "/home/***/.local/lib/python3.12/site-packages/pandas/io/sql.py", line 1507, in insert_records
[2026-03-18T11:10:04.803+0000] {subprocess.py:93} INFO -     raise err
[2026-03-18T11:10:04.804+0000] {subprocess.py:93} INFO -   File "/home/***/.local/lib/python3.12/site-packages/pandas/io/sql.py", line 1498, in insert_records
[2026-03-18T11:10:04.804+0000] {subprocess.py:93} INFO -     return table.insert(chunksize=chunksize, method=method)
[2026-03-18T11:10:04.804+0000] {subprocess.py:93} INFO -            ^^^^^^^^^^^^^^^^^^^^^^^^^^^^^^^^^^^^^^^^^^^^^^^^
[2026-03-18T11:10:04.804+0000] {subprocess.py:93} INFO -   File "/home/***/.local/lib/python3.12/site-packages/pandas/io/sql.py", line 1059, in insert
[2026-03-18T11:10:04.804+0000] {subprocess.py:93} INFO -     num_inserted = exec_insert(conn, keys, chunk_iter)
[2026-03-18T11:10:04.804+0000] {subprocess.py:93} INFO -                    ^^^^^^^^^^^^^^^^^^^^^^^^^^^^^^^^^^^
[2026-03-18T11:10:04.804+0000] {subprocess.py:93} INFO -   File "/home/***/.local/lib/python3.12/site-packages/pandas/io/sql.py", line 951, in _execute_insert
[2026-03-18T11:10:04.804+0000] {subprocess.py:93} INFO -     result = conn.execute(self.table.insert(), data)
[2026-03-18T11:10:04.804+0000] {subprocess.py:93} INFO -              ^^^^^^^^^^^^^^^^^^^^^^^^^^^^^^^^^^^^^^^
[2026-03-18T11:10:04.804+0000] {subprocess.py:93} INFO -   File "/home/***/.local/lib/python3.12/site-packages/sqlalchemy/engine/base.py", line 1385, in execute
[2026-03-18T11:10:04.805+0000] {subprocess.py:93} INFO -     return meth(self, multiparams, params, _EMPTY_EXECUTION_OPTS)
[2026-03-18T11:10:04.805+0000] {subprocess.py:93} INFO -            ^^^^^^^^^^^^^^^^^^^^^^^^^^^^^^^^^^^^^^^^^^^^^^^^^^^^^^
[2026-03-18T11:10:04.805+0000] {subprocess.py:93} INFO -   File "/home/***/.local/lib/python3.12/site-packages/sqlalchemy/sql/elements.py", line 334, in _execute_on_connection
[2026-03-18T11:10:04.805+0000] {subprocess.py:93} INFO -     return connection._execute_clauseelement(
[2026-03-18T11:10:04.805+0000] {subprocess.py:93} INFO -            ^^^^^^^^^^^^^^^^^^^^^^^^^^^^^^^^^^
[2026-03-18T11:10:04.805+0000] {subprocess.py:93} INFO -   File "/home/***/.local/lib/python3.12/site-packages/sqlalchemy/engine/base.py", line 1577, in _execute_clauseelement
[2026-03-18T11:10:04.805+0000] {subprocess.py:93} INFO -     ret = self._execute_context(
[2026-03-18T11:10:04.805+0000] {subprocess.py:93} INFO -           ^^^^^^^^^^^^^^^^^^^^^^
[2026-03-18T11:10:04.805+0000] {subprocess.py:93} INFO -   File "/home/***/.local/lib/python3.12/site-packages/sqlalchemy/engine/base.py", line 1953, in _execute_context
[2026-03-18T11:10:04.805+0000] {subprocess.py:93} INFO -     self._handle_dbapi_exception(
[2026-03-18T11:10:04.805+0000] {subprocess.py:93} INFO -   File "/home/***/.local/lib/python3.12/site-packages/sqlalchemy/engine/base.py", line 2134, in _handle_dbapi_exception
[2026-03-18T11:10:04.805+0000] {subprocess.py:93} INFO -     util.raise_(
[2026-03-18T11:10:04.805+0000] {subprocess.py:93} INFO -   File "/home/***/.local/lib/python3.12/site-packages/sqlalchemy/util/compat.py", line 211, in raise_
[2026-03-18T11:10:04.806+0000] {subprocess.py:93} INFO -     raise exception
[2026-03-18T11:10:04.806+0000] {subprocess.py:93} INFO -   File "/home/***/.local/lib/python3.12/site-packages/sqlalchemy/engine/base.py", line 1890, in _execute_context
[2026-03-18T11:10:04.806+0000] {subprocess.py:93} INFO -     self.dialect.do_executemany(
[2026-03-18T11:10:04.806+0000] {subprocess.py:93} INFO -   File "/home/***/.local/lib/python3.12/site-packages/sqlalchemy/dialects/postgresql/psycopg2.py", line 982, in do_executemany
[2026-03-18T11:10:04.806+0000] {subprocess.py:93} INFO -     context._psycopg2_fetched_rows = xtras.execute_values(
[2026-03-18T11:10:04.806+0000] {subprocess.py:93} INFO -                                      ^^^^^^^^^^^^^^^^^^^^^
[2026-03-18T11:10:04.806+0000] {subprocess.py:93} INFO -   File "/home/***/.local/lib/python3.12/site-packages/psycopg2/extras.py", line 1299, in execute_values
[2026-03-18T11:10:04.806+0000] {subprocess.py:93} INFO -     cur.execute(b''.join(parts))
[2026-03-18T11:10:04.806+0000] {subprocess.py:93} INFO - sqlalchemy.exc.ProgrammingError: (psycopg2.errors.UndefinedColumn) column "processed_at" of relation "crypto_raw" does not exist
[2026-03-18T11:10:04.806+0000] {subprocess.py:93} INFO - LINE 1: INSERT INTO crypto_raw (coin, price_usd, processed_at) VALUE...
[2026-03-18T11:10:04.807+0000] {subprocess.py:93} INFO -                                                  ^
[2026-03-18T11:10:04.807+0000] {subprocess.py:93} INFO - 
[2026-03-18T11:10:04.807+0000] {subprocess.py:93} INFO - [SQL: INSERT INTO crypto_raw (coin, price_usd, processed_at) VALUES (%(coin)s, %(price_usd)s, %(processed_at)s)]
[2026-03-18T11:10:04.807+0000] {subprocess.py:93} INFO - [parameters: ({'coin': 'bitcoin', 'price_usd': 73843.0, 'processed_at': datetime.datetime(2026, 3, 18, 11, 10, 4, 761394)}, {'coin': 'ethereum', 'price_usd': 2308.59, 'processed_at': datetime.datetime(2026, 3, 18, 11, 10, 4, 761394)})]
[2026-03-18T11:10:04.807+0000] {subprocess.py:93} INFO - (Background on this error at: https://sqlalche.me/e/14/f405)
[2026-03-18T11:10:04.853+0000] {subprocess.py:97} INFO - Command exited with return code 1
[2026-03-18T11:10:04.854+0000] {taskinstance.py:441} INFO - ::group::Post task execution logs
[2026-03-18T11:10:04.860+0000] {taskinstance.py:2905} ERROR - Task failed with exception
Traceback (most recent call last):
  File "/home/airflow/.local/lib/python3.12/site-packages/airflow/models/taskinstance.py", line 465, in _execute_task
    result = _execute_callable(context=context, **execute_callable_kwargs)
             ^^^^^^^^^^^^^^^^^^^^^^^^^^^^^^^^^^^^^^^^^^^^^^^^^^^^^^^^^^^^^
  File "/home/airflow/.local/lib/python3.12/site-packages/airflow/models/taskinstance.py", line 432, in _execute_callable
    return execute_callable(context=context, **execute_callable_kwargs)
           ^^^^^^^^^^^^^^^^^^^^^^^^^^^^^^^^^^^^^^^^^^^^^^^^^^^^^^^^^^^^
  File "/home/airflow/.local/lib/python3.12/site-packages/airflow/models/baseoperator.py", line 400, in wrapper
    return func(self, *args, **kwargs)
           ^^^^^^^^^^^^^^^^^^^^^^^^^^^
  File "/home/airflow/.local/lib/python3.12/site-packages/airflow/operators/bash.py", line 243, in execute
    raise AirflowException(
airflow.exceptions.AirflowException: Bash command failed. The command returned a non-zero exit code 1.
[2026-03-18T11:10:04.864+0000] {taskinstance.py:1206} INFO - Marking task as UP_FOR_RETRY. dag_id=crypto_pipeline, task_id=load_data, run_id=scheduled__2026-03-18T11:05:00+00:00, execution_date=20260318T110500, start_date=20260318T111003, end_date=20260318T111004
[2026-03-18T11:10:04.875+0000] {standard_task_runner.py:110} ERROR - Failed to execute job 144 for task load_data (Bash command failed. The command returned a non-zero exit code 1.; 611)
[2026-03-18T11:10:04.890+0000] {local_task_job_runner.py:240} INFO - Task exited with return code 1
[2026-03-18T11:10:04.904+0000] {taskinstance.py:3498} INFO - 0 downstream tasks scheduled from follow-on schedule check
[2026-03-18T11:10:04.905+0000] {local_task_job_runner.py:222} INFO - ::endgroup::
