[2026-03-19T06:18:44.549+0000] {local_task_job_runner.py:120} INFO - ::group::Pre task execution logs
[2026-03-19T06:18:44.564+0000] {taskinstance.py:2076} INFO - Dependencies all met for dep_context=non-requeueable deps ti=<TaskInstance: crypto_pipeline.load_data scheduled__2026-03-19T05:18:00+00:00 [queued]>
[2026-03-19T06:18:44.570+0000] {taskinstance.py:2076} INFO - Dependencies all met for dep_context=requeueable deps ti=<TaskInstance: crypto_pipeline.load_data scheduled__2026-03-19T05:18:00+00:00 [queued]>
[2026-03-19T06:18:44.570+0000] {taskinstance.py:2306} INFO - Starting attempt 1 of 2
[2026-03-19T06:18:44.598+0000] {taskinstance.py:2330} INFO - Executing <Task(BashOperator): load_data> on 2026-03-19 05:18:00+00:00
[2026-03-19T06:18:44.623+0000] {warnings.py:110} WARNING - /home/***/.local/lib/python3.12/site-packages/***/task/task_runner/standard_task_runner.py:61: DeprecationWarning: This process (pid=9405) is multi-threaded, use of fork() may lead to deadlocks in the child.
  pid = os.fork()

[2026-03-19T06:18:44.630+0000] {standard_task_runner.py:63} INFO - Started process 9408 to run task
[2026-03-19T06:18:44.626+0000] {standard_task_runner.py:90} INFO - Running: ['***', 'tasks', 'run', 'crypto_pipeline', 'load_data', 'scheduled__2026-03-19T05:18:00+00:00', '--job-id', '1282', '--raw', '--subdir', 'DAGS_FOLDER/crypto_pipeline_dag.py', '--cfg-path', '/tmp/tmpflez6xhv']
[2026-03-19T06:18:44.634+0000] {standard_task_runner.py:91} INFO - Job 1282: Subtask load_data
[2026-03-19T06:18:44.697+0000] {task_command.py:426} INFO - Running <TaskInstance: crypto_pipeline.load_data scheduled__2026-03-19T05:18:00+00:00 [running]> on host 70adc5a0e7fa
[2026-03-19T06:18:44.770+0000] {taskinstance.py:2648} INFO - Exporting env vars: AIRFLOW_CTX_DAG_OWNER='anish' AIRFLOW_CTX_DAG_ID='crypto_pipeline' AIRFLOW_CTX_TASK_ID='load_data' AIRFLOW_CTX_EXECUTION_DATE='2026-03-19T05:18:00+00:00' AIRFLOW_CTX_TRY_NUMBER='1' AIRFLOW_CTX_DAG_RUN_ID='scheduled__2026-03-19T05:18:00+00:00'
[2026-03-19T06:18:44.773+0000] {taskinstance.py:430} INFO - ::endgroup::
[2026-03-19T06:18:44.774+0000] {subprocess.py:63} INFO - Tmp dir root location: /tmp
[2026-03-19T06:18:44.775+0000] {subprocess.py:75} INFO - Running command: ['/usr/bin/bash', '-c', 'python3 /opt/***/scripts/load_to_db.py']
[2026-03-19T06:18:44.785+0000] {subprocess.py:86} INFO - Output:
[2026-03-19T06:18:44.939+0000] {subprocess.py:93} INFO - /opt/***/scripts/load_to_db.py:27: DeprecationWarning: datetime.datetime.utcnow() is deprecated and scheduled for removal in a future version. Use timezone-aware objects to represent datetimes in UTC: datetime.datetime.now(datetime.UTC).
[2026-03-19T06:18:44.940+0000] {subprocess.py:93} INFO -   now = datetime.utcnow()
[2026-03-19T06:18:44.941+0000] {subprocess.py:93} INFO - ✅ Data loaded into database
[2026-03-19T06:18:44.949+0000] {subprocess.py:97} INFO - Command exited with return code 0
[2026-03-19T06:18:44.950+0000] {taskinstance.py:441} INFO - ::group::Post task execution logs
[2026-03-19T06:18:44.975+0000] {taskinstance.py:1206} INFO - Marking task as SUCCESS. dag_id=crypto_pipeline, task_id=load_data, run_id=scheduled__2026-03-19T05:18:00+00:00, execution_date=20260319T051800, start_date=20260319T061844, end_date=20260319T061844
[2026-03-19T06:18:45.026+0000] {local_task_job_runner.py:240} INFO - Task exited with return code 0
[2026-03-19T06:18:45.054+0000] {taskinstance.py:3498} INFO - 1 downstream tasks scheduled from follow-on schedule check
[2026-03-19T06:18:45.055+0000] {local_task_job_runner.py:222} INFO - ::endgroup::
