[2026-03-18T23:49:09.238+0000] {local_task_job_runner.py:120} INFO - ::group::Pre task execution logs
[2026-03-18T23:49:09.251+0000] {taskinstance.py:2076} INFO - Dependencies all met for dep_context=non-requeueable deps ti=<TaskInstance: crypto_pipeline.load_data scheduled__2026-03-18T23:48:00+00:00 [queued]>
[2026-03-18T23:49:09.254+0000] {taskinstance.py:2076} INFO - Dependencies all met for dep_context=requeueable deps ti=<TaskInstance: crypto_pipeline.load_data scheduled__2026-03-18T23:48:00+00:00 [queued]>
[2026-03-18T23:49:09.254+0000] {taskinstance.py:2306} INFO - Starting attempt 1 of 2
[2026-03-18T23:49:09.259+0000] {taskinstance.py:2330} INFO - Executing <Task(BashOperator): load_data> on 2026-03-18 23:48:00+00:00
[2026-03-18T23:49:09.264+0000] {warnings.py:110} WARNING - /home/***/.local/lib/python3.12/site-packages/***/task/task_runner/standard_task_runner.py:61: DeprecationWarning: This process (pid=8971) is multi-threaded, use of fork() may lead to deadlocks in the child.
  pid = os.fork()

[2026-03-18T23:49:09.267+0000] {standard_task_runner.py:63} INFO - Started process 8973 to run task
[2026-03-18T23:49:09.268+0000] {standard_task_runner.py:90} INFO - Running: ['***', 'tasks', 'run', 'crypto_pipeline', 'load_data', 'scheduled__2026-03-18T23:48:00+00:00', '--job-id', '1195', '--raw', '--subdir', 'DAGS_FOLDER/crypto_pipeline_dag.py', '--cfg-path', '/tmp/tmpb815f_z4']
[2026-03-18T23:49:09.270+0000] {standard_task_runner.py:91} INFO - Job 1195: Subtask load_data
[2026-03-18T23:49:09.318+0000] {task_command.py:426} INFO - Running <TaskInstance: crypto_pipeline.load_data scheduled__2026-03-18T23:48:00+00:00 [running]> on host 70adc5a0e7fa
[2026-03-18T23:49:09.369+0000] {taskinstance.py:2648} INFO - Exporting env vars: AIRFLOW_CTX_DAG_OWNER='anish' AIRFLOW_CTX_DAG_ID='crypto_pipeline' AIRFLOW_CTX_TASK_ID='load_data' AIRFLOW_CTX_EXECUTION_DATE='2026-03-18T23:48:00+00:00' AIRFLOW_CTX_TRY_NUMBER='1' AIRFLOW_CTX_DAG_RUN_ID='scheduled__2026-03-18T23:48:00+00:00'
[2026-03-18T23:49:09.370+0000] {taskinstance.py:430} INFO - ::endgroup::
[2026-03-18T23:49:09.371+0000] {subprocess.py:63} INFO - Tmp dir root location: /tmp
[2026-03-18T23:49:09.371+0000] {subprocess.py:75} INFO - Running command: ['/usr/bin/bash', '-c', 'python3 /opt/***/scripts/load_to_db.py']
[2026-03-18T23:49:09.379+0000] {subprocess.py:86} INFO - Output:
[2026-03-18T23:49:09.486+0000] {subprocess.py:93} INFO - /opt/***/scripts/load_to_db.py:27: DeprecationWarning: datetime.datetime.utcnow() is deprecated and scheduled for removal in a future version. Use timezone-aware objects to represent datetimes in UTC: datetime.datetime.now(datetime.UTC).
[2026-03-18T23:49:09.487+0000] {subprocess.py:93} INFO -   now = datetime.utcnow()
[2026-03-18T23:49:09.488+0000] {subprocess.py:93} INFO - ✅ Data loaded into database
[2026-03-18T23:49:09.493+0000] {subprocess.py:97} INFO - Command exited with return code 0
[2026-03-18T23:49:09.494+0000] {taskinstance.py:441} INFO - ::group::Post task execution logs
[2026-03-18T23:49:09.506+0000] {taskinstance.py:1206} INFO - Marking task as SUCCESS. dag_id=crypto_pipeline, task_id=load_data, run_id=scheduled__2026-03-18T23:48:00+00:00, execution_date=20260318T234800, start_date=20260318T234909, end_date=20260318T234909
[2026-03-18T23:49:09.540+0000] {local_task_job_runner.py:240} INFO - Task exited with return code 0
[2026-03-18T23:49:09.554+0000] {taskinstance.py:3498} INFO - 1 downstream tasks scheduled from follow-on schedule check
[2026-03-18T23:49:09.555+0000] {local_task_job_runner.py:222} INFO - ::endgroup::
