[2026-03-18T06:00:01.032+0000] {local_task_job_runner.py:120} INFO - ::group::Pre task execution logs
[2026-03-18T06:00:01.053+0000] {taskinstance.py:2076} INFO - Dependencies all met for dep_context=non-requeueable deps ti=<TaskInstance: crypto_pipeline.fetch_data scheduled__2026-03-18T05:55:00+00:00 [queued]>
[2026-03-18T06:00:01.057+0000] {taskinstance.py:2076} INFO - Dependencies all met for dep_context=requeueable deps ti=<TaskInstance: crypto_pipeline.fetch_data scheduled__2026-03-18T05:55:00+00:00 [queued]>
[2026-03-18T06:00:01.058+0000] {taskinstance.py:2306} INFO - Starting attempt 1 of 2
[2026-03-18T06:00:01.068+0000] {taskinstance.py:2330} INFO - Executing <Task(BashOperator): fetch_data> on 2026-03-18 05:55:00+00:00
[2026-03-18T06:00:01.082+0000] {warnings.py:110} WARNING - /home/***/.local/lib/python3.12/site-packages/***/task/task_runner/standard_task_runner.py:61: DeprecationWarning: This process (pid=176) is multi-threaded, use of fork() may lead to deadlocks in the child.
  pid = os.fork()

[2026-03-18T06:00:01.083+0000] {standard_task_runner.py:63} INFO - Started process 178 to run task
[2026-03-18T06:00:01.083+0000] {standard_task_runner.py:90} INFO - Running: ['***', 'tasks', 'run', 'crypto_pipeline', 'fetch_data', 'scheduled__2026-03-18T05:55:00+00:00', '--job-id', '26', '--raw', '--subdir', 'DAGS_FOLDER/crypto_pipeline_dag.py', '--cfg-path', '/tmp/tmpxk2quqxu']
[2026-03-18T06:00:01.087+0000] {standard_task_runner.py:91} INFO - Job 26: Subtask fetch_data
[2026-03-18T06:00:01.129+0000] {task_command.py:426} INFO - Running <TaskInstance: crypto_pipeline.fetch_data scheduled__2026-03-18T05:55:00+00:00 [running]> on host b08de9a34ab5
[2026-03-18T06:00:01.248+0000] {taskinstance.py:2648} INFO - Exporting env vars: AIRFLOW_CTX_DAG_OWNER='anish' AIRFLOW_CTX_DAG_ID='crypto_pipeline' AIRFLOW_CTX_TASK_ID='fetch_data' AIRFLOW_CTX_EXECUTION_DATE='2026-03-18T05:55:00+00:00' AIRFLOW_CTX_TRY_NUMBER='1' AIRFLOW_CTX_DAG_RUN_ID='scheduled__2026-03-18T05:55:00+00:00'
[2026-03-18T06:00:01.251+0000] {taskinstance.py:430} INFO - ::endgroup::
[2026-03-18T06:00:01.252+0000] {subprocess.py:63} INFO - Tmp dir root location: /tmp
[2026-03-18T06:00:01.253+0000] {subprocess.py:75} INFO - Running command: ['/usr/bin/bash', '-c', 'python /opt/***/scripts/fetch_crypto.py']
[2026-03-18T06:00:01.266+0000] {subprocess.py:86} INFO - Output:
[2026-03-18T06:00:02.072+0000] {subprocess.py:93} INFO - Data fetched: {'bitcoin': {'usd': 73922}, 'ethereum': {'usd': 2317.56}}
[2026-03-18T06:00:02.099+0000] {subprocess.py:97} INFO - Command exited with return code 0
[2026-03-18T06:00:02.100+0000] {taskinstance.py:441} INFO - ::group::Post task execution logs
[2026-03-18T06:00:02.130+0000] {taskinstance.py:1206} INFO - Marking task as SUCCESS. dag_id=crypto_pipeline, task_id=fetch_data, run_id=scheduled__2026-03-18T05:55:00+00:00, execution_date=20260318T055500, start_date=20260318T060001, end_date=20260318T060002
[2026-03-18T06:00:02.178+0000] {local_task_job_runner.py:240} INFO - Task exited with return code 0
[2026-03-18T06:00:02.217+0000] {taskinstance.py:3498} INFO - 1 downstream tasks scheduled from follow-on schedule check
[2026-03-18T06:00:02.219+0000] {local_task_job_runner.py:222} INFO - ::endgroup::
