[2026-03-18T06:40:53.481+0000] {local_task_job_runner.py:120} INFO - ::group::Pre task execution logs
[2026-03-18T06:40:53.491+0000] {taskinstance.py:2076} INFO - Dependencies all met for dep_context=non-requeueable deps ti=<TaskInstance: crypto_pipeline.transform_data manual__2026-03-18T06:35:59.203699+00:00 [queued]>
[2026-03-18T06:40:53.494+0000] {taskinstance.py:2076} INFO - Dependencies all met for dep_context=requeueable deps ti=<TaskInstance: crypto_pipeline.transform_data manual__2026-03-18T06:35:59.203699+00:00 [queued]>
[2026-03-18T06:40:53.494+0000] {taskinstance.py:2306} INFO - Starting attempt 2 of 3
[2026-03-18T06:40:53.500+0000] {taskinstance.py:2330} INFO - Executing <Task(BashOperator): transform_data> on 2026-03-18 06:35:59.203699+00:00
[2026-03-18T06:40:53.504+0000] {warnings.py:110} WARNING - /home/***/.local/lib/python3.12/site-packages/***/task/task_runner/standard_task_runner.py:61: DeprecationWarning: This process (pid=106) is multi-threaded, use of fork() may lead to deadlocks in the child.
  pid = os.fork()

[2026-03-18T06:40:53.506+0000] {standard_task_runner.py:63} INFO - Started process 108 to run task
[2026-03-18T06:40:53.506+0000] {standard_task_runner.py:90} INFO - Running: ['***', 'tasks', 'run', 'crypto_pipeline', 'transform_data', 'manual__2026-03-18T06:35:59.203699+00:00', '--job-id', '79', '--raw', '--subdir', 'DAGS_FOLDER/crypto_pipeline_dag.py', '--cfg-path', '/tmp/tmpb1pbqq2s']
[2026-03-18T06:40:53.509+0000] {standard_task_runner.py:91} INFO - Job 79: Subtask transform_data
[2026-03-18T06:40:53.548+0000] {task_command.py:426} INFO - Running <TaskInstance: crypto_pipeline.transform_data manual__2026-03-18T06:35:59.203699+00:00 [running]> on host 07ec4bbdbc76
[2026-03-18T06:40:53.604+0000] {taskinstance.py:2648} INFO - Exporting env vars: AIRFLOW_CTX_DAG_OWNER='anish' AIRFLOW_CTX_DAG_ID='crypto_pipeline' AIRFLOW_CTX_TASK_ID='transform_data' AIRFLOW_CTX_EXECUTION_DATE='2026-03-18T06:35:59.203699+00:00' AIRFLOW_CTX_TRY_NUMBER='2' AIRFLOW_CTX_DAG_RUN_ID='manual__2026-03-18T06:35:59.203699+00:00'
[2026-03-18T06:40:53.606+0000] {taskinstance.py:430} INFO - ::endgroup::
[2026-03-18T06:40:53.607+0000] {subprocess.py:63} INFO - Tmp dir root location: /tmp
[2026-03-18T06:40:53.607+0000] {subprocess.py:75} INFO - Running command: ['/usr/bin/bash', '-c', 'psql postgresql://***:***@postgres/*** -f /opt/***/scripts/transform.sql']
[2026-03-18T06:40:53.613+0000] {subprocess.py:86} INFO - Output:
[2026-03-18T06:40:53.644+0000] {subprocess.py:93} INFO - DROP TABLE
[2026-03-18T06:40:53.647+0000] {subprocess.py:93} INFO - SELECT 2
[2026-03-18T06:40:53.648+0000] {subprocess.py:97} INFO - Command exited with return code 0
[2026-03-18T06:40:53.648+0000] {taskinstance.py:441} INFO - ::group::Post task execution logs
[2026-03-18T06:40:53.663+0000] {taskinstance.py:1206} INFO - Marking task as SUCCESS. dag_id=crypto_pipeline, task_id=transform_data, run_id=manual__2026-03-18T06:35:59.203699+00:00, execution_date=20260318T063559, start_date=20260318T064053, end_date=20260318T064053
[2026-03-18T06:40:53.689+0000] {local_task_job_runner.py:240} INFO - Task exited with return code 0
[2026-03-18T06:40:53.698+0000] {taskinstance.py:3498} INFO - 0 downstream tasks scheduled from follow-on schedule check
[2026-03-18T06:40:53.698+0000] {local_task_job_runner.py:222} INFO - ::endgroup::
