[2026-03-18T11:20:08.748+0000] {local_task_job_runner.py:120} INFO - ::group::Pre task execution logs
[2026-03-18T11:20:08.826+0000] {taskinstance.py:2076} INFO - Dependencies all met for dep_context=non-requeueable deps ti=<TaskInstance: crypto_pipeline.transform_data scheduled__2026-03-18T11:10:00+00:00 [queued]>
[2026-03-18T11:20:08.840+0000] {taskinstance.py:2076} INFO - Dependencies all met for dep_context=requeueable deps ti=<TaskInstance: crypto_pipeline.transform_data scheduled__2026-03-18T11:10:00+00:00 [queued]>
[2026-03-18T11:20:08.841+0000] {taskinstance.py:2306} INFO - Starting attempt 1 of 2
[2026-03-18T11:20:08.858+0000] {taskinstance.py:2330} INFO - Executing <Task(BashOperator): transform_data> on 2026-03-18 11:10:00+00:00
[2026-03-18T11:20:08.874+0000] {warnings.py:110} WARNING - /home/***/.local/lib/python3.12/site-packages/***/task/task_runner/standard_task_runner.py:61: DeprecationWarning: This process (pid=858) is multi-threaded, use of fork() may lead to deadlocks in the child.
  pid = os.fork()

[2026-03-18T11:20:08.881+0000] {standard_task_runner.py:63} INFO - Started process 860 to run task
[2026-03-18T11:20:08.882+0000] {standard_task_runner.py:90} INFO - Running: ['***', 'tasks', 'run', 'crypto_pipeline', 'transform_data', 'scheduled__2026-03-18T11:10:00+00:00', '--job-id', '152', '--raw', '--subdir', 'DAGS_FOLDER/crypto_pipeline_dag.py', '--cfg-path', '/tmp/tmp7v9pp7pq']
[2026-03-18T11:20:08.889+0000] {standard_task_runner.py:91} INFO - Job 152: Subtask transform_data
[2026-03-18T11:20:08.946+0000] {task_command.py:426} INFO - Running <TaskInstance: crypto_pipeline.transform_data scheduled__2026-03-18T11:10:00+00:00 [running]> on host f0b92a5e8d09
[2026-03-18T11:20:09.010+0000] {taskinstance.py:2648} INFO - Exporting env vars: AIRFLOW_CTX_DAG_OWNER='anish' AIRFLOW_CTX_DAG_ID='crypto_pipeline' AIRFLOW_CTX_TASK_ID='transform_data' AIRFLOW_CTX_EXECUTION_DATE='2026-03-18T11:10:00+00:00' AIRFLOW_CTX_TRY_NUMBER='1' AIRFLOW_CTX_DAG_RUN_ID='scheduled__2026-03-18T11:10:00+00:00'
[2026-03-18T11:20:09.012+0000] {taskinstance.py:430} INFO - ::endgroup::
[2026-03-18T11:20:09.012+0000] {subprocess.py:63} INFO - Tmp dir root location: /tmp
[2026-03-18T11:20:09.013+0000] {subprocess.py:75} INFO - Running command: ['/usr/bin/bash', '-c', 'psql postgresql://***:***@postgres/*** -f /opt/***/scripts/transform.sql']
[2026-03-18T11:20:09.028+0000] {subprocess.py:86} INFO - Output:
[2026-03-18T11:20:09.066+0000] {subprocess.py:93} INFO - DROP TABLE
[2026-03-18T11:20:09.070+0000] {subprocess.py:93} INFO - SELECT 6
[2026-03-18T11:20:09.071+0000] {subprocess.py:97} INFO - Command exited with return code 0
[2026-03-18T11:20:09.071+0000] {taskinstance.py:441} INFO - ::group::Post task execution logs
[2026-03-18T11:20:09.091+0000] {taskinstance.py:1206} INFO - Marking task as SUCCESS. dag_id=crypto_pipeline, task_id=transform_data, run_id=scheduled__2026-03-18T11:10:00+00:00, execution_date=20260318T111000, start_date=20260318T112008, end_date=20260318T112009
[2026-03-18T11:20:09.148+0000] {local_task_job_runner.py:240} INFO - Task exited with return code 0
[2026-03-18T11:20:09.173+0000] {taskinstance.py:3498} INFO - 0 downstream tasks scheduled from follow-on schedule check
[2026-03-18T11:20:09.175+0000] {local_task_job_runner.py:222} INFO - ::endgroup::
