[2026-03-18T07:15:06.963+0000] {local_task_job_runner.py:120} INFO - ::group::Pre task execution logs
[2026-03-18T07:15:06.982+0000] {taskinstance.py:2076} INFO - Dependencies all met for dep_context=non-requeueable deps ti=<TaskInstance: crypto_pipeline.fetch_data scheduled__2026-03-18T06:50:00+00:00 [queued]>
[2026-03-18T07:15:06.987+0000] {taskinstance.py:2076} INFO - Dependencies all met for dep_context=requeueable deps ti=<TaskInstance: crypto_pipeline.fetch_data scheduled__2026-03-18T06:50:00+00:00 [queued]>
[2026-03-18T07:15:06.987+0000] {taskinstance.py:2306} INFO - Starting attempt 2 of 2
[2026-03-18T07:15:07.004+0000] {taskinstance.py:2330} INFO - Executing <Task(BashOperator): fetch_data> on 2026-03-18 06:50:00+00:00
[2026-03-18T07:15:07.014+0000] {warnings.py:110} WARNING - /home/***/.local/lib/python3.12/site-packages/***/task/task_runner/standard_task_runner.py:61: DeprecationWarning: This process (pid=237) is multi-threaded, use of fork() may lead to deadlocks in the child.
  pid = os.fork()

[2026-03-18T07:15:07.016+0000] {standard_task_runner.py:63} INFO - Started process 242 to run task
[2026-03-18T07:15:07.017+0000] {standard_task_runner.py:90} INFO - Running: ['***', 'tasks', 'run', 'crypto_pipeline', 'fetch_data', 'scheduled__2026-03-18T06:50:00+00:00', '--job-id', '90', '--raw', '--subdir', 'DAGS_FOLDER/crypto_pipeline_dag.py', '--cfg-path', '/tmp/tmpdstjqjah']
[2026-03-18T07:15:07.020+0000] {standard_task_runner.py:91} INFO - Job 90: Subtask fetch_data
[2026-03-18T07:15:07.082+0000] {task_command.py:426} INFO - Running <TaskInstance: crypto_pipeline.fetch_data scheduled__2026-03-18T06:50:00+00:00 [running]> on host 07ec4bbdbc76
[2026-03-18T07:15:07.167+0000] {taskinstance.py:2648} INFO - Exporting env vars: AIRFLOW_CTX_DAG_OWNER='anish' AIRFLOW_CTX_DAG_ID='crypto_pipeline' AIRFLOW_CTX_TASK_ID='fetch_data' AIRFLOW_CTX_EXECUTION_DATE='2026-03-18T06:50:00+00:00' AIRFLOW_CTX_TRY_NUMBER='2' AIRFLOW_CTX_DAG_RUN_ID='scheduled__2026-03-18T06:50:00+00:00'
[2026-03-18T07:15:07.170+0000] {taskinstance.py:430} INFO - ::endgroup::
[2026-03-18T07:15:07.172+0000] {subprocess.py:63} INFO - Tmp dir root location: /tmp
[2026-03-18T07:15:07.173+0000] {subprocess.py:75} INFO - Running command: ['/usr/bin/bash', '-c', 'python3 /opt/***/scripts/fetch_crypto.py']
[2026-03-18T07:15:07.183+0000] {subprocess.py:86} INFO - Output:
[2026-03-18T07:15:08.089+0000] {subprocess.py:93} INFO - Fetching crypto data...
[2026-03-18T07:15:08.097+0000] {subprocess.py:93} INFO - Error fetching data: HTTPSConnectionPool(host='api.coingecko.com', port=443): Max retries exceeded with url: /api/v3/simple/price?ids=bitcoin%2Cethereum&vs_currencies=usd (Caused by NameResolutionError("<urllib3.connection.HTTPSConnection object at 0xffff983c1d00>: Failed to resolve 'api.coingecko.com' ([Errno -2] Name or service not known)"))
[2026-03-18T07:15:08.098+0000] {subprocess.py:93} INFO - Traceback (most recent call last):
[2026-03-18T07:15:08.100+0000] {subprocess.py:93} INFO -   File "/home/***/.local/lib/python3.12/site-packages/urllib3/connection.py", line 198, in _new_conn
[2026-03-18T07:15:08.105+0000] {subprocess.py:93} INFO -     sock = connection.create_connection(
[2026-03-18T07:15:08.109+0000] {subprocess.py:93} INFO -            ^^^^^^^^^^^^^^^^^^^^^^^^^^^^^
[2026-03-18T07:15:08.111+0000] {subprocess.py:93} INFO -   File "/home/***/.local/lib/python3.12/site-packages/urllib3/util/connection.py", line 60, in create_connection
[2026-03-18T07:15:08.115+0000] {subprocess.py:93} INFO -     for res in socket.getaddrinfo(host, port, family, socket.SOCK_STREAM):
[2026-03-18T07:15:08.116+0000] {subprocess.py:93} INFO -                ^^^^^^^^^^^^^^^^^^^^^^^^^^^^^^^^^^^^^^^^^^^^^^^^^^^^^^^^^^
[2026-03-18T07:15:08.118+0000] {subprocess.py:93} INFO -   File "/usr/local/lib/python3.12/socket.py", line 963, in getaddrinfo
[2026-03-18T07:15:08.118+0000] {subprocess.py:93} INFO -     for res in _socket.getaddrinfo(host, port, family, type, proto, flags):
[2026-03-18T07:15:08.120+0000] {subprocess.py:93} INFO -                ^^^^^^^^^^^^^^^^^^^^^^^^^^^^^^^^^^^^^^^^^^^^^^^^^^^^^^^^^^^
[2026-03-18T07:15:08.123+0000] {subprocess.py:93} INFO - socket.gaierror: [Errno -2] Name or service not known
[2026-03-18T07:15:08.124+0000] {subprocess.py:93} INFO - 
[2026-03-18T07:15:08.126+0000] {subprocess.py:93} INFO - The above exception was the direct cause of the following exception:
[2026-03-18T07:15:08.127+0000] {subprocess.py:93} INFO - 
[2026-03-18T07:15:08.130+0000] {subprocess.py:93} INFO - Traceback (most recent call last):
[2026-03-18T07:15:08.132+0000] {subprocess.py:93} INFO -   File "/home/***/.local/lib/python3.12/site-packages/urllib3/connectionpool.py", line 793, in urlopen
[2026-03-18T07:15:08.133+0000] {subprocess.py:93} INFO -     response = self._make_request(
[2026-03-18T07:15:08.134+0000] {subprocess.py:93} INFO -                ^^^^^^^^^^^^^^^^^^^
[2026-03-18T07:15:08.134+0000] {subprocess.py:93} INFO -   File "/home/***/.local/lib/python3.12/site-packages/urllib3/connectionpool.py", line 491, in _make_request
[2026-03-18T07:15:08.135+0000] {subprocess.py:93} INFO -     raise new_e
[2026-03-18T07:15:08.136+0000] {subprocess.py:93} INFO -   File "/home/***/.local/lib/python3.12/site-packages/urllib3/connectionpool.py", line 467, in _make_request
[2026-03-18T07:15:08.140+0000] {subprocess.py:93} INFO -     self._validate_conn(conn)
[2026-03-18T07:15:08.141+0000] {subprocess.py:93} INFO -   File "/home/***/.local/lib/python3.12/site-packages/urllib3/connectionpool.py", line 1099, in _validate_conn
[2026-03-18T07:15:08.141+0000] {subprocess.py:93} INFO -     conn.connect()
[2026-03-18T07:15:08.143+0000] {subprocess.py:93} INFO -   File "/home/***/.local/lib/python3.12/site-packages/urllib3/connection.py", line 616, in connect
[2026-03-18T07:15:08.144+0000] {subprocess.py:93} INFO -     self.sock = sock = self._new_conn()
[2026-03-18T07:15:08.145+0000] {subprocess.py:93} INFO -                        ^^^^^^^^^^^^^^^^
[2026-03-18T07:15:08.145+0000] {subprocess.py:93} INFO -   File "/home/***/.local/lib/python3.12/site-packages/urllib3/connection.py", line 205, in _new_conn
[2026-03-18T07:15:08.146+0000] {subprocess.py:93} INFO -     raise NameResolutionError(self.host, self, e) from e
[2026-03-18T07:15:08.147+0000] {subprocess.py:93} INFO - urllib3.exceptions.NameResolutionError: <urllib3.connection.HTTPSConnection object at 0xffff983c1d00>: Failed to resolve 'api.coingecko.com' ([Errno -2] Name or service not known)
[2026-03-18T07:15:08.148+0000] {subprocess.py:93} INFO - 
[2026-03-18T07:15:08.150+0000] {subprocess.py:93} INFO - The above exception was the direct cause of the following exception:
[2026-03-18T07:15:08.151+0000] {subprocess.py:93} INFO - 
[2026-03-18T07:15:08.154+0000] {subprocess.py:93} INFO - Traceback (most recent call last):
[2026-03-18T07:15:08.157+0000] {subprocess.py:93} INFO -   File "/home/***/.local/lib/python3.12/site-packages/requests/adapters.py", line 486, in send
[2026-03-18T07:15:08.158+0000] {subprocess.py:93} INFO -     resp = conn.urlopen(
[2026-03-18T07:15:08.160+0000] {subprocess.py:93} INFO -            ^^^^^^^^^^^^^
[2026-03-18T07:15:08.160+0000] {subprocess.py:93} INFO -   File "/home/***/.local/lib/python3.12/site-packages/urllib3/connectionpool.py", line 847, in urlopen
[2026-03-18T07:15:08.161+0000] {subprocess.py:93} INFO -     retries = retries.increment(
[2026-03-18T07:15:08.162+0000] {subprocess.py:93} INFO -               ^^^^^^^^^^^^^^^^^^
[2026-03-18T07:15:08.163+0000] {subprocess.py:93} INFO -   File "/home/***/.local/lib/python3.12/site-packages/urllib3/util/retry.py", line 515, in increment
[2026-03-18T07:15:08.164+0000] {subprocess.py:93} INFO -     raise MaxRetryError(_pool, url, reason) from reason  # type: ignore[arg-type]
[2026-03-18T07:15:08.164+0000] {subprocess.py:93} INFO -     ^^^^^^^^^^^^^^^^^^^^^^^^^^^^^^^^^^^^^^^^^^^^^^^^^^^
[2026-03-18T07:15:08.165+0000] {subprocess.py:93} INFO - urllib3.exceptions.MaxRetryError: HTTPSConnectionPool(host='api.coingecko.com', port=443): Max retries exceeded with url: /api/v3/simple/price?ids=bitcoin%2Cethereum&vs_currencies=usd (Caused by NameResolutionError("<urllib3.connection.HTTPSConnection object at 0xffff983c1d00>: Failed to resolve 'api.coingecko.com' ([Errno -2] Name or service not known)"))
[2026-03-18T07:15:08.166+0000] {subprocess.py:93} INFO - 
[2026-03-18T07:15:08.167+0000] {subprocess.py:93} INFO - During handling of the above exception, another exception occurred:
[2026-03-18T07:15:08.167+0000] {subprocess.py:93} INFO - 
[2026-03-18T07:15:08.168+0000] {subprocess.py:93} INFO - Traceback (most recent call last):
[2026-03-18T07:15:08.168+0000] {subprocess.py:93} INFO -   File "/opt/***/scripts/fetch_crypto.py", line 13, in <module>
[2026-03-18T07:15:08.169+0000] {subprocess.py:93} INFO -     response = requests.get(url, params=params)
[2026-03-18T07:15:08.169+0000] {subprocess.py:93} INFO -                ^^^^^^^^^^^^^^^^^^^^^^^^^^^^^^^^
[2026-03-18T07:15:08.170+0000] {subprocess.py:93} INFO -   File "/home/***/.local/lib/python3.12/site-packages/requests/api.py", line 73, in get
[2026-03-18T07:15:08.170+0000] {subprocess.py:93} INFO -     return request("get", url, params=params, **kwargs)
[2026-03-18T07:15:08.170+0000] {subprocess.py:93} INFO -            ^^^^^^^^^^^^^^^^^^^^^^^^^^^^^^^^^^^^^^^^^^^^
[2026-03-18T07:15:08.171+0000] {subprocess.py:93} INFO -   File "/home/***/.local/lib/python3.12/site-packages/requests/api.py", line 59, in request
[2026-03-18T07:15:08.171+0000] {subprocess.py:93} INFO -     return session.request(method=method, url=url, **kwargs)
[2026-03-18T07:15:08.172+0000] {subprocess.py:93} INFO -            ^^^^^^^^^^^^^^^^^^^^^^^^^^^^^^^^^^^^^^^^^^^^^^^^^
[2026-03-18T07:15:08.172+0000] {subprocess.py:93} INFO -   File "/home/***/.local/lib/python3.12/site-packages/requests/sessions.py", line 589, in request
[2026-03-18T07:15:08.172+0000] {subprocess.py:93} INFO -     resp = self.send(prep, **send_kwargs)
[2026-03-18T07:15:08.173+0000] {subprocess.py:93} INFO -            ^^^^^^^^^^^^^^^^^^^^^^^^^^^^^^
[2026-03-18T07:15:08.173+0000] {subprocess.py:93} INFO -   File "/home/***/.local/lib/python3.12/site-packages/requests/sessions.py", line 703, in send
[2026-03-18T07:15:08.173+0000] {subprocess.py:93} INFO -     r = adapter.send(request, **kwargs)
[2026-03-18T07:15:08.174+0000] {subprocess.py:93} INFO -         ^^^^^^^^^^^^^^^^^^^^^^^^^^^^^^^
[2026-03-18T07:15:08.174+0000] {subprocess.py:93} INFO -   File "/home/***/.local/lib/python3.12/site-packages/requests/adapters.py", line 519, in send
[2026-03-18T07:15:08.174+0000] {subprocess.py:93} INFO -     raise ConnectionError(e, request=request)
[2026-03-18T07:15:08.174+0000] {subprocess.py:93} INFO - requests.exceptions.ConnectionError: HTTPSConnectionPool(host='api.coingecko.com', port=443): Max retries exceeded with url: /api/v3/simple/price?ids=bitcoin%2Cethereum&vs_currencies=usd (Caused by NameResolutionError("<urllib3.connection.HTTPSConnection object at 0xffff983c1d00>: Failed to resolve 'api.coingecko.com' ([Errno -2] Name or service not known)"))
[2026-03-18T07:15:08.175+0000] {subprocess.py:97} INFO - Command exited with return code 1
[2026-03-18T07:15:08.178+0000] {taskinstance.py:441} INFO - ::group::Post task execution logs
[2026-03-18T07:15:08.211+0000] {taskinstance.py:2905} ERROR - Task failed with exception
Traceback (most recent call last):
  File "/home/airflow/.local/lib/python3.12/site-packages/airflow/models/taskinstance.py", line 465, in _execute_task
    result = _execute_callable(context=context, **execute_callable_kwargs)
             ^^^^^^^^^^^^^^^^^^^^^^^^^^^^^^^^^^^^^^^^^^^^^^^^^^^^^^^^^^^^^
  File "/home/airflow/.local/lib/python3.12/site-packages/airflow/models/taskinstance.py", line 432, in _execute_callable
    return execute_callable(context=context, **execute_callable_kwargs)
           ^^^^^^^^^^^^^^^^^^^^^^^^^^^^^^^^^^^^^^^^^^^^^^^^^^^^^^^^^^^^
  File "/home/airflow/.local/lib/python3.12/site-packages/airflow/models/baseoperator.py", line 400, in wrapper
    return func(self, *args, **kwargs)
           ^^^^^^^^^^^^^^^^^^^^^^^^^^^
  File "/home/airflow/.local/lib/python3.12/site-packages/airflow/operators/bash.py", line 243, in execute
    raise AirflowException(
airflow.exceptions.AirflowException: Bash command failed. The command returned a non-zero exit code 1.
[2026-03-18T07:15:08.227+0000] {taskinstance.py:1206} INFO - Marking task as FAILED. dag_id=crypto_pipeline, task_id=fetch_data, run_id=scheduled__2026-03-18T06:50:00+00:00, execution_date=20260318T065000, start_date=20260318T071506, end_date=20260318T071508
[2026-03-18T07:15:08.253+0000] {standard_task_runner.py:110} ERROR - Failed to execute job 90 for task fetch_data (Bash command failed. The command returned a non-zero exit code 1.; 242)
[2026-03-18T07:15:08.282+0000] {local_task_job_runner.py:240} INFO - Task exited with return code 1
[2026-03-18T07:15:08.358+0000] {taskinstance.py:3498} INFO - 0 downstream tasks scheduled from follow-on schedule check
[2026-03-18T07:15:08.366+0000] {local_task_job_runner.py:222} INFO - ::endgroup::
