[2026-03-19T10:51:12.446+0000] {local_task_job_runner.py:120} INFO - ::group::Pre task execution logs
[2026-03-19T10:51:12.457+0000] {taskinstance.py:2076} INFO - Dependencies all met for dep_context=non-requeueable deps ti=<TaskInstance: crypto_pipeline.transform_data scheduled__2026-03-19T10:50:00+00:00 [queued]>
[2026-03-19T10:51:12.461+0000] {taskinstance.py:2076} INFO - Dependencies all met for dep_context=requeueable deps ti=<TaskInstance: crypto_pipeline.transform_data scheduled__2026-03-19T10:50:00+00:00 [queued]>
[2026-03-19T10:51:12.461+0000] {taskinstance.py:2306} INFO - Starting attempt 1 of 2
[2026-03-19T10:51:12.468+0000] {taskinstance.py:2330} INFO - Executing <Task(BashOperator): transform_data> on 2026-03-19 10:50:00+00:00
[2026-03-19T10:51:12.474+0000] {warnings.py:110} WARNING - /home/***/.local/lib/python3.12/site-packages/***/task/task_runner/standard_task_runner.py:61: DeprecationWarning: This process (pid=14117) is multi-threaded, use of fork() may lead to deadlocks in the child.
  pid = os.fork()

[2026-03-19T10:51:12.475+0000] {standard_task_runner.py:63} INFO - Started process 14119 to run task
[2026-03-19T10:51:12.475+0000] {standard_task_runner.py:90} INFO - Running: ['***', 'tasks', 'run', 'crypto_pipeline', 'transform_data', 'scheduled__2026-03-19T10:50:00+00:00', '--job-id', '1858', '--raw', '--subdir', 'DAGS_FOLDER/crypto_pipeline_dag.py', '--cfg-path', '/tmp/tmp_8xzm1yv']
[2026-03-19T10:51:12.477+0000] {standard_task_runner.py:91} INFO - Job 1858: Subtask transform_data
[2026-03-19T10:51:12.500+0000] {task_command.py:426} INFO - Running <TaskInstance: crypto_pipeline.transform_data scheduled__2026-03-19T10:50:00+00:00 [running]> on host 70adc5a0e7fa
[2026-03-19T10:51:12.543+0000] {taskinstance.py:2648} INFO - Exporting env vars: AIRFLOW_CTX_DAG_OWNER='anish' AIRFLOW_CTX_DAG_ID='crypto_pipeline' AIRFLOW_CTX_TASK_ID='transform_data' AIRFLOW_CTX_EXECUTION_DATE='2026-03-19T10:50:00+00:00' AIRFLOW_CTX_TRY_NUMBER='1' AIRFLOW_CTX_DAG_RUN_ID='scheduled__2026-03-19T10:50:00+00:00'
[2026-03-19T10:51:12.544+0000] {taskinstance.py:430} INFO - ::endgroup::
[2026-03-19T10:51:12.544+0000] {subprocess.py:63} INFO - Tmp dir root location: /tmp
[2026-03-19T10:51:12.545+0000] {subprocess.py:75} INFO - Running command: ['/usr/bin/bash', '-c', 'psql postgresql://***:***@postgres/*** -f /opt/***/scripts/transform.sql']
[2026-03-19T10:51:12.550+0000] {subprocess.py:86} INFO - Output:
[2026-03-19T10:51:12.626+0000] {subprocess.py:93} INFO - DROP TABLE
[2026-03-19T10:51:12.635+0000] {subprocess.py:93} INFO - SELECT 2502
[2026-03-19T10:51:12.638+0000] {subprocess.py:97} INFO - Command exited with return code 0
[2026-03-19T10:51:12.639+0000] {taskinstance.py:441} INFO - ::group::Post task execution logs
[2026-03-19T10:51:12.653+0000] {taskinstance.py:1206} INFO - Marking task as SUCCESS. dag_id=crypto_pipeline, task_id=transform_data, run_id=scheduled__2026-03-19T10:50:00+00:00, execution_date=20260319T105000, start_date=20260319T105112, end_date=20260319T105112
[2026-03-19T10:51:12.701+0000] {local_task_job_runner.py:240} INFO - Task exited with return code 0
[2026-03-19T10:51:12.712+0000] {taskinstance.py:3498} INFO - 0 downstream tasks scheduled from follow-on schedule check
[2026-03-19T10:51:12.713+0000] {local_task_job_runner.py:222} INFO - ::endgroup::
