[2026-03-19T10:48:10.053+0000] {local_task_job_runner.py:120} INFO - ::group::Pre task execution logs
[2026-03-19T10:48:10.068+0000] {taskinstance.py:2076} INFO - Dependencies all met for dep_context=non-requeueable deps ti=<TaskInstance: crypto_pipeline.load_data scheduled__2026-03-19T10:47:00+00:00 [queued]>
[2026-03-19T10:48:10.072+0000] {taskinstance.py:2076} INFO - Dependencies all met for dep_context=requeueable deps ti=<TaskInstance: crypto_pipeline.load_data scheduled__2026-03-19T10:47:00+00:00 [queued]>
[2026-03-19T10:48:10.072+0000] {taskinstance.py:2306} INFO - Starting attempt 1 of 2
[2026-03-19T10:48:10.080+0000] {taskinstance.py:2330} INFO - Executing <Task(BashOperator): load_data> on 2026-03-19 10:47:00+00:00
[2026-03-19T10:48:10.089+0000] {warnings.py:110} WARNING - /home/***/.local/lib/python3.12/site-packages/***/task/task_runner/standard_task_runner.py:61: DeprecationWarning: This process (pid=14035) is multi-threaded, use of fork() may lead to deadlocks in the child.
  pid = os.fork()

[2026-03-19T10:48:10.090+0000] {standard_task_runner.py:63} INFO - Started process 14037 to run task
[2026-03-19T10:48:10.090+0000] {standard_task_runner.py:90} INFO - Running: ['***', 'tasks', 'run', 'crypto_pipeline', 'load_data', 'scheduled__2026-03-19T10:47:00+00:00', '--job-id', '1848', '--raw', '--subdir', 'DAGS_FOLDER/crypto_pipeline_dag.py', '--cfg-path', '/tmp/tmpy03chn4c']
[2026-03-19T10:48:10.093+0000] {standard_task_runner.py:91} INFO - Job 1848: Subtask load_data
[2026-03-19T10:48:10.137+0000] {task_command.py:426} INFO - Running <TaskInstance: crypto_pipeline.load_data scheduled__2026-03-19T10:47:00+00:00 [running]> on host 70adc5a0e7fa
[2026-03-19T10:48:10.197+0000] {taskinstance.py:2648} INFO - Exporting env vars: AIRFLOW_CTX_DAG_OWNER='anish' AIRFLOW_CTX_DAG_ID='crypto_pipeline' AIRFLOW_CTX_TASK_ID='load_data' AIRFLOW_CTX_EXECUTION_DATE='2026-03-19T10:47:00+00:00' AIRFLOW_CTX_TRY_NUMBER='1' AIRFLOW_CTX_DAG_RUN_ID='scheduled__2026-03-19T10:47:00+00:00'
[2026-03-19T10:48:10.199+0000] {taskinstance.py:430} INFO - ::endgroup::
[2026-03-19T10:48:10.203+0000] {subprocess.py:63} INFO - Tmp dir root location: /tmp
[2026-03-19T10:48:10.203+0000] {subprocess.py:75} INFO - Running command: ['/usr/bin/bash', '-c', 'python3 /opt/***/scripts/load_to_db.py']
[2026-03-19T10:48:10.211+0000] {subprocess.py:86} INFO - Output:
[2026-03-19T10:48:10.359+0000] {subprocess.py:93} INFO - /opt/***/scripts/load_to_db.py:27: DeprecationWarning: datetime.datetime.utcnow() is deprecated and scheduled for removal in a future version. Use timezone-aware objects to represent datetimes in UTC: datetime.datetime.now(datetime.UTC).
[2026-03-19T10:48:10.360+0000] {subprocess.py:93} INFO -   now = datetime.utcnow()
[2026-03-19T10:48:10.362+0000] {subprocess.py:93} INFO -  Data loaded into database
[2026-03-19T10:48:10.366+0000] {subprocess.py:97} INFO - Command exited with return code 0
[2026-03-19T10:48:10.366+0000] {taskinstance.py:441} INFO - ::group::Post task execution logs
[2026-03-19T10:48:10.382+0000] {taskinstance.py:1206} INFO - Marking task as SUCCESS. dag_id=crypto_pipeline, task_id=load_data, run_id=scheduled__2026-03-19T10:47:00+00:00, execution_date=20260319T104700, start_date=20260319T104810, end_date=20260319T104810
[2026-03-19T10:48:10.397+0000] {local_task_job_runner.py:240} INFO - Task exited with return code 0
[2026-03-19T10:48:10.413+0000] {taskinstance.py:3498} INFO - 1 downstream tasks scheduled from follow-on schedule check
[2026-03-19T10:48:10.414+0000] {local_task_job_runner.py:222} INFO - ::endgroup::
