[2026-03-18T16:33:01.141+0000] {local_task_job_runner.py:120} INFO - ::group::Pre task execution logs
[2026-03-18T16:33:01.156+0000] {taskinstance.py:2076} INFO - Dependencies all met for dep_context=non-requeueable deps ti=<TaskInstance: crypto_pipeline.fetch_data scheduled__2026-03-18T16:32:00+00:00 [queued]>
[2026-03-18T16:33:01.160+0000] {taskinstance.py:2076} INFO - Dependencies all met for dep_context=requeueable deps ti=<TaskInstance: crypto_pipeline.fetch_data scheduled__2026-03-18T16:32:00+00:00 [queued]>
[2026-03-18T16:33:01.160+0000] {taskinstance.py:2306} INFO - Starting attempt 1 of 2
[2026-03-18T16:33:01.165+0000] {taskinstance.py:2330} INFO - Executing <Task(BashOperator): fetch_data> on 2026-03-18 16:32:00+00:00
[2026-03-18T16:33:01.170+0000] {warnings.py:110} WARNING - /home/***/.local/lib/python3.12/site-packages/***/task/task_runner/standard_task_runner.py:61: DeprecationWarning: This process (pid=7665) is multi-threaded, use of fork() may lead to deadlocks in the child.
  pid = os.fork()

[2026-03-18T16:33:01.171+0000] {standard_task_runner.py:63} INFO - Started process 7667 to run task
[2026-03-18T16:33:01.171+0000] {standard_task_runner.py:90} INFO - Running: ['***', 'tasks', 'run', 'crypto_pipeline', 'fetch_data', 'scheduled__2026-03-18T16:32:00+00:00', '--job-id', '996', '--raw', '--subdir', 'DAGS_FOLDER/crypto_pipeline_dag.py', '--cfg-path', '/tmp/tmpw3lzbmot']
[2026-03-18T16:33:01.173+0000] {standard_task_runner.py:91} INFO - Job 996: Subtask fetch_data
[2026-03-18T16:33:01.223+0000] {task_command.py:426} INFO - Running <TaskInstance: crypto_pipeline.fetch_data scheduled__2026-03-18T16:32:00+00:00 [running]> on host 70adc5a0e7fa
[2026-03-18T16:33:01.299+0000] {taskinstance.py:2648} INFO - Exporting env vars: AIRFLOW_CTX_DAG_OWNER='anish' AIRFLOW_CTX_DAG_ID='crypto_pipeline' AIRFLOW_CTX_TASK_ID='fetch_data' AIRFLOW_CTX_EXECUTION_DATE='2026-03-18T16:32:00+00:00' AIRFLOW_CTX_TRY_NUMBER='1' AIRFLOW_CTX_DAG_RUN_ID='scheduled__2026-03-18T16:32:00+00:00'
[2026-03-18T16:33:01.301+0000] {taskinstance.py:430} INFO - ::endgroup::
[2026-03-18T16:33:01.302+0000] {subprocess.py:63} INFO - Tmp dir root location: /tmp
[2026-03-18T16:33:01.302+0000] {subprocess.py:75} INFO - Running command: ['/usr/bin/bash', '-c', 'python3 /opt/***/scripts/fetch_crypto.py']
[2026-03-18T16:33:01.311+0000] {subprocess.py:86} INFO - Output:
[2026-03-18T16:33:07.115+0000] {subprocess.py:93} INFO - Fetching crypto data...
[2026-03-18T16:33:07.125+0000] {subprocess.py:93} INFO - ✅ Data saved: {'bitcoin': {'usd': 71223}, 'cardano': {'usd': 0.270603}, 'dogecoin': {'usd': 0.09372}, 'ethereum': {'usd': 2176.45}, 'solana': {'usd': 88.93}}
[2026-03-18T16:33:07.230+0000] {subprocess.py:97} INFO - Command exited with return code 0
[2026-03-18T16:33:07.234+0000] {taskinstance.py:441} INFO - ::group::Post task execution logs
[2026-03-18T16:33:07.273+0000] {taskinstance.py:1206} INFO - Marking task as SUCCESS. dag_id=crypto_pipeline, task_id=fetch_data, run_id=scheduled__2026-03-18T16:32:00+00:00, execution_date=20260318T163200, start_date=20260318T163301, end_date=20260318T163307
[2026-03-18T16:33:07.297+0000] {local_task_job_runner.py:240} INFO - Task exited with return code 0
[2026-03-18T16:33:07.321+0000] {taskinstance.py:3498} INFO - 1 downstream tasks scheduled from follow-on schedule check
[2026-03-18T16:33:07.322+0000] {local_task_job_runner.py:222} INFO - ::endgroup::
