[2026-03-18T09:06:44.238+0000] {local_task_job_runner.py:120} INFO - ::group::Pre task execution logs
[2026-03-18T09:06:44.292+0000] {taskinstance.py:2076} INFO - Dependencies all met for dep_context=non-requeueable deps ti=<TaskInstance: crypto_pipeline.load_data scheduled__2026-03-18T08:25:00+00:00 [queued]>
[2026-03-18T09:06:44.311+0000] {taskinstance.py:2076} INFO - Dependencies all met for dep_context=requeueable deps ti=<TaskInstance: crypto_pipeline.load_data scheduled__2026-03-18T08:25:00+00:00 [queued]>
[2026-03-18T09:06:44.312+0000] {taskinstance.py:2306} INFO - Starting attempt 1 of 2
[2026-03-18T09:06:44.332+0000] {taskinstance.py:2330} INFO - Executing <Task(BashOperator): load_data> on 2026-03-18 08:25:00+00:00
[2026-03-18T09:06:44.356+0000] {warnings.py:110} WARNING - /home/***/.local/lib/python3.12/site-packages/***/task/task_runner/standard_task_runner.py:61: DeprecationWarning: This process (pid=438) is multi-threaded, use of fork() may lead to deadlocks in the child.
  pid = os.fork()

[2026-03-18T09:06:44.363+0000] {standard_task_runner.py:63} INFO - Started process 449 to run task
[2026-03-18T09:06:44.369+0000] {standard_task_runner.py:90} INFO - Running: ['***', 'tasks', 'run', 'crypto_pipeline', 'load_data', 'scheduled__2026-03-18T08:25:00+00:00', '--job-id', '71', '--raw', '--subdir', 'DAGS_FOLDER/crypto_pipeline_dag.py', '--cfg-path', '/tmp/tmpm3rz3_fm']
[2026-03-18T09:06:44.381+0000] {standard_task_runner.py:91} INFO - Job 71: Subtask load_data
[2026-03-18T09:06:44.480+0000] {task_command.py:426} INFO - Running <TaskInstance: crypto_pipeline.load_data scheduled__2026-03-18T08:25:00+00:00 [running]> on host b022b501df4a
[2026-03-18T09:06:44.660+0000] {taskinstance.py:2648} INFO - Exporting env vars: AIRFLOW_CTX_DAG_OWNER='anish' AIRFLOW_CTX_DAG_ID='crypto_pipeline' AIRFLOW_CTX_TASK_ID='load_data' AIRFLOW_CTX_EXECUTION_DATE='2026-03-18T08:25:00+00:00' AIRFLOW_CTX_TRY_NUMBER='1' AIRFLOW_CTX_DAG_RUN_ID='scheduled__2026-03-18T08:25:00+00:00'
[2026-03-18T09:06:44.668+0000] {taskinstance.py:430} INFO - ::endgroup::
[2026-03-18T09:06:44.685+0000] {subprocess.py:63} INFO - Tmp dir root location: /tmp
[2026-03-18T09:06:44.690+0000] {subprocess.py:75} INFO - Running command: ['/usr/bin/bash', '-c', 'python3 /opt/***/scripts/load_to_db.py']
[2026-03-18T09:06:44.717+0000] {subprocess.py:86} INFO - Output:
[2026-03-18T09:06:47.167+0000] {subprocess.py:93} INFO - Data loaded into database
[2026-03-18T09:06:47.374+0000] {subprocess.py:97} INFO - Command exited with return code 0
[2026-03-18T09:06:47.382+0000] {taskinstance.py:441} INFO - ::group::Post task execution logs
[2026-03-18T09:06:47.496+0000] {taskinstance.py:1206} INFO - Marking task as SUCCESS. dag_id=crypto_pipeline, task_id=load_data, run_id=scheduled__2026-03-18T08:25:00+00:00, execution_date=20260318T082500, start_date=20260318T090644, end_date=20260318T090647
[2026-03-18T09:06:47.652+0000] {local_task_job_runner.py:240} INFO - Task exited with return code 0
[2026-03-18T09:06:47.732+0000] {taskinstance.py:3498} INFO - 1 downstream tasks scheduled from follow-on schedule check
[2026-03-18T09:06:47.735+0000] {local_task_job_runner.py:222} INFO - ::endgroup::
