[2026-03-18T05:40:04.321+0000] {local_task_job_runner.py:120} INFO - ::group::Pre task execution logs
[2026-03-18T05:40:04.335+0000] {taskinstance.py:2076} INFO - Dependencies all met for dep_context=non-requeueable deps ti=<TaskInstance: crypto_pipeline.fetch_data scheduled__2026-03-18T05:30:00+00:00 [queued]>
[2026-03-18T05:40:04.339+0000] {taskinstance.py:2076} INFO - Dependencies all met for dep_context=requeueable deps ti=<TaskInstance: crypto_pipeline.fetch_data scheduled__2026-03-18T05:30:00+00:00 [queued]>
[2026-03-18T05:40:04.339+0000] {taskinstance.py:2306} INFO - Starting attempt 2 of 2
[2026-03-18T05:40:04.345+0000] {taskinstance.py:2330} INFO - Executing <Task(BashOperator): fetch_data> on 2026-03-18 05:30:00+00:00
[2026-03-18T05:40:04.353+0000] {warnings.py:110} WARNING - /home/***/.local/lib/python3.12/site-packages/***/task/task_runner/standard_task_runner.py:61: DeprecationWarning: This process (pid=371) is multi-threaded, use of fork() may lead to deadlocks in the child.
  pid = os.fork()

[2026-03-18T05:40:04.355+0000] {standard_task_runner.py:63} INFO - Started process 373 to run task
[2026-03-18T05:40:04.355+0000] {standard_task_runner.py:90} INFO - Running: ['***', 'tasks', 'run', 'crypto_pipeline', 'fetch_data', 'scheduled__2026-03-18T05:30:00+00:00', '--job-id', '9', '--raw', '--subdir', 'DAGS_FOLDER/crypto_pipeline_dag.py', '--cfg-path', '/tmp/tmpijq2_w7d']
[2026-03-18T05:40:04.357+0000] {standard_task_runner.py:91} INFO - Job 9: Subtask fetch_data
[2026-03-18T05:40:04.402+0000] {task_command.py:426} INFO - Running <TaskInstance: crypto_pipeline.fetch_data scheduled__2026-03-18T05:30:00+00:00 [running]> on host 2046c11d7cd9
[2026-03-18T05:40:04.454+0000] {taskinstance.py:2648} INFO - Exporting env vars: AIRFLOW_CTX_DAG_OWNER='anish' AIRFLOW_CTX_DAG_ID='crypto_pipeline' AIRFLOW_CTX_TASK_ID='fetch_data' AIRFLOW_CTX_EXECUTION_DATE='2026-03-18T05:30:00+00:00' AIRFLOW_CTX_TRY_NUMBER='2' AIRFLOW_CTX_DAG_RUN_ID='scheduled__2026-03-18T05:30:00+00:00'
[2026-03-18T05:40:04.455+0000] {taskinstance.py:430} INFO - ::endgroup::
[2026-03-18T05:40:04.457+0000] {subprocess.py:63} INFO - Tmp dir root location: /tmp
[2026-03-18T05:40:04.457+0000] {subprocess.py:75} INFO - Running command: ['/usr/bin/bash', '-c', 'python /opt/***/scripts/fetch_crypto.py']
[2026-03-18T05:40:04.464+0000] {subprocess.py:86} INFO - Output:
[2026-03-18T05:40:05.300+0000] {subprocess.py:93} INFO - Traceback (most recent call last):
[2026-03-18T05:40:05.301+0000] {subprocess.py:93} INFO -   File "/opt/***/scripts/fetch_crypto.py", line 23, in <module>
[2026-03-18T05:40:05.301+0000] {subprocess.py:93} INFO -     with open(file_path, "w") as f:
[2026-03-18T05:40:05.302+0000] {subprocess.py:93} INFO -          ^^^^^^^^^^^^^^^^^^^^
[2026-03-18T05:40:05.302+0000] {subprocess.py:93} INFO - FileNotFoundError: [Errno 2] No such file or directory: '/opt/***/data/crypto_data.json'
[2026-03-18T05:40:05.318+0000] {subprocess.py:97} INFO - Command exited with return code 1
[2026-03-18T05:40:05.319+0000] {taskinstance.py:441} INFO - ::group::Post task execution logs
[2026-03-18T05:40:05.326+0000] {taskinstance.py:2905} ERROR - Task failed with exception
Traceback (most recent call last):
  File "/home/airflow/.local/lib/python3.12/site-packages/airflow/models/taskinstance.py", line 465, in _execute_task
    result = _execute_callable(context=context, **execute_callable_kwargs)
             ^^^^^^^^^^^^^^^^^^^^^^^^^^^^^^^^^^^^^^^^^^^^^^^^^^^^^^^^^^^^^
  File "/home/airflow/.local/lib/python3.12/site-packages/airflow/models/taskinstance.py", line 432, in _execute_callable
    return execute_callable(context=context, **execute_callable_kwargs)
           ^^^^^^^^^^^^^^^^^^^^^^^^^^^^^^^^^^^^^^^^^^^^^^^^^^^^^^^^^^^^
  File "/home/airflow/.local/lib/python3.12/site-packages/airflow/models/baseoperator.py", line 400, in wrapper
    return func(self, *args, **kwargs)
           ^^^^^^^^^^^^^^^^^^^^^^^^^^^
  File "/home/airflow/.local/lib/python3.12/site-packages/airflow/operators/bash.py", line 243, in execute
    raise AirflowException(
airflow.exceptions.AirflowException: Bash command failed. The command returned a non-zero exit code 1.
[2026-03-18T05:40:05.329+0000] {taskinstance.py:1206} INFO - Marking task as FAILED. dag_id=crypto_pipeline, task_id=fetch_data, run_id=scheduled__2026-03-18T05:30:00+00:00, execution_date=20260318T053000, start_date=20260318T054004, end_date=20260318T054005
[2026-03-18T05:40:05.337+0000] {standard_task_runner.py:110} ERROR - Failed to execute job 9 for task fetch_data (Bash command failed. The command returned a non-zero exit code 1.; 373)
[2026-03-18T05:40:05.368+0000] {local_task_job_runner.py:240} INFO - Task exited with return code 1
[2026-03-18T05:40:05.386+0000] {taskinstance.py:3498} INFO - 0 downstream tasks scheduled from follow-on schedule check
[2026-03-18T05:40:05.388+0000] {local_task_job_runner.py:222} INFO - ::endgroup::
