[2026-03-18T09:11:44.572+0000] {local_task_job_runner.py:120} INFO - ::group::Pre task execution logs
[2026-03-18T09:11:44.583+0000] {taskinstance.py:2076} INFO - Dependencies all met for dep_context=non-requeueable deps ti=<TaskInstance: crypto_pipeline.fetch_data scheduled__2026-03-18T08:50:00+00:00 [queued]>
[2026-03-18T09:11:44.586+0000] {taskinstance.py:2076} INFO - Dependencies all met for dep_context=requeueable deps ti=<TaskInstance: crypto_pipeline.fetch_data scheduled__2026-03-18T08:50:00+00:00 [queued]>
[2026-03-18T09:11:44.587+0000] {taskinstance.py:2306} INFO - Starting attempt 2 of 2
[2026-03-18T09:11:44.592+0000] {taskinstance.py:2330} INFO - Executing <Task(BashOperator): fetch_data> on 2026-03-18 08:50:00+00:00
[2026-03-18T09:11:44.597+0000] {warnings.py:110} WARNING - /home/***/.local/lib/python3.12/site-packages/***/task/task_runner/standard_task_runner.py:61: DeprecationWarning: This process (pid=582) is multi-threaded, use of fork() may lead to deadlocks in the child.
  pid = os.fork()

[2026-03-18T09:11:44.598+0000] {standard_task_runner.py:63} INFO - Started process 584 to run task
[2026-03-18T09:11:44.598+0000] {standard_task_runner.py:90} INFO - Running: ['***', 'tasks', 'run', 'crypto_pipeline', 'fetch_data', 'scheduled__2026-03-18T08:50:00+00:00', '--job-id', '80', '--raw', '--subdir', 'DAGS_FOLDER/crypto_pipeline_dag.py', '--cfg-path', '/tmp/tmp714555os']
[2026-03-18T09:11:44.600+0000] {standard_task_runner.py:91} INFO - Job 80: Subtask fetch_data
[2026-03-18T09:11:44.634+0000] {task_command.py:426} INFO - Running <TaskInstance: crypto_pipeline.fetch_data scheduled__2026-03-18T08:50:00+00:00 [running]> on host b022b501df4a
[2026-03-18T09:11:44.684+0000] {taskinstance.py:2648} INFO - Exporting env vars: AIRFLOW_CTX_DAG_OWNER='anish' AIRFLOW_CTX_DAG_ID='crypto_pipeline' AIRFLOW_CTX_TASK_ID='fetch_data' AIRFLOW_CTX_EXECUTION_DATE='2026-03-18T08:50:00+00:00' AIRFLOW_CTX_TRY_NUMBER='2' AIRFLOW_CTX_DAG_RUN_ID='scheduled__2026-03-18T08:50:00+00:00'
[2026-03-18T09:11:44.686+0000] {taskinstance.py:430} INFO - ::endgroup::
[2026-03-18T09:11:44.687+0000] {subprocess.py:63} INFO - Tmp dir root location: /tmp
[2026-03-18T09:11:44.687+0000] {subprocess.py:75} INFO - Running command: ['/usr/bin/bash', '-c', 'python3 /opt/***/scripts/fetch_crypto.py']
[2026-03-18T09:11:44.693+0000] {subprocess.py:86} INFO - Output:
[2026-03-18T09:11:45.350+0000] {subprocess.py:93} INFO - Fetching crypto data...
[2026-03-18T09:11:45.354+0000] {subprocess.py:93} INFO - Data saved to /opt/***/data/crypto.json
[2026-03-18T09:11:45.354+0000] {subprocess.py:93} INFO - Data fetched: {'bitcoin': {'usd': 74136}, 'ethereum': {'usd': 2326.82}}
[2026-03-18T09:11:45.367+0000] {subprocess.py:97} INFO - Command exited with return code 0
[2026-03-18T09:11:45.368+0000] {taskinstance.py:441} INFO - ::group::Post task execution logs
[2026-03-18T09:11:45.384+0000] {taskinstance.py:1206} INFO - Marking task as SUCCESS. dag_id=crypto_pipeline, task_id=fetch_data, run_id=scheduled__2026-03-18T08:50:00+00:00, execution_date=20260318T085000, start_date=20260318T091144, end_date=20260318T091145
[2026-03-18T09:11:45.428+0000] {local_task_job_runner.py:240} INFO - Task exited with return code 0
[2026-03-18T09:11:45.444+0000] {taskinstance.py:3498} INFO - 1 downstream tasks scheduled from follow-on schedule check
[2026-03-18T09:11:45.445+0000] {local_task_job_runner.py:222} INFO - ::endgroup::
