[2026-03-18T12:35:03.868+0000] {local_task_job_runner.py:120} INFO - ::group::Pre task execution logs
[2026-03-18T12:35:03.880+0000] {taskinstance.py:2076} INFO - Dependencies all met for dep_context=non-requeueable deps ti=<TaskInstance: crypto_pipeline.load_data scheduled__2026-03-18T12:34:00+00:00 [queued]>
[2026-03-18T12:35:03.884+0000] {taskinstance.py:2076} INFO - Dependencies all met for dep_context=requeueable deps ti=<TaskInstance: crypto_pipeline.load_data scheduled__2026-03-18T12:34:00+00:00 [queued]>
[2026-03-18T12:35:03.885+0000] {taskinstance.py:2306} INFO - Starting attempt 1 of 2
[2026-03-18T12:35:03.891+0000] {taskinstance.py:2330} INFO - Executing <Task(BashOperator): load_data> on 2026-03-18 12:34:00+00:00
[2026-03-18T12:35:03.896+0000] {warnings.py:110} WARNING - /home/***/.local/lib/python3.12/site-packages/***/task/task_runner/standard_task_runner.py:61: DeprecationWarning: This process (pid=1062) is multi-threaded, use of fork() may lead to deadlocks in the child.
  pid = os.fork()

[2026-03-18T12:35:03.899+0000] {standard_task_runner.py:63} INFO - Started process 1064 to run task
[2026-03-18T12:35:03.897+0000] {standard_task_runner.py:90} INFO - Running: ['***', 'tasks', 'run', 'crypto_pipeline', 'load_data', 'scheduled__2026-03-18T12:34:00+00:00', '--job-id', '283', '--raw', '--subdir', 'DAGS_FOLDER/crypto_pipeline_dag.py', '--cfg-path', '/tmp/tmp42rsx9x0']
[2026-03-18T12:35:03.899+0000] {standard_task_runner.py:91} INFO - Job 283: Subtask load_data
[2026-03-18T12:35:03.925+0000] {task_command.py:426} INFO - Running <TaskInstance: crypto_pipeline.load_data scheduled__2026-03-18T12:34:00+00:00 [running]> on host 70adc5a0e7fa
[2026-03-18T12:35:03.964+0000] {taskinstance.py:2648} INFO - Exporting env vars: AIRFLOW_CTX_DAG_OWNER='anish' AIRFLOW_CTX_DAG_ID='crypto_pipeline' AIRFLOW_CTX_TASK_ID='load_data' AIRFLOW_CTX_EXECUTION_DATE='2026-03-18T12:34:00+00:00' AIRFLOW_CTX_TRY_NUMBER='1' AIRFLOW_CTX_DAG_RUN_ID='scheduled__2026-03-18T12:34:00+00:00'
[2026-03-18T12:35:03.965+0000] {taskinstance.py:430} INFO - ::endgroup::
[2026-03-18T12:35:03.966+0000] {subprocess.py:63} INFO - Tmp dir root location: /tmp
[2026-03-18T12:35:03.966+0000] {subprocess.py:75} INFO - Running command: ['/usr/bin/bash', '-c', 'python3 /opt/***/scripts/load_to_db.py']
[2026-03-18T12:35:03.971+0000] {subprocess.py:86} INFO - Output:
[2026-03-18T12:35:04.596+0000] {subprocess.py:93} INFO - ✅ Data loaded into database with timestamp
[2026-03-18T12:35:04.647+0000] {subprocess.py:97} INFO - Command exited with return code 0
[2026-03-18T12:35:04.648+0000] {taskinstance.py:441} INFO - ::group::Post task execution logs
[2026-03-18T12:35:04.659+0000] {taskinstance.py:1206} INFO - Marking task as SUCCESS. dag_id=crypto_pipeline, task_id=load_data, run_id=scheduled__2026-03-18T12:34:00+00:00, execution_date=20260318T123400, start_date=20260318T123503, end_date=20260318T123504
[2026-03-18T12:35:04.685+0000] {local_task_job_runner.py:240} INFO - Task exited with return code 0
[2026-03-18T12:35:04.698+0000] {taskinstance.py:3498} INFO - 1 downstream tasks scheduled from follow-on schedule check
[2026-03-18T12:35:04.699+0000] {local_task_job_runner.py:222} INFO - ::endgroup::
