[2026-03-19T03:32:22.648+0000] {local_task_job_runner.py:120} INFO - ::group::Pre task execution logs
[2026-03-19T03:32:22.713+0000] {taskinstance.py:2076} INFO - Dependencies all met for dep_context=non-requeueable deps ti=<TaskInstance: crypto_pipeline.transform_data scheduled__2026-03-19T03:31:00+00:00 [queued]>
[2026-03-19T03:32:22.729+0000] {taskinstance.py:2076} INFO - Dependencies all met for dep_context=requeueable deps ti=<TaskInstance: crypto_pipeline.transform_data scheduled__2026-03-19T03:31:00+00:00 [queued]>
[2026-03-19T03:32:22.730+0000] {taskinstance.py:2306} INFO - Starting attempt 1 of 2
[2026-03-19T03:32:22.767+0000] {taskinstance.py:2330} INFO - Executing <Task(BashOperator): transform_data> on 2026-03-19 03:31:00+00:00
[2026-03-19T03:32:22.807+0000] {warnings.py:110} WARNING - /home/***/.local/lib/python3.12/site-packages/***/task/task_runner/standard_task_runner.py:61: DeprecationWarning: This process (pid=9305) is multi-threaded, use of fork() may lead to deadlocks in the child.
  pid = os.fork()

[2026-03-19T03:32:22.814+0000] {standard_task_runner.py:63} INFO - Started process 9307 to run task
[2026-03-19T03:32:22.810+0000] {standard_task_runner.py:90} INFO - Running: ['***', 'tasks', 'run', 'crypto_pipeline', 'transform_data', 'scheduled__2026-03-19T03:31:00+00:00', '--job-id', '1264', '--raw', '--subdir', 'DAGS_FOLDER/crypto_pipeline_dag.py', '--cfg-path', '/tmp/tmpgb1mpx9d']
[2026-03-19T03:32:22.820+0000] {standard_task_runner.py:91} INFO - Job 1264: Subtask transform_data
[2026-03-19T03:32:22.937+0000] {task_command.py:426} INFO - Running <TaskInstance: crypto_pipeline.transform_data scheduled__2026-03-19T03:31:00+00:00 [running]> on host 70adc5a0e7fa
[2026-03-19T03:32:23.058+0000] {taskinstance.py:2648} INFO - Exporting env vars: AIRFLOW_CTX_DAG_OWNER='anish' AIRFLOW_CTX_DAG_ID='crypto_pipeline' AIRFLOW_CTX_TASK_ID='transform_data' AIRFLOW_CTX_EXECUTION_DATE='2026-03-19T03:31:00+00:00' AIRFLOW_CTX_TRY_NUMBER='1' AIRFLOW_CTX_DAG_RUN_ID='scheduled__2026-03-19T03:31:00+00:00'
[2026-03-19T03:32:23.062+0000] {taskinstance.py:430} INFO - ::endgroup::
[2026-03-19T03:32:23.063+0000] {subprocess.py:63} INFO - Tmp dir root location: /tmp
[2026-03-19T03:32:23.065+0000] {subprocess.py:75} INFO - Running command: ['/usr/bin/bash', '-c', 'psql postgresql://***:***@postgres/*** -f /opt/***/scripts/transform.sql']
[2026-03-19T03:32:23.077+0000] {subprocess.py:86} INFO - Output:
[2026-03-19T03:32:23.145+0000] {subprocess.py:93} INFO - DROP TABLE
[2026-03-19T03:32:23.153+0000] {subprocess.py:93} INFO - SELECT 1512
[2026-03-19T03:32:23.155+0000] {subprocess.py:97} INFO - Command exited with return code 0
[2026-03-19T03:32:23.156+0000] {taskinstance.py:441} INFO - ::group::Post task execution logs
[2026-03-19T03:32:23.182+0000] {taskinstance.py:1206} INFO - Marking task as SUCCESS. dag_id=crypto_pipeline, task_id=transform_data, run_id=scheduled__2026-03-19T03:31:00+00:00, execution_date=20260319T033100, start_date=20260319T033222, end_date=20260319T033223
[2026-03-19T03:32:23.215+0000] {local_task_job_runner.py:240} INFO - Task exited with return code 0
[2026-03-19T03:32:23.246+0000] {taskinstance.py:3498} INFO - 0 downstream tasks scheduled from follow-on schedule check
[2026-03-19T03:32:23.249+0000] {local_task_job_runner.py:222} INFO - ::endgroup::
