[2026-03-18T09:06:44.239+0000] {local_task_job_runner.py:120} INFO - ::group::Pre task execution logs
[2026-03-18T09:06:44.294+0000] {taskinstance.py:2076} INFO - Dependencies all met for dep_context=non-requeueable deps ti=<TaskInstance: crypto_pipeline.load_data scheduled__2026-03-18T08:30:00+00:00 [queued]>
[2026-03-18T09:06:44.312+0000] {taskinstance.py:2076} INFO - Dependencies all met for dep_context=requeueable deps ti=<TaskInstance: crypto_pipeline.load_data scheduled__2026-03-18T08:30:00+00:00 [queued]>
[2026-03-18T09:06:44.316+0000] {taskinstance.py:2306} INFO - Starting attempt 1 of 2
[2026-03-18T09:06:44.335+0000] {taskinstance.py:2330} INFO - Executing <Task(BashOperator): load_data> on 2026-03-18 08:30:00+00:00
[2026-03-18T09:06:44.356+0000] {warnings.py:110} WARNING - /home/***/.local/lib/python3.12/site-packages/***/task/task_runner/standard_task_runner.py:61: DeprecationWarning: This process (pid=437) is multi-threaded, use of fork() may lead to deadlocks in the child.
  pid = os.fork()

[2026-03-18T09:06:44.363+0000] {standard_task_runner.py:63} INFO - Started process 448 to run task
[2026-03-18T09:06:44.364+0000] {standard_task_runner.py:90} INFO - Running: ['***', 'tasks', 'run', 'crypto_pipeline', 'load_data', 'scheduled__2026-03-18T08:30:00+00:00', '--job-id', '72', '--raw', '--subdir', 'DAGS_FOLDER/crypto_pipeline_dag.py', '--cfg-path', '/tmp/tmpmxcky7p2']
[2026-03-18T09:06:44.375+0000] {standard_task_runner.py:91} INFO - Job 72: Subtask load_data
[2026-03-18T09:06:44.468+0000] {task_command.py:426} INFO - Running <TaskInstance: crypto_pipeline.load_data scheduled__2026-03-18T08:30:00+00:00 [running]> on host b022b501df4a
[2026-03-18T09:06:44.660+0000] {taskinstance.py:2648} INFO - Exporting env vars: AIRFLOW_CTX_DAG_OWNER='anish' AIRFLOW_CTX_DAG_ID='crypto_pipeline' AIRFLOW_CTX_TASK_ID='load_data' AIRFLOW_CTX_EXECUTION_DATE='2026-03-18T08:30:00+00:00' AIRFLOW_CTX_TRY_NUMBER='1' AIRFLOW_CTX_DAG_RUN_ID='scheduled__2026-03-18T08:30:00+00:00'
[2026-03-18T09:06:44.670+0000] {taskinstance.py:430} INFO - ::endgroup::
[2026-03-18T09:06:44.683+0000] {subprocess.py:63} INFO - Tmp dir root location: /tmp
[2026-03-18T09:06:44.690+0000] {subprocess.py:75} INFO - Running command: ['/usr/bin/bash', '-c', 'python3 /opt/***/scripts/load_to_db.py']
[2026-03-18T09:06:44.719+0000] {subprocess.py:86} INFO - Output:
[2026-03-18T09:06:47.169+0000] {subprocess.py:93} INFO - Traceback (most recent call last):
[2026-03-18T09:06:47.180+0000] {subprocess.py:93} INFO -   File "/home/***/.local/lib/python3.12/site-packages/sqlalchemy/engine/base.py", line 1910, in _execute_context
[2026-03-18T09:06:47.183+0000] {subprocess.py:93} INFO -     self.dialect.do_execute(
[2026-03-18T09:06:47.185+0000] {subprocess.py:93} INFO -   File "/home/***/.local/lib/python3.12/site-packages/sqlalchemy/engine/default.py", line 736, in do_execute
[2026-03-18T09:06:47.185+0000] {subprocess.py:93} INFO -     cursor.execute(statement, parameters)
[2026-03-18T09:06:47.188+0000] {subprocess.py:93} INFO - psycopg2.errors.UniqueViolation: duplicate key value violates unique constraint "pg_type_typname_nsp_index"
[2026-03-18T09:06:47.188+0000] {subprocess.py:93} INFO - DETAIL:  Key (typname, typnamespace)=(crypto_raw, 2200) already exists.
[2026-03-18T09:06:47.188+0000] {subprocess.py:93} INFO - 
[2026-03-18T09:06:47.189+0000] {subprocess.py:93} INFO - 
[2026-03-18T09:06:47.190+0000] {subprocess.py:93} INFO - The above exception was the direct cause of the following exception:
[2026-03-18T09:06:47.190+0000] {subprocess.py:93} INFO - 
[2026-03-18T09:06:47.191+0000] {subprocess.py:93} INFO - Traceback (most recent call last):
[2026-03-18T09:06:47.191+0000] {subprocess.py:93} INFO -   File "/opt/***/scripts/load_to_db.py", line 25, in <module>
[2026-03-18T09:06:47.192+0000] {subprocess.py:93} INFO -     df.to_sql("crypto_raw", engine, if_exists="replace", index=False)
[2026-03-18T09:06:47.193+0000] {subprocess.py:93} INFO -   File "/home/***/.local/lib/python3.12/site-packages/pandas/util/_decorators.py", line 333, in wrapper
[2026-03-18T09:06:47.194+0000] {subprocess.py:93} INFO -     return func(*args, **kwargs)
[2026-03-18T09:06:47.196+0000] {subprocess.py:93} INFO -            ^^^^^^^^^^^^^^^^^^^^^
[2026-03-18T09:06:47.196+0000] {subprocess.py:93} INFO -   File "/home/***/.local/lib/python3.12/site-packages/pandas/core/generic.py", line 3008, in to_sql
[2026-03-18T09:06:47.197+0000] {subprocess.py:93} INFO -     return sql.to_sql(
[2026-03-18T09:06:47.198+0000] {subprocess.py:93} INFO -            ^^^^^^^^^^^
[2026-03-18T09:06:47.198+0000] {subprocess.py:93} INFO -   File "/home/***/.local/lib/python3.12/site-packages/pandas/io/sql.py", line 788, in to_sql
[2026-03-18T09:06:47.200+0000] {subprocess.py:93} INFO -     return pandas_sql.to_sql(
[2026-03-18T09:06:47.201+0000] {subprocess.py:93} INFO -            ^^^^^^^^^^^^^^^^^^
[2026-03-18T09:06:47.201+0000] {subprocess.py:93} INFO -   File "/home/***/.local/lib/python3.12/site-packages/pandas/io/sql.py", line 1948, in to_sql
[2026-03-18T09:06:47.203+0000] {subprocess.py:93} INFO -     table = self.prep_table(
[2026-03-18T09:06:47.204+0000] {subprocess.py:93} INFO -             ^^^^^^^^^^^^^^^^
[2026-03-18T09:06:47.204+0000] {subprocess.py:93} INFO -   File "/home/***/.local/lib/python3.12/site-packages/pandas/io/sql.py", line 1852, in prep_table
[2026-03-18T09:06:47.205+0000] {subprocess.py:93} INFO -     table.create()
[2026-03-18T09:06:47.210+0000] {subprocess.py:93} INFO -   File "/home/***/.local/lib/python3.12/site-packages/pandas/io/sql.py", line 936, in create
[2026-03-18T09:06:47.210+0000] {subprocess.py:93} INFO -     self._execute_create()
[2026-03-18T09:06:47.214+0000] {subprocess.py:93} INFO -   File "/home/***/.local/lib/python3.12/site-packages/pandas/io/sql.py", line 922, in _execute_create
[2026-03-18T09:06:47.214+0000] {subprocess.py:93} INFO -     self.table.create(bind=self.pd_sql.con)
[2026-03-18T09:06:47.216+0000] {subprocess.py:93} INFO -   File "/home/***/.local/lib/python3.12/site-packages/sqlalchemy/sql/schema.py", line 962, in create
[2026-03-18T09:06:47.217+0000] {subprocess.py:93} INFO -     bind._run_ddl_visitor(ddl.SchemaGenerator, self, checkfirst=checkfirst)
[2026-03-18T09:06:47.219+0000] {subprocess.py:93} INFO -   File "/home/***/.local/lib/python3.12/site-packages/sqlalchemy/engine/base.py", line 2221, in _run_ddl_visitor
[2026-03-18T09:06:47.219+0000] {subprocess.py:93} INFO -     visitorcallable(self.dialect, self, **kwargs).traverse_single(element)
[2026-03-18T09:06:47.219+0000] {subprocess.py:93} INFO -   File "/home/***/.local/lib/python3.12/site-packages/sqlalchemy/sql/visitors.py", line 524, in traverse_single
[2026-03-18T09:06:47.224+0000] {subprocess.py:93} INFO -     return meth(obj, **kw)
[2026-03-18T09:06:47.224+0000] {subprocess.py:93} INFO -            ^^^^^^^^^^^^^^^
[2026-03-18T09:06:47.225+0000] {subprocess.py:93} INFO -   File "/home/***/.local/lib/python3.12/site-packages/sqlalchemy/sql/ddl.py", line 899, in visit_table
[2026-03-18T09:06:47.225+0000] {subprocess.py:93} INFO -     self.connection.execute(
[2026-03-18T09:06:47.226+0000] {subprocess.py:93} INFO -   File "/home/***/.local/lib/python3.12/site-packages/sqlalchemy/engine/base.py", line 1385, in execute
[2026-03-18T09:06:47.226+0000] {subprocess.py:93} INFO -     return meth(self, multiparams, params, _EMPTY_EXECUTION_OPTS)
[2026-03-18T09:06:47.226+0000] {subprocess.py:93} INFO -            ^^^^^^^^^^^^^^^^^^^^^^^^^^^^^^^^^^^^^^^^^^^^^^^^^^^^^^
[2026-03-18T09:06:47.226+0000] {subprocess.py:93} INFO -   File "/home/***/.local/lib/python3.12/site-packages/sqlalchemy/sql/ddl.py", line 80, in _execute_on_connection
[2026-03-18T09:06:47.227+0000] {subprocess.py:93} INFO -     return connection._execute_ddl(
[2026-03-18T09:06:47.227+0000] {subprocess.py:93} INFO -            ^^^^^^^^^^^^^^^^^^^^^^^^
[2026-03-18T09:06:47.228+0000] {subprocess.py:93} INFO -   File "/home/***/.local/lib/python3.12/site-packages/sqlalchemy/engine/base.py", line 1477, in _execute_ddl
[2026-03-18T09:06:47.229+0000] {subprocess.py:93} INFO -     ret = self._execute_context(
[2026-03-18T09:06:47.229+0000] {subprocess.py:93} INFO -           ^^^^^^^^^^^^^^^^^^^^^^
[2026-03-18T09:06:47.229+0000] {subprocess.py:93} INFO -   File "/home/***/.local/lib/python3.12/site-packages/sqlalchemy/engine/base.py", line 1953, in _execute_context
[2026-03-18T09:06:47.231+0000] {subprocess.py:93} INFO -     self._handle_dbapi_exception(
[2026-03-18T09:06:47.231+0000] {subprocess.py:93} INFO -   File "/home/***/.local/lib/python3.12/site-packages/sqlalchemy/engine/base.py", line 2134, in _handle_dbapi_exception
[2026-03-18T09:06:47.231+0000] {subprocess.py:93} INFO -     util.raise_(
[2026-03-18T09:06:47.232+0000] {subprocess.py:93} INFO -   File "/home/***/.local/lib/python3.12/site-packages/sqlalchemy/util/compat.py", line 211, in raise_
[2026-03-18T09:06:47.233+0000] {subprocess.py:93} INFO -     raise exception
[2026-03-18T09:06:47.233+0000] {subprocess.py:93} INFO -   File "/home/***/.local/lib/python3.12/site-packages/sqlalchemy/engine/base.py", line 1910, in _execute_context
[2026-03-18T09:06:47.234+0000] {subprocess.py:93} INFO -     self.dialect.do_execute(
[2026-03-18T09:06:47.235+0000] {subprocess.py:93} INFO -   File "/home/***/.local/lib/python3.12/site-packages/sqlalchemy/engine/default.py", line 736, in do_execute
[2026-03-18T09:06:47.235+0000] {subprocess.py:93} INFO -     cursor.execute(statement, parameters)
[2026-03-18T09:06:47.236+0000] {subprocess.py:93} INFO - sqlalchemy.exc.IntegrityError: (psycopg2.errors.UniqueViolation) duplicate key value violates unique constraint "pg_type_typname_nsp_index"
[2026-03-18T09:06:47.237+0000] {subprocess.py:93} INFO - DETAIL:  Key (typname, typnamespace)=(crypto_raw, 2200) already exists.
[2026-03-18T09:06:47.237+0000] {subprocess.py:93} INFO - 
[2026-03-18T09:06:47.238+0000] {subprocess.py:93} INFO - [SQL:
[2026-03-18T09:06:47.239+0000] {subprocess.py:93} INFO - CREATE TABLE crypto_raw (
[2026-03-18T09:06:47.240+0000] {subprocess.py:93} INFO - 	coin TEXT,
[2026-03-18T09:06:47.241+0000] {subprocess.py:93} INFO - 	price_usd FLOAT(53)
[2026-03-18T09:06:47.241+0000] {subprocess.py:93} INFO - )
[2026-03-18T09:06:47.242+0000] {subprocess.py:93} INFO - 
[2026-03-18T09:06:47.242+0000] {subprocess.py:93} INFO - ]
[2026-03-18T09:06:47.242+0000] {subprocess.py:93} INFO - (Background on this error at: https://sqlalche.me/e/14/gkpj)
[2026-03-18T09:06:47.384+0000] {subprocess.py:97} INFO - Command exited with return code 1
[2026-03-18T09:06:47.388+0000] {taskinstance.py:441} INFO - ::group::Post task execution logs
[2026-03-18T09:06:47.434+0000] {taskinstance.py:2905} ERROR - Task failed with exception
Traceback (most recent call last):
  File "/home/airflow/.local/lib/python3.12/site-packages/airflow/models/taskinstance.py", line 465, in _execute_task
    result = _execute_callable(context=context, **execute_callable_kwargs)
             ^^^^^^^^^^^^^^^^^^^^^^^^^^^^^^^^^^^^^^^^^^^^^^^^^^^^^^^^^^^^^
  File "/home/airflow/.local/lib/python3.12/site-packages/airflow/models/taskinstance.py", line 432, in _execute_callable
    return execute_callable(context=context, **execute_callable_kwargs)
           ^^^^^^^^^^^^^^^^^^^^^^^^^^^^^^^^^^^^^^^^^^^^^^^^^^^^^^^^^^^^
  File "/home/airflow/.local/lib/python3.12/site-packages/airflow/models/baseoperator.py", line 400, in wrapper
    return func(self, *args, **kwargs)
           ^^^^^^^^^^^^^^^^^^^^^^^^^^^
  File "/home/airflow/.local/lib/python3.12/site-packages/airflow/operators/bash.py", line 243, in execute
    raise AirflowException(
airflow.exceptions.AirflowException: Bash command failed. The command returned a non-zero exit code 1.
[2026-03-18T09:06:47.459+0000] {taskinstance.py:1206} INFO - Marking task as UP_FOR_RETRY. dag_id=crypto_pipeline, task_id=load_data, run_id=scheduled__2026-03-18T08:30:00+00:00, execution_date=20260318T083000, start_date=20260318T090644, end_date=20260318T090647
[2026-03-18T09:06:47.510+0000] {standard_task_runner.py:110} ERROR - Failed to execute job 72 for task load_data (Bash command failed. The command returned a non-zero exit code 1.; 448)
[2026-03-18T09:06:47.572+0000] {local_task_job_runner.py:240} INFO - Task exited with return code 1
[2026-03-18T09:06:47.665+0000] {taskinstance.py:3498} INFO - 0 downstream tasks scheduled from follow-on schedule check
[2026-03-18T09:06:47.672+0000] {local_task_job_runner.py:222} INFO - ::endgroup::
