[2026-03-19T09:47:01.234+0000] {local_task_job_runner.py:120} INFO - ::group::Pre task execution logs
[2026-03-19T09:47:01.246+0000] {taskinstance.py:2076} INFO - Dependencies all met for dep_context=non-requeueable deps ti=<TaskInstance: crypto_pipeline.fetch_data scheduled__2026-03-19T09:46:00+00:00 [queued]>
[2026-03-19T09:47:01.250+0000] {taskinstance.py:2076} INFO - Dependencies all met for dep_context=requeueable deps ti=<TaskInstance: crypto_pipeline.fetch_data scheduled__2026-03-19T09:46:00+00:00 [queued]>
[2026-03-19T09:47:01.250+0000] {taskinstance.py:2306} INFO - Starting attempt 1 of 2
[2026-03-19T09:47:01.256+0000] {taskinstance.py:2330} INFO - Executing <Task(BashOperator): fetch_data> on 2026-03-19 09:46:00+00:00
[2026-03-19T09:47:01.266+0000] {warnings.py:110} WARNING - /home/***/.local/lib/python3.12/site-packages/***/task/task_runner/standard_task_runner.py:61: DeprecationWarning: This process (pid=12503) is multi-threaded, use of fork() may lead to deadlocks in the child.
  pid = os.fork()

[2026-03-19T09:47:01.268+0000] {standard_task_runner.py:63} INFO - Started process 12505 to run task
[2026-03-19T09:47:01.268+0000] {standard_task_runner.py:90} INFO - Running: ['***', 'tasks', 'run', 'crypto_pipeline', 'fetch_data', 'scheduled__2026-03-19T09:46:00+00:00', '--job-id', '1664', '--raw', '--subdir', 'DAGS_FOLDER/crypto_pipeline_dag.py', '--cfg-path', '/tmp/tmpq_6dma6c']
[2026-03-19T09:47:01.270+0000] {standard_task_runner.py:91} INFO - Job 1664: Subtask fetch_data
[2026-03-19T09:47:01.309+0000] {task_command.py:426} INFO - Running <TaskInstance: crypto_pipeline.fetch_data scheduled__2026-03-19T09:46:00+00:00 [running]> on host 70adc5a0e7fa
[2026-03-19T09:47:01.361+0000] {taskinstance.py:2648} INFO - Exporting env vars: AIRFLOW_CTX_DAG_OWNER='anish' AIRFLOW_CTX_DAG_ID='crypto_pipeline' AIRFLOW_CTX_TASK_ID='fetch_data' AIRFLOW_CTX_EXECUTION_DATE='2026-03-19T09:46:00+00:00' AIRFLOW_CTX_TRY_NUMBER='1' AIRFLOW_CTX_DAG_RUN_ID='scheduled__2026-03-19T09:46:00+00:00'
[2026-03-19T09:47:01.363+0000] {taskinstance.py:430} INFO - ::endgroup::
[2026-03-19T09:47:01.364+0000] {subprocess.py:63} INFO - Tmp dir root location: /tmp
[2026-03-19T09:47:01.365+0000] {subprocess.py:75} INFO - Running command: ['/usr/bin/bash', '-c', 'python3 /opt/***/scripts/fetch_crypto.py']
[2026-03-19T09:47:01.373+0000] {subprocess.py:86} INFO - Output:
[2026-03-19T09:47:07.102+0000] {subprocess.py:93} INFO - Fetching crypto data...
[2026-03-19T09:47:07.109+0000] {subprocess.py:93} INFO -  Data saved: {'bitcoin': {'usd': 70446}, 'cardano': {'usd': 0.270961}, 'dogecoin': {'usd': 0.094982}, 'ethereum': {'usd': 2183.35}, 'solana': {'usd': 89.82}}
[2026-03-19T09:47:07.151+0000] {subprocess.py:97} INFO - Command exited with return code 0
[2026-03-19T09:47:07.154+0000] {taskinstance.py:441} INFO - ::group::Post task execution logs
[2026-03-19T09:47:07.205+0000] {taskinstance.py:1206} INFO - Marking task as SUCCESS. dag_id=crypto_pipeline, task_id=fetch_data, run_id=scheduled__2026-03-19T09:46:00+00:00, execution_date=20260319T094600, start_date=20260319T094701, end_date=20260319T094707
[2026-03-19T09:47:07.230+0000] {local_task_job_runner.py:240} INFO - Task exited with return code 0
[2026-03-19T09:47:07.276+0000] {taskinstance.py:3498} INFO - 1 downstream tasks scheduled from follow-on schedule check
[2026-03-19T09:47:07.277+0000] {local_task_job_runner.py:222} INFO - ::endgroup::
