[2026-03-18T07:30:04.328+0000] {local_task_job_runner.py:120} INFO - ::group::Pre task execution logs
[2026-03-18T07:30:04.341+0000] {taskinstance.py:2076} INFO - Dependencies all met for dep_context=non-requeueable deps ti=<TaskInstance: crypto_pipeline.load_data scheduled__2026-03-18T07:25:00+00:00 [queued]>
[2026-03-18T07:30:04.345+0000] {taskinstance.py:2076} INFO - Dependencies all met for dep_context=requeueable deps ti=<TaskInstance: crypto_pipeline.load_data scheduled__2026-03-18T07:25:00+00:00 [queued]>
[2026-03-18T07:30:04.345+0000] {taskinstance.py:2306} INFO - Starting attempt 1 of 2
[2026-03-18T07:30:04.351+0000] {taskinstance.py:2330} INFO - Executing <Task(BashOperator): load_data> on 2026-03-18 07:25:00+00:00
[2026-03-18T07:30:04.361+0000] {warnings.py:110} WARNING - /home/***/.local/lib/python3.12/site-packages/***/task/task_runner/standard_task_runner.py:61: DeprecationWarning: This process (pid=490) is multi-threaded, use of fork() may lead to deadlocks in the child.
  pid = os.fork()

[2026-03-18T07:30:04.368+0000] {standard_task_runner.py:63} INFO - Started process 492 to run task
[2026-03-18T07:30:04.368+0000] {standard_task_runner.py:90} INFO - Running: ['***', 'tasks', 'run', 'crypto_pipeline', 'load_data', 'scheduled__2026-03-18T07:25:00+00:00', '--job-id', '100', '--raw', '--subdir', 'DAGS_FOLDER/crypto_pipeline_dag.py', '--cfg-path', '/tmp/tmpfgx842xn']
[2026-03-18T07:30:04.372+0000] {standard_task_runner.py:91} INFO - Job 100: Subtask load_data
[2026-03-18T07:30:04.425+0000] {task_command.py:426} INFO - Running <TaskInstance: crypto_pipeline.load_data scheduled__2026-03-18T07:25:00+00:00 [running]> on host 07ec4bbdbc76
[2026-03-18T07:30:04.481+0000] {taskinstance.py:2648} INFO - Exporting env vars: AIRFLOW_CTX_DAG_OWNER='anish' AIRFLOW_CTX_DAG_ID='crypto_pipeline' AIRFLOW_CTX_TASK_ID='load_data' AIRFLOW_CTX_EXECUTION_DATE='2026-03-18T07:25:00+00:00' AIRFLOW_CTX_TRY_NUMBER='1' AIRFLOW_CTX_DAG_RUN_ID='scheduled__2026-03-18T07:25:00+00:00'
[2026-03-18T07:30:04.483+0000] {taskinstance.py:430} INFO - ::endgroup::
[2026-03-18T07:30:04.485+0000] {subprocess.py:63} INFO - Tmp dir root location: /tmp
[2026-03-18T07:30:04.486+0000] {subprocess.py:75} INFO - Running command: ['/usr/bin/bash', '-c', 'python3 /opt/***/scripts/load_to_db.py']
[2026-03-18T07:30:04.493+0000] {subprocess.py:86} INFO - Output:
[2026-03-18T07:30:05.704+0000] {subprocess.py:93} INFO - Loading data into PostgreSQL...
[2026-03-18T07:30:05.708+0000] {subprocess.py:93} INFO - Transformed DataFrame:
[2026-03-18T07:30:05.709+0000] {subprocess.py:93} INFO -        coin  price_usd
[2026-03-18T07:30:05.710+0000] {subprocess.py:93} INFO - 0   bitcoin   73838.00
[2026-03-18T07:30:05.710+0000] {subprocess.py:93} INFO - 1  ethereum    2316.75
[2026-03-18T07:30:05.711+0000] {subprocess.py:93} INFO - Data loaded successfully into crypto_raw table
[2026-03-18T07:30:05.797+0000] {subprocess.py:97} INFO - Command exited with return code 0
[2026-03-18T07:30:05.800+0000] {taskinstance.py:441} INFO - ::group::Post task execution logs
[2026-03-18T07:30:05.838+0000] {taskinstance.py:1206} INFO - Marking task as SUCCESS. dag_id=crypto_pipeline, task_id=load_data, run_id=scheduled__2026-03-18T07:25:00+00:00, execution_date=20260318T072500, start_date=20260318T073004, end_date=20260318T073005
[2026-03-18T07:30:05.874+0000] {local_task_job_runner.py:240} INFO - Task exited with return code 0
[2026-03-18T07:30:05.913+0000] {taskinstance.py:3498} INFO - 1 downstream tasks scheduled from follow-on schedule check
[2026-03-18T07:30:05.914+0000] {local_task_job_runner.py:222} INFO - ::endgroup::
