[2026-03-18T08:34:02.231+0000] {local_task_job_runner.py:120} INFO - ::group::Pre task execution logs
[2026-03-18T08:34:02.266+0000] {taskinstance.py:2076} INFO - Dependencies all met for dep_context=non-requeueable deps ti=<TaskInstance: crypto_pipeline.load_data manual__2026-03-18T07:59:04.372414+00:00 [queued]>
[2026-03-18T08:34:02.280+0000] {taskinstance.py:2076} INFO - Dependencies all met for dep_context=requeueable deps ti=<TaskInstance: crypto_pipeline.load_data manual__2026-03-18T07:59:04.372414+00:00 [queued]>
[2026-03-18T08:34:02.283+0000] {taskinstance.py:2306} INFO - Starting attempt 4 of 4
[2026-03-18T08:34:02.306+0000] {taskinstance.py:2330} INFO - Executing <Task(BashOperator): load_data> on 2026-03-18 07:59:04.372414+00:00
[2026-03-18T08:34:02.319+0000] {warnings.py:110} WARNING - /home/***/.local/lib/python3.12/site-packages/***/task/task_runner/standard_task_runner.py:61: DeprecationWarning: This process (pid=324) is multi-threaded, use of fork() may lead to deadlocks in the child.
  pid = os.fork()

[2026-03-18T08:34:02.323+0000] {standard_task_runner.py:63} INFO - Started process 338 to run task
[2026-03-18T08:34:02.323+0000] {standard_task_runner.py:90} INFO - Running: ['***', 'tasks', 'run', 'crypto_pipeline', 'load_data', 'manual__2026-03-18T07:59:04.372414+00:00', '--job-id', '56', '--raw', '--subdir', 'DAGS_FOLDER/crypto_pipeline_dag.py', '--cfg-path', '/tmp/tmpczdmmarh']
[2026-03-18T08:34:02.331+0000] {standard_task_runner.py:91} INFO - Job 56: Subtask load_data
[2026-03-18T08:34:02.530+0000] {task_command.py:426} INFO - Running <TaskInstance: crypto_pipeline.load_data manual__2026-03-18T07:59:04.372414+00:00 [running]> on host b022b501df4a
[2026-03-18T08:34:04.928+0000] {taskinstance.py:2648} INFO - Exporting env vars: AIRFLOW_CTX_DAG_OWNER='anish' AIRFLOW_CTX_DAG_ID='crypto_pipeline' AIRFLOW_CTX_TASK_ID='load_data' AIRFLOW_CTX_EXECUTION_DATE='2026-03-18T07:59:04.372414+00:00' AIRFLOW_CTX_TRY_NUMBER='4' AIRFLOW_CTX_DAG_RUN_ID='manual__2026-03-18T07:59:04.372414+00:00'
[2026-03-18T08:34:05.035+0000] {taskinstance.py:430} INFO - ::endgroup::
[2026-03-18T08:34:05.588+0000] {subprocess.py:63} INFO - Tmp dir root location: /tmp
[2026-03-18T08:34:05.862+0000] {subprocess.py:75} INFO - Running command: ['/usr/bin/bash', '-c', 'python3 /opt/***/scripts/load_to_db.py']
[2026-03-18T08:34:06.724+0000] {subprocess.py:86} INFO - Output:
[2026-03-18T08:47:11.842+0000] {subprocess.py:93} INFO - Data loaded into database
[2026-03-18T08:47:12.283+0000] {subprocess.py:97} INFO - Command exited with return code 0
[2026-03-18T08:47:12.298+0000] {taskinstance.py:441} INFO - ::group::Post task execution logs
[2026-03-18T08:47:12.495+0000] {taskinstance.py:1206} INFO - Marking task as SUCCESS. dag_id=crypto_pipeline, task_id=load_data, run_id=manual__2026-03-18T07:59:04.372414+00:00, execution_date=20260318T075904, start_date=20260318T083402, end_date=20260318T084712
[2026-03-18T08:47:12.625+0000] {local_task_job_runner.py:240} INFO - Task exited with return code 0
[2026-03-18T08:47:12.686+0000] {local_task_job_runner.py:222} INFO - ::endgroup::
