[2026-03-18T08:24:12.750+0000] {local_task_job_runner.py:120} INFO - ::group::Pre task execution logs
[2026-03-18T08:24:12.779+0000] {taskinstance.py:2076} INFO - Dependencies all met for dep_context=non-requeueable deps ti=<TaskInstance: crypto_pipeline.load_data manual__2026-03-18T07:56:40.656232+00:00 [queued]>
[2026-03-18T08:24:12.792+0000] {taskinstance.py:2076} INFO - Dependencies all met for dep_context=requeueable deps ti=<TaskInstance: crypto_pipeline.load_data manual__2026-03-18T07:56:40.656232+00:00 [queued]>
[2026-03-18T08:24:12.794+0000] {taskinstance.py:2306} INFO - Starting attempt 4 of 5
[2026-03-18T08:24:12.814+0000] {taskinstance.py:2330} INFO - Executing <Task(BashOperator): load_data> on 2026-03-18 07:56:40.656232+00:00
[2026-03-18T08:24:12.827+0000] {warnings.py:110} WARNING - /home/***/.local/lib/python3.12/site-packages/***/task/task_runner/standard_task_runner.py:61: DeprecationWarning: This process (pid=169) is multi-threaded, use of fork() may lead to deadlocks in the child.
  pid = os.fork()

[2026-03-18T08:24:12.831+0000] {standard_task_runner.py:63} INFO - Started process 175 to run task
[2026-03-18T08:24:12.831+0000] {standard_task_runner.py:90} INFO - Running: ['***', 'tasks', 'run', 'crypto_pipeline', 'load_data', 'manual__2026-03-18T07:56:40.656232+00:00', '--job-id', '47', '--raw', '--subdir', 'DAGS_FOLDER/crypto_pipeline_dag.py', '--cfg-path', '/tmp/tmp4q2hdn0e']
[2026-03-18T08:24:12.844+0000] {standard_task_runner.py:91} INFO - Job 47: Subtask load_data
[2026-03-18T08:24:12.933+0000] {task_command.py:426} INFO - Running <TaskInstance: crypto_pipeline.load_data manual__2026-03-18T07:56:40.656232+00:00 [running]> on host b022b501df4a
[2026-03-18T08:24:13.055+0000] {taskinstance.py:2648} INFO - Exporting env vars: AIRFLOW_CTX_DAG_OWNER='anish' AIRFLOW_CTX_DAG_ID='crypto_pipeline' AIRFLOW_CTX_TASK_ID='load_data' AIRFLOW_CTX_EXECUTION_DATE='2026-03-18T07:56:40.656232+00:00' AIRFLOW_CTX_TRY_NUMBER='4' AIRFLOW_CTX_DAG_RUN_ID='manual__2026-03-18T07:56:40.656232+00:00'
[2026-03-18T08:24:13.060+0000] {taskinstance.py:430} INFO - ::endgroup::
[2026-03-18T08:24:13.062+0000] {subprocess.py:63} INFO - Tmp dir root location: /tmp
[2026-03-18T08:24:13.063+0000] {subprocess.py:75} INFO - Running command: ['/usr/bin/bash', '-c', 'python3 /opt/***/scripts/load_to_db.py']
[2026-03-18T08:24:13.077+0000] {subprocess.py:86} INFO - Output:
[2026-03-18T08:24:16.672+0000] {subprocess.py:93} INFO - Traceback (most recent call last):
[2026-03-18T08:24:16.788+0000] {subprocess.py:93} INFO -   File "/home/***/.local/lib/python3.12/site-packages/sqlalchemy/engine/base.py", line 1910, in _execute_context
[2026-03-18T08:24:16.795+0000] {subprocess.py:93} INFO -     self.dialect.do_execute(
[2026-03-18T08:24:16.796+0000] {subprocess.py:93} INFO -   File "/home/***/.local/lib/python3.12/site-packages/sqlalchemy/engine/default.py", line 736, in do_execute
[2026-03-18T08:24:16.797+0000] {subprocess.py:93} INFO -     cursor.execute(statement, parameters)
[2026-03-18T08:24:16.798+0000] {subprocess.py:93} INFO - psycopg2.errors.UniqueViolation: duplicate key value violates unique constraint "pg_type_typname_nsp_index"
[2026-03-18T08:24:16.801+0000] {subprocess.py:93} INFO - DETAIL:  Key (typname, typnamespace)=(crypto_raw, 2200) already exists.
[2026-03-18T08:24:16.803+0000] {subprocess.py:93} INFO - 
[2026-03-18T08:24:16.803+0000] {subprocess.py:93} INFO - 
[2026-03-18T08:24:16.804+0000] {subprocess.py:93} INFO - The above exception was the direct cause of the following exception:
[2026-03-18T08:24:16.805+0000] {subprocess.py:93} INFO - 
[2026-03-18T08:24:16.808+0000] {subprocess.py:93} INFO - Traceback (most recent call last):
[2026-03-18T08:24:16.810+0000] {subprocess.py:93} INFO -   File "/opt/***/scripts/load_to_db.py", line 25, in <module>
[2026-03-18T08:24:16.811+0000] {subprocess.py:93} INFO -     df.to_sql("crypto_raw", engine, if_exists="replace", index=False)
[2026-03-18T08:24:16.813+0000] {subprocess.py:93} INFO -   File "/home/***/.local/lib/python3.12/site-packages/pandas/util/_decorators.py", line 333, in wrapper
[2026-03-18T08:24:16.820+0000] {subprocess.py:93} INFO -     return func(*args, **kwargs)
[2026-03-18T08:24:16.832+0000] {subprocess.py:93} INFO -            ^^^^^^^^^^^^^^^^^^^^^
[2026-03-18T08:24:16.834+0000] {subprocess.py:93} INFO -   File "/home/***/.local/lib/python3.12/site-packages/pandas/core/generic.py", line 3008, in to_sql
[2026-03-18T08:24:16.837+0000] {subprocess.py:93} INFO -     return sql.to_sql(
[2026-03-18T08:24:16.839+0000] {subprocess.py:93} INFO -            ^^^^^^^^^^^
[2026-03-18T08:24:16.843+0000] {subprocess.py:93} INFO -   File "/home/***/.local/lib/python3.12/site-packages/pandas/io/sql.py", line 788, in to_sql
[2026-03-18T08:24:16.846+0000] {subprocess.py:93} INFO -     return pandas_sql.to_sql(
[2026-03-18T08:24:16.848+0000] {subprocess.py:93} INFO -            ^^^^^^^^^^^^^^^^^^
[2026-03-18T08:24:16.852+0000] {subprocess.py:93} INFO -   File "/home/***/.local/lib/python3.12/site-packages/pandas/io/sql.py", line 1948, in to_sql
[2026-03-18T08:24:16.852+0000] {subprocess.py:93} INFO -     table = self.prep_table(
[2026-03-18T08:24:16.854+0000] {subprocess.py:93} INFO -             ^^^^^^^^^^^^^^^^
[2026-03-18T08:24:16.854+0000] {subprocess.py:93} INFO -   File "/home/***/.local/lib/python3.12/site-packages/pandas/io/sql.py", line 1852, in prep_table
[2026-03-18T08:24:16.855+0000] {subprocess.py:93} INFO -     table.create()
[2026-03-18T08:24:16.856+0000] {subprocess.py:93} INFO -   File "/home/***/.local/lib/python3.12/site-packages/pandas/io/sql.py", line 936, in create
[2026-03-18T08:24:16.858+0000] {subprocess.py:93} INFO -     self._execute_create()
[2026-03-18T08:24:16.862+0000] {subprocess.py:93} INFO -   File "/home/***/.local/lib/python3.12/site-packages/pandas/io/sql.py", line 922, in _execute_create
[2026-03-18T08:24:16.863+0000] {subprocess.py:93} INFO -     self.table.create(bind=self.pd_sql.con)
[2026-03-18T08:24:16.865+0000] {subprocess.py:93} INFO -   File "/home/***/.local/lib/python3.12/site-packages/sqlalchemy/sql/schema.py", line 962, in create
[2026-03-18T08:24:16.867+0000] {subprocess.py:93} INFO -     bind._run_ddl_visitor(ddl.SchemaGenerator, self, checkfirst=checkfirst)
[2026-03-18T08:24:16.870+0000] {subprocess.py:93} INFO -   File "/home/***/.local/lib/python3.12/site-packages/sqlalchemy/engine/base.py", line 2221, in _run_ddl_visitor
[2026-03-18T08:24:16.870+0000] {subprocess.py:93} INFO -     visitorcallable(self.dialect, self, **kwargs).traverse_single(element)
[2026-03-18T08:24:16.872+0000] {subprocess.py:93} INFO -   File "/home/***/.local/lib/python3.12/site-packages/sqlalchemy/sql/visitors.py", line 524, in traverse_single
[2026-03-18T08:24:16.875+0000] {subprocess.py:93} INFO -     return meth(obj, **kw)
[2026-03-18T08:24:16.877+0000] {subprocess.py:93} INFO -            ^^^^^^^^^^^^^^^
[2026-03-18T08:24:16.878+0000] {subprocess.py:93} INFO -   File "/home/***/.local/lib/python3.12/site-packages/sqlalchemy/sql/ddl.py", line 899, in visit_table
[2026-03-18T08:24:16.880+0000] {subprocess.py:93} INFO -     self.connection.execute(
[2026-03-18T08:24:16.880+0000] {subprocess.py:93} INFO -   File "/home/***/.local/lib/python3.12/site-packages/sqlalchemy/engine/base.py", line 1385, in execute
[2026-03-18T08:24:16.885+0000] {subprocess.py:93} INFO -     return meth(self, multiparams, params, _EMPTY_EXECUTION_OPTS)
[2026-03-18T08:24:16.887+0000] {subprocess.py:93} INFO -            ^^^^^^^^^^^^^^^^^^^^^^^^^^^^^^^^^^^^^^^^^^^^^^^^^^^^^^
[2026-03-18T08:24:16.894+0000] {subprocess.py:93} INFO -   File "/home/***/.local/lib/python3.12/site-packages/sqlalchemy/sql/ddl.py", line 80, in _execute_on_connection
[2026-03-18T08:24:16.895+0000] {subprocess.py:93} INFO -     return connection._execute_ddl(
[2026-03-18T08:24:16.897+0000] {subprocess.py:93} INFO -            ^^^^^^^^^^^^^^^^^^^^^^^^
[2026-03-18T08:24:16.897+0000] {subprocess.py:93} INFO -   File "/home/***/.local/lib/python3.12/site-packages/sqlalchemy/engine/base.py", line 1477, in _execute_ddl
[2026-03-18T08:24:16.900+0000] {subprocess.py:93} INFO -     ret = self._execute_context(
[2026-03-18T08:24:16.902+0000] {subprocess.py:93} INFO -           ^^^^^^^^^^^^^^^^^^^^^^
[2026-03-18T08:24:16.904+0000] {subprocess.py:93} INFO -   File "/home/***/.local/lib/python3.12/site-packages/sqlalchemy/engine/base.py", line 1953, in _execute_context
[2026-03-18T08:24:16.906+0000] {subprocess.py:93} INFO -     self._handle_dbapi_exception(
[2026-03-18T08:24:16.907+0000] {subprocess.py:93} INFO -   File "/home/***/.local/lib/python3.12/site-packages/sqlalchemy/engine/base.py", line 2134, in _handle_dbapi_exception
[2026-03-18T08:24:16.910+0000] {subprocess.py:93} INFO -     util.raise_(
[2026-03-18T08:24:16.914+0000] {subprocess.py:93} INFO -   File "/home/***/.local/lib/python3.12/site-packages/sqlalchemy/util/compat.py", line 211, in raise_
[2026-03-18T08:24:16.917+0000] {subprocess.py:93} INFO -     raise exception
[2026-03-18T08:24:16.918+0000] {subprocess.py:93} INFO -   File "/home/***/.local/lib/python3.12/site-packages/sqlalchemy/engine/base.py", line 1910, in _execute_context
[2026-03-18T08:24:16.920+0000] {subprocess.py:93} INFO -     self.dialect.do_execute(
[2026-03-18T08:24:16.921+0000] {subprocess.py:93} INFO -   File "/home/***/.local/lib/python3.12/site-packages/sqlalchemy/engine/default.py", line 736, in do_execute
[2026-03-18T08:24:16.924+0000] {subprocess.py:93} INFO -     cursor.execute(statement, parameters)
[2026-03-18T08:24:16.926+0000] {subprocess.py:93} INFO - sqlalchemy.exc.IntegrityError: (psycopg2.errors.UniqueViolation) duplicate key value violates unique constraint "pg_type_typname_nsp_index"
[2026-03-18T08:24:16.930+0000] {subprocess.py:93} INFO - DETAIL:  Key (typname, typnamespace)=(crypto_raw, 2200) already exists.
[2026-03-18T08:24:16.933+0000] {subprocess.py:93} INFO - 
[2026-03-18T08:24:16.936+0000] {subprocess.py:93} INFO - [SQL:
[2026-03-18T08:24:16.942+0000] {subprocess.py:93} INFO - CREATE TABLE crypto_raw (
[2026-03-18T08:24:16.945+0000] {subprocess.py:93} INFO - 	coin TEXT,
[2026-03-18T08:24:16.946+0000] {subprocess.py:93} INFO - 	price_usd FLOAT(53)
[2026-03-18T08:24:16.947+0000] {subprocess.py:93} INFO - )
[2026-03-18T08:24:16.948+0000] {subprocess.py:93} INFO - 
[2026-03-18T08:24:16.950+0000] {subprocess.py:93} INFO - ]
[2026-03-18T08:24:16.951+0000] {subprocess.py:93} INFO - (Background on this error at: https://sqlalche.me/e/14/gkpj)
[2026-03-18T08:24:17.116+0000] {subprocess.py:97} INFO - Command exited with return code 1
[2026-03-18T08:24:17.126+0000] {taskinstance.py:441} INFO - ::group::Post task execution logs
[2026-03-18T08:24:17.230+0000] {taskinstance.py:2905} ERROR - Task failed with exception
Traceback (most recent call last):
  File "/home/airflow/.local/lib/python3.12/site-packages/airflow/models/taskinstance.py", line 465, in _execute_task
    result = _execute_callable(context=context, **execute_callable_kwargs)
             ^^^^^^^^^^^^^^^^^^^^^^^^^^^^^^^^^^^^^^^^^^^^^^^^^^^^^^^^^^^^^
  File "/home/airflow/.local/lib/python3.12/site-packages/airflow/models/taskinstance.py", line 432, in _execute_callable
    return execute_callable(context=context, **execute_callable_kwargs)
           ^^^^^^^^^^^^^^^^^^^^^^^^^^^^^^^^^^^^^^^^^^^^^^^^^^^^^^^^^^^^
  File "/home/airflow/.local/lib/python3.12/site-packages/airflow/models/baseoperator.py", line 400, in wrapper
    return func(self, *args, **kwargs)
           ^^^^^^^^^^^^^^^^^^^^^^^^^^^
  File "/home/airflow/.local/lib/python3.12/site-packages/airflow/operators/bash.py", line 243, in execute
    raise AirflowException(
airflow.exceptions.AirflowException: Bash command failed. The command returned a non-zero exit code 1.
[2026-03-18T08:24:17.279+0000] {taskinstance.py:1206} INFO - Marking task as UP_FOR_RETRY. dag_id=crypto_pipeline, task_id=load_data, run_id=manual__2026-03-18T07:56:40.656232+00:00, execution_date=20260318T075640, start_date=20260318T082412, end_date=20260318T082417
[2026-03-18T08:24:17.360+0000] {standard_task_runner.py:110} ERROR - Failed to execute job 47 for task load_data (Bash command failed. The command returned a non-zero exit code 1.; 175)
[2026-03-18T08:24:17.397+0000] {local_task_job_runner.py:240} INFO - Task exited with return code 1
[2026-03-18T08:24:17.722+0000] {local_task_job_runner.py:222} INFO - ::endgroup::
