[2026-03-18T07:56:45.591+0000] {local_task_job_runner.py:120} INFO - ::group::Pre task execution logs
[2026-03-18T07:56:45.603+0000] {taskinstance.py:2076} INFO - Dependencies all met for dep_context=non-requeueable deps ti=<TaskInstance: crypto_pipeline.load_data manual__2026-03-18T07:56:40.656232+00:00 [queued]>
[2026-03-18T07:56:45.607+0000] {taskinstance.py:2076} INFO - Dependencies all met for dep_context=requeueable deps ti=<TaskInstance: crypto_pipeline.load_data manual__2026-03-18T07:56:40.656232+00:00 [queued]>
[2026-03-18T07:56:45.607+0000] {taskinstance.py:2306} INFO - Starting attempt 1 of 2
[2026-03-18T07:56:45.613+0000] {taskinstance.py:2330} INFO - Executing <Task(BashOperator): load_data> on 2026-03-18 07:56:40.656232+00:00
[2026-03-18T07:56:45.617+0000] {warnings.py:110} WARNING - /home/***/.local/lib/python3.12/site-packages/***/task/task_runner/standard_task_runner.py:61: DeprecationWarning: This process (pid=79) is multi-threaded, use of fork() may lead to deadlocks in the child.
  pid = os.fork()

[2026-03-18T07:56:45.618+0000] {standard_task_runner.py:63} INFO - Started process 81 to run task
[2026-03-18T07:56:45.618+0000] {standard_task_runner.py:90} INFO - Running: ['***', 'tasks', 'run', 'crypto_pipeline', 'load_data', 'manual__2026-03-18T07:56:40.656232+00:00', '--job-id', '15', '--raw', '--subdir', 'DAGS_FOLDER/crypto_pipeline_dag.py', '--cfg-path', '/tmp/tmpv44pis5_']
[2026-03-18T07:56:45.621+0000] {standard_task_runner.py:91} INFO - Job 15: Subtask load_data
[2026-03-18T07:56:45.657+0000] {task_command.py:426} INFO - Running <TaskInstance: crypto_pipeline.load_data manual__2026-03-18T07:56:40.656232+00:00 [running]> on host b022b501df4a
[2026-03-18T07:56:45.755+0000] {taskinstance.py:2648} INFO - Exporting env vars: AIRFLOW_CTX_DAG_OWNER='anish' AIRFLOW_CTX_DAG_ID='crypto_pipeline' AIRFLOW_CTX_TASK_ID='load_data' AIRFLOW_CTX_EXECUTION_DATE='2026-03-18T07:56:40.656232+00:00' AIRFLOW_CTX_TRY_NUMBER='1' AIRFLOW_CTX_DAG_RUN_ID='manual__2026-03-18T07:56:40.656232+00:00'
[2026-03-18T07:56:45.757+0000] {taskinstance.py:430} INFO - ::endgroup::
[2026-03-18T07:56:45.758+0000] {subprocess.py:63} INFO - Tmp dir root location: /tmp
[2026-03-18T07:56:45.758+0000] {subprocess.py:75} INFO - Running command: ['/usr/bin/bash', '-c', 'python3 /opt/***/scripts/load_to_db.py']
[2026-03-18T07:56:45.769+0000] {subprocess.py:86} INFO - Output:
[2026-03-18T07:56:46.869+0000] {subprocess.py:93} INFO - /opt/***/scripts/load_to_db.py:22: RemovedIn20Warning: Deprecated API features detected! These feature(s) are not compatible with SQLAlchemy 2.0. To prevent incompatible upgrades prior to updating applications, ensure requirements files are pinned to "sqlalchemy<2.0". Set environment variable SQLALCHEMY_WARN_20=1 to show all deprecation warnings.  Set environment variable SQLALCHEMY_SILENCE_UBER_WARNING=1 to silence this message. (Background on SQLAlchemy 2.0 at: https://sqlalche.me/e/b8d9)
[2026-03-18T07:56:46.876+0000] {subprocess.py:93} INFO -   conn.execute(text("DROP TABLE IF EXISTS crypto_raw CASCADE"))
[2026-03-18T07:56:46.876+0000] {subprocess.py:93} INFO - Traceback (most recent call last):
[2026-03-18T07:56:46.876+0000] {subprocess.py:93} INFO -   File "/opt/***/scripts/load_to_db.py", line 23, in <module>
[2026-03-18T07:56:46.877+0000] {subprocess.py:93} INFO -     conn.commit()
[2026-03-18T07:56:46.879+0000] {subprocess.py:93} INFO -     ^^^^^^^^^^^
[2026-03-18T07:56:46.880+0000] {subprocess.py:93} INFO - AttributeError: 'Connection' object has no attribute 'commit'
[2026-03-18T07:56:47.023+0000] {subprocess.py:97} INFO - Command exited with return code 1
[2026-03-18T07:56:47.025+0000] {taskinstance.py:441} INFO - ::group::Post task execution logs
[2026-03-18T07:56:47.050+0000] {taskinstance.py:2905} ERROR - Task failed with exception
Traceback (most recent call last):
  File "/home/airflow/.local/lib/python3.12/site-packages/airflow/models/taskinstance.py", line 465, in _execute_task
    result = _execute_callable(context=context, **execute_callable_kwargs)
             ^^^^^^^^^^^^^^^^^^^^^^^^^^^^^^^^^^^^^^^^^^^^^^^^^^^^^^^^^^^^^
  File "/home/airflow/.local/lib/python3.12/site-packages/airflow/models/taskinstance.py", line 432, in _execute_callable
    return execute_callable(context=context, **execute_callable_kwargs)
           ^^^^^^^^^^^^^^^^^^^^^^^^^^^^^^^^^^^^^^^^^^^^^^^^^^^^^^^^^^^^
  File "/home/airflow/.local/lib/python3.12/site-packages/airflow/models/baseoperator.py", line 400, in wrapper
    return func(self, *args, **kwargs)
           ^^^^^^^^^^^^^^^^^^^^^^^^^^^
  File "/home/airflow/.local/lib/python3.12/site-packages/airflow/operators/bash.py", line 243, in execute
    raise AirflowException(
airflow.exceptions.AirflowException: Bash command failed. The command returned a non-zero exit code 1.
[2026-03-18T07:56:47.056+0000] {taskinstance.py:1206} INFO - Marking task as UP_FOR_RETRY. dag_id=crypto_pipeline, task_id=load_data, run_id=manual__2026-03-18T07:56:40.656232+00:00, execution_date=20260318T075640, start_date=20260318T075645, end_date=20260318T075647
[2026-03-18T07:56:47.075+0000] {standard_task_runner.py:110} ERROR - Failed to execute job 15 for task load_data (Bash command failed. The command returned a non-zero exit code 1.; 81)
[2026-03-18T07:56:47.126+0000] {local_task_job_runner.py:240} INFO - Task exited with return code 1
[2026-03-18T07:56:47.164+0000] {taskinstance.py:3498} INFO - 0 downstream tasks scheduled from follow-on schedule check
[2026-03-18T07:56:47.166+0000] {local_task_job_runner.py:222} INFO - ::endgroup::
