[2026-03-18T11:55:04.181+0000] {local_task_job_runner.py:120} INFO - ::group::Pre task execution logs
[2026-03-18T11:55:04.194+0000] {taskinstance.py:2076} INFO - Dependencies all met for dep_context=non-requeueable deps ti=<TaskInstance: crypto_pipeline.load_data scheduled__2026-03-18T11:50:00+00:00 [queued]>
[2026-03-18T11:55:04.197+0000] {taskinstance.py:2076} INFO - Dependencies all met for dep_context=requeueable deps ti=<TaskInstance: crypto_pipeline.load_data scheduled__2026-03-18T11:50:00+00:00 [queued]>
[2026-03-18T11:55:04.197+0000] {taskinstance.py:2306} INFO - Starting attempt 1 of 2
[2026-03-18T11:55:04.203+0000] {taskinstance.py:2330} INFO - Executing <Task(BashOperator): load_data> on 2026-03-18 11:50:00+00:00
[2026-03-18T11:55:04.207+0000] {warnings.py:110} WARNING - /home/***/.local/lib/python3.12/site-packages/***/task/task_runner/standard_task_runner.py:61: DeprecationWarning: This process (pid=1684) is multi-threaded, use of fork() may lead to deadlocks in the child.
  pid = os.fork()

[2026-03-18T11:55:04.208+0000] {standard_task_runner.py:63} INFO - Started process 1686 to run task
[2026-03-18T11:55:04.208+0000] {standard_task_runner.py:90} INFO - Running: ['***', 'tasks', 'run', 'crypto_pipeline', 'load_data', 'scheduled__2026-03-18T11:50:00+00:00', '--job-id', '173', '--raw', '--subdir', 'DAGS_FOLDER/crypto_pipeline_dag.py', '--cfg-path', '/tmp/tmp9a5awdw7']
[2026-03-18T11:55:04.210+0000] {standard_task_runner.py:91} INFO - Job 173: Subtask load_data
[2026-03-18T11:55:04.239+0000] {task_command.py:426} INFO - Running <TaskInstance: crypto_pipeline.load_data scheduled__2026-03-18T11:50:00+00:00 [running]> on host f0b92a5e8d09
[2026-03-18T11:55:04.289+0000] {taskinstance.py:2648} INFO - Exporting env vars: AIRFLOW_CTX_DAG_OWNER='anish' AIRFLOW_CTX_DAG_ID='crypto_pipeline' AIRFLOW_CTX_TASK_ID='load_data' AIRFLOW_CTX_EXECUTION_DATE='2026-03-18T11:50:00+00:00' AIRFLOW_CTX_TRY_NUMBER='1' AIRFLOW_CTX_DAG_RUN_ID='scheduled__2026-03-18T11:50:00+00:00'
[2026-03-18T11:55:04.292+0000] {taskinstance.py:430} INFO - ::endgroup::
[2026-03-18T11:55:04.293+0000] {subprocess.py:63} INFO - Tmp dir root location: /tmp
[2026-03-18T11:55:04.295+0000] {subprocess.py:75} INFO - Running command: ['/usr/bin/bash', '-c', 'python3 /opt/***/scripts/load_to_db.py']
[2026-03-18T11:55:04.303+0000] {subprocess.py:86} INFO - Output:
[2026-03-18T11:55:04.986+0000] {subprocess.py:93} INFO - ✅ Data loaded into database with timestamp
[2026-03-18T11:55:05.037+0000] {subprocess.py:97} INFO - Command exited with return code 0
[2026-03-18T11:55:05.038+0000] {taskinstance.py:441} INFO - ::group::Post task execution logs
[2026-03-18T11:55:05.055+0000] {taskinstance.py:1206} INFO - Marking task as SUCCESS. dag_id=crypto_pipeline, task_id=load_data, run_id=scheduled__2026-03-18T11:50:00+00:00, execution_date=20260318T115000, start_date=20260318T115504, end_date=20260318T115505
[2026-03-18T11:55:05.105+0000] {local_task_job_runner.py:240} INFO - Task exited with return code 0
[2026-03-18T11:55:05.130+0000] {taskinstance.py:3498} INFO - 1 downstream tasks scheduled from follow-on schedule check
[2026-03-18T11:55:05.132+0000] {local_task_job_runner.py:222} INFO - ::endgroup::
