[2026-03-18T08:47:20.523+0000] {local_task_job_runner.py:120} INFO - ::group::Pre task execution logs
[2026-03-18T08:47:20.703+0000] {taskinstance.py:2076} INFO - Dependencies all met for dep_context=non-requeueable deps ti=<TaskInstance: crypto_pipeline.fetch_data scheduled__2026-03-18T08:30:00+00:00 [queued]>
[2026-03-18T08:47:20.819+0000] {taskinstance.py:2076} INFO - Dependencies all met for dep_context=requeueable deps ti=<TaskInstance: crypto_pipeline.fetch_data scheduled__2026-03-18T08:30:00+00:00 [queued]>
[2026-03-18T08:47:20.820+0000] {taskinstance.py:2306} INFO - Starting attempt 1 of 2
[2026-03-18T08:47:20.902+0000] {taskinstance.py:2330} INFO - Executing <Task(BashOperator): fetch_data> on 2026-03-18 08:30:00+00:00
[2026-03-18T08:47:20.933+0000] {warnings.py:110} WARNING - /home/***/.local/lib/python3.12/site-packages/***/task/task_runner/standard_task_runner.py:61: DeprecationWarning: This process (pid=352) is multi-threaded, use of fork() may lead to deadlocks in the child.
  pid = os.fork()

[2026-03-18T08:47:20.942+0000] {standard_task_runner.py:63} INFO - Started process 366 to run task
[2026-03-18T08:47:20.970+0000] {standard_task_runner.py:90} INFO - Running: ['***', 'tasks', 'run', 'crypto_pipeline', 'fetch_data', 'scheduled__2026-03-18T08:30:00+00:00', '--job-id', '59', '--raw', '--subdir', 'DAGS_FOLDER/crypto_pipeline_dag.py', '--cfg-path', '/tmp/tmpxrkldrgg']
[2026-03-18T08:47:21.031+0000] {standard_task_runner.py:91} INFO - Job 59: Subtask fetch_data
[2026-03-18T08:47:21.413+0000] {task_command.py:426} INFO - Running <TaskInstance: crypto_pipeline.fetch_data scheduled__2026-03-18T08:30:00+00:00 [running]> on host b022b501df4a
[2026-03-18T08:47:22.036+0000] {taskinstance.py:2648} INFO - Exporting env vars: AIRFLOW_CTX_DAG_OWNER='anish' AIRFLOW_CTX_DAG_ID='crypto_pipeline' AIRFLOW_CTX_TASK_ID='fetch_data' AIRFLOW_CTX_EXECUTION_DATE='2026-03-18T08:30:00+00:00' AIRFLOW_CTX_TRY_NUMBER='1' AIRFLOW_CTX_DAG_RUN_ID='scheduled__2026-03-18T08:30:00+00:00'
[2026-03-18T08:47:22.110+0000] {taskinstance.py:430} INFO - ::endgroup::
[2026-03-18T08:47:22.293+0000] {subprocess.py:63} INFO - Tmp dir root location: /tmp
[2026-03-18T08:47:22.300+0000] {subprocess.py:75} INFO - Running command: ['/usr/bin/bash', '-c', 'python3 /opt/***/scripts/fetch_crypto.py']
[2026-03-18T08:47:22.488+0000] {subprocess.py:86} INFO - Output:
[2026-03-18T08:47:28.404+0000] {subprocess.py:93} INFO - Fetching crypto data...
[2026-03-18T08:47:28.428+0000] {subprocess.py:93} INFO - Error fetching data: HTTPSConnectionPool(host='api.coingecko.com', port=443): Max retries exceeded with url: /api/v3/simple/price?ids=bitcoin%2Cethereum&vs_currencies=usd (Caused by NameResolutionError("<urllib3.connection.HTTPSConnection object at 0xffffb6a92360>: Failed to resolve 'api.coingecko.com' ([Errno -2] Name or service not known)"))
[2026-03-18T08:47:28.430+0000] {subprocess.py:93} INFO - Traceback (most recent call last):
[2026-03-18T08:47:28.431+0000] {subprocess.py:93} INFO -   File "/home/***/.local/lib/python3.12/site-packages/urllib3/connection.py", line 198, in _new_conn
[2026-03-18T08:47:28.433+0000] {subprocess.py:93} INFO -     sock = connection.create_connection(
[2026-03-18T08:47:28.434+0000] {subprocess.py:93} INFO -            ^^^^^^^^^^^^^^^^^^^^^^^^^^^^^
[2026-03-18T08:47:28.435+0000] {subprocess.py:93} INFO -   File "/home/***/.local/lib/python3.12/site-packages/urllib3/util/connection.py", line 60, in create_connection
[2026-03-18T08:47:28.436+0000] {subprocess.py:93} INFO -     for res in socket.getaddrinfo(host, port, family, socket.SOCK_STREAM):
[2026-03-18T08:47:28.437+0000] {subprocess.py:93} INFO -                ^^^^^^^^^^^^^^^^^^^^^^^^^^^^^^^^^^^^^^^^^^^^^^^^^^^^^^^^^^
[2026-03-18T08:47:28.438+0000] {subprocess.py:93} INFO -   File "/usr/local/lib/python3.12/socket.py", line 963, in getaddrinfo
[2026-03-18T08:47:28.440+0000] {subprocess.py:93} INFO -     for res in _socket.getaddrinfo(host, port, family, type, proto, flags):
[2026-03-18T08:47:28.443+0000] {subprocess.py:93} INFO -                ^^^^^^^^^^^^^^^^^^^^^^^^^^^^^^^^^^^^^^^^^^^^^^^^^^^^^^^^^^^
[2026-03-18T08:47:28.446+0000] {subprocess.py:93} INFO - socket.gaierror: [Errno -2] Name or service not known
[2026-03-18T08:47:28.448+0000] {subprocess.py:93} INFO - 
[2026-03-18T08:47:28.450+0000] {subprocess.py:93} INFO - The above exception was the direct cause of the following exception:
[2026-03-18T08:47:28.452+0000] {subprocess.py:93} INFO - 
[2026-03-18T08:47:28.458+0000] {subprocess.py:93} INFO - Traceback (most recent call last):
[2026-03-18T08:47:28.459+0000] {subprocess.py:93} INFO -   File "/home/***/.local/lib/python3.12/site-packages/urllib3/connectionpool.py", line 793, in urlopen
[2026-03-18T08:47:28.460+0000] {subprocess.py:93} INFO -     response = self._make_request(
[2026-03-18T08:47:28.461+0000] {subprocess.py:93} INFO -                ^^^^^^^^^^^^^^^^^^^
[2026-03-18T08:47:28.463+0000] {subprocess.py:93} INFO -   File "/home/***/.local/lib/python3.12/site-packages/urllib3/connectionpool.py", line 491, in _make_request
[2026-03-18T08:47:28.463+0000] {subprocess.py:93} INFO -     raise new_e
[2026-03-18T08:47:28.465+0000] {subprocess.py:93} INFO -   File "/home/***/.local/lib/python3.12/site-packages/urllib3/connectionpool.py", line 467, in _make_request
[2026-03-18T08:47:28.466+0000] {subprocess.py:93} INFO -     self._validate_conn(conn)
[2026-03-18T08:47:28.467+0000] {subprocess.py:93} INFO -   File "/home/***/.local/lib/python3.12/site-packages/urllib3/connectionpool.py", line 1099, in _validate_conn
[2026-03-18T08:47:28.468+0000] {subprocess.py:93} INFO -     conn.connect()
[2026-03-18T08:47:28.469+0000] {subprocess.py:93} INFO -   File "/home/***/.local/lib/python3.12/site-packages/urllib3/connection.py", line 616, in connect
[2026-03-18T08:47:28.474+0000] {subprocess.py:93} INFO -     self.sock = sock = self._new_conn()
[2026-03-18T08:47:28.476+0000] {subprocess.py:93} INFO -                        ^^^^^^^^^^^^^^^^
[2026-03-18T08:47:28.482+0000] {subprocess.py:93} INFO -   File "/home/***/.local/lib/python3.12/site-packages/urllib3/connection.py", line 205, in _new_conn
[2026-03-18T08:47:28.483+0000] {subprocess.py:93} INFO -     raise NameResolutionError(self.host, self, e) from e
[2026-03-18T08:47:28.484+0000] {subprocess.py:93} INFO - urllib3.exceptions.NameResolutionError: <urllib3.connection.HTTPSConnection object at 0xffffb6a92360>: Failed to resolve 'api.coingecko.com' ([Errno -2] Name or service not known)
[2026-03-18T08:47:28.486+0000] {subprocess.py:93} INFO - 
[2026-03-18T08:47:28.488+0000] {subprocess.py:93} INFO - The above exception was the direct cause of the following exception:
[2026-03-18T08:47:28.490+0000] {subprocess.py:93} INFO - 
[2026-03-18T08:47:28.492+0000] {subprocess.py:93} INFO - Traceback (most recent call last):
[2026-03-18T08:47:28.494+0000] {subprocess.py:93} INFO -   File "/home/***/.local/lib/python3.12/site-packages/requests/adapters.py", line 486, in send
[2026-03-18T08:47:28.497+0000] {subprocess.py:93} INFO -     resp = conn.urlopen(
[2026-03-18T08:47:28.499+0000] {subprocess.py:93} INFO -            ^^^^^^^^^^^^^
[2026-03-18T08:47:28.503+0000] {subprocess.py:93} INFO -   File "/home/***/.local/lib/python3.12/site-packages/urllib3/connectionpool.py", line 847, in urlopen
[2026-03-18T08:47:28.505+0000] {subprocess.py:93} INFO -     retries = retries.increment(
[2026-03-18T08:47:28.508+0000] {subprocess.py:93} INFO -               ^^^^^^^^^^^^^^^^^^
[2026-03-18T08:47:28.510+0000] {subprocess.py:93} INFO -   File "/home/***/.local/lib/python3.12/site-packages/urllib3/util/retry.py", line 515, in increment
[2026-03-18T08:47:28.514+0000] {subprocess.py:93} INFO -     raise MaxRetryError(_pool, url, reason) from reason  # type: ignore[arg-type]
[2026-03-18T08:47:28.515+0000] {subprocess.py:93} INFO -     ^^^^^^^^^^^^^^^^^^^^^^^^^^^^^^^^^^^^^^^^^^^^^^^^^^^
[2026-03-18T08:47:28.516+0000] {subprocess.py:93} INFO - urllib3.exceptions.MaxRetryError: HTTPSConnectionPool(host='api.coingecko.com', port=443): Max retries exceeded with url: /api/v3/simple/price?ids=bitcoin%2Cethereum&vs_currencies=usd (Caused by NameResolutionError("<urllib3.connection.HTTPSConnection object at 0xffffb6a92360>: Failed to resolve 'api.coingecko.com' ([Errno -2] Name or service not known)"))
[2026-03-18T08:47:28.517+0000] {subprocess.py:93} INFO - 
[2026-03-18T08:47:28.518+0000] {subprocess.py:93} INFO - During handling of the above exception, another exception occurred:
[2026-03-18T08:47:28.519+0000] {subprocess.py:93} INFO - 
[2026-03-18T08:47:28.522+0000] {subprocess.py:93} INFO - Traceback (most recent call last):
[2026-03-18T08:47:28.523+0000] {subprocess.py:93} INFO -   File "/opt/***/scripts/fetch_crypto.py", line 13, in <module>
[2026-03-18T08:47:28.525+0000] {subprocess.py:93} INFO -     response = requests.get(url, params=params)
[2026-03-18T08:47:28.526+0000] {subprocess.py:93} INFO -                ^^^^^^^^^^^^^^^^^^^^^^^^^^^^^^^^
[2026-03-18T08:47:28.527+0000] {subprocess.py:93} INFO -   File "/home/***/.local/lib/python3.12/site-packages/requests/api.py", line 73, in get
[2026-03-18T08:47:28.528+0000] {subprocess.py:93} INFO -     return request("get", url, params=params, **kwargs)
[2026-03-18T08:47:28.530+0000] {subprocess.py:93} INFO -            ^^^^^^^^^^^^^^^^^^^^^^^^^^^^^^^^^^^^^^^^^^^^
[2026-03-18T08:47:28.531+0000] {subprocess.py:93} INFO -   File "/home/***/.local/lib/python3.12/site-packages/requests/api.py", line 59, in request
[2026-03-18T08:47:28.532+0000] {subprocess.py:93} INFO -     return session.request(method=method, url=url, **kwargs)
[2026-03-18T08:47:28.532+0000] {subprocess.py:93} INFO -            ^^^^^^^^^^^^^^^^^^^^^^^^^^^^^^^^^^^^^^^^^^^^^^^^^
[2026-03-18T08:47:28.533+0000] {subprocess.py:93} INFO -   File "/home/***/.local/lib/python3.12/site-packages/requests/sessions.py", line 589, in request
[2026-03-18T08:47:28.533+0000] {subprocess.py:93} INFO -     resp = self.send(prep, **send_kwargs)
[2026-03-18T08:47:28.535+0000] {subprocess.py:93} INFO -            ^^^^^^^^^^^^^^^^^^^^^^^^^^^^^^
[2026-03-18T08:47:28.536+0000] {subprocess.py:93} INFO -   File "/home/***/.local/lib/python3.12/site-packages/requests/sessions.py", line 703, in send
[2026-03-18T08:47:28.537+0000] {subprocess.py:93} INFO -     r = adapter.send(request, **kwargs)
[2026-03-18T08:47:28.539+0000] {subprocess.py:93} INFO -         ^^^^^^^^^^^^^^^^^^^^^^^^^^^^^^^
[2026-03-18T08:47:28.542+0000] {subprocess.py:93} INFO -   File "/home/***/.local/lib/python3.12/site-packages/requests/adapters.py", line 519, in send
[2026-03-18T08:47:28.546+0000] {subprocess.py:93} INFO -     raise ConnectionError(e, request=request)
[2026-03-18T08:47:28.547+0000] {subprocess.py:93} INFO - requests.exceptions.ConnectionError: HTTPSConnectionPool(host='api.coingecko.com', port=443): Max retries exceeded with url: /api/v3/simple/price?ids=bitcoin%2Cethereum&vs_currencies=usd (Caused by NameResolutionError("<urllib3.connection.HTTPSConnection object at 0xffffb6a92360>: Failed to resolve 'api.coingecko.com' ([Errno -2] Name or service not known)"))
[2026-03-18T08:47:28.548+0000] {subprocess.py:97} INFO - Command exited with return code 1
[2026-03-18T08:47:28.553+0000] {taskinstance.py:441} INFO - ::group::Post task execution logs
[2026-03-18T08:47:28.668+0000] {taskinstance.py:2905} ERROR - Task failed with exception
Traceback (most recent call last):
  File "/home/airflow/.local/lib/python3.12/site-packages/airflow/models/taskinstance.py", line 465, in _execute_task
    result = _execute_callable(context=context, **execute_callable_kwargs)
             ^^^^^^^^^^^^^^^^^^^^^^^^^^^^^^^^^^^^^^^^^^^^^^^^^^^^^^^^^^^^^
  File "/home/airflow/.local/lib/python3.12/site-packages/airflow/models/taskinstance.py", line 432, in _execute_callable
    return execute_callable(context=context, **execute_callable_kwargs)
           ^^^^^^^^^^^^^^^^^^^^^^^^^^^^^^^^^^^^^^^^^^^^^^^^^^^^^^^^^^^^
  File "/home/airflow/.local/lib/python3.12/site-packages/airflow/models/baseoperator.py", line 400, in wrapper
    return func(self, *args, **kwargs)
           ^^^^^^^^^^^^^^^^^^^^^^^^^^^
  File "/home/airflow/.local/lib/python3.12/site-packages/airflow/operators/bash.py", line 243, in execute
    raise AirflowException(
airflow.exceptions.AirflowException: Bash command failed. The command returned a non-zero exit code 1.
[2026-03-18T08:47:28.706+0000] {taskinstance.py:1206} INFO - Marking task as UP_FOR_RETRY. dag_id=crypto_pipeline, task_id=fetch_data, run_id=scheduled__2026-03-18T08:30:00+00:00, execution_date=20260318T083000, start_date=20260318T084720, end_date=20260318T084728
[2026-03-18T08:47:28.790+0000] {standard_task_runner.py:110} ERROR - Failed to execute job 59 for task fetch_data (Bash command failed. The command returned a non-zero exit code 1.; 366)
[2026-03-18T08:47:28.840+0000] {local_task_job_runner.py:240} INFO - Task exited with return code 1
[2026-03-18T08:47:29.039+0000] {taskinstance.py:3498} INFO - 0 downstream tasks scheduled from follow-on schedule check
[2026-03-18T08:47:29.056+0000] {local_task_job_runner.py:222} INFO - ::endgroup::
