[2026-03-19T11:06:13.307+0000] {local_task_job_runner.py:120} INFO - ::group::Pre task execution logs
[2026-03-19T11:06:13.324+0000] {taskinstance.py:2076} INFO - Dependencies all met for dep_context=non-requeueable deps ti=<TaskInstance: crypto_pipeline.load_data scheduled__2026-03-19T11:04:00+00:00 [queued]>
[2026-03-19T11:06:13.328+0000] {taskinstance.py:2076} INFO - Dependencies all met for dep_context=requeueable deps ti=<TaskInstance: crypto_pipeline.load_data scheduled__2026-03-19T11:04:00+00:00 [queued]>
[2026-03-19T11:06:13.329+0000] {taskinstance.py:2306} INFO - Starting attempt 2 of 2
[2026-03-19T11:06:13.336+0000] {taskinstance.py:2330} INFO - Executing <Task(BashOperator): load_data> on 2026-03-19 11:04:00+00:00
[2026-03-19T11:06:13.343+0000] {warnings.py:110} WARNING - /home/***/.local/lib/python3.12/site-packages/***/task/task_runner/standard_task_runner.py:61: DeprecationWarning: This process (pid=14488) is multi-threaded, use of fork() may lead to deadlocks in the child.
  pid = os.fork()

[2026-03-19T11:06:13.345+0000] {standard_task_runner.py:63} INFO - Started process 14490 to run task
[2026-03-19T11:06:13.345+0000] {standard_task_runner.py:90} INFO - Running: ['***', 'tasks', 'run', 'crypto_pipeline', 'load_data', 'scheduled__2026-03-19T11:04:00+00:00', '--job-id', '1902', '--raw', '--subdir', 'DAGS_FOLDER/crypto_pipeline_dag.py', '--cfg-path', '/tmp/tmpuhlflb3y']
[2026-03-19T11:06:13.348+0000] {standard_task_runner.py:91} INFO - Job 1902: Subtask load_data
[2026-03-19T11:06:13.400+0000] {task_command.py:426} INFO - Running <TaskInstance: crypto_pipeline.load_data scheduled__2026-03-19T11:04:00+00:00 [running]> on host 70adc5a0e7fa
[2026-03-19T11:06:13.452+0000] {taskinstance.py:2648} INFO - Exporting env vars: AIRFLOW_CTX_DAG_OWNER='anish' AIRFLOW_CTX_DAG_ID='crypto_pipeline' AIRFLOW_CTX_TASK_ID='load_data' AIRFLOW_CTX_EXECUTION_DATE='2026-03-19T11:04:00+00:00' AIRFLOW_CTX_TRY_NUMBER='2' AIRFLOW_CTX_DAG_RUN_ID='scheduled__2026-03-19T11:04:00+00:00'
[2026-03-19T11:06:13.454+0000] {taskinstance.py:430} INFO - ::endgroup::
[2026-03-19T11:06:13.454+0000] {subprocess.py:63} INFO - Tmp dir root location: /tmp
[2026-03-19T11:06:13.455+0000] {subprocess.py:75} INFO - Running command: ['/usr/bin/bash', '-c', 'python3 /opt/***/scripts/load_to_db.py']
[2026-03-19T11:06:13.466+0000] {subprocess.py:86} INFO - Output:
[2026-03-19T11:06:13.736+0000] {subprocess.py:93} INFO - Traceback (most recent call last):
[2026-03-19T11:06:13.737+0000] {subprocess.py:93} INFO -   File "/opt/***/scripts/load_to_db.py", line 21, in <module>
[2026-03-19T11:06:13.737+0000] {subprocess.py:93} INFO -     conn = psycopg2.connect(
[2026-03-19T11:06:13.737+0000] {subprocess.py:93} INFO -            ^^^^^^^^^^^^^^^^^
[2026-03-19T11:06:13.738+0000] {subprocess.py:93} INFO -   File "/home/***/.local/lib/python3.12/site-packages/psycopg2/__init__.py", line 122, in connect
[2026-03-19T11:06:13.740+0000] {subprocess.py:93} INFO -     conn = _connect(dsn, connection_factory=connection_factory, **kwasync)
[2026-03-19T11:06:13.740+0000] {subprocess.py:93} INFO -            ^^^^^^^^^^^^^^^^^^^^^^^^^^^^^^^^^^^^^^^^^^^^^^^^^^^^^^^^^^^^^^^
[2026-03-19T11:06:13.741+0000] {subprocess.py:93} INFO - psycopg2.OperationalError: connection to server on socket "/var/run/postgresql/.s.PGSQL.5432" failed: No such file or directory
[2026-03-19T11:06:13.742+0000] {subprocess.py:93} INFO - 	Is the server running locally and accepting connections on that socket?
[2026-03-19T11:06:13.743+0000] {subprocess.py:93} INFO - 
[2026-03-19T11:06:13.752+0000] {subprocess.py:97} INFO - Command exited with return code 1
[2026-03-19T11:06:13.754+0000] {taskinstance.py:441} INFO - ::group::Post task execution logs
[2026-03-19T11:06:13.799+0000] {taskinstance.py:2905} ERROR - Task failed with exception
Traceback (most recent call last):
  File "/home/airflow/.local/lib/python3.12/site-packages/airflow/models/taskinstance.py", line 465, in _execute_task
    result = _execute_callable(context=context, **execute_callable_kwargs)
             ^^^^^^^^^^^^^^^^^^^^^^^^^^^^^^^^^^^^^^^^^^^^^^^^^^^^^^^^^^^^^
  File "/home/airflow/.local/lib/python3.12/site-packages/airflow/models/taskinstance.py", line 432, in _execute_callable
    return execute_callable(context=context, **execute_callable_kwargs)
           ^^^^^^^^^^^^^^^^^^^^^^^^^^^^^^^^^^^^^^^^^^^^^^^^^^^^^^^^^^^^
  File "/home/airflow/.local/lib/python3.12/site-packages/airflow/models/baseoperator.py", line 400, in wrapper
    return func(self, *args, **kwargs)
           ^^^^^^^^^^^^^^^^^^^^^^^^^^^
  File "/home/airflow/.local/lib/python3.12/site-packages/airflow/operators/bash.py", line 243, in execute
    raise AirflowException(
airflow.exceptions.AirflowException: Bash command failed. The command returned a non-zero exit code 1.
[2026-03-19T11:06:13.808+0000] {taskinstance.py:1206} INFO - Marking task as FAILED. dag_id=crypto_pipeline, task_id=load_data, run_id=scheduled__2026-03-19T11:04:00+00:00, execution_date=20260319T110400, start_date=20260319T110613, end_date=20260319T110613
[2026-03-19T11:06:13.829+0000] {standard_task_runner.py:110} ERROR - Failed to execute job 1902 for task load_data (Bash command failed. The command returned a non-zero exit code 1.; 14490)
[2026-03-19T11:06:13.864+0000] {local_task_job_runner.py:240} INFO - Task exited with return code 1
[2026-03-19T11:06:13.913+0000] {taskinstance.py:3498} INFO - 0 downstream tasks scheduled from follow-on schedule check
[2026-03-19T11:06:13.920+0000] {local_task_job_runner.py:222} INFO - ::endgroup::
