[2026-03-19T10:23:11.905+0000] {local_task_job_runner.py:120} INFO - ::group::Pre task execution logs
[2026-03-19T10:23:11.917+0000] {taskinstance.py:2076} INFO - Dependencies all met for dep_context=non-requeueable deps ti=<TaskInstance: crypto_pipeline.transform_data scheduled__2026-03-19T10:22:00+00:00 [queued]>
[2026-03-19T10:23:11.921+0000] {taskinstance.py:2076} INFO - Dependencies all met for dep_context=requeueable deps ti=<TaskInstance: crypto_pipeline.transform_data scheduled__2026-03-19T10:22:00+00:00 [queued]>
[2026-03-19T10:23:11.921+0000] {taskinstance.py:2306} INFO - Starting attempt 1 of 2
[2026-03-19T10:23:11.928+0000] {taskinstance.py:2330} INFO - Executing <Task(BashOperator): transform_data> on 2026-03-19 10:22:00+00:00
[2026-03-19T10:23:11.939+0000] {warnings.py:110} WARNING - /home/***/.local/lib/python3.12/site-packages/***/task/task_runner/standard_task_runner.py:61: DeprecationWarning: This process (pid=13418) is multi-threaded, use of fork() may lead to deadlocks in the child.
  pid = os.fork()

[2026-03-19T10:23:11.942+0000] {standard_task_runner.py:63} INFO - Started process 13420 to run task
[2026-03-19T10:23:11.940+0000] {standard_task_runner.py:90} INFO - Running: ['***', 'tasks', 'run', 'crypto_pipeline', 'transform_data', 'scheduled__2026-03-19T10:22:00+00:00', '--job-id', '1774', '--raw', '--subdir', 'DAGS_FOLDER/crypto_pipeline_dag.py', '--cfg-path', '/tmp/tmpco3fodvl']
[2026-03-19T10:23:11.943+0000] {standard_task_runner.py:91} INFO - Job 1774: Subtask transform_data
[2026-03-19T10:23:11.985+0000] {task_command.py:426} INFO - Running <TaskInstance: crypto_pipeline.transform_data scheduled__2026-03-19T10:22:00+00:00 [running]> on host 70adc5a0e7fa
[2026-03-19T10:23:12.049+0000] {taskinstance.py:2648} INFO - Exporting env vars: AIRFLOW_CTX_DAG_OWNER='anish' AIRFLOW_CTX_DAG_ID='crypto_pipeline' AIRFLOW_CTX_TASK_ID='transform_data' AIRFLOW_CTX_EXECUTION_DATE='2026-03-19T10:22:00+00:00' AIRFLOW_CTX_TRY_NUMBER='1' AIRFLOW_CTX_DAG_RUN_ID='scheduled__2026-03-19T10:22:00+00:00'
[2026-03-19T10:23:12.051+0000] {taskinstance.py:430} INFO - ::endgroup::
[2026-03-19T10:23:12.052+0000] {subprocess.py:63} INFO - Tmp dir root location: /tmp
[2026-03-19T10:23:12.053+0000] {subprocess.py:75} INFO - Running command: ['/usr/bin/bash', '-c', 'psql postgresql://***:***@postgres/*** -f /opt/***/scripts/transform.sql']
[2026-03-19T10:23:12.059+0000] {subprocess.py:86} INFO - Output:
[2026-03-19T10:23:12.097+0000] {subprocess.py:93} INFO - DROP TABLE
[2026-03-19T10:23:12.105+0000] {subprocess.py:93} INFO - SELECT 2362
[2026-03-19T10:23:12.107+0000] {subprocess.py:97} INFO - Command exited with return code 0
[2026-03-19T10:23:12.107+0000] {taskinstance.py:441} INFO - ::group::Post task execution logs
[2026-03-19T10:23:12.127+0000] {taskinstance.py:1206} INFO - Marking task as SUCCESS. dag_id=crypto_pipeline, task_id=transform_data, run_id=scheduled__2026-03-19T10:22:00+00:00, execution_date=20260319T102200, start_date=20260319T102311, end_date=20260319T102312
[2026-03-19T10:23:12.166+0000] {local_task_job_runner.py:240} INFO - Task exited with return code 0
[2026-03-19T10:23:12.178+0000] {taskinstance.py:3498} INFO - 0 downstream tasks scheduled from follow-on schedule check
[2026-03-19T10:23:12.180+0000] {local_task_job_runner.py:222} INFO - ::endgroup::
