[2026-03-18T14:02:11.066+0000] {local_task_job_runner.py:120} INFO - ::group::Pre task execution logs
[2026-03-18T14:02:11.082+0000] {taskinstance.py:2076} INFO - Dependencies all met for dep_context=non-requeueable deps ti=<TaskInstance: crypto_pipeline.transform_data scheduled__2026-03-18T14:01:00+00:00 [queued]>
[2026-03-18T14:02:11.086+0000] {taskinstance.py:2076} INFO - Dependencies all met for dep_context=requeueable deps ti=<TaskInstance: crypto_pipeline.transform_data scheduled__2026-03-18T14:01:00+00:00 [queued]>
[2026-03-18T14:02:11.086+0000] {taskinstance.py:2306} INFO - Starting attempt 1 of 2
[2026-03-18T14:02:11.096+0000] {taskinstance.py:2330} INFO - Executing <Task(BashOperator): transform_data> on 2026-03-18 14:01:00+00:00
[2026-03-18T14:02:11.104+0000] {warnings.py:110} WARNING - /home/***/.local/lib/python3.12/site-packages/***/task/task_runner/standard_task_runner.py:61: DeprecationWarning: This process (pid=3886) is multi-threaded, use of fork() may lead to deadlocks in the child.
  pid = os.fork()

[2026-03-18T14:02:11.105+0000] {standard_task_runner.py:63} INFO - Started process 3888 to run task
[2026-03-18T14:02:11.106+0000] {standard_task_runner.py:90} INFO - Running: ['***', 'tasks', 'run', 'crypto_pipeline', 'transform_data', 'scheduled__2026-03-18T14:01:00+00:00', '--job-id', '545', '--raw', '--subdir', 'DAGS_FOLDER/crypto_pipeline_dag.py', '--cfg-path', '/tmp/tmpduyhs6hl']
[2026-03-18T14:02:11.109+0000] {standard_task_runner.py:91} INFO - Job 545: Subtask transform_data
[2026-03-18T14:02:11.133+0000] {task_command.py:426} INFO - Running <TaskInstance: crypto_pipeline.transform_data scheduled__2026-03-18T14:01:00+00:00 [running]> on host 70adc5a0e7fa
[2026-03-18T14:02:11.182+0000] {taskinstance.py:2648} INFO - Exporting env vars: AIRFLOW_CTX_DAG_OWNER='anish' AIRFLOW_CTX_DAG_ID='crypto_pipeline' AIRFLOW_CTX_TASK_ID='transform_data' AIRFLOW_CTX_EXECUTION_DATE='2026-03-18T14:01:00+00:00' AIRFLOW_CTX_TRY_NUMBER='1' AIRFLOW_CTX_DAG_RUN_ID='scheduled__2026-03-18T14:01:00+00:00'
[2026-03-18T14:02:11.185+0000] {taskinstance.py:430} INFO - ::endgroup::
[2026-03-18T14:02:11.186+0000] {subprocess.py:63} INFO - Tmp dir root location: /tmp
[2026-03-18T14:02:11.187+0000] {subprocess.py:75} INFO - Running command: ['/usr/bin/bash', '-c', 'psql postgresql://***:***@postgres/*** -f /opt/***/scripts/transform.sql']
[2026-03-18T14:02:11.194+0000] {subprocess.py:86} INFO - Output:
[2026-03-18T14:02:11.235+0000] {subprocess.py:93} INFO - DROP TABLE
[2026-03-18T14:02:11.242+0000] {subprocess.py:93} INFO - SELECT 317
[2026-03-18T14:02:11.244+0000] {subprocess.py:97} INFO - Command exited with return code 0
[2026-03-18T14:02:11.244+0000] {taskinstance.py:441} INFO - ::group::Post task execution logs
[2026-03-18T14:02:11.258+0000] {taskinstance.py:1206} INFO - Marking task as SUCCESS. dag_id=crypto_pipeline, task_id=transform_data, run_id=scheduled__2026-03-18T14:01:00+00:00, execution_date=20260318T140100, start_date=20260318T140211, end_date=20260318T140211
[2026-03-18T14:02:11.287+0000] {local_task_job_runner.py:240} INFO - Task exited with return code 0
[2026-03-18T14:02:11.298+0000] {taskinstance.py:3498} INFO - 0 downstream tasks scheduled from follow-on schedule check
[2026-03-18T14:02:11.299+0000] {local_task_job_runner.py:222} INFO - ::endgroup::
