[2026-03-19T00:12:43.274+0000] {processor.py:161} INFO - Started process (PID=35665) to work on /opt/airflow/dags/crypto_pipeline_dag.py
[2026-03-19T00:12:43.275+0000] {processor.py:830} INFO - Processing file /opt/airflow/dags/crypto_pipeline_dag.py for tasks to queue
[2026-03-19T00:12:43.281+0000] {logging_mixin.py:188} INFO - [2026-03-19T00:12:43.281+0000] {dagbag.py:545} INFO - Filling up the DagBag from /opt/airflow/dags/crypto_pipeline_dag.py
[2026-03-19T00:12:43.299+0000] {processor.py:840} INFO - DAG(s) 'crypto_pipeline' retrieved from /opt/airflow/dags/crypto_pipeline_dag.py
[2026-03-19T00:12:43.322+0000] {logging_mixin.py:188} INFO - [2026-03-19T00:12:43.322+0000] {dag.py:3096} INFO - Sync 1 DAGs
[2026-03-19T00:12:43.350+0000] {logging_mixin.py:188} INFO - [2026-03-19T00:12:43.349+0000] {dag.py:3954} INFO - Setting next_dagrun for crypto_pipeline to 2026-03-19 00:11:00+00:00, run_after=2026-03-19 00:12:00+00:00
[2026-03-19T00:12:43.367+0000] {processor.py:183} INFO - Processing /opt/airflow/dags/crypto_pipeline_dag.py took 0.100 seconds
[2026-03-19T00:46:41.605+0000] {processor.py:161} INFO - Started process (PID=35724) to work on /opt/airflow/dags/crypto_pipeline_dag.py
[2026-03-19T00:46:41.608+0000] {processor.py:830} INFO - Processing file /opt/airflow/dags/crypto_pipeline_dag.py for tasks to queue
[2026-03-19T00:46:41.613+0000] {logging_mixin.py:188} INFO - [2026-03-19T00:46:41.612+0000] {dagbag.py:545} INFO - Filling up the DagBag from /opt/airflow/dags/crypto_pipeline_dag.py
[2026-03-19T00:46:41.651+0000] {processor.py:840} INFO - DAG(s) 'crypto_pipeline' retrieved from /opt/airflow/dags/crypto_pipeline_dag.py
[2026-03-19T00:46:41.705+0000] {logging_mixin.py:188} INFO - [2026-03-19T00:46:41.705+0000] {dag.py:3096} INFO - Sync 1 DAGs
[2026-03-19T00:46:41.771+0000] {logging_mixin.py:188} INFO - [2026-03-19T00:46:41.771+0000] {dag.py:3954} INFO - Setting next_dagrun for crypto_pipeline to 2026-03-19 00:46:00+00:00, run_after=2026-03-19 00:47:00+00:00
[2026-03-19T00:46:41.816+0000] {processor.py:183} INFO - Processing /opt/airflow/dags/crypto_pipeline_dag.py took 0.228 seconds
[2026-03-19T01:13:39.623+0000] {processor.py:161} INFO - Started process (PID=35791) to work on /opt/airflow/dags/crypto_pipeline_dag.py
[2026-03-19T01:13:39.626+0000] {processor.py:830} INFO - Processing file /opt/airflow/dags/crypto_pipeline_dag.py for tasks to queue
[2026-03-19T01:13:39.629+0000] {logging_mixin.py:188} INFO - [2026-03-19T01:13:39.629+0000] {dagbag.py:545} INFO - Filling up the DagBag from /opt/airflow/dags/crypto_pipeline_dag.py
[2026-03-19T01:13:39.648+0000] {processor.py:840} INFO - DAG(s) 'crypto_pipeline' retrieved from /opt/airflow/dags/crypto_pipeline_dag.py
[2026-03-19T01:13:39.703+0000] {logging_mixin.py:188} INFO - [2026-03-19T01:13:39.703+0000] {dag.py:3096} INFO - Sync 1 DAGs
[2026-03-19T01:13:39.752+0000] {logging_mixin.py:188} INFO - [2026-03-19T01:13:39.751+0000] {dag.py:3954} INFO - Setting next_dagrun for crypto_pipeline to 2026-03-19 01:13:00+00:00, run_after=2026-03-19 01:14:00+00:00
[2026-03-19T01:13:40.197+0000] {processor.py:183} INFO - Processing /opt/airflow/dags/crypto_pipeline_dag.py took 0.593 seconds
[2026-03-19T01:30:55.526+0000] {processor.py:161} INFO - Started process (PID=35858) to work on /opt/airflow/dags/crypto_pipeline_dag.py
[2026-03-19T01:30:55.529+0000] {processor.py:830} INFO - Processing file /opt/airflow/dags/crypto_pipeline_dag.py for tasks to queue
[2026-03-19T01:30:55.533+0000] {logging_mixin.py:188} INFO - [2026-03-19T01:30:55.532+0000] {dagbag.py:545} INFO - Filling up the DagBag from /opt/airflow/dags/crypto_pipeline_dag.py
[2026-03-19T01:30:55.565+0000] {processor.py:840} INFO - DAG(s) 'crypto_pipeline' retrieved from /opt/airflow/dags/crypto_pipeline_dag.py
[2026-03-19T01:30:55.633+0000] {logging_mixin.py:188} INFO - [2026-03-19T01:30:55.632+0000] {dag.py:3096} INFO - Sync 1 DAGs
[2026-03-19T01:30:55.798+0000] {logging_mixin.py:188} INFO - [2026-03-19T01:30:55.797+0000] {dag.py:3954} INFO - Setting next_dagrun for crypto_pipeline to 2026-03-19 01:29:00+00:00, run_after=2026-03-19 01:30:00+00:00
[2026-03-19T01:30:55.849+0000] {processor.py:183} INFO - Processing /opt/airflow/dags/crypto_pipeline_dag.py took 0.345 seconds
[2026-03-19T02:14:55.874+0000] {processor.py:161} INFO - Started process (PID=35922) to work on /opt/airflow/dags/crypto_pipeline_dag.py
[2026-03-19T02:14:55.881+0000] {processor.py:830} INFO - Processing file /opt/airflow/dags/crypto_pipeline_dag.py for tasks to queue
[2026-03-19T02:14:55.890+0000] {logging_mixin.py:188} INFO - [2026-03-19T02:14:55.887+0000] {dagbag.py:545} INFO - Filling up the DagBag from /opt/airflow/dags/crypto_pipeline_dag.py
[2026-03-19T02:14:57.563+0000] {processor.py:840} INFO - DAG(s) 'crypto_pipeline' retrieved from /opt/airflow/dags/crypto_pipeline_dag.py
[2026-03-19T02:14:57.639+0000] {logging_mixin.py:188} INFO - [2026-03-19T02:14:57.639+0000] {dag.py:3096} INFO - Sync 1 DAGs
[2026-03-19T02:14:57.732+0000] {logging_mixin.py:188} INFO - [2026-03-19T02:14:57.731+0000] {dag.py:3954} INFO - Setting next_dagrun for crypto_pipeline to 2026-03-19 02:14:00+00:00, run_after=2026-03-19 02:15:00+00:00
[2026-03-19T02:14:57.839+0000] {processor.py:183} INFO - Processing /opt/airflow/dags/crypto_pipeline_dag.py took 1.996 seconds
[2026-03-19T02:15:28.188+0000] {processor.py:161} INFO - Started process (PID=35987) to work on /opt/airflow/dags/crypto_pipeline_dag.py
[2026-03-19T02:15:28.193+0000] {processor.py:830} INFO - Processing file /opt/airflow/dags/crypto_pipeline_dag.py for tasks to queue
[2026-03-19T02:15:28.195+0000] {logging_mixin.py:188} INFO - [2026-03-19T02:15:28.194+0000] {dagbag.py:545} INFO - Filling up the DagBag from /opt/airflow/dags/crypto_pipeline_dag.py
[2026-03-19T02:15:28.228+0000] {processor.py:840} INFO - DAG(s) 'crypto_pipeline' retrieved from /opt/airflow/dags/crypto_pipeline_dag.py
[2026-03-19T02:15:29.216+0000] {logging_mixin.py:188} INFO - [2026-03-19T02:15:29.215+0000] {dag.py:3096} INFO - Sync 1 DAGs
[2026-03-19T02:15:29.434+0000] {logging_mixin.py:188} INFO - [2026-03-19T02:15:29.433+0000] {dag.py:3954} INFO - Setting next_dagrun for crypto_pipeline to 2026-03-19 02:15:00+00:00, run_after=2026-03-19 02:16:00+00:00
[2026-03-19T02:15:29.515+0000] {processor.py:183} INFO - Processing /opt/airflow/dags/crypto_pipeline_dag.py took 1.352 seconds
[2026-03-19T03:06:02.529+0000] {processor.py:161} INFO - Started process (PID=36003) to work on /opt/airflow/dags/crypto_pipeline_dag.py
[2026-03-19T03:06:02.531+0000] {processor.py:830} INFO - Processing file /opt/airflow/dags/crypto_pipeline_dag.py for tasks to queue
[2026-03-19T03:06:02.532+0000] {logging_mixin.py:188} INFO - [2026-03-19T03:06:02.531+0000] {dagbag.py:545} INFO - Filling up the DagBag from /opt/airflow/dags/crypto_pipeline_dag.py
[2026-03-19T03:06:02.551+0000] {processor.py:840} INFO - DAG(s) 'crypto_pipeline' retrieved from /opt/airflow/dags/crypto_pipeline_dag.py
[2026-03-19T03:06:02.589+0000] {logging_mixin.py:188} INFO - [2026-03-19T03:06:02.588+0000] {dag.py:3096} INFO - Sync 1 DAGs
[2026-03-19T03:06:02.646+0000] {logging_mixin.py:188} INFO - [2026-03-19T03:06:02.646+0000] {dag.py:3954} INFO - Setting next_dagrun for crypto_pipeline to 2026-03-19 03:05:00+00:00, run_after=2026-03-19 03:06:00+00:00
[2026-03-19T03:06:02.693+0000] {processor.py:183} INFO - Processing /opt/airflow/dags/crypto_pipeline_dag.py took 0.180 seconds
[2026-03-19T03:06:32.787+0000] {processor.py:161} INFO - Started process (PID=36079) to work on /opt/airflow/dags/crypto_pipeline_dag.py
[2026-03-19T03:06:32.791+0000] {processor.py:830} INFO - Processing file /opt/airflow/dags/crypto_pipeline_dag.py for tasks to queue
[2026-03-19T03:06:32.795+0000] {logging_mixin.py:188} INFO - [2026-03-19T03:06:32.793+0000] {dagbag.py:545} INFO - Filling up the DagBag from /opt/airflow/dags/crypto_pipeline_dag.py
[2026-03-19T03:06:32.822+0000] {processor.py:840} INFO - DAG(s) 'crypto_pipeline' retrieved from /opt/airflow/dags/crypto_pipeline_dag.py
[2026-03-19T03:06:32.871+0000] {logging_mixin.py:188} INFO - [2026-03-19T03:06:32.871+0000] {dag.py:3096} INFO - Sync 1 DAGs
[2026-03-19T03:06:32.905+0000] {logging_mixin.py:188} INFO - [2026-03-19T03:06:32.904+0000] {dag.py:3954} INFO - Setting next_dagrun for crypto_pipeline to 2026-03-19 03:06:00+00:00, run_after=2026-03-19 03:07:00+00:00
[2026-03-19T03:06:32.923+0000] {processor.py:183} INFO - Processing /opt/airflow/dags/crypto_pipeline_dag.py took 0.155 seconds
[2026-03-19T03:15:40.984+0000] {processor.py:161} INFO - Started process (PID=36138) to work on /opt/airflow/dags/crypto_pipeline_dag.py
[2026-03-19T03:15:40.986+0000] {processor.py:830} INFO - Processing file /opt/airflow/dags/crypto_pipeline_dag.py for tasks to queue
[2026-03-19T03:15:40.988+0000] {logging_mixin.py:188} INFO - [2026-03-19T03:15:40.988+0000] {dagbag.py:545} INFO - Filling up the DagBag from /opt/airflow/dags/crypto_pipeline_dag.py
[2026-03-19T03:15:41.021+0000] {processor.py:840} INFO - DAG(s) 'crypto_pipeline' retrieved from /opt/airflow/dags/crypto_pipeline_dag.py
[2026-03-19T03:15:41.065+0000] {logging_mixin.py:188} INFO - [2026-03-19T03:15:41.064+0000] {dag.py:3096} INFO - Sync 1 DAGs
[2026-03-19T03:15:41.106+0000] {logging_mixin.py:188} INFO - [2026-03-19T03:15:41.106+0000] {dag.py:3954} INFO - Setting next_dagrun for crypto_pipeline to 2026-03-19 03:14:00+00:00, run_after=2026-03-19 03:15:00+00:00
[2026-03-19T03:15:41.118+0000] {processor.py:183} INFO - Processing /opt/airflow/dags/crypto_pipeline_dag.py took 0.144 seconds
[2026-03-19T03:31:54.383+0000] {processor.py:161} INFO - Started process (PID=36197) to work on /opt/airflow/dags/crypto_pipeline_dag.py
[2026-03-19T03:31:54.387+0000] {processor.py:830} INFO - Processing file /opt/airflow/dags/crypto_pipeline_dag.py for tasks to queue
[2026-03-19T03:31:54.389+0000] {logging_mixin.py:188} INFO - [2026-03-19T03:31:54.388+0000] {dagbag.py:545} INFO - Filling up the DagBag from /opt/airflow/dags/crypto_pipeline_dag.py
[2026-03-19T03:31:54.446+0000] {processor.py:840} INFO - DAG(s) 'crypto_pipeline' retrieved from /opt/airflow/dags/crypto_pipeline_dag.py
[2026-03-19T03:31:54.557+0000] {logging_mixin.py:188} INFO - [2026-03-19T03:31:54.556+0000] {dag.py:3096} INFO - Sync 1 DAGs
[2026-03-19T03:31:54.641+0000] {logging_mixin.py:188} INFO - [2026-03-19T03:31:54.639+0000] {dag.py:3954} INFO - Setting next_dagrun for crypto_pipeline to 2026-03-19 03:31:00+00:00, run_after=2026-03-19 03:32:00+00:00
[2026-03-19T03:31:54.683+0000] {processor.py:183} INFO - Processing /opt/airflow/dags/crypto_pipeline_dag.py took 0.339 seconds
[2026-03-19T04:16:38.737+0000] {processor.py:161} INFO - Started process (PID=36264) to work on /opt/airflow/dags/crypto_pipeline_dag.py
[2026-03-19T04:16:38.739+0000] {processor.py:830} INFO - Processing file /opt/airflow/dags/crypto_pipeline_dag.py for tasks to queue
[2026-03-19T04:16:38.742+0000] {logging_mixin.py:188} INFO - [2026-03-19T04:16:38.742+0000] {dagbag.py:545} INFO - Filling up the DagBag from /opt/airflow/dags/crypto_pipeline_dag.py
[2026-03-19T04:16:38.778+0000] {processor.py:840} INFO - DAG(s) 'crypto_pipeline' retrieved from /opt/airflow/dags/crypto_pipeline_dag.py
[2026-03-19T04:16:38.824+0000] {logging_mixin.py:188} INFO - [2026-03-19T04:16:38.823+0000] {dag.py:3096} INFO - Sync 1 DAGs
[2026-03-19T04:16:38.913+0000] {logging_mixin.py:188} INFO - [2026-03-19T04:16:38.912+0000] {dag.py:3954} INFO - Setting next_dagrun for crypto_pipeline to 2026-03-19 04:16:00+00:00, run_after=2026-03-19 04:17:00+00:00
[2026-03-19T04:16:38.950+0000] {processor.py:183} INFO - Processing /opt/airflow/dags/crypto_pipeline_dag.py took 0.242 seconds
[2026-03-19T04:17:09.339+0000] {processor.py:161} INFO - Started process (PID=36331) to work on /opt/airflow/dags/crypto_pipeline_dag.py
[2026-03-19T04:17:09.344+0000] {processor.py:830} INFO - Processing file /opt/airflow/dags/crypto_pipeline_dag.py for tasks to queue
[2026-03-19T04:17:09.347+0000] {logging_mixin.py:188} INFO - [2026-03-19T04:17:09.347+0000] {dagbag.py:545} INFO - Filling up the DagBag from /opt/airflow/dags/crypto_pipeline_dag.py
[2026-03-19T04:17:09.385+0000] {processor.py:840} INFO - DAG(s) 'crypto_pipeline' retrieved from /opt/airflow/dags/crypto_pipeline_dag.py
[2026-03-19T04:17:09.487+0000] {logging_mixin.py:188} INFO - [2026-03-19T04:17:09.487+0000] {dag.py:3096} INFO - Sync 1 DAGs
[2026-03-19T04:17:09.810+0000] {logging_mixin.py:188} INFO - [2026-03-19T04:17:09.809+0000] {dag.py:3954} INFO - Setting next_dagrun for crypto_pipeline to 2026-03-19 04:17:00+00:00, run_after=2026-03-19 04:18:00+00:00
[2026-03-19T04:17:10.130+0000] {processor.py:183} INFO - Processing /opt/airflow/dags/crypto_pipeline_dag.py took 0.822 seconds
[2026-03-19T05:17:35.597+0000] {processor.py:161} INFO - Started process (PID=36390) to work on /opt/airflow/dags/crypto_pipeline_dag.py
[2026-03-19T05:17:35.600+0000] {processor.py:830} INFO - Processing file /opt/airflow/dags/crypto_pipeline_dag.py for tasks to queue
[2026-03-19T05:17:35.603+0000] {logging_mixin.py:188} INFO - [2026-03-19T05:17:35.602+0000] {dagbag.py:545} INFO - Filling up the DagBag from /opt/airflow/dags/crypto_pipeline_dag.py
[2026-03-19T05:17:35.629+0000] {processor.py:840} INFO - DAG(s) 'crypto_pipeline' retrieved from /opt/airflow/dags/crypto_pipeline_dag.py
[2026-03-19T05:17:35.655+0000] {logging_mixin.py:188} INFO - [2026-03-19T05:17:35.655+0000] {dag.py:3096} INFO - Sync 1 DAGs
[2026-03-19T05:17:35.689+0000] {logging_mixin.py:188} INFO - [2026-03-19T05:17:35.689+0000] {dag.py:3954} INFO - Setting next_dagrun for crypto_pipeline to 2026-03-19 05:16:00+00:00, run_after=2026-03-19 05:17:00+00:00
[2026-03-19T05:17:35.707+0000] {processor.py:183} INFO - Processing /opt/airflow/dags/crypto_pipeline_dag.py took 0.122 seconds
[2026-03-19T05:18:06.594+0000] {processor.py:161} INFO - Started process (PID=36449) to work on /opt/airflow/dags/crypto_pipeline_dag.py
[2026-03-19T05:18:06.602+0000] {processor.py:830} INFO - Processing file /opt/airflow/dags/crypto_pipeline_dag.py for tasks to queue
[2026-03-19T05:18:06.603+0000] {logging_mixin.py:188} INFO - [2026-03-19T05:18:06.603+0000] {dagbag.py:545} INFO - Filling up the DagBag from /opt/airflow/dags/crypto_pipeline_dag.py
[2026-03-19T05:18:06.623+0000] {processor.py:840} INFO - DAG(s) 'crypto_pipeline' retrieved from /opt/airflow/dags/crypto_pipeline_dag.py
[2026-03-19T05:18:06.652+0000] {logging_mixin.py:188} INFO - [2026-03-19T05:18:06.652+0000] {dag.py:3096} INFO - Sync 1 DAGs
[2026-03-19T05:18:06.677+0000] {logging_mixin.py:188} INFO - [2026-03-19T05:18:06.677+0000] {dag.py:3954} INFO - Setting next_dagrun for crypto_pipeline to 2026-03-19 05:18:00+00:00, run_after=2026-03-19 05:19:00+00:00
[2026-03-19T05:18:06.688+0000] {processor.py:183} INFO - Processing /opt/airflow/dags/crypto_pipeline_dag.py took 0.119 seconds
[2026-03-19T06:18:31.469+0000] {processor.py:161} INFO - Started process (PID=36508) to work on /opt/airflow/dags/crypto_pipeline_dag.py
[2026-03-19T06:18:31.473+0000] {processor.py:830} INFO - Processing file /opt/airflow/dags/crypto_pipeline_dag.py for tasks to queue
[2026-03-19T06:18:31.477+0000] {logging_mixin.py:188} INFO - [2026-03-19T06:18:31.475+0000] {dagbag.py:545} INFO - Filling up the DagBag from /opt/airflow/dags/crypto_pipeline_dag.py
[2026-03-19T06:18:31.515+0000] {processor.py:840} INFO - DAG(s) 'crypto_pipeline' retrieved from /opt/airflow/dags/crypto_pipeline_dag.py
[2026-03-19T06:18:31.559+0000] {logging_mixin.py:188} INFO - [2026-03-19T06:18:31.559+0000] {dag.py:3096} INFO - Sync 1 DAGs
[2026-03-19T06:18:31.614+0000] {logging_mixin.py:188} INFO - [2026-03-19T06:18:31.613+0000] {dag.py:3954} INFO - Setting next_dagrun for crypto_pipeline to 2026-03-19 06:18:00+00:00, run_after=2026-03-19 06:19:00+00:00
[2026-03-19T06:18:31.650+0000] {processor.py:183} INFO - Processing /opt/airflow/dags/crypto_pipeline_dag.py took 0.205 seconds
[2026-03-19T06:19:01.877+0000] {processor.py:161} INFO - Started process (PID=36575) to work on /opt/airflow/dags/crypto_pipeline_dag.py
[2026-03-19T06:19:01.884+0000] {processor.py:830} INFO - Processing file /opt/airflow/dags/crypto_pipeline_dag.py for tasks to queue
[2026-03-19T06:19:01.887+0000] {logging_mixin.py:188} INFO - [2026-03-19T06:19:01.887+0000] {dagbag.py:545} INFO - Filling up the DagBag from /opt/airflow/dags/crypto_pipeline_dag.py
[2026-03-19T06:19:01.926+0000] {processor.py:840} INFO - DAG(s) 'crypto_pipeline' retrieved from /opt/airflow/dags/crypto_pipeline_dag.py
[2026-03-19T06:19:01.959+0000] {logging_mixin.py:188} INFO - [2026-03-19T06:19:01.959+0000] {dag.py:3096} INFO - Sync 1 DAGs
[2026-03-19T06:19:01.995+0000] {logging_mixin.py:188} INFO - [2026-03-19T06:19:01.995+0000] {dag.py:3954} INFO - Setting next_dagrun for crypto_pipeline to 2026-03-19 06:19:00+00:00, run_after=2026-03-19 06:20:00+00:00
[2026-03-19T06:19:02.022+0000] {processor.py:183} INFO - Processing /opt/airflow/dags/crypto_pipeline_dag.py took 0.161 seconds
[2026-03-19T07:19:28.692+0000] {processor.py:161} INFO - Started process (PID=36634) to work on /opt/airflow/dags/crypto_pipeline_dag.py
[2026-03-19T07:19:28.694+0000] {processor.py:830} INFO - Processing file /opt/airflow/dags/crypto_pipeline_dag.py for tasks to queue
[2026-03-19T07:19:28.696+0000] {logging_mixin.py:188} INFO - [2026-03-19T07:19:28.695+0000] {dagbag.py:545} INFO - Filling up the DagBag from /opt/airflow/dags/crypto_pipeline_dag.py
[2026-03-19T07:19:28.726+0000] {processor.py:840} INFO - DAG(s) 'crypto_pipeline' retrieved from /opt/airflow/dags/crypto_pipeline_dag.py
[2026-03-19T07:19:28.779+0000] {logging_mixin.py:188} INFO - [2026-03-19T07:19:28.779+0000] {dag.py:3096} INFO - Sync 1 DAGs
[2026-03-19T07:19:28.842+0000] {logging_mixin.py:188} INFO - [2026-03-19T07:19:28.842+0000] {dag.py:3954} INFO - Setting next_dagrun for crypto_pipeline to 2026-03-19 07:19:00+00:00, run_after=2026-03-19 07:20:00+00:00
[2026-03-19T07:19:28.887+0000] {processor.py:183} INFO - Processing /opt/airflow/dags/crypto_pipeline_dag.py took 0.214 seconds
[2026-03-19T07:19:59.120+0000] {processor.py:161} INFO - Started process (PID=36702) to work on /opt/airflow/dags/crypto_pipeline_dag.py
[2026-03-19T07:19:59.123+0000] {processor.py:830} INFO - Processing file /opt/airflow/dags/crypto_pipeline_dag.py for tasks to queue
[2026-03-19T07:19:59.125+0000] {logging_mixin.py:188} INFO - [2026-03-19T07:19:59.125+0000] {dagbag.py:545} INFO - Filling up the DagBag from /opt/airflow/dags/crypto_pipeline_dag.py
[2026-03-19T07:19:59.145+0000] {processor.py:840} INFO - DAG(s) 'crypto_pipeline' retrieved from /opt/airflow/dags/crypto_pipeline_dag.py
[2026-03-19T07:19:59.172+0000] {logging_mixin.py:188} INFO - [2026-03-19T07:19:59.172+0000] {dag.py:3096} INFO - Sync 1 DAGs
[2026-03-19T07:19:59.201+0000] {logging_mixin.py:188} INFO - [2026-03-19T07:19:59.201+0000] {dag.py:3954} INFO - Setting next_dagrun for crypto_pipeline to 2026-03-19 07:19:00+00:00, run_after=2026-03-19 07:20:00+00:00
[2026-03-19T07:19:59.217+0000] {processor.py:183} INFO - Processing /opt/airflow/dags/crypto_pipeline_dag.py took 0.116 seconds
[2026-03-19T07:37:27.841+0000] {processor.py:161} INFO - Started process (PID=36760) to work on /opt/airflow/dags/crypto_pipeline_dag.py
[2026-03-19T07:37:27.845+0000] {processor.py:830} INFO - Processing file /opt/airflow/dags/crypto_pipeline_dag.py for tasks to queue
[2026-03-19T07:37:27.848+0000] {logging_mixin.py:188} INFO - [2026-03-19T07:37:27.847+0000] {dagbag.py:545} INFO - Filling up the DagBag from /opt/airflow/dags/crypto_pipeline_dag.py
[2026-03-19T07:37:27.881+0000] {processor.py:840} INFO - DAG(s) 'crypto_pipeline' retrieved from /opt/airflow/dags/crypto_pipeline_dag.py
[2026-03-19T07:37:27.934+0000] {logging_mixin.py:188} INFO - [2026-03-19T07:37:27.934+0000] {dag.py:3096} INFO - Sync 1 DAGs
[2026-03-19T07:37:27.999+0000] {logging_mixin.py:188} INFO - [2026-03-19T07:37:27.999+0000] {dag.py:3954} INFO - Setting next_dagrun for crypto_pipeline to 2026-03-19 07:37:00+00:00, run_after=2026-03-19 07:38:00+00:00
[2026-03-19T07:37:28.045+0000] {processor.py:183} INFO - Processing /opt/airflow/dags/crypto_pipeline_dag.py took 0.224 seconds
[2026-03-19T07:37:58.848+0000] {processor.py:161} INFO - Started process (PID=36827) to work on /opt/airflow/dags/crypto_pipeline_dag.py
[2026-03-19T07:37:58.850+0000] {processor.py:830} INFO - Processing file /opt/airflow/dags/crypto_pipeline_dag.py for tasks to queue
[2026-03-19T07:37:58.852+0000] {logging_mixin.py:188} INFO - [2026-03-19T07:37:58.851+0000] {dagbag.py:545} INFO - Filling up the DagBag from /opt/airflow/dags/crypto_pipeline_dag.py
[2026-03-19T07:37:58.881+0000] {processor.py:840} INFO - DAG(s) 'crypto_pipeline' retrieved from /opt/airflow/dags/crypto_pipeline_dag.py
[2026-03-19T07:37:58.943+0000] {logging_mixin.py:188} INFO - [2026-03-19T07:37:58.943+0000] {dag.py:3096} INFO - Sync 1 DAGs
[2026-03-19T07:37:58.973+0000] {logging_mixin.py:188} INFO - [2026-03-19T07:37:58.973+0000] {dag.py:3954} INFO - Setting next_dagrun for crypto_pipeline to 2026-03-19 07:37:00+00:00, run_after=2026-03-19 07:38:00+00:00
[2026-03-19T07:37:59.000+0000] {processor.py:183} INFO - Processing /opt/airflow/dags/crypto_pipeline_dag.py took 0.175 seconds
[2026-03-19T07:48:55.198+0000] {processor.py:161} INFO - Started process (PID=36886) to work on /opt/airflow/dags/crypto_pipeline_dag.py
[2026-03-19T07:48:55.200+0000] {processor.py:830} INFO - Processing file /opt/airflow/dags/crypto_pipeline_dag.py for tasks to queue
[2026-03-19T07:48:55.201+0000] {logging_mixin.py:188} INFO - [2026-03-19T07:48:55.201+0000] {dagbag.py:545} INFO - Filling up the DagBag from /opt/airflow/dags/crypto_pipeline_dag.py
[2026-03-19T07:48:55.217+0000] {processor.py:840} INFO - DAG(s) 'crypto_pipeline' retrieved from /opt/airflow/dags/crypto_pipeline_dag.py
[2026-03-19T07:48:55.243+0000] {logging_mixin.py:188} INFO - [2026-03-19T07:48:55.243+0000] {dag.py:3096} INFO - Sync 1 DAGs
[2026-03-19T07:48:55.265+0000] {logging_mixin.py:188} INFO - [2026-03-19T07:48:55.265+0000] {dag.py:3954} INFO - Setting next_dagrun for crypto_pipeline to 2026-03-19 07:47:00+00:00, run_after=2026-03-19 07:48:00+00:00
[2026-03-19T07:48:55.284+0000] {processor.py:183} INFO - Processing /opt/airflow/dags/crypto_pipeline_dag.py took 0.096 seconds
[2026-03-19T07:49:25.987+0000] {processor.py:161} INFO - Started process (PID=36945) to work on /opt/airflow/dags/crypto_pipeline_dag.py
[2026-03-19T07:49:25.993+0000] {processor.py:830} INFO - Processing file /opt/airflow/dags/crypto_pipeline_dag.py for tasks to queue
[2026-03-19T07:49:25.997+0000] {logging_mixin.py:188} INFO - [2026-03-19T07:49:25.996+0000] {dagbag.py:545} INFO - Filling up the DagBag from /opt/airflow/dags/crypto_pipeline_dag.py
[2026-03-19T07:49:26.027+0000] {processor.py:840} INFO - DAG(s) 'crypto_pipeline' retrieved from /opt/airflow/dags/crypto_pipeline_dag.py
[2026-03-19T07:49:26.072+0000] {logging_mixin.py:188} INFO - [2026-03-19T07:49:26.072+0000] {dag.py:3096} INFO - Sync 1 DAGs
[2026-03-19T07:49:26.105+0000] {logging_mixin.py:188} INFO - [2026-03-19T07:49:26.105+0000] {dag.py:3954} INFO - Setting next_dagrun for crypto_pipeline to 2026-03-19 07:49:00+00:00, run_after=2026-03-19 07:50:00+00:00
[2026-03-19T07:49:26.127+0000] {processor.py:183} INFO - Processing /opt/airflow/dags/crypto_pipeline_dag.py took 0.162 seconds
[2026-03-19T07:49:57.176+0000] {processor.py:161} INFO - Started process (PID=37004) to work on /opt/airflow/dags/crypto_pipeline_dag.py
[2026-03-19T07:49:57.179+0000] {processor.py:830} INFO - Processing file /opt/airflow/dags/crypto_pipeline_dag.py for tasks to queue
[2026-03-19T07:49:57.180+0000] {logging_mixin.py:188} INFO - [2026-03-19T07:49:57.180+0000] {dagbag.py:545} INFO - Filling up the DagBag from /opt/airflow/dags/crypto_pipeline_dag.py
[2026-03-19T07:49:57.203+0000] {processor.py:840} INFO - DAG(s) 'crypto_pipeline' retrieved from /opt/airflow/dags/crypto_pipeline_dag.py
[2026-03-19T07:49:57.228+0000] {logging_mixin.py:188} INFO - [2026-03-19T07:49:57.228+0000] {dag.py:3096} INFO - Sync 1 DAGs
[2026-03-19T07:49:57.264+0000] {logging_mixin.py:188} INFO - [2026-03-19T07:49:57.264+0000] {dag.py:3954} INFO - Setting next_dagrun for crypto_pipeline to 2026-03-19 07:49:00+00:00, run_after=2026-03-19 07:50:00+00:00
[2026-03-19T07:49:57.281+0000] {processor.py:183} INFO - Processing /opt/airflow/dags/crypto_pipeline_dag.py took 0.122 seconds
[2026-03-19T07:50:27.557+0000] {processor.py:161} INFO - Started process (PID=37063) to work on /opt/airflow/dags/crypto_pipeline_dag.py
[2026-03-19T07:50:27.560+0000] {processor.py:830} INFO - Processing file /opt/airflow/dags/crypto_pipeline_dag.py for tasks to queue
[2026-03-19T07:50:27.561+0000] {logging_mixin.py:188} INFO - [2026-03-19T07:50:27.561+0000] {dagbag.py:545} INFO - Filling up the DagBag from /opt/airflow/dags/crypto_pipeline_dag.py
[2026-03-19T07:50:27.589+0000] {processor.py:840} INFO - DAG(s) 'crypto_pipeline' retrieved from /opt/airflow/dags/crypto_pipeline_dag.py
[2026-03-19T07:50:27.633+0000] {logging_mixin.py:188} INFO - [2026-03-19T07:50:27.633+0000] {dag.py:3096} INFO - Sync 1 DAGs
[2026-03-19T07:50:27.672+0000] {logging_mixin.py:188} INFO - [2026-03-19T07:50:27.671+0000] {dag.py:3954} INFO - Setting next_dagrun for crypto_pipeline to 2026-03-19 07:50:00+00:00, run_after=2026-03-19 07:51:00+00:00
[2026-03-19T07:50:27.693+0000] {processor.py:183} INFO - Processing /opt/airflow/dags/crypto_pipeline_dag.py took 0.159 seconds
[2026-03-19T07:50:58.256+0000] {processor.py:161} INFO - Started process (PID=37122) to work on /opt/airflow/dags/crypto_pipeline_dag.py
[2026-03-19T07:50:58.259+0000] {processor.py:830} INFO - Processing file /opt/airflow/dags/crypto_pipeline_dag.py for tasks to queue
[2026-03-19T07:50:58.261+0000] {logging_mixin.py:188} INFO - [2026-03-19T07:50:58.260+0000] {dagbag.py:545} INFO - Filling up the DagBag from /opt/airflow/dags/crypto_pipeline_dag.py
[2026-03-19T07:50:58.296+0000] {processor.py:840} INFO - DAG(s) 'crypto_pipeline' retrieved from /opt/airflow/dags/crypto_pipeline_dag.py
[2026-03-19T07:50:58.328+0000] {logging_mixin.py:188} INFO - [2026-03-19T07:50:58.328+0000] {dag.py:3096} INFO - Sync 1 DAGs
[2026-03-19T07:50:58.352+0000] {logging_mixin.py:188} INFO - [2026-03-19T07:50:58.352+0000] {dag.py:3954} INFO - Setting next_dagrun for crypto_pipeline to 2026-03-19 07:50:00+00:00, run_after=2026-03-19 07:51:00+00:00
[2026-03-19T07:50:58.372+0000] {processor.py:183} INFO - Processing /opt/airflow/dags/crypto_pipeline_dag.py took 0.136 seconds
[2026-03-19T07:51:28.600+0000] {processor.py:161} INFO - Started process (PID=37181) to work on /opt/airflow/dags/crypto_pipeline_dag.py
[2026-03-19T07:51:28.606+0000] {processor.py:830} INFO - Processing file /opt/airflow/dags/crypto_pipeline_dag.py for tasks to queue
[2026-03-19T07:51:28.607+0000] {logging_mixin.py:188} INFO - [2026-03-19T07:51:28.606+0000] {dagbag.py:545} INFO - Filling up the DagBag from /opt/airflow/dags/crypto_pipeline_dag.py
[2026-03-19T07:51:28.640+0000] {processor.py:840} INFO - DAG(s) 'crypto_pipeline' retrieved from /opt/airflow/dags/crypto_pipeline_dag.py
[2026-03-19T07:51:28.695+0000] {logging_mixin.py:188} INFO - [2026-03-19T07:51:28.695+0000] {dag.py:3096} INFO - Sync 1 DAGs
[2026-03-19T07:51:28.738+0000] {logging_mixin.py:188} INFO - [2026-03-19T07:51:28.738+0000] {dag.py:3954} INFO - Setting next_dagrun for crypto_pipeline to 2026-03-19 07:51:00+00:00, run_after=2026-03-19 07:52:00+00:00
[2026-03-19T07:51:28.763+0000] {processor.py:183} INFO - Processing /opt/airflow/dags/crypto_pipeline_dag.py took 0.185 seconds
[2026-03-19T07:51:59.581+0000] {processor.py:161} INFO - Started process (PID=37240) to work on /opt/airflow/dags/crypto_pipeline_dag.py
[2026-03-19T07:51:59.583+0000] {processor.py:830} INFO - Processing file /opt/airflow/dags/crypto_pipeline_dag.py for tasks to queue
[2026-03-19T07:51:59.585+0000] {logging_mixin.py:188} INFO - [2026-03-19T07:51:59.584+0000] {dagbag.py:545} INFO - Filling up the DagBag from /opt/airflow/dags/crypto_pipeline_dag.py
[2026-03-19T07:51:59.612+0000] {processor.py:840} INFO - DAG(s) 'crypto_pipeline' retrieved from /opt/airflow/dags/crypto_pipeline_dag.py
[2026-03-19T07:51:59.651+0000] {logging_mixin.py:188} INFO - [2026-03-19T07:51:59.650+0000] {dag.py:3096} INFO - Sync 1 DAGs
[2026-03-19T07:51:59.679+0000] {logging_mixin.py:188} INFO - [2026-03-19T07:51:59.679+0000] {dag.py:3954} INFO - Setting next_dagrun for crypto_pipeline to 2026-03-19 07:51:00+00:00, run_after=2026-03-19 07:52:00+00:00
[2026-03-19T07:51:59.696+0000] {processor.py:183} INFO - Processing /opt/airflow/dags/crypto_pipeline_dag.py took 0.135 seconds
[2026-03-19T07:52:30.044+0000] {processor.py:161} INFO - Started process (PID=37299) to work on /opt/airflow/dags/crypto_pipeline_dag.py
[2026-03-19T07:52:30.051+0000] {processor.py:830} INFO - Processing file /opt/airflow/dags/crypto_pipeline_dag.py for tasks to queue
[2026-03-19T07:52:30.053+0000] {logging_mixin.py:188} INFO - [2026-03-19T07:52:30.052+0000] {dagbag.py:545} INFO - Filling up the DagBag from /opt/airflow/dags/crypto_pipeline_dag.py
[2026-03-19T07:52:30.078+0000] {processor.py:840} INFO - DAG(s) 'crypto_pipeline' retrieved from /opt/airflow/dags/crypto_pipeline_dag.py
[2026-03-19T07:52:30.120+0000] {logging_mixin.py:188} INFO - [2026-03-19T07:52:30.120+0000] {dag.py:3096} INFO - Sync 1 DAGs
[2026-03-19T07:52:30.153+0000] {logging_mixin.py:188} INFO - [2026-03-19T07:52:30.153+0000] {dag.py:3954} INFO - Setting next_dagrun for crypto_pipeline to 2026-03-19 07:52:00+00:00, run_after=2026-03-19 07:53:00+00:00
[2026-03-19T07:52:30.168+0000] {processor.py:183} INFO - Processing /opt/airflow/dags/crypto_pipeline_dag.py took 0.142 seconds
[2026-03-19T07:53:00.648+0000] {processor.py:161} INFO - Started process (PID=37358) to work on /opt/airflow/dags/crypto_pipeline_dag.py
[2026-03-19T07:53:00.650+0000] {processor.py:830} INFO - Processing file /opt/airflow/dags/crypto_pipeline_dag.py for tasks to queue
[2026-03-19T07:53:00.651+0000] {logging_mixin.py:188} INFO - [2026-03-19T07:53:00.651+0000] {dagbag.py:545} INFO - Filling up the DagBag from /opt/airflow/dags/crypto_pipeline_dag.py
[2026-03-19T07:53:00.670+0000] {processor.py:840} INFO - DAG(s) 'crypto_pipeline' retrieved from /opt/airflow/dags/crypto_pipeline_dag.py
[2026-03-19T07:53:00.710+0000] {logging_mixin.py:188} INFO - [2026-03-19T07:53:00.710+0000] {dag.py:3096} INFO - Sync 1 DAGs
[2026-03-19T07:53:00.752+0000] {logging_mixin.py:188} INFO - [2026-03-19T07:53:00.752+0000] {dag.py:3954} INFO - Setting next_dagrun for crypto_pipeline to 2026-03-19 07:53:00+00:00, run_after=2026-03-19 07:54:00+00:00
[2026-03-19T07:53:00.781+0000] {processor.py:183} INFO - Processing /opt/airflow/dags/crypto_pipeline_dag.py took 0.151 seconds
[2026-03-19T07:53:31.349+0000] {processor.py:161} INFO - Started process (PID=37417) to work on /opt/airflow/dags/crypto_pipeline_dag.py
[2026-03-19T07:53:31.353+0000] {processor.py:830} INFO - Processing file /opt/airflow/dags/crypto_pipeline_dag.py for tasks to queue
[2026-03-19T07:53:31.356+0000] {logging_mixin.py:188} INFO - [2026-03-19T07:53:31.355+0000] {dagbag.py:545} INFO - Filling up the DagBag from /opt/airflow/dags/crypto_pipeline_dag.py
[2026-03-19T07:53:31.392+0000] {processor.py:840} INFO - DAG(s) 'crypto_pipeline' retrieved from /opt/airflow/dags/crypto_pipeline_dag.py
[2026-03-19T07:53:31.486+0000] {logging_mixin.py:188} INFO - [2026-03-19T07:53:31.486+0000] {dag.py:3096} INFO - Sync 1 DAGs
[2026-03-19T07:53:31.527+0000] {logging_mixin.py:188} INFO - [2026-03-19T07:53:31.526+0000] {dag.py:3954} INFO - Setting next_dagrun for crypto_pipeline to 2026-03-19 07:53:00+00:00, run_after=2026-03-19 07:54:00+00:00
[2026-03-19T07:53:31.548+0000] {processor.py:183} INFO - Processing /opt/airflow/dags/crypto_pipeline_dag.py took 0.225 seconds
[2026-03-19T07:54:01.645+0000] {processor.py:161} INFO - Started process (PID=37476) to work on /opt/airflow/dags/crypto_pipeline_dag.py
[2026-03-19T07:54:01.649+0000] {processor.py:830} INFO - Processing file /opt/airflow/dags/crypto_pipeline_dag.py for tasks to queue
[2026-03-19T07:54:01.650+0000] {logging_mixin.py:188} INFO - [2026-03-19T07:54:01.650+0000] {dagbag.py:545} INFO - Filling up the DagBag from /opt/airflow/dags/crypto_pipeline_dag.py
[2026-03-19T07:54:01.680+0000] {processor.py:840} INFO - DAG(s) 'crypto_pipeline' retrieved from /opt/airflow/dags/crypto_pipeline_dag.py
[2026-03-19T07:54:01.748+0000] {logging_mixin.py:188} INFO - [2026-03-19T07:54:01.747+0000] {dag.py:3096} INFO - Sync 1 DAGs
[2026-03-19T07:54:01.802+0000] {logging_mixin.py:188} INFO - [2026-03-19T07:54:01.802+0000] {dag.py:3954} INFO - Setting next_dagrun for crypto_pipeline to 2026-03-19 07:54:00+00:00, run_after=2026-03-19 07:55:00+00:00
[2026-03-19T07:54:01.828+0000] {processor.py:183} INFO - Processing /opt/airflow/dags/crypto_pipeline_dag.py took 0.203 seconds
[2026-03-19T07:54:32.142+0000] {processor.py:161} INFO - Started process (PID=37535) to work on /opt/airflow/dags/crypto_pipeline_dag.py
[2026-03-19T07:54:32.144+0000] {processor.py:830} INFO - Processing file /opt/airflow/dags/crypto_pipeline_dag.py for tasks to queue
[2026-03-19T07:54:32.146+0000] {logging_mixin.py:188} INFO - [2026-03-19T07:54:32.145+0000] {dagbag.py:545} INFO - Filling up the DagBag from /opt/airflow/dags/crypto_pipeline_dag.py
[2026-03-19T07:54:32.167+0000] {processor.py:840} INFO - DAG(s) 'crypto_pipeline' retrieved from /opt/airflow/dags/crypto_pipeline_dag.py
[2026-03-19T07:54:32.203+0000] {logging_mixin.py:188} INFO - [2026-03-19T07:54:32.203+0000] {dag.py:3096} INFO - Sync 1 DAGs
[2026-03-19T07:54:32.229+0000] {logging_mixin.py:188} INFO - [2026-03-19T07:54:32.229+0000] {dag.py:3954} INFO - Setting next_dagrun for crypto_pipeline to 2026-03-19 07:54:00+00:00, run_after=2026-03-19 07:55:00+00:00
[2026-03-19T07:54:32.251+0000] {processor.py:183} INFO - Processing /opt/airflow/dags/crypto_pipeline_dag.py took 0.121 seconds
[2026-03-19T07:55:02.498+0000] {processor.py:161} INFO - Started process (PID=37594) to work on /opt/airflow/dags/crypto_pipeline_dag.py
[2026-03-19T07:55:02.504+0000] {processor.py:830} INFO - Processing file /opt/airflow/dags/crypto_pipeline_dag.py for tasks to queue
[2026-03-19T07:55:02.511+0000] {logging_mixin.py:188} INFO - [2026-03-19T07:55:02.508+0000] {dagbag.py:545} INFO - Filling up the DagBag from /opt/airflow/dags/crypto_pipeline_dag.py
[2026-03-19T07:55:02.539+0000] {processor.py:840} INFO - DAG(s) 'crypto_pipeline' retrieved from /opt/airflow/dags/crypto_pipeline_dag.py
[2026-03-19T07:55:02.567+0000] {logging_mixin.py:188} INFO - [2026-03-19T07:55:02.566+0000] {dag.py:3096} INFO - Sync 1 DAGs
[2026-03-19T07:55:02.588+0000] {logging_mixin.py:188} INFO - [2026-03-19T07:55:02.588+0000] {dag.py:3954} INFO - Setting next_dagrun for crypto_pipeline to 2026-03-19 07:55:00+00:00, run_after=2026-03-19 07:56:00+00:00
[2026-03-19T07:55:02.602+0000] {processor.py:183} INFO - Processing /opt/airflow/dags/crypto_pipeline_dag.py took 0.130 seconds
[2026-03-19T07:55:33.152+0000] {processor.py:161} INFO - Started process (PID=37653) to work on /opt/airflow/dags/crypto_pipeline_dag.py
[2026-03-19T07:55:33.155+0000] {processor.py:830} INFO - Processing file /opt/airflow/dags/crypto_pipeline_dag.py for tasks to queue
[2026-03-19T07:55:33.157+0000] {logging_mixin.py:188} INFO - [2026-03-19T07:55:33.156+0000] {dagbag.py:545} INFO - Filling up the DagBag from /opt/airflow/dags/crypto_pipeline_dag.py
[2026-03-19T07:55:33.181+0000] {processor.py:840} INFO - DAG(s) 'crypto_pipeline' retrieved from /opt/airflow/dags/crypto_pipeline_dag.py
[2026-03-19T07:55:33.227+0000] {logging_mixin.py:188} INFO - [2026-03-19T07:55:33.227+0000] {dag.py:3096} INFO - Sync 1 DAGs
[2026-03-19T07:55:33.256+0000] {logging_mixin.py:188} INFO - [2026-03-19T07:55:33.255+0000] {dag.py:3954} INFO - Setting next_dagrun for crypto_pipeline to 2026-03-19 07:55:00+00:00, run_after=2026-03-19 07:56:00+00:00
[2026-03-19T07:55:33.271+0000] {processor.py:183} INFO - Processing /opt/airflow/dags/crypto_pipeline_dag.py took 0.137 seconds
[2026-03-19T07:56:03.769+0000] {processor.py:161} INFO - Started process (PID=37712) to work on /opt/airflow/dags/crypto_pipeline_dag.py
[2026-03-19T07:56:03.771+0000] {processor.py:830} INFO - Processing file /opt/airflow/dags/crypto_pipeline_dag.py for tasks to queue
[2026-03-19T07:56:03.773+0000] {logging_mixin.py:188} INFO - [2026-03-19T07:56:03.772+0000] {dagbag.py:545} INFO - Filling up the DagBag from /opt/airflow/dags/crypto_pipeline_dag.py
[2026-03-19T07:56:03.789+0000] {processor.py:840} INFO - DAG(s) 'crypto_pipeline' retrieved from /opt/airflow/dags/crypto_pipeline_dag.py
[2026-03-19T07:56:03.817+0000] {logging_mixin.py:188} INFO - [2026-03-19T07:56:03.817+0000] {dag.py:3096} INFO - Sync 1 DAGs
[2026-03-19T07:56:03.838+0000] {logging_mixin.py:188} INFO - [2026-03-19T07:56:03.838+0000] {dag.py:3954} INFO - Setting next_dagrun for crypto_pipeline to 2026-03-19 07:56:00+00:00, run_after=2026-03-19 07:57:00+00:00
[2026-03-19T07:56:03.855+0000] {processor.py:183} INFO - Processing /opt/airflow/dags/crypto_pipeline_dag.py took 0.096 seconds
[2026-03-19T07:56:34.131+0000] {processor.py:161} INFO - Started process (PID=37771) to work on /opt/airflow/dags/crypto_pipeline_dag.py
[2026-03-19T07:56:34.134+0000] {processor.py:830} INFO - Processing file /opt/airflow/dags/crypto_pipeline_dag.py for tasks to queue
[2026-03-19T07:56:34.137+0000] {logging_mixin.py:188} INFO - [2026-03-19T07:56:34.136+0000] {dagbag.py:545} INFO - Filling up the DagBag from /opt/airflow/dags/crypto_pipeline_dag.py
[2026-03-19T07:56:34.176+0000] {processor.py:840} INFO - DAG(s) 'crypto_pipeline' retrieved from /opt/airflow/dags/crypto_pipeline_dag.py
[2026-03-19T07:56:34.238+0000] {logging_mixin.py:188} INFO - [2026-03-19T07:56:34.237+0000] {dag.py:3096} INFO - Sync 1 DAGs
[2026-03-19T07:56:34.298+0000] {logging_mixin.py:188} INFO - [2026-03-19T07:56:34.298+0000] {dag.py:3954} INFO - Setting next_dagrun for crypto_pipeline to 2026-03-19 07:56:00+00:00, run_after=2026-03-19 07:57:00+00:00
[2026-03-19T07:56:34.343+0000] {processor.py:183} INFO - Processing /opt/airflow/dags/crypto_pipeline_dag.py took 0.247 seconds
[2026-03-19T07:57:04.457+0000] {processor.py:161} INFO - Started process (PID=37830) to work on /opt/airflow/dags/crypto_pipeline_dag.py
[2026-03-19T07:57:04.459+0000] {processor.py:830} INFO - Processing file /opt/airflow/dags/crypto_pipeline_dag.py for tasks to queue
[2026-03-19T07:57:04.461+0000] {logging_mixin.py:188} INFO - [2026-03-19T07:57:04.460+0000] {dagbag.py:545} INFO - Filling up the DagBag from /opt/airflow/dags/crypto_pipeline_dag.py
[2026-03-19T07:57:04.476+0000] {processor.py:840} INFO - DAG(s) 'crypto_pipeline' retrieved from /opt/airflow/dags/crypto_pipeline_dag.py
[2026-03-19T07:57:04.501+0000] {logging_mixin.py:188} INFO - [2026-03-19T07:57:04.501+0000] {dag.py:3096} INFO - Sync 1 DAGs
[2026-03-19T07:57:04.527+0000] {logging_mixin.py:188} INFO - [2026-03-19T07:57:04.527+0000] {dag.py:3954} INFO - Setting next_dagrun for crypto_pipeline to 2026-03-19 07:57:00+00:00, run_after=2026-03-19 07:58:00+00:00
[2026-03-19T07:57:04.545+0000] {processor.py:183} INFO - Processing /opt/airflow/dags/crypto_pipeline_dag.py took 0.096 seconds
[2026-03-19T07:57:34.581+0000] {processor.py:161} INFO - Started process (PID=37889) to work on /opt/airflow/dags/crypto_pipeline_dag.py
[2026-03-19T07:57:34.583+0000] {processor.py:830} INFO - Processing file /opt/airflow/dags/crypto_pipeline_dag.py for tasks to queue
[2026-03-19T07:57:34.588+0000] {logging_mixin.py:188} INFO - [2026-03-19T07:57:34.585+0000] {dagbag.py:545} INFO - Filling up the DagBag from /opt/airflow/dags/crypto_pipeline_dag.py
[2026-03-19T07:57:34.613+0000] {processor.py:840} INFO - DAG(s) 'crypto_pipeline' retrieved from /opt/airflow/dags/crypto_pipeline_dag.py
[2026-03-19T07:57:34.639+0000] {logging_mixin.py:188} INFO - [2026-03-19T07:57:34.639+0000] {dag.py:3096} INFO - Sync 1 DAGs
[2026-03-19T07:57:34.670+0000] {logging_mixin.py:188} INFO - [2026-03-19T07:57:34.669+0000] {dag.py:3954} INFO - Setting next_dagrun for crypto_pipeline to 2026-03-19 07:57:00+00:00, run_after=2026-03-19 07:58:00+00:00
[2026-03-19T07:57:34.689+0000] {processor.py:183} INFO - Processing /opt/airflow/dags/crypto_pipeline_dag.py took 0.117 seconds
[2026-03-19T07:58:04.808+0000] {processor.py:161} INFO - Started process (PID=37948) to work on /opt/airflow/dags/crypto_pipeline_dag.py
[2026-03-19T07:58:04.813+0000] {processor.py:830} INFO - Processing file /opt/airflow/dags/crypto_pipeline_dag.py for tasks to queue
[2026-03-19T07:58:04.814+0000] {logging_mixin.py:188} INFO - [2026-03-19T07:58:04.814+0000] {dagbag.py:545} INFO - Filling up the DagBag from /opt/airflow/dags/crypto_pipeline_dag.py
[2026-03-19T07:58:04.835+0000] {processor.py:840} INFO - DAG(s) 'crypto_pipeline' retrieved from /opt/airflow/dags/crypto_pipeline_dag.py
[2026-03-19T07:58:04.860+0000] {logging_mixin.py:188} INFO - [2026-03-19T07:58:04.860+0000] {dag.py:3096} INFO - Sync 1 DAGs
[2026-03-19T07:58:04.886+0000] {logging_mixin.py:188} INFO - [2026-03-19T07:58:04.885+0000] {dag.py:3954} INFO - Setting next_dagrun for crypto_pipeline to 2026-03-19 07:58:00+00:00, run_after=2026-03-19 07:59:00+00:00
[2026-03-19T07:58:04.903+0000] {processor.py:183} INFO - Processing /opt/airflow/dags/crypto_pipeline_dag.py took 0.108 seconds
[2026-03-19T07:58:35.089+0000] {processor.py:161} INFO - Started process (PID=38008) to work on /opt/airflow/dags/crypto_pipeline_dag.py
[2026-03-19T07:58:35.090+0000] {processor.py:830} INFO - Processing file /opt/airflow/dags/crypto_pipeline_dag.py for tasks to queue
[2026-03-19T07:58:35.090+0000] {logging_mixin.py:188} INFO - [2026-03-19T07:58:35.090+0000] {dagbag.py:545} INFO - Filling up the DagBag from /opt/airflow/dags/crypto_pipeline_dag.py
[2026-03-19T07:58:35.097+0000] {processor.py:840} INFO - DAG(s) 'crypto_pipeline' retrieved from /opt/airflow/dags/crypto_pipeline_dag.py
[2026-03-19T07:58:35.120+0000] {logging_mixin.py:188} INFO - [2026-03-19T07:58:35.120+0000] {dag.py:3096} INFO - Sync 1 DAGs
[2026-03-19T07:58:35.150+0000] {logging_mixin.py:188} INFO - [2026-03-19T07:58:35.149+0000] {dag.py:3954} INFO - Setting next_dagrun for crypto_pipeline to 2026-03-19 07:58:00+00:00, run_after=2026-03-19 07:59:00+00:00
[2026-03-19T07:58:35.165+0000] {processor.py:183} INFO - Processing /opt/airflow/dags/crypto_pipeline_dag.py took 0.081 seconds
[2026-03-19T07:59:05.373+0000] {processor.py:161} INFO - Started process (PID=38066) to work on /opt/airflow/dags/crypto_pipeline_dag.py
[2026-03-19T07:59:05.376+0000] {processor.py:830} INFO - Processing file /opt/airflow/dags/crypto_pipeline_dag.py for tasks to queue
[2026-03-19T07:59:05.379+0000] {logging_mixin.py:188} INFO - [2026-03-19T07:59:05.377+0000] {dagbag.py:545} INFO - Filling up the DagBag from /opt/airflow/dags/crypto_pipeline_dag.py
[2026-03-19T07:59:05.411+0000] {processor.py:840} INFO - DAG(s) 'crypto_pipeline' retrieved from /opt/airflow/dags/crypto_pipeline_dag.py
[2026-03-19T07:59:05.440+0000] {logging_mixin.py:188} INFO - [2026-03-19T07:59:05.440+0000] {dag.py:3096} INFO - Sync 1 DAGs
[2026-03-19T07:59:05.468+0000] {logging_mixin.py:188} INFO - [2026-03-19T07:59:05.468+0000] {dag.py:3954} INFO - Setting next_dagrun for crypto_pipeline to 2026-03-19 07:59:00+00:00, run_after=2026-03-19 08:00:00+00:00
[2026-03-19T07:59:05.485+0000] {processor.py:183} INFO - Processing /opt/airflow/dags/crypto_pipeline_dag.py took 0.147 seconds
[2026-03-19T07:59:36.230+0000] {processor.py:161} INFO - Started process (PID=38125) to work on /opt/airflow/dags/crypto_pipeline_dag.py
[2026-03-19T07:59:36.236+0000] {processor.py:830} INFO - Processing file /opt/airflow/dags/crypto_pipeline_dag.py for tasks to queue
[2026-03-19T07:59:36.238+0000] {logging_mixin.py:188} INFO - [2026-03-19T07:59:36.237+0000] {dagbag.py:545} INFO - Filling up the DagBag from /opt/airflow/dags/crypto_pipeline_dag.py
[2026-03-19T07:59:36.273+0000] {processor.py:840} INFO - DAG(s) 'crypto_pipeline' retrieved from /opt/airflow/dags/crypto_pipeline_dag.py
[2026-03-19T07:59:36.319+0000] {logging_mixin.py:188} INFO - [2026-03-19T07:59:36.319+0000] {dag.py:3096} INFO - Sync 1 DAGs
[2026-03-19T07:59:36.346+0000] {logging_mixin.py:188} INFO - [2026-03-19T07:59:36.346+0000] {dag.py:3954} INFO - Setting next_dagrun for crypto_pipeline to 2026-03-19 07:59:00+00:00, run_after=2026-03-19 08:00:00+00:00
[2026-03-19T07:59:36.363+0000] {processor.py:183} INFO - Processing /opt/airflow/dags/crypto_pipeline_dag.py took 0.152 seconds
[2026-03-19T08:00:06.970+0000] {processor.py:161} INFO - Started process (PID=38184) to work on /opt/airflow/dags/crypto_pipeline_dag.py
[2026-03-19T08:00:06.974+0000] {processor.py:830} INFO - Processing file /opt/airflow/dags/crypto_pipeline_dag.py for tasks to queue
[2026-03-19T08:00:06.978+0000] {logging_mixin.py:188} INFO - [2026-03-19T08:00:06.976+0000] {dagbag.py:545} INFO - Filling up the DagBag from /opt/airflow/dags/crypto_pipeline_dag.py
[2026-03-19T08:00:07.032+0000] {processor.py:840} INFO - DAG(s) 'crypto_pipeline' retrieved from /opt/airflow/dags/crypto_pipeline_dag.py
[2026-03-19T08:00:07.085+0000] {logging_mixin.py:188} INFO - [2026-03-19T08:00:07.084+0000] {dag.py:3096} INFO - Sync 1 DAGs
[2026-03-19T08:00:07.115+0000] {logging_mixin.py:188} INFO - [2026-03-19T08:00:07.115+0000] {dag.py:3954} INFO - Setting next_dagrun for crypto_pipeline to 2026-03-19 08:00:00+00:00, run_after=2026-03-19 08:01:00+00:00
[2026-03-19T08:00:07.128+0000] {processor.py:183} INFO - Processing /opt/airflow/dags/crypto_pipeline_dag.py took 0.189 seconds
[2026-03-19T08:00:37.374+0000] {processor.py:161} INFO - Started process (PID=38243) to work on /opt/airflow/dags/crypto_pipeline_dag.py
[2026-03-19T08:00:37.376+0000] {processor.py:830} INFO - Processing file /opt/airflow/dags/crypto_pipeline_dag.py for tasks to queue
[2026-03-19T08:00:37.378+0000] {logging_mixin.py:188} INFO - [2026-03-19T08:00:37.377+0000] {dagbag.py:545} INFO - Filling up the DagBag from /opt/airflow/dags/crypto_pipeline_dag.py
[2026-03-19T08:00:37.413+0000] {processor.py:840} INFO - DAG(s) 'crypto_pipeline' retrieved from /opt/airflow/dags/crypto_pipeline_dag.py
[2026-03-19T08:00:37.451+0000] {logging_mixin.py:188} INFO - [2026-03-19T08:00:37.451+0000] {dag.py:3096} INFO - Sync 1 DAGs
[2026-03-19T08:00:37.489+0000] {logging_mixin.py:188} INFO - [2026-03-19T08:00:37.489+0000] {dag.py:3954} INFO - Setting next_dagrun for crypto_pipeline to 2026-03-19 08:00:00+00:00, run_after=2026-03-19 08:01:00+00:00
[2026-03-19T08:00:37.511+0000] {processor.py:183} INFO - Processing /opt/airflow/dags/crypto_pipeline_dag.py took 0.157 seconds
