[2026-03-18T14:12:10.186+0000] {local_task_job_runner.py:120} INFO - ::group::Pre task execution logs
[2026-03-18T14:12:10.244+0000] {taskinstance.py:2076} INFO - Dependencies all met for dep_context=non-requeueable deps ti=<TaskInstance: crypto_pipeline.transform_data scheduled__2026-03-18T14:11:00+00:00 [queued]>
[2026-03-18T14:12:10.258+0000] {taskinstance.py:2076} INFO - Dependencies all met for dep_context=requeueable deps ti=<TaskInstance: crypto_pipeline.transform_data scheduled__2026-03-18T14:11:00+00:00 [queued]>
[2026-03-18T14:12:10.258+0000] {taskinstance.py:2306} INFO - Starting attempt 1 of 2
[2026-03-18T14:12:10.276+0000] {taskinstance.py:2330} INFO - Executing <Task(BashOperator): transform_data> on 2026-03-18 14:11:00+00:00
[2026-03-18T14:12:10.286+0000] {warnings.py:110} WARNING - /home/***/.local/lib/python3.12/site-packages/***/task/task_runner/standard_task_runner.py:61: DeprecationWarning: This process (pid=4141) is multi-threaded, use of fork() may lead to deadlocks in the child.
  pid = os.fork()

[2026-03-18T14:12:10.289+0000] {standard_task_runner.py:63} INFO - Started process 4143 to run task
[2026-03-18T14:12:10.289+0000] {standard_task_runner.py:90} INFO - Running: ['***', 'tasks', 'run', 'crypto_pipeline', 'transform_data', 'scheduled__2026-03-18T14:11:00+00:00', '--job-id', '575', '--raw', '--subdir', 'DAGS_FOLDER/crypto_pipeline_dag.py', '--cfg-path', '/tmp/tmpxpiji2cw']
[2026-03-18T14:12:10.295+0000] {standard_task_runner.py:91} INFO - Job 575: Subtask transform_data
[2026-03-18T14:12:10.367+0000] {task_command.py:426} INFO - Running <TaskInstance: crypto_pipeline.transform_data scheduled__2026-03-18T14:11:00+00:00 [running]> on host 70adc5a0e7fa
[2026-03-18T14:12:10.433+0000] {taskinstance.py:2648} INFO - Exporting env vars: AIRFLOW_CTX_DAG_OWNER='anish' AIRFLOW_CTX_DAG_ID='crypto_pipeline' AIRFLOW_CTX_TASK_ID='transform_data' AIRFLOW_CTX_EXECUTION_DATE='2026-03-18T14:11:00+00:00' AIRFLOW_CTX_TRY_NUMBER='1' AIRFLOW_CTX_DAG_RUN_ID='scheduled__2026-03-18T14:11:00+00:00'
[2026-03-18T14:12:10.437+0000] {taskinstance.py:430} INFO - ::endgroup::
[2026-03-18T14:12:10.437+0000] {subprocess.py:63} INFO - Tmp dir root location: /tmp
[2026-03-18T14:12:10.439+0000] {subprocess.py:75} INFO - Running command: ['/usr/bin/bash', '-c', 'psql postgresql://***:***@postgres/*** -f /opt/***/scripts/transform.sql']
[2026-03-18T14:12:10.447+0000] {subprocess.py:86} INFO - Output:
[2026-03-18T14:12:10.505+0000] {subprocess.py:93} INFO - DROP TABLE
[2026-03-18T14:12:10.508+0000] {subprocess.py:93} INFO - SELECT 367
[2026-03-18T14:12:10.509+0000] {subprocess.py:97} INFO - Command exited with return code 0
[2026-03-18T14:12:10.510+0000] {taskinstance.py:441} INFO - ::group::Post task execution logs
[2026-03-18T14:12:10.522+0000] {taskinstance.py:1206} INFO - Marking task as SUCCESS. dag_id=crypto_pipeline, task_id=transform_data, run_id=scheduled__2026-03-18T14:11:00+00:00, execution_date=20260318T141100, start_date=20260318T141210, end_date=20260318T141210
[2026-03-18T14:12:10.555+0000] {local_task_job_runner.py:240} INFO - Task exited with return code 0
[2026-03-18T14:12:10.566+0000] {taskinstance.py:3498} INFO - 0 downstream tasks scheduled from follow-on schedule check
[2026-03-18T14:12:10.567+0000] {local_task_job_runner.py:222} INFO - ::endgroup::
