[2026-03-18T08:12:18.392+0000] {local_task_job_runner.py:120} INFO - ::group::Pre task execution logs
[2026-03-18T08:12:18.406+0000] {taskinstance.py:2076} INFO - Dependencies all met for dep_context=non-requeueable deps ti=<TaskInstance: crypto_pipeline.load_data scheduled__2026-03-18T08:05:00+00:00 [queued]>
[2026-03-18T08:12:18.410+0000] {taskinstance.py:2076} INFO - Dependencies all met for dep_context=requeueable deps ti=<TaskInstance: crypto_pipeline.load_data scheduled__2026-03-18T08:05:00+00:00 [queued]>
[2026-03-18T08:12:18.410+0000] {taskinstance.py:2306} INFO - Starting attempt 2 of 3
[2026-03-18T08:12:18.416+0000] {taskinstance.py:2330} INFO - Executing <Task(BashOperator): load_data> on 2026-03-18 08:05:00+00:00
[2026-03-18T08:12:18.420+0000] {warnings.py:110} WARNING - /home/***/.local/lib/python3.12/site-packages/***/task/task_runner/standard_task_runner.py:61: DeprecationWarning: This process (pid=81) is multi-threaded, use of fork() may lead to deadlocks in the child.
  pid = os.fork()

[2026-03-18T08:12:18.421+0000] {standard_task_runner.py:63} INFO - Started process 83 to run task
[2026-03-18T08:12:18.421+0000] {standard_task_runner.py:90} INFO - Running: ['***', 'tasks', 'run', 'crypto_pipeline', 'load_data', 'scheduled__2026-03-18T08:05:00+00:00', '--job-id', '32', '--raw', '--subdir', 'DAGS_FOLDER/crypto_pipeline_dag.py', '--cfg-path', '/tmp/tmp1svu5zvm']
[2026-03-18T08:12:18.424+0000] {standard_task_runner.py:91} INFO - Job 32: Subtask load_data
[2026-03-18T08:12:18.472+0000] {task_command.py:426} INFO - Running <TaskInstance: crypto_pipeline.load_data scheduled__2026-03-18T08:05:00+00:00 [running]> on host b022b501df4a
[2026-03-18T08:12:18.532+0000] {taskinstance.py:2648} INFO - Exporting env vars: AIRFLOW_CTX_DAG_OWNER='anish' AIRFLOW_CTX_DAG_ID='crypto_pipeline' AIRFLOW_CTX_TASK_ID='load_data' AIRFLOW_CTX_EXECUTION_DATE='2026-03-18T08:05:00+00:00' AIRFLOW_CTX_TRY_NUMBER='2' AIRFLOW_CTX_DAG_RUN_ID='scheduled__2026-03-18T08:05:00+00:00'
[2026-03-18T08:12:18.535+0000] {taskinstance.py:430} INFO - ::endgroup::
[2026-03-18T08:12:18.535+0000] {subprocess.py:63} INFO - Tmp dir root location: /tmp
[2026-03-18T08:12:18.536+0000] {subprocess.py:75} INFO - Running command: ['/usr/bin/bash', '-c', 'python3 /opt/***/scripts/load_to_db.py']
[2026-03-18T08:12:18.542+0000] {subprocess.py:86} INFO - Output:
[2026-03-18T08:12:19.873+0000] {subprocess.py:93} INFO - Data loaded into database
[2026-03-18T08:12:20.028+0000] {subprocess.py:97} INFO - Command exited with return code 0
[2026-03-18T08:12:20.030+0000] {taskinstance.py:441} INFO - ::group::Post task execution logs
[2026-03-18T08:12:20.098+0000] {taskinstance.py:1206} INFO - Marking task as SUCCESS. dag_id=crypto_pipeline, task_id=load_data, run_id=scheduled__2026-03-18T08:05:00+00:00, execution_date=20260318T080500, start_date=20260318T081218, end_date=20260318T081220
[2026-03-18T08:12:20.136+0000] {local_task_job_runner.py:240} INFO - Task exited with return code 0
[2026-03-18T08:12:20.177+0000] {taskinstance.py:3498} INFO - 1 downstream tasks scheduled from follow-on schedule check
[2026-03-18T08:12:20.178+0000] {local_task_job_runner.py:222} INFO - ::endgroup::
