[2026-03-18T19:07:46.577+0000] {local_task_job_runner.py:120} INFO - ::group::Pre task execution logs
[2026-03-18T19:07:46.590+0000] {taskinstance.py:2076} INFO - Dependencies all met for dep_context=non-requeueable deps ti=<TaskInstance: crypto_pipeline.transform_data scheduled__2026-03-18T19:06:00+00:00 [queued]>
[2026-03-18T19:07:46.593+0000] {taskinstance.py:2076} INFO - Dependencies all met for dep_context=requeueable deps ti=<TaskInstance: crypto_pipeline.transform_data scheduled__2026-03-18T19:06:00+00:00 [queued]>
[2026-03-18T19:07:46.594+0000] {taskinstance.py:2306} INFO - Starting attempt 1 of 2
[2026-03-18T19:07:46.599+0000] {taskinstance.py:2330} INFO - Executing <Task(BashOperator): transform_data> on 2026-03-18 19:06:00+00:00
[2026-03-18T19:07:46.610+0000] {warnings.py:110} WARNING - /home/***/.local/lib/python3.12/site-packages/***/task/task_runner/standard_task_runner.py:61: DeprecationWarning: This process (pid=8589) is multi-threaded, use of fork() may lead to deadlocks in the child.
  pid = os.fork()

[2026-03-18T19:07:46.609+0000] {standard_task_runner.py:90} INFO - Running: ['***', 'tasks', 'run', 'crypto_pipeline', 'transform_data', 'scheduled__2026-03-18T19:06:00+00:00', '--job-id', '1124', '--raw', '--subdir', 'DAGS_FOLDER/crypto_pipeline_dag.py', '--cfg-path', '/tmp/tmpw1ljyr55']
[2026-03-18T19:07:46.613+0000] {standard_task_runner.py:91} INFO - Job 1124: Subtask transform_data
[2026-03-18T19:07:46.613+0000] {standard_task_runner.py:63} INFO - Started process 8591 to run task
[2026-03-18T19:07:46.647+0000] {task_command.py:426} INFO - Running <TaskInstance: crypto_pipeline.transform_data scheduled__2026-03-18T19:06:00+00:00 [running]> on host 70adc5a0e7fa
[2026-03-18T19:07:46.705+0000] {taskinstance.py:2648} INFO - Exporting env vars: AIRFLOW_CTX_DAG_OWNER='anish' AIRFLOW_CTX_DAG_ID='crypto_pipeline' AIRFLOW_CTX_TASK_ID='transform_data' AIRFLOW_CTX_EXECUTION_DATE='2026-03-18T19:06:00+00:00' AIRFLOW_CTX_TRY_NUMBER='1' AIRFLOW_CTX_DAG_RUN_ID='scheduled__2026-03-18T19:06:00+00:00'
[2026-03-18T19:07:46.707+0000] {taskinstance.py:430} INFO - ::endgroup::
[2026-03-18T19:07:46.708+0000] {subprocess.py:63} INFO - Tmp dir root location: /tmp
[2026-03-18T19:07:46.709+0000] {subprocess.py:75} INFO - Running command: ['/usr/bin/bash', '-c', 'psql postgresql://***:***@postgres/*** -f /opt/***/scripts/transform.sql']
[2026-03-18T19:07:46.716+0000] {subprocess.py:86} INFO - Output:
[2026-03-18T19:07:46.746+0000] {subprocess.py:93} INFO - DROP TABLE
[2026-03-18T19:07:46.749+0000] {subprocess.py:93} INFO - SELECT 1282
[2026-03-18T19:07:46.750+0000] {subprocess.py:97} INFO - Command exited with return code 0
[2026-03-18T19:07:46.751+0000] {taskinstance.py:441} INFO - ::group::Post task execution logs
[2026-03-18T19:07:46.762+0000] {taskinstance.py:1206} INFO - Marking task as SUCCESS. dag_id=crypto_pipeline, task_id=transform_data, run_id=scheduled__2026-03-18T19:06:00+00:00, execution_date=20260318T190600, start_date=20260318T190746, end_date=20260318T190746
[2026-03-18T19:07:46.805+0000] {local_task_job_runner.py:240} INFO - Task exited with return code 0
[2026-03-18T19:07:46.817+0000] {taskinstance.py:3498} INFO - 0 downstream tasks scheduled from follow-on schedule check
[2026-03-18T19:07:46.817+0000] {local_task_job_runner.py:222} INFO - ::endgroup::
