[2026-03-18T21:09:48.692+0000] {local_task_job_runner.py:120} INFO - ::group::Pre task execution logs
[2026-03-18T21:09:48.761+0000] {taskinstance.py:2076} INFO - Dependencies all met for dep_context=non-requeueable deps ti=<TaskInstance: crypto_pipeline.transform_data scheduled__2026-03-18T20:24:00+00:00 [queued]>
[2026-03-18T21:09:48.778+0000] {taskinstance.py:2076} INFO - Dependencies all met for dep_context=requeueable deps ti=<TaskInstance: crypto_pipeline.transform_data scheduled__2026-03-18T20:24:00+00:00 [queued]>
[2026-03-18T21:09:48.781+0000] {taskinstance.py:2306} INFO - Starting attempt 1 of 2
[2026-03-18T21:09:48.802+0000] {taskinstance.py:2330} INFO - Executing <Task(BashOperator): transform_data> on 2026-03-18 20:24:00+00:00
[2026-03-18T21:09:48.814+0000] {warnings.py:110} WARNING - /home/***/.local/lib/python3.12/site-packages/***/task/task_runner/standard_task_runner.py:61: DeprecationWarning: This process (pid=8810) is multi-threaded, use of fork() may lead to deadlocks in the child.
  pid = os.fork()

[2026-03-18T21:09:48.817+0000] {standard_task_runner.py:63} INFO - Started process 8814 to run task
[2026-03-18T21:09:48.826+0000] {standard_task_runner.py:90} INFO - Running: ['***', 'tasks', 'run', 'crypto_pipeline', 'transform_data', 'scheduled__2026-03-18T20:24:00+00:00', '--job-id', '1165', '--raw', '--subdir', 'DAGS_FOLDER/crypto_pipeline_dag.py', '--cfg-path', '/tmp/tmpguqicw6p']
[2026-03-18T21:09:48.834+0000] {standard_task_runner.py:91} INFO - Job 1165: Subtask transform_data
[2026-03-18T21:09:48.974+0000] {task_command.py:426} INFO - Running <TaskInstance: crypto_pipeline.transform_data scheduled__2026-03-18T20:24:00+00:00 [running]> on host 70adc5a0e7fa
[2026-03-18T21:09:49.143+0000] {taskinstance.py:2648} INFO - Exporting env vars: AIRFLOW_CTX_DAG_OWNER='anish' AIRFLOW_CTX_DAG_ID='crypto_pipeline' AIRFLOW_CTX_TASK_ID='transform_data' AIRFLOW_CTX_EXECUTION_DATE='2026-03-18T20:24:00+00:00' AIRFLOW_CTX_TRY_NUMBER='1' AIRFLOW_CTX_DAG_RUN_ID='scheduled__2026-03-18T20:24:00+00:00'
[2026-03-18T21:09:49.152+0000] {taskinstance.py:430} INFO - ::endgroup::
[2026-03-18T21:09:49.154+0000] {subprocess.py:63} INFO - Tmp dir root location: /tmp
[2026-03-18T21:09:49.156+0000] {subprocess.py:75} INFO - Running command: ['/usr/bin/bash', '-c', 'psql postgresql://***:***@postgres/*** -f /opt/***/scripts/transform.sql']
[2026-03-18T21:09:49.173+0000] {subprocess.py:86} INFO - Output:
[2026-03-18T21:09:49.248+0000] {subprocess.py:93} INFO - psql:/opt/***/scripts/transform.sql:1: NOTICE:  table "crypto_clean" does not exist, skipping
[2026-03-18T21:09:49.249+0000] {subprocess.py:93} INFO - DROP TABLE
[2026-03-18T21:09:49.259+0000] {subprocess.py:93} INFO - SELECT 1352
[2026-03-18T21:09:49.261+0000] {subprocess.py:97} INFO - Command exited with return code 0
[2026-03-18T21:09:49.264+0000] {taskinstance.py:441} INFO - ::group::Post task execution logs
[2026-03-18T21:09:49.301+0000] {taskinstance.py:1206} INFO - Marking task as SUCCESS. dag_id=crypto_pipeline, task_id=transform_data, run_id=scheduled__2026-03-18T20:24:00+00:00, execution_date=20260318T202400, start_date=20260318T210948, end_date=20260318T210949
[2026-03-18T21:09:49.342+0000] {local_task_job_runner.py:240} INFO - Task exited with return code 0
[2026-03-18T21:09:49.371+0000] {taskinstance.py:3498} INFO - 0 downstream tasks scheduled from follow-on schedule check
[2026-03-18T21:09:49.373+0000] {local_task_job_runner.py:222} INFO - ::endgroup::
