[2026-03-18T12:45:06.350+0000] {local_task_job_runner.py:120} INFO - ::group::Pre task execution logs
[2026-03-18T12:45:06.360+0000] {taskinstance.py:2076} INFO - Dependencies all met for dep_context=non-requeueable deps ti=<TaskInstance: crypto_pipeline.transform_data scheduled__2026-03-18T12:44:00+00:00 [queued]>
[2026-03-18T12:45:06.364+0000] {taskinstance.py:2076} INFO - Dependencies all met for dep_context=requeueable deps ti=<TaskInstance: crypto_pipeline.transform_data scheduled__2026-03-18T12:44:00+00:00 [queued]>
[2026-03-18T12:45:06.365+0000] {taskinstance.py:2306} INFO - Starting attempt 1 of 2
[2026-03-18T12:45:06.371+0000] {taskinstance.py:2330} INFO - Executing <Task(BashOperator): transform_data> on 2026-03-18 12:44:00+00:00
[2026-03-18T12:45:06.376+0000] {warnings.py:110} WARNING - /home/***/.local/lib/python3.12/site-packages/***/task/task_runner/standard_task_runner.py:61: DeprecationWarning: This process (pid=1407) is multi-threaded, use of fork() may lead to deadlocks in the child.
  pid = os.fork()

[2026-03-18T12:45:06.377+0000] {standard_task_runner.py:63} INFO - Started process 1409 to run task
[2026-03-18T12:45:06.378+0000] {standard_task_runner.py:90} INFO - Running: ['***', 'tasks', 'run', 'crypto_pipeline', 'transform_data', 'scheduled__2026-03-18T12:44:00+00:00', '--job-id', '314', '--raw', '--subdir', 'DAGS_FOLDER/crypto_pipeline_dag.py', '--cfg-path', '/tmp/tmpqcbygr7u']
[2026-03-18T12:45:06.380+0000] {standard_task_runner.py:91} INFO - Job 314: Subtask transform_data
[2026-03-18T12:45:06.409+0000] {task_command.py:426} INFO - Running <TaskInstance: crypto_pipeline.transform_data scheduled__2026-03-18T12:44:00+00:00 [running]> on host 70adc5a0e7fa
[2026-03-18T12:45:06.481+0000] {taskinstance.py:2648} INFO - Exporting env vars: AIRFLOW_CTX_DAG_OWNER='anish' AIRFLOW_CTX_DAG_ID='crypto_pipeline' AIRFLOW_CTX_TASK_ID='transform_data' AIRFLOW_CTX_EXECUTION_DATE='2026-03-18T12:44:00+00:00' AIRFLOW_CTX_TRY_NUMBER='1' AIRFLOW_CTX_DAG_RUN_ID='scheduled__2026-03-18T12:44:00+00:00'
[2026-03-18T12:45:06.483+0000] {taskinstance.py:430} INFO - ::endgroup::
[2026-03-18T12:45:06.484+0000] {subprocess.py:63} INFO - Tmp dir root location: /tmp
[2026-03-18T12:45:06.485+0000] {subprocess.py:75} INFO - Running command: ['/usr/bin/bash', '-c', 'psql postgresql://***:***@postgres/*** -f /opt/***/scripts/transform.sql']
[2026-03-18T12:45:06.493+0000] {subprocess.py:86} INFO - Output:
[2026-03-18T12:45:06.547+0000] {subprocess.py:93} INFO - DROP TABLE
[2026-03-18T12:45:06.553+0000] {subprocess.py:93} INFO - SELECT 136
[2026-03-18T12:45:06.556+0000] {subprocess.py:97} INFO - Command exited with return code 0
[2026-03-18T12:45:06.558+0000] {taskinstance.py:441} INFO - ::group::Post task execution logs
[2026-03-18T12:45:06.579+0000] {taskinstance.py:1206} INFO - Marking task as SUCCESS. dag_id=crypto_pipeline, task_id=transform_data, run_id=scheduled__2026-03-18T12:44:00+00:00, execution_date=20260318T124400, start_date=20260318T124506, end_date=20260318T124506
[2026-03-18T12:45:06.603+0000] {local_task_job_runner.py:240} INFO - Task exited with return code 0
[2026-03-18T12:45:06.616+0000] {taskinstance.py:3498} INFO - 0 downstream tasks scheduled from follow-on schedule check
[2026-03-18T12:45:06.617+0000] {local_task_job_runner.py:222} INFO - ::endgroup::
