[2026-03-19T08:56:01.867+0000] {local_task_job_runner.py:120} INFO - ::group::Pre task execution logs
[2026-03-19T08:56:01.886+0000] {taskinstance.py:2076} INFO - Dependencies all met for dep_context=non-requeueable deps ti=<TaskInstance: crypto_pipeline.fetch_data scheduled__2026-03-19T08:55:00+00:00 [queued]>
[2026-03-19T08:56:01.891+0000] {taskinstance.py:2076} INFO - Dependencies all met for dep_context=requeueable deps ti=<TaskInstance: crypto_pipeline.fetch_data scheduled__2026-03-19T08:55:00+00:00 [queued]>
[2026-03-19T08:56:01.892+0000] {taskinstance.py:2306} INFO - Starting attempt 1 of 2
[2026-03-19T08:56:01.898+0000] {taskinstance.py:2330} INFO - Executing <Task(BashOperator): fetch_data> on 2026-03-19 08:55:00+00:00
[2026-03-19T08:56:01.910+0000] {warnings.py:110} WARNING - /home/***/.local/lib/python3.12/site-packages/***/task/task_runner/standard_task_runner.py:61: DeprecationWarning: This process (pid=11223) is multi-threaded, use of fork() may lead to deadlocks in the child.
  pid = os.fork()

[2026-03-19T08:56:01.913+0000] {standard_task_runner.py:63} INFO - Started process 11225 to run task
[2026-03-19T08:56:01.910+0000] {standard_task_runner.py:90} INFO - Running: ['***', 'tasks', 'run', 'crypto_pipeline', 'fetch_data', 'scheduled__2026-03-19T08:55:00+00:00', '--job-id', '1511', '--raw', '--subdir', 'DAGS_FOLDER/crypto_pipeline_dag.py', '--cfg-path', '/tmp/tmpmosp7e9l']
[2026-03-19T08:56:01.914+0000] {standard_task_runner.py:91} INFO - Job 1511: Subtask fetch_data
[2026-03-19T08:56:01.951+0000] {task_command.py:426} INFO - Running <TaskInstance: crypto_pipeline.fetch_data scheduled__2026-03-19T08:55:00+00:00 [running]> on host 70adc5a0e7fa
[2026-03-19T08:56:02.009+0000] {taskinstance.py:2648} INFO - Exporting env vars: AIRFLOW_CTX_DAG_OWNER='anish' AIRFLOW_CTX_DAG_ID='crypto_pipeline' AIRFLOW_CTX_TASK_ID='fetch_data' AIRFLOW_CTX_EXECUTION_DATE='2026-03-19T08:55:00+00:00' AIRFLOW_CTX_TRY_NUMBER='1' AIRFLOW_CTX_DAG_RUN_ID='scheduled__2026-03-19T08:55:00+00:00'
[2026-03-19T08:56:02.010+0000] {taskinstance.py:430} INFO - ::endgroup::
[2026-03-19T08:56:02.010+0000] {subprocess.py:63} INFO - Tmp dir root location: /tmp
[2026-03-19T08:56:02.011+0000] {subprocess.py:75} INFO - Running command: ['/usr/bin/bash', '-c', 'python3 /opt/***/scripts/fetch_crypto.py']
[2026-03-19T08:56:02.018+0000] {subprocess.py:86} INFO - Output:
[2026-03-19T08:56:07.853+0000] {subprocess.py:93} INFO - Fetching crypto data...
[2026-03-19T08:56:07.862+0000] {subprocess.py:93} INFO - ✅ Data saved: {'bitcoin': {'usd': 70005}, 'cardano': {'usd': 0.268886}, 'dogecoin': {'usd': 0.094343}, 'ethereum': {'usd': 2162.4}, 'solana': {'usd': 89.42}}
[2026-03-19T08:56:07.897+0000] {subprocess.py:97} INFO - Command exited with return code 0
[2026-03-19T08:56:07.900+0000] {taskinstance.py:441} INFO - ::group::Post task execution logs
[2026-03-19T08:56:07.958+0000] {taskinstance.py:1206} INFO - Marking task as SUCCESS. dag_id=crypto_pipeline, task_id=fetch_data, run_id=scheduled__2026-03-19T08:55:00+00:00, execution_date=20260319T085500, start_date=20260319T085601, end_date=20260319T085607
[2026-03-19T08:56:07.989+0000] {local_task_job_runner.py:240} INFO - Task exited with return code 0
[2026-03-19T08:56:08.017+0000] {taskinstance.py:3498} INFO - 1 downstream tasks scheduled from follow-on schedule check
[2026-03-19T08:56:08.018+0000] {local_task_job_runner.py:222} INFO - ::endgroup::
