[2026-03-19T00:12:44.566+0000] {processor.py:161} INFO - Started process (PID=35690) to work on /home/airflow/.local/lib/python3.12/site-packages/airflow/example_dags/example_setup_teardown.py
[2026-03-19T00:12:44.567+0000] {processor.py:830} INFO - Processing file /home/airflow/.local/lib/python3.12/site-packages/airflow/example_dags/example_setup_teardown.py for tasks to queue
[2026-03-19T00:12:44.569+0000] {logging_mixin.py:188} INFO - [2026-03-19T00:12:44.569+0000] {dagbag.py:545} INFO - Filling up the DagBag from /home/airflow/.local/lib/python3.12/site-packages/airflow/example_dags/example_setup_teardown.py
[2026-03-19T00:12:44.576+0000] {processor.py:840} INFO - DAG(s) 'example_setup_teardown' retrieved from /home/airflow/.local/lib/python3.12/site-packages/airflow/example_dags/example_setup_teardown.py
[2026-03-19T00:12:44.600+0000] {logging_mixin.py:188} INFO - [2026-03-19T00:12:44.600+0000] {dag.py:3096} INFO - Sync 1 DAGs
[2026-03-19T00:12:44.622+0000] {logging_mixin.py:188} INFO - [2026-03-19T00:12:44.622+0000] {dag.py:3954} INFO - Setting next_dagrun for example_setup_teardown to 2026-03-18 00:00:00+00:00, run_after=2026-03-19 00:00:00+00:00
[2026-03-19T00:12:44.635+0000] {processor.py:183} INFO - Processing /home/airflow/.local/lib/python3.12/site-packages/airflow/example_dags/example_setup_teardown.py took 0.077 seconds
[2026-03-19T00:46:44.671+0000] {processor.py:161} INFO - Started process (PID=35749) to work on /home/airflow/.local/lib/python3.12/site-packages/airflow/example_dags/example_setup_teardown.py
[2026-03-19T00:46:44.673+0000] {processor.py:830} INFO - Processing file /home/airflow/.local/lib/python3.12/site-packages/airflow/example_dags/example_setup_teardown.py for tasks to queue
[2026-03-19T00:46:44.679+0000] {logging_mixin.py:188} INFO - [2026-03-19T00:46:44.678+0000] {dagbag.py:545} INFO - Filling up the DagBag from /home/airflow/.local/lib/python3.12/site-packages/airflow/example_dags/example_setup_teardown.py
[2026-03-19T00:46:44.686+0000] {processor.py:840} INFO - DAG(s) 'example_setup_teardown' retrieved from /home/airflow/.local/lib/python3.12/site-packages/airflow/example_dags/example_setup_teardown.py
[2026-03-19T00:46:44.728+0000] {logging_mixin.py:188} INFO - [2026-03-19T00:46:44.728+0000] {dag.py:3096} INFO - Sync 1 DAGs
[2026-03-19T00:46:44.759+0000] {logging_mixin.py:188} INFO - [2026-03-19T00:46:44.759+0000] {dag.py:3954} INFO - Setting next_dagrun for example_setup_teardown to 2026-03-18 00:00:00+00:00, run_after=2026-03-19 00:00:00+00:00
[2026-03-19T00:46:44.780+0000] {processor.py:183} INFO - Processing /home/airflow/.local/lib/python3.12/site-packages/airflow/example_dags/example_setup_teardown.py took 0.113 seconds
[2026-03-19T01:13:44.265+0000] {processor.py:161} INFO - Started process (PID=35816) to work on /home/airflow/.local/lib/python3.12/site-packages/airflow/example_dags/example_setup_teardown.py
[2026-03-19T01:13:44.267+0000] {processor.py:830} INFO - Processing file /home/airflow/.local/lib/python3.12/site-packages/airflow/example_dags/example_setup_teardown.py for tasks to queue
[2026-03-19T01:13:44.269+0000] {logging_mixin.py:188} INFO - [2026-03-19T01:13:44.269+0000] {dagbag.py:545} INFO - Filling up the DagBag from /home/airflow/.local/lib/python3.12/site-packages/airflow/example_dags/example_setup_teardown.py
[2026-03-19T01:13:44.279+0000] {processor.py:840} INFO - DAG(s) 'example_setup_teardown' retrieved from /home/airflow/.local/lib/python3.12/site-packages/airflow/example_dags/example_setup_teardown.py
[2026-03-19T01:13:44.309+0000] {logging_mixin.py:188} INFO - [2026-03-19T01:13:44.309+0000] {dag.py:3096} INFO - Sync 1 DAGs
[2026-03-19T01:13:44.335+0000] {logging_mixin.py:188} INFO - [2026-03-19T01:13:44.335+0000] {dag.py:3954} INFO - Setting next_dagrun for example_setup_teardown to 2026-03-18 00:00:00+00:00, run_after=2026-03-19 00:00:00+00:00
[2026-03-19T01:13:44.361+0000] {processor.py:183} INFO - Processing /home/airflow/.local/lib/python3.12/site-packages/airflow/example_dags/example_setup_teardown.py took 0.103 seconds
[2026-03-19T01:31:06.937+0000] {processor.py:161} INFO - Started process (PID=35889) to work on /home/airflow/.local/lib/python3.12/site-packages/airflow/example_dags/example_setup_teardown.py
[2026-03-19T01:31:06.945+0000] {processor.py:830} INFO - Processing file /home/airflow/.local/lib/python3.12/site-packages/airflow/example_dags/example_setup_teardown.py for tasks to queue
[2026-03-19T01:31:06.956+0000] {logging_mixin.py:188} INFO - [2026-03-19T01:31:06.955+0000] {dagbag.py:545} INFO - Filling up the DagBag from /home/airflow/.local/lib/python3.12/site-packages/airflow/example_dags/example_setup_teardown.py
[2026-03-19T01:31:06.998+0000] {processor.py:840} INFO - DAG(s) 'example_setup_teardown' retrieved from /home/airflow/.local/lib/python3.12/site-packages/airflow/example_dags/example_setup_teardown.py
[2026-03-19T01:31:07.070+0000] {logging_mixin.py:188} INFO - [2026-03-19T01:31:07.069+0000] {dag.py:3096} INFO - Sync 1 DAGs
[2026-03-19T01:31:08.501+0000] {logging_mixin.py:188} INFO - [2026-03-19T01:31:08.500+0000] {dag.py:3954} INFO - Setting next_dagrun for example_setup_teardown to 2026-03-18 00:00:00+00:00, run_after=2026-03-19 00:00:00+00:00
[2026-03-19T01:31:08.799+0000] {processor.py:183} INFO - Processing /home/airflow/.local/lib/python3.12/site-packages/airflow/example_dags/example_setup_teardown.py took 1.893 seconds
[2026-03-19T02:15:09.041+0000] {processor.py:161} INFO - Started process (PID=35947) to work on /home/airflow/.local/lib/python3.12/site-packages/airflow/example_dags/example_setup_teardown.py
[2026-03-19T02:15:09.050+0000] {processor.py:830} INFO - Processing file /home/airflow/.local/lib/python3.12/site-packages/airflow/example_dags/example_setup_teardown.py for tasks to queue
[2026-03-19T02:15:09.052+0000] {logging_mixin.py:188} INFO - [2026-03-19T02:15:09.052+0000] {dagbag.py:545} INFO - Filling up the DagBag from /home/airflow/.local/lib/python3.12/site-packages/airflow/example_dags/example_setup_teardown.py
[2026-03-19T02:15:09.105+0000] {processor.py:840} INFO - DAG(s) 'example_setup_teardown' retrieved from /home/airflow/.local/lib/python3.12/site-packages/airflow/example_dags/example_setup_teardown.py
[2026-03-19T02:15:09.283+0000] {logging_mixin.py:188} INFO - [2026-03-19T02:15:09.282+0000] {dag.py:3096} INFO - Sync 1 DAGs
[2026-03-19T02:15:09.360+0000] {logging_mixin.py:188} INFO - [2026-03-19T02:15:09.359+0000] {dag.py:3954} INFO - Setting next_dagrun for example_setup_teardown to 2026-03-18 00:00:00+00:00, run_after=2026-03-19 00:00:00+00:00
[2026-03-19T02:15:09.632+0000] {processor.py:183} INFO - Processing /home/airflow/.local/lib/python3.12/site-packages/airflow/example_dags/example_setup_teardown.py took 0.640 seconds
[2026-03-19T03:06:07.278+0000] {processor.py:161} INFO - Started process (PID=36033) to work on /home/airflow/.local/lib/python3.12/site-packages/airflow/example_dags/example_setup_teardown.py
[2026-03-19T03:06:07.280+0000] {processor.py:830} INFO - Processing file /home/airflow/.local/lib/python3.12/site-packages/airflow/example_dags/example_setup_teardown.py for tasks to queue
[2026-03-19T03:06:07.282+0000] {logging_mixin.py:188} INFO - [2026-03-19T03:06:07.282+0000] {dagbag.py:545} INFO - Filling up the DagBag from /home/airflow/.local/lib/python3.12/site-packages/airflow/example_dags/example_setup_teardown.py
[2026-03-19T03:06:07.302+0000] {processor.py:840} INFO - DAG(s) 'example_setup_teardown' retrieved from /home/airflow/.local/lib/python3.12/site-packages/airflow/example_dags/example_setup_teardown.py
[2026-03-19T03:06:07.399+0000] {logging_mixin.py:188} INFO - [2026-03-19T03:06:07.398+0000] {dag.py:3096} INFO - Sync 1 DAGs
[2026-03-19T03:06:07.502+0000] {logging_mixin.py:188} INFO - [2026-03-19T03:06:07.500+0000] {dag.py:3954} INFO - Setting next_dagrun for example_setup_teardown to 2026-03-18 00:00:00+00:00, run_after=2026-03-19 00:00:00+00:00
[2026-03-19T03:06:07.557+0000] {processor.py:183} INFO - Processing /home/airflow/.local/lib/python3.12/site-packages/airflow/example_dags/example_setup_teardown.py took 0.293 seconds
[2026-03-19T03:06:37.865+0000] {processor.py:161} INFO - Started process (PID=36104) to work on /home/airflow/.local/lib/python3.12/site-packages/airflow/example_dags/example_setup_teardown.py
[2026-03-19T03:06:37.866+0000] {processor.py:830} INFO - Processing file /home/airflow/.local/lib/python3.12/site-packages/airflow/example_dags/example_setup_teardown.py for tasks to queue
[2026-03-19T03:06:37.866+0000] {logging_mixin.py:188} INFO - [2026-03-19T03:06:37.866+0000] {dagbag.py:545} INFO - Filling up the DagBag from /home/airflow/.local/lib/python3.12/site-packages/airflow/example_dags/example_setup_teardown.py
[2026-03-19T03:06:37.870+0000] {processor.py:840} INFO - DAG(s) 'example_setup_teardown' retrieved from /home/airflow/.local/lib/python3.12/site-packages/airflow/example_dags/example_setup_teardown.py
[2026-03-19T03:06:37.884+0000] {logging_mixin.py:188} INFO - [2026-03-19T03:06:37.884+0000] {dag.py:3096} INFO - Sync 1 DAGs
[2026-03-19T03:06:37.897+0000] {logging_mixin.py:188} INFO - [2026-03-19T03:06:37.897+0000] {dag.py:3954} INFO - Setting next_dagrun for example_setup_teardown to 2026-03-18 00:00:00+00:00, run_after=2026-03-19 00:00:00+00:00
[2026-03-19T03:06:37.906+0000] {processor.py:183} INFO - Processing /home/airflow/.local/lib/python3.12/site-packages/airflow/example_dags/example_setup_teardown.py took 0.044 seconds
[2026-03-19T03:15:42.092+0000] {processor.py:161} INFO - Started process (PID=36163) to work on /home/airflow/.local/lib/python3.12/site-packages/airflow/example_dags/example_setup_teardown.py
[2026-03-19T03:15:42.093+0000] {processor.py:830} INFO - Processing file /home/airflow/.local/lib/python3.12/site-packages/airflow/example_dags/example_setup_teardown.py for tasks to queue
[2026-03-19T03:15:42.093+0000] {logging_mixin.py:188} INFO - [2026-03-19T03:15:42.093+0000] {dagbag.py:545} INFO - Filling up the DagBag from /home/airflow/.local/lib/python3.12/site-packages/airflow/example_dags/example_setup_teardown.py
[2026-03-19T03:15:42.099+0000] {processor.py:840} INFO - DAG(s) 'example_setup_teardown' retrieved from /home/airflow/.local/lib/python3.12/site-packages/airflow/example_dags/example_setup_teardown.py
[2026-03-19T03:15:42.134+0000] {logging_mixin.py:188} INFO - [2026-03-19T03:15:42.134+0000] {dag.py:3096} INFO - Sync 1 DAGs
[2026-03-19T03:15:42.151+0000] {logging_mixin.py:188} INFO - [2026-03-19T03:15:42.151+0000] {dag.py:3954} INFO - Setting next_dagrun for example_setup_teardown to 2026-03-18 00:00:00+00:00, run_after=2026-03-19 00:00:00+00:00
[2026-03-19T03:15:42.163+0000] {processor.py:183} INFO - Processing /home/airflow/.local/lib/python3.12/site-packages/airflow/example_dags/example_setup_teardown.py took 0.076 seconds
[2026-03-19T03:32:01.220+0000] {processor.py:161} INFO - Started process (PID=36222) to work on /home/airflow/.local/lib/python3.12/site-packages/airflow/example_dags/example_setup_teardown.py
[2026-03-19T03:32:01.223+0000] {processor.py:830} INFO - Processing file /home/airflow/.local/lib/python3.12/site-packages/airflow/example_dags/example_setup_teardown.py for tasks to queue
[2026-03-19T03:32:01.225+0000] {logging_mixin.py:188} INFO - [2026-03-19T03:32:01.224+0000] {dagbag.py:545} INFO - Filling up the DagBag from /home/airflow/.local/lib/python3.12/site-packages/airflow/example_dags/example_setup_teardown.py
[2026-03-19T03:32:01.239+0000] {processor.py:840} INFO - DAG(s) 'example_setup_teardown' retrieved from /home/airflow/.local/lib/python3.12/site-packages/airflow/example_dags/example_setup_teardown.py
[2026-03-19T03:32:01.275+0000] {logging_mixin.py:188} INFO - [2026-03-19T03:32:01.275+0000] {dag.py:3096} INFO - Sync 1 DAGs
[2026-03-19T03:32:01.308+0000] {logging_mixin.py:188} INFO - [2026-03-19T03:32:01.308+0000] {dag.py:3954} INFO - Setting next_dagrun for example_setup_teardown to 2026-03-18 00:00:00+00:00, run_after=2026-03-19 00:00:00+00:00
[2026-03-19T03:32:01.356+0000] {processor.py:183} INFO - Processing /home/airflow/.local/lib/python3.12/site-packages/airflow/example_dags/example_setup_teardown.py took 0.148 seconds
[2026-03-19T04:16:42.673+0000] {processor.py:161} INFO - Started process (PID=36289) to work on /home/airflow/.local/lib/python3.12/site-packages/airflow/example_dags/example_setup_teardown.py
[2026-03-19T04:16:42.678+0000] {processor.py:830} INFO - Processing file /home/airflow/.local/lib/python3.12/site-packages/airflow/example_dags/example_setup_teardown.py for tasks to queue
[2026-03-19T04:16:42.680+0000] {logging_mixin.py:188} INFO - [2026-03-19T04:16:42.680+0000] {dagbag.py:545} INFO - Filling up the DagBag from /home/airflow/.local/lib/python3.12/site-packages/airflow/example_dags/example_setup_teardown.py
[2026-03-19T04:16:42.695+0000] {processor.py:840} INFO - DAG(s) 'example_setup_teardown' retrieved from /home/airflow/.local/lib/python3.12/site-packages/airflow/example_dags/example_setup_teardown.py
[2026-03-19T04:16:42.739+0000] {logging_mixin.py:188} INFO - [2026-03-19T04:16:42.738+0000] {dag.py:3096} INFO - Sync 1 DAGs
[2026-03-19T04:16:42.789+0000] {logging_mixin.py:188} INFO - [2026-03-19T04:16:42.789+0000] {dag.py:3954} INFO - Setting next_dagrun for example_setup_teardown to 2026-03-18 00:00:00+00:00, run_after=2026-03-19 00:00:00+00:00
[2026-03-19T04:16:42.827+0000] {processor.py:183} INFO - Processing /home/airflow/.local/lib/python3.12/site-packages/airflow/example_dags/example_setup_teardown.py took 0.171 seconds
[2026-03-19T04:17:14.853+0000] {processor.py:161} INFO - Started process (PID=36356) to work on /home/airflow/.local/lib/python3.12/site-packages/airflow/example_dags/example_setup_teardown.py
[2026-03-19T04:17:14.856+0000] {processor.py:830} INFO - Processing file /home/airflow/.local/lib/python3.12/site-packages/airflow/example_dags/example_setup_teardown.py for tasks to queue
[2026-03-19T04:17:14.859+0000] {logging_mixin.py:188} INFO - [2026-03-19T04:17:14.858+0000] {dagbag.py:545} INFO - Filling up the DagBag from /home/airflow/.local/lib/python3.12/site-packages/airflow/example_dags/example_setup_teardown.py
[2026-03-19T04:17:14.910+0000] {processor.py:840} INFO - DAG(s) 'example_setup_teardown' retrieved from /home/airflow/.local/lib/python3.12/site-packages/airflow/example_dags/example_setup_teardown.py
[2026-03-19T04:17:15.032+0000] {logging_mixin.py:188} INFO - [2026-03-19T04:17:15.032+0000] {dag.py:3096} INFO - Sync 1 DAGs
[2026-03-19T04:17:15.134+0000] {logging_mixin.py:188} INFO - [2026-03-19T04:17:15.134+0000] {dag.py:3954} INFO - Setting next_dagrun for example_setup_teardown to 2026-03-18 00:00:00+00:00, run_after=2026-03-19 00:00:00+00:00
[2026-03-19T04:17:15.259+0000] {processor.py:183} INFO - Processing /home/airflow/.local/lib/python3.12/site-packages/airflow/example_dags/example_setup_teardown.py took 0.441 seconds
[2026-03-19T05:17:36.933+0000] {processor.py:161} INFO - Started process (PID=36415) to work on /home/airflow/.local/lib/python3.12/site-packages/airflow/example_dags/example_setup_teardown.py
[2026-03-19T05:17:36.935+0000] {processor.py:830} INFO - Processing file /home/airflow/.local/lib/python3.12/site-packages/airflow/example_dags/example_setup_teardown.py for tasks to queue
[2026-03-19T05:17:36.936+0000] {logging_mixin.py:188} INFO - [2026-03-19T05:17:36.936+0000] {dagbag.py:545} INFO - Filling up the DagBag from /home/airflow/.local/lib/python3.12/site-packages/airflow/example_dags/example_setup_teardown.py
[2026-03-19T05:17:36.948+0000] {processor.py:840} INFO - DAG(s) 'example_setup_teardown' retrieved from /home/airflow/.local/lib/python3.12/site-packages/airflow/example_dags/example_setup_teardown.py
[2026-03-19T05:17:36.965+0000] {logging_mixin.py:188} INFO - [2026-03-19T05:17:36.965+0000] {dag.py:3096} INFO - Sync 1 DAGs
[2026-03-19T05:17:36.986+0000] {logging_mixin.py:188} INFO - [2026-03-19T05:17:36.986+0000] {dag.py:3954} INFO - Setting next_dagrun for example_setup_teardown to 2026-03-18 00:00:00+00:00, run_after=2026-03-19 00:00:00+00:00
[2026-03-19T05:17:37.004+0000] {processor.py:183} INFO - Processing /home/airflow/.local/lib/python3.12/site-packages/airflow/example_dags/example_setup_teardown.py took 0.082 seconds
[2026-03-19T05:18:07.437+0000] {processor.py:161} INFO - Started process (PID=36474) to work on /home/airflow/.local/lib/python3.12/site-packages/airflow/example_dags/example_setup_teardown.py
[2026-03-19T05:18:07.438+0000] {processor.py:830} INFO - Processing file /home/airflow/.local/lib/python3.12/site-packages/airflow/example_dags/example_setup_teardown.py for tasks to queue
[2026-03-19T05:18:07.438+0000] {logging_mixin.py:188} INFO - [2026-03-19T05:18:07.438+0000] {dagbag.py:545} INFO - Filling up the DagBag from /home/airflow/.local/lib/python3.12/site-packages/airflow/example_dags/example_setup_teardown.py
[2026-03-19T05:18:07.443+0000] {processor.py:840} INFO - DAG(s) 'example_setup_teardown' retrieved from /home/airflow/.local/lib/python3.12/site-packages/airflow/example_dags/example_setup_teardown.py
[2026-03-19T05:18:07.454+0000] {logging_mixin.py:188} INFO - [2026-03-19T05:18:07.454+0000] {dag.py:3096} INFO - Sync 1 DAGs
[2026-03-19T05:18:07.464+0000] {logging_mixin.py:188} INFO - [2026-03-19T05:18:07.464+0000] {dag.py:3954} INFO - Setting next_dagrun for example_setup_teardown to 2026-03-18 00:00:00+00:00, run_after=2026-03-19 00:00:00+00:00
[2026-03-19T05:18:07.473+0000] {processor.py:183} INFO - Processing /home/airflow/.local/lib/python3.12/site-packages/airflow/example_dags/example_setup_teardown.py took 0.040 seconds
[2026-03-19T06:18:34.575+0000] {processor.py:161} INFO - Started process (PID=36533) to work on /home/airflow/.local/lib/python3.12/site-packages/airflow/example_dags/example_setup_teardown.py
[2026-03-19T06:18:34.579+0000] {processor.py:830} INFO - Processing file /home/airflow/.local/lib/python3.12/site-packages/airflow/example_dags/example_setup_teardown.py for tasks to queue
[2026-03-19T06:18:34.581+0000] {logging_mixin.py:188} INFO - [2026-03-19T06:18:34.581+0000] {dagbag.py:545} INFO - Filling up the DagBag from /home/airflow/.local/lib/python3.12/site-packages/airflow/example_dags/example_setup_teardown.py
[2026-03-19T06:18:34.613+0000] {processor.py:840} INFO - DAG(s) 'example_setup_teardown' retrieved from /home/airflow/.local/lib/python3.12/site-packages/airflow/example_dags/example_setup_teardown.py
[2026-03-19T06:18:34.672+0000] {logging_mixin.py:188} INFO - [2026-03-19T06:18:34.671+0000] {dag.py:3096} INFO - Sync 1 DAGs
[2026-03-19T06:18:34.836+0000] {logging_mixin.py:188} INFO - [2026-03-19T06:18:34.835+0000] {dag.py:3954} INFO - Setting next_dagrun for example_setup_teardown to 2026-03-18 00:00:00+00:00, run_after=2026-03-19 00:00:00+00:00
[2026-03-19T06:18:34.887+0000] {processor.py:183} INFO - Processing /home/airflow/.local/lib/python3.12/site-packages/airflow/example_dags/example_setup_teardown.py took 0.336 seconds
[2026-03-19T06:19:05.003+0000] {processor.py:161} INFO - Started process (PID=36600) to work on /home/airflow/.local/lib/python3.12/site-packages/airflow/example_dags/example_setup_teardown.py
[2026-03-19T06:19:05.006+0000] {processor.py:830} INFO - Processing file /home/airflow/.local/lib/python3.12/site-packages/airflow/example_dags/example_setup_teardown.py for tasks to queue
[2026-03-19T06:19:05.007+0000] {logging_mixin.py:188} INFO - [2026-03-19T06:19:05.006+0000] {dagbag.py:545} INFO - Filling up the DagBag from /home/airflow/.local/lib/python3.12/site-packages/airflow/example_dags/example_setup_teardown.py
[2026-03-19T06:19:05.011+0000] {processor.py:840} INFO - DAG(s) 'example_setup_teardown' retrieved from /home/airflow/.local/lib/python3.12/site-packages/airflow/example_dags/example_setup_teardown.py
[2026-03-19T06:19:05.020+0000] {logging_mixin.py:188} INFO - [2026-03-19T06:19:05.020+0000] {dag.py:3096} INFO - Sync 1 DAGs
[2026-03-19T06:19:05.029+0000] {logging_mixin.py:188} INFO - [2026-03-19T06:19:05.029+0000] {dag.py:3954} INFO - Setting next_dagrun for example_setup_teardown to 2026-03-18 00:00:00+00:00, run_after=2026-03-19 00:00:00+00:00
[2026-03-19T06:19:05.037+0000] {processor.py:183} INFO - Processing /home/airflow/.local/lib/python3.12/site-packages/airflow/example_dags/example_setup_teardown.py took 0.038 seconds
[2026-03-19T07:19:34.234+0000] {processor.py:161} INFO - Started process (PID=36659) to work on /home/airflow/.local/lib/python3.12/site-packages/airflow/example_dags/example_setup_teardown.py
[2026-03-19T07:19:34.242+0000] {processor.py:830} INFO - Processing file /home/airflow/.local/lib/python3.12/site-packages/airflow/example_dags/example_setup_teardown.py for tasks to queue
[2026-03-19T07:19:34.248+0000] {logging_mixin.py:188} INFO - [2026-03-19T07:19:34.247+0000] {dagbag.py:545} INFO - Filling up the DagBag from /home/airflow/.local/lib/python3.12/site-packages/airflow/example_dags/example_setup_teardown.py
[2026-03-19T07:19:34.262+0000] {processor.py:840} INFO - DAG(s) 'example_setup_teardown' retrieved from /home/airflow/.local/lib/python3.12/site-packages/airflow/example_dags/example_setup_teardown.py
[2026-03-19T07:19:34.328+0000] {logging_mixin.py:188} INFO - [2026-03-19T07:19:34.327+0000] {dag.py:3096} INFO - Sync 1 DAGs
[2026-03-19T07:19:34.435+0000] {logging_mixin.py:188} INFO - [2026-03-19T07:19:34.434+0000] {dag.py:3954} INFO - Setting next_dagrun for example_setup_teardown to 2026-03-18 00:00:00+00:00, run_after=2026-03-19 00:00:00+00:00
[2026-03-19T07:19:34.568+0000] {processor.py:183} INFO - Processing /home/airflow/.local/lib/python3.12/site-packages/airflow/example_dags/example_setup_teardown.py took 0.349 seconds
[2026-03-19T07:20:05.310+0000] {processor.py:161} INFO - Started process (PID=36727) to work on /home/airflow/.local/lib/python3.12/site-packages/airflow/example_dags/example_setup_teardown.py
[2026-03-19T07:20:05.311+0000] {processor.py:830} INFO - Processing file /home/airflow/.local/lib/python3.12/site-packages/airflow/example_dags/example_setup_teardown.py for tasks to queue
[2026-03-19T07:20:05.312+0000] {logging_mixin.py:188} INFO - [2026-03-19T07:20:05.312+0000] {dagbag.py:545} INFO - Filling up the DagBag from /home/airflow/.local/lib/python3.12/site-packages/airflow/example_dags/example_setup_teardown.py
[2026-03-19T07:20:05.319+0000] {processor.py:840} INFO - DAG(s) 'example_setup_teardown' retrieved from /home/airflow/.local/lib/python3.12/site-packages/airflow/example_dags/example_setup_teardown.py
[2026-03-19T07:20:05.332+0000] {logging_mixin.py:188} INFO - [2026-03-19T07:20:05.332+0000] {dag.py:3096} INFO - Sync 1 DAGs
[2026-03-19T07:20:05.344+0000] {logging_mixin.py:188} INFO - [2026-03-19T07:20:05.344+0000] {dag.py:3954} INFO - Setting next_dagrun for example_setup_teardown to 2026-03-18 00:00:00+00:00, run_after=2026-03-19 00:00:00+00:00
[2026-03-19T07:20:05.353+0000] {processor.py:183} INFO - Processing /home/airflow/.local/lib/python3.12/site-packages/airflow/example_dags/example_setup_teardown.py took 0.049 seconds
[2026-03-19T07:37:29.985+0000] {processor.py:161} INFO - Started process (PID=36785) to work on /home/airflow/.local/lib/python3.12/site-packages/airflow/example_dags/example_setup_teardown.py
[2026-03-19T07:37:29.989+0000] {processor.py:830} INFO - Processing file /home/airflow/.local/lib/python3.12/site-packages/airflow/example_dags/example_setup_teardown.py for tasks to queue
[2026-03-19T07:37:29.990+0000] {logging_mixin.py:188} INFO - [2026-03-19T07:37:29.990+0000] {dagbag.py:545} INFO - Filling up the DagBag from /home/airflow/.local/lib/python3.12/site-packages/airflow/example_dags/example_setup_teardown.py
[2026-03-19T07:37:29.999+0000] {processor.py:840} INFO - DAG(s) 'example_setup_teardown' retrieved from /home/airflow/.local/lib/python3.12/site-packages/airflow/example_dags/example_setup_teardown.py
[2026-03-19T07:37:30.019+0000] {logging_mixin.py:188} INFO - [2026-03-19T07:37:30.019+0000] {dag.py:3096} INFO - Sync 1 DAGs
[2026-03-19T07:37:30.040+0000] {logging_mixin.py:188} INFO - [2026-03-19T07:37:30.039+0000] {dag.py:3954} INFO - Setting next_dagrun for example_setup_teardown to 2026-03-18 00:00:00+00:00, run_after=2026-03-19 00:00:00+00:00
[2026-03-19T07:37:30.060+0000] {processor.py:183} INFO - Processing /home/airflow/.local/lib/python3.12/site-packages/airflow/example_dags/example_setup_teardown.py took 0.080 seconds
[2026-03-19T07:38:03.015+0000] {processor.py:161} INFO - Started process (PID=36852) to work on /home/airflow/.local/lib/python3.12/site-packages/airflow/example_dags/example_setup_teardown.py
[2026-03-19T07:38:03.018+0000] {processor.py:830} INFO - Processing file /home/airflow/.local/lib/python3.12/site-packages/airflow/example_dags/example_setup_teardown.py for tasks to queue
[2026-03-19T07:38:03.019+0000] {logging_mixin.py:188} INFO - [2026-03-19T07:38:03.018+0000] {dagbag.py:545} INFO - Filling up the DagBag from /home/airflow/.local/lib/python3.12/site-packages/airflow/example_dags/example_setup_teardown.py
[2026-03-19T07:38:03.027+0000] {processor.py:840} INFO - DAG(s) 'example_setup_teardown' retrieved from /home/airflow/.local/lib/python3.12/site-packages/airflow/example_dags/example_setup_teardown.py
[2026-03-19T07:38:03.071+0000] {logging_mixin.py:188} INFO - [2026-03-19T07:38:03.070+0000] {dag.py:3096} INFO - Sync 1 DAGs
[2026-03-19T07:38:03.100+0000] {logging_mixin.py:188} INFO - [2026-03-19T07:38:03.099+0000] {dag.py:3954} INFO - Setting next_dagrun for example_setup_teardown to 2026-03-18 00:00:00+00:00, run_after=2026-03-19 00:00:00+00:00
[2026-03-19T07:38:03.128+0000] {processor.py:183} INFO - Processing /home/airflow/.local/lib/python3.12/site-packages/airflow/example_dags/example_setup_teardown.py took 0.122 seconds
[2026-03-19T07:48:56.112+0000] {processor.py:161} INFO - Started process (PID=36911) to work on /home/airflow/.local/lib/python3.12/site-packages/airflow/example_dags/example_setup_teardown.py
[2026-03-19T07:48:56.113+0000] {processor.py:830} INFO - Processing file /home/airflow/.local/lib/python3.12/site-packages/airflow/example_dags/example_setup_teardown.py for tasks to queue
[2026-03-19T07:48:56.114+0000] {logging_mixin.py:188} INFO - [2026-03-19T07:48:56.114+0000] {dagbag.py:545} INFO - Filling up the DagBag from /home/airflow/.local/lib/python3.12/site-packages/airflow/example_dags/example_setup_teardown.py
[2026-03-19T07:48:56.118+0000] {processor.py:840} INFO - DAG(s) 'example_setup_teardown' retrieved from /home/airflow/.local/lib/python3.12/site-packages/airflow/example_dags/example_setup_teardown.py
[2026-03-19T07:48:56.136+0000] {logging_mixin.py:188} INFO - [2026-03-19T07:48:56.135+0000] {dag.py:3096} INFO - Sync 1 DAGs
[2026-03-19T07:48:56.155+0000] {logging_mixin.py:188} INFO - [2026-03-19T07:48:56.155+0000] {dag.py:3954} INFO - Setting next_dagrun for example_setup_teardown to 2026-03-18 00:00:00+00:00, run_after=2026-03-19 00:00:00+00:00
[2026-03-19T07:48:56.181+0000] {processor.py:183} INFO - Processing /home/airflow/.local/lib/python3.12/site-packages/airflow/example_dags/example_setup_teardown.py took 0.072 seconds
[2026-03-19T07:49:28.365+0000] {processor.py:161} INFO - Started process (PID=36970) to work on /home/airflow/.local/lib/python3.12/site-packages/airflow/example_dags/example_setup_teardown.py
[2026-03-19T07:49:28.366+0000] {processor.py:830} INFO - Processing file /home/airflow/.local/lib/python3.12/site-packages/airflow/example_dags/example_setup_teardown.py for tasks to queue
[2026-03-19T07:49:28.367+0000] {logging_mixin.py:188} INFO - [2026-03-19T07:49:28.366+0000] {dagbag.py:545} INFO - Filling up the DagBag from /home/airflow/.local/lib/python3.12/site-packages/airflow/example_dags/example_setup_teardown.py
[2026-03-19T07:49:28.372+0000] {processor.py:840} INFO - DAG(s) 'example_setup_teardown' retrieved from /home/airflow/.local/lib/python3.12/site-packages/airflow/example_dags/example_setup_teardown.py
[2026-03-19T07:49:28.394+0000] {logging_mixin.py:188} INFO - [2026-03-19T07:49:28.394+0000] {dag.py:3096} INFO - Sync 1 DAGs
[2026-03-19T07:49:28.411+0000] {logging_mixin.py:188} INFO - [2026-03-19T07:49:28.411+0000] {dag.py:3954} INFO - Setting next_dagrun for example_setup_teardown to 2026-03-18 00:00:00+00:00, run_after=2026-03-19 00:00:00+00:00
[2026-03-19T07:49:28.426+0000] {processor.py:183} INFO - Processing /home/airflow/.local/lib/python3.12/site-packages/airflow/example_dags/example_setup_teardown.py took 0.069 seconds
[2026-03-19T07:49:59.799+0000] {processor.py:161} INFO - Started process (PID=37029) to work on /home/airflow/.local/lib/python3.12/site-packages/airflow/example_dags/example_setup_teardown.py
[2026-03-19T07:49:59.800+0000] {processor.py:830} INFO - Processing file /home/airflow/.local/lib/python3.12/site-packages/airflow/example_dags/example_setup_teardown.py for tasks to queue
[2026-03-19T07:49:59.800+0000] {logging_mixin.py:188} INFO - [2026-03-19T07:49:59.800+0000] {dagbag.py:545} INFO - Filling up the DagBag from /home/airflow/.local/lib/python3.12/site-packages/airflow/example_dags/example_setup_teardown.py
[2026-03-19T07:49:59.805+0000] {processor.py:840} INFO - DAG(s) 'example_setup_teardown' retrieved from /home/airflow/.local/lib/python3.12/site-packages/airflow/example_dags/example_setup_teardown.py
[2026-03-19T07:49:59.824+0000] {logging_mixin.py:188} INFO - [2026-03-19T07:49:59.824+0000] {dag.py:3096} INFO - Sync 1 DAGs
[2026-03-19T07:49:59.841+0000] {logging_mixin.py:188} INFO - [2026-03-19T07:49:59.840+0000] {dag.py:3954} INFO - Setting next_dagrun for example_setup_teardown to 2026-03-18 00:00:00+00:00, run_after=2026-03-19 00:00:00+00:00
[2026-03-19T07:49:59.851+0000] {processor.py:183} INFO - Processing /home/airflow/.local/lib/python3.12/site-packages/airflow/example_dags/example_setup_teardown.py took 0.056 seconds
[2026-03-19T07:50:29.963+0000] {processor.py:161} INFO - Started process (PID=37088) to work on /home/airflow/.local/lib/python3.12/site-packages/airflow/example_dags/example_setup_teardown.py
[2026-03-19T07:50:29.964+0000] {processor.py:830} INFO - Processing file /home/airflow/.local/lib/python3.12/site-packages/airflow/example_dags/example_setup_teardown.py for tasks to queue
[2026-03-19T07:50:29.964+0000] {logging_mixin.py:188} INFO - [2026-03-19T07:50:29.964+0000] {dagbag.py:545} INFO - Filling up the DagBag from /home/airflow/.local/lib/python3.12/site-packages/airflow/example_dags/example_setup_teardown.py
[2026-03-19T07:50:29.968+0000] {processor.py:840} INFO - DAG(s) 'example_setup_teardown' retrieved from /home/airflow/.local/lib/python3.12/site-packages/airflow/example_dags/example_setup_teardown.py
[2026-03-19T07:50:29.984+0000] {logging_mixin.py:188} INFO - [2026-03-19T07:50:29.984+0000] {dag.py:3096} INFO - Sync 1 DAGs
[2026-03-19T07:50:29.997+0000] {logging_mixin.py:188} INFO - [2026-03-19T07:50:29.997+0000] {dag.py:3954} INFO - Setting next_dagrun for example_setup_teardown to 2026-03-18 00:00:00+00:00, run_after=2026-03-19 00:00:00+00:00
[2026-03-19T07:50:30.009+0000] {processor.py:183} INFO - Processing /home/airflow/.local/lib/python3.12/site-packages/airflow/example_dags/example_setup_teardown.py took 0.051 seconds
[2026-03-19T07:51:01.270+0000] {processor.py:161} INFO - Started process (PID=37147) to work on /home/airflow/.local/lib/python3.12/site-packages/airflow/example_dags/example_setup_teardown.py
[2026-03-19T07:51:01.272+0000] {processor.py:830} INFO - Processing file /home/airflow/.local/lib/python3.12/site-packages/airflow/example_dags/example_setup_teardown.py for tasks to queue
[2026-03-19T07:51:01.274+0000] {logging_mixin.py:188} INFO - [2026-03-19T07:51:01.273+0000] {dagbag.py:545} INFO - Filling up the DagBag from /home/airflow/.local/lib/python3.12/site-packages/airflow/example_dags/example_setup_teardown.py
[2026-03-19T07:51:01.282+0000] {processor.py:840} INFO - DAG(s) 'example_setup_teardown' retrieved from /home/airflow/.local/lib/python3.12/site-packages/airflow/example_dags/example_setup_teardown.py
[2026-03-19T07:51:01.312+0000] {logging_mixin.py:188} INFO - [2026-03-19T07:51:01.312+0000] {dag.py:3096} INFO - Sync 1 DAGs
[2026-03-19T07:51:01.340+0000] {logging_mixin.py:188} INFO - [2026-03-19T07:51:01.339+0000] {dag.py:3954} INFO - Setting next_dagrun for example_setup_teardown to 2026-03-18 00:00:00+00:00, run_after=2026-03-19 00:00:00+00:00
[2026-03-19T07:51:01.370+0000] {processor.py:183} INFO - Processing /home/airflow/.local/lib/python3.12/site-packages/airflow/example_dags/example_setup_teardown.py took 0.109 seconds
[2026-03-19T07:51:32.916+0000] {processor.py:161} INFO - Started process (PID=37206) to work on /home/airflow/.local/lib/python3.12/site-packages/airflow/example_dags/example_setup_teardown.py
[2026-03-19T07:51:32.919+0000] {processor.py:830} INFO - Processing file /home/airflow/.local/lib/python3.12/site-packages/airflow/example_dags/example_setup_teardown.py for tasks to queue
[2026-03-19T07:51:32.924+0000] {logging_mixin.py:188} INFO - [2026-03-19T07:51:32.923+0000] {dagbag.py:545} INFO - Filling up the DagBag from /home/airflow/.local/lib/python3.12/site-packages/airflow/example_dags/example_setup_teardown.py
[2026-03-19T07:51:32.937+0000] {processor.py:840} INFO - DAG(s) 'example_setup_teardown' retrieved from /home/airflow/.local/lib/python3.12/site-packages/airflow/example_dags/example_setup_teardown.py
[2026-03-19T07:51:32.963+0000] {logging_mixin.py:188} INFO - [2026-03-19T07:51:32.963+0000] {dag.py:3096} INFO - Sync 1 DAGs
[2026-03-19T07:51:33.005+0000] {logging_mixin.py:188} INFO - [2026-03-19T07:51:33.005+0000] {dag.py:3954} INFO - Setting next_dagrun for example_setup_teardown to 2026-03-18 00:00:00+00:00, run_after=2026-03-19 00:00:00+00:00
[2026-03-19T07:51:33.035+0000] {processor.py:183} INFO - Processing /home/airflow/.local/lib/python3.12/site-packages/airflow/example_dags/example_setup_teardown.py took 0.133 seconds
[2026-03-19T07:52:03.338+0000] {processor.py:161} INFO - Started process (PID=37265) to work on /home/airflow/.local/lib/python3.12/site-packages/airflow/example_dags/example_setup_teardown.py
[2026-03-19T07:52:03.340+0000] {processor.py:830} INFO - Processing file /home/airflow/.local/lib/python3.12/site-packages/airflow/example_dags/example_setup_teardown.py for tasks to queue
[2026-03-19T07:52:03.341+0000] {logging_mixin.py:188} INFO - [2026-03-19T07:52:03.340+0000] {dagbag.py:545} INFO - Filling up the DagBag from /home/airflow/.local/lib/python3.12/site-packages/airflow/example_dags/example_setup_teardown.py
[2026-03-19T07:52:03.347+0000] {processor.py:840} INFO - DAG(s) 'example_setup_teardown' retrieved from /home/airflow/.local/lib/python3.12/site-packages/airflow/example_dags/example_setup_teardown.py
[2026-03-19T07:52:03.379+0000] {logging_mixin.py:188} INFO - [2026-03-19T07:52:03.379+0000] {dag.py:3096} INFO - Sync 1 DAGs
[2026-03-19T07:52:03.398+0000] {logging_mixin.py:188} INFO - [2026-03-19T07:52:03.398+0000] {dag.py:3954} INFO - Setting next_dagrun for example_setup_teardown to 2026-03-18 00:00:00+00:00, run_after=2026-03-19 00:00:00+00:00
[2026-03-19T07:52:03.413+0000] {processor.py:183} INFO - Processing /home/airflow/.local/lib/python3.12/site-packages/airflow/example_dags/example_setup_teardown.py took 0.079 seconds
[2026-03-19T07:52:34.267+0000] {processor.py:161} INFO - Started process (PID=37324) to work on /home/airflow/.local/lib/python3.12/site-packages/airflow/example_dags/example_setup_teardown.py
[2026-03-19T07:52:34.269+0000] {processor.py:830} INFO - Processing file /home/airflow/.local/lib/python3.12/site-packages/airflow/example_dags/example_setup_teardown.py for tasks to queue
[2026-03-19T07:52:34.271+0000] {logging_mixin.py:188} INFO - [2026-03-19T07:52:34.271+0000] {dagbag.py:545} INFO - Filling up the DagBag from /home/airflow/.local/lib/python3.12/site-packages/airflow/example_dags/example_setup_teardown.py
[2026-03-19T07:52:34.279+0000] {processor.py:840} INFO - DAG(s) 'example_setup_teardown' retrieved from /home/airflow/.local/lib/python3.12/site-packages/airflow/example_dags/example_setup_teardown.py
[2026-03-19T07:52:34.294+0000] {logging_mixin.py:188} INFO - [2026-03-19T07:52:34.294+0000] {dag.py:3096} INFO - Sync 1 DAGs
[2026-03-19T07:52:34.310+0000] {logging_mixin.py:188} INFO - [2026-03-19T07:52:34.310+0000] {dag.py:3954} INFO - Setting next_dagrun for example_setup_teardown to 2026-03-18 00:00:00+00:00, run_after=2026-03-19 00:00:00+00:00
[2026-03-19T07:52:34.322+0000] {processor.py:183} INFO - Processing /home/airflow/.local/lib/python3.12/site-packages/airflow/example_dags/example_setup_teardown.py took 0.058 seconds
[2026-03-19T07:53:05.135+0000] {processor.py:161} INFO - Started process (PID=37383) to work on /home/airflow/.local/lib/python3.12/site-packages/airflow/example_dags/example_setup_teardown.py
[2026-03-19T07:53:05.136+0000] {processor.py:830} INFO - Processing file /home/airflow/.local/lib/python3.12/site-packages/airflow/example_dags/example_setup_teardown.py for tasks to queue
[2026-03-19T07:53:05.136+0000] {logging_mixin.py:188} INFO - [2026-03-19T07:53:05.136+0000] {dagbag.py:545} INFO - Filling up the DagBag from /home/airflow/.local/lib/python3.12/site-packages/airflow/example_dags/example_setup_teardown.py
[2026-03-19T07:53:05.141+0000] {processor.py:840} INFO - DAG(s) 'example_setup_teardown' retrieved from /home/airflow/.local/lib/python3.12/site-packages/airflow/example_dags/example_setup_teardown.py
[2026-03-19T07:53:05.152+0000] {logging_mixin.py:188} INFO - [2026-03-19T07:53:05.152+0000] {dag.py:3096} INFO - Sync 1 DAGs
[2026-03-19T07:53:05.164+0000] {logging_mixin.py:188} INFO - [2026-03-19T07:53:05.164+0000] {dag.py:3954} INFO - Setting next_dagrun for example_setup_teardown to 2026-03-18 00:00:00+00:00, run_after=2026-03-19 00:00:00+00:00
[2026-03-19T07:53:05.172+0000] {processor.py:183} INFO - Processing /home/airflow/.local/lib/python3.12/site-packages/airflow/example_dags/example_setup_teardown.py took 0.041 seconds
[2026-03-19T07:53:35.385+0000] {processor.py:161} INFO - Started process (PID=37442) to work on /home/airflow/.local/lib/python3.12/site-packages/airflow/example_dags/example_setup_teardown.py
[2026-03-19T07:53:35.385+0000] {processor.py:830} INFO - Processing file /home/airflow/.local/lib/python3.12/site-packages/airflow/example_dags/example_setup_teardown.py for tasks to queue
[2026-03-19T07:53:35.387+0000] {logging_mixin.py:188} INFO - [2026-03-19T07:53:35.386+0000] {dagbag.py:545} INFO - Filling up the DagBag from /home/airflow/.local/lib/python3.12/site-packages/airflow/example_dags/example_setup_teardown.py
[2026-03-19T07:53:35.393+0000] {processor.py:840} INFO - DAG(s) 'example_setup_teardown' retrieved from /home/airflow/.local/lib/python3.12/site-packages/airflow/example_dags/example_setup_teardown.py
[2026-03-19T07:53:35.411+0000] {logging_mixin.py:188} INFO - [2026-03-19T07:53:35.411+0000] {dag.py:3096} INFO - Sync 1 DAGs
[2026-03-19T07:53:35.430+0000] {logging_mixin.py:188} INFO - [2026-03-19T07:53:35.430+0000] {dag.py:3954} INFO - Setting next_dagrun for example_setup_teardown to 2026-03-18 00:00:00+00:00, run_after=2026-03-19 00:00:00+00:00
[2026-03-19T07:53:35.439+0000] {processor.py:183} INFO - Processing /home/airflow/.local/lib/python3.12/site-packages/airflow/example_dags/example_setup_teardown.py took 0.058 seconds
[2026-03-19T07:54:05.886+0000] {processor.py:161} INFO - Started process (PID=37501) to work on /home/airflow/.local/lib/python3.12/site-packages/airflow/example_dags/example_setup_teardown.py
[2026-03-19T07:54:05.887+0000] {processor.py:830} INFO - Processing file /home/airflow/.local/lib/python3.12/site-packages/airflow/example_dags/example_setup_teardown.py for tasks to queue
[2026-03-19T07:54:05.887+0000] {logging_mixin.py:188} INFO - [2026-03-19T07:54:05.887+0000] {dagbag.py:545} INFO - Filling up the DagBag from /home/airflow/.local/lib/python3.12/site-packages/airflow/example_dags/example_setup_teardown.py
[2026-03-19T07:54:05.892+0000] {processor.py:840} INFO - DAG(s) 'example_setup_teardown' retrieved from /home/airflow/.local/lib/python3.12/site-packages/airflow/example_dags/example_setup_teardown.py
[2026-03-19T07:54:05.903+0000] {logging_mixin.py:188} INFO - [2026-03-19T07:54:05.903+0000] {dag.py:3096} INFO - Sync 1 DAGs
[2026-03-19T07:54:05.918+0000] {logging_mixin.py:188} INFO - [2026-03-19T07:54:05.918+0000] {dag.py:3954} INFO - Setting next_dagrun for example_setup_teardown to 2026-03-18 00:00:00+00:00, run_after=2026-03-19 00:00:00+00:00
[2026-03-19T07:54:05.928+0000] {processor.py:183} INFO - Processing /home/airflow/.local/lib/python3.12/site-packages/airflow/example_dags/example_setup_teardown.py took 0.045 seconds
[2026-03-19T07:54:36.142+0000] {processor.py:161} INFO - Started process (PID=37560) to work on /home/airflow/.local/lib/python3.12/site-packages/airflow/example_dags/example_setup_teardown.py
[2026-03-19T07:54:36.145+0000] {processor.py:830} INFO - Processing file /home/airflow/.local/lib/python3.12/site-packages/airflow/example_dags/example_setup_teardown.py for tasks to queue
[2026-03-19T07:54:36.147+0000] {logging_mixin.py:188} INFO - [2026-03-19T07:54:36.147+0000] {dagbag.py:545} INFO - Filling up the DagBag from /home/airflow/.local/lib/python3.12/site-packages/airflow/example_dags/example_setup_teardown.py
[2026-03-19T07:54:36.154+0000] {processor.py:840} INFO - DAG(s) 'example_setup_teardown' retrieved from /home/airflow/.local/lib/python3.12/site-packages/airflow/example_dags/example_setup_teardown.py
[2026-03-19T07:54:36.167+0000] {logging_mixin.py:188} INFO - [2026-03-19T07:54:36.167+0000] {dag.py:3096} INFO - Sync 1 DAGs
[2026-03-19T07:54:36.179+0000] {logging_mixin.py:188} INFO - [2026-03-19T07:54:36.179+0000] {dag.py:3954} INFO - Setting next_dagrun for example_setup_teardown to 2026-03-18 00:00:00+00:00, run_after=2026-03-19 00:00:00+00:00
[2026-03-19T07:54:36.194+0000] {processor.py:183} INFO - Processing /home/airflow/.local/lib/python3.12/site-packages/airflow/example_dags/example_setup_teardown.py took 0.055 seconds
[2026-03-19T07:55:06.530+0000] {processor.py:161} INFO - Started process (PID=37619) to work on /home/airflow/.local/lib/python3.12/site-packages/airflow/example_dags/example_setup_teardown.py
[2026-03-19T07:55:06.532+0000] {processor.py:830} INFO - Processing file /home/airflow/.local/lib/python3.12/site-packages/airflow/example_dags/example_setup_teardown.py for tasks to queue
[2026-03-19T07:55:06.533+0000] {logging_mixin.py:188} INFO - [2026-03-19T07:55:06.533+0000] {dagbag.py:545} INFO - Filling up the DagBag from /home/airflow/.local/lib/python3.12/site-packages/airflow/example_dags/example_setup_teardown.py
[2026-03-19T07:55:06.539+0000] {processor.py:840} INFO - DAG(s) 'example_setup_teardown' retrieved from /home/airflow/.local/lib/python3.12/site-packages/airflow/example_dags/example_setup_teardown.py
[2026-03-19T07:55:06.551+0000] {logging_mixin.py:188} INFO - [2026-03-19T07:55:06.551+0000] {dag.py:3096} INFO - Sync 1 DAGs
[2026-03-19T07:55:06.571+0000] {logging_mixin.py:188} INFO - [2026-03-19T07:55:06.571+0000] {dag.py:3954} INFO - Setting next_dagrun for example_setup_teardown to 2026-03-18 00:00:00+00:00, run_after=2026-03-19 00:00:00+00:00
[2026-03-19T07:55:06.591+0000] {processor.py:183} INFO - Processing /home/airflow/.local/lib/python3.12/site-packages/airflow/example_dags/example_setup_teardown.py took 0.070 seconds
[2026-03-19T07:55:37.319+0000] {processor.py:161} INFO - Started process (PID=37678) to work on /home/airflow/.local/lib/python3.12/site-packages/airflow/example_dags/example_setup_teardown.py
[2026-03-19T07:55:37.322+0000] {processor.py:830} INFO - Processing file /home/airflow/.local/lib/python3.12/site-packages/airflow/example_dags/example_setup_teardown.py for tasks to queue
[2026-03-19T07:55:37.322+0000] {logging_mixin.py:188} INFO - [2026-03-19T07:55:37.322+0000] {dagbag.py:545} INFO - Filling up the DagBag from /home/airflow/.local/lib/python3.12/site-packages/airflow/example_dags/example_setup_teardown.py
[2026-03-19T07:55:37.328+0000] {processor.py:840} INFO - DAG(s) 'example_setup_teardown' retrieved from /home/airflow/.local/lib/python3.12/site-packages/airflow/example_dags/example_setup_teardown.py
[2026-03-19T07:55:37.340+0000] {logging_mixin.py:188} INFO - [2026-03-19T07:55:37.340+0000] {dag.py:3096} INFO - Sync 1 DAGs
[2026-03-19T07:55:37.359+0000] {logging_mixin.py:188} INFO - [2026-03-19T07:55:37.359+0000] {dag.py:3954} INFO - Setting next_dagrun for example_setup_teardown to 2026-03-18 00:00:00+00:00, run_after=2026-03-19 00:00:00+00:00
[2026-03-19T07:55:37.384+0000] {processor.py:183} INFO - Processing /home/airflow/.local/lib/python3.12/site-packages/airflow/example_dags/example_setup_teardown.py took 0.069 seconds
[2026-03-19T07:56:07.714+0000] {processor.py:161} INFO - Started process (PID=37737) to work on /home/airflow/.local/lib/python3.12/site-packages/airflow/example_dags/example_setup_teardown.py
[2026-03-19T07:56:07.714+0000] {processor.py:830} INFO - Processing file /home/airflow/.local/lib/python3.12/site-packages/airflow/example_dags/example_setup_teardown.py for tasks to queue
[2026-03-19T07:56:07.715+0000] {logging_mixin.py:188} INFO - [2026-03-19T07:56:07.715+0000] {dagbag.py:545} INFO - Filling up the DagBag from /home/airflow/.local/lib/python3.12/site-packages/airflow/example_dags/example_setup_teardown.py
[2026-03-19T07:56:07.720+0000] {processor.py:840} INFO - DAG(s) 'example_setup_teardown' retrieved from /home/airflow/.local/lib/python3.12/site-packages/airflow/example_dags/example_setup_teardown.py
[2026-03-19T07:56:07.735+0000] {logging_mixin.py:188} INFO - [2026-03-19T07:56:07.735+0000] {dag.py:3096} INFO - Sync 1 DAGs
[2026-03-19T07:56:07.750+0000] {logging_mixin.py:188} INFO - [2026-03-19T07:56:07.750+0000] {dag.py:3954} INFO - Setting next_dagrun for example_setup_teardown to 2026-03-18 00:00:00+00:00, run_after=2026-03-19 00:00:00+00:00
[2026-03-19T07:56:07.766+0000] {processor.py:183} INFO - Processing /home/airflow/.local/lib/python3.12/site-packages/airflow/example_dags/example_setup_teardown.py took 0.060 seconds
