[2026-03-19T00:12:43.377+0000] {processor.py:161} INFO - Started process (PID=35667) to work on /home/airflow/.local/lib/python3.12/site-packages/airflow/example_dags/example_task_group_decorator.py
[2026-03-19T00:12:43.378+0000] {processor.py:830} INFO - Processing file /home/airflow/.local/lib/python3.12/site-packages/airflow/example_dags/example_task_group_decorator.py for tasks to queue
[2026-03-19T00:12:43.379+0000] {logging_mixin.py:188} INFO - [2026-03-19T00:12:43.379+0000] {dagbag.py:545} INFO - Filling up the DagBag from /home/airflow/.local/lib/python3.12/site-packages/airflow/example_dags/example_task_group_decorator.py
[2026-03-19T00:12:43.387+0000] {processor.py:840} INFO - DAG(s) 'example_task_group_decorator' retrieved from /home/airflow/.local/lib/python3.12/site-packages/airflow/example_dags/example_task_group_decorator.py
[2026-03-19T00:12:43.405+0000] {logging_mixin.py:188} INFO - [2026-03-19T00:12:43.404+0000] {dag.py:3096} INFO - Sync 1 DAGs
[2026-03-19T00:12:43.418+0000] {logging_mixin.py:188} INFO - [2026-03-19T00:12:43.418+0000] {dag.py:3954} INFO - Setting next_dagrun for example_task_group_decorator to 2026-03-18 00:00:00+00:00, run_after=2026-03-19 00:00:00+00:00
[2026-03-19T00:12:43.437+0000] {processor.py:183} INFO - Processing /home/airflow/.local/lib/python3.12/site-packages/airflow/example_dags/example_task_group_decorator.py took 0.064 seconds
[2026-03-19T00:46:41.841+0000] {processor.py:161} INFO - Started process (PID=35726) to work on /home/airflow/.local/lib/python3.12/site-packages/airflow/example_dags/example_task_group_decorator.py
[2026-03-19T00:46:41.842+0000] {processor.py:830} INFO - Processing file /home/airflow/.local/lib/python3.12/site-packages/airflow/example_dags/example_task_group_decorator.py for tasks to queue
[2026-03-19T00:46:41.844+0000] {logging_mixin.py:188} INFO - [2026-03-19T00:46:41.844+0000] {dagbag.py:545} INFO - Filling up the DagBag from /home/airflow/.local/lib/python3.12/site-packages/airflow/example_dags/example_task_group_decorator.py
[2026-03-19T00:46:41.856+0000] {processor.py:840} INFO - DAG(s) 'example_task_group_decorator' retrieved from /home/airflow/.local/lib/python3.12/site-packages/airflow/example_dags/example_task_group_decorator.py
[2026-03-19T00:46:41.895+0000] {logging_mixin.py:188} INFO - [2026-03-19T00:46:41.894+0000] {dag.py:3096} INFO - Sync 1 DAGs
[2026-03-19T00:46:41.931+0000] {logging_mixin.py:188} INFO - [2026-03-19T00:46:41.931+0000] {dag.py:3954} INFO - Setting next_dagrun for example_task_group_decorator to 2026-03-18 00:00:00+00:00, run_after=2026-03-19 00:00:00+00:00
[2026-03-19T00:46:41.962+0000] {processor.py:183} INFO - Processing /home/airflow/.local/lib/python3.12/site-packages/airflow/example_dags/example_task_group_decorator.py took 0.130 seconds
[2026-03-19T01:13:40.214+0000] {processor.py:161} INFO - Started process (PID=35793) to work on /home/airflow/.local/lib/python3.12/site-packages/airflow/example_dags/example_task_group_decorator.py
[2026-03-19T01:13:40.215+0000] {processor.py:830} INFO - Processing file /home/airflow/.local/lib/python3.12/site-packages/airflow/example_dags/example_task_group_decorator.py for tasks to queue
[2026-03-19T01:13:40.218+0000] {logging_mixin.py:188} INFO - [2026-03-19T01:13:40.217+0000] {dagbag.py:545} INFO - Filling up the DagBag from /home/airflow/.local/lib/python3.12/site-packages/airflow/example_dags/example_task_group_decorator.py
[2026-03-19T01:13:40.234+0000] {processor.py:840} INFO - DAG(s) 'example_task_group_decorator' retrieved from /home/airflow/.local/lib/python3.12/site-packages/airflow/example_dags/example_task_group_decorator.py
[2026-03-19T01:13:40.272+0000] {logging_mixin.py:188} INFO - [2026-03-19T01:13:40.272+0000] {dag.py:3096} INFO - Sync 1 DAGs
[2026-03-19T01:13:40.306+0000] {logging_mixin.py:188} INFO - [2026-03-19T01:13:40.306+0000] {dag.py:3954} INFO - Setting next_dagrun for example_task_group_decorator to 2026-03-18 00:00:00+00:00, run_after=2026-03-19 00:00:00+00:00
[2026-03-19T01:13:40.673+0000] {processor.py:183} INFO - Processing /home/airflow/.local/lib/python3.12/site-packages/airflow/example_dags/example_task_group_decorator.py took 0.467 seconds
[2026-03-19T01:30:55.873+0000] {processor.py:161} INFO - Started process (PID=35860) to work on /home/airflow/.local/lib/python3.12/site-packages/airflow/example_dags/example_task_group_decorator.py
[2026-03-19T01:30:55.875+0000] {processor.py:830} INFO - Processing file /home/airflow/.local/lib/python3.12/site-packages/airflow/example_dags/example_task_group_decorator.py for tasks to queue
[2026-03-19T01:30:55.877+0000] {logging_mixin.py:188} INFO - [2026-03-19T01:30:55.877+0000] {dagbag.py:545} INFO - Filling up the DagBag from /home/airflow/.local/lib/python3.12/site-packages/airflow/example_dags/example_task_group_decorator.py
[2026-03-19T01:30:55.899+0000] {processor.py:840} INFO - DAG(s) 'example_task_group_decorator' retrieved from /home/airflow/.local/lib/python3.12/site-packages/airflow/example_dags/example_task_group_decorator.py
[2026-03-19T01:30:55.927+0000] {logging_mixin.py:188} INFO - [2026-03-19T01:30:55.927+0000] {dag.py:3096} INFO - Sync 1 DAGs
[2026-03-19T01:30:55.950+0000] {logging_mixin.py:188} INFO - [2026-03-19T01:30:55.950+0000] {dag.py:3954} INFO - Setting next_dagrun for example_task_group_decorator to 2026-03-18 00:00:00+00:00, run_after=2026-03-19 00:00:00+00:00
[2026-03-19T01:30:55.964+0000] {processor.py:183} INFO - Processing /home/airflow/.local/lib/python3.12/site-packages/airflow/example_dags/example_task_group_decorator.py took 0.098 seconds
[2026-03-19T02:14:59.101+0000] {processor.py:161} INFO - Started process (PID=35924) to work on /home/airflow/.local/lib/python3.12/site-packages/airflow/example_dags/example_task_group_decorator.py
[2026-03-19T02:14:59.105+0000] {processor.py:830} INFO - Processing file /home/airflow/.local/lib/python3.12/site-packages/airflow/example_dags/example_task_group_decorator.py for tasks to queue
[2026-03-19T02:14:59.109+0000] {logging_mixin.py:188} INFO - [2026-03-19T02:14:59.108+0000] {dagbag.py:545} INFO - Filling up the DagBag from /home/airflow/.local/lib/python3.12/site-packages/airflow/example_dags/example_task_group_decorator.py
[2026-03-19T02:14:59.205+0000] {processor.py:840} INFO - DAG(s) 'example_task_group_decorator' retrieved from /home/airflow/.local/lib/python3.12/site-packages/airflow/example_dags/example_task_group_decorator.py
[2026-03-19T02:14:59.370+0000] {logging_mixin.py:188} INFO - [2026-03-19T02:14:59.369+0000] {dag.py:3096} INFO - Sync 1 DAGs
[2026-03-19T02:14:59.499+0000] {logging_mixin.py:188} INFO - [2026-03-19T02:14:59.497+0000] {dag.py:3954} INFO - Setting next_dagrun for example_task_group_decorator to 2026-03-18 00:00:00+00:00, run_after=2026-03-19 00:00:00+00:00
[2026-03-19T02:14:59.652+0000] {processor.py:183} INFO - Processing /home/airflow/.local/lib/python3.12/site-packages/airflow/example_dags/example_task_group_decorator.py took 0.583 seconds
[2026-03-19T02:15:29.989+0000] {processor.py:161} INFO - Started process (PID=35991) to work on /home/airflow/.local/lib/python3.12/site-packages/airflow/example_dags/example_task_group_decorator.py
[2026-03-19T02:15:30.010+0000] {processor.py:830} INFO - Processing file /home/airflow/.local/lib/python3.12/site-packages/airflow/example_dags/example_task_group_decorator.py for tasks to queue
[2026-03-19T02:15:30.014+0000] {logging_mixin.py:188} INFO - [2026-03-19T02:15:30.012+0000] {dagbag.py:545} INFO - Filling up the DagBag from /home/airflow/.local/lib/python3.12/site-packages/airflow/example_dags/example_task_group_decorator.py
[2026-03-19T02:15:30.071+0000] {processor.py:840} INFO - DAG(s) 'example_task_group_decorator' retrieved from /home/airflow/.local/lib/python3.12/site-packages/airflow/example_dags/example_task_group_decorator.py
[2026-03-19T02:15:30.132+0000] {logging_mixin.py:188} INFO - [2026-03-19T02:15:30.132+0000] {dag.py:3096} INFO - Sync 1 DAGs
[2026-03-19T02:15:30.207+0000] {logging_mixin.py:188} INFO - [2026-03-19T02:15:30.206+0000] {dag.py:3954} INFO - Setting next_dagrun for example_task_group_decorator to 2026-03-18 00:00:00+00:00, run_after=2026-03-19 00:00:00+00:00
[2026-03-19T02:15:30.273+0000] {processor.py:183} INFO - Processing /home/airflow/.local/lib/python3.12/site-packages/airflow/example_dags/example_task_group_decorator.py took 0.310 seconds
[2026-03-19T03:06:02.746+0000] {processor.py:161} INFO - Started process (PID=36010) to work on /home/airflow/.local/lib/python3.12/site-packages/airflow/example_dags/example_task_group_decorator.py
[2026-03-19T03:06:02.749+0000] {processor.py:830} INFO - Processing file /home/airflow/.local/lib/python3.12/site-packages/airflow/example_dags/example_task_group_decorator.py for tasks to queue
[2026-03-19T03:06:02.751+0000] {logging_mixin.py:188} INFO - [2026-03-19T03:06:02.750+0000] {dagbag.py:545} INFO - Filling up the DagBag from /home/airflow/.local/lib/python3.12/site-packages/airflow/example_dags/example_task_group_decorator.py
[2026-03-19T03:06:02.773+0000] {processor.py:840} INFO - DAG(s) 'example_task_group_decorator' retrieved from /home/airflow/.local/lib/python3.12/site-packages/airflow/example_dags/example_task_group_decorator.py
[2026-03-19T03:06:02.803+0000] {logging_mixin.py:188} INFO - [2026-03-19T03:06:02.802+0000] {dag.py:3096} INFO - Sync 1 DAGs
[2026-03-19T03:06:02.831+0000] {logging_mixin.py:188} INFO - [2026-03-19T03:06:02.831+0000] {dag.py:3954} INFO - Setting next_dagrun for example_task_group_decorator to 2026-03-18 00:00:00+00:00, run_after=2026-03-19 00:00:00+00:00
[2026-03-19T03:06:02.860+0000] {processor.py:183} INFO - Processing /home/airflow/.local/lib/python3.12/site-packages/airflow/example_dags/example_task_group_decorator.py took 0.122 seconds
[2026-03-19T03:06:32.940+0000] {processor.py:161} INFO - Started process (PID=36081) to work on /home/airflow/.local/lib/python3.12/site-packages/airflow/example_dags/example_task_group_decorator.py
[2026-03-19T03:06:32.941+0000] {processor.py:830} INFO - Processing file /home/airflow/.local/lib/python3.12/site-packages/airflow/example_dags/example_task_group_decorator.py for tasks to queue
[2026-03-19T03:06:32.942+0000] {logging_mixin.py:188} INFO - [2026-03-19T03:06:32.942+0000] {dagbag.py:545} INFO - Filling up the DagBag from /home/airflow/.local/lib/python3.12/site-packages/airflow/example_dags/example_task_group_decorator.py
[2026-03-19T03:06:32.952+0000] {processor.py:840} INFO - DAG(s) 'example_task_group_decorator' retrieved from /home/airflow/.local/lib/python3.12/site-packages/airflow/example_dags/example_task_group_decorator.py
[2026-03-19T03:06:32.969+0000] {logging_mixin.py:188} INFO - [2026-03-19T03:06:32.968+0000] {dag.py:3096} INFO - Sync 1 DAGs
[2026-03-19T03:06:32.981+0000] {logging_mixin.py:188} INFO - [2026-03-19T03:06:32.981+0000] {dag.py:3954} INFO - Setting next_dagrun for example_task_group_decorator to 2026-03-18 00:00:00+00:00, run_after=2026-03-19 00:00:00+00:00
[2026-03-19T03:06:32.989+0000] {processor.py:183} INFO - Processing /home/airflow/.local/lib/python3.12/site-packages/airflow/example_dags/example_task_group_decorator.py took 0.056 seconds
[2026-03-19T03:15:41.132+0000] {processor.py:161} INFO - Started process (PID=36140) to work on /home/airflow/.local/lib/python3.12/site-packages/airflow/example_dags/example_task_group_decorator.py
[2026-03-19T03:15:41.134+0000] {processor.py:830} INFO - Processing file /home/airflow/.local/lib/python3.12/site-packages/airflow/example_dags/example_task_group_decorator.py for tasks to queue
[2026-03-19T03:15:41.135+0000] {logging_mixin.py:188} INFO - [2026-03-19T03:15:41.135+0000] {dagbag.py:545} INFO - Filling up the DagBag from /home/airflow/.local/lib/python3.12/site-packages/airflow/example_dags/example_task_group_decorator.py
[2026-03-19T03:15:41.147+0000] {processor.py:840} INFO - DAG(s) 'example_task_group_decorator' retrieved from /home/airflow/.local/lib/python3.12/site-packages/airflow/example_dags/example_task_group_decorator.py
[2026-03-19T03:15:41.164+0000] {logging_mixin.py:188} INFO - [2026-03-19T03:15:41.164+0000] {dag.py:3096} INFO - Sync 1 DAGs
[2026-03-19T03:15:41.179+0000] {logging_mixin.py:188} INFO - [2026-03-19T03:15:41.178+0000] {dag.py:3954} INFO - Setting next_dagrun for example_task_group_decorator to 2026-03-18 00:00:00+00:00, run_after=2026-03-19 00:00:00+00:00
[2026-03-19T03:15:41.191+0000] {processor.py:183} INFO - Processing /home/airflow/.local/lib/python3.12/site-packages/airflow/example_dags/example_task_group_decorator.py took 0.065 seconds
[2026-03-19T03:31:54.720+0000] {processor.py:161} INFO - Started process (PID=36199) to work on /home/airflow/.local/lib/python3.12/site-packages/airflow/example_dags/example_task_group_decorator.py
[2026-03-19T03:31:54.722+0000] {processor.py:830} INFO - Processing file /home/airflow/.local/lib/python3.12/site-packages/airflow/example_dags/example_task_group_decorator.py for tasks to queue
[2026-03-19T03:31:54.723+0000] {logging_mixin.py:188} INFO - [2026-03-19T03:31:54.723+0000] {dagbag.py:545} INFO - Filling up the DagBag from /home/airflow/.local/lib/python3.12/site-packages/airflow/example_dags/example_task_group_decorator.py
[2026-03-19T03:31:54.756+0000] {processor.py:840} INFO - DAG(s) 'example_task_group_decorator' retrieved from /home/airflow/.local/lib/python3.12/site-packages/airflow/example_dags/example_task_group_decorator.py
[2026-03-19T03:31:54.806+0000] {logging_mixin.py:188} INFO - [2026-03-19T03:31:54.806+0000] {dag.py:3096} INFO - Sync 1 DAGs
[2026-03-19T03:31:54.832+0000] {logging_mixin.py:188} INFO - [2026-03-19T03:31:54.831+0000] {dag.py:3954} INFO - Setting next_dagrun for example_task_group_decorator to 2026-03-18 00:00:00+00:00, run_after=2026-03-19 00:00:00+00:00
[2026-03-19T03:31:54.880+0000] {processor.py:183} INFO - Processing /home/airflow/.local/lib/python3.12/site-packages/airflow/example_dags/example_task_group_decorator.py took 0.169 seconds
[2026-03-19T04:16:38.977+0000] {processor.py:161} INFO - Started process (PID=36266) to work on /home/airflow/.local/lib/python3.12/site-packages/airflow/example_dags/example_task_group_decorator.py
[2026-03-19T04:16:38.979+0000] {processor.py:830} INFO - Processing file /home/airflow/.local/lib/python3.12/site-packages/airflow/example_dags/example_task_group_decorator.py for tasks to queue
[2026-03-19T04:16:38.981+0000] {logging_mixin.py:188} INFO - [2026-03-19T04:16:38.980+0000] {dagbag.py:545} INFO - Filling up the DagBag from /home/airflow/.local/lib/python3.12/site-packages/airflow/example_dags/example_task_group_decorator.py
[2026-03-19T04:16:39.001+0000] {processor.py:840} INFO - DAG(s) 'example_task_group_decorator' retrieved from /home/airflow/.local/lib/python3.12/site-packages/airflow/example_dags/example_task_group_decorator.py
[2026-03-19T04:16:39.046+0000] {logging_mixin.py:188} INFO - [2026-03-19T04:16:39.046+0000] {dag.py:3096} INFO - Sync 1 DAGs
[2026-03-19T04:16:39.086+0000] {logging_mixin.py:188} INFO - [2026-03-19T04:16:39.085+0000] {dag.py:3954} INFO - Setting next_dagrun for example_task_group_decorator to 2026-03-18 00:00:00+00:00, run_after=2026-03-19 00:00:00+00:00
[2026-03-19T04:16:39.133+0000] {processor.py:183} INFO - Processing /home/airflow/.local/lib/python3.12/site-packages/airflow/example_dags/example_task_group_decorator.py took 0.168 seconds
[2026-03-19T04:17:10.412+0000] {processor.py:161} INFO - Started process (PID=36333) to work on /home/airflow/.local/lib/python3.12/site-packages/airflow/example_dags/example_task_group_decorator.py
[2026-03-19T04:17:10.418+0000] {processor.py:830} INFO - Processing file /home/airflow/.local/lib/python3.12/site-packages/airflow/example_dags/example_task_group_decorator.py for tasks to queue
[2026-03-19T04:17:10.421+0000] {logging_mixin.py:188} INFO - [2026-03-19T04:17:10.421+0000] {dagbag.py:545} INFO - Filling up the DagBag from /home/airflow/.local/lib/python3.12/site-packages/airflow/example_dags/example_task_group_decorator.py
[2026-03-19T04:17:10.508+0000] {processor.py:840} INFO - DAG(s) 'example_task_group_decorator' retrieved from /home/airflow/.local/lib/python3.12/site-packages/airflow/example_dags/example_task_group_decorator.py
[2026-03-19T04:17:10.621+0000] {logging_mixin.py:188} INFO - [2026-03-19T04:17:10.620+0000] {dag.py:3096} INFO - Sync 1 DAGs
[2026-03-19T04:17:10.757+0000] {logging_mixin.py:188} INFO - [2026-03-19T04:17:10.756+0000] {dag.py:3954} INFO - Setting next_dagrun for example_task_group_decorator to 2026-03-18 00:00:00+00:00, run_after=2026-03-19 00:00:00+00:00
[2026-03-19T04:17:10.810+0000] {processor.py:183} INFO - Processing /home/airflow/.local/lib/python3.12/site-packages/airflow/example_dags/example_task_group_decorator.py took 0.453 seconds
[2026-03-19T05:17:35.728+0000] {processor.py:161} INFO - Started process (PID=36392) to work on /home/airflow/.local/lib/python3.12/site-packages/airflow/example_dags/example_task_group_decorator.py
[2026-03-19T05:17:35.729+0000] {processor.py:830} INFO - Processing file /home/airflow/.local/lib/python3.12/site-packages/airflow/example_dags/example_task_group_decorator.py for tasks to queue
[2026-03-19T05:17:35.729+0000] {logging_mixin.py:188} INFO - [2026-03-19T05:17:35.729+0000] {dagbag.py:545} INFO - Filling up the DagBag from /home/airflow/.local/lib/python3.12/site-packages/airflow/example_dags/example_task_group_decorator.py
[2026-03-19T05:17:35.738+0000] {processor.py:840} INFO - DAG(s) 'example_task_group_decorator' retrieved from /home/airflow/.local/lib/python3.12/site-packages/airflow/example_dags/example_task_group_decorator.py
[2026-03-19T05:17:35.762+0000] {logging_mixin.py:188} INFO - [2026-03-19T05:17:35.762+0000] {dag.py:3096} INFO - Sync 1 DAGs
[2026-03-19T05:17:35.778+0000] {logging_mixin.py:188} INFO - [2026-03-19T05:17:35.778+0000] {dag.py:3954} INFO - Setting next_dagrun for example_task_group_decorator to 2026-03-18 00:00:00+00:00, run_after=2026-03-19 00:00:00+00:00
[2026-03-19T05:17:35.790+0000] {processor.py:183} INFO - Processing /home/airflow/.local/lib/python3.12/site-packages/airflow/example_dags/example_task_group_decorator.py took 0.067 seconds
[2026-03-19T05:18:06.694+0000] {processor.py:161} INFO - Started process (PID=36451) to work on /home/airflow/.local/lib/python3.12/site-packages/airflow/example_dags/example_task_group_decorator.py
[2026-03-19T05:18:06.695+0000] {processor.py:830} INFO - Processing file /home/airflow/.local/lib/python3.12/site-packages/airflow/example_dags/example_task_group_decorator.py for tasks to queue
[2026-03-19T05:18:06.696+0000] {logging_mixin.py:188} INFO - [2026-03-19T05:18:06.695+0000] {dagbag.py:545} INFO - Filling up the DagBag from /home/airflow/.local/lib/python3.12/site-packages/airflow/example_dags/example_task_group_decorator.py
[2026-03-19T05:18:06.706+0000] {processor.py:840} INFO - DAG(s) 'example_task_group_decorator' retrieved from /home/airflow/.local/lib/python3.12/site-packages/airflow/example_dags/example_task_group_decorator.py
[2026-03-19T05:18:06.721+0000] {logging_mixin.py:188} INFO - [2026-03-19T05:18:06.721+0000] {dag.py:3096} INFO - Sync 1 DAGs
[2026-03-19T05:18:06.734+0000] {logging_mixin.py:188} INFO - [2026-03-19T05:18:06.734+0000] {dag.py:3954} INFO - Setting next_dagrun for example_task_group_decorator to 2026-03-18 00:00:00+00:00, run_after=2026-03-19 00:00:00+00:00
[2026-03-19T05:18:06.743+0000] {processor.py:183} INFO - Processing /home/airflow/.local/lib/python3.12/site-packages/airflow/example_dags/example_task_group_decorator.py took 0.053 seconds
[2026-03-19T06:18:31.671+0000] {processor.py:161} INFO - Started process (PID=36510) to work on /home/airflow/.local/lib/python3.12/site-packages/airflow/example_dags/example_task_group_decorator.py
[2026-03-19T06:18:31.672+0000] {processor.py:830} INFO - Processing file /home/airflow/.local/lib/python3.12/site-packages/airflow/example_dags/example_task_group_decorator.py for tasks to queue
[2026-03-19T06:18:31.673+0000] {logging_mixin.py:188} INFO - [2026-03-19T06:18:31.673+0000] {dagbag.py:545} INFO - Filling up the DagBag from /home/airflow/.local/lib/python3.12/site-packages/airflow/example_dags/example_task_group_decorator.py
[2026-03-19T06:18:31.683+0000] {processor.py:840} INFO - DAG(s) 'example_task_group_decorator' retrieved from /home/airflow/.local/lib/python3.12/site-packages/airflow/example_dags/example_task_group_decorator.py
[2026-03-19T06:18:31.707+0000] {logging_mixin.py:188} INFO - [2026-03-19T06:18:31.707+0000] {dag.py:3096} INFO - Sync 1 DAGs
[2026-03-19T06:18:31.728+0000] {logging_mixin.py:188} INFO - [2026-03-19T06:18:31.728+0000] {dag.py:3954} INFO - Setting next_dagrun for example_task_group_decorator to 2026-03-18 00:00:00+00:00, run_after=2026-03-19 00:00:00+00:00
[2026-03-19T06:18:31.743+0000] {processor.py:183} INFO - Processing /home/airflow/.local/lib/python3.12/site-packages/airflow/example_dags/example_task_group_decorator.py took 0.077 seconds
[2026-03-19T06:19:02.036+0000] {processor.py:161} INFO - Started process (PID=36577) to work on /home/airflow/.local/lib/python3.12/site-packages/airflow/example_dags/example_task_group_decorator.py
[2026-03-19T06:19:02.040+0000] {processor.py:830} INFO - Processing file /home/airflow/.local/lib/python3.12/site-packages/airflow/example_dags/example_task_group_decorator.py for tasks to queue
[2026-03-19T06:19:02.042+0000] {logging_mixin.py:188} INFO - [2026-03-19T06:19:02.042+0000] {dagbag.py:545} INFO - Filling up the DagBag from /home/airflow/.local/lib/python3.12/site-packages/airflow/example_dags/example_task_group_decorator.py
[2026-03-19T06:19:02.057+0000] {processor.py:840} INFO - DAG(s) 'example_task_group_decorator' retrieved from /home/airflow/.local/lib/python3.12/site-packages/airflow/example_dags/example_task_group_decorator.py
[2026-03-19T06:19:02.080+0000] {logging_mixin.py:188} INFO - [2026-03-19T06:19:02.080+0000] {dag.py:3096} INFO - Sync 1 DAGs
[2026-03-19T06:19:02.111+0000] {logging_mixin.py:188} INFO - [2026-03-19T06:19:02.111+0000] {dag.py:3954} INFO - Setting next_dagrun for example_task_group_decorator to 2026-03-18 00:00:00+00:00, run_after=2026-03-19 00:00:00+00:00
[2026-03-19T06:19:02.137+0000] {processor.py:183} INFO - Processing /home/airflow/.local/lib/python3.12/site-packages/airflow/example_dags/example_task_group_decorator.py took 0.106 seconds
[2026-03-19T07:19:28.933+0000] {processor.py:161} INFO - Started process (PID=36636) to work on /home/airflow/.local/lib/python3.12/site-packages/airflow/example_dags/example_task_group_decorator.py
[2026-03-19T07:19:28.934+0000] {processor.py:830} INFO - Processing file /home/airflow/.local/lib/python3.12/site-packages/airflow/example_dags/example_task_group_decorator.py for tasks to queue
[2026-03-19T07:19:28.935+0000] {logging_mixin.py:188} INFO - [2026-03-19T07:19:28.935+0000] {dagbag.py:545} INFO - Filling up the DagBag from /home/airflow/.local/lib/python3.12/site-packages/airflow/example_dags/example_task_group_decorator.py
[2026-03-19T07:19:28.955+0000] {processor.py:840} INFO - DAG(s) 'example_task_group_decorator' retrieved from /home/airflow/.local/lib/python3.12/site-packages/airflow/example_dags/example_task_group_decorator.py
[2026-03-19T07:19:29.024+0000] {logging_mixin.py:188} INFO - [2026-03-19T07:19:29.024+0000] {dag.py:3096} INFO - Sync 1 DAGs
[2026-03-19T07:19:29.077+0000] {logging_mixin.py:188} INFO - [2026-03-19T07:19:29.077+0000] {dag.py:3954} INFO - Setting next_dagrun for example_task_group_decorator to 2026-03-18 00:00:00+00:00, run_after=2026-03-19 00:00:00+00:00
[2026-03-19T07:19:29.114+0000] {processor.py:183} INFO - Processing /home/airflow/.local/lib/python3.12/site-packages/airflow/example_dags/example_task_group_decorator.py took 0.190 seconds
[2026-03-19T07:19:59.226+0000] {processor.py:161} INFO - Started process (PID=36704) to work on /home/airflow/.local/lib/python3.12/site-packages/airflow/example_dags/example_task_group_decorator.py
[2026-03-19T07:19:59.226+0000] {processor.py:830} INFO - Processing file /home/airflow/.local/lib/python3.12/site-packages/airflow/example_dags/example_task_group_decorator.py for tasks to queue
[2026-03-19T07:19:59.227+0000] {logging_mixin.py:188} INFO - [2026-03-19T07:19:59.227+0000] {dagbag.py:545} INFO - Filling up the DagBag from /home/airflow/.local/lib/python3.12/site-packages/airflow/example_dags/example_task_group_decorator.py
[2026-03-19T07:19:59.235+0000] {processor.py:840} INFO - DAG(s) 'example_task_group_decorator' retrieved from /home/airflow/.local/lib/python3.12/site-packages/airflow/example_dags/example_task_group_decorator.py
[2026-03-19T07:19:59.246+0000] {logging_mixin.py:188} INFO - [2026-03-19T07:19:59.246+0000] {dag.py:3096} INFO - Sync 1 DAGs
[2026-03-19T07:19:59.256+0000] {logging_mixin.py:188} INFO - [2026-03-19T07:19:59.256+0000] {dag.py:3954} INFO - Setting next_dagrun for example_task_group_decorator to 2026-03-18 00:00:00+00:00, run_after=2026-03-19 00:00:00+00:00
[2026-03-19T07:19:59.263+0000] {processor.py:183} INFO - Processing /home/airflow/.local/lib/python3.12/site-packages/airflow/example_dags/example_task_group_decorator.py took 0.041 seconds
[2026-03-19T07:37:28.074+0000] {processor.py:161} INFO - Started process (PID=36762) to work on /home/airflow/.local/lib/python3.12/site-packages/airflow/example_dags/example_task_group_decorator.py
[2026-03-19T07:37:28.076+0000] {processor.py:830} INFO - Processing file /home/airflow/.local/lib/python3.12/site-packages/airflow/example_dags/example_task_group_decorator.py for tasks to queue
[2026-03-19T07:37:28.077+0000] {logging_mixin.py:188} INFO - [2026-03-19T07:37:28.077+0000] {dagbag.py:545} INFO - Filling up the DagBag from /home/airflow/.local/lib/python3.12/site-packages/airflow/example_dags/example_task_group_decorator.py
[2026-03-19T07:37:28.105+0000] {processor.py:840} INFO - DAG(s) 'example_task_group_decorator' retrieved from /home/airflow/.local/lib/python3.12/site-packages/airflow/example_dags/example_task_group_decorator.py
[2026-03-19T07:37:28.153+0000] {logging_mixin.py:188} INFO - [2026-03-19T07:37:28.152+0000] {dag.py:3096} INFO - Sync 1 DAGs
[2026-03-19T07:37:28.217+0000] {logging_mixin.py:188} INFO - [2026-03-19T07:37:28.216+0000] {dag.py:3954} INFO - Setting next_dagrun for example_task_group_decorator to 2026-03-18 00:00:00+00:00, run_after=2026-03-19 00:00:00+00:00
[2026-03-19T07:37:28.260+0000] {processor.py:183} INFO - Processing /home/airflow/.local/lib/python3.12/site-packages/airflow/example_dags/example_task_group_decorator.py took 0.197 seconds
[2026-03-19T07:37:59.013+0000] {processor.py:161} INFO - Started process (PID=36829) to work on /home/airflow/.local/lib/python3.12/site-packages/airflow/example_dags/example_task_group_decorator.py
[2026-03-19T07:37:59.016+0000] {processor.py:830} INFO - Processing file /home/airflow/.local/lib/python3.12/site-packages/airflow/example_dags/example_task_group_decorator.py for tasks to queue
[2026-03-19T07:37:59.017+0000] {logging_mixin.py:188} INFO - [2026-03-19T07:37:59.017+0000] {dagbag.py:545} INFO - Filling up the DagBag from /home/airflow/.local/lib/python3.12/site-packages/airflow/example_dags/example_task_group_decorator.py
[2026-03-19T07:37:59.032+0000] {processor.py:840} INFO - DAG(s) 'example_task_group_decorator' retrieved from /home/airflow/.local/lib/python3.12/site-packages/airflow/example_dags/example_task_group_decorator.py
[2026-03-19T07:37:59.053+0000] {logging_mixin.py:188} INFO - [2026-03-19T07:37:59.053+0000] {dag.py:3096} INFO - Sync 1 DAGs
[2026-03-19T07:37:59.067+0000] {logging_mixin.py:188} INFO - [2026-03-19T07:37:59.067+0000] {dag.py:3954} INFO - Setting next_dagrun for example_task_group_decorator to 2026-03-18 00:00:00+00:00, run_after=2026-03-19 00:00:00+00:00
[2026-03-19T07:37:59.083+0000] {processor.py:183} INFO - Processing /home/airflow/.local/lib/python3.12/site-packages/airflow/example_dags/example_task_group_decorator.py took 0.076 seconds
[2026-03-19T07:48:55.295+0000] {processor.py:161} INFO - Started process (PID=36888) to work on /home/airflow/.local/lib/python3.12/site-packages/airflow/example_dags/example_task_group_decorator.py
[2026-03-19T07:48:55.296+0000] {processor.py:830} INFO - Processing file /home/airflow/.local/lib/python3.12/site-packages/airflow/example_dags/example_task_group_decorator.py for tasks to queue
[2026-03-19T07:48:55.296+0000] {logging_mixin.py:188} INFO - [2026-03-19T07:48:55.296+0000] {dagbag.py:545} INFO - Filling up the DagBag from /home/airflow/.local/lib/python3.12/site-packages/airflow/example_dags/example_task_group_decorator.py
[2026-03-19T07:48:55.307+0000] {processor.py:840} INFO - DAG(s) 'example_task_group_decorator' retrieved from /home/airflow/.local/lib/python3.12/site-packages/airflow/example_dags/example_task_group_decorator.py
[2026-03-19T07:48:55.323+0000] {logging_mixin.py:188} INFO - [2026-03-19T07:48:55.322+0000] {dag.py:3096} INFO - Sync 1 DAGs
[2026-03-19T07:48:55.336+0000] {logging_mixin.py:188} INFO - [2026-03-19T07:48:55.336+0000] {dag.py:3954} INFO - Setting next_dagrun for example_task_group_decorator to 2026-03-18 00:00:00+00:00, run_after=2026-03-19 00:00:00+00:00
[2026-03-19T07:48:55.347+0000] {processor.py:183} INFO - Processing /home/airflow/.local/lib/python3.12/site-packages/airflow/example_dags/example_task_group_decorator.py took 0.057 seconds
[2026-03-19T07:49:26.148+0000] {processor.py:161} INFO - Started process (PID=36947) to work on /home/airflow/.local/lib/python3.12/site-packages/airflow/example_dags/example_task_group_decorator.py
[2026-03-19T07:49:26.150+0000] {processor.py:830} INFO - Processing file /home/airflow/.local/lib/python3.12/site-packages/airflow/example_dags/example_task_group_decorator.py for tasks to queue
[2026-03-19T07:49:26.151+0000] {logging_mixin.py:188} INFO - [2026-03-19T07:49:26.151+0000] {dagbag.py:545} INFO - Filling up the DagBag from /home/airflow/.local/lib/python3.12/site-packages/airflow/example_dags/example_task_group_decorator.py
[2026-03-19T07:49:26.163+0000] {processor.py:840} INFO - DAG(s) 'example_task_group_decorator' retrieved from /home/airflow/.local/lib/python3.12/site-packages/airflow/example_dags/example_task_group_decorator.py
[2026-03-19T07:49:26.198+0000] {logging_mixin.py:188} INFO - [2026-03-19T07:49:26.198+0000] {dag.py:3096} INFO - Sync 1 DAGs
[2026-03-19T07:49:26.228+0000] {logging_mixin.py:188} INFO - [2026-03-19T07:49:26.227+0000] {dag.py:3954} INFO - Setting next_dagrun for example_task_group_decorator to 2026-03-18 00:00:00+00:00, run_after=2026-03-19 00:00:00+00:00
[2026-03-19T07:49:26.253+0000] {processor.py:183} INFO - Processing /home/airflow/.local/lib/python3.12/site-packages/airflow/example_dags/example_task_group_decorator.py took 0.117 seconds
[2026-03-19T07:49:57.291+0000] {processor.py:161} INFO - Started process (PID=37006) to work on /home/airflow/.local/lib/python3.12/site-packages/airflow/example_dags/example_task_group_decorator.py
[2026-03-19T07:49:57.293+0000] {processor.py:830} INFO - Processing file /home/airflow/.local/lib/python3.12/site-packages/airflow/example_dags/example_task_group_decorator.py for tasks to queue
[2026-03-19T07:49:57.293+0000] {logging_mixin.py:188} INFO - [2026-03-19T07:49:57.293+0000] {dagbag.py:545} INFO - Filling up the DagBag from /home/airflow/.local/lib/python3.12/site-packages/airflow/example_dags/example_task_group_decorator.py
[2026-03-19T07:49:57.307+0000] {processor.py:840} INFO - DAG(s) 'example_task_group_decorator' retrieved from /home/airflow/.local/lib/python3.12/site-packages/airflow/example_dags/example_task_group_decorator.py
[2026-03-19T07:49:57.325+0000] {logging_mixin.py:188} INFO - [2026-03-19T07:49:57.325+0000] {dag.py:3096} INFO - Sync 1 DAGs
[2026-03-19T07:49:57.337+0000] {logging_mixin.py:188} INFO - [2026-03-19T07:49:57.337+0000] {dag.py:3954} INFO - Setting next_dagrun for example_task_group_decorator to 2026-03-18 00:00:00+00:00, run_after=2026-03-19 00:00:00+00:00
[2026-03-19T07:49:57.352+0000] {processor.py:183} INFO - Processing /home/airflow/.local/lib/python3.12/site-packages/airflow/example_dags/example_task_group_decorator.py took 0.065 seconds
[2026-03-19T07:50:27.712+0000] {processor.py:161} INFO - Started process (PID=37065) to work on /home/airflow/.local/lib/python3.12/site-packages/airflow/example_dags/example_task_group_decorator.py
[2026-03-19T07:50:27.713+0000] {processor.py:830} INFO - Processing file /home/airflow/.local/lib/python3.12/site-packages/airflow/example_dags/example_task_group_decorator.py for tasks to queue
[2026-03-19T07:50:27.714+0000] {logging_mixin.py:188} INFO - [2026-03-19T07:50:27.713+0000] {dagbag.py:545} INFO - Filling up the DagBag from /home/airflow/.local/lib/python3.12/site-packages/airflow/example_dags/example_task_group_decorator.py
[2026-03-19T07:50:27.722+0000] {processor.py:840} INFO - DAG(s) 'example_task_group_decorator' retrieved from /home/airflow/.local/lib/python3.12/site-packages/airflow/example_dags/example_task_group_decorator.py
[2026-03-19T07:50:27.747+0000] {logging_mixin.py:188} INFO - [2026-03-19T07:50:27.747+0000] {dag.py:3096} INFO - Sync 1 DAGs
[2026-03-19T07:50:27.760+0000] {logging_mixin.py:188} INFO - [2026-03-19T07:50:27.760+0000] {dag.py:3954} INFO - Setting next_dagrun for example_task_group_decorator to 2026-03-18 00:00:00+00:00, run_after=2026-03-19 00:00:00+00:00
[2026-03-19T07:50:27.771+0000] {processor.py:183} INFO - Processing /home/airflow/.local/lib/python3.12/site-packages/airflow/example_dags/example_task_group_decorator.py took 0.064 seconds
[2026-03-19T07:50:58.384+0000] {processor.py:161} INFO - Started process (PID=37124) to work on /home/airflow/.local/lib/python3.12/site-packages/airflow/example_dags/example_task_group_decorator.py
[2026-03-19T07:50:58.385+0000] {processor.py:830} INFO - Processing file /home/airflow/.local/lib/python3.12/site-packages/airflow/example_dags/example_task_group_decorator.py for tasks to queue
[2026-03-19T07:50:58.385+0000] {logging_mixin.py:188} INFO - [2026-03-19T07:50:58.385+0000] {dagbag.py:545} INFO - Filling up the DagBag from /home/airflow/.local/lib/python3.12/site-packages/airflow/example_dags/example_task_group_decorator.py
[2026-03-19T07:50:58.393+0000] {processor.py:840} INFO - DAG(s) 'example_task_group_decorator' retrieved from /home/airflow/.local/lib/python3.12/site-packages/airflow/example_dags/example_task_group_decorator.py
[2026-03-19T07:50:58.405+0000] {logging_mixin.py:188} INFO - [2026-03-19T07:50:58.405+0000] {dag.py:3096} INFO - Sync 1 DAGs
[2026-03-19T07:50:58.416+0000] {logging_mixin.py:188} INFO - [2026-03-19T07:50:58.416+0000] {dag.py:3954} INFO - Setting next_dagrun for example_task_group_decorator to 2026-03-18 00:00:00+00:00, run_after=2026-03-19 00:00:00+00:00
[2026-03-19T07:50:58.425+0000] {processor.py:183} INFO - Processing /home/airflow/.local/lib/python3.12/site-packages/airflow/example_dags/example_task_group_decorator.py took 0.045 seconds
[2026-03-19T07:51:28.778+0000] {processor.py:161} INFO - Started process (PID=37183) to work on /home/airflow/.local/lib/python3.12/site-packages/airflow/example_dags/example_task_group_decorator.py
[2026-03-19T07:51:28.779+0000] {processor.py:830} INFO - Processing file /home/airflow/.local/lib/python3.12/site-packages/airflow/example_dags/example_task_group_decorator.py for tasks to queue
[2026-03-19T07:51:28.780+0000] {logging_mixin.py:188} INFO - [2026-03-19T07:51:28.780+0000] {dagbag.py:545} INFO - Filling up the DagBag from /home/airflow/.local/lib/python3.12/site-packages/airflow/example_dags/example_task_group_decorator.py
[2026-03-19T07:51:28.793+0000] {processor.py:840} INFO - DAG(s) 'example_task_group_decorator' retrieved from /home/airflow/.local/lib/python3.12/site-packages/airflow/example_dags/example_task_group_decorator.py
[2026-03-19T07:51:28.808+0000] {logging_mixin.py:188} INFO - [2026-03-19T07:51:28.808+0000] {dag.py:3096} INFO - Sync 1 DAGs
[2026-03-19T07:51:28.818+0000] {logging_mixin.py:188} INFO - [2026-03-19T07:51:28.818+0000] {dag.py:3954} INFO - Setting next_dagrun for example_task_group_decorator to 2026-03-18 00:00:00+00:00, run_after=2026-03-19 00:00:00+00:00
[2026-03-19T07:51:28.826+0000] {processor.py:183} INFO - Processing /home/airflow/.local/lib/python3.12/site-packages/airflow/example_dags/example_task_group_decorator.py took 0.054 seconds
[2026-03-19T07:51:59.706+0000] {processor.py:161} INFO - Started process (PID=37242) to work on /home/airflow/.local/lib/python3.12/site-packages/airflow/example_dags/example_task_group_decorator.py
[2026-03-19T07:51:59.707+0000] {processor.py:830} INFO - Processing file /home/airflow/.local/lib/python3.12/site-packages/airflow/example_dags/example_task_group_decorator.py for tasks to queue
[2026-03-19T07:51:59.707+0000] {logging_mixin.py:188} INFO - [2026-03-19T07:51:59.707+0000] {dagbag.py:545} INFO - Filling up the DagBag from /home/airflow/.local/lib/python3.12/site-packages/airflow/example_dags/example_task_group_decorator.py
[2026-03-19T07:51:59.721+0000] {processor.py:840} INFO - DAG(s) 'example_task_group_decorator' retrieved from /home/airflow/.local/lib/python3.12/site-packages/airflow/example_dags/example_task_group_decorator.py
[2026-03-19T07:51:59.733+0000] {logging_mixin.py:188} INFO - [2026-03-19T07:51:59.733+0000] {dag.py:3096} INFO - Sync 1 DAGs
[2026-03-19T07:51:59.743+0000] {logging_mixin.py:188} INFO - [2026-03-19T07:51:59.743+0000] {dag.py:3954} INFO - Setting next_dagrun for example_task_group_decorator to 2026-03-18 00:00:00+00:00, run_after=2026-03-19 00:00:00+00:00
[2026-03-19T07:51:59.750+0000] {processor.py:183} INFO - Processing /home/airflow/.local/lib/python3.12/site-packages/airflow/example_dags/example_task_group_decorator.py took 0.048 seconds
[2026-03-19T07:52:30.179+0000] {processor.py:161} INFO - Started process (PID=37301) to work on /home/airflow/.local/lib/python3.12/site-packages/airflow/example_dags/example_task_group_decorator.py
[2026-03-19T07:52:30.180+0000] {processor.py:830} INFO - Processing file /home/airflow/.local/lib/python3.12/site-packages/airflow/example_dags/example_task_group_decorator.py for tasks to queue
[2026-03-19T07:52:30.180+0000] {logging_mixin.py:188} INFO - [2026-03-19T07:52:30.180+0000] {dagbag.py:545} INFO - Filling up the DagBag from /home/airflow/.local/lib/python3.12/site-packages/airflow/example_dags/example_task_group_decorator.py
[2026-03-19T07:52:30.189+0000] {processor.py:840} INFO - DAG(s) 'example_task_group_decorator' retrieved from /home/airflow/.local/lib/python3.12/site-packages/airflow/example_dags/example_task_group_decorator.py
[2026-03-19T07:52:30.202+0000] {logging_mixin.py:188} INFO - [2026-03-19T07:52:30.202+0000] {dag.py:3096} INFO - Sync 1 DAGs
[2026-03-19T07:52:30.215+0000] {logging_mixin.py:188} INFO - [2026-03-19T07:52:30.215+0000] {dag.py:3954} INFO - Setting next_dagrun for example_task_group_decorator to 2026-03-18 00:00:00+00:00, run_after=2026-03-19 00:00:00+00:00
[2026-03-19T07:52:30.225+0000] {processor.py:183} INFO - Processing /home/airflow/.local/lib/python3.12/site-packages/airflow/example_dags/example_task_group_decorator.py took 0.050 seconds
[2026-03-19T07:53:00.798+0000] {processor.py:161} INFO - Started process (PID=37360) to work on /home/airflow/.local/lib/python3.12/site-packages/airflow/example_dags/example_task_group_decorator.py
[2026-03-19T07:53:00.799+0000] {processor.py:830} INFO - Processing file /home/airflow/.local/lib/python3.12/site-packages/airflow/example_dags/example_task_group_decorator.py for tasks to queue
[2026-03-19T07:53:00.799+0000] {logging_mixin.py:188} INFO - [2026-03-19T07:53:00.799+0000] {dagbag.py:545} INFO - Filling up the DagBag from /home/airflow/.local/lib/python3.12/site-packages/airflow/example_dags/example_task_group_decorator.py
[2026-03-19T07:53:00.810+0000] {processor.py:840} INFO - DAG(s) 'example_task_group_decorator' retrieved from /home/airflow/.local/lib/python3.12/site-packages/airflow/example_dags/example_task_group_decorator.py
[2026-03-19T07:53:00.824+0000] {logging_mixin.py:188} INFO - [2026-03-19T07:53:00.824+0000] {dag.py:3096} INFO - Sync 1 DAGs
[2026-03-19T07:53:00.839+0000] {logging_mixin.py:188} INFO - [2026-03-19T07:53:00.839+0000] {dag.py:3954} INFO - Setting next_dagrun for example_task_group_decorator to 2026-03-18 00:00:00+00:00, run_after=2026-03-19 00:00:00+00:00
[2026-03-19T07:53:00.851+0000] {processor.py:183} INFO - Processing /home/airflow/.local/lib/python3.12/site-packages/airflow/example_dags/example_task_group_decorator.py took 0.058 seconds
[2026-03-19T07:53:31.560+0000] {processor.py:161} INFO - Started process (PID=37419) to work on /home/airflow/.local/lib/python3.12/site-packages/airflow/example_dags/example_task_group_decorator.py
[2026-03-19T07:53:31.561+0000] {processor.py:830} INFO - Processing file /home/airflow/.local/lib/python3.12/site-packages/airflow/example_dags/example_task_group_decorator.py for tasks to queue
[2026-03-19T07:53:31.562+0000] {logging_mixin.py:188} INFO - [2026-03-19T07:53:31.562+0000] {dagbag.py:545} INFO - Filling up the DagBag from /home/airflow/.local/lib/python3.12/site-packages/airflow/example_dags/example_task_group_decorator.py
[2026-03-19T07:53:31.570+0000] {processor.py:840} INFO - DAG(s) 'example_task_group_decorator' retrieved from /home/airflow/.local/lib/python3.12/site-packages/airflow/example_dags/example_task_group_decorator.py
[2026-03-19T07:53:31.583+0000] {logging_mixin.py:188} INFO - [2026-03-19T07:53:31.583+0000] {dag.py:3096} INFO - Sync 1 DAGs
[2026-03-19T07:53:31.593+0000] {logging_mixin.py:188} INFO - [2026-03-19T07:53:31.593+0000] {dag.py:3954} INFO - Setting next_dagrun for example_task_group_decorator to 2026-03-18 00:00:00+00:00, run_after=2026-03-19 00:00:00+00:00
[2026-03-19T07:53:31.601+0000] {processor.py:183} INFO - Processing /home/airflow/.local/lib/python3.12/site-packages/airflow/example_dags/example_task_group_decorator.py took 0.045 seconds
[2026-03-19T07:54:01.843+0000] {processor.py:161} INFO - Started process (PID=37478) to work on /home/airflow/.local/lib/python3.12/site-packages/airflow/example_dags/example_task_group_decorator.py
[2026-03-19T07:54:01.844+0000] {processor.py:830} INFO - Processing file /home/airflow/.local/lib/python3.12/site-packages/airflow/example_dags/example_task_group_decorator.py for tasks to queue
[2026-03-19T07:54:01.844+0000] {logging_mixin.py:188} INFO - [2026-03-19T07:54:01.844+0000] {dagbag.py:545} INFO - Filling up the DagBag from /home/airflow/.local/lib/python3.12/site-packages/airflow/example_dags/example_task_group_decorator.py
[2026-03-19T07:54:01.856+0000] {processor.py:840} INFO - DAG(s) 'example_task_group_decorator' retrieved from /home/airflow/.local/lib/python3.12/site-packages/airflow/example_dags/example_task_group_decorator.py
[2026-03-19T07:54:01.882+0000] {logging_mixin.py:188} INFO - [2026-03-19T07:54:01.882+0000] {dag.py:3096} INFO - Sync 1 DAGs
[2026-03-19T07:54:01.903+0000] {logging_mixin.py:188} INFO - [2026-03-19T07:54:01.903+0000] {dag.py:3954} INFO - Setting next_dagrun for example_task_group_decorator to 2026-03-18 00:00:00+00:00, run_after=2026-03-19 00:00:00+00:00
[2026-03-19T07:54:01.923+0000] {processor.py:183} INFO - Processing /home/airflow/.local/lib/python3.12/site-packages/airflow/example_dags/example_task_group_decorator.py took 0.087 seconds
[2026-03-19T07:54:32.260+0000] {processor.py:161} INFO - Started process (PID=37537) to work on /home/airflow/.local/lib/python3.12/site-packages/airflow/example_dags/example_task_group_decorator.py
[2026-03-19T07:54:32.262+0000] {processor.py:830} INFO - Processing file /home/airflow/.local/lib/python3.12/site-packages/airflow/example_dags/example_task_group_decorator.py for tasks to queue
[2026-03-19T07:54:32.262+0000] {logging_mixin.py:188} INFO - [2026-03-19T07:54:32.262+0000] {dagbag.py:545} INFO - Filling up the DagBag from /home/airflow/.local/lib/python3.12/site-packages/airflow/example_dags/example_task_group_decorator.py
[2026-03-19T07:54:32.270+0000] {processor.py:840} INFO - DAG(s) 'example_task_group_decorator' retrieved from /home/airflow/.local/lib/python3.12/site-packages/airflow/example_dags/example_task_group_decorator.py
[2026-03-19T07:54:32.287+0000] {logging_mixin.py:188} INFO - [2026-03-19T07:54:32.287+0000] {dag.py:3096} INFO - Sync 1 DAGs
[2026-03-19T07:54:32.300+0000] {logging_mixin.py:188} INFO - [2026-03-19T07:54:32.300+0000] {dag.py:3954} INFO - Setting next_dagrun for example_task_group_decorator to 2026-03-18 00:00:00+00:00, run_after=2026-03-19 00:00:00+00:00
[2026-03-19T07:54:32.315+0000] {processor.py:183} INFO - Processing /home/airflow/.local/lib/python3.12/site-packages/airflow/example_dags/example_task_group_decorator.py took 0.058 seconds
[2026-03-19T07:55:02.615+0000] {processor.py:161} INFO - Started process (PID=37596) to work on /home/airflow/.local/lib/python3.12/site-packages/airflow/example_dags/example_task_group_decorator.py
[2026-03-19T07:55:02.616+0000] {processor.py:830} INFO - Processing file /home/airflow/.local/lib/python3.12/site-packages/airflow/example_dags/example_task_group_decorator.py for tasks to queue
[2026-03-19T07:55:02.618+0000] {logging_mixin.py:188} INFO - [2026-03-19T07:55:02.617+0000] {dagbag.py:545} INFO - Filling up the DagBag from /home/airflow/.local/lib/python3.12/site-packages/airflow/example_dags/example_task_group_decorator.py
[2026-03-19T07:55:02.640+0000] {processor.py:840} INFO - DAG(s) 'example_task_group_decorator' retrieved from /home/airflow/.local/lib/python3.12/site-packages/airflow/example_dags/example_task_group_decorator.py
[2026-03-19T07:55:02.652+0000] {logging_mixin.py:188} INFO - [2026-03-19T07:55:02.652+0000] {dag.py:3096} INFO - Sync 1 DAGs
[2026-03-19T07:55:02.662+0000] {logging_mixin.py:188} INFO - [2026-03-19T07:55:02.662+0000] {dag.py:3954} INFO - Setting next_dagrun for example_task_group_decorator to 2026-03-18 00:00:00+00:00, run_after=2026-03-19 00:00:00+00:00
[2026-03-19T07:55:02.670+0000] {processor.py:183} INFO - Processing /home/airflow/.local/lib/python3.12/site-packages/airflow/example_dags/example_task_group_decorator.py took 0.059 seconds
[2026-03-19T07:55:33.283+0000] {processor.py:161} INFO - Started process (PID=37655) to work on /home/airflow/.local/lib/python3.12/site-packages/airflow/example_dags/example_task_group_decorator.py
[2026-03-19T07:55:33.288+0000] {processor.py:830} INFO - Processing file /home/airflow/.local/lib/python3.12/site-packages/airflow/example_dags/example_task_group_decorator.py for tasks to queue
[2026-03-19T07:55:33.289+0000] {logging_mixin.py:188} INFO - [2026-03-19T07:55:33.289+0000] {dagbag.py:545} INFO - Filling up the DagBag from /home/airflow/.local/lib/python3.12/site-packages/airflow/example_dags/example_task_group_decorator.py
[2026-03-19T07:55:33.301+0000] {processor.py:840} INFO - DAG(s) 'example_task_group_decorator' retrieved from /home/airflow/.local/lib/python3.12/site-packages/airflow/example_dags/example_task_group_decorator.py
[2026-03-19T07:55:33.322+0000] {logging_mixin.py:188} INFO - [2026-03-19T07:55:33.322+0000] {dag.py:3096} INFO - Sync 1 DAGs
[2026-03-19T07:55:33.333+0000] {logging_mixin.py:188} INFO - [2026-03-19T07:55:33.332+0000] {dag.py:3954} INFO - Setting next_dagrun for example_task_group_decorator to 2026-03-18 00:00:00+00:00, run_after=2026-03-19 00:00:00+00:00
[2026-03-19T07:55:33.342+0000] {processor.py:183} INFO - Processing /home/airflow/.local/lib/python3.12/site-packages/airflow/example_dags/example_task_group_decorator.py took 0.066 seconds
[2026-03-19T07:56:03.867+0000] {processor.py:161} INFO - Started process (PID=37714) to work on /home/airflow/.local/lib/python3.12/site-packages/airflow/example_dags/example_task_group_decorator.py
[2026-03-19T07:56:03.867+0000] {processor.py:830} INFO - Processing file /home/airflow/.local/lib/python3.12/site-packages/airflow/example_dags/example_task_group_decorator.py for tasks to queue
[2026-03-19T07:56:03.868+0000] {logging_mixin.py:188} INFO - [2026-03-19T07:56:03.868+0000] {dagbag.py:545} INFO - Filling up the DagBag from /home/airflow/.local/lib/python3.12/site-packages/airflow/example_dags/example_task_group_decorator.py
[2026-03-19T07:56:03.877+0000] {processor.py:840} INFO - DAG(s) 'example_task_group_decorator' retrieved from /home/airflow/.local/lib/python3.12/site-packages/airflow/example_dags/example_task_group_decorator.py
[2026-03-19T07:56:03.898+0000] {logging_mixin.py:188} INFO - [2026-03-19T07:56:03.898+0000] {dag.py:3096} INFO - Sync 1 DAGs
[2026-03-19T07:56:03.921+0000] {logging_mixin.py:188} INFO - [2026-03-19T07:56:03.921+0000] {dag.py:3954} INFO - Setting next_dagrun for example_task_group_decorator to 2026-03-18 00:00:00+00:00, run_after=2026-03-19 00:00:00+00:00
[2026-03-19T07:56:03.933+0000] {processor.py:183} INFO - Processing /home/airflow/.local/lib/python3.12/site-packages/airflow/example_dags/example_task_group_decorator.py took 0.071 seconds
[2026-03-19T07:56:34.384+0000] {processor.py:161} INFO - Started process (PID=37773) to work on /home/airflow/.local/lib/python3.12/site-packages/airflow/example_dags/example_task_group_decorator.py
[2026-03-19T07:56:34.392+0000] {processor.py:830} INFO - Processing file /home/airflow/.local/lib/python3.12/site-packages/airflow/example_dags/example_task_group_decorator.py for tasks to queue
[2026-03-19T07:56:34.393+0000] {logging_mixin.py:188} INFO - [2026-03-19T07:56:34.393+0000] {dagbag.py:545} INFO - Filling up the DagBag from /home/airflow/.local/lib/python3.12/site-packages/airflow/example_dags/example_task_group_decorator.py
[2026-03-19T07:56:34.416+0000] {processor.py:840} INFO - DAG(s) 'example_task_group_decorator' retrieved from /home/airflow/.local/lib/python3.12/site-packages/airflow/example_dags/example_task_group_decorator.py
[2026-03-19T07:56:34.451+0000] {logging_mixin.py:188} INFO - [2026-03-19T07:56:34.450+0000] {dag.py:3096} INFO - Sync 1 DAGs
[2026-03-19T07:56:34.473+0000] {logging_mixin.py:188} INFO - [2026-03-19T07:56:34.473+0000] {dag.py:3954} INFO - Setting next_dagrun for example_task_group_decorator to 2026-03-18 00:00:00+00:00, run_after=2026-03-19 00:00:00+00:00
[2026-03-19T07:56:34.496+0000] {processor.py:183} INFO - Processing /home/airflow/.local/lib/python3.12/site-packages/airflow/example_dags/example_task_group_decorator.py took 0.127 seconds
[2026-03-19T07:57:04.555+0000] {processor.py:161} INFO - Started process (PID=37832) to work on /home/airflow/.local/lib/python3.12/site-packages/airflow/example_dags/example_task_group_decorator.py
[2026-03-19T07:57:04.556+0000] {processor.py:830} INFO - Processing file /home/airflow/.local/lib/python3.12/site-packages/airflow/example_dags/example_task_group_decorator.py for tasks to queue
[2026-03-19T07:57:04.556+0000] {logging_mixin.py:188} INFO - [2026-03-19T07:57:04.556+0000] {dagbag.py:545} INFO - Filling up the DagBag from /home/airflow/.local/lib/python3.12/site-packages/airflow/example_dags/example_task_group_decorator.py
[2026-03-19T07:57:04.566+0000] {processor.py:840} INFO - DAG(s) 'example_task_group_decorator' retrieved from /home/airflow/.local/lib/python3.12/site-packages/airflow/example_dags/example_task_group_decorator.py
[2026-03-19T07:57:04.581+0000] {logging_mixin.py:188} INFO - [2026-03-19T07:57:04.581+0000] {dag.py:3096} INFO - Sync 1 DAGs
[2026-03-19T07:57:04.594+0000] {logging_mixin.py:188} INFO - [2026-03-19T07:57:04.594+0000] {dag.py:3954} INFO - Setting next_dagrun for example_task_group_decorator to 2026-03-18 00:00:00+00:00, run_after=2026-03-19 00:00:00+00:00
[2026-03-19T07:57:04.603+0000] {processor.py:183} INFO - Processing /home/airflow/.local/lib/python3.12/site-packages/airflow/example_dags/example_task_group_decorator.py took 0.052 seconds
[2026-03-19T07:57:34.714+0000] {processor.py:161} INFO - Started process (PID=37891) to work on /home/airflow/.local/lib/python3.12/site-packages/airflow/example_dags/example_task_group_decorator.py
[2026-03-19T07:57:34.715+0000] {processor.py:830} INFO - Processing file /home/airflow/.local/lib/python3.12/site-packages/airflow/example_dags/example_task_group_decorator.py for tasks to queue
[2026-03-19T07:57:34.715+0000] {logging_mixin.py:188} INFO - [2026-03-19T07:57:34.715+0000] {dagbag.py:545} INFO - Filling up the DagBag from /home/airflow/.local/lib/python3.12/site-packages/airflow/example_dags/example_task_group_decorator.py
[2026-03-19T07:57:34.724+0000] {processor.py:840} INFO - DAG(s) 'example_task_group_decorator' retrieved from /home/airflow/.local/lib/python3.12/site-packages/airflow/example_dags/example_task_group_decorator.py
[2026-03-19T07:57:34.738+0000] {logging_mixin.py:188} INFO - [2026-03-19T07:57:34.738+0000] {dag.py:3096} INFO - Sync 1 DAGs
[2026-03-19T07:57:34.749+0000] {logging_mixin.py:188} INFO - [2026-03-19T07:57:34.749+0000] {dag.py:3954} INFO - Setting next_dagrun for example_task_group_decorator to 2026-03-18 00:00:00+00:00, run_after=2026-03-19 00:00:00+00:00
[2026-03-19T07:57:34.758+0000] {processor.py:183} INFO - Processing /home/airflow/.local/lib/python3.12/site-packages/airflow/example_dags/example_task_group_decorator.py took 0.049 seconds
[2026-03-19T07:58:04.918+0000] {processor.py:161} INFO - Started process (PID=37950) to work on /home/airflow/.local/lib/python3.12/site-packages/airflow/example_dags/example_task_group_decorator.py
[2026-03-19T07:58:04.919+0000] {processor.py:830} INFO - Processing file /home/airflow/.local/lib/python3.12/site-packages/airflow/example_dags/example_task_group_decorator.py for tasks to queue
[2026-03-19T07:58:04.920+0000] {logging_mixin.py:188} INFO - [2026-03-19T07:58:04.920+0000] {dagbag.py:545} INFO - Filling up the DagBag from /home/airflow/.local/lib/python3.12/site-packages/airflow/example_dags/example_task_group_decorator.py
[2026-03-19T07:58:04.931+0000] {processor.py:840} INFO - DAG(s) 'example_task_group_decorator' retrieved from /home/airflow/.local/lib/python3.12/site-packages/airflow/example_dags/example_task_group_decorator.py
[2026-03-19T07:58:04.948+0000] {logging_mixin.py:188} INFO - [2026-03-19T07:58:04.948+0000] {dag.py:3096} INFO - Sync 1 DAGs
[2026-03-19T07:58:04.960+0000] {logging_mixin.py:188} INFO - [2026-03-19T07:58:04.960+0000] {dag.py:3954} INFO - Setting next_dagrun for example_task_group_decorator to 2026-03-18 00:00:00+00:00, run_after=2026-03-19 00:00:00+00:00
[2026-03-19T07:58:04.971+0000] {processor.py:183} INFO - Processing /home/airflow/.local/lib/python3.12/site-packages/airflow/example_dags/example_task_group_decorator.py took 0.058 seconds
[2026-03-19T07:58:35.091+0000] {processor.py:161} INFO - Started process (PID=38009) to work on /home/airflow/.local/lib/python3.12/site-packages/airflow/example_dags/example_task_group_decorator.py
[2026-03-19T07:58:35.097+0000] {processor.py:830} INFO - Processing file /home/airflow/.local/lib/python3.12/site-packages/airflow/example_dags/example_task_group_decorator.py for tasks to queue
[2026-03-19T07:58:35.097+0000] {logging_mixin.py:188} INFO - [2026-03-19T07:58:35.097+0000] {dagbag.py:545} INFO - Filling up the DagBag from /home/airflow/.local/lib/python3.12/site-packages/airflow/example_dags/example_task_group_decorator.py
[2026-03-19T07:58:35.106+0000] {processor.py:840} INFO - DAG(s) 'example_task_group_decorator' retrieved from /home/airflow/.local/lib/python3.12/site-packages/airflow/example_dags/example_task_group_decorator.py
[2026-03-19T07:58:35.137+0000] {logging_mixin.py:188} INFO - [2026-03-19T07:58:35.137+0000] {dag.py:3096} INFO - Sync 1 DAGs
[2026-03-19T07:58:35.161+0000] {logging_mixin.py:188} INFO - [2026-03-19T07:58:35.161+0000] {dag.py:3954} INFO - Setting next_dagrun for example_task_group_decorator to 2026-03-18 00:00:00+00:00, run_after=2026-03-19 00:00:00+00:00
[2026-03-19T07:58:35.174+0000] {processor.py:183} INFO - Processing /home/airflow/.local/lib/python3.12/site-packages/airflow/example_dags/example_task_group_decorator.py took 0.087 seconds
[2026-03-19T07:59:05.500+0000] {processor.py:161} INFO - Started process (PID=38068) to work on /home/airflow/.local/lib/python3.12/site-packages/airflow/example_dags/example_task_group_decorator.py
[2026-03-19T07:59:05.502+0000] {processor.py:830} INFO - Processing file /home/airflow/.local/lib/python3.12/site-packages/airflow/example_dags/example_task_group_decorator.py for tasks to queue
[2026-03-19T07:59:05.503+0000] {logging_mixin.py:188} INFO - [2026-03-19T07:59:05.502+0000] {dagbag.py:545} INFO - Filling up the DagBag from /home/airflow/.local/lib/python3.12/site-packages/airflow/example_dags/example_task_group_decorator.py
[2026-03-19T07:59:05.513+0000] {processor.py:840} INFO - DAG(s) 'example_task_group_decorator' retrieved from /home/airflow/.local/lib/python3.12/site-packages/airflow/example_dags/example_task_group_decorator.py
[2026-03-19T07:59:05.529+0000] {logging_mixin.py:188} INFO - [2026-03-19T07:59:05.529+0000] {dag.py:3096} INFO - Sync 1 DAGs
[2026-03-19T07:59:05.542+0000] {logging_mixin.py:188} INFO - [2026-03-19T07:59:05.542+0000] {dag.py:3954} INFO - Setting next_dagrun for example_task_group_decorator to 2026-03-18 00:00:00+00:00, run_after=2026-03-19 00:00:00+00:00
[2026-03-19T07:59:05.556+0000] {processor.py:183} INFO - Processing /home/airflow/.local/lib/python3.12/site-packages/airflow/example_dags/example_task_group_decorator.py took 0.064 seconds
[2026-03-19T07:59:36.377+0000] {processor.py:161} INFO - Started process (PID=38127) to work on /home/airflow/.local/lib/python3.12/site-packages/airflow/example_dags/example_task_group_decorator.py
[2026-03-19T07:59:36.378+0000] {processor.py:830} INFO - Processing file /home/airflow/.local/lib/python3.12/site-packages/airflow/example_dags/example_task_group_decorator.py for tasks to queue
[2026-03-19T07:59:36.378+0000] {logging_mixin.py:188} INFO - [2026-03-19T07:59:36.378+0000] {dagbag.py:545} INFO - Filling up the DagBag from /home/airflow/.local/lib/python3.12/site-packages/airflow/example_dags/example_task_group_decorator.py
[2026-03-19T07:59:36.386+0000] {processor.py:840} INFO - DAG(s) 'example_task_group_decorator' retrieved from /home/airflow/.local/lib/python3.12/site-packages/airflow/example_dags/example_task_group_decorator.py
[2026-03-19T07:59:36.399+0000] {logging_mixin.py:188} INFO - [2026-03-19T07:59:36.399+0000] {dag.py:3096} INFO - Sync 1 DAGs
[2026-03-19T07:59:36.411+0000] {logging_mixin.py:188} INFO - [2026-03-19T07:59:36.411+0000] {dag.py:3954} INFO - Setting next_dagrun for example_task_group_decorator to 2026-03-18 00:00:00+00:00, run_after=2026-03-19 00:00:00+00:00
[2026-03-19T07:59:36.418+0000] {processor.py:183} INFO - Processing /home/airflow/.local/lib/python3.12/site-packages/airflow/example_dags/example_task_group_decorator.py took 0.045 seconds
[2026-03-19T08:00:07.144+0000] {processor.py:161} INFO - Started process (PID=38186) to work on /home/airflow/.local/lib/python3.12/site-packages/airflow/example_dags/example_task_group_decorator.py
[2026-03-19T08:00:07.145+0000] {processor.py:830} INFO - Processing file /home/airflow/.local/lib/python3.12/site-packages/airflow/example_dags/example_task_group_decorator.py for tasks to queue
[2026-03-19T08:00:07.145+0000] {logging_mixin.py:188} INFO - [2026-03-19T08:00:07.145+0000] {dagbag.py:545} INFO - Filling up the DagBag from /home/airflow/.local/lib/python3.12/site-packages/airflow/example_dags/example_task_group_decorator.py
[2026-03-19T08:00:07.158+0000] {processor.py:840} INFO - DAG(s) 'example_task_group_decorator' retrieved from /home/airflow/.local/lib/python3.12/site-packages/airflow/example_dags/example_task_group_decorator.py
[2026-03-19T08:00:07.171+0000] {logging_mixin.py:188} INFO - [2026-03-19T08:00:07.171+0000] {dag.py:3096} INFO - Sync 1 DAGs
[2026-03-19T08:00:07.181+0000] {logging_mixin.py:188} INFO - [2026-03-19T08:00:07.181+0000] {dag.py:3954} INFO - Setting next_dagrun for example_task_group_decorator to 2026-03-18 00:00:00+00:00, run_after=2026-03-19 00:00:00+00:00
[2026-03-19T08:00:07.191+0000] {processor.py:183} INFO - Processing /home/airflow/.local/lib/python3.12/site-packages/airflow/example_dags/example_task_group_decorator.py took 0.050 seconds
[2026-03-19T08:00:37.523+0000] {processor.py:161} INFO - Started process (PID=38245) to work on /home/airflow/.local/lib/python3.12/site-packages/airflow/example_dags/example_task_group_decorator.py
[2026-03-19T08:00:37.525+0000] {processor.py:830} INFO - Processing file /home/airflow/.local/lib/python3.12/site-packages/airflow/example_dags/example_task_group_decorator.py for tasks to queue
[2026-03-19T08:00:37.525+0000] {logging_mixin.py:188} INFO - [2026-03-19T08:00:37.525+0000] {dagbag.py:545} INFO - Filling up the DagBag from /home/airflow/.local/lib/python3.12/site-packages/airflow/example_dags/example_task_group_decorator.py
[2026-03-19T08:00:37.536+0000] {processor.py:840} INFO - DAG(s) 'example_task_group_decorator' retrieved from /home/airflow/.local/lib/python3.12/site-packages/airflow/example_dags/example_task_group_decorator.py
[2026-03-19T08:00:37.549+0000] {logging_mixin.py:188} INFO - [2026-03-19T08:00:37.549+0000] {dag.py:3096} INFO - Sync 1 DAGs
[2026-03-19T08:00:37.558+0000] {logging_mixin.py:188} INFO - [2026-03-19T08:00:37.558+0000] {dag.py:3954} INFO - Setting next_dagrun for example_task_group_decorator to 2026-03-18 00:00:00+00:00, run_after=2026-03-19 00:00:00+00:00
[2026-03-19T08:00:37.570+0000] {processor.py:183} INFO - Processing /home/airflow/.local/lib/python3.12/site-packages/airflow/example_dags/example_task_group_decorator.py took 0.053 seconds
