[2026-03-19T00:12:45.937+0000] {processor.py:161} INFO - Started process (PID=35707) to work on /home/airflow/.local/lib/python3.12/site-packages/airflow/example_dags/example_skip_dag.py
[2026-03-19T00:12:45.938+0000] {processor.py:830} INFO - Processing file /home/airflow/.local/lib/python3.12/site-packages/airflow/example_dags/example_skip_dag.py for tasks to queue
[2026-03-19T00:12:45.939+0000] {logging_mixin.py:188} INFO - [2026-03-19T00:12:45.939+0000] {dagbag.py:545} INFO - Filling up the DagBag from /home/airflow/.local/lib/python3.12/site-packages/airflow/example_dags/example_skip_dag.py
[2026-03-19T00:12:45.944+0000] {processor.py:840} INFO - DAG(s) 'example_skip_dag' retrieved from /home/airflow/.local/lib/python3.12/site-packages/airflow/example_dags/example_skip_dag.py
[2026-03-19T00:12:45.964+0000] {logging_mixin.py:188} INFO - [2026-03-19T00:12:45.963+0000] {dag.py:3096} INFO - Sync 1 DAGs
[2026-03-19T00:12:45.980+0000] {logging_mixin.py:188} INFO - [2026-03-19T00:12:45.979+0000] {dag.py:3954} INFO - Setting next_dagrun for example_skip_dag to 2026-03-18 00:00:00+00:00, run_after=2026-03-19 00:00:00+00:00
[2026-03-19T00:12:46.096+0000] {processor.py:183} INFO - Processing /home/airflow/.local/lib/python3.12/site-packages/airflow/example_dags/example_skip_dag.py took 0.163 seconds
[2026-03-19T00:46:47.373+0000] {processor.py:161} INFO - Started process (PID=35766) to work on /home/airflow/.local/lib/python3.12/site-packages/airflow/example_dags/example_skip_dag.py
[2026-03-19T00:46:47.375+0000] {processor.py:830} INFO - Processing file /home/airflow/.local/lib/python3.12/site-packages/airflow/example_dags/example_skip_dag.py for tasks to queue
[2026-03-19T00:46:47.378+0000] {logging_mixin.py:188} INFO - [2026-03-19T00:46:47.377+0000] {dagbag.py:545} INFO - Filling up the DagBag from /home/airflow/.local/lib/python3.12/site-packages/airflow/example_dags/example_skip_dag.py
[2026-03-19T00:46:47.385+0000] {processor.py:840} INFO - DAG(s) 'example_skip_dag' retrieved from /home/airflow/.local/lib/python3.12/site-packages/airflow/example_dags/example_skip_dag.py
[2026-03-19T00:46:47.425+0000] {logging_mixin.py:188} INFO - [2026-03-19T00:46:47.424+0000] {dag.py:3096} INFO - Sync 1 DAGs
[2026-03-19T00:46:47.450+0000] {logging_mixin.py:188} INFO - [2026-03-19T00:46:47.449+0000] {dag.py:3954} INFO - Setting next_dagrun for example_skip_dag to 2026-03-18 00:00:00+00:00, run_after=2026-03-19 00:00:00+00:00
[2026-03-19T00:46:47.478+0000] {processor.py:183} INFO - Processing /home/airflow/.local/lib/python3.12/site-packages/airflow/example_dags/example_skip_dag.py took 0.110 seconds
[2026-03-19T01:13:45.611+0000] {processor.py:161} INFO - Started process (PID=35833) to work on /home/airflow/.local/lib/python3.12/site-packages/airflow/example_dags/example_skip_dag.py
[2026-03-19T01:13:45.617+0000] {processor.py:830} INFO - Processing file /home/airflow/.local/lib/python3.12/site-packages/airflow/example_dags/example_skip_dag.py for tasks to queue
[2026-03-19T01:13:45.621+0000] {logging_mixin.py:188} INFO - [2026-03-19T01:13:45.621+0000] {dagbag.py:545} INFO - Filling up the DagBag from /home/airflow/.local/lib/python3.12/site-packages/airflow/example_dags/example_skip_dag.py
[2026-03-19T01:13:45.629+0000] {processor.py:840} INFO - DAG(s) 'example_skip_dag' retrieved from /home/airflow/.local/lib/python3.12/site-packages/airflow/example_dags/example_skip_dag.py
[2026-03-19T01:13:45.655+0000] {logging_mixin.py:188} INFO - [2026-03-19T01:13:45.655+0000] {dag.py:3096} INFO - Sync 1 DAGs
[2026-03-19T01:13:45.680+0000] {logging_mixin.py:188} INFO - [2026-03-19T01:13:45.680+0000] {dag.py:3954} INFO - Setting next_dagrun for example_skip_dag to 2026-03-18 00:00:00+00:00, run_after=2026-03-19 00:00:00+00:00
[2026-03-19T01:13:45.700+0000] {processor.py:183} INFO - Processing /home/airflow/.local/lib/python3.12/site-packages/airflow/example_dags/example_skip_dag.py took 0.098 seconds
[2026-03-19T02:14:39.164+0000] {processor.py:161} INFO - Started process (PID=35906) to work on /home/airflow/.local/lib/python3.12/site-packages/airflow/example_dags/example_skip_dag.py
[2026-03-19T02:14:39.175+0000] {processor.py:830} INFO - Processing file /home/airflow/.local/lib/python3.12/site-packages/airflow/example_dags/example_skip_dag.py for tasks to queue
[2026-03-19T02:14:39.185+0000] {logging_mixin.py:188} INFO - [2026-03-19T02:14:39.184+0000] {dagbag.py:545} INFO - Filling up the DagBag from /home/airflow/.local/lib/python3.12/site-packages/airflow/example_dags/example_skip_dag.py
[2026-03-19T02:14:39.262+0000] {processor.py:840} INFO - DAG(s) 'example_skip_dag' retrieved from /home/airflow/.local/lib/python3.12/site-packages/airflow/example_dags/example_skip_dag.py
[2026-03-19T02:14:44.196+0000] {logging_mixin.py:188} INFO - [2026-03-19T02:14:44.176+0000] {dag.py:3096} INFO - Sync 1 DAGs
[2026-03-19T02:14:44.552+0000] {logging_mixin.py:188} INFO - [2026-03-19T02:14:44.549+0000] {dag.py:3954} INFO - Setting next_dagrun for example_skip_dag to 2026-03-18 00:00:00+00:00, run_after=2026-03-19 00:00:00+00:00
[2026-03-19T02:14:45.292+0000] {processor.py:183} INFO - Processing /home/airflow/.local/lib/python3.12/site-packages/airflow/example_dags/example_skip_dag.py took 6.102 seconds
[2026-03-19T02:15:16.193+0000] {processor.py:161} INFO - Started process (PID=35964) to work on /home/airflow/.local/lib/python3.12/site-packages/airflow/example_dags/example_skip_dag.py
[2026-03-19T02:15:16.195+0000] {processor.py:830} INFO - Processing file /home/airflow/.local/lib/python3.12/site-packages/airflow/example_dags/example_skip_dag.py for tasks to queue
[2026-03-19T02:15:16.198+0000] {logging_mixin.py:188} INFO - [2026-03-19T02:15:16.196+0000] {dagbag.py:545} INFO - Filling up the DagBag from /home/airflow/.local/lib/python3.12/site-packages/airflow/example_dags/example_skip_dag.py
[2026-03-19T02:15:16.220+0000] {processor.py:840} INFO - DAG(s) 'example_skip_dag' retrieved from /home/airflow/.local/lib/python3.12/site-packages/airflow/example_dags/example_skip_dag.py
[2026-03-19T02:15:16.274+0000] {logging_mixin.py:188} INFO - [2026-03-19T02:15:16.274+0000] {dag.py:3096} INFO - Sync 1 DAGs
[2026-03-19T02:15:16.314+0000] {logging_mixin.py:188} INFO - [2026-03-19T02:15:16.314+0000] {dag.py:3954} INFO - Setting next_dagrun for example_skip_dag to 2026-03-18 00:00:00+00:00, run_after=2026-03-19 00:00:00+00:00
[2026-03-19T02:15:16.334+0000] {processor.py:183} INFO - Processing /home/airflow/.local/lib/python3.12/site-packages/airflow/example_dags/example_skip_dag.py took 0.159 seconds
[2026-03-19T03:06:11.101+0000] {processor.py:161} INFO - Started process (PID=36054) to work on /home/airflow/.local/lib/python3.12/site-packages/airflow/example_dags/example_skip_dag.py
[2026-03-19T03:06:11.103+0000] {processor.py:830} INFO - Processing file /home/airflow/.local/lib/python3.12/site-packages/airflow/example_dags/example_skip_dag.py for tasks to queue
[2026-03-19T03:06:11.105+0000] {logging_mixin.py:188} INFO - [2026-03-19T03:06:11.105+0000] {dagbag.py:545} INFO - Filling up the DagBag from /home/airflow/.local/lib/python3.12/site-packages/airflow/example_dags/example_skip_dag.py
[2026-03-19T03:06:11.119+0000] {processor.py:840} INFO - DAG(s) 'example_skip_dag' retrieved from /home/airflow/.local/lib/python3.12/site-packages/airflow/example_dags/example_skip_dag.py
[2026-03-19T03:06:11.166+0000] {logging_mixin.py:188} INFO - [2026-03-19T03:06:11.165+0000] {dag.py:3096} INFO - Sync 1 DAGs
[2026-03-19T03:06:11.206+0000] {logging_mixin.py:188} INFO - [2026-03-19T03:06:11.205+0000] {dag.py:3954} INFO - Setting next_dagrun for example_skip_dag to 2026-03-18 00:00:00+00:00, run_after=2026-03-19 00:00:00+00:00
[2026-03-19T03:06:11.243+0000] {processor.py:183} INFO - Processing /home/airflow/.local/lib/python3.12/site-packages/airflow/example_dags/example_skip_dag.py took 0.151 seconds
[2026-03-19T03:06:41.812+0000] {processor.py:161} INFO - Started process (PID=36121) to work on /home/airflow/.local/lib/python3.12/site-packages/airflow/example_dags/example_skip_dag.py
[2026-03-19T03:06:41.813+0000] {processor.py:830} INFO - Processing file /home/airflow/.local/lib/python3.12/site-packages/airflow/example_dags/example_skip_dag.py for tasks to queue
[2026-03-19T03:06:41.814+0000] {logging_mixin.py:188} INFO - [2026-03-19T03:06:41.814+0000] {dagbag.py:545} INFO - Filling up the DagBag from /home/airflow/.local/lib/python3.12/site-packages/airflow/example_dags/example_skip_dag.py
[2026-03-19T03:06:41.818+0000] {processor.py:840} INFO - DAG(s) 'example_skip_dag' retrieved from /home/airflow/.local/lib/python3.12/site-packages/airflow/example_dags/example_skip_dag.py
[2026-03-19T03:06:41.835+0000] {logging_mixin.py:188} INFO - [2026-03-19T03:06:41.835+0000] {dag.py:3096} INFO - Sync 1 DAGs
[2026-03-19T03:06:41.848+0000] {logging_mixin.py:188} INFO - [2026-03-19T03:06:41.848+0000] {dag.py:3954} INFO - Setting next_dagrun for example_skip_dag to 2026-03-18 00:00:00+00:00, run_after=2026-03-19 00:00:00+00:00
[2026-03-19T03:06:41.857+0000] {processor.py:183} INFO - Processing /home/airflow/.local/lib/python3.12/site-packages/airflow/example_dags/example_skip_dag.py took 0.049 seconds
[2026-03-19T03:15:43.206+0000] {processor.py:161} INFO - Started process (PID=36180) to work on /home/airflow/.local/lib/python3.12/site-packages/airflow/example_dags/example_skip_dag.py
[2026-03-19T03:15:43.209+0000] {processor.py:830} INFO - Processing file /home/airflow/.local/lib/python3.12/site-packages/airflow/example_dags/example_skip_dag.py for tasks to queue
[2026-03-19T03:15:43.210+0000] {logging_mixin.py:188} INFO - [2026-03-19T03:15:43.209+0000] {dagbag.py:545} INFO - Filling up the DagBag from /home/airflow/.local/lib/python3.12/site-packages/airflow/example_dags/example_skip_dag.py
[2026-03-19T03:15:43.222+0000] {processor.py:840} INFO - DAG(s) 'example_skip_dag' retrieved from /home/airflow/.local/lib/python3.12/site-packages/airflow/example_dags/example_skip_dag.py
[2026-03-19T03:15:43.249+0000] {logging_mixin.py:188} INFO - [2026-03-19T03:15:43.249+0000] {dag.py:3096} INFO - Sync 1 DAGs
[2026-03-19T03:15:43.273+0000] {logging_mixin.py:188} INFO - [2026-03-19T03:15:43.272+0000] {dag.py:3954} INFO - Setting next_dagrun for example_skip_dag to 2026-03-18 00:00:00+00:00, run_after=2026-03-19 00:00:00+00:00
[2026-03-19T03:15:43.300+0000] {processor.py:183} INFO - Processing /home/airflow/.local/lib/python3.12/site-packages/airflow/example_dags/example_skip_dag.py took 0.101 seconds
[2026-03-19T03:32:06.123+0000] {processor.py:161} INFO - Started process (PID=36239) to work on /home/airflow/.local/lib/python3.12/site-packages/airflow/example_dags/example_skip_dag.py
[2026-03-19T03:32:06.127+0000] {processor.py:830} INFO - Processing file /home/airflow/.local/lib/python3.12/site-packages/airflow/example_dags/example_skip_dag.py for tasks to queue
[2026-03-19T03:32:06.131+0000] {logging_mixin.py:188} INFO - [2026-03-19T03:32:06.129+0000] {dagbag.py:545} INFO - Filling up the DagBag from /home/airflow/.local/lib/python3.12/site-packages/airflow/example_dags/example_skip_dag.py
[2026-03-19T03:32:06.142+0000] {processor.py:840} INFO - DAG(s) 'example_skip_dag' retrieved from /home/airflow/.local/lib/python3.12/site-packages/airflow/example_dags/example_skip_dag.py
[2026-03-19T03:32:06.203+0000] {logging_mixin.py:188} INFO - [2026-03-19T03:32:06.202+0000] {dag.py:3096} INFO - Sync 1 DAGs
[2026-03-19T03:32:06.251+0000] {logging_mixin.py:188} INFO - [2026-03-19T03:32:06.250+0000] {dag.py:3954} INFO - Setting next_dagrun for example_skip_dag to 2026-03-18 00:00:00+00:00, run_after=2026-03-19 00:00:00+00:00
[2026-03-19T03:32:06.289+0000] {processor.py:183} INFO - Processing /home/airflow/.local/lib/python3.12/site-packages/airflow/example_dags/example_skip_dag.py took 0.176 seconds
[2026-03-19T04:16:44.195+0000] {processor.py:161} INFO - Started process (PID=36306) to work on /home/airflow/.local/lib/python3.12/site-packages/airflow/example_dags/example_skip_dag.py
[2026-03-19T04:16:44.197+0000] {processor.py:830} INFO - Processing file /home/airflow/.local/lib/python3.12/site-packages/airflow/example_dags/example_skip_dag.py for tasks to queue
[2026-03-19T04:16:44.198+0000] {logging_mixin.py:188} INFO - [2026-03-19T04:16:44.197+0000] {dagbag.py:545} INFO - Filling up the DagBag from /home/airflow/.local/lib/python3.12/site-packages/airflow/example_dags/example_skip_dag.py
[2026-03-19T04:16:44.204+0000] {processor.py:840} INFO - DAG(s) 'example_skip_dag' retrieved from /home/airflow/.local/lib/python3.12/site-packages/airflow/example_dags/example_skip_dag.py
[2026-03-19T04:16:44.221+0000] {logging_mixin.py:188} INFO - [2026-03-19T04:16:44.221+0000] {dag.py:3096} INFO - Sync 1 DAGs
[2026-03-19T04:16:44.238+0000] {logging_mixin.py:188} INFO - [2026-03-19T04:16:44.238+0000] {dag.py:3954} INFO - Setting next_dagrun for example_skip_dag to 2026-03-18 00:00:00+00:00, run_after=2026-03-19 00:00:00+00:00
[2026-03-19T04:16:44.257+0000] {processor.py:183} INFO - Processing /home/airflow/.local/lib/python3.12/site-packages/airflow/example_dags/example_skip_dag.py took 0.069 seconds
[2026-03-19T04:17:18.113+0000] {processor.py:161} INFO - Started process (PID=36373) to work on /home/airflow/.local/lib/python3.12/site-packages/airflow/example_dags/example_skip_dag.py
[2026-03-19T04:17:18.131+0000] {processor.py:830} INFO - Processing file /home/airflow/.local/lib/python3.12/site-packages/airflow/example_dags/example_skip_dag.py for tasks to queue
[2026-03-19T04:17:18.137+0000] {logging_mixin.py:188} INFO - [2026-03-19T04:17:18.136+0000] {dagbag.py:545} INFO - Filling up the DagBag from /home/airflow/.local/lib/python3.12/site-packages/airflow/example_dags/example_skip_dag.py
[2026-03-19T04:17:18.183+0000] {processor.py:840} INFO - DAG(s) 'example_skip_dag' retrieved from /home/airflow/.local/lib/python3.12/site-packages/airflow/example_dags/example_skip_dag.py
[2026-03-19T04:17:18.264+0000] {logging_mixin.py:188} INFO - [2026-03-19T04:17:18.264+0000] {dag.py:3096} INFO - Sync 1 DAGs
[2026-03-19T04:17:18.303+0000] {logging_mixin.py:188} INFO - [2026-03-19T04:17:18.302+0000] {dag.py:3954} INFO - Setting next_dagrun for example_skip_dag to 2026-03-18 00:00:00+00:00, run_after=2026-03-19 00:00:00+00:00
[2026-03-19T04:17:18.336+0000] {processor.py:183} INFO - Processing /home/airflow/.local/lib/python3.12/site-packages/airflow/example_dags/example_skip_dag.py took 0.234 seconds
[2026-03-19T05:17:37.812+0000] {processor.py:161} INFO - Started process (PID=36432) to work on /home/airflow/.local/lib/python3.12/site-packages/airflow/example_dags/example_skip_dag.py
[2026-03-19T05:17:37.816+0000] {processor.py:830} INFO - Processing file /home/airflow/.local/lib/python3.12/site-packages/airflow/example_dags/example_skip_dag.py for tasks to queue
[2026-03-19T05:17:37.817+0000] {logging_mixin.py:188} INFO - [2026-03-19T05:17:37.817+0000] {dagbag.py:545} INFO - Filling up the DagBag from /home/airflow/.local/lib/python3.12/site-packages/airflow/example_dags/example_skip_dag.py
[2026-03-19T05:17:37.822+0000] {processor.py:840} INFO - DAG(s) 'example_skip_dag' retrieved from /home/airflow/.local/lib/python3.12/site-packages/airflow/example_dags/example_skip_dag.py
[2026-03-19T05:17:37.850+0000] {logging_mixin.py:188} INFO - [2026-03-19T05:17:37.850+0000] {dag.py:3096} INFO - Sync 1 DAGs
[2026-03-19T05:17:37.874+0000] {logging_mixin.py:188} INFO - [2026-03-19T05:17:37.874+0000] {dag.py:3954} INFO - Setting next_dagrun for example_skip_dag to 2026-03-18 00:00:00+00:00, run_after=2026-03-19 00:00:00+00:00
[2026-03-19T05:17:37.885+0000] {processor.py:183} INFO - Processing /home/airflow/.local/lib/python3.12/site-packages/airflow/example_dags/example_skip_dag.py took 0.077 seconds
[2026-03-19T05:18:08.239+0000] {processor.py:161} INFO - Started process (PID=36491) to work on /home/airflow/.local/lib/python3.12/site-packages/airflow/example_dags/example_skip_dag.py
[2026-03-19T05:18:08.242+0000] {processor.py:830} INFO - Processing file /home/airflow/.local/lib/python3.12/site-packages/airflow/example_dags/example_skip_dag.py for tasks to queue
[2026-03-19T05:18:08.243+0000] {logging_mixin.py:188} INFO - [2026-03-19T05:18:08.243+0000] {dagbag.py:545} INFO - Filling up the DagBag from /home/airflow/.local/lib/python3.12/site-packages/airflow/example_dags/example_skip_dag.py
[2026-03-19T05:18:08.254+0000] {processor.py:840} INFO - DAG(s) 'example_skip_dag' retrieved from /home/airflow/.local/lib/python3.12/site-packages/airflow/example_dags/example_skip_dag.py
[2026-03-19T05:18:08.278+0000] {logging_mixin.py:188} INFO - [2026-03-19T05:18:08.278+0000] {dag.py:3096} INFO - Sync 1 DAGs
[2026-03-19T05:18:08.298+0000] {logging_mixin.py:188} INFO - [2026-03-19T05:18:08.298+0000] {dag.py:3954} INFO - Setting next_dagrun for example_skip_dag to 2026-03-18 00:00:00+00:00, run_after=2026-03-19 00:00:00+00:00
[2026-03-19T05:18:08.312+0000] {processor.py:183} INFO - Processing /home/airflow/.local/lib/python3.12/site-packages/airflow/example_dags/example_skip_dag.py took 0.085 seconds
[2026-03-19T06:18:37.040+0000] {processor.py:161} INFO - Started process (PID=36550) to work on /home/airflow/.local/lib/python3.12/site-packages/airflow/example_dags/example_skip_dag.py
[2026-03-19T06:18:37.041+0000] {processor.py:830} INFO - Processing file /home/airflow/.local/lib/python3.12/site-packages/airflow/example_dags/example_skip_dag.py for tasks to queue
[2026-03-19T06:18:37.042+0000] {logging_mixin.py:188} INFO - [2026-03-19T06:18:37.042+0000] {dagbag.py:545} INFO - Filling up the DagBag from /home/airflow/.local/lib/python3.12/site-packages/airflow/example_dags/example_skip_dag.py
[2026-03-19T06:18:37.052+0000] {processor.py:840} INFO - DAG(s) 'example_skip_dag' retrieved from /home/airflow/.local/lib/python3.12/site-packages/airflow/example_dags/example_skip_dag.py
[2026-03-19T06:18:37.088+0000] {logging_mixin.py:188} INFO - [2026-03-19T06:18:37.088+0000] {dag.py:3096} INFO - Sync 1 DAGs
[2026-03-19T06:18:37.120+0000] {logging_mixin.py:188} INFO - [2026-03-19T06:18:37.120+0000] {dag.py:3954} INFO - Setting next_dagrun for example_skip_dag to 2026-03-18 00:00:00+00:00, run_after=2026-03-19 00:00:00+00:00
[2026-03-19T06:18:37.147+0000] {processor.py:183} INFO - Processing /home/airflow/.local/lib/python3.12/site-packages/airflow/example_dags/example_skip_dag.py took 0.117 seconds
[2026-03-19T06:19:07.689+0000] {processor.py:161} INFO - Started process (PID=36617) to work on /home/airflow/.local/lib/python3.12/site-packages/airflow/example_dags/example_skip_dag.py
[2026-03-19T06:19:07.692+0000] {processor.py:830} INFO - Processing file /home/airflow/.local/lib/python3.12/site-packages/airflow/example_dags/example_skip_dag.py for tasks to queue
[2026-03-19T06:19:07.693+0000] {logging_mixin.py:188} INFO - [2026-03-19T06:19:07.693+0000] {dagbag.py:545} INFO - Filling up the DagBag from /home/airflow/.local/lib/python3.12/site-packages/airflow/example_dags/example_skip_dag.py
[2026-03-19T06:19:07.703+0000] {processor.py:840} INFO - DAG(s) 'example_skip_dag' retrieved from /home/airflow/.local/lib/python3.12/site-packages/airflow/example_dags/example_skip_dag.py
[2026-03-19T06:19:07.724+0000] {logging_mixin.py:188} INFO - [2026-03-19T06:19:07.724+0000] {dag.py:3096} INFO - Sync 1 DAGs
[2026-03-19T06:19:07.740+0000] {logging_mixin.py:188} INFO - [2026-03-19T06:19:07.740+0000] {dag.py:3954} INFO - Setting next_dagrun for example_skip_dag to 2026-03-18 00:00:00+00:00, run_after=2026-03-19 00:00:00+00:00
[2026-03-19T06:19:07.751+0000] {processor.py:183} INFO - Processing /home/airflow/.local/lib/python3.12/site-packages/airflow/example_dags/example_skip_dag.py took 0.068 seconds
[2026-03-19T07:19:36.785+0000] {processor.py:161} INFO - Started process (PID=36676) to work on /home/airflow/.local/lib/python3.12/site-packages/airflow/example_dags/example_skip_dag.py
[2026-03-19T07:19:36.787+0000] {processor.py:830} INFO - Processing file /home/airflow/.local/lib/python3.12/site-packages/airflow/example_dags/example_skip_dag.py for tasks to queue
[2026-03-19T07:19:36.788+0000] {logging_mixin.py:188} INFO - [2026-03-19T07:19:36.787+0000] {dagbag.py:545} INFO - Filling up the DagBag from /home/airflow/.local/lib/python3.12/site-packages/airflow/example_dags/example_skip_dag.py
[2026-03-19T07:19:36.797+0000] {processor.py:840} INFO - DAG(s) 'example_skip_dag' retrieved from /home/airflow/.local/lib/python3.12/site-packages/airflow/example_dags/example_skip_dag.py
[2026-03-19T07:19:36.841+0000] {logging_mixin.py:188} INFO - [2026-03-19T07:19:36.841+0000] {dag.py:3096} INFO - Sync 1 DAGs
[2026-03-19T07:19:36.877+0000] {logging_mixin.py:188} INFO - [2026-03-19T07:19:36.876+0000] {dag.py:3954} INFO - Setting next_dagrun for example_skip_dag to 2026-03-18 00:00:00+00:00, run_after=2026-03-19 00:00:00+00:00
[2026-03-19T07:19:36.916+0000] {processor.py:183} INFO - Processing /home/airflow/.local/lib/python3.12/site-packages/airflow/example_dags/example_skip_dag.py took 0.139 seconds
[2026-03-19T07:20:06.951+0000] {processor.py:161} INFO - Started process (PID=36744) to work on /home/airflow/.local/lib/python3.12/site-packages/airflow/example_dags/example_skip_dag.py
[2026-03-19T07:20:06.952+0000] {processor.py:830} INFO - Processing file /home/airflow/.local/lib/python3.12/site-packages/airflow/example_dags/example_skip_dag.py for tasks to queue
[2026-03-19T07:20:06.952+0000] {logging_mixin.py:188} INFO - [2026-03-19T07:20:06.952+0000] {dagbag.py:545} INFO - Filling up the DagBag from /home/airflow/.local/lib/python3.12/site-packages/airflow/example_dags/example_skip_dag.py
[2026-03-19T07:20:06.956+0000] {processor.py:840} INFO - DAG(s) 'example_skip_dag' retrieved from /home/airflow/.local/lib/python3.12/site-packages/airflow/example_dags/example_skip_dag.py
[2026-03-19T07:20:06.966+0000] {logging_mixin.py:188} INFO - [2026-03-19T07:20:06.966+0000] {dag.py:3096} INFO - Sync 1 DAGs
[2026-03-19T07:20:06.975+0000] {logging_mixin.py:188} INFO - [2026-03-19T07:20:06.975+0000] {dag.py:3954} INFO - Setting next_dagrun for example_skip_dag to 2026-03-18 00:00:00+00:00, run_after=2026-03-19 00:00:00+00:00
[2026-03-19T07:20:06.985+0000] {processor.py:183} INFO - Processing /home/airflow/.local/lib/python3.12/site-packages/airflow/example_dags/example_skip_dag.py took 0.037 seconds
[2026-03-19T07:37:31.034+0000] {processor.py:161} INFO - Started process (PID=36802) to work on /home/airflow/.local/lib/python3.12/site-packages/airflow/example_dags/example_skip_dag.py
[2026-03-19T07:37:31.035+0000] {processor.py:830} INFO - Processing file /home/airflow/.local/lib/python3.12/site-packages/airflow/example_dags/example_skip_dag.py for tasks to queue
[2026-03-19T07:37:31.036+0000] {logging_mixin.py:188} INFO - [2026-03-19T07:37:31.036+0000] {dagbag.py:545} INFO - Filling up the DagBag from /home/airflow/.local/lib/python3.12/site-packages/airflow/example_dags/example_skip_dag.py
[2026-03-19T07:37:31.043+0000] {processor.py:840} INFO - DAG(s) 'example_skip_dag' retrieved from /home/airflow/.local/lib/python3.12/site-packages/airflow/example_dags/example_skip_dag.py
[2026-03-19T07:37:31.069+0000] {logging_mixin.py:188} INFO - [2026-03-19T07:37:31.069+0000] {dag.py:3096} INFO - Sync 1 DAGs
[2026-03-19T07:37:31.090+0000] {logging_mixin.py:188} INFO - [2026-03-19T07:37:31.090+0000] {dag.py:3954} INFO - Setting next_dagrun for example_skip_dag to 2026-03-18 00:00:00+00:00, run_after=2026-03-19 00:00:00+00:00
[2026-03-19T07:37:31.112+0000] {processor.py:183} INFO - Processing /home/airflow/.local/lib/python3.12/site-packages/airflow/example_dags/example_skip_dag.py took 0.084 seconds
[2026-03-19T07:38:05.634+0000] {processor.py:161} INFO - Started process (PID=36869) to work on /home/airflow/.local/lib/python3.12/site-packages/airflow/example_dags/example_skip_dag.py
[2026-03-19T07:38:05.635+0000] {processor.py:830} INFO - Processing file /home/airflow/.local/lib/python3.12/site-packages/airflow/example_dags/example_skip_dag.py for tasks to queue
[2026-03-19T07:38:05.636+0000] {logging_mixin.py:188} INFO - [2026-03-19T07:38:05.635+0000] {dagbag.py:545} INFO - Filling up the DagBag from /home/airflow/.local/lib/python3.12/site-packages/airflow/example_dags/example_skip_dag.py
[2026-03-19T07:38:05.648+0000] {processor.py:840} INFO - DAG(s) 'example_skip_dag' retrieved from /home/airflow/.local/lib/python3.12/site-packages/airflow/example_dags/example_skip_dag.py
[2026-03-19T07:38:05.680+0000] {logging_mixin.py:188} INFO - [2026-03-19T07:38:05.679+0000] {dag.py:3096} INFO - Sync 1 DAGs
[2026-03-19T07:38:05.727+0000] {logging_mixin.py:188} INFO - [2026-03-19T07:38:05.727+0000] {dag.py:3954} INFO - Setting next_dagrun for example_skip_dag to 2026-03-18 00:00:00+00:00, run_after=2026-03-19 00:00:00+00:00
[2026-03-19T07:38:05.782+0000] {processor.py:183} INFO - Processing /home/airflow/.local/lib/python3.12/site-packages/airflow/example_dags/example_skip_dag.py took 0.161 seconds
[2026-03-19T07:48:57.039+0000] {processor.py:161} INFO - Started process (PID=36928) to work on /home/airflow/.local/lib/python3.12/site-packages/airflow/example_dags/example_skip_dag.py
[2026-03-19T07:48:57.041+0000] {processor.py:830} INFO - Processing file /home/airflow/.local/lib/python3.12/site-packages/airflow/example_dags/example_skip_dag.py for tasks to queue
[2026-03-19T07:48:57.042+0000] {logging_mixin.py:188} INFO - [2026-03-19T07:48:57.041+0000] {dagbag.py:545} INFO - Filling up the DagBag from /home/airflow/.local/lib/python3.12/site-packages/airflow/example_dags/example_skip_dag.py
[2026-03-19T07:48:57.049+0000] {processor.py:840} INFO - DAG(s) 'example_skip_dag' retrieved from /home/airflow/.local/lib/python3.12/site-packages/airflow/example_dags/example_skip_dag.py
[2026-03-19T07:48:57.066+0000] {logging_mixin.py:188} INFO - [2026-03-19T07:48:57.066+0000] {dag.py:3096} INFO - Sync 1 DAGs
[2026-03-19T07:48:57.085+0000] {logging_mixin.py:188} INFO - [2026-03-19T07:48:57.085+0000] {dag.py:3954} INFO - Setting next_dagrun for example_skip_dag to 2026-03-18 00:00:00+00:00, run_after=2026-03-19 00:00:00+00:00
[2026-03-19T07:48:57.111+0000] {processor.py:183} INFO - Processing /home/airflow/.local/lib/python3.12/site-packages/airflow/example_dags/example_skip_dag.py took 0.076 seconds
[2026-03-19T07:49:29.117+0000] {processor.py:161} INFO - Started process (PID=36987) to work on /home/airflow/.local/lib/python3.12/site-packages/airflow/example_dags/example_skip_dag.py
[2026-03-19T07:49:29.118+0000] {processor.py:830} INFO - Processing file /home/airflow/.local/lib/python3.12/site-packages/airflow/example_dags/example_skip_dag.py for tasks to queue
[2026-03-19T07:49:29.120+0000] {logging_mixin.py:188} INFO - [2026-03-19T07:49:29.120+0000] {dagbag.py:545} INFO - Filling up the DagBag from /home/airflow/.local/lib/python3.12/site-packages/airflow/example_dags/example_skip_dag.py
[2026-03-19T07:49:29.127+0000] {processor.py:840} INFO - DAG(s) 'example_skip_dag' retrieved from /home/airflow/.local/lib/python3.12/site-packages/airflow/example_dags/example_skip_dag.py
[2026-03-19T07:49:29.142+0000] {logging_mixin.py:188} INFO - [2026-03-19T07:49:29.142+0000] {dag.py:3096} INFO - Sync 1 DAGs
[2026-03-19T07:49:29.157+0000] {logging_mixin.py:188} INFO - [2026-03-19T07:49:29.157+0000] {dag.py:3954} INFO - Setting next_dagrun for example_skip_dag to 2026-03-18 00:00:00+00:00, run_after=2026-03-19 00:00:00+00:00
[2026-03-19T07:49:29.233+0000] {processor.py:183} INFO - Processing /home/airflow/.local/lib/python3.12/site-packages/airflow/example_dags/example_skip_dag.py took 0.120 seconds
[2026-03-19T07:50:01.034+0000] {processor.py:161} INFO - Started process (PID=37046) to work on /home/airflow/.local/lib/python3.12/site-packages/airflow/example_dags/example_skip_dag.py
[2026-03-19T07:50:01.035+0000] {processor.py:830} INFO - Processing file /home/airflow/.local/lib/python3.12/site-packages/airflow/example_dags/example_skip_dag.py for tasks to queue
[2026-03-19T07:50:01.036+0000] {logging_mixin.py:188} INFO - [2026-03-19T07:50:01.035+0000] {dagbag.py:545} INFO - Filling up the DagBag from /home/airflow/.local/lib/python3.12/site-packages/airflow/example_dags/example_skip_dag.py
[2026-03-19T07:50:01.040+0000] {processor.py:840} INFO - DAG(s) 'example_skip_dag' retrieved from /home/airflow/.local/lib/python3.12/site-packages/airflow/example_dags/example_skip_dag.py
[2026-03-19T07:50:01.054+0000] {logging_mixin.py:188} INFO - [2026-03-19T07:50:01.054+0000] {dag.py:3096} INFO - Sync 1 DAGs
[2026-03-19T07:50:01.069+0000] {logging_mixin.py:188} INFO - [2026-03-19T07:50:01.069+0000] {dag.py:3954} INFO - Setting next_dagrun for example_skip_dag to 2026-03-18 00:00:00+00:00, run_after=2026-03-19 00:00:00+00:00
[2026-03-19T07:50:01.086+0000] {processor.py:183} INFO - Processing /home/airflow/.local/lib/python3.12/site-packages/airflow/example_dags/example_skip_dag.py took 0.056 seconds
[2026-03-19T07:50:31.758+0000] {processor.py:161} INFO - Started process (PID=37105) to work on /home/airflow/.local/lib/python3.12/site-packages/airflow/example_dags/example_skip_dag.py
[2026-03-19T07:50:31.760+0000] {processor.py:830} INFO - Processing file /home/airflow/.local/lib/python3.12/site-packages/airflow/example_dags/example_skip_dag.py for tasks to queue
[2026-03-19T07:50:31.761+0000] {logging_mixin.py:188} INFO - [2026-03-19T07:50:31.761+0000] {dagbag.py:545} INFO - Filling up the DagBag from /home/airflow/.local/lib/python3.12/site-packages/airflow/example_dags/example_skip_dag.py
[2026-03-19T07:50:31.766+0000] {processor.py:840} INFO - DAG(s) 'example_skip_dag' retrieved from /home/airflow/.local/lib/python3.12/site-packages/airflow/example_dags/example_skip_dag.py
[2026-03-19T07:50:31.782+0000] {logging_mixin.py:188} INFO - [2026-03-19T07:50:31.781+0000] {dag.py:3096} INFO - Sync 1 DAGs
[2026-03-19T07:50:31.794+0000] {logging_mixin.py:188} INFO - [2026-03-19T07:50:31.794+0000] {dag.py:3954} INFO - Setting next_dagrun for example_skip_dag to 2026-03-18 00:00:00+00:00, run_after=2026-03-19 00:00:00+00:00
[2026-03-19T07:50:31.804+0000] {processor.py:183} INFO - Processing /home/airflow/.local/lib/python3.12/site-packages/airflow/example_dags/example_skip_dag.py took 0.050 seconds
[2026-03-19T07:51:02.815+0000] {processor.py:161} INFO - Started process (PID=37164) to work on /home/airflow/.local/lib/python3.12/site-packages/airflow/example_dags/example_skip_dag.py
[2026-03-19T07:51:02.816+0000] {processor.py:830} INFO - Processing file /home/airflow/.local/lib/python3.12/site-packages/airflow/example_dags/example_skip_dag.py for tasks to queue
[2026-03-19T07:51:02.817+0000] {logging_mixin.py:188} INFO - [2026-03-19T07:51:02.817+0000] {dagbag.py:545} INFO - Filling up the DagBag from /home/airflow/.local/lib/python3.12/site-packages/airflow/example_dags/example_skip_dag.py
[2026-03-19T07:51:02.826+0000] {processor.py:840} INFO - DAG(s) 'example_skip_dag' retrieved from /home/airflow/.local/lib/python3.12/site-packages/airflow/example_dags/example_skip_dag.py
[2026-03-19T07:51:02.843+0000] {logging_mixin.py:188} INFO - [2026-03-19T07:51:02.842+0000] {dag.py:3096} INFO - Sync 1 DAGs
[2026-03-19T07:51:02.855+0000] {logging_mixin.py:188} INFO - [2026-03-19T07:51:02.855+0000] {dag.py:3954} INFO - Setting next_dagrun for example_skip_dag to 2026-03-18 00:00:00+00:00, run_after=2026-03-19 00:00:00+00:00
[2026-03-19T07:51:02.865+0000] {processor.py:183} INFO - Processing /home/airflow/.local/lib/python3.12/site-packages/airflow/example_dags/example_skip_dag.py took 0.055 seconds
[2026-03-19T07:51:34.813+0000] {processor.py:161} INFO - Started process (PID=37223) to work on /home/airflow/.local/lib/python3.12/site-packages/airflow/example_dags/example_skip_dag.py
[2026-03-19T07:51:34.814+0000] {processor.py:830} INFO - Processing file /home/airflow/.local/lib/python3.12/site-packages/airflow/example_dags/example_skip_dag.py for tasks to queue
[2026-03-19T07:51:34.815+0000] {logging_mixin.py:188} INFO - [2026-03-19T07:51:34.815+0000] {dagbag.py:545} INFO - Filling up the DagBag from /home/airflow/.local/lib/python3.12/site-packages/airflow/example_dags/example_skip_dag.py
[2026-03-19T07:51:34.828+0000] {processor.py:840} INFO - DAG(s) 'example_skip_dag' retrieved from /home/airflow/.local/lib/python3.12/site-packages/airflow/example_dags/example_skip_dag.py
[2026-03-19T07:51:34.871+0000] {logging_mixin.py:188} INFO - [2026-03-19T07:51:34.871+0000] {dag.py:3096} INFO - Sync 1 DAGs
[2026-03-19T07:51:34.911+0000] {logging_mixin.py:188} INFO - [2026-03-19T07:51:34.910+0000] {dag.py:3954} INFO - Setting next_dagrun for example_skip_dag to 2026-03-18 00:00:00+00:00, run_after=2026-03-19 00:00:00+00:00
[2026-03-19T07:51:34.975+0000] {processor.py:183} INFO - Processing /home/airflow/.local/lib/python3.12/site-packages/airflow/example_dags/example_skip_dag.py took 0.172 seconds
[2026-03-19T07:52:05.113+0000] {processor.py:161} INFO - Started process (PID=37282) to work on /home/airflow/.local/lib/python3.12/site-packages/airflow/example_dags/example_skip_dag.py
[2026-03-19T07:52:05.113+0000] {processor.py:830} INFO - Processing file /home/airflow/.local/lib/python3.12/site-packages/airflow/example_dags/example_skip_dag.py for tasks to queue
[2026-03-19T07:52:05.114+0000] {logging_mixin.py:188} INFO - [2026-03-19T07:52:05.114+0000] {dagbag.py:545} INFO - Filling up the DagBag from /home/airflow/.local/lib/python3.12/site-packages/airflow/example_dags/example_skip_dag.py
[2026-03-19T07:52:05.120+0000] {processor.py:840} INFO - DAG(s) 'example_skip_dag' retrieved from /home/airflow/.local/lib/python3.12/site-packages/airflow/example_dags/example_skip_dag.py
[2026-03-19T07:52:05.132+0000] {logging_mixin.py:188} INFO - [2026-03-19T07:52:05.132+0000] {dag.py:3096} INFO - Sync 1 DAGs
[2026-03-19T07:52:05.146+0000] {logging_mixin.py:188} INFO - [2026-03-19T07:52:05.146+0000] {dag.py:3954} INFO - Setting next_dagrun for example_skip_dag to 2026-03-18 00:00:00+00:00, run_after=2026-03-19 00:00:00+00:00
[2026-03-19T07:52:05.161+0000] {processor.py:183} INFO - Processing /home/airflow/.local/lib/python3.12/site-packages/airflow/example_dags/example_skip_dag.py took 0.051 seconds
[2026-03-19T07:52:36.056+0000] {processor.py:161} INFO - Started process (PID=37341) to work on /home/airflow/.local/lib/python3.12/site-packages/airflow/example_dags/example_skip_dag.py
[2026-03-19T07:52:36.057+0000] {processor.py:830} INFO - Processing file /home/airflow/.local/lib/python3.12/site-packages/airflow/example_dags/example_skip_dag.py for tasks to queue
[2026-03-19T07:52:36.058+0000] {logging_mixin.py:188} INFO - [2026-03-19T07:52:36.057+0000] {dagbag.py:545} INFO - Filling up the DagBag from /home/airflow/.local/lib/python3.12/site-packages/airflow/example_dags/example_skip_dag.py
[2026-03-19T07:52:36.062+0000] {processor.py:840} INFO - DAG(s) 'example_skip_dag' retrieved from /home/airflow/.local/lib/python3.12/site-packages/airflow/example_dags/example_skip_dag.py
[2026-03-19T07:52:36.073+0000] {logging_mixin.py:188} INFO - [2026-03-19T07:52:36.073+0000] {dag.py:3096} INFO - Sync 1 DAGs
[2026-03-19T07:52:36.087+0000] {logging_mixin.py:188} INFO - [2026-03-19T07:52:36.087+0000] {dag.py:3954} INFO - Setting next_dagrun for example_skip_dag to 2026-03-18 00:00:00+00:00, run_after=2026-03-19 00:00:00+00:00
[2026-03-19T07:52:36.100+0000] {processor.py:183} INFO - Processing /home/airflow/.local/lib/python3.12/site-packages/airflow/example_dags/example_skip_dag.py took 0.047 seconds
[2026-03-19T07:53:06.742+0000] {processor.py:161} INFO - Started process (PID=37400) to work on /home/airflow/.local/lib/python3.12/site-packages/airflow/example_dags/example_skip_dag.py
[2026-03-19T07:53:06.743+0000] {processor.py:830} INFO - Processing file /home/airflow/.local/lib/python3.12/site-packages/airflow/example_dags/example_skip_dag.py for tasks to queue
[2026-03-19T07:53:06.743+0000] {logging_mixin.py:188} INFO - [2026-03-19T07:53:06.743+0000] {dagbag.py:545} INFO - Filling up the DagBag from /home/airflow/.local/lib/python3.12/site-packages/airflow/example_dags/example_skip_dag.py
[2026-03-19T07:53:06.747+0000] {processor.py:840} INFO - DAG(s) 'example_skip_dag' retrieved from /home/airflow/.local/lib/python3.12/site-packages/airflow/example_dags/example_skip_dag.py
[2026-03-19T07:53:06.760+0000] {logging_mixin.py:188} INFO - [2026-03-19T07:53:06.759+0000] {dag.py:3096} INFO - Sync 1 DAGs
[2026-03-19T07:53:06.771+0000] {logging_mixin.py:188} INFO - [2026-03-19T07:53:06.771+0000] {dag.py:3954} INFO - Setting next_dagrun for example_skip_dag to 2026-03-18 00:00:00+00:00, run_after=2026-03-19 00:00:00+00:00
[2026-03-19T07:53:06.781+0000] {processor.py:183} INFO - Processing /home/airflow/.local/lib/python3.12/site-packages/airflow/example_dags/example_skip_dag.py took 0.042 seconds
[2026-03-19T07:53:37.193+0000] {processor.py:161} INFO - Started process (PID=37459) to work on /home/airflow/.local/lib/python3.12/site-packages/airflow/example_dags/example_skip_dag.py
[2026-03-19T07:53:37.194+0000] {processor.py:830} INFO - Processing file /home/airflow/.local/lib/python3.12/site-packages/airflow/example_dags/example_skip_dag.py for tasks to queue
[2026-03-19T07:53:37.194+0000] {logging_mixin.py:188} INFO - [2026-03-19T07:53:37.194+0000] {dagbag.py:545} INFO - Filling up the DagBag from /home/airflow/.local/lib/python3.12/site-packages/airflow/example_dags/example_skip_dag.py
[2026-03-19T07:53:37.203+0000] {processor.py:840} INFO - DAG(s) 'example_skip_dag' retrieved from /home/airflow/.local/lib/python3.12/site-packages/airflow/example_dags/example_skip_dag.py
[2026-03-19T07:53:37.226+0000] {logging_mixin.py:188} INFO - [2026-03-19T07:53:37.226+0000] {dag.py:3096} INFO - Sync 1 DAGs
[2026-03-19T07:53:37.244+0000] {logging_mixin.py:188} INFO - [2026-03-19T07:53:37.244+0000] {dag.py:3954} INFO - Setting next_dagrun for example_skip_dag to 2026-03-18 00:00:00+00:00, run_after=2026-03-19 00:00:00+00:00
[2026-03-19T07:53:37.259+0000] {processor.py:183} INFO - Processing /home/airflow/.local/lib/python3.12/site-packages/airflow/example_dags/example_skip_dag.py took 0.070 seconds
[2026-03-19T07:54:07.540+0000] {processor.py:161} INFO - Started process (PID=37518) to work on /home/airflow/.local/lib/python3.12/site-packages/airflow/example_dags/example_skip_dag.py
[2026-03-19T07:54:07.540+0000] {processor.py:830} INFO - Processing file /home/airflow/.local/lib/python3.12/site-packages/airflow/example_dags/example_skip_dag.py for tasks to queue
[2026-03-19T07:54:07.544+0000] {logging_mixin.py:188} INFO - [2026-03-19T07:54:07.544+0000] {dagbag.py:545} INFO - Filling up the DagBag from /home/airflow/.local/lib/python3.12/site-packages/airflow/example_dags/example_skip_dag.py
[2026-03-19T07:54:07.548+0000] {processor.py:840} INFO - DAG(s) 'example_skip_dag' retrieved from /home/airflow/.local/lib/python3.12/site-packages/airflow/example_dags/example_skip_dag.py
[2026-03-19T07:54:07.559+0000] {logging_mixin.py:188} INFO - [2026-03-19T07:54:07.559+0000] {dag.py:3096} INFO - Sync 1 DAGs
[2026-03-19T07:54:07.570+0000] {logging_mixin.py:188} INFO - [2026-03-19T07:54:07.570+0000] {dag.py:3954} INFO - Setting next_dagrun for example_skip_dag to 2026-03-18 00:00:00+00:00, run_after=2026-03-19 00:00:00+00:00
[2026-03-19T07:54:07.579+0000] {processor.py:183} INFO - Processing /home/airflow/.local/lib/python3.12/site-packages/airflow/example_dags/example_skip_dag.py took 0.043 seconds
[2026-03-19T07:54:37.897+0000] {processor.py:161} INFO - Started process (PID=37577) to work on /home/airflow/.local/lib/python3.12/site-packages/airflow/example_dags/example_skip_dag.py
[2026-03-19T07:54:37.898+0000] {processor.py:830} INFO - Processing file /home/airflow/.local/lib/python3.12/site-packages/airflow/example_dags/example_skip_dag.py for tasks to queue
[2026-03-19T07:54:37.898+0000] {logging_mixin.py:188} INFO - [2026-03-19T07:54:37.898+0000] {dagbag.py:545} INFO - Filling up the DagBag from /home/airflow/.local/lib/python3.12/site-packages/airflow/example_dags/example_skip_dag.py
[2026-03-19T07:54:37.904+0000] {processor.py:840} INFO - DAG(s) 'example_skip_dag' retrieved from /home/airflow/.local/lib/python3.12/site-packages/airflow/example_dags/example_skip_dag.py
[2026-03-19T07:54:37.917+0000] {logging_mixin.py:188} INFO - [2026-03-19T07:54:37.917+0000] {dag.py:3096} INFO - Sync 1 DAGs
[2026-03-19T07:54:37.931+0000] {logging_mixin.py:188} INFO - [2026-03-19T07:54:37.931+0000] {dag.py:3954} INFO - Setting next_dagrun for example_skip_dag to 2026-03-18 00:00:00+00:00, run_after=2026-03-19 00:00:00+00:00
[2026-03-19T07:54:37.948+0000] {processor.py:183} INFO - Processing /home/airflow/.local/lib/python3.12/site-packages/airflow/example_dags/example_skip_dag.py took 0.055 seconds
[2026-03-19T07:55:08.264+0000] {processor.py:161} INFO - Started process (PID=37636) to work on /home/airflow/.local/lib/python3.12/site-packages/airflow/example_dags/example_skip_dag.py
[2026-03-19T07:55:08.266+0000] {processor.py:830} INFO - Processing file /home/airflow/.local/lib/python3.12/site-packages/airflow/example_dags/example_skip_dag.py for tasks to queue
[2026-03-19T07:55:08.266+0000] {logging_mixin.py:188} INFO - [2026-03-19T07:55:08.266+0000] {dagbag.py:545} INFO - Filling up the DagBag from /home/airflow/.local/lib/python3.12/site-packages/airflow/example_dags/example_skip_dag.py
[2026-03-19T07:55:08.274+0000] {processor.py:840} INFO - DAG(s) 'example_skip_dag' retrieved from /home/airflow/.local/lib/python3.12/site-packages/airflow/example_dags/example_skip_dag.py
[2026-03-19T07:55:08.295+0000] {logging_mixin.py:188} INFO - [2026-03-19T07:55:08.295+0000] {dag.py:3096} INFO - Sync 1 DAGs
[2026-03-19T07:55:08.313+0000] {logging_mixin.py:188} INFO - [2026-03-19T07:55:08.313+0000] {dag.py:3954} INFO - Setting next_dagrun for example_skip_dag to 2026-03-18 00:00:00+00:00, run_after=2026-03-19 00:00:00+00:00
[2026-03-19T07:55:08.323+0000] {processor.py:183} INFO - Processing /home/airflow/.local/lib/python3.12/site-packages/airflow/example_dags/example_skip_dag.py took 0.063 seconds
[2026-03-19T07:55:39.034+0000] {processor.py:161} INFO - Started process (PID=37695) to work on /home/airflow/.local/lib/python3.12/site-packages/airflow/example_dags/example_skip_dag.py
[2026-03-19T07:55:39.036+0000] {processor.py:830} INFO - Processing file /home/airflow/.local/lib/python3.12/site-packages/airflow/example_dags/example_skip_dag.py for tasks to queue
[2026-03-19T07:55:39.036+0000] {logging_mixin.py:188} INFO - [2026-03-19T07:55:39.036+0000] {dagbag.py:545} INFO - Filling up the DagBag from /home/airflow/.local/lib/python3.12/site-packages/airflow/example_dags/example_skip_dag.py
[2026-03-19T07:55:39.041+0000] {processor.py:840} INFO - DAG(s) 'example_skip_dag' retrieved from /home/airflow/.local/lib/python3.12/site-packages/airflow/example_dags/example_skip_dag.py
[2026-03-19T07:55:39.053+0000] {logging_mixin.py:188} INFO - [2026-03-19T07:55:39.053+0000] {dag.py:3096} INFO - Sync 1 DAGs
[2026-03-19T07:55:39.066+0000] {logging_mixin.py:188} INFO - [2026-03-19T07:55:39.066+0000] {dag.py:3954} INFO - Setting next_dagrun for example_skip_dag to 2026-03-18 00:00:00+00:00, run_after=2026-03-19 00:00:00+00:00
[2026-03-19T07:55:39.075+0000] {processor.py:183} INFO - Processing /home/airflow/.local/lib/python3.12/site-packages/airflow/example_dags/example_skip_dag.py took 0.045 seconds
[2026-03-19T07:56:09.880+0000] {processor.py:161} INFO - Started process (PID=37754) to work on /home/airflow/.local/lib/python3.12/site-packages/airflow/example_dags/example_skip_dag.py
[2026-03-19T07:56:09.883+0000] {processor.py:830} INFO - Processing file /home/airflow/.local/lib/python3.12/site-packages/airflow/example_dags/example_skip_dag.py for tasks to queue
[2026-03-19T07:56:09.883+0000] {logging_mixin.py:188} INFO - [2026-03-19T07:56:09.883+0000] {dagbag.py:545} INFO - Filling up the DagBag from /home/airflow/.local/lib/python3.12/site-packages/airflow/example_dags/example_skip_dag.py
[2026-03-19T07:56:09.892+0000] {processor.py:840} INFO - DAG(s) 'example_skip_dag' retrieved from /home/airflow/.local/lib/python3.12/site-packages/airflow/example_dags/example_skip_dag.py
[2026-03-19T07:56:09.913+0000] {logging_mixin.py:188} INFO - [2026-03-19T07:56:09.913+0000] {dag.py:3096} INFO - Sync 1 DAGs
[2026-03-19T07:56:09.931+0000] {logging_mixin.py:188} INFO - [2026-03-19T07:56:09.930+0000] {dag.py:3954} INFO - Setting next_dagrun for example_skip_dag to 2026-03-18 00:00:00+00:00, run_after=2026-03-19 00:00:00+00:00
[2026-03-19T07:56:09.951+0000] {processor.py:183} INFO - Processing /home/airflow/.local/lib/python3.12/site-packages/airflow/example_dags/example_skip_dag.py took 0.079 seconds
[2026-03-19T07:56:40.875+0000] {processor.py:161} INFO - Started process (PID=37813) to work on /home/airflow/.local/lib/python3.12/site-packages/airflow/example_dags/example_skip_dag.py
[2026-03-19T07:56:40.876+0000] {processor.py:830} INFO - Processing file /home/airflow/.local/lib/python3.12/site-packages/airflow/example_dags/example_skip_dag.py for tasks to queue
[2026-03-19T07:56:40.877+0000] {logging_mixin.py:188} INFO - [2026-03-19T07:56:40.877+0000] {dagbag.py:545} INFO - Filling up the DagBag from /home/airflow/.local/lib/python3.12/site-packages/airflow/example_dags/example_skip_dag.py
[2026-03-19T07:56:40.885+0000] {processor.py:840} INFO - DAG(s) 'example_skip_dag' retrieved from /home/airflow/.local/lib/python3.12/site-packages/airflow/example_dags/example_skip_dag.py
[2026-03-19T07:56:40.905+0000] {logging_mixin.py:188} INFO - [2026-03-19T07:56:40.904+0000] {dag.py:3096} INFO - Sync 1 DAGs
[2026-03-19T07:56:40.918+0000] {logging_mixin.py:188} INFO - [2026-03-19T07:56:40.918+0000] {dag.py:3954} INFO - Setting next_dagrun for example_skip_dag to 2026-03-18 00:00:00+00:00, run_after=2026-03-19 00:00:00+00:00
[2026-03-19T07:56:40.932+0000] {processor.py:183} INFO - Processing /home/airflow/.local/lib/python3.12/site-packages/airflow/example_dags/example_skip_dag.py took 0.062 seconds
[2026-03-19T07:57:11.669+0000] {processor.py:161} INFO - Started process (PID=37872) to work on /home/airflow/.local/lib/python3.12/site-packages/airflow/example_dags/example_skip_dag.py
[2026-03-19T07:57:11.677+0000] {processor.py:830} INFO - Processing file /home/airflow/.local/lib/python3.12/site-packages/airflow/example_dags/example_skip_dag.py for tasks to queue
[2026-03-19T07:57:11.679+0000] {logging_mixin.py:188} INFO - [2026-03-19T07:57:11.679+0000] {dagbag.py:545} INFO - Filling up the DagBag from /home/airflow/.local/lib/python3.12/site-packages/airflow/example_dags/example_skip_dag.py
[2026-03-19T07:57:11.686+0000] {processor.py:840} INFO - DAG(s) 'example_skip_dag' retrieved from /home/airflow/.local/lib/python3.12/site-packages/airflow/example_dags/example_skip_dag.py
[2026-03-19T07:57:11.715+0000] {logging_mixin.py:188} INFO - [2026-03-19T07:57:11.714+0000] {dag.py:3096} INFO - Sync 1 DAGs
[2026-03-19T07:57:11.744+0000] {logging_mixin.py:188} INFO - [2026-03-19T07:57:11.744+0000] {dag.py:3954} INFO - Setting next_dagrun for example_skip_dag to 2026-03-18 00:00:00+00:00, run_after=2026-03-19 00:00:00+00:00
[2026-03-19T07:57:11.766+0000] {processor.py:183} INFO - Processing /home/airflow/.local/lib/python3.12/site-packages/airflow/example_dags/example_skip_dag.py took 0.106 seconds
[2026-03-19T07:57:42.289+0000] {processor.py:161} INFO - Started process (PID=37931) to work on /home/airflow/.local/lib/python3.12/site-packages/airflow/example_dags/example_skip_dag.py
[2026-03-19T07:57:42.293+0000] {processor.py:830} INFO - Processing file /home/airflow/.local/lib/python3.12/site-packages/airflow/example_dags/example_skip_dag.py for tasks to queue
[2026-03-19T07:57:42.293+0000] {logging_mixin.py:188} INFO - [2026-03-19T07:57:42.293+0000] {dagbag.py:545} INFO - Filling up the DagBag from /home/airflow/.local/lib/python3.12/site-packages/airflow/example_dags/example_skip_dag.py
[2026-03-19T07:57:42.300+0000] {processor.py:840} INFO - DAG(s) 'example_skip_dag' retrieved from /home/airflow/.local/lib/python3.12/site-packages/airflow/example_dags/example_skip_dag.py
[2026-03-19T07:57:42.320+0000] {logging_mixin.py:188} INFO - [2026-03-19T07:57:42.320+0000] {dag.py:3096} INFO - Sync 1 DAGs
[2026-03-19T07:57:42.333+0000] {logging_mixin.py:188} INFO - [2026-03-19T07:57:42.333+0000] {dag.py:3954} INFO - Setting next_dagrun for example_skip_dag to 2026-03-18 00:00:00+00:00, run_after=2026-03-19 00:00:00+00:00
[2026-03-19T07:57:42.346+0000] {processor.py:183} INFO - Processing /home/airflow/.local/lib/python3.12/site-packages/airflow/example_dags/example_skip_dag.py took 0.061 seconds
[2026-03-19T07:58:12.770+0000] {processor.py:161} INFO - Started process (PID=37990) to work on /home/airflow/.local/lib/python3.12/site-packages/airflow/example_dags/example_skip_dag.py
[2026-03-19T07:58:12.770+0000] {processor.py:830} INFO - Processing file /home/airflow/.local/lib/python3.12/site-packages/airflow/example_dags/example_skip_dag.py for tasks to queue
[2026-03-19T07:58:12.771+0000] {logging_mixin.py:188} INFO - [2026-03-19T07:58:12.771+0000] {dagbag.py:545} INFO - Filling up the DagBag from /home/airflow/.local/lib/python3.12/site-packages/airflow/example_dags/example_skip_dag.py
[2026-03-19T07:58:12.776+0000] {processor.py:840} INFO - DAG(s) 'example_skip_dag' retrieved from /home/airflow/.local/lib/python3.12/site-packages/airflow/example_dags/example_skip_dag.py
[2026-03-19T07:58:12.794+0000] {logging_mixin.py:188} INFO - [2026-03-19T07:58:12.794+0000] {dag.py:3096} INFO - Sync 1 DAGs
[2026-03-19T07:58:12.808+0000] {logging_mixin.py:188} INFO - [2026-03-19T07:58:12.808+0000] {dag.py:3954} INFO - Setting next_dagrun for example_skip_dag to 2026-03-18 00:00:00+00:00, run_after=2026-03-19 00:00:00+00:00
[2026-03-19T07:58:12.822+0000] {processor.py:183} INFO - Processing /home/airflow/.local/lib/python3.12/site-packages/airflow/example_dags/example_skip_dag.py took 0.058 seconds
[2026-03-19T07:58:43.347+0000] {processor.py:161} INFO - Started process (PID=38049) to work on /home/airflow/.local/lib/python3.12/site-packages/airflow/example_dags/example_skip_dag.py
[2026-03-19T07:58:43.349+0000] {processor.py:830} INFO - Processing file /home/airflow/.local/lib/python3.12/site-packages/airflow/example_dags/example_skip_dag.py for tasks to queue
[2026-03-19T07:58:43.350+0000] {logging_mixin.py:188} INFO - [2026-03-19T07:58:43.350+0000] {dagbag.py:545} INFO - Filling up the DagBag from /home/airflow/.local/lib/python3.12/site-packages/airflow/example_dags/example_skip_dag.py
[2026-03-19T07:58:43.354+0000] {processor.py:840} INFO - DAG(s) 'example_skip_dag' retrieved from /home/airflow/.local/lib/python3.12/site-packages/airflow/example_dags/example_skip_dag.py
[2026-03-19T07:58:43.365+0000] {logging_mixin.py:188} INFO - [2026-03-19T07:58:43.365+0000] {dag.py:3096} INFO - Sync 1 DAGs
[2026-03-19T07:58:43.377+0000] {logging_mixin.py:188} INFO - [2026-03-19T07:58:43.377+0000] {dag.py:3954} INFO - Setting next_dagrun for example_skip_dag to 2026-03-18 00:00:00+00:00, run_after=2026-03-19 00:00:00+00:00
[2026-03-19T07:58:43.387+0000] {processor.py:183} INFO - Processing /home/airflow/.local/lib/python3.12/site-packages/airflow/example_dags/example_skip_dag.py took 0.044 seconds
[2026-03-19T07:59:13.538+0000] {processor.py:161} INFO - Started process (PID=38108) to work on /home/airflow/.local/lib/python3.12/site-packages/airflow/example_dags/example_skip_dag.py
[2026-03-19T07:59:13.539+0000] {processor.py:830} INFO - Processing file /home/airflow/.local/lib/python3.12/site-packages/airflow/example_dags/example_skip_dag.py for tasks to queue
[2026-03-19T07:59:13.539+0000] {logging_mixin.py:188} INFO - [2026-03-19T07:59:13.539+0000] {dagbag.py:545} INFO - Filling up the DagBag from /home/airflow/.local/lib/python3.12/site-packages/airflow/example_dags/example_skip_dag.py
[2026-03-19T07:59:13.543+0000] {processor.py:840} INFO - DAG(s) 'example_skip_dag' retrieved from /home/airflow/.local/lib/python3.12/site-packages/airflow/example_dags/example_skip_dag.py
[2026-03-19T07:59:13.553+0000] {logging_mixin.py:188} INFO - [2026-03-19T07:59:13.553+0000] {dag.py:3096} INFO - Sync 1 DAGs
[2026-03-19T07:59:13.563+0000] {logging_mixin.py:188} INFO - [2026-03-19T07:59:13.563+0000] {dag.py:3954} INFO - Setting next_dagrun for example_skip_dag to 2026-03-18 00:00:00+00:00, run_after=2026-03-19 00:00:00+00:00
[2026-03-19T07:59:13.572+0000] {processor.py:183} INFO - Processing /home/airflow/.local/lib/python3.12/site-packages/airflow/example_dags/example_skip_dag.py took 0.037 seconds
[2026-03-19T07:59:44.134+0000] {processor.py:161} INFO - Started process (PID=38167) to work on /home/airflow/.local/lib/python3.12/site-packages/airflow/example_dags/example_skip_dag.py
[2026-03-19T07:59:44.136+0000] {processor.py:830} INFO - Processing file /home/airflow/.local/lib/python3.12/site-packages/airflow/example_dags/example_skip_dag.py for tasks to queue
[2026-03-19T07:59:44.137+0000] {logging_mixin.py:188} INFO - [2026-03-19T07:59:44.136+0000] {dagbag.py:545} INFO - Filling up the DagBag from /home/airflow/.local/lib/python3.12/site-packages/airflow/example_dags/example_skip_dag.py
[2026-03-19T07:59:44.150+0000] {processor.py:840} INFO - DAG(s) 'example_skip_dag' retrieved from /home/airflow/.local/lib/python3.12/site-packages/airflow/example_dags/example_skip_dag.py
[2026-03-19T07:59:44.173+0000] {logging_mixin.py:188} INFO - [2026-03-19T07:59:44.172+0000] {dag.py:3096} INFO - Sync 1 DAGs
[2026-03-19T07:59:44.191+0000] {logging_mixin.py:188} INFO - [2026-03-19T07:59:44.191+0000] {dag.py:3954} INFO - Setting next_dagrun for example_skip_dag to 2026-03-18 00:00:00+00:00, run_after=2026-03-19 00:00:00+00:00
[2026-03-19T07:59:44.207+0000] {processor.py:183} INFO - Processing /home/airflow/.local/lib/python3.12/site-packages/airflow/example_dags/example_skip_dag.py took 0.080 seconds
[2026-03-19T08:00:15.474+0000] {processor.py:161} INFO - Started process (PID=38232) to work on /home/airflow/.local/lib/python3.12/site-packages/airflow/example_dags/example_skip_dag.py
[2026-03-19T08:00:15.476+0000] {processor.py:830} INFO - Processing file /home/airflow/.local/lib/python3.12/site-packages/airflow/example_dags/example_skip_dag.py for tasks to queue
[2026-03-19T08:00:15.482+0000] {logging_mixin.py:188} INFO - [2026-03-19T08:00:15.481+0000] {dagbag.py:545} INFO - Filling up the DagBag from /home/airflow/.local/lib/python3.12/site-packages/airflow/example_dags/example_skip_dag.py
[2026-03-19T08:00:15.546+0000] {processor.py:840} INFO - DAG(s) 'example_skip_dag' retrieved from /home/airflow/.local/lib/python3.12/site-packages/airflow/example_dags/example_skip_dag.py
[2026-03-19T08:00:15.619+0000] {logging_mixin.py:188} INFO - [2026-03-19T08:00:15.619+0000] {dag.py:3096} INFO - Sync 1 DAGs
[2026-03-19T08:00:15.659+0000] {logging_mixin.py:188} INFO - [2026-03-19T08:00:15.658+0000] {dag.py:3954} INFO - Setting next_dagrun for example_skip_dag to 2026-03-18 00:00:00+00:00, run_after=2026-03-19 00:00:00+00:00
[2026-03-19T08:00:15.689+0000] {processor.py:183} INFO - Processing /home/airflow/.local/lib/python3.12/site-packages/airflow/example_dags/example_skip_dag.py took 0.220 seconds
[2026-03-19T08:00:46.530+0000] {processor.py:161} INFO - Started process (PID=38291) to work on /home/airflow/.local/lib/python3.12/site-packages/airflow/example_dags/example_skip_dag.py
[2026-03-19T08:00:46.534+0000] {processor.py:830} INFO - Processing file /home/airflow/.local/lib/python3.12/site-packages/airflow/example_dags/example_skip_dag.py for tasks to queue
[2026-03-19T08:00:46.535+0000] {logging_mixin.py:188} INFO - [2026-03-19T08:00:46.535+0000] {dagbag.py:545} INFO - Filling up the DagBag from /home/airflow/.local/lib/python3.12/site-packages/airflow/example_dags/example_skip_dag.py
[2026-03-19T08:00:46.543+0000] {processor.py:840} INFO - DAG(s) 'example_skip_dag' retrieved from /home/airflow/.local/lib/python3.12/site-packages/airflow/example_dags/example_skip_dag.py
[2026-03-19T08:00:46.561+0000] {logging_mixin.py:188} INFO - [2026-03-19T08:00:46.561+0000] {dag.py:3096} INFO - Sync 1 DAGs
[2026-03-19T08:00:46.576+0000] {logging_mixin.py:188} INFO - [2026-03-19T08:00:46.576+0000] {dag.py:3954} INFO - Setting next_dagrun for example_skip_dag to 2026-03-18 00:00:00+00:00, run_after=2026-03-19 00:00:00+00:00
[2026-03-19T08:00:46.589+0000] {processor.py:183} INFO - Processing /home/airflow/.local/lib/python3.12/site-packages/airflow/example_dags/example_skip_dag.py took 0.066 seconds
