[2026-03-19T00:12:43.738+0000] {processor.py:161} INFO - Started process (PID=35677) to work on /home/airflow/.local/lib/python3.12/site-packages/airflow/example_dags/example_nested_branch_dag.py
[2026-03-19T00:12:43.740+0000] {processor.py:830} INFO - Processing file /home/airflow/.local/lib/python3.12/site-packages/airflow/example_dags/example_nested_branch_dag.py for tasks to queue
[2026-03-19T00:12:43.744+0000] {logging_mixin.py:188} INFO - [2026-03-19T00:12:43.744+0000] {dagbag.py:545} INFO - Filling up the DagBag from /home/airflow/.local/lib/python3.12/site-packages/airflow/example_dags/example_nested_branch_dag.py
[2026-03-19T00:12:43.752+0000] {processor.py:840} INFO - DAG(s) 'example_nested_branch_dag' retrieved from /home/airflow/.local/lib/python3.12/site-packages/airflow/example_dags/example_nested_branch_dag.py
[2026-03-19T00:12:43.767+0000] {logging_mixin.py:188} INFO - [2026-03-19T00:12:43.767+0000] {dag.py:3096} INFO - Sync 1 DAGs
[2026-03-19T00:12:43.788+0000] {logging_mixin.py:188} INFO - [2026-03-19T00:12:43.788+0000] {dag.py:3954} INFO - Setting next_dagrun for example_nested_branch_dag to 2026-03-18 00:00:00+00:00, run_after=2026-03-19 00:00:00+00:00
[2026-03-19T00:12:43.806+0000] {processor.py:183} INFO - Processing /home/airflow/.local/lib/python3.12/site-packages/airflow/example_dags/example_nested_branch_dag.py took 0.075 seconds
[2026-03-19T00:46:43.488+0000] {processor.py:161} INFO - Started process (PID=35736) to work on /home/airflow/.local/lib/python3.12/site-packages/airflow/example_dags/example_nested_branch_dag.py
[2026-03-19T00:46:43.490+0000] {processor.py:830} INFO - Processing file /home/airflow/.local/lib/python3.12/site-packages/airflow/example_dags/example_nested_branch_dag.py for tasks to queue
[2026-03-19T00:46:43.496+0000] {logging_mixin.py:188} INFO - [2026-03-19T00:46:43.495+0000] {dagbag.py:545} INFO - Filling up the DagBag from /home/airflow/.local/lib/python3.12/site-packages/airflow/example_dags/example_nested_branch_dag.py
[2026-03-19T00:46:43.529+0000] {processor.py:840} INFO - DAG(s) 'example_nested_branch_dag' retrieved from /home/airflow/.local/lib/python3.12/site-packages/airflow/example_dags/example_nested_branch_dag.py
[2026-03-19T00:46:43.628+0000] {logging_mixin.py:188} INFO - [2026-03-19T00:46:43.627+0000] {dag.py:3096} INFO - Sync 1 DAGs
[2026-03-19T00:46:43.691+0000] {logging_mixin.py:188} INFO - [2026-03-19T00:46:43.690+0000] {dag.py:3954} INFO - Setting next_dagrun for example_nested_branch_dag to 2026-03-18 00:00:00+00:00, run_after=2026-03-19 00:00:00+00:00
[2026-03-19T00:46:43.733+0000] {processor.py:183} INFO - Processing /home/airflow/.local/lib/python3.12/site-packages/airflow/example_dags/example_nested_branch_dag.py took 0.263 seconds
[2026-03-19T01:13:42.610+0000] {processor.py:161} INFO - Started process (PID=35803) to work on /home/airflow/.local/lib/python3.12/site-packages/airflow/example_dags/example_nested_branch_dag.py
[2026-03-19T01:13:42.613+0000] {processor.py:830} INFO - Processing file /home/airflow/.local/lib/python3.12/site-packages/airflow/example_dags/example_nested_branch_dag.py for tasks to queue
[2026-03-19T01:13:42.617+0000] {logging_mixin.py:188} INFO - [2026-03-19T01:13:42.617+0000] {dagbag.py:545} INFO - Filling up the DagBag from /home/airflow/.local/lib/python3.12/site-packages/airflow/example_dags/example_nested_branch_dag.py
[2026-03-19T01:13:42.632+0000] {processor.py:840} INFO - DAG(s) 'example_nested_branch_dag' retrieved from /home/airflow/.local/lib/python3.12/site-packages/airflow/example_dags/example_nested_branch_dag.py
[2026-03-19T01:13:42.666+0000] {logging_mixin.py:188} INFO - [2026-03-19T01:13:42.666+0000] {dag.py:3096} INFO - Sync 1 DAGs
[2026-03-19T01:13:42.919+0000] {logging_mixin.py:188} INFO - [2026-03-19T01:13:42.919+0000] {dag.py:3954} INFO - Setting next_dagrun for example_nested_branch_dag to 2026-03-18 00:00:00+00:00, run_after=2026-03-19 00:00:00+00:00
[2026-03-19T01:13:42.948+0000] {processor.py:183} INFO - Processing /home/airflow/.local/lib/python3.12/site-packages/airflow/example_dags/example_nested_branch_dag.py took 0.350 seconds
[2026-03-19T01:30:56.849+0000] {processor.py:161} INFO - Started process (PID=35870) to work on /home/airflow/.local/lib/python3.12/site-packages/airflow/example_dags/example_nested_branch_dag.py
[2026-03-19T01:30:56.850+0000] {processor.py:830} INFO - Processing file /home/airflow/.local/lib/python3.12/site-packages/airflow/example_dags/example_nested_branch_dag.py for tasks to queue
[2026-03-19T01:30:56.852+0000] {logging_mixin.py:188} INFO - [2026-03-19T01:30:56.852+0000] {dagbag.py:545} INFO - Filling up the DagBag from /home/airflow/.local/lib/python3.12/site-packages/airflow/example_dags/example_nested_branch_dag.py
[2026-03-19T01:30:56.868+0000] {processor.py:840} INFO - DAG(s) 'example_nested_branch_dag' retrieved from /home/airflow/.local/lib/python3.12/site-packages/airflow/example_dags/example_nested_branch_dag.py
[2026-03-19T01:30:56.918+0000] {logging_mixin.py:188} INFO - [2026-03-19T01:30:56.918+0000] {dag.py:3096} INFO - Sync 1 DAGs
[2026-03-19T01:30:56.947+0000] {logging_mixin.py:188} INFO - [2026-03-19T01:30:56.947+0000] {dag.py:3954} INFO - Setting next_dagrun for example_nested_branch_dag to 2026-03-18 00:00:00+00:00, run_after=2026-03-19 00:00:00+00:00
[2026-03-19T01:30:56.982+0000] {processor.py:183} INFO - Processing /home/airflow/.local/lib/python3.12/site-packages/airflow/example_dags/example_nested_branch_dag.py took 0.144 seconds
[2026-03-19T02:15:02.958+0000] {processor.py:161} INFO - Started process (PID=35934) to work on /home/airflow/.local/lib/python3.12/site-packages/airflow/example_dags/example_nested_branch_dag.py
[2026-03-19T02:15:02.962+0000] {processor.py:830} INFO - Processing file /home/airflow/.local/lib/python3.12/site-packages/airflow/example_dags/example_nested_branch_dag.py for tasks to queue
[2026-03-19T02:15:02.970+0000] {logging_mixin.py:188} INFO - [2026-03-19T02:15:02.967+0000] {dagbag.py:545} INFO - Filling up the DagBag from /home/airflow/.local/lib/python3.12/site-packages/airflow/example_dags/example_nested_branch_dag.py
[2026-03-19T02:15:03.015+0000] {processor.py:840} INFO - DAG(s) 'example_nested_branch_dag' retrieved from /home/airflow/.local/lib/python3.12/site-packages/airflow/example_dags/example_nested_branch_dag.py
[2026-03-19T02:15:03.152+0000] {logging_mixin.py:188} INFO - [2026-03-19T02:15:03.151+0000] {dag.py:3096} INFO - Sync 1 DAGs
[2026-03-19T02:15:03.242+0000] {logging_mixin.py:188} INFO - [2026-03-19T02:15:03.241+0000] {dag.py:3954} INFO - Setting next_dagrun for example_nested_branch_dag to 2026-03-18 00:00:00+00:00, run_after=2026-03-19 00:00:00+00:00
[2026-03-19T02:15:03.344+0000] {processor.py:183} INFO - Processing /home/airflow/.local/lib/python3.12/site-packages/airflow/example_dags/example_nested_branch_dag.py took 0.411 seconds
[2026-03-19T02:15:34.099+0000] {processor.py:161} INFO - Started process (PID=36001) to work on /home/airflow/.local/lib/python3.12/site-packages/airflow/example_dags/example_nested_branch_dag.py
[2026-03-19T02:15:34.101+0000] {processor.py:830} INFO - Processing file /home/airflow/.local/lib/python3.12/site-packages/airflow/example_dags/example_nested_branch_dag.py for tasks to queue
[2026-03-19T02:15:34.104+0000] {logging_mixin.py:188} INFO - [2026-03-19T02:15:34.102+0000] {dagbag.py:545} INFO - Filling up the DagBag from /home/airflow/.local/lib/python3.12/site-packages/airflow/example_dags/example_nested_branch_dag.py
[2026-03-19T02:15:34.146+0000] {processor.py:840} INFO - DAG(s) 'example_nested_branch_dag' retrieved from /home/airflow/.local/lib/python3.12/site-packages/airflow/example_dags/example_nested_branch_dag.py
[2026-03-19T02:15:34.199+0000] {logging_mixin.py:188} INFO - [2026-03-19T02:15:34.199+0000] {dag.py:3096} INFO - Sync 1 DAGs
[2026-03-19T02:15:34.249+0000] {logging_mixin.py:188} INFO - [2026-03-19T02:15:34.249+0000] {dag.py:3954} INFO - Setting next_dagrun for example_nested_branch_dag to 2026-03-18 00:00:00+00:00, run_after=2026-03-19 00:00:00+00:00
[2026-03-19T02:15:34.281+0000] {processor.py:183} INFO - Processing /home/airflow/.local/lib/python3.12/site-packages/airflow/example_dags/example_nested_branch_dag.py took 0.188 seconds
[2026-03-19T03:06:03.953+0000] {processor.py:161} INFO - Started process (PID=36020) to work on /home/airflow/.local/lib/python3.12/site-packages/airflow/example_dags/example_nested_branch_dag.py
[2026-03-19T03:06:03.959+0000] {processor.py:830} INFO - Processing file /home/airflow/.local/lib/python3.12/site-packages/airflow/example_dags/example_nested_branch_dag.py for tasks to queue
[2026-03-19T03:06:03.973+0000] {logging_mixin.py:188} INFO - [2026-03-19T03:06:03.972+0000] {dagbag.py:545} INFO - Filling up the DagBag from /home/airflow/.local/lib/python3.12/site-packages/airflow/example_dags/example_nested_branch_dag.py
[2026-03-19T03:06:04.020+0000] {processor.py:840} INFO - DAG(s) 'example_nested_branch_dag' retrieved from /home/airflow/.local/lib/python3.12/site-packages/airflow/example_dags/example_nested_branch_dag.py
[2026-03-19T03:06:04.164+0000] {logging_mixin.py:188} INFO - [2026-03-19T03:06:04.163+0000] {dag.py:3096} INFO - Sync 1 DAGs
[2026-03-19T03:06:04.309+0000] {logging_mixin.py:188} INFO - [2026-03-19T03:06:04.308+0000] {dag.py:3954} INFO - Setting next_dagrun for example_nested_branch_dag to 2026-03-18 00:00:00+00:00, run_after=2026-03-19 00:00:00+00:00
[2026-03-19T03:06:04.443+0000] {processor.py:183} INFO - Processing /home/airflow/.local/lib/python3.12/site-packages/airflow/example_dags/example_nested_branch_dag.py took 0.504 seconds
[2026-03-19T03:06:35.285+0000] {processor.py:161} INFO - Started process (PID=36091) to work on /home/airflow/.local/lib/python3.12/site-packages/airflow/example_dags/example_nested_branch_dag.py
[2026-03-19T03:06:35.289+0000] {processor.py:830} INFO - Processing file /home/airflow/.local/lib/python3.12/site-packages/airflow/example_dags/example_nested_branch_dag.py for tasks to queue
[2026-03-19T03:06:35.290+0000] {logging_mixin.py:188} INFO - [2026-03-19T03:06:35.290+0000] {dagbag.py:545} INFO - Filling up the DagBag from /home/airflow/.local/lib/python3.12/site-packages/airflow/example_dags/example_nested_branch_dag.py
[2026-03-19T03:06:35.303+0000] {processor.py:840} INFO - DAG(s) 'example_nested_branch_dag' retrieved from /home/airflow/.local/lib/python3.12/site-packages/airflow/example_dags/example_nested_branch_dag.py
[2026-03-19T03:06:35.323+0000] {logging_mixin.py:188} INFO - [2026-03-19T03:06:35.323+0000] {dag.py:3096} INFO - Sync 1 DAGs
[2026-03-19T03:06:35.339+0000] {logging_mixin.py:188} INFO - [2026-03-19T03:06:35.339+0000] {dag.py:3954} INFO - Setting next_dagrun for example_nested_branch_dag to 2026-03-18 00:00:00+00:00, run_after=2026-03-19 00:00:00+00:00
[2026-03-19T03:06:35.354+0000] {processor.py:183} INFO - Processing /home/airflow/.local/lib/python3.12/site-packages/airflow/example_dags/example_nested_branch_dag.py took 0.078 seconds
[2026-03-19T03:15:41.503+0000] {processor.py:161} INFO - Started process (PID=36150) to work on /home/airflow/.local/lib/python3.12/site-packages/airflow/example_dags/example_nested_branch_dag.py
[2026-03-19T03:15:41.503+0000] {processor.py:830} INFO - Processing file /home/airflow/.local/lib/python3.12/site-packages/airflow/example_dags/example_nested_branch_dag.py for tasks to queue
[2026-03-19T03:15:41.504+0000] {logging_mixin.py:188} INFO - [2026-03-19T03:15:41.504+0000] {dagbag.py:545} INFO - Filling up the DagBag from /home/airflow/.local/lib/python3.12/site-packages/airflow/example_dags/example_nested_branch_dag.py
[2026-03-19T03:15:41.510+0000] {processor.py:840} INFO - DAG(s) 'example_nested_branch_dag' retrieved from /home/airflow/.local/lib/python3.12/site-packages/airflow/example_dags/example_nested_branch_dag.py
[2026-03-19T03:15:41.522+0000] {logging_mixin.py:188} INFO - [2026-03-19T03:15:41.522+0000] {dag.py:3096} INFO - Sync 1 DAGs
[2026-03-19T03:15:41.539+0000] {logging_mixin.py:188} INFO - [2026-03-19T03:15:41.539+0000] {dag.py:3954} INFO - Setting next_dagrun for example_nested_branch_dag to 2026-03-18 00:00:00+00:00, run_after=2026-03-19 00:00:00+00:00
[2026-03-19T03:15:41.554+0000] {processor.py:183} INFO - Processing /home/airflow/.local/lib/python3.12/site-packages/airflow/example_dags/example_nested_branch_dag.py took 0.054 seconds
[2026-03-19T03:31:58.357+0000] {processor.py:161} INFO - Started process (PID=36209) to work on /home/airflow/.local/lib/python3.12/site-packages/airflow/example_dags/example_nested_branch_dag.py
[2026-03-19T03:31:58.362+0000] {processor.py:830} INFO - Processing file /home/airflow/.local/lib/python3.12/site-packages/airflow/example_dags/example_nested_branch_dag.py for tasks to queue
[2026-03-19T03:31:58.365+0000] {logging_mixin.py:188} INFO - [2026-03-19T03:31:58.364+0000] {dagbag.py:545} INFO - Filling up the DagBag from /home/airflow/.local/lib/python3.12/site-packages/airflow/example_dags/example_nested_branch_dag.py
[2026-03-19T03:31:58.403+0000] {processor.py:840} INFO - DAG(s) 'example_nested_branch_dag' retrieved from /home/airflow/.local/lib/python3.12/site-packages/airflow/example_dags/example_nested_branch_dag.py
[2026-03-19T03:31:58.466+0000] {logging_mixin.py:188} INFO - [2026-03-19T03:31:58.465+0000] {dag.py:3096} INFO - Sync 1 DAGs
[2026-03-19T03:31:58.532+0000] {logging_mixin.py:188} INFO - [2026-03-19T03:31:58.531+0000] {dag.py:3954} INFO - Setting next_dagrun for example_nested_branch_dag to 2026-03-18 00:00:00+00:00, run_after=2026-03-19 00:00:00+00:00
[2026-03-19T03:31:58.648+0000] {processor.py:183} INFO - Processing /home/airflow/.local/lib/python3.12/site-packages/airflow/example_dags/example_nested_branch_dag.py took 0.293 seconds
[2026-03-19T04:16:40.640+0000] {processor.py:161} INFO - Started process (PID=36276) to work on /home/airflow/.local/lib/python3.12/site-packages/airflow/example_dags/example_nested_branch_dag.py
[2026-03-19T04:16:40.643+0000] {processor.py:830} INFO - Processing file /home/airflow/.local/lib/python3.12/site-packages/airflow/example_dags/example_nested_branch_dag.py for tasks to queue
[2026-03-19T04:16:40.644+0000] {logging_mixin.py:188} INFO - [2026-03-19T04:16:40.643+0000] {dagbag.py:545} INFO - Filling up the DagBag from /home/airflow/.local/lib/python3.12/site-packages/airflow/example_dags/example_nested_branch_dag.py
[2026-03-19T04:16:40.665+0000] {processor.py:840} INFO - DAG(s) 'example_nested_branch_dag' retrieved from /home/airflow/.local/lib/python3.12/site-packages/airflow/example_dags/example_nested_branch_dag.py
[2026-03-19T04:16:40.726+0000] {logging_mixin.py:188} INFO - [2026-03-19T04:16:40.726+0000] {dag.py:3096} INFO - Sync 1 DAGs
[2026-03-19T04:16:40.775+0000] {logging_mixin.py:188} INFO - [2026-03-19T04:16:40.775+0000] {dag.py:3954} INFO - Setting next_dagrun for example_nested_branch_dag to 2026-03-18 00:00:00+00:00, run_after=2026-03-19 00:00:00+00:00
[2026-03-19T04:16:40.816+0000] {processor.py:183} INFO - Processing /home/airflow/.local/lib/python3.12/site-packages/airflow/example_dags/example_nested_branch_dag.py took 0.192 seconds
[2026-03-19T04:17:12.759+0000] {processor.py:161} INFO - Started process (PID=36343) to work on /home/airflow/.local/lib/python3.12/site-packages/airflow/example_dags/example_nested_branch_dag.py
[2026-03-19T04:17:12.761+0000] {processor.py:830} INFO - Processing file /home/airflow/.local/lib/python3.12/site-packages/airflow/example_dags/example_nested_branch_dag.py for tasks to queue
[2026-03-19T04:17:12.763+0000] {logging_mixin.py:188} INFO - [2026-03-19T04:17:12.762+0000] {dagbag.py:545} INFO - Filling up the DagBag from /home/airflow/.local/lib/python3.12/site-packages/airflow/example_dags/example_nested_branch_dag.py
[2026-03-19T04:17:12.791+0000] {processor.py:840} INFO - DAG(s) 'example_nested_branch_dag' retrieved from /home/airflow/.local/lib/python3.12/site-packages/airflow/example_dags/example_nested_branch_dag.py
[2026-03-19T04:17:12.832+0000] {logging_mixin.py:188} INFO - [2026-03-19T04:17:12.831+0000] {dag.py:3096} INFO - Sync 1 DAGs
[2026-03-19T04:17:12.879+0000] {logging_mixin.py:188} INFO - [2026-03-19T04:17:12.878+0000] {dag.py:3954} INFO - Setting next_dagrun for example_nested_branch_dag to 2026-03-18 00:00:00+00:00, run_after=2026-03-19 00:00:00+00:00
[2026-03-19T04:17:12.947+0000] {processor.py:183} INFO - Processing /home/airflow/.local/lib/python3.12/site-packages/airflow/example_dags/example_nested_branch_dag.py took 0.198 seconds
[2026-03-19T05:17:36.198+0000] {processor.py:161} INFO - Started process (PID=36402) to work on /home/airflow/.local/lib/python3.12/site-packages/airflow/example_dags/example_nested_branch_dag.py
[2026-03-19T05:17:36.198+0000] {processor.py:830} INFO - Processing file /home/airflow/.local/lib/python3.12/site-packages/airflow/example_dags/example_nested_branch_dag.py for tasks to queue
[2026-03-19T05:17:36.199+0000] {logging_mixin.py:188} INFO - [2026-03-19T05:17:36.199+0000] {dagbag.py:545} INFO - Filling up the DagBag from /home/airflow/.local/lib/python3.12/site-packages/airflow/example_dags/example_nested_branch_dag.py
[2026-03-19T05:17:36.217+0000] {processor.py:840} INFO - DAG(s) 'example_nested_branch_dag' retrieved from /home/airflow/.local/lib/python3.12/site-packages/airflow/example_dags/example_nested_branch_dag.py
[2026-03-19T05:17:36.242+0000] {logging_mixin.py:188} INFO - [2026-03-19T05:17:36.242+0000] {dag.py:3096} INFO - Sync 1 DAGs
[2026-03-19T05:17:36.265+0000] {logging_mixin.py:188} INFO - [2026-03-19T05:17:36.265+0000] {dag.py:3954} INFO - Setting next_dagrun for example_nested_branch_dag to 2026-03-18 00:00:00+00:00, run_after=2026-03-19 00:00:00+00:00
[2026-03-19T05:17:36.275+0000] {processor.py:183} INFO - Processing /home/airflow/.local/lib/python3.12/site-packages/airflow/example_dags/example_nested_branch_dag.py took 0.082 seconds
[2026-03-19T05:18:07.018+0000] {processor.py:161} INFO - Started process (PID=36461) to work on /home/airflow/.local/lib/python3.12/site-packages/airflow/example_dags/example_nested_branch_dag.py
[2026-03-19T05:18:07.018+0000] {processor.py:830} INFO - Processing file /home/airflow/.local/lib/python3.12/site-packages/airflow/example_dags/example_nested_branch_dag.py for tasks to queue
[2026-03-19T05:18:07.019+0000] {logging_mixin.py:188} INFO - [2026-03-19T05:18:07.019+0000] {dagbag.py:545} INFO - Filling up the DagBag from /home/airflow/.local/lib/python3.12/site-packages/airflow/example_dags/example_nested_branch_dag.py
[2026-03-19T05:18:07.024+0000] {processor.py:840} INFO - DAG(s) 'example_nested_branch_dag' retrieved from /home/airflow/.local/lib/python3.12/site-packages/airflow/example_dags/example_nested_branch_dag.py
[2026-03-19T05:18:07.041+0000] {logging_mixin.py:188} INFO - [2026-03-19T05:18:07.041+0000] {dag.py:3096} INFO - Sync 1 DAGs
[2026-03-19T05:18:07.054+0000] {logging_mixin.py:188} INFO - [2026-03-19T05:18:07.054+0000] {dag.py:3954} INFO - Setting next_dagrun for example_nested_branch_dag to 2026-03-18 00:00:00+00:00, run_after=2026-03-19 00:00:00+00:00
[2026-03-19T05:18:07.065+0000] {processor.py:183} INFO - Processing /home/airflow/.local/lib/python3.12/site-packages/airflow/example_dags/example_nested_branch_dag.py took 0.050 seconds
[2026-03-19T06:18:32.398+0000] {processor.py:161} INFO - Started process (PID=36520) to work on /home/airflow/.local/lib/python3.12/site-packages/airflow/example_dags/example_nested_branch_dag.py
[2026-03-19T06:18:32.400+0000] {processor.py:830} INFO - Processing file /home/airflow/.local/lib/python3.12/site-packages/airflow/example_dags/example_nested_branch_dag.py for tasks to queue
[2026-03-19T06:18:32.404+0000] {logging_mixin.py:188} INFO - [2026-03-19T06:18:32.404+0000] {dagbag.py:545} INFO - Filling up the DagBag from /home/airflow/.local/lib/python3.12/site-packages/airflow/example_dags/example_nested_branch_dag.py
[2026-03-19T06:18:32.422+0000] {processor.py:840} INFO - DAG(s) 'example_nested_branch_dag' retrieved from /home/airflow/.local/lib/python3.12/site-packages/airflow/example_dags/example_nested_branch_dag.py
[2026-03-19T06:18:32.481+0000] {logging_mixin.py:188} INFO - [2026-03-19T06:18:32.481+0000] {dag.py:3096} INFO - Sync 1 DAGs
[2026-03-19T06:18:32.562+0000] {logging_mixin.py:188} INFO - [2026-03-19T06:18:32.560+0000] {dag.py:3954} INFO - Setting next_dagrun for example_nested_branch_dag to 2026-03-18 00:00:00+00:00, run_after=2026-03-19 00:00:00+00:00
[2026-03-19T06:18:32.665+0000] {processor.py:183} INFO - Processing /home/airflow/.local/lib/python3.12/site-packages/airflow/example_dags/example_nested_branch_dag.py took 0.285 seconds
[2026-03-19T06:19:03.418+0000] {processor.py:161} INFO - Started process (PID=36587) to work on /home/airflow/.local/lib/python3.12/site-packages/airflow/example_dags/example_nested_branch_dag.py
[2026-03-19T06:19:03.420+0000] {processor.py:830} INFO - Processing file /home/airflow/.local/lib/python3.12/site-packages/airflow/example_dags/example_nested_branch_dag.py for tasks to queue
[2026-03-19T06:19:03.421+0000] {logging_mixin.py:188} INFO - [2026-03-19T06:19:03.421+0000] {dagbag.py:545} INFO - Filling up the DagBag from /home/airflow/.local/lib/python3.12/site-packages/airflow/example_dags/example_nested_branch_dag.py
[2026-03-19T06:19:03.436+0000] {processor.py:840} INFO - DAG(s) 'example_nested_branch_dag' retrieved from /home/airflow/.local/lib/python3.12/site-packages/airflow/example_dags/example_nested_branch_dag.py
[2026-03-19T06:19:03.470+0000] {logging_mixin.py:188} INFO - [2026-03-19T06:19:03.469+0000] {dag.py:3096} INFO - Sync 1 DAGs
[2026-03-19T06:19:03.498+0000] {logging_mixin.py:188} INFO - [2026-03-19T06:19:03.498+0000] {dag.py:3954} INFO - Setting next_dagrun for example_nested_branch_dag to 2026-03-18 00:00:00+00:00, run_after=2026-03-19 00:00:00+00:00
[2026-03-19T06:19:03.511+0000] {processor.py:183} INFO - Processing /home/airflow/.local/lib/python3.12/site-packages/airflow/example_dags/example_nested_branch_dag.py took 0.103 seconds
[2026-03-19T07:19:31.438+0000] {processor.py:161} INFO - Started process (PID=36646) to work on /home/airflow/.local/lib/python3.12/site-packages/airflow/example_dags/example_nested_branch_dag.py
[2026-03-19T07:19:31.449+0000] {processor.py:830} INFO - Processing file /home/airflow/.local/lib/python3.12/site-packages/airflow/example_dags/example_nested_branch_dag.py for tasks to queue
[2026-03-19T07:19:31.453+0000] {logging_mixin.py:188} INFO - [2026-03-19T07:19:31.452+0000] {dagbag.py:545} INFO - Filling up the DagBag from /home/airflow/.local/lib/python3.12/site-packages/airflow/example_dags/example_nested_branch_dag.py
[2026-03-19T07:19:31.509+0000] {processor.py:840} INFO - DAG(s) 'example_nested_branch_dag' retrieved from /home/airflow/.local/lib/python3.12/site-packages/airflow/example_dags/example_nested_branch_dag.py
[2026-03-19T07:19:31.621+0000] {logging_mixin.py:188} INFO - [2026-03-19T07:19:31.620+0000] {dag.py:3096} INFO - Sync 1 DAGs
[2026-03-19T07:19:31.721+0000] {logging_mixin.py:188} INFO - [2026-03-19T07:19:31.720+0000] {dag.py:3954} INFO - Setting next_dagrun for example_nested_branch_dag to 2026-03-18 00:00:00+00:00, run_after=2026-03-19 00:00:00+00:00
[2026-03-19T07:19:31.791+0000] {processor.py:183} INFO - Processing /home/airflow/.local/lib/python3.12/site-packages/airflow/example_dags/example_nested_branch_dag.py took 0.403 seconds
[2026-03-19T07:20:02.743+0000] {processor.py:161} INFO - Started process (PID=36714) to work on /home/airflow/.local/lib/python3.12/site-packages/airflow/example_dags/example_nested_branch_dag.py
[2026-03-19T07:20:02.746+0000] {processor.py:830} INFO - Processing file /home/airflow/.local/lib/python3.12/site-packages/airflow/example_dags/example_nested_branch_dag.py for tasks to queue
[2026-03-19T07:20:02.747+0000] {logging_mixin.py:188} INFO - [2026-03-19T07:20:02.746+0000] {dagbag.py:545} INFO - Filling up the DagBag from /home/airflow/.local/lib/python3.12/site-packages/airflow/example_dags/example_nested_branch_dag.py
[2026-03-19T07:20:02.759+0000] {processor.py:840} INFO - DAG(s) 'example_nested_branch_dag' retrieved from /home/airflow/.local/lib/python3.12/site-packages/airflow/example_dags/example_nested_branch_dag.py
[2026-03-19T07:20:02.786+0000] {logging_mixin.py:188} INFO - [2026-03-19T07:20:02.785+0000] {dag.py:3096} INFO - Sync 1 DAGs
[2026-03-19T07:20:02.800+0000] {logging_mixin.py:188} INFO - [2026-03-19T07:20:02.800+0000] {dag.py:3954} INFO - Setting next_dagrun for example_nested_branch_dag to 2026-03-18 00:00:00+00:00, run_after=2026-03-19 00:00:00+00:00
[2026-03-19T07:20:02.812+0000] {processor.py:183} INFO - Processing /home/airflow/.local/lib/python3.12/site-packages/airflow/example_dags/example_nested_branch_dag.py took 0.078 seconds
[2026-03-19T07:37:28.959+0000] {processor.py:161} INFO - Started process (PID=36772) to work on /home/airflow/.local/lib/python3.12/site-packages/airflow/example_dags/example_nested_branch_dag.py
[2026-03-19T07:37:28.960+0000] {processor.py:830} INFO - Processing file /home/airflow/.local/lib/python3.12/site-packages/airflow/example_dags/example_nested_branch_dag.py for tasks to queue
[2026-03-19T07:37:28.962+0000] {logging_mixin.py:188} INFO - [2026-03-19T07:37:28.962+0000] {dagbag.py:545} INFO - Filling up the DagBag from /home/airflow/.local/lib/python3.12/site-packages/airflow/example_dags/example_nested_branch_dag.py
[2026-03-19T07:37:28.973+0000] {processor.py:840} INFO - DAG(s) 'example_nested_branch_dag' retrieved from /home/airflow/.local/lib/python3.12/site-packages/airflow/example_dags/example_nested_branch_dag.py
[2026-03-19T07:37:29.021+0000] {logging_mixin.py:188} INFO - [2026-03-19T07:37:29.020+0000] {dag.py:3096} INFO - Sync 1 DAGs
[2026-03-19T07:37:29.055+0000] {logging_mixin.py:188} INFO - [2026-03-19T07:37:29.054+0000] {dag.py:3954} INFO - Setting next_dagrun for example_nested_branch_dag to 2026-03-18 00:00:00+00:00, run_after=2026-03-19 00:00:00+00:00
[2026-03-19T07:37:29.091+0000] {processor.py:183} INFO - Processing /home/airflow/.local/lib/python3.12/site-packages/airflow/example_dags/example_nested_branch_dag.py took 0.139 seconds
[2026-03-19T07:37:59.458+0000] {processor.py:161} INFO - Started process (PID=36839) to work on /home/airflow/.local/lib/python3.12/site-packages/airflow/example_dags/example_nested_branch_dag.py
[2026-03-19T07:37:59.459+0000] {processor.py:830} INFO - Processing file /home/airflow/.local/lib/python3.12/site-packages/airflow/example_dags/example_nested_branch_dag.py for tasks to queue
[2026-03-19T07:37:59.460+0000] {logging_mixin.py:188} INFO - [2026-03-19T07:37:59.459+0000] {dagbag.py:545} INFO - Filling up the DagBag from /home/airflow/.local/lib/python3.12/site-packages/airflow/example_dags/example_nested_branch_dag.py
[2026-03-19T07:37:59.465+0000] {processor.py:840} INFO - DAG(s) 'example_nested_branch_dag' retrieved from /home/airflow/.local/lib/python3.12/site-packages/airflow/example_dags/example_nested_branch_dag.py
[2026-03-19T07:37:59.482+0000] {logging_mixin.py:188} INFO - [2026-03-19T07:37:59.482+0000] {dag.py:3096} INFO - Sync 1 DAGs
[2026-03-19T07:37:59.495+0000] {logging_mixin.py:188} INFO - [2026-03-19T07:37:59.495+0000] {dag.py:3954} INFO - Setting next_dagrun for example_nested_branch_dag to 2026-03-18 00:00:00+00:00, run_after=2026-03-19 00:00:00+00:00
[2026-03-19T07:37:59.510+0000] {processor.py:183} INFO - Processing /home/airflow/.local/lib/python3.12/site-packages/airflow/example_dags/example_nested_branch_dag.py took 0.056 seconds
[2026-03-19T07:48:55.616+0000] {processor.py:161} INFO - Started process (PID=36898) to work on /home/airflow/.local/lib/python3.12/site-packages/airflow/example_dags/example_nested_branch_dag.py
[2026-03-19T07:48:55.617+0000] {processor.py:830} INFO - Processing file /home/airflow/.local/lib/python3.12/site-packages/airflow/example_dags/example_nested_branch_dag.py for tasks to queue
[2026-03-19T07:48:55.618+0000] {logging_mixin.py:188} INFO - [2026-03-19T07:48:55.617+0000] {dagbag.py:545} INFO - Filling up the DagBag from /home/airflow/.local/lib/python3.12/site-packages/airflow/example_dags/example_nested_branch_dag.py
[2026-03-19T07:48:55.623+0000] {processor.py:840} INFO - DAG(s) 'example_nested_branch_dag' retrieved from /home/airflow/.local/lib/python3.12/site-packages/airflow/example_dags/example_nested_branch_dag.py
[2026-03-19T07:48:55.635+0000] {logging_mixin.py:188} INFO - [2026-03-19T07:48:55.635+0000] {dag.py:3096} INFO - Sync 1 DAGs
[2026-03-19T07:48:55.650+0000] {logging_mixin.py:188} INFO - [2026-03-19T07:48:55.650+0000] {dag.py:3954} INFO - Setting next_dagrun for example_nested_branch_dag to 2026-03-18 00:00:00+00:00, run_after=2026-03-19 00:00:00+00:00
[2026-03-19T07:48:55.668+0000] {processor.py:183} INFO - Processing /home/airflow/.local/lib/python3.12/site-packages/airflow/example_dags/example_nested_branch_dag.py took 0.055 seconds
[2026-03-19T07:49:27.181+0000] {processor.py:161} INFO - Started process (PID=36957) to work on /home/airflow/.local/lib/python3.12/site-packages/airflow/example_dags/example_nested_branch_dag.py
[2026-03-19T07:49:27.182+0000] {processor.py:830} INFO - Processing file /home/airflow/.local/lib/python3.12/site-packages/airflow/example_dags/example_nested_branch_dag.py for tasks to queue
[2026-03-19T07:49:27.183+0000] {logging_mixin.py:188} INFO - [2026-03-19T07:49:27.182+0000] {dagbag.py:545} INFO - Filling up the DagBag from /home/airflow/.local/lib/python3.12/site-packages/airflow/example_dags/example_nested_branch_dag.py
[2026-03-19T07:49:27.194+0000] {processor.py:840} INFO - DAG(s) 'example_nested_branch_dag' retrieved from /home/airflow/.local/lib/python3.12/site-packages/airflow/example_dags/example_nested_branch_dag.py
[2026-03-19T07:49:27.227+0000] {logging_mixin.py:188} INFO - [2026-03-19T07:49:27.227+0000] {dag.py:3096} INFO - Sync 1 DAGs
[2026-03-19T07:49:27.252+0000] {logging_mixin.py:188} INFO - [2026-03-19T07:49:27.252+0000] {dag.py:3954} INFO - Setting next_dagrun for example_nested_branch_dag to 2026-03-18 00:00:00+00:00, run_after=2026-03-19 00:00:00+00:00
[2026-03-19T07:49:27.275+0000] {processor.py:183} INFO - Processing /home/airflow/.local/lib/python3.12/site-packages/airflow/example_dags/example_nested_branch_dag.py took 0.104 seconds
[2026-03-19T07:49:57.671+0000] {processor.py:161} INFO - Started process (PID=37016) to work on /home/airflow/.local/lib/python3.12/site-packages/airflow/example_dags/example_nested_branch_dag.py
[2026-03-19T07:49:57.672+0000] {processor.py:830} INFO - Processing file /home/airflow/.local/lib/python3.12/site-packages/airflow/example_dags/example_nested_branch_dag.py for tasks to queue
[2026-03-19T07:49:57.673+0000] {logging_mixin.py:188} INFO - [2026-03-19T07:49:57.673+0000] {dagbag.py:545} INFO - Filling up the DagBag from /home/airflow/.local/lib/python3.12/site-packages/airflow/example_dags/example_nested_branch_dag.py
[2026-03-19T07:49:57.679+0000] {processor.py:840} INFO - DAG(s) 'example_nested_branch_dag' retrieved from /home/airflow/.local/lib/python3.12/site-packages/airflow/example_dags/example_nested_branch_dag.py
[2026-03-19T07:49:57.692+0000] {logging_mixin.py:188} INFO - [2026-03-19T07:49:57.692+0000] {dag.py:3096} INFO - Sync 1 DAGs
[2026-03-19T07:49:57.704+0000] {logging_mixin.py:188} INFO - [2026-03-19T07:49:57.704+0000] {dag.py:3954} INFO - Setting next_dagrun for example_nested_branch_dag to 2026-03-18 00:00:00+00:00, run_after=2026-03-19 00:00:00+00:00
[2026-03-19T07:49:57.721+0000] {processor.py:183} INFO - Processing /home/airflow/.local/lib/python3.12/site-packages/airflow/example_dags/example_nested_branch_dag.py took 0.053 seconds
[2026-03-19T07:50:28.207+0000] {processor.py:161} INFO - Started process (PID=37075) to work on /home/airflow/.local/lib/python3.12/site-packages/airflow/example_dags/example_nested_branch_dag.py
[2026-03-19T07:50:28.210+0000] {processor.py:830} INFO - Processing file /home/airflow/.local/lib/python3.12/site-packages/airflow/example_dags/example_nested_branch_dag.py for tasks to queue
[2026-03-19T07:50:28.211+0000] {logging_mixin.py:188} INFO - [2026-03-19T07:50:28.211+0000] {dagbag.py:545} INFO - Filling up the DagBag from /home/airflow/.local/lib/python3.12/site-packages/airflow/example_dags/example_nested_branch_dag.py
[2026-03-19T07:50:28.218+0000] {processor.py:840} INFO - DAG(s) 'example_nested_branch_dag' retrieved from /home/airflow/.local/lib/python3.12/site-packages/airflow/example_dags/example_nested_branch_dag.py
[2026-03-19T07:50:28.235+0000] {logging_mixin.py:188} INFO - [2026-03-19T07:50:28.234+0000] {dag.py:3096} INFO - Sync 1 DAGs
[2026-03-19T07:50:28.254+0000] {logging_mixin.py:188} INFO - [2026-03-19T07:50:28.254+0000] {dag.py:3954} INFO - Setting next_dagrun for example_nested_branch_dag to 2026-03-18 00:00:00+00:00, run_after=2026-03-19 00:00:00+00:00
[2026-03-19T07:50:28.267+0000] {processor.py:183} INFO - Processing /home/airflow/.local/lib/python3.12/site-packages/airflow/example_dags/example_nested_branch_dag.py took 0.067 seconds
[2026-03-19T07:50:58.741+0000] {processor.py:161} INFO - Started process (PID=37134) to work on /home/airflow/.local/lib/python3.12/site-packages/airflow/example_dags/example_nested_branch_dag.py
[2026-03-19T07:50:58.744+0000] {processor.py:830} INFO - Processing file /home/airflow/.local/lib/python3.12/site-packages/airflow/example_dags/example_nested_branch_dag.py for tasks to queue
[2026-03-19T07:50:58.746+0000] {logging_mixin.py:188} INFO - [2026-03-19T07:50:58.746+0000] {dagbag.py:545} INFO - Filling up the DagBag from /home/airflow/.local/lib/python3.12/site-packages/airflow/example_dags/example_nested_branch_dag.py
[2026-03-19T07:50:58.754+0000] {processor.py:840} INFO - DAG(s) 'example_nested_branch_dag' retrieved from /home/airflow/.local/lib/python3.12/site-packages/airflow/example_dags/example_nested_branch_dag.py
[2026-03-19T07:50:58.778+0000] {logging_mixin.py:188} INFO - [2026-03-19T07:50:58.777+0000] {dag.py:3096} INFO - Sync 1 DAGs
[2026-03-19T07:50:58.803+0000] {logging_mixin.py:188} INFO - [2026-03-19T07:50:58.803+0000] {dag.py:3954} INFO - Setting next_dagrun for example_nested_branch_dag to 2026-03-18 00:00:00+00:00, run_after=2026-03-19 00:00:00+00:00
[2026-03-19T07:50:58.814+0000] {processor.py:183} INFO - Processing /home/airflow/.local/lib/python3.12/site-packages/airflow/example_dags/example_nested_branch_dag.py took 0.077 seconds
[2026-03-19T07:51:29.270+0000] {processor.py:161} INFO - Started process (PID=37193) to work on /home/airflow/.local/lib/python3.12/site-packages/airflow/example_dags/example_nested_branch_dag.py
[2026-03-19T07:51:29.273+0000] {processor.py:830} INFO - Processing file /home/airflow/.local/lib/python3.12/site-packages/airflow/example_dags/example_nested_branch_dag.py for tasks to queue
[2026-03-19T07:51:29.274+0000] {logging_mixin.py:188} INFO - [2026-03-19T07:51:29.274+0000] {dagbag.py:545} INFO - Filling up the DagBag from /home/airflow/.local/lib/python3.12/site-packages/airflow/example_dags/example_nested_branch_dag.py
[2026-03-19T07:51:29.295+0000] {processor.py:840} INFO - DAG(s) 'example_nested_branch_dag' retrieved from /home/airflow/.local/lib/python3.12/site-packages/airflow/example_dags/example_nested_branch_dag.py
[2026-03-19T07:51:29.354+0000] {logging_mixin.py:188} INFO - [2026-03-19T07:51:29.354+0000] {dag.py:3096} INFO - Sync 1 DAGs
[2026-03-19T07:51:29.403+0000] {logging_mixin.py:188} INFO - [2026-03-19T07:51:29.402+0000] {dag.py:3954} INFO - Setting next_dagrun for example_nested_branch_dag to 2026-03-18 00:00:00+00:00, run_after=2026-03-19 00:00:00+00:00
[2026-03-19T07:51:29.427+0000] {processor.py:183} INFO - Processing /home/airflow/.local/lib/python3.12/site-packages/airflow/example_dags/example_nested_branch_dag.py took 0.169 seconds
[2026-03-19T07:52:00.084+0000] {processor.py:161} INFO - Started process (PID=37252) to work on /home/airflow/.local/lib/python3.12/site-packages/airflow/example_dags/example_nested_branch_dag.py
[2026-03-19T07:52:00.087+0000] {processor.py:830} INFO - Processing file /home/airflow/.local/lib/python3.12/site-packages/airflow/example_dags/example_nested_branch_dag.py for tasks to queue
[2026-03-19T07:52:00.089+0000] {logging_mixin.py:188} INFO - [2026-03-19T07:52:00.088+0000] {dagbag.py:545} INFO - Filling up the DagBag from /home/airflow/.local/lib/python3.12/site-packages/airflow/example_dags/example_nested_branch_dag.py
[2026-03-19T07:52:00.098+0000] {processor.py:840} INFO - DAG(s) 'example_nested_branch_dag' retrieved from /home/airflow/.local/lib/python3.12/site-packages/airflow/example_dags/example_nested_branch_dag.py
[2026-03-19T07:52:00.115+0000] {logging_mixin.py:188} INFO - [2026-03-19T07:52:00.115+0000] {dag.py:3096} INFO - Sync 1 DAGs
[2026-03-19T07:52:00.139+0000] {logging_mixin.py:188} INFO - [2026-03-19T07:52:00.138+0000] {dag.py:3954} INFO - Setting next_dagrun for example_nested_branch_dag to 2026-03-18 00:00:00+00:00, run_after=2026-03-19 00:00:00+00:00
[2026-03-19T07:52:00.154+0000] {processor.py:183} INFO - Processing /home/airflow/.local/lib/python3.12/site-packages/airflow/example_dags/example_nested_branch_dag.py took 0.074 seconds
[2026-03-19T07:52:30.639+0000] {processor.py:161} INFO - Started process (PID=37311) to work on /home/airflow/.local/lib/python3.12/site-packages/airflow/example_dags/example_nested_branch_dag.py
[2026-03-19T07:52:30.642+0000] {processor.py:830} INFO - Processing file /home/airflow/.local/lib/python3.12/site-packages/airflow/example_dags/example_nested_branch_dag.py for tasks to queue
[2026-03-19T07:52:30.644+0000] {logging_mixin.py:188} INFO - [2026-03-19T07:52:30.644+0000] {dagbag.py:545} INFO - Filling up the DagBag from /home/airflow/.local/lib/python3.12/site-packages/airflow/example_dags/example_nested_branch_dag.py
[2026-03-19T07:52:30.654+0000] {processor.py:840} INFO - DAG(s) 'example_nested_branch_dag' retrieved from /home/airflow/.local/lib/python3.12/site-packages/airflow/example_dags/example_nested_branch_dag.py
[2026-03-19T07:52:30.686+0000] {logging_mixin.py:188} INFO - [2026-03-19T07:52:30.686+0000] {dag.py:3096} INFO - Sync 1 DAGs
[2026-03-19T07:52:30.706+0000] {logging_mixin.py:188} INFO - [2026-03-19T07:52:30.705+0000] {dag.py:3954} INFO - Setting next_dagrun for example_nested_branch_dag to 2026-03-18 00:00:00+00:00, run_after=2026-03-19 00:00:00+00:00
[2026-03-19T07:52:30.716+0000] {processor.py:183} INFO - Processing /home/airflow/.local/lib/python3.12/site-packages/airflow/example_dags/example_nested_branch_dag.py took 0.082 seconds
[2026-03-19T07:53:01.379+0000] {processor.py:161} INFO - Started process (PID=37370) to work on /home/airflow/.local/lib/python3.12/site-packages/airflow/example_dags/example_nested_branch_dag.py
[2026-03-19T07:53:01.382+0000] {processor.py:830} INFO - Processing file /home/airflow/.local/lib/python3.12/site-packages/airflow/example_dags/example_nested_branch_dag.py for tasks to queue
[2026-03-19T07:53:01.383+0000] {logging_mixin.py:188} INFO - [2026-03-19T07:53:01.383+0000] {dagbag.py:545} INFO - Filling up the DagBag from /home/airflow/.local/lib/python3.12/site-packages/airflow/example_dags/example_nested_branch_dag.py
[2026-03-19T07:53:01.396+0000] {processor.py:840} INFO - DAG(s) 'example_nested_branch_dag' retrieved from /home/airflow/.local/lib/python3.12/site-packages/airflow/example_dags/example_nested_branch_dag.py
[2026-03-19T07:53:01.414+0000] {logging_mixin.py:188} INFO - [2026-03-19T07:53:01.413+0000] {dag.py:3096} INFO - Sync 1 DAGs
[2026-03-19T07:53:01.430+0000] {logging_mixin.py:188} INFO - [2026-03-19T07:53:01.430+0000] {dag.py:3954} INFO - Setting next_dagrun for example_nested_branch_dag to 2026-03-18 00:00:00+00:00, run_after=2026-03-19 00:00:00+00:00
[2026-03-19T07:53:01.464+0000] {processor.py:183} INFO - Processing /home/airflow/.local/lib/python3.12/site-packages/airflow/example_dags/example_nested_branch_dag.py took 0.093 seconds
[2026-03-19T07:53:31.930+0000] {processor.py:161} INFO - Started process (PID=37429) to work on /home/airflow/.local/lib/python3.12/site-packages/airflow/example_dags/example_nested_branch_dag.py
[2026-03-19T07:53:31.931+0000] {processor.py:830} INFO - Processing file /home/airflow/.local/lib/python3.12/site-packages/airflow/example_dags/example_nested_branch_dag.py for tasks to queue
[2026-03-19T07:53:31.932+0000] {logging_mixin.py:188} INFO - [2026-03-19T07:53:31.932+0000] {dagbag.py:545} INFO - Filling up the DagBag from /home/airflow/.local/lib/python3.12/site-packages/airflow/example_dags/example_nested_branch_dag.py
[2026-03-19T07:53:31.937+0000] {processor.py:840} INFO - DAG(s) 'example_nested_branch_dag' retrieved from /home/airflow/.local/lib/python3.12/site-packages/airflow/example_dags/example_nested_branch_dag.py
[2026-03-19T07:53:31.951+0000] {logging_mixin.py:188} INFO - [2026-03-19T07:53:31.951+0000] {dag.py:3096} INFO - Sync 1 DAGs
[2026-03-19T07:53:31.965+0000] {logging_mixin.py:188} INFO - [2026-03-19T07:53:31.965+0000] {dag.py:3954} INFO - Setting next_dagrun for example_nested_branch_dag to 2026-03-18 00:00:00+00:00, run_after=2026-03-19 00:00:00+00:00
[2026-03-19T07:53:31.989+0000] {processor.py:183} INFO - Processing /home/airflow/.local/lib/python3.12/site-packages/airflow/example_dags/example_nested_branch_dag.py took 0.062 seconds
[2026-03-19T07:54:02.295+0000] {processor.py:161} INFO - Started process (PID=37488) to work on /home/airflow/.local/lib/python3.12/site-packages/airflow/example_dags/example_nested_branch_dag.py
[2026-03-19T07:54:02.297+0000] {processor.py:830} INFO - Processing file /home/airflow/.local/lib/python3.12/site-packages/airflow/example_dags/example_nested_branch_dag.py for tasks to queue
[2026-03-19T07:54:02.297+0000] {logging_mixin.py:188} INFO - [2026-03-19T07:54:02.297+0000] {dagbag.py:545} INFO - Filling up the DagBag from /home/airflow/.local/lib/python3.12/site-packages/airflow/example_dags/example_nested_branch_dag.py
[2026-03-19T07:54:02.307+0000] {processor.py:840} INFO - DAG(s) 'example_nested_branch_dag' retrieved from /home/airflow/.local/lib/python3.12/site-packages/airflow/example_dags/example_nested_branch_dag.py
[2026-03-19T07:54:02.320+0000] {logging_mixin.py:188} INFO - [2026-03-19T07:54:02.320+0000] {dag.py:3096} INFO - Sync 1 DAGs
[2026-03-19T07:54:02.334+0000] {logging_mixin.py:188} INFO - [2026-03-19T07:54:02.333+0000] {dag.py:3954} INFO - Setting next_dagrun for example_nested_branch_dag to 2026-03-18 00:00:00+00:00, run_after=2026-03-19 00:00:00+00:00
[2026-03-19T07:54:02.343+0000] {processor.py:183} INFO - Processing /home/airflow/.local/lib/python3.12/site-packages/airflow/example_dags/example_nested_branch_dag.py took 0.052 seconds
[2026-03-19T07:54:32.565+0000] {processor.py:161} INFO - Started process (PID=37547) to work on /home/airflow/.local/lib/python3.12/site-packages/airflow/example_dags/example_nested_branch_dag.py
[2026-03-19T07:54:32.566+0000] {processor.py:830} INFO - Processing file /home/airflow/.local/lib/python3.12/site-packages/airflow/example_dags/example_nested_branch_dag.py for tasks to queue
[2026-03-19T07:54:32.568+0000] {logging_mixin.py:188} INFO - [2026-03-19T07:54:32.568+0000] {dagbag.py:545} INFO - Filling up the DagBag from /home/airflow/.local/lib/python3.12/site-packages/airflow/example_dags/example_nested_branch_dag.py
[2026-03-19T07:54:32.574+0000] {processor.py:840} INFO - DAG(s) 'example_nested_branch_dag' retrieved from /home/airflow/.local/lib/python3.12/site-packages/airflow/example_dags/example_nested_branch_dag.py
[2026-03-19T07:54:32.594+0000] {logging_mixin.py:188} INFO - [2026-03-19T07:54:32.593+0000] {dag.py:3096} INFO - Sync 1 DAGs
[2026-03-19T07:54:32.605+0000] {logging_mixin.py:188} INFO - [2026-03-19T07:54:32.605+0000] {dag.py:3954} INFO - Setting next_dagrun for example_nested_branch_dag to 2026-03-18 00:00:00+00:00, run_after=2026-03-19 00:00:00+00:00
[2026-03-19T07:54:32.618+0000] {processor.py:183} INFO - Processing /home/airflow/.local/lib/python3.12/site-packages/airflow/example_dags/example_nested_branch_dag.py took 0.056 seconds
[2026-03-19T07:55:02.978+0000] {processor.py:161} INFO - Started process (PID=37606) to work on /home/airflow/.local/lib/python3.12/site-packages/airflow/example_dags/example_nested_branch_dag.py
[2026-03-19T07:55:02.979+0000] {processor.py:830} INFO - Processing file /home/airflow/.local/lib/python3.12/site-packages/airflow/example_dags/example_nested_branch_dag.py for tasks to queue
[2026-03-19T07:55:02.980+0000] {logging_mixin.py:188} INFO - [2026-03-19T07:55:02.980+0000] {dagbag.py:545} INFO - Filling up the DagBag from /home/airflow/.local/lib/python3.12/site-packages/airflow/example_dags/example_nested_branch_dag.py
[2026-03-19T07:55:02.985+0000] {processor.py:840} INFO - DAG(s) 'example_nested_branch_dag' retrieved from /home/airflow/.local/lib/python3.12/site-packages/airflow/example_dags/example_nested_branch_dag.py
[2026-03-19T07:55:02.997+0000] {logging_mixin.py:188} INFO - [2026-03-19T07:55:02.996+0000] {dag.py:3096} INFO - Sync 1 DAGs
[2026-03-19T07:55:03.008+0000] {logging_mixin.py:188} INFO - [2026-03-19T07:55:03.008+0000] {dag.py:3954} INFO - Setting next_dagrun for example_nested_branch_dag to 2026-03-18 00:00:00+00:00, run_after=2026-03-19 00:00:00+00:00
[2026-03-19T07:55:03.020+0000] {processor.py:183} INFO - Processing /home/airflow/.local/lib/python3.12/site-packages/airflow/example_dags/example_nested_branch_dag.py took 0.044 seconds
[2026-03-19T07:55:33.688+0000] {processor.py:161} INFO - Started process (PID=37665) to work on /home/airflow/.local/lib/python3.12/site-packages/airflow/example_dags/example_nested_branch_dag.py
[2026-03-19T07:55:33.689+0000] {processor.py:830} INFO - Processing file /home/airflow/.local/lib/python3.12/site-packages/airflow/example_dags/example_nested_branch_dag.py for tasks to queue
[2026-03-19T07:55:33.691+0000] {logging_mixin.py:188} INFO - [2026-03-19T07:55:33.691+0000] {dagbag.py:545} INFO - Filling up the DagBag from /home/airflow/.local/lib/python3.12/site-packages/airflow/example_dags/example_nested_branch_dag.py
[2026-03-19T07:55:33.698+0000] {processor.py:840} INFO - DAG(s) 'example_nested_branch_dag' retrieved from /home/airflow/.local/lib/python3.12/site-packages/airflow/example_dags/example_nested_branch_dag.py
[2026-03-19T07:55:33.713+0000] {logging_mixin.py:188} INFO - [2026-03-19T07:55:33.713+0000] {dag.py:3096} INFO - Sync 1 DAGs
[2026-03-19T07:55:33.725+0000] {logging_mixin.py:188} INFO - [2026-03-19T07:55:33.725+0000] {dag.py:3954} INFO - Setting next_dagrun for example_nested_branch_dag to 2026-03-18 00:00:00+00:00, run_after=2026-03-19 00:00:00+00:00
[2026-03-19T07:55:33.735+0000] {processor.py:183} INFO - Processing /home/airflow/.local/lib/python3.12/site-packages/airflow/example_dags/example_nested_branch_dag.py took 0.052 seconds
[2026-03-19T07:56:04.176+0000] {processor.py:161} INFO - Started process (PID=37724) to work on /home/airflow/.local/lib/python3.12/site-packages/airflow/example_dags/example_nested_branch_dag.py
[2026-03-19T07:56:04.177+0000] {processor.py:830} INFO - Processing file /home/airflow/.local/lib/python3.12/site-packages/airflow/example_dags/example_nested_branch_dag.py for tasks to queue
[2026-03-19T07:56:04.178+0000] {logging_mixin.py:188} INFO - [2026-03-19T07:56:04.177+0000] {dagbag.py:545} INFO - Filling up the DagBag from /home/airflow/.local/lib/python3.12/site-packages/airflow/example_dags/example_nested_branch_dag.py
[2026-03-19T07:56:04.183+0000] {processor.py:840} INFO - DAG(s) 'example_nested_branch_dag' retrieved from /home/airflow/.local/lib/python3.12/site-packages/airflow/example_dags/example_nested_branch_dag.py
[2026-03-19T07:56:04.201+0000] {logging_mixin.py:188} INFO - [2026-03-19T07:56:04.201+0000] {dag.py:3096} INFO - Sync 1 DAGs
[2026-03-19T07:56:04.214+0000] {logging_mixin.py:188} INFO - [2026-03-19T07:56:04.214+0000] {dag.py:3954} INFO - Setting next_dagrun for example_nested_branch_dag to 2026-03-18 00:00:00+00:00, run_after=2026-03-19 00:00:00+00:00
[2026-03-19T07:56:04.224+0000] {processor.py:183} INFO - Processing /home/airflow/.local/lib/python3.12/site-packages/airflow/example_dags/example_nested_branch_dag.py took 0.053 seconds
