[2026-03-19T00:12:46.191+0000] {processor.py:161} INFO - Started process (PID=35710) to work on /home/airflow/.local/lib/python3.12/site-packages/airflow/example_dags/example_branch_python_dop_operator_3.py
[2026-03-19T00:12:46.192+0000] {processor.py:830} INFO - Processing file /home/airflow/.local/lib/python3.12/site-packages/airflow/example_dags/example_branch_python_dop_operator_3.py for tasks to queue
[2026-03-19T00:12:46.193+0000] {logging_mixin.py:188} INFO - [2026-03-19T00:12:46.193+0000] {dagbag.py:545} INFO - Filling up the DagBag from /home/airflow/.local/lib/python3.12/site-packages/airflow/example_dags/example_branch_python_dop_operator_3.py
[2026-03-19T00:12:46.198+0000] {processor.py:840} INFO - DAG(s) 'example_branch_dop_operator_v3' retrieved from /home/airflow/.local/lib/python3.12/site-packages/airflow/example_dags/example_branch_python_dop_operator_3.py
[2026-03-19T00:12:46.213+0000] {logging_mixin.py:188} INFO - [2026-03-19T00:12:46.213+0000] {dag.py:3096} INFO - Sync 1 DAGs
[2026-03-19T00:12:46.228+0000] {logging_mixin.py:188} INFO - [2026-03-19T00:12:46.228+0000] {dag.py:3954} INFO - Setting next_dagrun for example_branch_dop_operator_v3 to 2026-03-19 00:11:00+00:00, run_after=2026-03-19 00:12:00+00:00
[2026-03-19T00:12:46.353+0000] {processor.py:183} INFO - Processing /home/airflow/.local/lib/python3.12/site-packages/airflow/example_dags/example_branch_python_dop_operator_3.py took 0.167 seconds
[2026-03-19T00:46:47.650+0000] {processor.py:161} INFO - Started process (PID=35769) to work on /home/airflow/.local/lib/python3.12/site-packages/airflow/example_dags/example_branch_python_dop_operator_3.py
[2026-03-19T00:46:47.651+0000] {processor.py:830} INFO - Processing file /home/airflow/.local/lib/python3.12/site-packages/airflow/example_dags/example_branch_python_dop_operator_3.py for tasks to queue
[2026-03-19T00:46:47.653+0000] {logging_mixin.py:188} INFO - [2026-03-19T00:46:47.653+0000] {dagbag.py:545} INFO - Filling up the DagBag from /home/airflow/.local/lib/python3.12/site-packages/airflow/example_dags/example_branch_python_dop_operator_3.py
[2026-03-19T00:46:47.662+0000] {processor.py:840} INFO - DAG(s) 'example_branch_dop_operator_v3' retrieved from /home/airflow/.local/lib/python3.12/site-packages/airflow/example_dags/example_branch_python_dop_operator_3.py
[2026-03-19T00:46:47.677+0000] {logging_mixin.py:188} INFO - [2026-03-19T00:46:47.677+0000] {dag.py:3096} INFO - Sync 1 DAGs
[2026-03-19T00:46:47.691+0000] {logging_mixin.py:188} INFO - [2026-03-19T00:46:47.691+0000] {dag.py:3954} INFO - Setting next_dagrun for example_branch_dop_operator_v3 to 2026-03-19 00:45:00+00:00, run_after=2026-03-19 00:46:00+00:00
[2026-03-19T00:46:47.702+0000] {processor.py:183} INFO - Processing /home/airflow/.local/lib/python3.12/site-packages/airflow/example_dags/example_branch_python_dop_operator_3.py took 0.058 seconds
[2026-03-19T01:13:45.830+0000] {processor.py:161} INFO - Started process (PID=35836) to work on /home/airflow/.local/lib/python3.12/site-packages/airflow/example_dags/example_branch_python_dop_operator_3.py
[2026-03-19T01:13:45.831+0000] {processor.py:830} INFO - Processing file /home/airflow/.local/lib/python3.12/site-packages/airflow/example_dags/example_branch_python_dop_operator_3.py for tasks to queue
[2026-03-19T01:13:45.832+0000] {logging_mixin.py:188} INFO - [2026-03-19T01:13:45.832+0000] {dagbag.py:545} INFO - Filling up the DagBag from /home/airflow/.local/lib/python3.12/site-packages/airflow/example_dags/example_branch_python_dop_operator_3.py
[2026-03-19T01:13:45.840+0000] {processor.py:840} INFO - DAG(s) 'example_branch_dop_operator_v3' retrieved from /home/airflow/.local/lib/python3.12/site-packages/airflow/example_dags/example_branch_python_dop_operator_3.py
[2026-03-19T01:13:45.870+0000] {logging_mixin.py:188} INFO - [2026-03-19T01:13:45.869+0000] {dag.py:3096} INFO - Sync 1 DAGs
[2026-03-19T01:13:45.894+0000] {logging_mixin.py:188} INFO - [2026-03-19T01:13:45.894+0000] {dag.py:3954} INFO - Setting next_dagrun for example_branch_dop_operator_v3 to 2026-03-19 01:12:00+00:00, run_after=2026-03-19 01:13:00+00:00
[2026-03-19T01:13:45.915+0000] {processor.py:183} INFO - Processing /home/airflow/.local/lib/python3.12/site-packages/airflow/example_dags/example_branch_python_dop_operator_3.py took 0.090 seconds
[2026-03-19T02:14:49.124+0000] {processor.py:161} INFO - Started process (PID=35914) to work on /home/airflow/.local/lib/python3.12/site-packages/airflow/example_dags/example_branch_python_dop_operator_3.py
[2026-03-19T02:14:49.174+0000] {processor.py:830} INFO - Processing file /home/airflow/.local/lib/python3.12/site-packages/airflow/example_dags/example_branch_python_dop_operator_3.py for tasks to queue
[2026-03-19T02:14:49.200+0000] {logging_mixin.py:188} INFO - [2026-03-19T02:14:49.187+0000] {dagbag.py:545} INFO - Filling up the DagBag from /home/airflow/.local/lib/python3.12/site-packages/airflow/example_dags/example_branch_python_dop_operator_3.py
[2026-03-19T02:14:49.566+0000] {processor.py:840} INFO - DAG(s) 'example_branch_dop_operator_v3' retrieved from /home/airflow/.local/lib/python3.12/site-packages/airflow/example_dags/example_branch_python_dop_operator_3.py
[2026-03-19T02:14:49.862+0000] {logging_mixin.py:188} INFO - [2026-03-19T02:14:49.859+0000] {dag.py:3096} INFO - Sync 1 DAGs
[2026-03-19T02:14:50.078+0000] {logging_mixin.py:188} INFO - [2026-03-19T02:14:50.076+0000] {dag.py:3954} INFO - Setting next_dagrun for example_branch_dop_operator_v3 to 2026-03-19 02:13:00+00:00, run_after=2026-03-19 02:14:00+00:00
[2026-03-19T02:14:50.214+0000] {processor.py:183} INFO - Processing /home/airflow/.local/lib/python3.12/site-packages/airflow/example_dags/example_branch_python_dop_operator_3.py took 1.204 seconds
[2026-03-19T02:15:20.934+0000] {processor.py:161} INFO - Started process (PID=35977) to work on /home/airflow/.local/lib/python3.12/site-packages/airflow/example_dags/example_branch_python_dop_operator_3.py
[2026-03-19T02:15:20.939+0000] {processor.py:830} INFO - Processing file /home/airflow/.local/lib/python3.12/site-packages/airflow/example_dags/example_branch_python_dop_operator_3.py for tasks to queue
[2026-03-19T02:15:20.943+0000] {logging_mixin.py:188} INFO - [2026-03-19T02:15:20.942+0000] {dagbag.py:545} INFO - Filling up the DagBag from /home/airflow/.local/lib/python3.12/site-packages/airflow/example_dags/example_branch_python_dop_operator_3.py
[2026-03-19T02:15:20.995+0000] {processor.py:840} INFO - DAG(s) 'example_branch_dop_operator_v3' retrieved from /home/airflow/.local/lib/python3.12/site-packages/airflow/example_dags/example_branch_python_dop_operator_3.py
[2026-03-19T02:15:21.058+0000] {logging_mixin.py:188} INFO - [2026-03-19T02:15:21.057+0000] {dag.py:3096} INFO - Sync 1 DAGs
[2026-03-19T02:15:21.175+0000] {logging_mixin.py:188} INFO - [2026-03-19T02:15:21.175+0000] {dag.py:3954} INFO - Setting next_dagrun for example_branch_dop_operator_v3 to 2026-03-19 02:14:00+00:00, run_after=2026-03-19 02:15:00+00:00
[2026-03-19T02:15:21.358+0000] {processor.py:183} INFO - Processing /home/airflow/.local/lib/python3.12/site-packages/airflow/example_dags/example_branch_python_dop_operator_3.py took 0.474 seconds
[2026-03-19T03:06:11.463+0000] {processor.py:161} INFO - Started process (PID=36057) to work on /home/airflow/.local/lib/python3.12/site-packages/airflow/example_dags/example_branch_python_dop_operator_3.py
[2026-03-19T03:06:11.474+0000] {processor.py:830} INFO - Processing file /home/airflow/.local/lib/python3.12/site-packages/airflow/example_dags/example_branch_python_dop_operator_3.py for tasks to queue
[2026-03-19T03:06:11.476+0000] {logging_mixin.py:188} INFO - [2026-03-19T03:06:11.475+0000] {dagbag.py:545} INFO - Filling up the DagBag from /home/airflow/.local/lib/python3.12/site-packages/airflow/example_dags/example_branch_python_dop_operator_3.py
[2026-03-19T03:06:11.497+0000] {processor.py:840} INFO - DAG(s) 'example_branch_dop_operator_v3' retrieved from /home/airflow/.local/lib/python3.12/site-packages/airflow/example_dags/example_branch_python_dop_operator_3.py
[2026-03-19T03:06:11.549+0000] {logging_mixin.py:188} INFO - [2026-03-19T03:06:11.548+0000] {dag.py:3096} INFO - Sync 1 DAGs
[2026-03-19T03:06:11.632+0000] {logging_mixin.py:188} INFO - [2026-03-19T03:06:11.631+0000] {dag.py:3954} INFO - Setting next_dagrun for example_branch_dop_operator_v3 to 2026-03-19 03:05:00+00:00, run_after=2026-03-19 03:06:00+00:00
[2026-03-19T03:06:11.695+0000] {processor.py:183} INFO - Processing /home/airflow/.local/lib/python3.12/site-packages/airflow/example_dags/example_branch_python_dop_operator_3.py took 0.258 seconds
[2026-03-19T03:06:41.930+0000] {processor.py:161} INFO - Started process (PID=36124) to work on /home/airflow/.local/lib/python3.12/site-packages/airflow/example_dags/example_branch_python_dop_operator_3.py
[2026-03-19T03:06:41.930+0000] {processor.py:830} INFO - Processing file /home/airflow/.local/lib/python3.12/site-packages/airflow/example_dags/example_branch_python_dop_operator_3.py for tasks to queue
[2026-03-19T03:06:41.931+0000] {logging_mixin.py:188} INFO - [2026-03-19T03:06:41.931+0000] {dagbag.py:545} INFO - Filling up the DagBag from /home/airflow/.local/lib/python3.12/site-packages/airflow/example_dags/example_branch_python_dop_operator_3.py
[2026-03-19T03:06:41.935+0000] {processor.py:840} INFO - DAG(s) 'example_branch_dop_operator_v3' retrieved from /home/airflow/.local/lib/python3.12/site-packages/airflow/example_dags/example_branch_python_dop_operator_3.py
[2026-03-19T03:06:41.945+0000] {logging_mixin.py:188} INFO - [2026-03-19T03:06:41.945+0000] {dag.py:3096} INFO - Sync 1 DAGs
[2026-03-19T03:06:41.955+0000] {logging_mixin.py:188} INFO - [2026-03-19T03:06:41.955+0000] {dag.py:3954} INFO - Setting next_dagrun for example_branch_dop_operator_v3 to 2026-03-19 03:05:00+00:00, run_after=2026-03-19 03:06:00+00:00
[2026-03-19T03:06:41.963+0000] {processor.py:183} INFO - Processing /home/airflow/.local/lib/python3.12/site-packages/airflow/example_dags/example_branch_python_dop_operator_3.py took 0.036 seconds
[2026-03-19T03:15:43.423+0000] {processor.py:161} INFO - Started process (PID=36183) to work on /home/airflow/.local/lib/python3.12/site-packages/airflow/example_dags/example_branch_python_dop_operator_3.py
[2026-03-19T03:15:43.429+0000] {processor.py:830} INFO - Processing file /home/airflow/.local/lib/python3.12/site-packages/airflow/example_dags/example_branch_python_dop_operator_3.py for tasks to queue
[2026-03-19T03:15:43.430+0000] {logging_mixin.py:188} INFO - [2026-03-19T03:15:43.430+0000] {dagbag.py:545} INFO - Filling up the DagBag from /home/airflow/.local/lib/python3.12/site-packages/airflow/example_dags/example_branch_python_dop_operator_3.py
[2026-03-19T03:15:43.450+0000] {processor.py:840} INFO - DAG(s) 'example_branch_dop_operator_v3' retrieved from /home/airflow/.local/lib/python3.12/site-packages/airflow/example_dags/example_branch_python_dop_operator_3.py
[2026-03-19T03:15:43.480+0000] {logging_mixin.py:188} INFO - [2026-03-19T03:15:43.480+0000] {dag.py:3096} INFO - Sync 1 DAGs
[2026-03-19T03:15:43.501+0000] {logging_mixin.py:188} INFO - [2026-03-19T03:15:43.501+0000] {dag.py:3954} INFO - Setting next_dagrun for example_branch_dop_operator_v3 to 2026-03-19 03:14:00+00:00, run_after=2026-03-19 03:15:00+00:00
[2026-03-19T03:15:43.520+0000] {processor.py:183} INFO - Processing /home/airflow/.local/lib/python3.12/site-packages/airflow/example_dags/example_branch_python_dop_operator_3.py took 0.108 seconds
[2026-03-19T03:32:06.359+0000] {processor.py:161} INFO - Started process (PID=36242) to work on /home/airflow/.local/lib/python3.12/site-packages/airflow/example_dags/example_branch_python_dop_operator_3.py
[2026-03-19T03:32:06.361+0000] {processor.py:830} INFO - Processing file /home/airflow/.local/lib/python3.12/site-packages/airflow/example_dags/example_branch_python_dop_operator_3.py for tasks to queue
[2026-03-19T03:32:06.363+0000] {logging_mixin.py:188} INFO - [2026-03-19T03:32:06.362+0000] {dagbag.py:545} INFO - Filling up the DagBag from /home/airflow/.local/lib/python3.12/site-packages/airflow/example_dags/example_branch_python_dop_operator_3.py
[2026-03-19T03:32:06.378+0000] {processor.py:840} INFO - DAG(s) 'example_branch_dop_operator_v3' retrieved from /home/airflow/.local/lib/python3.12/site-packages/airflow/example_dags/example_branch_python_dop_operator_3.py
[2026-03-19T03:32:06.424+0000] {logging_mixin.py:188} INFO - [2026-03-19T03:32:06.424+0000] {dag.py:3096} INFO - Sync 1 DAGs
[2026-03-19T03:32:06.469+0000] {logging_mixin.py:188} INFO - [2026-03-19T03:32:06.468+0000] {dag.py:3954} INFO - Setting next_dagrun for example_branch_dop_operator_v3 to 2026-03-19 03:31:00+00:00, run_after=2026-03-19 03:32:00+00:00
[2026-03-19T03:32:06.500+0000] {processor.py:183} INFO - Processing /home/airflow/.local/lib/python3.12/site-packages/airflow/example_dags/example_branch_python_dop_operator_3.py took 0.155 seconds
[2026-03-19T04:16:44.353+0000] {processor.py:161} INFO - Started process (PID=36309) to work on /home/airflow/.local/lib/python3.12/site-packages/airflow/example_dags/example_branch_python_dop_operator_3.py
[2026-03-19T04:16:44.354+0000] {processor.py:830} INFO - Processing file /home/airflow/.local/lib/python3.12/site-packages/airflow/example_dags/example_branch_python_dop_operator_3.py for tasks to queue
[2026-03-19T04:16:44.355+0000] {logging_mixin.py:188} INFO - [2026-03-19T04:16:44.354+0000] {dagbag.py:545} INFO - Filling up the DagBag from /home/airflow/.local/lib/python3.12/site-packages/airflow/example_dags/example_branch_python_dop_operator_3.py
[2026-03-19T04:16:44.366+0000] {processor.py:840} INFO - DAG(s) 'example_branch_dop_operator_v3' retrieved from /home/airflow/.local/lib/python3.12/site-packages/airflow/example_dags/example_branch_python_dop_operator_3.py
[2026-03-19T04:16:44.386+0000] {logging_mixin.py:188} INFO - [2026-03-19T04:16:44.386+0000] {dag.py:3096} INFO - Sync 1 DAGs
[2026-03-19T04:16:44.405+0000] {logging_mixin.py:188} INFO - [2026-03-19T04:16:44.405+0000] {dag.py:3954} INFO - Setting next_dagrun for example_branch_dop_operator_v3 to 2026-03-19 04:15:00+00:00, run_after=2026-03-19 04:16:00+00:00
[2026-03-19T04:16:44.427+0000] {processor.py:183} INFO - Processing /home/airflow/.local/lib/python3.12/site-packages/airflow/example_dags/example_branch_python_dop_operator_3.py took 0.080 seconds
[2026-03-19T04:17:18.504+0000] {processor.py:161} INFO - Started process (PID=36376) to work on /home/airflow/.local/lib/python3.12/site-packages/airflow/example_dags/example_branch_python_dop_operator_3.py
[2026-03-19T04:17:18.506+0000] {processor.py:830} INFO - Processing file /home/airflow/.local/lib/python3.12/site-packages/airflow/example_dags/example_branch_python_dop_operator_3.py for tasks to queue
[2026-03-19T04:17:18.507+0000] {logging_mixin.py:188} INFO - [2026-03-19T04:17:18.507+0000] {dagbag.py:545} INFO - Filling up the DagBag from /home/airflow/.local/lib/python3.12/site-packages/airflow/example_dags/example_branch_python_dop_operator_3.py
[2026-03-19T04:17:18.527+0000] {processor.py:840} INFO - DAG(s) 'example_branch_dop_operator_v3' retrieved from /home/airflow/.local/lib/python3.12/site-packages/airflow/example_dags/example_branch_python_dop_operator_3.py
[2026-03-19T04:17:18.561+0000] {logging_mixin.py:188} INFO - [2026-03-19T04:17:18.560+0000] {dag.py:3096} INFO - Sync 1 DAGs
[2026-03-19T04:17:18.604+0000] {logging_mixin.py:188} INFO - [2026-03-19T04:17:18.603+0000] {dag.py:3954} INFO - Setting next_dagrun for example_branch_dop_operator_v3 to 2026-03-19 04:16:00+00:00, run_after=2026-03-19 04:17:00+00:00
[2026-03-19T04:17:18.630+0000] {processor.py:183} INFO - Processing /home/airflow/.local/lib/python3.12/site-packages/airflow/example_dags/example_branch_python_dop_operator_3.py took 0.135 seconds
[2026-03-19T05:17:37.987+0000] {processor.py:161} INFO - Started process (PID=36435) to work on /home/airflow/.local/lib/python3.12/site-packages/airflow/example_dags/example_branch_python_dop_operator_3.py
[2026-03-19T05:17:37.988+0000] {processor.py:830} INFO - Processing file /home/airflow/.local/lib/python3.12/site-packages/airflow/example_dags/example_branch_python_dop_operator_3.py for tasks to queue
[2026-03-19T05:17:37.989+0000] {logging_mixin.py:188} INFO - [2026-03-19T05:17:37.989+0000] {dagbag.py:545} INFO - Filling up the DagBag from /home/airflow/.local/lib/python3.12/site-packages/airflow/example_dags/example_branch_python_dop_operator_3.py
[2026-03-19T05:17:37.996+0000] {processor.py:840} INFO - DAG(s) 'example_branch_dop_operator_v3' retrieved from /home/airflow/.local/lib/python3.12/site-packages/airflow/example_dags/example_branch_python_dop_operator_3.py
[2026-03-19T05:17:38.013+0000] {logging_mixin.py:188} INFO - [2026-03-19T05:17:38.013+0000] {dag.py:3096} INFO - Sync 1 DAGs
[2026-03-19T05:17:38.029+0000] {logging_mixin.py:188} INFO - [2026-03-19T05:17:38.029+0000] {dag.py:3954} INFO - Setting next_dagrun for example_branch_dop_operator_v3 to 2026-03-19 05:16:00+00:00, run_after=2026-03-19 05:17:00+00:00
[2026-03-19T05:17:38.045+0000] {processor.py:183} INFO - Processing /home/airflow/.local/lib/python3.12/site-packages/airflow/example_dags/example_branch_python_dop_operator_3.py took 0.062 seconds
[2026-03-19T05:18:08.398+0000] {processor.py:161} INFO - Started process (PID=36494) to work on /home/airflow/.local/lib/python3.12/site-packages/airflow/example_dags/example_branch_python_dop_operator_3.py
[2026-03-19T05:18:08.402+0000] {processor.py:830} INFO - Processing file /home/airflow/.local/lib/python3.12/site-packages/airflow/example_dags/example_branch_python_dop_operator_3.py for tasks to queue
[2026-03-19T05:18:08.403+0000] {logging_mixin.py:188} INFO - [2026-03-19T05:18:08.403+0000] {dagbag.py:545} INFO - Filling up the DagBag from /home/airflow/.local/lib/python3.12/site-packages/airflow/example_dags/example_branch_python_dop_operator_3.py
[2026-03-19T05:18:08.408+0000] {processor.py:840} INFO - DAG(s) 'example_branch_dop_operator_v3' retrieved from /home/airflow/.local/lib/python3.12/site-packages/airflow/example_dags/example_branch_python_dop_operator_3.py
[2026-03-19T05:18:08.424+0000] {logging_mixin.py:188} INFO - [2026-03-19T05:18:08.424+0000] {dag.py:3096} INFO - Sync 1 DAGs
[2026-03-19T05:18:08.447+0000] {logging_mixin.py:188} INFO - [2026-03-19T05:18:08.447+0000] {dag.py:3954} INFO - Setting next_dagrun for example_branch_dop_operator_v3 to 2026-03-19 05:17:00+00:00, run_after=2026-03-19 05:18:00+00:00
[2026-03-19T05:18:08.462+0000] {processor.py:183} INFO - Processing /home/airflow/.local/lib/python3.12/site-packages/airflow/example_dags/example_branch_python_dop_operator_3.py took 0.071 seconds
[2026-03-19T06:18:37.269+0000] {processor.py:161} INFO - Started process (PID=36553) to work on /home/airflow/.local/lib/python3.12/site-packages/airflow/example_dags/example_branch_python_dop_operator_3.py
[2026-03-19T06:18:37.270+0000] {processor.py:830} INFO - Processing file /home/airflow/.local/lib/python3.12/site-packages/airflow/example_dags/example_branch_python_dop_operator_3.py for tasks to queue
[2026-03-19T06:18:37.272+0000] {logging_mixin.py:188} INFO - [2026-03-19T06:18:37.271+0000] {dagbag.py:545} INFO - Filling up the DagBag from /home/airflow/.local/lib/python3.12/site-packages/airflow/example_dags/example_branch_python_dop_operator_3.py
[2026-03-19T06:18:37.284+0000] {processor.py:840} INFO - DAG(s) 'example_branch_dop_operator_v3' retrieved from /home/airflow/.local/lib/python3.12/site-packages/airflow/example_dags/example_branch_python_dop_operator_3.py
[2026-03-19T06:18:37.304+0000] {logging_mixin.py:188} INFO - [2026-03-19T06:18:37.303+0000] {dag.py:3096} INFO - Sync 1 DAGs
[2026-03-19T06:18:37.326+0000] {logging_mixin.py:188} INFO - [2026-03-19T06:18:37.326+0000] {dag.py:3954} INFO - Setting next_dagrun for example_branch_dop_operator_v3 to 2026-03-19 06:17:00+00:00, run_after=2026-03-19 06:18:00+00:00
[2026-03-19T06:18:37.342+0000] {processor.py:183} INFO - Processing /home/airflow/.local/lib/python3.12/site-packages/airflow/example_dags/example_branch_python_dop_operator_3.py took 0.081 seconds
[2026-03-19T06:19:07.804+0000] {processor.py:161} INFO - Started process (PID=36620) to work on /home/airflow/.local/lib/python3.12/site-packages/airflow/example_dags/example_branch_python_dop_operator_3.py
[2026-03-19T06:19:07.805+0000] {processor.py:830} INFO - Processing file /home/airflow/.local/lib/python3.12/site-packages/airflow/example_dags/example_branch_python_dop_operator_3.py for tasks to queue
[2026-03-19T06:19:07.806+0000] {logging_mixin.py:188} INFO - [2026-03-19T06:19:07.805+0000] {dagbag.py:545} INFO - Filling up the DagBag from /home/airflow/.local/lib/python3.12/site-packages/airflow/example_dags/example_branch_python_dop_operator_3.py
[2026-03-19T06:19:07.811+0000] {processor.py:840} INFO - DAG(s) 'example_branch_dop_operator_v3' retrieved from /home/airflow/.local/lib/python3.12/site-packages/airflow/example_dags/example_branch_python_dop_operator_3.py
[2026-03-19T06:19:07.821+0000] {logging_mixin.py:188} INFO - [2026-03-19T06:19:07.821+0000] {dag.py:3096} INFO - Sync 1 DAGs
[2026-03-19T06:19:07.833+0000] {logging_mixin.py:188} INFO - [2026-03-19T06:19:07.833+0000] {dag.py:3954} INFO - Setting next_dagrun for example_branch_dop_operator_v3 to 2026-03-19 06:18:00+00:00, run_after=2026-03-19 06:19:00+00:00
[2026-03-19T06:19:07.842+0000] {processor.py:183} INFO - Processing /home/airflow/.local/lib/python3.12/site-packages/airflow/example_dags/example_branch_python_dop_operator_3.py took 0.041 seconds
[2026-03-19T07:19:36.987+0000] {processor.py:161} INFO - Started process (PID=36679) to work on /home/airflow/.local/lib/python3.12/site-packages/airflow/example_dags/example_branch_python_dop_operator_3.py
[2026-03-19T07:19:36.990+0000] {processor.py:830} INFO - Processing file /home/airflow/.local/lib/python3.12/site-packages/airflow/example_dags/example_branch_python_dop_operator_3.py for tasks to queue
[2026-03-19T07:19:36.992+0000] {logging_mixin.py:188} INFO - [2026-03-19T07:19:36.992+0000] {dagbag.py:545} INFO - Filling up the DagBag from /home/airflow/.local/lib/python3.12/site-packages/airflow/example_dags/example_branch_python_dop_operator_3.py
[2026-03-19T07:19:37.005+0000] {processor.py:840} INFO - DAG(s) 'example_branch_dop_operator_v3' retrieved from /home/airflow/.local/lib/python3.12/site-packages/airflow/example_dags/example_branch_python_dop_operator_3.py
[2026-03-19T07:19:37.056+0000] {logging_mixin.py:188} INFO - [2026-03-19T07:19:37.056+0000] {dag.py:3096} INFO - Sync 1 DAGs
[2026-03-19T07:19:37.097+0000] {logging_mixin.py:188} INFO - [2026-03-19T07:19:37.096+0000] {dag.py:3954} INFO - Setting next_dagrun for example_branch_dop_operator_v3 to 2026-03-19 07:18:00+00:00, run_after=2026-03-19 07:19:00+00:00
[2026-03-19T07:19:37.130+0000] {processor.py:183} INFO - Processing /home/airflow/.local/lib/python3.12/site-packages/airflow/example_dags/example_branch_python_dop_operator_3.py took 0.153 seconds
[2026-03-19T07:20:08.102+0000] {processor.py:161} INFO - Started process (PID=36747) to work on /home/airflow/.local/lib/python3.12/site-packages/airflow/example_dags/example_branch_python_dop_operator_3.py
[2026-03-19T07:20:08.107+0000] {processor.py:830} INFO - Processing file /home/airflow/.local/lib/python3.12/site-packages/airflow/example_dags/example_branch_python_dop_operator_3.py for tasks to queue
[2026-03-19T07:20:08.109+0000] {logging_mixin.py:188} INFO - [2026-03-19T07:20:08.108+0000] {dagbag.py:545} INFO - Filling up the DagBag from /home/airflow/.local/lib/python3.12/site-packages/airflow/example_dags/example_branch_python_dop_operator_3.py
[2026-03-19T07:20:08.130+0000] {processor.py:840} INFO - DAG(s) 'example_branch_dop_operator_v3' retrieved from /home/airflow/.local/lib/python3.12/site-packages/airflow/example_dags/example_branch_python_dop_operator_3.py
[2026-03-19T07:20:08.169+0000] {logging_mixin.py:188} INFO - [2026-03-19T07:20:08.169+0000] {dag.py:3096} INFO - Sync 1 DAGs
[2026-03-19T07:20:08.206+0000] {logging_mixin.py:188} INFO - [2026-03-19T07:20:08.206+0000] {dag.py:3954} INFO - Setting next_dagrun for example_branch_dop_operator_v3 to 2026-03-19 07:19:00+00:00, run_after=2026-03-19 07:20:00+00:00
[2026-03-19T07:20:08.230+0000] {processor.py:183} INFO - Processing /home/airflow/.local/lib/python3.12/site-packages/airflow/example_dags/example_branch_python_dop_operator_3.py took 0.146 seconds
[2026-03-19T07:37:31.158+0000] {processor.py:161} INFO - Started process (PID=36805) to work on /home/airflow/.local/lib/python3.12/site-packages/airflow/example_dags/example_branch_python_dop_operator_3.py
[2026-03-19T07:37:31.162+0000] {processor.py:830} INFO - Processing file /home/airflow/.local/lib/python3.12/site-packages/airflow/example_dags/example_branch_python_dop_operator_3.py for tasks to queue
[2026-03-19T07:37:31.164+0000] {logging_mixin.py:188} INFO - [2026-03-19T07:37:31.163+0000] {dagbag.py:545} INFO - Filling up the DagBag from /home/airflow/.local/lib/python3.12/site-packages/airflow/example_dags/example_branch_python_dop_operator_3.py
[2026-03-19T07:37:31.170+0000] {processor.py:840} INFO - DAG(s) 'example_branch_dop_operator_v3' retrieved from /home/airflow/.local/lib/python3.12/site-packages/airflow/example_dags/example_branch_python_dop_operator_3.py
[2026-03-19T07:37:31.195+0000] {logging_mixin.py:188} INFO - [2026-03-19T07:37:31.195+0000] {dag.py:3096} INFO - Sync 1 DAGs
[2026-03-19T07:37:31.213+0000] {logging_mixin.py:188} INFO - [2026-03-19T07:37:31.213+0000] {dag.py:3954} INFO - Setting next_dagrun for example_branch_dop_operator_v3 to 2026-03-19 07:36:00+00:00, run_after=2026-03-19 07:37:00+00:00
[2026-03-19T07:37:31.226+0000] {processor.py:183} INFO - Processing /home/airflow/.local/lib/python3.12/site-packages/airflow/example_dags/example_branch_python_dop_operator_3.py took 0.073 seconds
[2026-03-19T07:38:05.870+0000] {processor.py:161} INFO - Started process (PID=36872) to work on /home/airflow/.local/lib/python3.12/site-packages/airflow/example_dags/example_branch_python_dop_operator_3.py
[2026-03-19T07:38:05.871+0000] {processor.py:830} INFO - Processing file /home/airflow/.local/lib/python3.12/site-packages/airflow/example_dags/example_branch_python_dop_operator_3.py for tasks to queue
[2026-03-19T07:38:05.873+0000] {logging_mixin.py:188} INFO - [2026-03-19T07:38:05.872+0000] {dagbag.py:545} INFO - Filling up the DagBag from /home/airflow/.local/lib/python3.12/site-packages/airflow/example_dags/example_branch_python_dop_operator_3.py
[2026-03-19T07:38:05.888+0000] {processor.py:840} INFO - DAG(s) 'example_branch_dop_operator_v3' retrieved from /home/airflow/.local/lib/python3.12/site-packages/airflow/example_dags/example_branch_python_dop_operator_3.py
[2026-03-19T07:38:05.932+0000] {logging_mixin.py:188} INFO - [2026-03-19T07:38:05.932+0000] {dag.py:3096} INFO - Sync 1 DAGs
[2026-03-19T07:38:05.969+0000] {logging_mixin.py:188} INFO - [2026-03-19T07:38:05.968+0000] {dag.py:3954} INFO - Setting next_dagrun for example_branch_dop_operator_v3 to 2026-03-19 07:37:00+00:00, run_after=2026-03-19 07:38:00+00:00
[2026-03-19T07:38:06.012+0000] {processor.py:183} INFO - Processing /home/airflow/.local/lib/python3.12/site-packages/airflow/example_dags/example_branch_python_dop_operator_3.py took 0.154 seconds
[2026-03-19T07:48:57.182+0000] {processor.py:161} INFO - Started process (PID=36931) to work on /home/airflow/.local/lib/python3.12/site-packages/airflow/example_dags/example_branch_python_dop_operator_3.py
[2026-03-19T07:48:57.184+0000] {processor.py:830} INFO - Processing file /home/airflow/.local/lib/python3.12/site-packages/airflow/example_dags/example_branch_python_dop_operator_3.py for tasks to queue
[2026-03-19T07:48:57.184+0000] {logging_mixin.py:188} INFO - [2026-03-19T07:48:57.184+0000] {dagbag.py:545} INFO - Filling up the DagBag from /home/airflow/.local/lib/python3.12/site-packages/airflow/example_dags/example_branch_python_dop_operator_3.py
[2026-03-19T07:48:57.190+0000] {processor.py:840} INFO - DAG(s) 'example_branch_dop_operator_v3' retrieved from /home/airflow/.local/lib/python3.12/site-packages/airflow/example_dags/example_branch_python_dop_operator_3.py
[2026-03-19T07:48:57.211+0000] {logging_mixin.py:188} INFO - [2026-03-19T07:48:57.211+0000] {dag.py:3096} INFO - Sync 1 DAGs
[2026-03-19T07:48:57.228+0000] {logging_mixin.py:188} INFO - [2026-03-19T07:48:57.228+0000] {dag.py:3954} INFO - Setting next_dagrun for example_branch_dop_operator_v3 to 2026-03-19 07:47:00+00:00, run_after=2026-03-19 07:48:00+00:00
[2026-03-19T07:48:57.247+0000] {processor.py:183} INFO - Processing /home/airflow/.local/lib/python3.12/site-packages/airflow/example_dags/example_branch_python_dop_operator_3.py took 0.069 seconds
[2026-03-19T07:49:29.429+0000] {processor.py:161} INFO - Started process (PID=36990) to work on /home/airflow/.local/lib/python3.12/site-packages/airflow/example_dags/example_branch_python_dop_operator_3.py
[2026-03-19T07:49:29.432+0000] {processor.py:830} INFO - Processing file /home/airflow/.local/lib/python3.12/site-packages/airflow/example_dags/example_branch_python_dop_operator_3.py for tasks to queue
[2026-03-19T07:49:29.433+0000] {logging_mixin.py:188} INFO - [2026-03-19T07:49:29.433+0000] {dagbag.py:545} INFO - Filling up the DagBag from /home/airflow/.local/lib/python3.12/site-packages/airflow/example_dags/example_branch_python_dop_operator_3.py
[2026-03-19T07:49:29.453+0000] {processor.py:840} INFO - DAG(s) 'example_branch_dop_operator_v3' retrieved from /home/airflow/.local/lib/python3.12/site-packages/airflow/example_dags/example_branch_python_dop_operator_3.py
[2026-03-19T07:49:29.505+0000] {logging_mixin.py:188} INFO - [2026-03-19T07:49:29.505+0000] {dag.py:3096} INFO - Sync 1 DAGs
[2026-03-19T07:49:29.528+0000] {logging_mixin.py:188} INFO - [2026-03-19T07:49:29.528+0000] {dag.py:3954} INFO - Setting next_dagrun for example_branch_dop_operator_v3 to 2026-03-19 07:48:00+00:00, run_after=2026-03-19 07:49:00+00:00
[2026-03-19T07:49:29.575+0000] {processor.py:183} INFO - Processing /home/airflow/.local/lib/python3.12/site-packages/airflow/example_dags/example_branch_python_dop_operator_3.py took 0.155 seconds
[2026-03-19T07:50:01.292+0000] {processor.py:161} INFO - Started process (PID=37049) to work on /home/airflow/.local/lib/python3.12/site-packages/airflow/example_dags/example_branch_python_dop_operator_3.py
[2026-03-19T07:50:01.293+0000] {processor.py:830} INFO - Processing file /home/airflow/.local/lib/python3.12/site-packages/airflow/example_dags/example_branch_python_dop_operator_3.py for tasks to queue
[2026-03-19T07:50:01.294+0000] {logging_mixin.py:188} INFO - [2026-03-19T07:50:01.294+0000] {dagbag.py:545} INFO - Filling up the DagBag from /home/airflow/.local/lib/python3.12/site-packages/airflow/example_dags/example_branch_python_dop_operator_3.py
[2026-03-19T07:50:01.312+0000] {processor.py:840} INFO - DAG(s) 'example_branch_dop_operator_v3' retrieved from /home/airflow/.local/lib/python3.12/site-packages/airflow/example_dags/example_branch_python_dop_operator_3.py
[2026-03-19T07:50:01.399+0000] {logging_mixin.py:188} INFO - [2026-03-19T07:50:01.396+0000] {dag.py:3096} INFO - Sync 1 DAGs
[2026-03-19T07:50:01.505+0000] {logging_mixin.py:188} INFO - [2026-03-19T07:50:01.505+0000] {dag.py:3954} INFO - Setting next_dagrun for example_branch_dop_operator_v3 to 2026-03-19 07:49:00+00:00, run_after=2026-03-19 07:50:00+00:00
[2026-03-19T07:50:01.579+0000] {processor.py:183} INFO - Processing /home/airflow/.local/lib/python3.12/site-packages/airflow/example_dags/example_branch_python_dop_operator_3.py took 0.302 seconds
[2026-03-19T07:50:31.993+0000] {processor.py:161} INFO - Started process (PID=37108) to work on /home/airflow/.local/lib/python3.12/site-packages/airflow/example_dags/example_branch_python_dop_operator_3.py
[2026-03-19T07:50:31.999+0000] {processor.py:830} INFO - Processing file /home/airflow/.local/lib/python3.12/site-packages/airflow/example_dags/example_branch_python_dop_operator_3.py for tasks to queue
[2026-03-19T07:50:32.000+0000] {logging_mixin.py:188} INFO - [2026-03-19T07:50:31.999+0000] {dagbag.py:545} INFO - Filling up the DagBag from /home/airflow/.local/lib/python3.12/site-packages/airflow/example_dags/example_branch_python_dop_operator_3.py
[2026-03-19T07:50:32.014+0000] {processor.py:840} INFO - DAG(s) 'example_branch_dop_operator_v3' retrieved from /home/airflow/.local/lib/python3.12/site-packages/airflow/example_dags/example_branch_python_dop_operator_3.py
[2026-03-19T07:50:32.063+0000] {logging_mixin.py:188} INFO - [2026-03-19T07:50:32.063+0000] {dag.py:3096} INFO - Sync 1 DAGs
[2026-03-19T07:50:32.098+0000] {logging_mixin.py:188} INFO - [2026-03-19T07:50:32.097+0000] {dag.py:3954} INFO - Setting next_dagrun for example_branch_dop_operator_v3 to 2026-03-19 07:49:00+00:00, run_after=2026-03-19 07:50:00+00:00
[2026-03-19T07:50:32.165+0000] {processor.py:183} INFO - Processing /home/airflow/.local/lib/python3.12/site-packages/airflow/example_dags/example_branch_python_dop_operator_3.py took 0.186 seconds
[2026-03-19T07:51:02.900+0000] {processor.py:161} INFO - Started process (PID=37167) to work on /home/airflow/.local/lib/python3.12/site-packages/airflow/example_dags/example_branch_python_dop_operator_3.py
[2026-03-19T07:51:02.901+0000] {processor.py:830} INFO - Processing file /home/airflow/.local/lib/python3.12/site-packages/airflow/example_dags/example_branch_python_dop_operator_3.py for tasks to queue
[2026-03-19T07:51:02.902+0000] {logging_mixin.py:188} INFO - [2026-03-19T07:51:02.902+0000] {dagbag.py:545} INFO - Filling up the DagBag from /home/airflow/.local/lib/python3.12/site-packages/airflow/example_dags/example_branch_python_dop_operator_3.py
[2026-03-19T07:51:02.914+0000] {processor.py:840} INFO - DAG(s) 'example_branch_dop_operator_v3' retrieved from /home/airflow/.local/lib/python3.12/site-packages/airflow/example_dags/example_branch_python_dop_operator_3.py
[2026-03-19T07:51:02.949+0000] {logging_mixin.py:188} INFO - [2026-03-19T07:51:02.949+0000] {dag.py:3096} INFO - Sync 1 DAGs
[2026-03-19T07:51:02.966+0000] {logging_mixin.py:188} INFO - [2026-03-19T07:51:02.966+0000] {dag.py:3954} INFO - Setting next_dagrun for example_branch_dop_operator_v3 to 2026-03-19 07:50:00+00:00, run_after=2026-03-19 07:51:00+00:00
[2026-03-19T07:51:02.977+0000] {processor.py:183} INFO - Processing /home/airflow/.local/lib/python3.12/site-packages/airflow/example_dags/example_branch_python_dop_operator_3.py took 0.085 seconds
[2026-03-19T07:51:35.106+0000] {processor.py:161} INFO - Started process (PID=37226) to work on /home/airflow/.local/lib/python3.12/site-packages/airflow/example_dags/example_branch_python_dop_operator_3.py
[2026-03-19T07:51:35.115+0000] {processor.py:830} INFO - Processing file /home/airflow/.local/lib/python3.12/site-packages/airflow/example_dags/example_branch_python_dop_operator_3.py for tasks to queue
[2026-03-19T07:51:35.117+0000] {logging_mixin.py:188} INFO - [2026-03-19T07:51:35.116+0000] {dagbag.py:545} INFO - Filling up the DagBag from /home/airflow/.local/lib/python3.12/site-packages/airflow/example_dags/example_branch_python_dop_operator_3.py
[2026-03-19T07:51:35.153+0000] {processor.py:840} INFO - DAG(s) 'example_branch_dop_operator_v3' retrieved from /home/airflow/.local/lib/python3.12/site-packages/airflow/example_dags/example_branch_python_dop_operator_3.py
[2026-03-19T07:51:35.278+0000] {logging_mixin.py:188} INFO - [2026-03-19T07:51:35.277+0000] {dag.py:3096} INFO - Sync 1 DAGs
[2026-03-19T07:51:35.414+0000] {logging_mixin.py:188} INFO - [2026-03-19T07:51:35.414+0000] {dag.py:3954} INFO - Setting next_dagrun for example_branch_dop_operator_v3 to 2026-03-19 07:50:00+00:00, run_after=2026-03-19 07:51:00+00:00
[2026-03-19T07:51:35.529+0000] {processor.py:183} INFO - Processing /home/airflow/.local/lib/python3.12/site-packages/airflow/example_dags/example_branch_python_dop_operator_3.py took 0.440 seconds
[2026-03-19T07:52:06.278+0000] {processor.py:161} INFO - Started process (PID=37285) to work on /home/airflow/.local/lib/python3.12/site-packages/airflow/example_dags/example_branch_python_dop_operator_3.py
[2026-03-19T07:52:06.284+0000] {processor.py:830} INFO - Processing file /home/airflow/.local/lib/python3.12/site-packages/airflow/example_dags/example_branch_python_dop_operator_3.py for tasks to queue
[2026-03-19T07:52:06.287+0000] {logging_mixin.py:188} INFO - [2026-03-19T07:52:06.286+0000] {dagbag.py:545} INFO - Filling up the DagBag from /home/airflow/.local/lib/python3.12/site-packages/airflow/example_dags/example_branch_python_dop_operator_3.py
[2026-03-19T07:52:06.314+0000] {processor.py:840} INFO - DAG(s) 'example_branch_dop_operator_v3' retrieved from /home/airflow/.local/lib/python3.12/site-packages/airflow/example_dags/example_branch_python_dop_operator_3.py
[2026-03-19T07:52:06.394+0000] {logging_mixin.py:188} INFO - [2026-03-19T07:52:06.393+0000] {dag.py:3096} INFO - Sync 1 DAGs
[2026-03-19T07:52:06.430+0000] {logging_mixin.py:188} INFO - [2026-03-19T07:52:06.430+0000] {dag.py:3954} INFO - Setting next_dagrun for example_branch_dop_operator_v3 to 2026-03-19 07:51:00+00:00, run_after=2026-03-19 07:52:00+00:00
[2026-03-19T07:52:06.458+0000] {processor.py:183} INFO - Processing /home/airflow/.local/lib/python3.12/site-packages/airflow/example_dags/example_branch_python_dop_operator_3.py took 0.198 seconds
[2026-03-19T07:52:37.151+0000] {processor.py:161} INFO - Started process (PID=37344) to work on /home/airflow/.local/lib/python3.12/site-packages/airflow/example_dags/example_branch_python_dop_operator_3.py
[2026-03-19T07:52:37.156+0000] {processor.py:830} INFO - Processing file /home/airflow/.local/lib/python3.12/site-packages/airflow/example_dags/example_branch_python_dop_operator_3.py for tasks to queue
[2026-03-19T07:52:37.156+0000] {logging_mixin.py:188} INFO - [2026-03-19T07:52:37.156+0000] {dagbag.py:545} INFO - Filling up the DagBag from /home/airflow/.local/lib/python3.12/site-packages/airflow/example_dags/example_branch_python_dop_operator_3.py
[2026-03-19T07:52:37.164+0000] {processor.py:840} INFO - DAG(s) 'example_branch_dop_operator_v3' retrieved from /home/airflow/.local/lib/python3.12/site-packages/airflow/example_dags/example_branch_python_dop_operator_3.py
[2026-03-19T07:52:37.189+0000] {logging_mixin.py:188} INFO - [2026-03-19T07:52:37.188+0000] {dag.py:3096} INFO - Sync 1 DAGs
[2026-03-19T07:52:37.203+0000] {logging_mixin.py:188} INFO - [2026-03-19T07:52:37.203+0000] {dag.py:3954} INFO - Setting next_dagrun for example_branch_dop_operator_v3 to 2026-03-19 07:51:00+00:00, run_after=2026-03-19 07:52:00+00:00
[2026-03-19T07:52:37.217+0000] {processor.py:183} INFO - Processing /home/airflow/.local/lib/python3.12/site-packages/airflow/example_dags/example_branch_python_dop_operator_3.py took 0.073 seconds
[2026-03-19T07:53:07.821+0000] {processor.py:161} INFO - Started process (PID=37403) to work on /home/airflow/.local/lib/python3.12/site-packages/airflow/example_dags/example_branch_python_dop_operator_3.py
[2026-03-19T07:53:07.824+0000] {processor.py:830} INFO - Processing file /home/airflow/.local/lib/python3.12/site-packages/airflow/example_dags/example_branch_python_dop_operator_3.py for tasks to queue
[2026-03-19T07:53:07.826+0000] {logging_mixin.py:188} INFO - [2026-03-19T07:53:07.826+0000] {dagbag.py:545} INFO - Filling up the DagBag from /home/airflow/.local/lib/python3.12/site-packages/airflow/example_dags/example_branch_python_dop_operator_3.py
[2026-03-19T07:53:07.837+0000] {processor.py:840} INFO - DAG(s) 'example_branch_dop_operator_v3' retrieved from /home/airflow/.local/lib/python3.12/site-packages/airflow/example_dags/example_branch_python_dop_operator_3.py
[2026-03-19T07:53:07.864+0000] {logging_mixin.py:188} INFO - [2026-03-19T07:53:07.864+0000] {dag.py:3096} INFO - Sync 1 DAGs
[2026-03-19T07:53:07.880+0000] {logging_mixin.py:188} INFO - [2026-03-19T07:53:07.880+0000] {dag.py:3954} INFO - Setting next_dagrun for example_branch_dop_operator_v3 to 2026-03-19 07:52:00+00:00, run_after=2026-03-19 07:53:00+00:00
[2026-03-19T07:53:07.898+0000] {processor.py:183} INFO - Processing /home/airflow/.local/lib/python3.12/site-packages/airflow/example_dags/example_branch_python_dop_operator_3.py took 0.089 seconds
[2026-03-19T07:53:38.300+0000] {processor.py:161} INFO - Started process (PID=37462) to work on /home/airflow/.local/lib/python3.12/site-packages/airflow/example_dags/example_branch_python_dop_operator_3.py
[2026-03-19T07:53:38.301+0000] {processor.py:830} INFO - Processing file /home/airflow/.local/lib/python3.12/site-packages/airflow/example_dags/example_branch_python_dop_operator_3.py for tasks to queue
[2026-03-19T07:53:38.302+0000] {logging_mixin.py:188} INFO - [2026-03-19T07:53:38.301+0000] {dagbag.py:545} INFO - Filling up the DagBag from /home/airflow/.local/lib/python3.12/site-packages/airflow/example_dags/example_branch_python_dop_operator_3.py
[2026-03-19T07:53:38.307+0000] {processor.py:840} INFO - DAG(s) 'example_branch_dop_operator_v3' retrieved from /home/airflow/.local/lib/python3.12/site-packages/airflow/example_dags/example_branch_python_dop_operator_3.py
[2026-03-19T07:53:38.364+0000] {logging_mixin.py:188} INFO - [2026-03-19T07:53:38.363+0000] {dag.py:3096} INFO - Sync 1 DAGs
[2026-03-19T07:53:38.378+0000] {logging_mixin.py:188} INFO - [2026-03-19T07:53:38.378+0000] {dag.py:3954} INFO - Setting next_dagrun for example_branch_dop_operator_v3 to 2026-03-19 07:52:00+00:00, run_after=2026-03-19 07:53:00+00:00
[2026-03-19T07:53:38.393+0000] {processor.py:183} INFO - Processing /home/airflow/.local/lib/python3.12/site-packages/airflow/example_dags/example_branch_python_dop_operator_3.py took 0.097 seconds
[2026-03-19T07:54:08.639+0000] {processor.py:161} INFO - Started process (PID=37521) to work on /home/airflow/.local/lib/python3.12/site-packages/airflow/example_dags/example_branch_python_dop_operator_3.py
[2026-03-19T07:54:08.642+0000] {processor.py:830} INFO - Processing file /home/airflow/.local/lib/python3.12/site-packages/airflow/example_dags/example_branch_python_dop_operator_3.py for tasks to queue
[2026-03-19T07:54:08.644+0000] {logging_mixin.py:188} INFO - [2026-03-19T07:54:08.644+0000] {dagbag.py:545} INFO - Filling up the DagBag from /home/airflow/.local/lib/python3.12/site-packages/airflow/example_dags/example_branch_python_dop_operator_3.py
[2026-03-19T07:54:08.666+0000] {processor.py:840} INFO - DAG(s) 'example_branch_dop_operator_v3' retrieved from /home/airflow/.local/lib/python3.12/site-packages/airflow/example_dags/example_branch_python_dop_operator_3.py
[2026-03-19T07:54:08.701+0000] {logging_mixin.py:188} INFO - [2026-03-19T07:54:08.701+0000] {dag.py:3096} INFO - Sync 1 DAGs
[2026-03-19T07:54:08.724+0000] {logging_mixin.py:188} INFO - [2026-03-19T07:54:08.723+0000] {dag.py:3954} INFO - Setting next_dagrun for example_branch_dop_operator_v3 to 2026-03-19 07:53:00+00:00, run_after=2026-03-19 07:54:00+00:00
[2026-03-19T07:54:08.739+0000] {processor.py:183} INFO - Processing /home/airflow/.local/lib/python3.12/site-packages/airflow/example_dags/example_branch_python_dop_operator_3.py took 0.117 seconds
[2026-03-19T07:54:39.001+0000] {processor.py:161} INFO - Started process (PID=37580) to work on /home/airflow/.local/lib/python3.12/site-packages/airflow/example_dags/example_branch_python_dop_operator_3.py
[2026-03-19T07:54:39.003+0000] {processor.py:830} INFO - Processing file /home/airflow/.local/lib/python3.12/site-packages/airflow/example_dags/example_branch_python_dop_operator_3.py for tasks to queue
[2026-03-19T07:54:39.004+0000] {logging_mixin.py:188} INFO - [2026-03-19T07:54:39.003+0000] {dagbag.py:545} INFO - Filling up the DagBag from /home/airflow/.local/lib/python3.12/site-packages/airflow/example_dags/example_branch_python_dop_operator_3.py
[2026-03-19T07:54:39.015+0000] {processor.py:840} INFO - DAG(s) 'example_branch_dop_operator_v3' retrieved from /home/airflow/.local/lib/python3.12/site-packages/airflow/example_dags/example_branch_python_dop_operator_3.py
[2026-03-19T07:54:39.036+0000] {logging_mixin.py:188} INFO - [2026-03-19T07:54:39.036+0000] {dag.py:3096} INFO - Sync 1 DAGs
[2026-03-19T07:54:39.056+0000] {logging_mixin.py:188} INFO - [2026-03-19T07:54:39.056+0000] {dag.py:3954} INFO - Setting next_dagrun for example_branch_dop_operator_v3 to 2026-03-19 07:53:00+00:00, run_after=2026-03-19 07:54:00+00:00
[2026-03-19T07:54:39.069+0000] {processor.py:183} INFO - Processing /home/airflow/.local/lib/python3.12/site-packages/airflow/example_dags/example_branch_python_dop_operator_3.py took 0.075 seconds
[2026-03-19T07:55:09.393+0000] {processor.py:161} INFO - Started process (PID=37639) to work on /home/airflow/.local/lib/python3.12/site-packages/airflow/example_dags/example_branch_python_dop_operator_3.py
[2026-03-19T07:55:09.398+0000] {processor.py:830} INFO - Processing file /home/airflow/.local/lib/python3.12/site-packages/airflow/example_dags/example_branch_python_dop_operator_3.py for tasks to queue
[2026-03-19T07:55:09.399+0000] {logging_mixin.py:188} INFO - [2026-03-19T07:55:09.399+0000] {dagbag.py:545} INFO - Filling up the DagBag from /home/airflow/.local/lib/python3.12/site-packages/airflow/example_dags/example_branch_python_dop_operator_3.py
[2026-03-19T07:55:09.435+0000] {processor.py:840} INFO - DAG(s) 'example_branch_dop_operator_v3' retrieved from /home/airflow/.local/lib/python3.12/site-packages/airflow/example_dags/example_branch_python_dop_operator_3.py
[2026-03-19T07:55:09.478+0000] {logging_mixin.py:188} INFO - [2026-03-19T07:55:09.478+0000] {dag.py:3096} INFO - Sync 1 DAGs
[2026-03-19T07:55:09.521+0000] {logging_mixin.py:188} INFO - [2026-03-19T07:55:09.520+0000] {dag.py:3954} INFO - Setting next_dagrun for example_branch_dop_operator_v3 to 2026-03-19 07:54:00+00:00, run_after=2026-03-19 07:55:00+00:00
[2026-03-19T07:55:09.563+0000] {processor.py:183} INFO - Processing /home/airflow/.local/lib/python3.12/site-packages/airflow/example_dags/example_branch_python_dop_operator_3.py took 0.189 seconds
[2026-03-19T07:55:40.144+0000] {processor.py:161} INFO - Started process (PID=37698) to work on /home/airflow/.local/lib/python3.12/site-packages/airflow/example_dags/example_branch_python_dop_operator_3.py
[2026-03-19T07:55:40.146+0000] {processor.py:830} INFO - Processing file /home/airflow/.local/lib/python3.12/site-packages/airflow/example_dags/example_branch_python_dop_operator_3.py for tasks to queue
[2026-03-19T07:55:40.148+0000] {logging_mixin.py:188} INFO - [2026-03-19T07:55:40.148+0000] {dagbag.py:545} INFO - Filling up the DagBag from /home/airflow/.local/lib/python3.12/site-packages/airflow/example_dags/example_branch_python_dop_operator_3.py
[2026-03-19T07:55:40.161+0000] {processor.py:840} INFO - DAG(s) 'example_branch_dop_operator_v3' retrieved from /home/airflow/.local/lib/python3.12/site-packages/airflow/example_dags/example_branch_python_dop_operator_3.py
[2026-03-19T07:55:40.188+0000] {logging_mixin.py:188} INFO - [2026-03-19T07:55:40.188+0000] {dag.py:3096} INFO - Sync 1 DAGs
[2026-03-19T07:55:40.212+0000] {logging_mixin.py:188} INFO - [2026-03-19T07:55:40.212+0000] {dag.py:3954} INFO - Setting next_dagrun for example_branch_dop_operator_v3 to 2026-03-19 07:54:00+00:00, run_after=2026-03-19 07:55:00+00:00
[2026-03-19T07:55:40.231+0000] {processor.py:183} INFO - Processing /home/airflow/.local/lib/python3.12/site-packages/airflow/example_dags/example_branch_python_dop_operator_3.py took 0.102 seconds
[2026-03-19T07:56:11.067+0000] {processor.py:161} INFO - Started process (PID=37757) to work on /home/airflow/.local/lib/python3.12/site-packages/airflow/example_dags/example_branch_python_dop_operator_3.py
[2026-03-19T07:56:11.069+0000] {processor.py:830} INFO - Processing file /home/airflow/.local/lib/python3.12/site-packages/airflow/example_dags/example_branch_python_dop_operator_3.py for tasks to queue
[2026-03-19T07:56:11.071+0000] {logging_mixin.py:188} INFO - [2026-03-19T07:56:11.070+0000] {dagbag.py:545} INFO - Filling up the DagBag from /home/airflow/.local/lib/python3.12/site-packages/airflow/example_dags/example_branch_python_dop_operator_3.py
[2026-03-19T07:56:11.104+0000] {processor.py:840} INFO - DAG(s) 'example_branch_dop_operator_v3' retrieved from /home/airflow/.local/lib/python3.12/site-packages/airflow/example_dags/example_branch_python_dop_operator_3.py
[2026-03-19T07:56:11.156+0000] {logging_mixin.py:188} INFO - [2026-03-19T07:56:11.155+0000] {dag.py:3096} INFO - Sync 1 DAGs
[2026-03-19T07:56:11.199+0000] {logging_mixin.py:188} INFO - [2026-03-19T07:56:11.199+0000] {dag.py:3954} INFO - Setting next_dagrun for example_branch_dop_operator_v3 to 2026-03-19 07:55:00+00:00, run_after=2026-03-19 07:56:00+00:00
[2026-03-19T07:56:11.250+0000] {processor.py:183} INFO - Processing /home/airflow/.local/lib/python3.12/site-packages/airflow/example_dags/example_branch_python_dop_operator_3.py took 0.195 seconds
[2026-03-19T07:56:42.129+0000] {processor.py:161} INFO - Started process (PID=37816) to work on /home/airflow/.local/lib/python3.12/site-packages/airflow/example_dags/example_branch_python_dop_operator_3.py
[2026-03-19T07:56:42.137+0000] {processor.py:830} INFO - Processing file /home/airflow/.local/lib/python3.12/site-packages/airflow/example_dags/example_branch_python_dop_operator_3.py for tasks to queue
[2026-03-19T07:56:42.140+0000] {logging_mixin.py:188} INFO - [2026-03-19T07:56:42.139+0000] {dagbag.py:545} INFO - Filling up the DagBag from /home/airflow/.local/lib/python3.12/site-packages/airflow/example_dags/example_branch_python_dop_operator_3.py
[2026-03-19T07:56:42.175+0000] {processor.py:840} INFO - DAG(s) 'example_branch_dop_operator_v3' retrieved from /home/airflow/.local/lib/python3.12/site-packages/airflow/example_dags/example_branch_python_dop_operator_3.py
[2026-03-19T07:56:42.238+0000] {logging_mixin.py:188} INFO - [2026-03-19T07:56:42.238+0000] {dag.py:3096} INFO - Sync 1 DAGs
[2026-03-19T07:56:42.296+0000] {logging_mixin.py:188} INFO - [2026-03-19T07:56:42.296+0000] {dag.py:3954} INFO - Setting next_dagrun for example_branch_dop_operator_v3 to 2026-03-19 07:55:00+00:00, run_after=2026-03-19 07:56:00+00:00
[2026-03-19T07:56:42.327+0000] {processor.py:183} INFO - Processing /home/airflow/.local/lib/python3.12/site-packages/airflow/example_dags/example_branch_python_dop_operator_3.py took 0.225 seconds
[2026-03-19T07:57:12.824+0000] {processor.py:161} INFO - Started process (PID=37875) to work on /home/airflow/.local/lib/python3.12/site-packages/airflow/example_dags/example_branch_python_dop_operator_3.py
[2026-03-19T07:57:12.826+0000] {processor.py:830} INFO - Processing file /home/airflow/.local/lib/python3.12/site-packages/airflow/example_dags/example_branch_python_dop_operator_3.py for tasks to queue
[2026-03-19T07:57:12.827+0000] {logging_mixin.py:188} INFO - [2026-03-19T07:57:12.826+0000] {dagbag.py:545} INFO - Filling up the DagBag from /home/airflow/.local/lib/python3.12/site-packages/airflow/example_dags/example_branch_python_dop_operator_3.py
[2026-03-19T07:57:12.843+0000] {processor.py:840} INFO - DAG(s) 'example_branch_dop_operator_v3' retrieved from /home/airflow/.local/lib/python3.12/site-packages/airflow/example_dags/example_branch_python_dop_operator_3.py
[2026-03-19T07:57:12.870+0000] {logging_mixin.py:188} INFO - [2026-03-19T07:57:12.870+0000] {dag.py:3096} INFO - Sync 1 DAGs
[2026-03-19T07:57:12.898+0000] {logging_mixin.py:188} INFO - [2026-03-19T07:57:12.897+0000] {dag.py:3954} INFO - Setting next_dagrun for example_branch_dop_operator_v3 to 2026-03-19 07:56:00+00:00, run_after=2026-03-19 07:57:00+00:00
[2026-03-19T07:57:12.918+0000] {processor.py:183} INFO - Processing /home/airflow/.local/lib/python3.12/site-packages/airflow/example_dags/example_branch_python_dop_operator_3.py took 0.104 seconds
[2026-03-19T07:57:43.388+0000] {processor.py:161} INFO - Started process (PID=37934) to work on /home/airflow/.local/lib/python3.12/site-packages/airflow/example_dags/example_branch_python_dop_operator_3.py
[2026-03-19T07:57:43.389+0000] {processor.py:830} INFO - Processing file /home/airflow/.local/lib/python3.12/site-packages/airflow/example_dags/example_branch_python_dop_operator_3.py for tasks to queue
[2026-03-19T07:57:43.389+0000] {logging_mixin.py:188} INFO - [2026-03-19T07:57:43.389+0000] {dagbag.py:545} INFO - Filling up the DagBag from /home/airflow/.local/lib/python3.12/site-packages/airflow/example_dags/example_branch_python_dop_operator_3.py
[2026-03-19T07:57:43.395+0000] {processor.py:840} INFO - DAG(s) 'example_branch_dop_operator_v3' retrieved from /home/airflow/.local/lib/python3.12/site-packages/airflow/example_dags/example_branch_python_dop_operator_3.py
[2026-03-19T07:57:43.415+0000] {logging_mixin.py:188} INFO - [2026-03-19T07:57:43.414+0000] {dag.py:3096} INFO - Sync 1 DAGs
[2026-03-19T07:57:43.431+0000] {logging_mixin.py:188} INFO - [2026-03-19T07:57:43.431+0000] {dag.py:3954} INFO - Setting next_dagrun for example_branch_dop_operator_v3 to 2026-03-19 07:56:00+00:00, run_after=2026-03-19 07:57:00+00:00
[2026-03-19T07:57:43.448+0000] {processor.py:183} INFO - Processing /home/airflow/.local/lib/python3.12/site-packages/airflow/example_dags/example_branch_python_dop_operator_3.py took 0.065 seconds
[2026-03-19T07:58:13.882+0000] {processor.py:161} INFO - Started process (PID=37993) to work on /home/airflow/.local/lib/python3.12/site-packages/airflow/example_dags/example_branch_python_dop_operator_3.py
[2026-03-19T07:58:13.884+0000] {processor.py:830} INFO - Processing file /home/airflow/.local/lib/python3.12/site-packages/airflow/example_dags/example_branch_python_dop_operator_3.py for tasks to queue
[2026-03-19T07:58:13.886+0000] {logging_mixin.py:188} INFO - [2026-03-19T07:58:13.885+0000] {dagbag.py:545} INFO - Filling up the DagBag from /home/airflow/.local/lib/python3.12/site-packages/airflow/example_dags/example_branch_python_dop_operator_3.py
[2026-03-19T07:58:13.899+0000] {processor.py:840} INFO - DAG(s) 'example_branch_dop_operator_v3' retrieved from /home/airflow/.local/lib/python3.12/site-packages/airflow/example_dags/example_branch_python_dop_operator_3.py
[2026-03-19T07:58:13.925+0000] {logging_mixin.py:188} INFO - [2026-03-19T07:58:13.925+0000] {dag.py:3096} INFO - Sync 1 DAGs
[2026-03-19T07:58:13.944+0000] {logging_mixin.py:188} INFO - [2026-03-19T07:58:13.944+0000] {dag.py:3954} INFO - Setting next_dagrun for example_branch_dop_operator_v3 to 2026-03-19 07:57:00+00:00, run_after=2026-03-19 07:58:00+00:00
[2026-03-19T07:58:13.965+0000] {processor.py:183} INFO - Processing /home/airflow/.local/lib/python3.12/site-packages/airflow/example_dags/example_branch_python_dop_operator_3.py took 0.092 seconds
[2026-03-19T07:58:44.513+0000] {processor.py:161} INFO - Started process (PID=38058) to work on /home/airflow/.local/lib/python3.12/site-packages/airflow/example_dags/example_branch_python_dop_operator_3.py
[2026-03-19T07:58:44.516+0000] {processor.py:830} INFO - Processing file /home/airflow/.local/lib/python3.12/site-packages/airflow/example_dags/example_branch_python_dop_operator_3.py for tasks to queue
[2026-03-19T07:58:44.517+0000] {logging_mixin.py:188} INFO - [2026-03-19T07:58:44.516+0000] {dagbag.py:545} INFO - Filling up the DagBag from /home/airflow/.local/lib/python3.12/site-packages/airflow/example_dags/example_branch_python_dop_operator_3.py
[2026-03-19T07:58:44.536+0000] {processor.py:840} INFO - DAG(s) 'example_branch_dop_operator_v3' retrieved from /home/airflow/.local/lib/python3.12/site-packages/airflow/example_dags/example_branch_python_dop_operator_3.py
[2026-03-19T07:58:44.571+0000] {logging_mixin.py:188} INFO - [2026-03-19T07:58:44.571+0000] {dag.py:3096} INFO - Sync 1 DAGs
[2026-03-19T07:58:44.606+0000] {logging_mixin.py:188} INFO - [2026-03-19T07:58:44.606+0000] {dag.py:3954} INFO - Setting next_dagrun for example_branch_dop_operator_v3 to 2026-03-19 07:57:00+00:00, run_after=2026-03-19 07:58:00+00:00
[2026-03-19T07:58:44.676+0000] {processor.py:183} INFO - Processing /home/airflow/.local/lib/python3.12/site-packages/airflow/example_dags/example_branch_python_dop_operator_3.py took 0.178 seconds
[2026-03-19T07:59:15.646+0000] {processor.py:161} INFO - Started process (PID=38117) to work on /home/airflow/.local/lib/python3.12/site-packages/airflow/example_dags/example_branch_python_dop_operator_3.py
[2026-03-19T07:59:15.649+0000] {processor.py:830} INFO - Processing file /home/airflow/.local/lib/python3.12/site-packages/airflow/example_dags/example_branch_python_dop_operator_3.py for tasks to queue
[2026-03-19T07:59:15.651+0000] {logging_mixin.py:188} INFO - [2026-03-19T07:59:15.651+0000] {dagbag.py:545} INFO - Filling up the DagBag from /home/airflow/.local/lib/python3.12/site-packages/airflow/example_dags/example_branch_python_dop_operator_3.py
[2026-03-19T07:59:15.669+0000] {processor.py:840} INFO - DAG(s) 'example_branch_dop_operator_v3' retrieved from /home/airflow/.local/lib/python3.12/site-packages/airflow/example_dags/example_branch_python_dop_operator_3.py
[2026-03-19T07:59:15.696+0000] {logging_mixin.py:188} INFO - [2026-03-19T07:59:15.696+0000] {dag.py:3096} INFO - Sync 1 DAGs
[2026-03-19T07:59:15.716+0000] {logging_mixin.py:188} INFO - [2026-03-19T07:59:15.716+0000] {dag.py:3954} INFO - Setting next_dagrun for example_branch_dop_operator_v3 to 2026-03-19 07:58:00+00:00, run_after=2026-03-19 07:59:00+00:00
[2026-03-19T07:59:15.734+0000] {processor.py:183} INFO - Processing /home/airflow/.local/lib/python3.12/site-packages/airflow/example_dags/example_branch_python_dop_operator_3.py took 0.100 seconds
[2026-03-19T07:59:46.304+0000] {processor.py:161} INFO - Started process (PID=38176) to work on /home/airflow/.local/lib/python3.12/site-packages/airflow/example_dags/example_branch_python_dop_operator_3.py
[2026-03-19T07:59:46.307+0000] {processor.py:830} INFO - Processing file /home/airflow/.local/lib/python3.12/site-packages/airflow/example_dags/example_branch_python_dop_operator_3.py for tasks to queue
[2026-03-19T07:59:46.309+0000] {logging_mixin.py:188} INFO - [2026-03-19T07:59:46.308+0000] {dagbag.py:545} INFO - Filling up the DagBag from /home/airflow/.local/lib/python3.12/site-packages/airflow/example_dags/example_branch_python_dop_operator_3.py
[2026-03-19T07:59:46.331+0000] {processor.py:840} INFO - DAG(s) 'example_branch_dop_operator_v3' retrieved from /home/airflow/.local/lib/python3.12/site-packages/airflow/example_dags/example_branch_python_dop_operator_3.py
[2026-03-19T07:59:46.370+0000] {logging_mixin.py:188} INFO - [2026-03-19T07:59:46.370+0000] {dag.py:3096} INFO - Sync 1 DAGs
[2026-03-19T07:59:46.399+0000] {logging_mixin.py:188} INFO - [2026-03-19T07:59:46.399+0000] {dag.py:3954} INFO - Setting next_dagrun for example_branch_dop_operator_v3 to 2026-03-19 07:58:00+00:00, run_after=2026-03-19 07:59:00+00:00
[2026-03-19T07:59:46.418+0000] {processor.py:183} INFO - Processing /home/airflow/.local/lib/python3.12/site-packages/airflow/example_dags/example_branch_python_dop_operator_3.py took 0.125 seconds
[2026-03-19T08:00:16.773+0000] {processor.py:161} INFO - Started process (PID=38235) to work on /home/airflow/.local/lib/python3.12/site-packages/airflow/example_dags/example_branch_python_dop_operator_3.py
[2026-03-19T08:00:16.778+0000] {processor.py:830} INFO - Processing file /home/airflow/.local/lib/python3.12/site-packages/airflow/example_dags/example_branch_python_dop_operator_3.py for tasks to queue
[2026-03-19T08:00:16.784+0000] {logging_mixin.py:188} INFO - [2026-03-19T08:00:16.783+0000] {dagbag.py:545} INFO - Filling up the DagBag from /home/airflow/.local/lib/python3.12/site-packages/airflow/example_dags/example_branch_python_dop_operator_3.py
[2026-03-19T08:00:16.800+0000] {processor.py:840} INFO - DAG(s) 'example_branch_dop_operator_v3' retrieved from /home/airflow/.local/lib/python3.12/site-packages/airflow/example_dags/example_branch_python_dop_operator_3.py
[2026-03-19T08:00:16.838+0000] {logging_mixin.py:188} INFO - [2026-03-19T08:00:16.837+0000] {dag.py:3096} INFO - Sync 1 DAGs
[2026-03-19T08:00:16.864+0000] {logging_mixin.py:188} INFO - [2026-03-19T08:00:16.864+0000] {dag.py:3954} INFO - Setting next_dagrun for example_branch_dop_operator_v3 to 2026-03-19 07:59:00+00:00, run_after=2026-03-19 08:00:00+00:00
[2026-03-19T08:00:16.894+0000] {processor.py:183} INFO - Processing /home/airflow/.local/lib/python3.12/site-packages/airflow/example_dags/example_branch_python_dop_operator_3.py took 0.132 seconds
[2026-03-19T08:00:47.630+0000] {processor.py:161} INFO - Started process (PID=38294) to work on /home/airflow/.local/lib/python3.12/site-packages/airflow/example_dags/example_branch_python_dop_operator_3.py
[2026-03-19T08:00:47.632+0000] {processor.py:830} INFO - Processing file /home/airflow/.local/lib/python3.12/site-packages/airflow/example_dags/example_branch_python_dop_operator_3.py for tasks to queue
[2026-03-19T08:00:47.633+0000] {logging_mixin.py:188} INFO - [2026-03-19T08:00:47.633+0000] {dagbag.py:545} INFO - Filling up the DagBag from /home/airflow/.local/lib/python3.12/site-packages/airflow/example_dags/example_branch_python_dop_operator_3.py
[2026-03-19T08:00:47.643+0000] {processor.py:840} INFO - DAG(s) 'example_branch_dop_operator_v3' retrieved from /home/airflow/.local/lib/python3.12/site-packages/airflow/example_dags/example_branch_python_dop_operator_3.py
[2026-03-19T08:00:47.662+0000] {logging_mixin.py:188} INFO - [2026-03-19T08:00:47.662+0000] {dag.py:3096} INFO - Sync 1 DAGs
[2026-03-19T08:00:47.676+0000] {logging_mixin.py:188} INFO - [2026-03-19T08:00:47.676+0000] {dag.py:3954} INFO - Setting next_dagrun for example_branch_dop_operator_v3 to 2026-03-19 07:59:00+00:00, run_after=2026-03-19 08:00:00+00:00
[2026-03-19T08:00:47.688+0000] {processor.py:183} INFO - Processing /home/airflow/.local/lib/python3.12/site-packages/airflow/example_dags/example_branch_python_dop_operator_3.py took 0.064 seconds
