[2026-03-19T00:12:43.387+0000] {processor.py:161} INFO - Started process (PID=35668) to work on /home/airflow/.local/lib/python3.12/site-packages/airflow/example_dags/example_time_delta_sensor_async.py
[2026-03-19T00:12:43.387+0000] {processor.py:830} INFO - Processing file /home/airflow/.local/lib/python3.12/site-packages/airflow/example_dags/example_time_delta_sensor_async.py for tasks to queue
[2026-03-19T00:12:43.388+0000] {logging_mixin.py:188} INFO - [2026-03-19T00:12:43.388+0000] {dagbag.py:545} INFO - Filling up the DagBag from /home/airflow/.local/lib/python3.12/site-packages/airflow/example_dags/example_time_delta_sensor_async.py
[2026-03-19T00:12:43.391+0000] {processor.py:840} INFO - DAG(s) 'example_time_delta_sensor_async' retrieved from /home/airflow/.local/lib/python3.12/site-packages/airflow/example_dags/example_time_delta_sensor_async.py
[2026-03-19T00:12:43.407+0000] {logging_mixin.py:188} INFO - [2026-03-19T00:12:43.407+0000] {dag.py:3096} INFO - Sync 1 DAGs
[2026-03-19T00:12:43.414+0000] {logging_mixin.py:188} INFO - [2026-03-19T00:12:43.414+0000] {dag.py:3954} INFO - Setting next_dagrun for example_time_delta_sensor_async to None, run_after=None
[2026-03-19T00:12:43.431+0000] {processor.py:183} INFO - Processing /home/airflow/.local/lib/python3.12/site-packages/airflow/example_dags/example_time_delta_sensor_async.py took 0.048 seconds
[2026-03-19T00:46:41.992+0000] {processor.py:161} INFO - Started process (PID=35727) to work on /home/airflow/.local/lib/python3.12/site-packages/airflow/example_dags/example_time_delta_sensor_async.py
[2026-03-19T00:46:41.993+0000] {processor.py:830} INFO - Processing file /home/airflow/.local/lib/python3.12/site-packages/airflow/example_dags/example_time_delta_sensor_async.py for tasks to queue
[2026-03-19T00:46:41.995+0000] {logging_mixin.py:188} INFO - [2026-03-19T00:46:41.994+0000] {dagbag.py:545} INFO - Filling up the DagBag from /home/airflow/.local/lib/python3.12/site-packages/airflow/example_dags/example_time_delta_sensor_async.py
[2026-03-19T00:46:42.001+0000] {processor.py:840} INFO - DAG(s) 'example_time_delta_sensor_async' retrieved from /home/airflow/.local/lib/python3.12/site-packages/airflow/example_dags/example_time_delta_sensor_async.py
[2026-03-19T00:46:42.045+0000] {logging_mixin.py:188} INFO - [2026-03-19T00:46:42.044+0000] {dag.py:3096} INFO - Sync 1 DAGs
[2026-03-19T00:46:42.062+0000] {logging_mixin.py:188} INFO - [2026-03-19T00:46:42.062+0000] {dag.py:3954} INFO - Setting next_dagrun for example_time_delta_sensor_async to None, run_after=None
[2026-03-19T00:46:42.108+0000] {processor.py:183} INFO - Processing /home/airflow/.local/lib/python3.12/site-packages/airflow/example_dags/example_time_delta_sensor_async.py took 0.121 seconds
[2026-03-19T01:13:40.241+0000] {processor.py:161} INFO - Started process (PID=35794) to work on /home/airflow/.local/lib/python3.12/site-packages/airflow/example_dags/example_time_delta_sensor_async.py
[2026-03-19T01:13:40.243+0000] {processor.py:830} INFO - Processing file /home/airflow/.local/lib/python3.12/site-packages/airflow/example_dags/example_time_delta_sensor_async.py for tasks to queue
[2026-03-19T01:13:40.246+0000] {logging_mixin.py:188} INFO - [2026-03-19T01:13:40.245+0000] {dagbag.py:545} INFO - Filling up the DagBag from /home/airflow/.local/lib/python3.12/site-packages/airflow/example_dags/example_time_delta_sensor_async.py
[2026-03-19T01:13:40.253+0000] {processor.py:840} INFO - DAG(s) 'example_time_delta_sensor_async' retrieved from /home/airflow/.local/lib/python3.12/site-packages/airflow/example_dags/example_time_delta_sensor_async.py
[2026-03-19T01:13:40.281+0000] {logging_mixin.py:188} INFO - [2026-03-19T01:13:40.281+0000] {dag.py:3096} INFO - Sync 1 DAGs
[2026-03-19T01:13:40.306+0000] {logging_mixin.py:188} INFO - [2026-03-19T01:13:40.305+0000] {dag.py:3954} INFO - Setting next_dagrun for example_time_delta_sensor_async to None, run_after=None
[2026-03-19T01:13:40.342+0000] {processor.py:183} INFO - Processing /home/airflow/.local/lib/python3.12/site-packages/airflow/example_dags/example_time_delta_sensor_async.py took 0.113 seconds
[2026-03-19T01:30:55.992+0000] {processor.py:161} INFO - Started process (PID=35861) to work on /home/airflow/.local/lib/python3.12/site-packages/airflow/example_dags/example_time_delta_sensor_async.py
[2026-03-19T01:30:55.996+0000] {processor.py:830} INFO - Processing file /home/airflow/.local/lib/python3.12/site-packages/airflow/example_dags/example_time_delta_sensor_async.py for tasks to queue
[2026-03-19T01:30:55.998+0000] {logging_mixin.py:188} INFO - [2026-03-19T01:30:55.998+0000] {dagbag.py:545} INFO - Filling up the DagBag from /home/airflow/.local/lib/python3.12/site-packages/airflow/example_dags/example_time_delta_sensor_async.py
[2026-03-19T01:30:56.006+0000] {processor.py:840} INFO - DAG(s) 'example_time_delta_sensor_async' retrieved from /home/airflow/.local/lib/python3.12/site-packages/airflow/example_dags/example_time_delta_sensor_async.py
[2026-03-19T01:30:56.051+0000] {logging_mixin.py:188} INFO - [2026-03-19T01:30:56.051+0000] {dag.py:3096} INFO - Sync 1 DAGs
[2026-03-19T01:30:56.078+0000] {logging_mixin.py:188} INFO - [2026-03-19T01:30:56.078+0000] {dag.py:3954} INFO - Setting next_dagrun for example_time_delta_sensor_async to None, run_after=None
[2026-03-19T01:30:56.117+0000] {processor.py:183} INFO - Processing /home/airflow/.local/lib/python3.12/site-packages/airflow/example_dags/example_time_delta_sensor_async.py took 0.131 seconds
[2026-03-19T02:14:59.675+0000] {processor.py:161} INFO - Started process (PID=35925) to work on /home/airflow/.local/lib/python3.12/site-packages/airflow/example_dags/example_time_delta_sensor_async.py
[2026-03-19T02:14:59.691+0000] {processor.py:830} INFO - Processing file /home/airflow/.local/lib/python3.12/site-packages/airflow/example_dags/example_time_delta_sensor_async.py for tasks to queue
[2026-03-19T02:14:59.697+0000] {logging_mixin.py:188} INFO - [2026-03-19T02:14:59.695+0000] {dagbag.py:545} INFO - Filling up the DagBag from /home/airflow/.local/lib/python3.12/site-packages/airflow/example_dags/example_time_delta_sensor_async.py
[2026-03-19T02:14:59.760+0000] {processor.py:840} INFO - DAG(s) 'example_time_delta_sensor_async' retrieved from /home/airflow/.local/lib/python3.12/site-packages/airflow/example_dags/example_time_delta_sensor_async.py
[2026-03-19T02:14:59.886+0000] {logging_mixin.py:188} INFO - [2026-03-19T02:14:59.885+0000] {dag.py:3096} INFO - Sync 1 DAGs
[2026-03-19T02:14:59.955+0000] {logging_mixin.py:188} INFO - [2026-03-19T02:14:59.953+0000] {dag.py:3954} INFO - Setting next_dagrun for example_time_delta_sensor_async to None, run_after=None
[2026-03-19T02:15:00.102+0000] {processor.py:183} INFO - Processing /home/airflow/.local/lib/python3.12/site-packages/airflow/example_dags/example_time_delta_sensor_async.py took 0.476 seconds
[2026-03-19T02:15:30.413+0000] {processor.py:161} INFO - Started process (PID=35992) to work on /home/airflow/.local/lib/python3.12/site-packages/airflow/example_dags/example_time_delta_sensor_async.py
[2026-03-19T02:15:30.419+0000] {processor.py:830} INFO - Processing file /home/airflow/.local/lib/python3.12/site-packages/airflow/example_dags/example_time_delta_sensor_async.py for tasks to queue
[2026-03-19T02:15:30.422+0000] {logging_mixin.py:188} INFO - [2026-03-19T02:15:30.421+0000] {dagbag.py:545} INFO - Filling up the DagBag from /home/airflow/.local/lib/python3.12/site-packages/airflow/example_dags/example_time_delta_sensor_async.py
[2026-03-19T02:15:30.450+0000] {processor.py:840} INFO - DAG(s) 'example_time_delta_sensor_async' retrieved from /home/airflow/.local/lib/python3.12/site-packages/airflow/example_dags/example_time_delta_sensor_async.py
[2026-03-19T02:15:30.563+0000] {logging_mixin.py:188} INFO - [2026-03-19T02:15:30.561+0000] {dag.py:3096} INFO - Sync 1 DAGs
[2026-03-19T02:15:30.621+0000] {logging_mixin.py:188} INFO - [2026-03-19T02:15:30.620+0000] {dag.py:3954} INFO - Setting next_dagrun for example_time_delta_sensor_async to None, run_after=None
[2026-03-19T02:15:30.728+0000] {processor.py:183} INFO - Processing /home/airflow/.local/lib/python3.12/site-packages/airflow/example_dags/example_time_delta_sensor_async.py took 0.335 seconds
[2026-03-19T03:06:02.888+0000] {processor.py:161} INFO - Started process (PID=36011) to work on /home/airflow/.local/lib/python3.12/site-packages/airflow/example_dags/example_time_delta_sensor_async.py
[2026-03-19T03:06:02.889+0000] {processor.py:830} INFO - Processing file /home/airflow/.local/lib/python3.12/site-packages/airflow/example_dags/example_time_delta_sensor_async.py for tasks to queue
[2026-03-19T03:06:02.890+0000] {logging_mixin.py:188} INFO - [2026-03-19T03:06:02.890+0000] {dagbag.py:545} INFO - Filling up the DagBag from /home/airflow/.local/lib/python3.12/site-packages/airflow/example_dags/example_time_delta_sensor_async.py
[2026-03-19T03:06:02.898+0000] {processor.py:840} INFO - DAG(s) 'example_time_delta_sensor_async' retrieved from /home/airflow/.local/lib/python3.12/site-packages/airflow/example_dags/example_time_delta_sensor_async.py
[2026-03-19T03:06:02.954+0000] {logging_mixin.py:188} INFO - [2026-03-19T03:06:02.953+0000] {dag.py:3096} INFO - Sync 1 DAGs
[2026-03-19T03:06:02.984+0000] {logging_mixin.py:188} INFO - [2026-03-19T03:06:02.984+0000] {dag.py:3954} INFO - Setting next_dagrun for example_time_delta_sensor_async to None, run_after=None
[2026-03-19T03:06:03.033+0000] {processor.py:183} INFO - Processing /home/airflow/.local/lib/python3.12/site-packages/airflow/example_dags/example_time_delta_sensor_async.py took 0.152 seconds
[2026-03-19T03:06:33.969+0000] {processor.py:161} INFO - Started process (PID=36082) to work on /home/airflow/.local/lib/python3.12/site-packages/airflow/example_dags/example_time_delta_sensor_async.py
[2026-03-19T03:06:33.970+0000] {processor.py:830} INFO - Processing file /home/airflow/.local/lib/python3.12/site-packages/airflow/example_dags/example_time_delta_sensor_async.py for tasks to queue
[2026-03-19T03:06:33.972+0000] {logging_mixin.py:188} INFO - [2026-03-19T03:06:33.971+0000] {dagbag.py:545} INFO - Filling up the DagBag from /home/airflow/.local/lib/python3.12/site-packages/airflow/example_dags/example_time_delta_sensor_async.py
[2026-03-19T03:06:33.977+0000] {processor.py:840} INFO - DAG(s) 'example_time_delta_sensor_async' retrieved from /home/airflow/.local/lib/python3.12/site-packages/airflow/example_dags/example_time_delta_sensor_async.py
[2026-03-19T03:06:33.996+0000] {logging_mixin.py:188} INFO - [2026-03-19T03:06:33.996+0000] {dag.py:3096} INFO - Sync 1 DAGs
[2026-03-19T03:06:34.009+0000] {logging_mixin.py:188} INFO - [2026-03-19T03:06:34.009+0000] {dag.py:3954} INFO - Setting next_dagrun for example_time_delta_sensor_async to None, run_after=None
[2026-03-19T03:06:34.023+0000] {processor.py:183} INFO - Processing /home/airflow/.local/lib/python3.12/site-packages/airflow/example_dags/example_time_delta_sensor_async.py took 0.058 seconds
[2026-03-19T03:15:41.207+0000] {processor.py:161} INFO - Started process (PID=36141) to work on /home/airflow/.local/lib/python3.12/site-packages/airflow/example_dags/example_time_delta_sensor_async.py
[2026-03-19T03:15:41.209+0000] {processor.py:830} INFO - Processing file /home/airflow/.local/lib/python3.12/site-packages/airflow/example_dags/example_time_delta_sensor_async.py for tasks to queue
[2026-03-19T03:15:41.210+0000] {logging_mixin.py:188} INFO - [2026-03-19T03:15:41.210+0000] {dagbag.py:545} INFO - Filling up the DagBag from /home/airflow/.local/lib/python3.12/site-packages/airflow/example_dags/example_time_delta_sensor_async.py
[2026-03-19T03:15:41.215+0000] {processor.py:840} INFO - DAG(s) 'example_time_delta_sensor_async' retrieved from /home/airflow/.local/lib/python3.12/site-packages/airflow/example_dags/example_time_delta_sensor_async.py
[2026-03-19T03:15:41.232+0000] {logging_mixin.py:188} INFO - [2026-03-19T03:15:41.232+0000] {dag.py:3096} INFO - Sync 1 DAGs
[2026-03-19T03:15:41.239+0000] {logging_mixin.py:188} INFO - [2026-03-19T03:15:41.239+0000] {dag.py:3954} INFO - Setting next_dagrun for example_time_delta_sensor_async to None, run_after=None
[2026-03-19T03:15:41.248+0000] {processor.py:183} INFO - Processing /home/airflow/.local/lib/python3.12/site-packages/airflow/example_dags/example_time_delta_sensor_async.py took 0.046 seconds
[2026-03-19T03:31:54.986+0000] {processor.py:161} INFO - Started process (PID=36200) to work on /home/airflow/.local/lib/python3.12/site-packages/airflow/example_dags/example_time_delta_sensor_async.py
[2026-03-19T03:31:54.988+0000] {processor.py:830} INFO - Processing file /home/airflow/.local/lib/python3.12/site-packages/airflow/example_dags/example_time_delta_sensor_async.py for tasks to queue
[2026-03-19T03:31:54.991+0000] {logging_mixin.py:188} INFO - [2026-03-19T03:31:54.990+0000] {dagbag.py:545} INFO - Filling up the DagBag from /home/airflow/.local/lib/python3.12/site-packages/airflow/example_dags/example_time_delta_sensor_async.py
[2026-03-19T03:31:55.003+0000] {processor.py:840} INFO - DAG(s) 'example_time_delta_sensor_async' retrieved from /home/airflow/.local/lib/python3.12/site-packages/airflow/example_dags/example_time_delta_sensor_async.py
[2026-03-19T03:31:55.039+0000] {logging_mixin.py:188} INFO - [2026-03-19T03:31:55.038+0000] {dag.py:3096} INFO - Sync 1 DAGs
[2026-03-19T03:31:55.183+0000] {logging_mixin.py:188} INFO - [2026-03-19T03:31:55.182+0000] {dag.py:3954} INFO - Setting next_dagrun for example_time_delta_sensor_async to None, run_after=None
[2026-03-19T03:31:55.333+0000] {processor.py:183} INFO - Processing /home/airflow/.local/lib/python3.12/site-packages/airflow/example_dags/example_time_delta_sensor_async.py took 0.362 seconds
[2026-03-19T04:16:38.999+0000] {processor.py:161} INFO - Started process (PID=36267) to work on /home/airflow/.local/lib/python3.12/site-packages/airflow/example_dags/example_time_delta_sensor_async.py
[2026-03-19T04:16:39.001+0000] {processor.py:830} INFO - Processing file /home/airflow/.local/lib/python3.12/site-packages/airflow/example_dags/example_time_delta_sensor_async.py for tasks to queue
[2026-03-19T04:16:39.002+0000] {logging_mixin.py:188} INFO - [2026-03-19T04:16:39.002+0000] {dagbag.py:545} INFO - Filling up the DagBag from /home/airflow/.local/lib/python3.12/site-packages/airflow/example_dags/example_time_delta_sensor_async.py
[2026-03-19T04:16:39.010+0000] {processor.py:840} INFO - DAG(s) 'example_time_delta_sensor_async' retrieved from /home/airflow/.local/lib/python3.12/site-packages/airflow/example_dags/example_time_delta_sensor_async.py
[2026-03-19T04:16:39.047+0000] {logging_mixin.py:188} INFO - [2026-03-19T04:16:39.047+0000] {dag.py:3096} INFO - Sync 1 DAGs
[2026-03-19T04:16:39.065+0000] {logging_mixin.py:188} INFO - [2026-03-19T04:16:39.065+0000] {dag.py:3954} INFO - Setting next_dagrun for example_time_delta_sensor_async to None, run_after=None
[2026-03-19T04:16:39.116+0000] {processor.py:183} INFO - Processing /home/airflow/.local/lib/python3.12/site-packages/airflow/example_dags/example_time_delta_sensor_async.py took 0.125 seconds
[2026-03-19T04:17:10.888+0000] {processor.py:161} INFO - Started process (PID=36334) to work on /home/airflow/.local/lib/python3.12/site-packages/airflow/example_dags/example_time_delta_sensor_async.py
[2026-03-19T04:17:10.889+0000] {processor.py:830} INFO - Processing file /home/airflow/.local/lib/python3.12/site-packages/airflow/example_dags/example_time_delta_sensor_async.py for tasks to queue
[2026-03-19T04:17:10.891+0000] {logging_mixin.py:188} INFO - [2026-03-19T04:17:10.890+0000] {dagbag.py:545} INFO - Filling up the DagBag from /home/airflow/.local/lib/python3.12/site-packages/airflow/example_dags/example_time_delta_sensor_async.py
[2026-03-19T04:17:10.911+0000] {processor.py:840} INFO - DAG(s) 'example_time_delta_sensor_async' retrieved from /home/airflow/.local/lib/python3.12/site-packages/airflow/example_dags/example_time_delta_sensor_async.py
[2026-03-19T04:17:10.988+0000] {logging_mixin.py:188} INFO - [2026-03-19T04:17:10.987+0000] {dag.py:3096} INFO - Sync 1 DAGs
[2026-03-19T04:17:11.015+0000] {logging_mixin.py:188} INFO - [2026-03-19T04:17:11.015+0000] {dag.py:3954} INFO - Setting next_dagrun for example_time_delta_sensor_async to None, run_after=None
[2026-03-19T04:17:11.090+0000] {processor.py:183} INFO - Processing /home/airflow/.local/lib/python3.12/site-packages/airflow/example_dags/example_time_delta_sensor_async.py took 0.214 seconds
[2026-03-19T05:17:35.805+0000] {processor.py:161} INFO - Started process (PID=36393) to work on /home/airflow/.local/lib/python3.12/site-packages/airflow/example_dags/example_time_delta_sensor_async.py
[2026-03-19T05:17:35.806+0000] {processor.py:830} INFO - Processing file /home/airflow/.local/lib/python3.12/site-packages/airflow/example_dags/example_time_delta_sensor_async.py for tasks to queue
[2026-03-19T05:17:35.806+0000] {logging_mixin.py:188} INFO - [2026-03-19T05:17:35.806+0000] {dagbag.py:545} INFO - Filling up the DagBag from /home/airflow/.local/lib/python3.12/site-packages/airflow/example_dags/example_time_delta_sensor_async.py
[2026-03-19T05:17:35.811+0000] {processor.py:840} INFO - DAG(s) 'example_time_delta_sensor_async' retrieved from /home/airflow/.local/lib/python3.12/site-packages/airflow/example_dags/example_time_delta_sensor_async.py
[2026-03-19T05:17:35.837+0000] {logging_mixin.py:188} INFO - [2026-03-19T05:17:35.837+0000] {dag.py:3096} INFO - Sync 1 DAGs
[2026-03-19T05:17:35.851+0000] {logging_mixin.py:188} INFO - [2026-03-19T05:17:35.851+0000] {dag.py:3954} INFO - Setting next_dagrun for example_time_delta_sensor_async to None, run_after=None
[2026-03-19T05:17:35.873+0000] {processor.py:183} INFO - Processing /home/airflow/.local/lib/python3.12/site-packages/airflow/example_dags/example_time_delta_sensor_async.py took 0.072 seconds
[2026-03-19T05:18:06.708+0000] {processor.py:161} INFO - Started process (PID=36452) to work on /home/airflow/.local/lib/python3.12/site-packages/airflow/example_dags/example_time_delta_sensor_async.py
[2026-03-19T05:18:06.709+0000] {processor.py:830} INFO - Processing file /home/airflow/.local/lib/python3.12/site-packages/airflow/example_dags/example_time_delta_sensor_async.py for tasks to queue
[2026-03-19T05:18:06.710+0000] {logging_mixin.py:188} INFO - [2026-03-19T05:18:06.710+0000] {dagbag.py:545} INFO - Filling up the DagBag from /home/airflow/.local/lib/python3.12/site-packages/airflow/example_dags/example_time_delta_sensor_async.py
[2026-03-19T05:18:06.714+0000] {processor.py:840} INFO - DAG(s) 'example_time_delta_sensor_async' retrieved from /home/airflow/.local/lib/python3.12/site-packages/airflow/example_dags/example_time_delta_sensor_async.py
[2026-03-19T05:18:06.732+0000] {logging_mixin.py:188} INFO - [2026-03-19T05:18:06.732+0000] {dag.py:3096} INFO - Sync 1 DAGs
[2026-03-19T05:18:06.740+0000] {logging_mixin.py:188} INFO - [2026-03-19T05:18:06.740+0000] {dag.py:3954} INFO - Setting next_dagrun for example_time_delta_sensor_async to None, run_after=None
[2026-03-19T05:18:06.750+0000] {processor.py:183} INFO - Processing /home/airflow/.local/lib/python3.12/site-packages/airflow/example_dags/example_time_delta_sensor_async.py took 0.047 seconds
[2026-03-19T06:18:31.764+0000] {processor.py:161} INFO - Started process (PID=36511) to work on /home/airflow/.local/lib/python3.12/site-packages/airflow/example_dags/example_time_delta_sensor_async.py
[2026-03-19T06:18:31.765+0000] {processor.py:830} INFO - Processing file /home/airflow/.local/lib/python3.12/site-packages/airflow/example_dags/example_time_delta_sensor_async.py for tasks to queue
[2026-03-19T06:18:31.767+0000] {logging_mixin.py:188} INFO - [2026-03-19T06:18:31.766+0000] {dagbag.py:545} INFO - Filling up the DagBag from /home/airflow/.local/lib/python3.12/site-packages/airflow/example_dags/example_time_delta_sensor_async.py
[2026-03-19T06:18:31.773+0000] {processor.py:840} INFO - DAG(s) 'example_time_delta_sensor_async' retrieved from /home/airflow/.local/lib/python3.12/site-packages/airflow/example_dags/example_time_delta_sensor_async.py
[2026-03-19T06:18:31.795+0000] {logging_mixin.py:188} INFO - [2026-03-19T06:18:31.795+0000] {dag.py:3096} INFO - Sync 1 DAGs
[2026-03-19T06:18:31.806+0000] {logging_mixin.py:188} INFO - [2026-03-19T06:18:31.806+0000] {dag.py:3954} INFO - Setting next_dagrun for example_time_delta_sensor_async to None, run_after=None
[2026-03-19T06:18:31.841+0000] {processor.py:183} INFO - Processing /home/airflow/.local/lib/python3.12/site-packages/airflow/example_dags/example_time_delta_sensor_async.py took 0.082 seconds
[2026-03-19T06:19:02.047+0000] {processor.py:161} INFO - Started process (PID=36578) to work on /home/airflow/.local/lib/python3.12/site-packages/airflow/example_dags/example_time_delta_sensor_async.py
[2026-03-19T06:19:02.049+0000] {processor.py:830} INFO - Processing file /home/airflow/.local/lib/python3.12/site-packages/airflow/example_dags/example_time_delta_sensor_async.py for tasks to queue
[2026-03-19T06:19:02.052+0000] {logging_mixin.py:188} INFO - [2026-03-19T06:19:02.051+0000] {dagbag.py:545} INFO - Filling up the DagBag from /home/airflow/.local/lib/python3.12/site-packages/airflow/example_dags/example_time_delta_sensor_async.py
[2026-03-19T06:19:02.057+0000] {processor.py:840} INFO - DAG(s) 'example_time_delta_sensor_async' retrieved from /home/airflow/.local/lib/python3.12/site-packages/airflow/example_dags/example_time_delta_sensor_async.py
[2026-03-19T06:19:02.079+0000] {logging_mixin.py:188} INFO - [2026-03-19T06:19:02.079+0000] {dag.py:3096} INFO - Sync 1 DAGs
[2026-03-19T06:19:02.099+0000] {logging_mixin.py:188} INFO - [2026-03-19T06:19:02.099+0000] {dag.py:3954} INFO - Setting next_dagrun for example_time_delta_sensor_async to None, run_after=None
[2026-03-19T06:19:02.114+0000] {processor.py:183} INFO - Processing /home/airflow/.local/lib/python3.12/site-packages/airflow/example_dags/example_time_delta_sensor_async.py took 0.074 seconds
[2026-03-19T07:19:29.158+0000] {processor.py:161} INFO - Started process (PID=36637) to work on /home/airflow/.local/lib/python3.12/site-packages/airflow/example_dags/example_time_delta_sensor_async.py
[2026-03-19T07:19:29.159+0000] {processor.py:830} INFO - Processing file /home/airflow/.local/lib/python3.12/site-packages/airflow/example_dags/example_time_delta_sensor_async.py for tasks to queue
[2026-03-19T07:19:29.161+0000] {logging_mixin.py:188} INFO - [2026-03-19T07:19:29.160+0000] {dagbag.py:545} INFO - Filling up the DagBag from /home/airflow/.local/lib/python3.12/site-packages/airflow/example_dags/example_time_delta_sensor_async.py
[2026-03-19T07:19:29.169+0000] {processor.py:840} INFO - DAG(s) 'example_time_delta_sensor_async' retrieved from /home/airflow/.local/lib/python3.12/site-packages/airflow/example_dags/example_time_delta_sensor_async.py
[2026-03-19T07:19:29.232+0000] {logging_mixin.py:188} INFO - [2026-03-19T07:19:29.232+0000] {dag.py:3096} INFO - Sync 1 DAGs
[2026-03-19T07:19:29.271+0000] {logging_mixin.py:188} INFO - [2026-03-19T07:19:29.271+0000] {dag.py:3954} INFO - Setting next_dagrun for example_time_delta_sensor_async to None, run_after=None
[2026-03-19T07:19:29.370+0000] {processor.py:183} INFO - Processing /home/airflow/.local/lib/python3.12/site-packages/airflow/example_dags/example_time_delta_sensor_async.py took 0.221 seconds
[2026-03-19T07:20:00.245+0000] {processor.py:161} INFO - Started process (PID=36705) to work on /home/airflow/.local/lib/python3.12/site-packages/airflow/example_dags/example_time_delta_sensor_async.py
[2026-03-19T07:20:00.247+0000] {processor.py:830} INFO - Processing file /home/airflow/.local/lib/python3.12/site-packages/airflow/example_dags/example_time_delta_sensor_async.py for tasks to queue
[2026-03-19T07:20:00.249+0000] {logging_mixin.py:188} INFO - [2026-03-19T07:20:00.247+0000] {dagbag.py:545} INFO - Filling up the DagBag from /home/airflow/.local/lib/python3.12/site-packages/airflow/example_dags/example_time_delta_sensor_async.py
[2026-03-19T07:20:00.256+0000] {processor.py:840} INFO - DAG(s) 'example_time_delta_sensor_async' retrieved from /home/airflow/.local/lib/python3.12/site-packages/airflow/example_dags/example_time_delta_sensor_async.py
[2026-03-19T07:20:00.282+0000] {logging_mixin.py:188} INFO - [2026-03-19T07:20:00.282+0000] {dag.py:3096} INFO - Sync 1 DAGs
[2026-03-19T07:20:00.296+0000] {logging_mixin.py:188} INFO - [2026-03-19T07:20:00.296+0000] {dag.py:3954} INFO - Setting next_dagrun for example_time_delta_sensor_async to None, run_after=None
[2026-03-19T07:20:00.316+0000] {processor.py:183} INFO - Processing /home/airflow/.local/lib/python3.12/site-packages/airflow/example_dags/example_time_delta_sensor_async.py took 0.076 seconds
[2026-03-19T07:37:28.100+0000] {processor.py:161} INFO - Started process (PID=36763) to work on /home/airflow/.local/lib/python3.12/site-packages/airflow/example_dags/example_time_delta_sensor_async.py
[2026-03-19T07:37:28.103+0000] {processor.py:830} INFO - Processing file /home/airflow/.local/lib/python3.12/site-packages/airflow/example_dags/example_time_delta_sensor_async.py for tasks to queue
[2026-03-19T07:37:28.106+0000] {logging_mixin.py:188} INFO - [2026-03-19T07:37:28.105+0000] {dagbag.py:545} INFO - Filling up the DagBag from /home/airflow/.local/lib/python3.12/site-packages/airflow/example_dags/example_time_delta_sensor_async.py
[2026-03-19T07:37:28.114+0000] {processor.py:840} INFO - DAG(s) 'example_time_delta_sensor_async' retrieved from /home/airflow/.local/lib/python3.12/site-packages/airflow/example_dags/example_time_delta_sensor_async.py
[2026-03-19T07:37:28.153+0000] {logging_mixin.py:188} INFO - [2026-03-19T07:37:28.152+0000] {dag.py:3096} INFO - Sync 1 DAGs
[2026-03-19T07:37:28.185+0000] {logging_mixin.py:188} INFO - [2026-03-19T07:37:28.184+0000] {dag.py:3954} INFO - Setting next_dagrun for example_time_delta_sensor_async to None, run_after=None
[2026-03-19T07:37:28.241+0000] {processor.py:183} INFO - Processing /home/airflow/.local/lib/python3.12/site-packages/airflow/example_dags/example_time_delta_sensor_async.py took 0.157 seconds
[2026-03-19T07:37:59.024+0000] {processor.py:161} INFO - Started process (PID=36830) to work on /home/airflow/.local/lib/python3.12/site-packages/airflow/example_dags/example_time_delta_sensor_async.py
[2026-03-19T07:37:59.025+0000] {processor.py:830} INFO - Processing file /home/airflow/.local/lib/python3.12/site-packages/airflow/example_dags/example_time_delta_sensor_async.py for tasks to queue
[2026-03-19T07:37:59.027+0000] {logging_mixin.py:188} INFO - [2026-03-19T07:37:59.027+0000] {dagbag.py:545} INFO - Filling up the DagBag from /home/airflow/.local/lib/python3.12/site-packages/airflow/example_dags/example_time_delta_sensor_async.py
[2026-03-19T07:37:59.031+0000] {processor.py:840} INFO - DAG(s) 'example_time_delta_sensor_async' retrieved from /home/airflow/.local/lib/python3.12/site-packages/airflow/example_dags/example_time_delta_sensor_async.py
[2026-03-19T07:37:59.054+0000] {logging_mixin.py:188} INFO - [2026-03-19T07:37:59.054+0000] {dag.py:3096} INFO - Sync 1 DAGs
[2026-03-19T07:37:59.063+0000] {logging_mixin.py:188} INFO - [2026-03-19T07:37:59.063+0000] {dag.py:3954} INFO - Setting next_dagrun for example_time_delta_sensor_async to None, run_after=None
[2026-03-19T07:37:59.078+0000] {processor.py:183} INFO - Processing /home/airflow/.local/lib/python3.12/site-packages/airflow/example_dags/example_time_delta_sensor_async.py took 0.059 seconds
[2026-03-19T07:48:55.301+0000] {processor.py:161} INFO - Started process (PID=36889) to work on /home/airflow/.local/lib/python3.12/site-packages/airflow/example_dags/example_time_delta_sensor_async.py
[2026-03-19T07:48:55.304+0000] {processor.py:830} INFO - Processing file /home/airflow/.local/lib/python3.12/site-packages/airflow/example_dags/example_time_delta_sensor_async.py for tasks to queue
[2026-03-19T07:48:55.304+0000] {logging_mixin.py:188} INFO - [2026-03-19T07:48:55.304+0000] {dagbag.py:545} INFO - Filling up the DagBag from /home/airflow/.local/lib/python3.12/site-packages/airflow/example_dags/example_time_delta_sensor_async.py
[2026-03-19T07:48:55.307+0000] {processor.py:840} INFO - DAG(s) 'example_time_delta_sensor_async' retrieved from /home/airflow/.local/lib/python3.12/site-packages/airflow/example_dags/example_time_delta_sensor_async.py
[2026-03-19T07:48:55.321+0000] {logging_mixin.py:188} INFO - [2026-03-19T07:48:55.320+0000] {dag.py:3096} INFO - Sync 1 DAGs
[2026-03-19T07:48:55.327+0000] {logging_mixin.py:188} INFO - [2026-03-19T07:48:55.327+0000] {dag.py:3954} INFO - Setting next_dagrun for example_time_delta_sensor_async to None, run_after=None
[2026-03-19T07:48:55.338+0000] {processor.py:183} INFO - Processing /home/airflow/.local/lib/python3.12/site-packages/airflow/example_dags/example_time_delta_sensor_async.py took 0.041 seconds
[2026-03-19T07:49:26.150+0000] {processor.py:161} INFO - Started process (PID=36948) to work on /home/airflow/.local/lib/python3.12/site-packages/airflow/example_dags/example_time_delta_sensor_async.py
[2026-03-19T07:49:26.151+0000] {processor.py:830} INFO - Processing file /home/airflow/.local/lib/python3.12/site-packages/airflow/example_dags/example_time_delta_sensor_async.py for tasks to queue
[2026-03-19T07:49:26.152+0000] {logging_mixin.py:188} INFO - [2026-03-19T07:49:26.151+0000] {dagbag.py:545} INFO - Filling up the DagBag from /home/airflow/.local/lib/python3.12/site-packages/airflow/example_dags/example_time_delta_sensor_async.py
[2026-03-19T07:49:26.154+0000] {processor.py:840} INFO - DAG(s) 'example_time_delta_sensor_async' retrieved from /home/airflow/.local/lib/python3.12/site-packages/airflow/example_dags/example_time_delta_sensor_async.py
[2026-03-19T07:49:26.173+0000] {logging_mixin.py:188} INFO - [2026-03-19T07:49:26.173+0000] {dag.py:3096} INFO - Sync 1 DAGs
[2026-03-19T07:49:26.208+0000] {logging_mixin.py:188} INFO - [2026-03-19T07:49:26.208+0000] {dag.py:3954} INFO - Setting next_dagrun for example_time_delta_sensor_async to None, run_after=None
[2026-03-19T07:49:26.240+0000] {processor.py:183} INFO - Processing /home/airflow/.local/lib/python3.12/site-packages/airflow/example_dags/example_time_delta_sensor_async.py took 0.094 seconds
[2026-03-19T07:49:57.300+0000] {processor.py:161} INFO - Started process (PID=37007) to work on /home/airflow/.local/lib/python3.12/site-packages/airflow/example_dags/example_time_delta_sensor_async.py
[2026-03-19T07:49:57.301+0000] {processor.py:830} INFO - Processing file /home/airflow/.local/lib/python3.12/site-packages/airflow/example_dags/example_time_delta_sensor_async.py for tasks to queue
[2026-03-19T07:49:57.302+0000] {logging_mixin.py:188} INFO - [2026-03-19T07:49:57.302+0000] {dagbag.py:545} INFO - Filling up the DagBag from /home/airflow/.local/lib/python3.12/site-packages/airflow/example_dags/example_time_delta_sensor_async.py
[2026-03-19T07:49:57.308+0000] {processor.py:840} INFO - DAG(s) 'example_time_delta_sensor_async' retrieved from /home/airflow/.local/lib/python3.12/site-packages/airflow/example_dags/example_time_delta_sensor_async.py
[2026-03-19T07:49:57.325+0000] {logging_mixin.py:188} INFO - [2026-03-19T07:49:57.325+0000] {dag.py:3096} INFO - Sync 1 DAGs
[2026-03-19T07:49:57.334+0000] {logging_mixin.py:188} INFO - [2026-03-19T07:49:57.334+0000] {dag.py:3954} INFO - Setting next_dagrun for example_time_delta_sensor_async to None, run_after=None
[2026-03-19T07:49:57.347+0000] {processor.py:183} INFO - Processing /home/airflow/.local/lib/python3.12/site-packages/airflow/example_dags/example_time_delta_sensor_async.py took 0.053 seconds
[2026-03-19T07:50:27.786+0000] {processor.py:161} INFO - Started process (PID=37066) to work on /home/airflow/.local/lib/python3.12/site-packages/airflow/example_dags/example_time_delta_sensor_async.py
[2026-03-19T07:50:27.787+0000] {processor.py:830} INFO - Processing file /home/airflow/.local/lib/python3.12/site-packages/airflow/example_dags/example_time_delta_sensor_async.py for tasks to queue
[2026-03-19T07:50:27.788+0000] {logging_mixin.py:188} INFO - [2026-03-19T07:50:27.788+0000] {dagbag.py:545} INFO - Filling up the DagBag from /home/airflow/.local/lib/python3.12/site-packages/airflow/example_dags/example_time_delta_sensor_async.py
[2026-03-19T07:50:27.796+0000] {processor.py:840} INFO - DAG(s) 'example_time_delta_sensor_async' retrieved from /home/airflow/.local/lib/python3.12/site-packages/airflow/example_dags/example_time_delta_sensor_async.py
[2026-03-19T07:50:27.819+0000] {logging_mixin.py:188} INFO - [2026-03-19T07:50:27.819+0000] {dag.py:3096} INFO - Sync 1 DAGs
[2026-03-19T07:50:27.830+0000] {logging_mixin.py:188} INFO - [2026-03-19T07:50:27.830+0000] {dag.py:3954} INFO - Setting next_dagrun for example_time_delta_sensor_async to None, run_after=None
[2026-03-19T07:50:27.850+0000] {processor.py:183} INFO - Processing /home/airflow/.local/lib/python3.12/site-packages/airflow/example_dags/example_time_delta_sensor_async.py took 0.067 seconds
[2026-03-19T07:50:58.438+0000] {processor.py:161} INFO - Started process (PID=37125) to work on /home/airflow/.local/lib/python3.12/site-packages/airflow/example_dags/example_time_delta_sensor_async.py
[2026-03-19T07:50:58.438+0000] {processor.py:830} INFO - Processing file /home/airflow/.local/lib/python3.12/site-packages/airflow/example_dags/example_time_delta_sensor_async.py for tasks to queue
[2026-03-19T07:50:58.439+0000] {logging_mixin.py:188} INFO - [2026-03-19T07:50:58.439+0000] {dagbag.py:545} INFO - Filling up the DagBag from /home/airflow/.local/lib/python3.12/site-packages/airflow/example_dags/example_time_delta_sensor_async.py
[2026-03-19T07:50:58.442+0000] {processor.py:840} INFO - DAG(s) 'example_time_delta_sensor_async' retrieved from /home/airflow/.local/lib/python3.12/site-packages/airflow/example_dags/example_time_delta_sensor_async.py
[2026-03-19T07:50:58.462+0000] {logging_mixin.py:188} INFO - [2026-03-19T07:50:58.462+0000] {dag.py:3096} INFO - Sync 1 DAGs
[2026-03-19T07:50:58.469+0000] {logging_mixin.py:188} INFO - [2026-03-19T07:50:58.469+0000] {dag.py:3954} INFO - Setting next_dagrun for example_time_delta_sensor_async to None, run_after=None
[2026-03-19T07:50:58.486+0000] {processor.py:183} INFO - Processing /home/airflow/.local/lib/python3.12/site-packages/airflow/example_dags/example_time_delta_sensor_async.py took 0.052 seconds
[2026-03-19T07:51:28.839+0000] {processor.py:161} INFO - Started process (PID=37184) to work on /home/airflow/.local/lib/python3.12/site-packages/airflow/example_dags/example_time_delta_sensor_async.py
[2026-03-19T07:51:28.843+0000] {processor.py:830} INFO - Processing file /home/airflow/.local/lib/python3.12/site-packages/airflow/example_dags/example_time_delta_sensor_async.py for tasks to queue
[2026-03-19T07:51:28.844+0000] {logging_mixin.py:188} INFO - [2026-03-19T07:51:28.844+0000] {dagbag.py:545} INFO - Filling up the DagBag from /home/airflow/.local/lib/python3.12/site-packages/airflow/example_dags/example_time_delta_sensor_async.py
[2026-03-19T07:51:28.847+0000] {processor.py:840} INFO - DAG(s) 'example_time_delta_sensor_async' retrieved from /home/airflow/.local/lib/python3.12/site-packages/airflow/example_dags/example_time_delta_sensor_async.py
[2026-03-19T07:51:28.869+0000] {logging_mixin.py:188} INFO - [2026-03-19T07:51:28.869+0000] {dag.py:3096} INFO - Sync 1 DAGs
[2026-03-19T07:51:28.878+0000] {logging_mixin.py:188} INFO - [2026-03-19T07:51:28.878+0000] {dag.py:3954} INFO - Setting next_dagrun for example_time_delta_sensor_async to None, run_after=None
[2026-03-19T07:51:28.893+0000] {processor.py:183} INFO - Processing /home/airflow/.local/lib/python3.12/site-packages/airflow/example_dags/example_time_delta_sensor_async.py took 0.058 seconds
[2026-03-19T07:51:59.763+0000] {processor.py:161} INFO - Started process (PID=37243) to work on /home/airflow/.local/lib/python3.12/site-packages/airflow/example_dags/example_time_delta_sensor_async.py
[2026-03-19T07:51:59.764+0000] {processor.py:830} INFO - Processing file /home/airflow/.local/lib/python3.12/site-packages/airflow/example_dags/example_time_delta_sensor_async.py for tasks to queue
[2026-03-19T07:51:59.764+0000] {logging_mixin.py:188} INFO - [2026-03-19T07:51:59.764+0000] {dagbag.py:545} INFO - Filling up the DagBag from /home/airflow/.local/lib/python3.12/site-packages/airflow/example_dags/example_time_delta_sensor_async.py
[2026-03-19T07:51:59.767+0000] {processor.py:840} INFO - DAG(s) 'example_time_delta_sensor_async' retrieved from /home/airflow/.local/lib/python3.12/site-packages/airflow/example_dags/example_time_delta_sensor_async.py
[2026-03-19T07:51:59.783+0000] {logging_mixin.py:188} INFO - [2026-03-19T07:51:59.783+0000] {dag.py:3096} INFO - Sync 1 DAGs
[2026-03-19T07:51:59.789+0000] {logging_mixin.py:188} INFO - [2026-03-19T07:51:59.789+0000] {dag.py:3954} INFO - Setting next_dagrun for example_time_delta_sensor_async to None, run_after=None
[2026-03-19T07:51:59.805+0000] {processor.py:183} INFO - Processing /home/airflow/.local/lib/python3.12/site-packages/airflow/example_dags/example_time_delta_sensor_async.py took 0.046 seconds
[2026-03-19T07:52:30.237+0000] {processor.py:161} INFO - Started process (PID=37302) to work on /home/airflow/.local/lib/python3.12/site-packages/airflow/example_dags/example_time_delta_sensor_async.py
[2026-03-19T07:52:30.238+0000] {processor.py:830} INFO - Processing file /home/airflow/.local/lib/python3.12/site-packages/airflow/example_dags/example_time_delta_sensor_async.py for tasks to queue
[2026-03-19T07:52:30.239+0000] {logging_mixin.py:188} INFO - [2026-03-19T07:52:30.238+0000] {dagbag.py:545} INFO - Filling up the DagBag from /home/airflow/.local/lib/python3.12/site-packages/airflow/example_dags/example_time_delta_sensor_async.py
[2026-03-19T07:52:30.241+0000] {processor.py:840} INFO - DAG(s) 'example_time_delta_sensor_async' retrieved from /home/airflow/.local/lib/python3.12/site-packages/airflow/example_dags/example_time_delta_sensor_async.py
[2026-03-19T07:52:30.260+0000] {logging_mixin.py:188} INFO - [2026-03-19T07:52:30.260+0000] {dag.py:3096} INFO - Sync 1 DAGs
[2026-03-19T07:52:30.268+0000] {logging_mixin.py:188} INFO - [2026-03-19T07:52:30.268+0000] {dag.py:3954} INFO - Setting next_dagrun for example_time_delta_sensor_async to None, run_after=None
[2026-03-19T07:52:30.286+0000] {processor.py:183} INFO - Processing /home/airflow/.local/lib/python3.12/site-packages/airflow/example_dags/example_time_delta_sensor_async.py took 0.052 seconds
[2026-03-19T07:53:00.868+0000] {processor.py:161} INFO - Started process (PID=37361) to work on /home/airflow/.local/lib/python3.12/site-packages/airflow/example_dags/example_time_delta_sensor_async.py
[2026-03-19T07:53:00.869+0000] {processor.py:830} INFO - Processing file /home/airflow/.local/lib/python3.12/site-packages/airflow/example_dags/example_time_delta_sensor_async.py for tasks to queue
[2026-03-19T07:53:00.870+0000] {logging_mixin.py:188} INFO - [2026-03-19T07:53:00.870+0000] {dagbag.py:545} INFO - Filling up the DagBag from /home/airflow/.local/lib/python3.12/site-packages/airflow/example_dags/example_time_delta_sensor_async.py
[2026-03-19T07:53:00.876+0000] {processor.py:840} INFO - DAG(s) 'example_time_delta_sensor_async' retrieved from /home/airflow/.local/lib/python3.12/site-packages/airflow/example_dags/example_time_delta_sensor_async.py
[2026-03-19T07:53:00.913+0000] {logging_mixin.py:188} INFO - [2026-03-19T07:53:00.912+0000] {dag.py:3096} INFO - Sync 1 DAGs
[2026-03-19T07:53:00.933+0000] {logging_mixin.py:188} INFO - [2026-03-19T07:53:00.933+0000] {dag.py:3954} INFO - Setting next_dagrun for example_time_delta_sensor_async to None, run_after=None
[2026-03-19T07:53:00.972+0000] {processor.py:183} INFO - Processing /home/airflow/.local/lib/python3.12/site-packages/airflow/example_dags/example_time_delta_sensor_async.py took 0.109 seconds
[2026-03-19T07:53:31.615+0000] {processor.py:161} INFO - Started process (PID=37420) to work on /home/airflow/.local/lib/python3.12/site-packages/airflow/example_dags/example_time_delta_sensor_async.py
[2026-03-19T07:53:31.616+0000] {processor.py:830} INFO - Processing file /home/airflow/.local/lib/python3.12/site-packages/airflow/example_dags/example_time_delta_sensor_async.py for tasks to queue
[2026-03-19T07:53:31.616+0000] {logging_mixin.py:188} INFO - [2026-03-19T07:53:31.616+0000] {dagbag.py:545} INFO - Filling up the DagBag from /home/airflow/.local/lib/python3.12/site-packages/airflow/example_dags/example_time_delta_sensor_async.py
[2026-03-19T07:53:31.619+0000] {processor.py:840} INFO - DAG(s) 'example_time_delta_sensor_async' retrieved from /home/airflow/.local/lib/python3.12/site-packages/airflow/example_dags/example_time_delta_sensor_async.py
[2026-03-19T07:53:31.633+0000] {logging_mixin.py:188} INFO - [2026-03-19T07:53:31.633+0000] {dag.py:3096} INFO - Sync 1 DAGs
[2026-03-19T07:53:31.640+0000] {logging_mixin.py:188} INFO - [2026-03-19T07:53:31.640+0000] {dag.py:3954} INFO - Setting next_dagrun for example_time_delta_sensor_async to None, run_after=None
[2026-03-19T07:53:31.659+0000] {processor.py:183} INFO - Processing /home/airflow/.local/lib/python3.12/site-packages/airflow/example_dags/example_time_delta_sensor_async.py took 0.048 seconds
[2026-03-19T07:54:01.858+0000] {processor.py:161} INFO - Started process (PID=37479) to work on /home/airflow/.local/lib/python3.12/site-packages/airflow/example_dags/example_time_delta_sensor_async.py
[2026-03-19T07:54:01.860+0000] {processor.py:830} INFO - Processing file /home/airflow/.local/lib/python3.12/site-packages/airflow/example_dags/example_time_delta_sensor_async.py for tasks to queue
[2026-03-19T07:54:01.861+0000] {logging_mixin.py:188} INFO - [2026-03-19T07:54:01.861+0000] {dagbag.py:545} INFO - Filling up the DagBag from /home/airflow/.local/lib/python3.12/site-packages/airflow/example_dags/example_time_delta_sensor_async.py
[2026-03-19T07:54:01.864+0000] {processor.py:840} INFO - DAG(s) 'example_time_delta_sensor_async' retrieved from /home/airflow/.local/lib/python3.12/site-packages/airflow/example_dags/example_time_delta_sensor_async.py
[2026-03-19T07:54:01.891+0000] {logging_mixin.py:188} INFO - [2026-03-19T07:54:01.890+0000] {dag.py:3096} INFO - Sync 1 DAGs
[2026-03-19T07:54:01.902+0000] {logging_mixin.py:188} INFO - [2026-03-19T07:54:01.902+0000] {dag.py:3954} INFO - Setting next_dagrun for example_time_delta_sensor_async to None, run_after=None
[2026-03-19T07:54:01.919+0000] {processor.py:183} INFO - Processing /home/airflow/.local/lib/python3.12/site-packages/airflow/example_dags/example_time_delta_sensor_async.py took 0.069 seconds
[2026-03-19T07:54:32.266+0000] {processor.py:161} INFO - Started process (PID=37538) to work on /home/airflow/.local/lib/python3.12/site-packages/airflow/example_dags/example_time_delta_sensor_async.py
[2026-03-19T07:54:32.267+0000] {processor.py:830} INFO - Processing file /home/airflow/.local/lib/python3.12/site-packages/airflow/example_dags/example_time_delta_sensor_async.py for tasks to queue
[2026-03-19T07:54:32.269+0000] {logging_mixin.py:188} INFO - [2026-03-19T07:54:32.269+0000] {dagbag.py:545} INFO - Filling up the DagBag from /home/airflow/.local/lib/python3.12/site-packages/airflow/example_dags/example_time_delta_sensor_async.py
[2026-03-19T07:54:32.272+0000] {processor.py:840} INFO - DAG(s) 'example_time_delta_sensor_async' retrieved from /home/airflow/.local/lib/python3.12/site-packages/airflow/example_dags/example_time_delta_sensor_async.py
[2026-03-19T07:54:32.290+0000] {logging_mixin.py:188} INFO - [2026-03-19T07:54:32.289+0000] {dag.py:3096} INFO - Sync 1 DAGs
[2026-03-19T07:54:32.297+0000] {logging_mixin.py:188} INFO - [2026-03-19T07:54:32.296+0000] {dag.py:3954} INFO - Setting next_dagrun for example_time_delta_sensor_async to None, run_after=None
[2026-03-19T07:54:32.309+0000] {processor.py:183} INFO - Processing /home/airflow/.local/lib/python3.12/site-packages/airflow/example_dags/example_time_delta_sensor_async.py took 0.046 seconds
[2026-03-19T07:55:02.684+0000] {processor.py:161} INFO - Started process (PID=37597) to work on /home/airflow/.local/lib/python3.12/site-packages/airflow/example_dags/example_time_delta_sensor_async.py
[2026-03-19T07:55:02.687+0000] {processor.py:830} INFO - Processing file /home/airflow/.local/lib/python3.12/site-packages/airflow/example_dags/example_time_delta_sensor_async.py for tasks to queue
[2026-03-19T07:55:02.688+0000] {logging_mixin.py:188} INFO - [2026-03-19T07:55:02.687+0000] {dagbag.py:545} INFO - Filling up the DagBag from /home/airflow/.local/lib/python3.12/site-packages/airflow/example_dags/example_time_delta_sensor_async.py
[2026-03-19T07:55:02.692+0000] {processor.py:840} INFO - DAG(s) 'example_time_delta_sensor_async' retrieved from /home/airflow/.local/lib/python3.12/site-packages/airflow/example_dags/example_time_delta_sensor_async.py
[2026-03-19T07:55:02.714+0000] {logging_mixin.py:188} INFO - [2026-03-19T07:55:02.713+0000] {dag.py:3096} INFO - Sync 1 DAGs
[2026-03-19T07:55:02.722+0000] {logging_mixin.py:188} INFO - [2026-03-19T07:55:02.722+0000] {dag.py:3954} INFO - Setting next_dagrun for example_time_delta_sensor_async to None, run_after=None
[2026-03-19T07:55:02.732+0000] {processor.py:183} INFO - Processing /home/airflow/.local/lib/python3.12/site-packages/airflow/example_dags/example_time_delta_sensor_async.py took 0.052 seconds
[2026-03-19T07:55:33.290+0000] {processor.py:161} INFO - Started process (PID=37656) to work on /home/airflow/.local/lib/python3.12/site-packages/airflow/example_dags/example_time_delta_sensor_async.py
[2026-03-19T07:55:33.291+0000] {processor.py:830} INFO - Processing file /home/airflow/.local/lib/python3.12/site-packages/airflow/example_dags/example_time_delta_sensor_async.py for tasks to queue
[2026-03-19T07:55:33.291+0000] {logging_mixin.py:188} INFO - [2026-03-19T07:55:33.291+0000] {dagbag.py:545} INFO - Filling up the DagBag from /home/airflow/.local/lib/python3.12/site-packages/airflow/example_dags/example_time_delta_sensor_async.py
[2026-03-19T07:55:33.294+0000] {processor.py:840} INFO - DAG(s) 'example_time_delta_sensor_async' retrieved from /home/airflow/.local/lib/python3.12/site-packages/airflow/example_dags/example_time_delta_sensor_async.py
[2026-03-19T07:55:33.305+0000] {logging_mixin.py:188} INFO - [2026-03-19T07:55:33.305+0000] {dag.py:3096} INFO - Sync 1 DAGs
[2026-03-19T07:55:33.313+0000] {logging_mixin.py:188} INFO - [2026-03-19T07:55:33.313+0000] {dag.py:3954} INFO - Setting next_dagrun for example_time_delta_sensor_async to None, run_after=None
[2026-03-19T07:55:33.330+0000] {processor.py:183} INFO - Processing /home/airflow/.local/lib/python3.12/site-packages/airflow/example_dags/example_time_delta_sensor_async.py took 0.045 seconds
[2026-03-19T07:56:03.872+0000] {processor.py:161} INFO - Started process (PID=37715) to work on /home/airflow/.local/lib/python3.12/site-packages/airflow/example_dags/example_time_delta_sensor_async.py
[2026-03-19T07:56:03.873+0000] {processor.py:830} INFO - Processing file /home/airflow/.local/lib/python3.12/site-packages/airflow/example_dags/example_time_delta_sensor_async.py for tasks to queue
[2026-03-19T07:56:03.873+0000] {logging_mixin.py:188} INFO - [2026-03-19T07:56:03.873+0000] {dagbag.py:545} INFO - Filling up the DagBag from /home/airflow/.local/lib/python3.12/site-packages/airflow/example_dags/example_time_delta_sensor_async.py
[2026-03-19T07:56:03.876+0000] {processor.py:840} INFO - DAG(s) 'example_time_delta_sensor_async' retrieved from /home/airflow/.local/lib/python3.12/site-packages/airflow/example_dags/example_time_delta_sensor_async.py
[2026-03-19T07:56:03.890+0000] {logging_mixin.py:188} INFO - [2026-03-19T07:56:03.890+0000] {dag.py:3096} INFO - Sync 1 DAGs
[2026-03-19T07:56:03.897+0000] {logging_mixin.py:188} INFO - [2026-03-19T07:56:03.897+0000] {dag.py:3954} INFO - Setting next_dagrun for example_time_delta_sensor_async to None, run_after=None
[2026-03-19T07:56:03.912+0000] {processor.py:183} INFO - Processing /home/airflow/.local/lib/python3.12/site-packages/airflow/example_dags/example_time_delta_sensor_async.py took 0.043 seconds
