[2026-03-19T00:12:43.760+0000] {processor.py:161} INFO - Started process (PID=35678) to work on /home/airflow/.local/lib/python3.12/site-packages/airflow/example_dags/example_dynamic_task_mapping.py
[2026-03-19T00:12:43.763+0000] {processor.py:830} INFO - Processing file /home/airflow/.local/lib/python3.12/site-packages/airflow/example_dags/example_dynamic_task_mapping.py for tasks to queue
[2026-03-19T00:12:43.765+0000] {logging_mixin.py:188} INFO - [2026-03-19T00:12:43.765+0000] {dagbag.py:545} INFO - Filling up the DagBag from /home/airflow/.local/lib/python3.12/site-packages/airflow/example_dags/example_dynamic_task_mapping.py
[2026-03-19T00:12:43.772+0000] {processor.py:840} INFO - DAG(s) 'example_dynamic_task_mapping' retrieved from /home/airflow/.local/lib/python3.12/site-packages/airflow/example_dags/example_dynamic_task_mapping.py
[2026-03-19T00:12:43.790+0000] {logging_mixin.py:188} INFO - [2026-03-19T00:12:43.790+0000] {dag.py:3096} INFO - Sync 1 DAGs
[2026-03-19T00:12:43.807+0000] {logging_mixin.py:188} INFO - [2026-03-19T00:12:43.807+0000] {dag.py:3954} INFO - Setting next_dagrun for example_dynamic_task_mapping to 2022-03-04 00:00:00+00:00, run_after=2022-03-05 00:00:00+00:00
[2026-03-19T00:12:43.828+0000] {processor.py:183} INFO - Processing /home/airflow/.local/lib/python3.12/site-packages/airflow/example_dags/example_dynamic_task_mapping.py took 0.071 seconds
[2026-03-19T00:46:43.641+0000] {processor.py:161} INFO - Started process (PID=35737) to work on /home/airflow/.local/lib/python3.12/site-packages/airflow/example_dags/example_dynamic_task_mapping.py
[2026-03-19T00:46:43.649+0000] {processor.py:830} INFO - Processing file /home/airflow/.local/lib/python3.12/site-packages/airflow/example_dags/example_dynamic_task_mapping.py for tasks to queue
[2026-03-19T00:46:43.662+0000] {logging_mixin.py:188} INFO - [2026-03-19T00:46:43.661+0000] {dagbag.py:545} INFO - Filling up the DagBag from /home/airflow/.local/lib/python3.12/site-packages/airflow/example_dags/example_dynamic_task_mapping.py
[2026-03-19T00:46:43.685+0000] {processor.py:840} INFO - DAG(s) 'example_dynamic_task_mapping' retrieved from /home/airflow/.local/lib/python3.12/site-packages/airflow/example_dags/example_dynamic_task_mapping.py
[2026-03-19T00:46:43.743+0000] {logging_mixin.py:188} INFO - [2026-03-19T00:46:43.742+0000] {dag.py:3096} INFO - Sync 1 DAGs
[2026-03-19T00:46:43.795+0000] {logging_mixin.py:188} INFO - [2026-03-19T00:46:43.794+0000] {dag.py:3954} INFO - Setting next_dagrun for example_dynamic_task_mapping to 2022-03-04 00:00:00+00:00, run_after=2022-03-05 00:00:00+00:00
[2026-03-19T00:46:43.844+0000] {processor.py:183} INFO - Processing /home/airflow/.local/lib/python3.12/site-packages/airflow/example_dags/example_dynamic_task_mapping.py took 0.229 seconds
[2026-03-19T01:13:42.814+0000] {processor.py:161} INFO - Started process (PID=35804) to work on /home/airflow/.local/lib/python3.12/site-packages/airflow/example_dags/example_dynamic_task_mapping.py
[2026-03-19T01:13:42.817+0000] {processor.py:830} INFO - Processing file /home/airflow/.local/lib/python3.12/site-packages/airflow/example_dags/example_dynamic_task_mapping.py for tasks to queue
[2026-03-19T01:13:42.826+0000] {logging_mixin.py:188} INFO - [2026-03-19T01:13:42.826+0000] {dagbag.py:545} INFO - Filling up the DagBag from /home/airflow/.local/lib/python3.12/site-packages/airflow/example_dags/example_dynamic_task_mapping.py
[2026-03-19T01:13:42.841+0000] {processor.py:840} INFO - DAG(s) 'example_dynamic_task_mapping' retrieved from /home/airflow/.local/lib/python3.12/site-packages/airflow/example_dags/example_dynamic_task_mapping.py
[2026-03-19T01:13:42.872+0000] {logging_mixin.py:188} INFO - [2026-03-19T01:13:42.872+0000] {dag.py:3096} INFO - Sync 1 DAGs
[2026-03-19T01:13:43.083+0000] {logging_mixin.py:188} INFO - [2026-03-19T01:13:43.083+0000] {dag.py:3954} INFO - Setting next_dagrun for example_dynamic_task_mapping to 2022-03-04 00:00:00+00:00, run_after=2022-03-05 00:00:00+00:00
[2026-03-19T01:13:43.107+0000] {processor.py:183} INFO - Processing /home/airflow/.local/lib/python3.12/site-packages/airflow/example_dags/example_dynamic_task_mapping.py took 0.300 seconds
[2026-03-19T01:30:57.022+0000] {processor.py:161} INFO - Started process (PID=35871) to work on /home/airflow/.local/lib/python3.12/site-packages/airflow/example_dags/example_dynamic_task_mapping.py
[2026-03-19T01:30:57.026+0000] {processor.py:830} INFO - Processing file /home/airflow/.local/lib/python3.12/site-packages/airflow/example_dags/example_dynamic_task_mapping.py for tasks to queue
[2026-03-19T01:30:57.031+0000] {logging_mixin.py:188} INFO - [2026-03-19T01:30:57.031+0000] {dagbag.py:545} INFO - Filling up the DagBag from /home/airflow/.local/lib/python3.12/site-packages/airflow/example_dags/example_dynamic_task_mapping.py
[2026-03-19T01:30:57.045+0000] {processor.py:840} INFO - DAG(s) 'example_dynamic_task_mapping' retrieved from /home/airflow/.local/lib/python3.12/site-packages/airflow/example_dags/example_dynamic_task_mapping.py
[2026-03-19T01:30:57.114+0000] {logging_mixin.py:188} INFO - [2026-03-19T01:30:57.114+0000] {dag.py:3096} INFO - Sync 1 DAGs
[2026-03-19T01:30:57.164+0000] {logging_mixin.py:188} INFO - [2026-03-19T01:30:57.164+0000] {dag.py:3954} INFO - Setting next_dagrun for example_dynamic_task_mapping to 2022-03-04 00:00:00+00:00, run_after=2022-03-05 00:00:00+00:00
[2026-03-19T01:30:57.216+0000] {processor.py:183} INFO - Processing /home/airflow/.local/lib/python3.12/site-packages/airflow/example_dags/example_dynamic_task_mapping.py took 0.204 seconds
[2026-03-19T02:15:03.485+0000] {processor.py:161} INFO - Started process (PID=35935) to work on /home/airflow/.local/lib/python3.12/site-packages/airflow/example_dags/example_dynamic_task_mapping.py
[2026-03-19T02:15:03.493+0000] {processor.py:830} INFO - Processing file /home/airflow/.local/lib/python3.12/site-packages/airflow/example_dags/example_dynamic_task_mapping.py for tasks to queue
[2026-03-19T02:15:03.501+0000] {logging_mixin.py:188} INFO - [2026-03-19T02:15:03.497+0000] {dagbag.py:545} INFO - Filling up the DagBag from /home/airflow/.local/lib/python3.12/site-packages/airflow/example_dags/example_dynamic_task_mapping.py
[2026-03-19T02:15:03.624+0000] {processor.py:840} INFO - DAG(s) 'example_dynamic_task_mapping' retrieved from /home/airflow/.local/lib/python3.12/site-packages/airflow/example_dags/example_dynamic_task_mapping.py
[2026-03-19T02:15:03.836+0000] {logging_mixin.py:188} INFO - [2026-03-19T02:15:03.834+0000] {dag.py:3096} INFO - Sync 1 DAGs
[2026-03-19T02:15:04.046+0000] {logging_mixin.py:188} INFO - [2026-03-19T02:15:04.045+0000] {dag.py:3954} INFO - Setting next_dagrun for example_dynamic_task_mapping to 2022-03-04 00:00:00+00:00, run_after=2022-03-05 00:00:00+00:00
[2026-03-19T02:15:04.400+0000] {processor.py:183} INFO - Processing /home/airflow/.local/lib/python3.12/site-packages/airflow/example_dags/example_dynamic_task_mapping.py took 0.968 seconds
[2026-03-19T02:15:35.242+0000] {processor.py:161} INFO - Started process (PID=36002) to work on /home/airflow/.local/lib/python3.12/site-packages/airflow/example_dags/example_dynamic_task_mapping.py
[2026-03-19T02:15:35.244+0000] {processor.py:830} INFO - Processing file /home/airflow/.local/lib/python3.12/site-packages/airflow/example_dags/example_dynamic_task_mapping.py for tasks to queue
[2026-03-19T02:15:35.245+0000] {logging_mixin.py:188} INFO - [2026-03-19T02:15:35.245+0000] {dagbag.py:545} INFO - Filling up the DagBag from /home/airflow/.local/lib/python3.12/site-packages/airflow/example_dags/example_dynamic_task_mapping.py
[2026-03-19T02:15:35.259+0000] {processor.py:840} INFO - DAG(s) 'example_dynamic_task_mapping' retrieved from /home/airflow/.local/lib/python3.12/site-packages/airflow/example_dags/example_dynamic_task_mapping.py
[2026-03-19T02:15:35.296+0000] {logging_mixin.py:188} INFO - [2026-03-19T02:15:35.295+0000] {dag.py:3096} INFO - Sync 1 DAGs
[2026-03-19T02:15:35.324+0000] {logging_mixin.py:188} INFO - [2026-03-19T02:15:35.324+0000] {dag.py:3954} INFO - Setting next_dagrun for example_dynamic_task_mapping to 2022-03-04 00:00:00+00:00, run_after=2022-03-05 00:00:00+00:00
[2026-03-19T02:15:35.340+0000] {processor.py:183} INFO - Processing /home/airflow/.local/lib/python3.12/site-packages/airflow/example_dags/example_dynamic_task_mapping.py took 0.107 seconds
[2026-03-19T03:06:04.340+0000] {processor.py:161} INFO - Started process (PID=36021) to work on /home/airflow/.local/lib/python3.12/site-packages/airflow/example_dags/example_dynamic_task_mapping.py
[2026-03-19T03:06:04.349+0000] {processor.py:830} INFO - Processing file /home/airflow/.local/lib/python3.12/site-packages/airflow/example_dags/example_dynamic_task_mapping.py for tasks to queue
[2026-03-19T03:06:04.359+0000] {logging_mixin.py:188} INFO - [2026-03-19T03:06:04.354+0000] {dagbag.py:545} INFO - Filling up the DagBag from /home/airflow/.local/lib/python3.12/site-packages/airflow/example_dags/example_dynamic_task_mapping.py
[2026-03-19T03:06:04.406+0000] {processor.py:840} INFO - DAG(s) 'example_dynamic_task_mapping' retrieved from /home/airflow/.local/lib/python3.12/site-packages/airflow/example_dags/example_dynamic_task_mapping.py
[2026-03-19T03:06:04.505+0000] {logging_mixin.py:188} INFO - [2026-03-19T03:06:04.504+0000] {dag.py:3096} INFO - Sync 1 DAGs
[2026-03-19T03:06:04.613+0000] {logging_mixin.py:188} INFO - [2026-03-19T03:06:04.612+0000] {dag.py:3954} INFO - Setting next_dagrun for example_dynamic_task_mapping to 2022-03-04 00:00:00+00:00, run_after=2022-03-05 00:00:00+00:00
[2026-03-19T03:06:04.747+0000] {processor.py:183} INFO - Processing /home/airflow/.local/lib/python3.12/site-packages/airflow/example_dags/example_dynamic_task_mapping.py took 0.458 seconds
[2026-03-19T03:06:35.288+0000] {processor.py:161} INFO - Started process (PID=36092) to work on /home/airflow/.local/lib/python3.12/site-packages/airflow/example_dags/example_dynamic_task_mapping.py
[2026-03-19T03:06:35.290+0000] {processor.py:830} INFO - Processing file /home/airflow/.local/lib/python3.12/site-packages/airflow/example_dags/example_dynamic_task_mapping.py for tasks to queue
[2026-03-19T03:06:35.293+0000] {logging_mixin.py:188} INFO - [2026-03-19T03:06:35.293+0000] {dagbag.py:545} INFO - Filling up the DagBag from /home/airflow/.local/lib/python3.12/site-packages/airflow/example_dags/example_dynamic_task_mapping.py
[2026-03-19T03:06:35.301+0000] {processor.py:840} INFO - DAG(s) 'example_dynamic_task_mapping' retrieved from /home/airflow/.local/lib/python3.12/site-packages/airflow/example_dags/example_dynamic_task_mapping.py
[2026-03-19T03:06:35.321+0000] {logging_mixin.py:188} INFO - [2026-03-19T03:06:35.321+0000] {dag.py:3096} INFO - Sync 1 DAGs
[2026-03-19T03:06:35.336+0000] {logging_mixin.py:188} INFO - [2026-03-19T03:06:35.336+0000] {dag.py:3954} INFO - Setting next_dagrun for example_dynamic_task_mapping to 2022-03-04 00:00:00+00:00, run_after=2022-03-05 00:00:00+00:00
[2026-03-19T03:06:35.349+0000] {processor.py:183} INFO - Processing /home/airflow/.local/lib/python3.12/site-packages/airflow/example_dags/example_dynamic_task_mapping.py took 0.067 seconds
[2026-03-19T03:15:41.544+0000] {processor.py:161} INFO - Started process (PID=36151) to work on /home/airflow/.local/lib/python3.12/site-packages/airflow/example_dags/example_dynamic_task_mapping.py
[2026-03-19T03:15:41.545+0000] {processor.py:830} INFO - Processing file /home/airflow/.local/lib/python3.12/site-packages/airflow/example_dags/example_dynamic_task_mapping.py for tasks to queue
[2026-03-19T03:15:41.546+0000] {logging_mixin.py:188} INFO - [2026-03-19T03:15:41.545+0000] {dagbag.py:545} INFO - Filling up the DagBag from /home/airflow/.local/lib/python3.12/site-packages/airflow/example_dags/example_dynamic_task_mapping.py
[2026-03-19T03:15:41.553+0000] {processor.py:840} INFO - DAG(s) 'example_dynamic_task_mapping' retrieved from /home/airflow/.local/lib/python3.12/site-packages/airflow/example_dags/example_dynamic_task_mapping.py
[2026-03-19T03:15:41.567+0000] {logging_mixin.py:188} INFO - [2026-03-19T03:15:41.567+0000] {dag.py:3096} INFO - Sync 1 DAGs
[2026-03-19T03:15:41.586+0000] {logging_mixin.py:188} INFO - [2026-03-19T03:15:41.586+0000] {dag.py:3954} INFO - Setting next_dagrun for example_dynamic_task_mapping to 2022-03-04 00:00:00+00:00, run_after=2022-03-05 00:00:00+00:00
[2026-03-19T03:15:41.599+0000] {processor.py:183} INFO - Processing /home/airflow/.local/lib/python3.12/site-packages/airflow/example_dags/example_dynamic_task_mapping.py took 0.061 seconds
[2026-03-19T03:31:58.750+0000] {processor.py:161} INFO - Started process (PID=36210) to work on /home/airflow/.local/lib/python3.12/site-packages/airflow/example_dags/example_dynamic_task_mapping.py
[2026-03-19T03:31:58.754+0000] {processor.py:830} INFO - Processing file /home/airflow/.local/lib/python3.12/site-packages/airflow/example_dags/example_dynamic_task_mapping.py for tasks to queue
[2026-03-19T03:31:58.769+0000] {logging_mixin.py:188} INFO - [2026-03-19T03:31:58.758+0000] {dagbag.py:545} INFO - Filling up the DagBag from /home/airflow/.local/lib/python3.12/site-packages/airflow/example_dags/example_dynamic_task_mapping.py
[2026-03-19T03:31:58.859+0000] {processor.py:840} INFO - DAG(s) 'example_dynamic_task_mapping' retrieved from /home/airflow/.local/lib/python3.12/site-packages/airflow/example_dags/example_dynamic_task_mapping.py
[2026-03-19T03:31:59.096+0000] {logging_mixin.py:188} INFO - [2026-03-19T03:31:59.094+0000] {dag.py:3096} INFO - Sync 1 DAGs
[2026-03-19T03:31:59.197+0000] {logging_mixin.py:188} INFO - [2026-03-19T03:31:59.197+0000] {dag.py:3954} INFO - Setting next_dagrun for example_dynamic_task_mapping to 2022-03-04 00:00:00+00:00, run_after=2022-03-05 00:00:00+00:00
[2026-03-19T03:31:59.243+0000] {processor.py:183} INFO - Processing /home/airflow/.local/lib/python3.12/site-packages/airflow/example_dags/example_dynamic_task_mapping.py took 0.516 seconds
[2026-03-19T04:16:40.654+0000] {processor.py:161} INFO - Started process (PID=36277) to work on /home/airflow/.local/lib/python3.12/site-packages/airflow/example_dags/example_dynamic_task_mapping.py
[2026-03-19T04:16:40.658+0000] {processor.py:830} INFO - Processing file /home/airflow/.local/lib/python3.12/site-packages/airflow/example_dags/example_dynamic_task_mapping.py for tasks to queue
[2026-03-19T04:16:40.660+0000] {logging_mixin.py:188} INFO - [2026-03-19T04:16:40.660+0000] {dagbag.py:545} INFO - Filling up the DagBag from /home/airflow/.local/lib/python3.12/site-packages/airflow/example_dags/example_dynamic_task_mapping.py
[2026-03-19T04:16:40.686+0000] {processor.py:840} INFO - DAG(s) 'example_dynamic_task_mapping' retrieved from /home/airflow/.local/lib/python3.12/site-packages/airflow/example_dags/example_dynamic_task_mapping.py
[2026-03-19T04:16:40.734+0000] {logging_mixin.py:188} INFO - [2026-03-19T04:16:40.734+0000] {dag.py:3096} INFO - Sync 1 DAGs
[2026-03-19T04:16:40.776+0000] {logging_mixin.py:188} INFO - [2026-03-19T04:16:40.775+0000] {dag.py:3954} INFO - Setting next_dagrun for example_dynamic_task_mapping to 2022-03-04 00:00:00+00:00, run_after=2022-03-05 00:00:00+00:00
[2026-03-19T04:16:40.817+0000] {processor.py:183} INFO - Processing /home/airflow/.local/lib/python3.12/site-packages/airflow/example_dags/example_dynamic_task_mapping.py took 0.174 seconds
[2026-03-19T04:17:12.808+0000] {processor.py:161} INFO - Started process (PID=36344) to work on /home/airflow/.local/lib/python3.12/site-packages/airflow/example_dags/example_dynamic_task_mapping.py
[2026-03-19T04:17:12.809+0000] {processor.py:830} INFO - Processing file /home/airflow/.local/lib/python3.12/site-packages/airflow/example_dags/example_dynamic_task_mapping.py for tasks to queue
[2026-03-19T04:17:12.812+0000] {logging_mixin.py:188} INFO - [2026-03-19T04:17:12.812+0000] {dagbag.py:545} INFO - Filling up the DagBag from /home/airflow/.local/lib/python3.12/site-packages/airflow/example_dags/example_dynamic_task_mapping.py
[2026-03-19T04:17:12.826+0000] {processor.py:840} INFO - DAG(s) 'example_dynamic_task_mapping' retrieved from /home/airflow/.local/lib/python3.12/site-packages/airflow/example_dags/example_dynamic_task_mapping.py
[2026-03-19T04:17:12.877+0000] {logging_mixin.py:188} INFO - [2026-03-19T04:17:12.877+0000] {dag.py:3096} INFO - Sync 1 DAGs
[2026-03-19T04:17:12.941+0000] {logging_mixin.py:188} INFO - [2026-03-19T04:17:12.941+0000] {dag.py:3954} INFO - Setting next_dagrun for example_dynamic_task_mapping to 2022-03-04 00:00:00+00:00, run_after=2022-03-05 00:00:00+00:00
[2026-03-19T04:17:12.966+0000] {processor.py:183} INFO - Processing /home/airflow/.local/lib/python3.12/site-packages/airflow/example_dags/example_dynamic_task_mapping.py took 0.182 seconds
[2026-03-19T05:17:36.270+0000] {processor.py:161} INFO - Started process (PID=36403) to work on /home/airflow/.local/lib/python3.12/site-packages/airflow/example_dags/example_dynamic_task_mapping.py
[2026-03-19T05:17:36.271+0000] {processor.py:830} INFO - Processing file /home/airflow/.local/lib/python3.12/site-packages/airflow/example_dags/example_dynamic_task_mapping.py for tasks to queue
[2026-03-19T05:17:36.271+0000] {logging_mixin.py:188} INFO - [2026-03-19T05:17:36.271+0000] {dagbag.py:545} INFO - Filling up the DagBag from /home/airflow/.local/lib/python3.12/site-packages/airflow/example_dags/example_dynamic_task_mapping.py
[2026-03-19T05:17:36.276+0000] {processor.py:840} INFO - DAG(s) 'example_dynamic_task_mapping' retrieved from /home/airflow/.local/lib/python3.12/site-packages/airflow/example_dags/example_dynamic_task_mapping.py
[2026-03-19T05:17:36.293+0000] {logging_mixin.py:188} INFO - [2026-03-19T05:17:36.292+0000] {dag.py:3096} INFO - Sync 1 DAGs
[2026-03-19T05:17:36.307+0000] {logging_mixin.py:188} INFO - [2026-03-19T05:17:36.306+0000] {dag.py:3954} INFO - Setting next_dagrun for example_dynamic_task_mapping to 2022-03-04 00:00:00+00:00, run_after=2022-03-05 00:00:00+00:00
[2026-03-19T05:17:36.327+0000] {processor.py:183} INFO - Processing /home/airflow/.local/lib/python3.12/site-packages/airflow/example_dags/example_dynamic_task_mapping.py took 0.061 seconds
[2026-03-19T05:18:07.052+0000] {processor.py:161} INFO - Started process (PID=36462) to work on /home/airflow/.local/lib/python3.12/site-packages/airflow/example_dags/example_dynamic_task_mapping.py
[2026-03-19T05:18:07.053+0000] {processor.py:830} INFO - Processing file /home/airflow/.local/lib/python3.12/site-packages/airflow/example_dags/example_dynamic_task_mapping.py for tasks to queue
[2026-03-19T05:18:07.054+0000] {logging_mixin.py:188} INFO - [2026-03-19T05:18:07.054+0000] {dagbag.py:545} INFO - Filling up the DagBag from /home/airflow/.local/lib/python3.12/site-packages/airflow/example_dags/example_dynamic_task_mapping.py
[2026-03-19T05:18:07.059+0000] {processor.py:840} INFO - DAG(s) 'example_dynamic_task_mapping' retrieved from /home/airflow/.local/lib/python3.12/site-packages/airflow/example_dags/example_dynamic_task_mapping.py
[2026-03-19T05:18:07.071+0000] {logging_mixin.py:188} INFO - [2026-03-19T05:18:07.071+0000] {dag.py:3096} INFO - Sync 1 DAGs
[2026-03-19T05:18:07.084+0000] {logging_mixin.py:188} INFO - [2026-03-19T05:18:07.084+0000] {dag.py:3954} INFO - Setting next_dagrun for example_dynamic_task_mapping to 2022-03-04 00:00:00+00:00, run_after=2022-03-05 00:00:00+00:00
[2026-03-19T05:18:07.096+0000] {processor.py:183} INFO - Processing /home/airflow/.local/lib/python3.12/site-packages/airflow/example_dags/example_dynamic_task_mapping.py took 0.050 seconds
[2026-03-19T06:18:32.675+0000] {processor.py:161} INFO - Started process (PID=36521) to work on /home/airflow/.local/lib/python3.12/site-packages/airflow/example_dags/example_dynamic_task_mapping.py
[2026-03-19T06:18:32.679+0000] {processor.py:830} INFO - Processing file /home/airflow/.local/lib/python3.12/site-packages/airflow/example_dags/example_dynamic_task_mapping.py for tasks to queue
[2026-03-19T06:18:32.683+0000] {logging_mixin.py:188} INFO - [2026-03-19T06:18:32.682+0000] {dagbag.py:545} INFO - Filling up the DagBag from /home/airflow/.local/lib/python3.12/site-packages/airflow/example_dags/example_dynamic_task_mapping.py
[2026-03-19T06:18:32.740+0000] {processor.py:840} INFO - DAG(s) 'example_dynamic_task_mapping' retrieved from /home/airflow/.local/lib/python3.12/site-packages/airflow/example_dags/example_dynamic_task_mapping.py
[2026-03-19T06:18:32.823+0000] {logging_mixin.py:188} INFO - [2026-03-19T06:18:32.821+0000] {dag.py:3096} INFO - Sync 1 DAGs
[2026-03-19T06:18:32.948+0000] {logging_mixin.py:188} INFO - [2026-03-19T06:18:32.947+0000] {dag.py:3954} INFO - Setting next_dagrun for example_dynamic_task_mapping to 2022-03-04 00:00:00+00:00, run_after=2022-03-05 00:00:00+00:00
[2026-03-19T06:18:33.062+0000] {processor.py:183} INFO - Processing /home/airflow/.local/lib/python3.12/site-packages/airflow/example_dags/example_dynamic_task_mapping.py took 0.417 seconds
[2026-03-19T06:19:03.524+0000] {processor.py:161} INFO - Started process (PID=36588) to work on /home/airflow/.local/lib/python3.12/site-packages/airflow/example_dags/example_dynamic_task_mapping.py
[2026-03-19T06:19:03.525+0000] {processor.py:830} INFO - Processing file /home/airflow/.local/lib/python3.12/site-packages/airflow/example_dags/example_dynamic_task_mapping.py for tasks to queue
[2026-03-19T06:19:03.527+0000] {logging_mixin.py:188} INFO - [2026-03-19T06:19:03.527+0000] {dagbag.py:545} INFO - Filling up the DagBag from /home/airflow/.local/lib/python3.12/site-packages/airflow/example_dags/example_dynamic_task_mapping.py
[2026-03-19T06:19:03.532+0000] {processor.py:840} INFO - DAG(s) 'example_dynamic_task_mapping' retrieved from /home/airflow/.local/lib/python3.12/site-packages/airflow/example_dags/example_dynamic_task_mapping.py
[2026-03-19T06:19:03.552+0000] {logging_mixin.py:188} INFO - [2026-03-19T06:19:03.552+0000] {dag.py:3096} INFO - Sync 1 DAGs
[2026-03-19T06:19:03.572+0000] {logging_mixin.py:188} INFO - [2026-03-19T06:19:03.572+0000] {dag.py:3954} INFO - Setting next_dagrun for example_dynamic_task_mapping to 2022-03-04 00:00:00+00:00, run_after=2022-03-05 00:00:00+00:00
[2026-03-19T06:19:03.582+0000] {processor.py:183} INFO - Processing /home/airflow/.local/lib/python3.12/site-packages/airflow/example_dags/example_dynamic_task_mapping.py took 0.063 seconds
[2026-03-19T07:19:31.582+0000] {processor.py:161} INFO - Started process (PID=36647) to work on /home/airflow/.local/lib/python3.12/site-packages/airflow/example_dags/example_dynamic_task_mapping.py
[2026-03-19T07:19:31.589+0000] {processor.py:830} INFO - Processing file /home/airflow/.local/lib/python3.12/site-packages/airflow/example_dags/example_dynamic_task_mapping.py for tasks to queue
[2026-03-19T07:19:31.595+0000] {logging_mixin.py:188} INFO - [2026-03-19T07:19:31.594+0000] {dagbag.py:545} INFO - Filling up the DagBag from /home/airflow/.local/lib/python3.12/site-packages/airflow/example_dags/example_dynamic_task_mapping.py
[2026-03-19T07:19:31.625+0000] {processor.py:840} INFO - DAG(s) 'example_dynamic_task_mapping' retrieved from /home/airflow/.local/lib/python3.12/site-packages/airflow/example_dags/example_dynamic_task_mapping.py
[2026-03-19T07:19:31.740+0000] {logging_mixin.py:188} INFO - [2026-03-19T07:19:31.739+0000] {dag.py:3096} INFO - Sync 1 DAGs
[2026-03-19T07:19:31.809+0000] {logging_mixin.py:188} INFO - [2026-03-19T07:19:31.809+0000] {dag.py:3954} INFO - Setting next_dagrun for example_dynamic_task_mapping to 2022-03-04 00:00:00+00:00, run_after=2022-03-05 00:00:00+00:00
[2026-03-19T07:19:31.855+0000] {processor.py:183} INFO - Processing /home/airflow/.local/lib/python3.12/site-packages/airflow/example_dags/example_dynamic_task_mapping.py took 0.311 seconds
[2026-03-19T07:20:02.751+0000] {processor.py:161} INFO - Started process (PID=36715) to work on /home/airflow/.local/lib/python3.12/site-packages/airflow/example_dags/example_dynamic_task_mapping.py
[2026-03-19T07:20:02.752+0000] {processor.py:830} INFO - Processing file /home/airflow/.local/lib/python3.12/site-packages/airflow/example_dags/example_dynamic_task_mapping.py for tasks to queue
[2026-03-19T07:20:02.754+0000] {logging_mixin.py:188} INFO - [2026-03-19T07:20:02.753+0000] {dagbag.py:545} INFO - Filling up the DagBag from /home/airflow/.local/lib/python3.12/site-packages/airflow/example_dags/example_dynamic_task_mapping.py
[2026-03-19T07:20:02.772+0000] {processor.py:840} INFO - DAG(s) 'example_dynamic_task_mapping' retrieved from /home/airflow/.local/lib/python3.12/site-packages/airflow/example_dags/example_dynamic_task_mapping.py
[2026-03-19T07:20:02.792+0000] {logging_mixin.py:188} INFO - [2026-03-19T07:20:02.792+0000] {dag.py:3096} INFO - Sync 1 DAGs
[2026-03-19T07:20:02.805+0000] {logging_mixin.py:188} INFO - [2026-03-19T07:20:02.805+0000] {dag.py:3954} INFO - Setting next_dagrun for example_dynamic_task_mapping to 2022-03-04 00:00:00+00:00, run_after=2022-03-05 00:00:00+00:00
[2026-03-19T07:20:02.814+0000] {processor.py:183} INFO - Processing /home/airflow/.local/lib/python3.12/site-packages/airflow/example_dags/example_dynamic_task_mapping.py took 0.076 seconds
[2026-03-19T07:37:28.986+0000] {processor.py:161} INFO - Started process (PID=36773) to work on /home/airflow/.local/lib/python3.12/site-packages/airflow/example_dags/example_dynamic_task_mapping.py
[2026-03-19T07:37:28.987+0000] {processor.py:830} INFO - Processing file /home/airflow/.local/lib/python3.12/site-packages/airflow/example_dags/example_dynamic_task_mapping.py for tasks to queue
[2026-03-19T07:37:28.988+0000] {logging_mixin.py:188} INFO - [2026-03-19T07:37:28.988+0000] {dagbag.py:545} INFO - Filling up the DagBag from /home/airflow/.local/lib/python3.12/site-packages/airflow/example_dags/example_dynamic_task_mapping.py
[2026-03-19T07:37:29.007+0000] {processor.py:840} INFO - DAG(s) 'example_dynamic_task_mapping' retrieved from /home/airflow/.local/lib/python3.12/site-packages/airflow/example_dags/example_dynamic_task_mapping.py
[2026-03-19T07:37:29.043+0000] {logging_mixin.py:188} INFO - [2026-03-19T07:37:29.043+0000] {dag.py:3096} INFO - Sync 1 DAGs
[2026-03-19T07:37:29.079+0000] {logging_mixin.py:188} INFO - [2026-03-19T07:37:29.079+0000] {dag.py:3954} INFO - Setting next_dagrun for example_dynamic_task_mapping to 2022-03-04 00:00:00+00:00, run_after=2022-03-05 00:00:00+00:00
[2026-03-19T07:37:29.103+0000] {processor.py:183} INFO - Processing /home/airflow/.local/lib/python3.12/site-packages/airflow/example_dags/example_dynamic_task_mapping.py took 0.129 seconds
[2026-03-19T07:37:59.518+0000] {processor.py:161} INFO - Started process (PID=36840) to work on /home/airflow/.local/lib/python3.12/site-packages/airflow/example_dags/example_dynamic_task_mapping.py
[2026-03-19T07:37:59.521+0000] {processor.py:830} INFO - Processing file /home/airflow/.local/lib/python3.12/site-packages/airflow/example_dags/example_dynamic_task_mapping.py for tasks to queue
[2026-03-19T07:37:59.522+0000] {logging_mixin.py:188} INFO - [2026-03-19T07:37:59.522+0000] {dagbag.py:545} INFO - Filling up the DagBag from /home/airflow/.local/lib/python3.12/site-packages/airflow/example_dags/example_dynamic_task_mapping.py
[2026-03-19T07:37:59.528+0000] {processor.py:840} INFO - DAG(s) 'example_dynamic_task_mapping' retrieved from /home/airflow/.local/lib/python3.12/site-packages/airflow/example_dags/example_dynamic_task_mapping.py
[2026-03-19T07:37:59.546+0000] {logging_mixin.py:188} INFO - [2026-03-19T07:37:59.546+0000] {dag.py:3096} INFO - Sync 1 DAGs
[2026-03-19T07:37:59.563+0000] {logging_mixin.py:188} INFO - [2026-03-19T07:37:59.562+0000] {dag.py:3954} INFO - Setting next_dagrun for example_dynamic_task_mapping to 2022-03-04 00:00:00+00:00, run_after=2022-03-05 00:00:00+00:00
[2026-03-19T07:37:59.577+0000] {processor.py:183} INFO - Processing /home/airflow/.local/lib/python3.12/site-packages/airflow/example_dags/example_dynamic_task_mapping.py took 0.062 seconds
[2026-03-19T07:48:55.637+0000] {processor.py:161} INFO - Started process (PID=36899) to work on /home/airflow/.local/lib/python3.12/site-packages/airflow/example_dags/example_dynamic_task_mapping.py
[2026-03-19T07:48:55.638+0000] {processor.py:830} INFO - Processing file /home/airflow/.local/lib/python3.12/site-packages/airflow/example_dags/example_dynamic_task_mapping.py for tasks to queue
[2026-03-19T07:48:55.640+0000] {logging_mixin.py:188} INFO - [2026-03-19T07:48:55.640+0000] {dagbag.py:545} INFO - Filling up the DagBag from /home/airflow/.local/lib/python3.12/site-packages/airflow/example_dags/example_dynamic_task_mapping.py
[2026-03-19T07:48:55.645+0000] {processor.py:840} INFO - DAG(s) 'example_dynamic_task_mapping' retrieved from /home/airflow/.local/lib/python3.12/site-packages/airflow/example_dags/example_dynamic_task_mapping.py
[2026-03-19T07:48:55.659+0000] {logging_mixin.py:188} INFO - [2026-03-19T07:48:55.659+0000] {dag.py:3096} INFO - Sync 1 DAGs
[2026-03-19T07:48:55.672+0000] {logging_mixin.py:188} INFO - [2026-03-19T07:48:55.672+0000] {dag.py:3954} INFO - Setting next_dagrun for example_dynamic_task_mapping to 2022-03-04 00:00:00+00:00, run_after=2022-03-05 00:00:00+00:00
[2026-03-19T07:48:55.680+0000] {processor.py:183} INFO - Processing /home/airflow/.local/lib/python3.12/site-packages/airflow/example_dags/example_dynamic_task_mapping.py took 0.046 seconds
[2026-03-19T07:49:27.190+0000] {processor.py:161} INFO - Started process (PID=36958) to work on /home/airflow/.local/lib/python3.12/site-packages/airflow/example_dags/example_dynamic_task_mapping.py
[2026-03-19T07:49:27.194+0000] {processor.py:830} INFO - Processing file /home/airflow/.local/lib/python3.12/site-packages/airflow/example_dags/example_dynamic_task_mapping.py for tasks to queue
[2026-03-19T07:49:27.195+0000] {logging_mixin.py:188} INFO - [2026-03-19T07:49:27.195+0000] {dagbag.py:545} INFO - Filling up the DagBag from /home/airflow/.local/lib/python3.12/site-packages/airflow/example_dags/example_dynamic_task_mapping.py
[2026-03-19T07:49:27.204+0000] {processor.py:840} INFO - DAG(s) 'example_dynamic_task_mapping' retrieved from /home/airflow/.local/lib/python3.12/site-packages/airflow/example_dags/example_dynamic_task_mapping.py
[2026-03-19T07:49:27.229+0000] {logging_mixin.py:188} INFO - [2026-03-19T07:49:27.229+0000] {dag.py:3096} INFO - Sync 1 DAGs
[2026-03-19T07:49:27.262+0000] {logging_mixin.py:188} INFO - [2026-03-19T07:49:27.262+0000] {dag.py:3954} INFO - Setting next_dagrun for example_dynamic_task_mapping to 2022-03-04 00:00:00+00:00, run_after=2022-03-05 00:00:00+00:00
[2026-03-19T07:49:27.287+0000] {processor.py:183} INFO - Processing /home/airflow/.local/lib/python3.12/site-packages/airflow/example_dags/example_dynamic_task_mapping.py took 0.109 seconds
[2026-03-19T07:49:57.733+0000] {processor.py:161} INFO - Started process (PID=37017) to work on /home/airflow/.local/lib/python3.12/site-packages/airflow/example_dags/example_dynamic_task_mapping.py
[2026-03-19T07:49:57.734+0000] {processor.py:830} INFO - Processing file /home/airflow/.local/lib/python3.12/site-packages/airflow/example_dags/example_dynamic_task_mapping.py for tasks to queue
[2026-03-19T07:49:57.734+0000] {logging_mixin.py:188} INFO - [2026-03-19T07:49:57.734+0000] {dagbag.py:545} INFO - Filling up the DagBag from /home/airflow/.local/lib/python3.12/site-packages/airflow/example_dags/example_dynamic_task_mapping.py
[2026-03-19T07:49:57.738+0000] {processor.py:840} INFO - DAG(s) 'example_dynamic_task_mapping' retrieved from /home/airflow/.local/lib/python3.12/site-packages/airflow/example_dags/example_dynamic_task_mapping.py
[2026-03-19T07:49:57.748+0000] {logging_mixin.py:188} INFO - [2026-03-19T07:49:57.748+0000] {dag.py:3096} INFO - Sync 1 DAGs
[2026-03-19T07:49:57.758+0000] {logging_mixin.py:188} INFO - [2026-03-19T07:49:57.758+0000] {dag.py:3954} INFO - Setting next_dagrun for example_dynamic_task_mapping to 2022-03-04 00:00:00+00:00, run_after=2022-03-05 00:00:00+00:00
[2026-03-19T07:49:57.765+0000] {processor.py:183} INFO - Processing /home/airflow/.local/lib/python3.12/site-packages/airflow/example_dags/example_dynamic_task_mapping.py took 0.035 seconds
[2026-03-19T07:50:28.258+0000] {processor.py:161} INFO - Started process (PID=37076) to work on /home/airflow/.local/lib/python3.12/site-packages/airflow/example_dags/example_dynamic_task_mapping.py
[2026-03-19T07:50:28.260+0000] {processor.py:830} INFO - Processing file /home/airflow/.local/lib/python3.12/site-packages/airflow/example_dags/example_dynamic_task_mapping.py for tasks to queue
[2026-03-19T07:50:28.261+0000] {logging_mixin.py:188} INFO - [2026-03-19T07:50:28.261+0000] {dagbag.py:545} INFO - Filling up the DagBag from /home/airflow/.local/lib/python3.12/site-packages/airflow/example_dags/example_dynamic_task_mapping.py
[2026-03-19T07:50:28.266+0000] {processor.py:840} INFO - DAG(s) 'example_dynamic_task_mapping' retrieved from /home/airflow/.local/lib/python3.12/site-packages/airflow/example_dags/example_dynamic_task_mapping.py
[2026-03-19T07:50:28.282+0000] {logging_mixin.py:188} INFO - [2026-03-19T07:50:28.281+0000] {dag.py:3096} INFO - Sync 1 DAGs
[2026-03-19T07:50:28.305+0000] {logging_mixin.py:188} INFO - [2026-03-19T07:50:28.305+0000] {dag.py:3954} INFO - Setting next_dagrun for example_dynamic_task_mapping to 2022-03-04 00:00:00+00:00, run_after=2022-03-05 00:00:00+00:00
[2026-03-19T07:50:28.318+0000] {processor.py:183} INFO - Processing /home/airflow/.local/lib/python3.12/site-packages/airflow/example_dags/example_dynamic_task_mapping.py took 0.064 seconds
[2026-03-19T07:50:58.816+0000] {processor.py:161} INFO - Started process (PID=37135) to work on /home/airflow/.local/lib/python3.12/site-packages/airflow/example_dags/example_dynamic_task_mapping.py
[2026-03-19T07:50:58.818+0000] {processor.py:830} INFO - Processing file /home/airflow/.local/lib/python3.12/site-packages/airflow/example_dags/example_dynamic_task_mapping.py for tasks to queue
[2026-03-19T07:50:58.819+0000] {logging_mixin.py:188} INFO - [2026-03-19T07:50:58.819+0000] {dagbag.py:545} INFO - Filling up the DagBag from /home/airflow/.local/lib/python3.12/site-packages/airflow/example_dags/example_dynamic_task_mapping.py
[2026-03-19T07:50:58.828+0000] {processor.py:840} INFO - DAG(s) 'example_dynamic_task_mapping' retrieved from /home/airflow/.local/lib/python3.12/site-packages/airflow/example_dags/example_dynamic_task_mapping.py
[2026-03-19T07:50:58.854+0000] {logging_mixin.py:188} INFO - [2026-03-19T07:50:58.854+0000] {dag.py:3096} INFO - Sync 1 DAGs
[2026-03-19T07:50:58.869+0000] {logging_mixin.py:188} INFO - [2026-03-19T07:50:58.869+0000] {dag.py:3954} INFO - Setting next_dagrun for example_dynamic_task_mapping to 2022-03-04 00:00:00+00:00, run_after=2022-03-05 00:00:00+00:00
[2026-03-19T07:50:58.883+0000] {processor.py:183} INFO - Processing /home/airflow/.local/lib/python3.12/site-packages/airflow/example_dags/example_dynamic_task_mapping.py took 0.070 seconds
[2026-03-19T07:51:29.448+0000] {processor.py:161} INFO - Started process (PID=37194) to work on /home/airflow/.local/lib/python3.12/site-packages/airflow/example_dags/example_dynamic_task_mapping.py
[2026-03-19T07:51:29.449+0000] {processor.py:830} INFO - Processing file /home/airflow/.local/lib/python3.12/site-packages/airflow/example_dags/example_dynamic_task_mapping.py for tasks to queue
[2026-03-19T07:51:29.450+0000] {logging_mixin.py:188} INFO - [2026-03-19T07:51:29.450+0000] {dagbag.py:545} INFO - Filling up the DagBag from /home/airflow/.local/lib/python3.12/site-packages/airflow/example_dags/example_dynamic_task_mapping.py
[2026-03-19T07:51:29.456+0000] {processor.py:840} INFO - DAG(s) 'example_dynamic_task_mapping' retrieved from /home/airflow/.local/lib/python3.12/site-packages/airflow/example_dags/example_dynamic_task_mapping.py
[2026-03-19T07:51:29.476+0000] {logging_mixin.py:188} INFO - [2026-03-19T07:51:29.476+0000] {dag.py:3096} INFO - Sync 1 DAGs
[2026-03-19T07:51:29.495+0000] {logging_mixin.py:188} INFO - [2026-03-19T07:51:29.495+0000] {dag.py:3954} INFO - Setting next_dagrun for example_dynamic_task_mapping to 2022-03-04 00:00:00+00:00, run_after=2022-03-05 00:00:00+00:00
[2026-03-19T07:51:29.522+0000] {processor.py:183} INFO - Processing /home/airflow/.local/lib/python3.12/site-packages/airflow/example_dags/example_dynamic_task_mapping.py took 0.083 seconds
[2026-03-19T07:52:00.121+0000] {processor.py:161} INFO - Started process (PID=37253) to work on /home/airflow/.local/lib/python3.12/site-packages/airflow/example_dags/example_dynamic_task_mapping.py
[2026-03-19T07:52:00.122+0000] {processor.py:830} INFO - Processing file /home/airflow/.local/lib/python3.12/site-packages/airflow/example_dags/example_dynamic_task_mapping.py for tasks to queue
[2026-03-19T07:52:00.123+0000] {logging_mixin.py:188} INFO - [2026-03-19T07:52:00.123+0000] {dagbag.py:545} INFO - Filling up the DagBag from /home/airflow/.local/lib/python3.12/site-packages/airflow/example_dags/example_dynamic_task_mapping.py
[2026-03-19T07:52:00.128+0000] {processor.py:840} INFO - DAG(s) 'example_dynamic_task_mapping' retrieved from /home/airflow/.local/lib/python3.12/site-packages/airflow/example_dags/example_dynamic_task_mapping.py
[2026-03-19T07:52:00.145+0000] {logging_mixin.py:188} INFO - [2026-03-19T07:52:00.145+0000] {dag.py:3096} INFO - Sync 1 DAGs
[2026-03-19T07:52:00.159+0000] {logging_mixin.py:188} INFO - [2026-03-19T07:52:00.159+0000] {dag.py:3954} INFO - Setting next_dagrun for example_dynamic_task_mapping to 2022-03-04 00:00:00+00:00, run_after=2022-03-05 00:00:00+00:00
[2026-03-19T07:52:00.172+0000] {processor.py:183} INFO - Processing /home/airflow/.local/lib/python3.12/site-packages/airflow/example_dags/example_dynamic_task_mapping.py took 0.056 seconds
[2026-03-19T07:52:30.706+0000] {processor.py:161} INFO - Started process (PID=37312) to work on /home/airflow/.local/lib/python3.12/site-packages/airflow/example_dags/example_dynamic_task_mapping.py
[2026-03-19T07:52:30.707+0000] {processor.py:830} INFO - Processing file /home/airflow/.local/lib/python3.12/site-packages/airflow/example_dags/example_dynamic_task_mapping.py for tasks to queue
[2026-03-19T07:52:30.709+0000] {logging_mixin.py:188} INFO - [2026-03-19T07:52:30.709+0000] {dagbag.py:545} INFO - Filling up the DagBag from /home/airflow/.local/lib/python3.12/site-packages/airflow/example_dags/example_dynamic_task_mapping.py
[2026-03-19T07:52:30.714+0000] {processor.py:840} INFO - DAG(s) 'example_dynamic_task_mapping' retrieved from /home/airflow/.local/lib/python3.12/site-packages/airflow/example_dags/example_dynamic_task_mapping.py
[2026-03-19T07:52:30.726+0000] {logging_mixin.py:188} INFO - [2026-03-19T07:52:30.726+0000] {dag.py:3096} INFO - Sync 1 DAGs
[2026-03-19T07:52:30.747+0000] {logging_mixin.py:188} INFO - [2026-03-19T07:52:30.747+0000] {dag.py:3954} INFO - Setting next_dagrun for example_dynamic_task_mapping to 2022-03-04 00:00:00+00:00, run_after=2022-03-05 00:00:00+00:00
[2026-03-19T07:52:30.758+0000] {processor.py:183} INFO - Processing /home/airflow/.local/lib/python3.12/site-packages/airflow/example_dags/example_dynamic_task_mapping.py took 0.060 seconds
[2026-03-19T07:53:01.425+0000] {processor.py:161} INFO - Started process (PID=37371) to work on /home/airflow/.local/lib/python3.12/site-packages/airflow/example_dags/example_dynamic_task_mapping.py
[2026-03-19T07:53:01.426+0000] {processor.py:830} INFO - Processing file /home/airflow/.local/lib/python3.12/site-packages/airflow/example_dags/example_dynamic_task_mapping.py for tasks to queue
[2026-03-19T07:53:01.427+0000] {logging_mixin.py:188} INFO - [2026-03-19T07:53:01.427+0000] {dagbag.py:545} INFO - Filling up the DagBag from /home/airflow/.local/lib/python3.12/site-packages/airflow/example_dags/example_dynamic_task_mapping.py
[2026-03-19T07:53:01.433+0000] {processor.py:840} INFO - DAG(s) 'example_dynamic_task_mapping' retrieved from /home/airflow/.local/lib/python3.12/site-packages/airflow/example_dags/example_dynamic_task_mapping.py
[2026-03-19T07:53:01.471+0000] {logging_mixin.py:188} INFO - [2026-03-19T07:53:01.470+0000] {dag.py:3096} INFO - Sync 1 DAGs
[2026-03-19T07:53:01.495+0000] {logging_mixin.py:188} INFO - [2026-03-19T07:53:01.495+0000] {dag.py:3954} INFO - Setting next_dagrun for example_dynamic_task_mapping to 2022-03-04 00:00:00+00:00, run_after=2022-03-05 00:00:00+00:00
[2026-03-19T07:53:01.516+0000] {processor.py:183} INFO - Processing /home/airflow/.local/lib/python3.12/site-packages/airflow/example_dags/example_dynamic_task_mapping.py took 0.096 seconds
[2026-03-19T07:53:31.954+0000] {processor.py:161} INFO - Started process (PID=37430) to work on /home/airflow/.local/lib/python3.12/site-packages/airflow/example_dags/example_dynamic_task_mapping.py
[2026-03-19T07:53:31.956+0000] {processor.py:830} INFO - Processing file /home/airflow/.local/lib/python3.12/site-packages/airflow/example_dags/example_dynamic_task_mapping.py for tasks to queue
[2026-03-19T07:53:31.957+0000] {logging_mixin.py:188} INFO - [2026-03-19T07:53:31.956+0000] {dagbag.py:545} INFO - Filling up the DagBag from /home/airflow/.local/lib/python3.12/site-packages/airflow/example_dags/example_dynamic_task_mapping.py
[2026-03-19T07:53:31.961+0000] {processor.py:840} INFO - DAG(s) 'example_dynamic_task_mapping' retrieved from /home/airflow/.local/lib/python3.12/site-packages/airflow/example_dags/example_dynamic_task_mapping.py
[2026-03-19T07:53:31.979+0000] {logging_mixin.py:188} INFO - [2026-03-19T07:53:31.979+0000] {dag.py:3096} INFO - Sync 1 DAGs
[2026-03-19T07:53:31.994+0000] {logging_mixin.py:188} INFO - [2026-03-19T07:53:31.994+0000] {dag.py:3954} INFO - Setting next_dagrun for example_dynamic_task_mapping to 2022-03-04 00:00:00+00:00, run_after=2022-03-05 00:00:00+00:00
[2026-03-19T07:53:32.007+0000] {processor.py:183} INFO - Processing /home/airflow/.local/lib/python3.12/site-packages/airflow/example_dags/example_dynamic_task_mapping.py took 0.057 seconds
[2026-03-19T07:54:02.341+0000] {processor.py:161} INFO - Started process (PID=37489) to work on /home/airflow/.local/lib/python3.12/site-packages/airflow/example_dags/example_dynamic_task_mapping.py
[2026-03-19T07:54:02.342+0000] {processor.py:830} INFO - Processing file /home/airflow/.local/lib/python3.12/site-packages/airflow/example_dags/example_dynamic_task_mapping.py for tasks to queue
[2026-03-19T07:54:02.343+0000] {logging_mixin.py:188} INFO - [2026-03-19T07:54:02.343+0000] {dagbag.py:545} INFO - Filling up the DagBag from /home/airflow/.local/lib/python3.12/site-packages/airflow/example_dags/example_dynamic_task_mapping.py
[2026-03-19T07:54:02.347+0000] {processor.py:840} INFO - DAG(s) 'example_dynamic_task_mapping' retrieved from /home/airflow/.local/lib/python3.12/site-packages/airflow/example_dags/example_dynamic_task_mapping.py
[2026-03-19T07:54:02.360+0000] {logging_mixin.py:188} INFO - [2026-03-19T07:54:02.360+0000] {dag.py:3096} INFO - Sync 1 DAGs
[2026-03-19T07:54:02.372+0000] {logging_mixin.py:188} INFO - [2026-03-19T07:54:02.372+0000] {dag.py:3954} INFO - Setting next_dagrun for example_dynamic_task_mapping to 2022-03-04 00:00:00+00:00, run_after=2022-03-05 00:00:00+00:00
[2026-03-19T07:54:02.383+0000] {processor.py:183} INFO - Processing /home/airflow/.local/lib/python3.12/site-packages/airflow/example_dags/example_dynamic_task_mapping.py took 0.045 seconds
[2026-03-19T07:54:32.630+0000] {processor.py:161} INFO - Started process (PID=37548) to work on /home/airflow/.local/lib/python3.12/site-packages/airflow/example_dags/example_dynamic_task_mapping.py
[2026-03-19T07:54:32.632+0000] {processor.py:830} INFO - Processing file /home/airflow/.local/lib/python3.12/site-packages/airflow/example_dags/example_dynamic_task_mapping.py for tasks to queue
[2026-03-19T07:54:32.634+0000] {logging_mixin.py:188} INFO - [2026-03-19T07:54:32.633+0000] {dagbag.py:545} INFO - Filling up the DagBag from /home/airflow/.local/lib/python3.12/site-packages/airflow/example_dags/example_dynamic_task_mapping.py
[2026-03-19T07:54:32.639+0000] {processor.py:840} INFO - DAG(s) 'example_dynamic_task_mapping' retrieved from /home/airflow/.local/lib/python3.12/site-packages/airflow/example_dags/example_dynamic_task_mapping.py
[2026-03-19T07:54:32.656+0000] {logging_mixin.py:188} INFO - [2026-03-19T07:54:32.656+0000] {dag.py:3096} INFO - Sync 1 DAGs
[2026-03-19T07:54:32.670+0000] {logging_mixin.py:188} INFO - [2026-03-19T07:54:32.670+0000] {dag.py:3954} INFO - Setting next_dagrun for example_dynamic_task_mapping to 2022-03-04 00:00:00+00:00, run_after=2022-03-05 00:00:00+00:00
[2026-03-19T07:54:32.684+0000] {processor.py:183} INFO - Processing /home/airflow/.local/lib/python3.12/site-packages/airflow/example_dags/example_dynamic_task_mapping.py took 0.059 seconds
[2026-03-19T07:55:03.024+0000] {processor.py:161} INFO - Started process (PID=37607) to work on /home/airflow/.local/lib/python3.12/site-packages/airflow/example_dags/example_dynamic_task_mapping.py
[2026-03-19T07:55:03.025+0000] {processor.py:830} INFO - Processing file /home/airflow/.local/lib/python3.12/site-packages/airflow/example_dags/example_dynamic_task_mapping.py for tasks to queue
[2026-03-19T07:55:03.025+0000] {logging_mixin.py:188} INFO - [2026-03-19T07:55:03.025+0000] {dagbag.py:545} INFO - Filling up the DagBag from /home/airflow/.local/lib/python3.12/site-packages/airflow/example_dags/example_dynamic_task_mapping.py
[2026-03-19T07:55:03.030+0000] {processor.py:840} INFO - DAG(s) 'example_dynamic_task_mapping' retrieved from /home/airflow/.local/lib/python3.12/site-packages/airflow/example_dags/example_dynamic_task_mapping.py
[2026-03-19T07:55:03.040+0000] {logging_mixin.py:188} INFO - [2026-03-19T07:55:03.040+0000] {dag.py:3096} INFO - Sync 1 DAGs
[2026-03-19T07:55:03.056+0000] {logging_mixin.py:188} INFO - [2026-03-19T07:55:03.056+0000] {dag.py:3954} INFO - Setting next_dagrun for example_dynamic_task_mapping to 2022-03-04 00:00:00+00:00, run_after=2022-03-05 00:00:00+00:00
[2026-03-19T07:55:03.066+0000] {processor.py:183} INFO - Processing /home/airflow/.local/lib/python3.12/site-packages/airflow/example_dags/example_dynamic_task_mapping.py took 0.045 seconds
[2026-03-19T07:55:33.699+0000] {processor.py:161} INFO - Started process (PID=37666) to work on /home/airflow/.local/lib/python3.12/site-packages/airflow/example_dags/example_dynamic_task_mapping.py
[2026-03-19T07:55:33.700+0000] {processor.py:830} INFO - Processing file /home/airflow/.local/lib/python3.12/site-packages/airflow/example_dags/example_dynamic_task_mapping.py for tasks to queue
[2026-03-19T07:55:33.700+0000] {logging_mixin.py:188} INFO - [2026-03-19T07:55:33.700+0000] {dagbag.py:545} INFO - Filling up the DagBag from /home/airflow/.local/lib/python3.12/site-packages/airflow/example_dags/example_dynamic_task_mapping.py
[2026-03-19T07:55:33.704+0000] {processor.py:840} INFO - DAG(s) 'example_dynamic_task_mapping' retrieved from /home/airflow/.local/lib/python3.12/site-packages/airflow/example_dags/example_dynamic_task_mapping.py
[2026-03-19T07:55:33.723+0000] {logging_mixin.py:188} INFO - [2026-03-19T07:55:33.722+0000] {dag.py:3096} INFO - Sync 1 DAGs
[2026-03-19T07:55:33.733+0000] {logging_mixin.py:188} INFO - [2026-03-19T07:55:33.732+0000] {dag.py:3954} INFO - Setting next_dagrun for example_dynamic_task_mapping to 2022-03-04 00:00:00+00:00, run_after=2022-03-05 00:00:00+00:00
[2026-03-19T07:55:33.743+0000] {processor.py:183} INFO - Processing /home/airflow/.local/lib/python3.12/site-packages/airflow/example_dags/example_dynamic_task_mapping.py took 0.048 seconds
[2026-03-19T07:56:04.218+0000] {processor.py:161} INFO - Started process (PID=37725) to work on /home/airflow/.local/lib/python3.12/site-packages/airflow/example_dags/example_dynamic_task_mapping.py
[2026-03-19T07:56:04.219+0000] {processor.py:830} INFO - Processing file /home/airflow/.local/lib/python3.12/site-packages/airflow/example_dags/example_dynamic_task_mapping.py for tasks to queue
[2026-03-19T07:56:04.219+0000] {logging_mixin.py:188} INFO - [2026-03-19T07:56:04.219+0000] {dagbag.py:545} INFO - Filling up the DagBag from /home/airflow/.local/lib/python3.12/site-packages/airflow/example_dags/example_dynamic_task_mapping.py
[2026-03-19T07:56:04.223+0000] {processor.py:840} INFO - DAG(s) 'example_dynamic_task_mapping' retrieved from /home/airflow/.local/lib/python3.12/site-packages/airflow/example_dags/example_dynamic_task_mapping.py
[2026-03-19T07:56:04.240+0000] {logging_mixin.py:188} INFO - [2026-03-19T07:56:04.240+0000] {dag.py:3096} INFO - Sync 1 DAGs
[2026-03-19T07:56:04.253+0000] {logging_mixin.py:188} INFO - [2026-03-19T07:56:04.253+0000] {dag.py:3954} INFO - Setting next_dagrun for example_dynamic_task_mapping to 2022-03-04 00:00:00+00:00, run_after=2022-03-05 00:00:00+00:00
[2026-03-19T07:56:04.262+0000] {processor.py:183} INFO - Processing /home/airflow/.local/lib/python3.12/site-packages/airflow/example_dags/example_dynamic_task_mapping.py took 0.048 seconds
[2026-03-19T07:56:35.373+0000] {processor.py:161} INFO - Started process (PID=37784) to work on /home/airflow/.local/lib/python3.12/site-packages/airflow/example_dags/example_dynamic_task_mapping.py
[2026-03-19T07:56:35.375+0000] {processor.py:830} INFO - Processing file /home/airflow/.local/lib/python3.12/site-packages/airflow/example_dags/example_dynamic_task_mapping.py for tasks to queue
[2026-03-19T07:56:35.377+0000] {logging_mixin.py:188} INFO - [2026-03-19T07:56:35.377+0000] {dagbag.py:545} INFO - Filling up the DagBag from /home/airflow/.local/lib/python3.12/site-packages/airflow/example_dags/example_dynamic_task_mapping.py
[2026-03-19T07:56:35.391+0000] {processor.py:840} INFO - DAG(s) 'example_dynamic_task_mapping' retrieved from /home/airflow/.local/lib/python3.12/site-packages/airflow/example_dags/example_dynamic_task_mapping.py
[2026-03-19T07:56:35.430+0000] {logging_mixin.py:188} INFO - [2026-03-19T07:56:35.430+0000] {dag.py:3096} INFO - Sync 1 DAGs
[2026-03-19T07:56:35.466+0000] {logging_mixin.py:188} INFO - [2026-03-19T07:56:35.465+0000] {dag.py:3954} INFO - Setting next_dagrun for example_dynamic_task_mapping to 2022-03-04 00:00:00+00:00, run_after=2022-03-05 00:00:00+00:00
[2026-03-19T07:56:35.499+0000] {processor.py:183} INFO - Processing /home/airflow/.local/lib/python3.12/site-packages/airflow/example_dags/example_dynamic_task_mapping.py took 0.132 seconds
[2026-03-19T07:57:05.933+0000] {processor.py:161} INFO - Started process (PID=37843) to work on /home/airflow/.local/lib/python3.12/site-packages/airflow/example_dags/example_dynamic_task_mapping.py
[2026-03-19T07:57:05.933+0000] {processor.py:830} INFO - Processing file /home/airflow/.local/lib/python3.12/site-packages/airflow/example_dags/example_dynamic_task_mapping.py for tasks to queue
[2026-03-19T07:57:05.934+0000] {logging_mixin.py:188} INFO - [2026-03-19T07:57:05.934+0000] {dagbag.py:545} INFO - Filling up the DagBag from /home/airflow/.local/lib/python3.12/site-packages/airflow/example_dags/example_dynamic_task_mapping.py
[2026-03-19T07:57:05.939+0000] {processor.py:840} INFO - DAG(s) 'example_dynamic_task_mapping' retrieved from /home/airflow/.local/lib/python3.12/site-packages/airflow/example_dags/example_dynamic_task_mapping.py
[2026-03-19T07:57:05.952+0000] {logging_mixin.py:188} INFO - [2026-03-19T07:57:05.952+0000] {dag.py:3096} INFO - Sync 1 DAGs
[2026-03-19T07:57:05.966+0000] {logging_mixin.py:188} INFO - [2026-03-19T07:57:05.966+0000] {dag.py:3954} INFO - Setting next_dagrun for example_dynamic_task_mapping to 2022-03-04 00:00:00+00:00, run_after=2022-03-05 00:00:00+00:00
[2026-03-19T07:57:05.976+0000] {processor.py:183} INFO - Processing /home/airflow/.local/lib/python3.12/site-packages/airflow/example_dags/example_dynamic_task_mapping.py took 0.047 seconds
[2026-03-19T07:57:36.049+0000] {processor.py:161} INFO - Started process (PID=37902) to work on /home/airflow/.local/lib/python3.12/site-packages/airflow/example_dags/example_dynamic_task_mapping.py
[2026-03-19T07:57:36.050+0000] {processor.py:830} INFO - Processing file /home/airflow/.local/lib/python3.12/site-packages/airflow/example_dags/example_dynamic_task_mapping.py for tasks to queue
[2026-03-19T07:57:36.052+0000] {logging_mixin.py:188} INFO - [2026-03-19T07:57:36.052+0000] {dagbag.py:545} INFO - Filling up the DagBag from /home/airflow/.local/lib/python3.12/site-packages/airflow/example_dags/example_dynamic_task_mapping.py
[2026-03-19T07:57:36.059+0000] {processor.py:840} INFO - DAG(s) 'example_dynamic_task_mapping' retrieved from /home/airflow/.local/lib/python3.12/site-packages/airflow/example_dags/example_dynamic_task_mapping.py
[2026-03-19T07:57:36.074+0000] {logging_mixin.py:188} INFO - [2026-03-19T07:57:36.074+0000] {dag.py:3096} INFO - Sync 1 DAGs
[2026-03-19T07:57:36.085+0000] {logging_mixin.py:188} INFO - [2026-03-19T07:57:36.085+0000] {dag.py:3954} INFO - Setting next_dagrun for example_dynamic_task_mapping to 2022-03-04 00:00:00+00:00, run_after=2022-03-05 00:00:00+00:00
[2026-03-19T07:57:36.095+0000] {processor.py:183} INFO - Processing /home/airflow/.local/lib/python3.12/site-packages/airflow/example_dags/example_dynamic_task_mapping.py took 0.049 seconds
[2026-03-19T07:58:06.415+0000] {processor.py:161} INFO - Started process (PID=37961) to work on /home/airflow/.local/lib/python3.12/site-packages/airflow/example_dags/example_dynamic_task_mapping.py
[2026-03-19T07:58:06.418+0000] {processor.py:830} INFO - Processing file /home/airflow/.local/lib/python3.12/site-packages/airflow/example_dags/example_dynamic_task_mapping.py for tasks to queue
[2026-03-19T07:58:06.421+0000] {logging_mixin.py:188} INFO - [2026-03-19T07:58:06.420+0000] {dagbag.py:545} INFO - Filling up the DagBag from /home/airflow/.local/lib/python3.12/site-packages/airflow/example_dags/example_dynamic_task_mapping.py
[2026-03-19T07:58:06.439+0000] {processor.py:840} INFO - DAG(s) 'example_dynamic_task_mapping' retrieved from /home/airflow/.local/lib/python3.12/site-packages/airflow/example_dags/example_dynamic_task_mapping.py
[2026-03-19T07:58:06.455+0000] {logging_mixin.py:188} INFO - [2026-03-19T07:58:06.455+0000] {dag.py:3096} INFO - Sync 1 DAGs
[2026-03-19T07:58:06.467+0000] {logging_mixin.py:188} INFO - [2026-03-19T07:58:06.467+0000] {dag.py:3954} INFO - Setting next_dagrun for example_dynamic_task_mapping to 2022-03-04 00:00:00+00:00, run_after=2022-03-05 00:00:00+00:00
[2026-03-19T07:58:06.476+0000] {processor.py:183} INFO - Processing /home/airflow/.local/lib/python3.12/site-packages/airflow/example_dags/example_dynamic_task_mapping.py took 0.065 seconds
[2026-03-19T07:58:36.539+0000] {processor.py:161} INFO - Started process (PID=38020) to work on /home/airflow/.local/lib/python3.12/site-packages/airflow/example_dags/example_dynamic_task_mapping.py
[2026-03-19T07:58:36.540+0000] {processor.py:830} INFO - Processing file /home/airflow/.local/lib/python3.12/site-packages/airflow/example_dags/example_dynamic_task_mapping.py for tasks to queue
[2026-03-19T07:58:36.540+0000] {logging_mixin.py:188} INFO - [2026-03-19T07:58:36.540+0000] {dagbag.py:545} INFO - Filling up the DagBag from /home/airflow/.local/lib/python3.12/site-packages/airflow/example_dags/example_dynamic_task_mapping.py
[2026-03-19T07:58:36.544+0000] {processor.py:840} INFO - DAG(s) 'example_dynamic_task_mapping' retrieved from /home/airflow/.local/lib/python3.12/site-packages/airflow/example_dags/example_dynamic_task_mapping.py
[2026-03-19T07:58:36.556+0000] {logging_mixin.py:188} INFO - [2026-03-19T07:58:36.556+0000] {dag.py:3096} INFO - Sync 1 DAGs
[2026-03-19T07:58:36.573+0000] {logging_mixin.py:188} INFO - [2026-03-19T07:58:36.572+0000] {dag.py:3954} INFO - Setting next_dagrun for example_dynamic_task_mapping to 2022-03-04 00:00:00+00:00, run_after=2022-03-05 00:00:00+00:00
[2026-03-19T07:58:36.591+0000] {processor.py:183} INFO - Processing /home/airflow/.local/lib/python3.12/site-packages/airflow/example_dags/example_dynamic_task_mapping.py took 0.055 seconds
[2026-03-19T07:59:06.909+0000] {processor.py:161} INFO - Started process (PID=38079) to work on /home/airflow/.local/lib/python3.12/site-packages/airflow/example_dags/example_dynamic_task_mapping.py
[2026-03-19T07:59:06.912+0000] {processor.py:830} INFO - Processing file /home/airflow/.local/lib/python3.12/site-packages/airflow/example_dags/example_dynamic_task_mapping.py for tasks to queue
[2026-03-19T07:59:06.913+0000] {logging_mixin.py:188} INFO - [2026-03-19T07:59:06.913+0000] {dagbag.py:545} INFO - Filling up the DagBag from /home/airflow/.local/lib/python3.12/site-packages/airflow/example_dags/example_dynamic_task_mapping.py
[2026-03-19T07:59:06.918+0000] {processor.py:840} INFO - DAG(s) 'example_dynamic_task_mapping' retrieved from /home/airflow/.local/lib/python3.12/site-packages/airflow/example_dags/example_dynamic_task_mapping.py
[2026-03-19T07:59:06.932+0000] {logging_mixin.py:188} INFO - [2026-03-19T07:59:06.932+0000] {dag.py:3096} INFO - Sync 1 DAGs
[2026-03-19T07:59:06.943+0000] {logging_mixin.py:188} INFO - [2026-03-19T07:59:06.943+0000] {dag.py:3954} INFO - Setting next_dagrun for example_dynamic_task_mapping to 2022-03-04 00:00:00+00:00, run_after=2022-03-05 00:00:00+00:00
[2026-03-19T07:59:06.953+0000] {processor.py:183} INFO - Processing /home/airflow/.local/lib/python3.12/site-packages/airflow/example_dags/example_dynamic_task_mapping.py took 0.047 seconds
[2026-03-19T07:59:37.865+0000] {processor.py:161} INFO - Started process (PID=38138) to work on /home/airflow/.local/lib/python3.12/site-packages/airflow/example_dags/example_dynamic_task_mapping.py
[2026-03-19T07:59:37.866+0000] {processor.py:830} INFO - Processing file /home/airflow/.local/lib/python3.12/site-packages/airflow/example_dags/example_dynamic_task_mapping.py for tasks to queue
[2026-03-19T07:59:37.870+0000] {logging_mixin.py:188} INFO - [2026-03-19T07:59:37.870+0000] {dagbag.py:545} INFO - Filling up the DagBag from /home/airflow/.local/lib/python3.12/site-packages/airflow/example_dags/example_dynamic_task_mapping.py
[2026-03-19T07:59:37.875+0000] {processor.py:840} INFO - DAG(s) 'example_dynamic_task_mapping' retrieved from /home/airflow/.local/lib/python3.12/site-packages/airflow/example_dags/example_dynamic_task_mapping.py
[2026-03-19T07:59:37.890+0000] {logging_mixin.py:188} INFO - [2026-03-19T07:59:37.890+0000] {dag.py:3096} INFO - Sync 1 DAGs
[2026-03-19T07:59:37.900+0000] {logging_mixin.py:188} INFO - [2026-03-19T07:59:37.900+0000] {dag.py:3954} INFO - Setting next_dagrun for example_dynamic_task_mapping to 2022-03-04 00:00:00+00:00, run_after=2022-03-05 00:00:00+00:00
[2026-03-19T07:59:37.910+0000] {processor.py:183} INFO - Processing /home/airflow/.local/lib/python3.12/site-packages/airflow/example_dags/example_dynamic_task_mapping.py took 0.049 seconds
[2026-03-19T08:00:08.635+0000] {processor.py:161} INFO - Started process (PID=38197) to work on /home/airflow/.local/lib/python3.12/site-packages/airflow/example_dags/example_dynamic_task_mapping.py
[2026-03-19T08:00:08.636+0000] {processor.py:830} INFO - Processing file /home/airflow/.local/lib/python3.12/site-packages/airflow/example_dags/example_dynamic_task_mapping.py for tasks to queue
[2026-03-19T08:00:08.637+0000] {logging_mixin.py:188} INFO - [2026-03-19T08:00:08.636+0000] {dagbag.py:545} INFO - Filling up the DagBag from /home/airflow/.local/lib/python3.12/site-packages/airflow/example_dags/example_dynamic_task_mapping.py
[2026-03-19T08:00:08.642+0000] {processor.py:840} INFO - DAG(s) 'example_dynamic_task_mapping' retrieved from /home/airflow/.local/lib/python3.12/site-packages/airflow/example_dags/example_dynamic_task_mapping.py
[2026-03-19T08:00:08.658+0000] {logging_mixin.py:188} INFO - [2026-03-19T08:00:08.658+0000] {dag.py:3096} INFO - Sync 1 DAGs
[2026-03-19T08:00:08.668+0000] {logging_mixin.py:188} INFO - [2026-03-19T08:00:08.668+0000] {dag.py:3954} INFO - Setting next_dagrun for example_dynamic_task_mapping to 2022-03-04 00:00:00+00:00, run_after=2022-03-05 00:00:00+00:00
[2026-03-19T08:00:08.678+0000] {processor.py:183} INFO - Processing /home/airflow/.local/lib/python3.12/site-packages/airflow/example_dags/example_dynamic_task_mapping.py took 0.046 seconds
[2026-03-19T08:00:38.860+0000] {processor.py:161} INFO - Started process (PID=38256) to work on /home/airflow/.local/lib/python3.12/site-packages/airflow/example_dags/example_dynamic_task_mapping.py
[2026-03-19T08:00:38.863+0000] {processor.py:830} INFO - Processing file /home/airflow/.local/lib/python3.12/site-packages/airflow/example_dags/example_dynamic_task_mapping.py for tasks to queue
[2026-03-19T08:00:38.864+0000] {logging_mixin.py:188} INFO - [2026-03-19T08:00:38.864+0000] {dagbag.py:545} INFO - Filling up the DagBag from /home/airflow/.local/lib/python3.12/site-packages/airflow/example_dags/example_dynamic_task_mapping.py
[2026-03-19T08:00:38.870+0000] {processor.py:840} INFO - DAG(s) 'example_dynamic_task_mapping' retrieved from /home/airflow/.local/lib/python3.12/site-packages/airflow/example_dags/example_dynamic_task_mapping.py
[2026-03-19T08:00:38.881+0000] {logging_mixin.py:188} INFO - [2026-03-19T08:00:38.881+0000] {dag.py:3096} INFO - Sync 1 DAGs
[2026-03-19T08:00:38.892+0000] {logging_mixin.py:188} INFO - [2026-03-19T08:00:38.892+0000] {dag.py:3954} INFO - Setting next_dagrun for example_dynamic_task_mapping to 2022-03-04 00:00:00+00:00, run_after=2022-03-05 00:00:00+00:00
[2026-03-19T08:00:38.900+0000] {processor.py:183} INFO - Processing /home/airflow/.local/lib/python3.12/site-packages/airflow/example_dags/example_dynamic_task_mapping.py took 0.044 seconds
