[2026-03-19T00:12:43.575+0000] {processor.py:161} INFO - Started process (PID=35674) to work on /home/airflow/.local/lib/python3.12/site-packages/airflow/example_dags/example_short_circuit_decorator.py
[2026-03-19T00:12:43.577+0000] {processor.py:830} INFO - Processing file /home/airflow/.local/lib/python3.12/site-packages/airflow/example_dags/example_short_circuit_decorator.py for tasks to queue
[2026-03-19T00:12:43.579+0000] {logging_mixin.py:188} INFO - [2026-03-19T00:12:43.579+0000] {dagbag.py:545} INFO - Filling up the DagBag from /home/airflow/.local/lib/python3.12/site-packages/airflow/example_dags/example_short_circuit_decorator.py
[2026-03-19T00:12:43.583+0000] {processor.py:840} INFO - DAG(s) 'example_short_circuit_decorator' retrieved from /home/airflow/.local/lib/python3.12/site-packages/airflow/example_dags/example_short_circuit_decorator.py
[2026-03-19T00:12:43.595+0000] {logging_mixin.py:188} INFO - [2026-03-19T00:12:43.595+0000] {dag.py:3096} INFO - Sync 1 DAGs
[2026-03-19T00:12:43.605+0000] {logging_mixin.py:188} INFO - [2026-03-19T00:12:43.605+0000] {dag.py:3954} INFO - Setting next_dagrun for example_short_circuit_decorator to 2026-03-18 00:00:00+00:00, run_after=2026-03-19 00:00:00+00:00
[2026-03-19T00:12:43.625+0000] {processor.py:183} INFO - Processing /home/airflow/.local/lib/python3.12/site-packages/airflow/example_dags/example_short_circuit_decorator.py took 0.054 seconds
[2026-03-19T00:46:42.945+0000] {processor.py:161} INFO - Started process (PID=35733) to work on /home/airflow/.local/lib/python3.12/site-packages/airflow/example_dags/example_short_circuit_decorator.py
[2026-03-19T00:46:42.949+0000] {processor.py:830} INFO - Processing file /home/airflow/.local/lib/python3.12/site-packages/airflow/example_dags/example_short_circuit_decorator.py for tasks to queue
[2026-03-19T00:46:42.962+0000] {logging_mixin.py:188} INFO - [2026-03-19T00:46:42.959+0000] {dagbag.py:545} INFO - Filling up the DagBag from /home/airflow/.local/lib/python3.12/site-packages/airflow/example_dags/example_short_circuit_decorator.py
[2026-03-19T00:46:42.981+0000] {processor.py:840} INFO - DAG(s) 'example_short_circuit_decorator' retrieved from /home/airflow/.local/lib/python3.12/site-packages/airflow/example_dags/example_short_circuit_decorator.py
[2026-03-19T00:46:43.064+0000] {logging_mixin.py:188} INFO - [2026-03-19T00:46:43.063+0000] {dag.py:3096} INFO - Sync 1 DAGs
[2026-03-19T00:46:43.124+0000] {logging_mixin.py:188} INFO - [2026-03-19T00:46:43.123+0000] {dag.py:3954} INFO - Setting next_dagrun for example_short_circuit_decorator to 2026-03-18 00:00:00+00:00, run_after=2026-03-19 00:00:00+00:00
[2026-03-19T00:46:43.178+0000] {processor.py:183} INFO - Processing /home/airflow/.local/lib/python3.12/site-packages/airflow/example_dags/example_short_circuit_decorator.py took 0.256 seconds
[2026-03-19T01:13:41.849+0000] {processor.py:161} INFO - Started process (PID=35800) to work on /home/airflow/.local/lib/python3.12/site-packages/airflow/example_dags/example_short_circuit_decorator.py
[2026-03-19T01:13:41.853+0000] {processor.py:830} INFO - Processing file /home/airflow/.local/lib/python3.12/site-packages/airflow/example_dags/example_short_circuit_decorator.py for tasks to queue
[2026-03-19T01:13:41.858+0000] {logging_mixin.py:188} INFO - [2026-03-19T01:13:41.857+0000] {dagbag.py:545} INFO - Filling up the DagBag from /home/airflow/.local/lib/python3.12/site-packages/airflow/example_dags/example_short_circuit_decorator.py
[2026-03-19T01:13:41.877+0000] {processor.py:840} INFO - DAG(s) 'example_short_circuit_decorator' retrieved from /home/airflow/.local/lib/python3.12/site-packages/airflow/example_dags/example_short_circuit_decorator.py
[2026-03-19T01:13:41.918+0000] {logging_mixin.py:188} INFO - [2026-03-19T01:13:41.918+0000] {dag.py:3096} INFO - Sync 1 DAGs
[2026-03-19T01:13:42.327+0000] {logging_mixin.py:188} INFO - [2026-03-19T01:13:42.326+0000] {dag.py:3954} INFO - Setting next_dagrun for example_short_circuit_decorator to 2026-03-18 00:00:00+00:00, run_after=2026-03-19 00:00:00+00:00
[2026-03-19T01:13:42.370+0000] {processor.py:183} INFO - Processing /home/airflow/.local/lib/python3.12/site-packages/airflow/example_dags/example_short_circuit_decorator.py took 0.531 seconds
[2026-03-19T01:30:56.471+0000] {processor.py:161} INFO - Started process (PID=35867) to work on /home/airflow/.local/lib/python3.12/site-packages/airflow/example_dags/example_short_circuit_decorator.py
[2026-03-19T01:30:56.481+0000] {processor.py:830} INFO - Processing file /home/airflow/.local/lib/python3.12/site-packages/airflow/example_dags/example_short_circuit_decorator.py for tasks to queue
[2026-03-19T01:30:56.485+0000] {logging_mixin.py:188} INFO - [2026-03-19T01:30:56.484+0000] {dagbag.py:545} INFO - Filling up the DagBag from /home/airflow/.local/lib/python3.12/site-packages/airflow/example_dags/example_short_circuit_decorator.py
[2026-03-19T01:30:56.502+0000] {processor.py:840} INFO - DAG(s) 'example_short_circuit_decorator' retrieved from /home/airflow/.local/lib/python3.12/site-packages/airflow/example_dags/example_short_circuit_decorator.py
[2026-03-19T01:30:56.715+0000] {logging_mixin.py:188} INFO - [2026-03-19T01:30:56.714+0000] {dag.py:3096} INFO - Sync 1 DAGs
[2026-03-19T01:30:56.753+0000] {logging_mixin.py:188} INFO - [2026-03-19T01:30:56.752+0000] {dag.py:3954} INFO - Setting next_dagrun for example_short_circuit_decorator to 2026-03-18 00:00:00+00:00, run_after=2026-03-19 00:00:00+00:00
[2026-03-19T01:30:56.784+0000] {processor.py:183} INFO - Processing /home/airflow/.local/lib/python3.12/site-packages/airflow/example_dags/example_short_circuit_decorator.py took 0.322 seconds
[2026-03-19T02:15:02.295+0000] {processor.py:161} INFO - Started process (PID=35931) to work on /home/airflow/.local/lib/python3.12/site-packages/airflow/example_dags/example_short_circuit_decorator.py
[2026-03-19T02:15:02.303+0000] {processor.py:830} INFO - Processing file /home/airflow/.local/lib/python3.12/site-packages/airflow/example_dags/example_short_circuit_decorator.py for tasks to queue
[2026-03-19T02:15:02.321+0000] {logging_mixin.py:188} INFO - [2026-03-19T02:15:02.311+0000] {dagbag.py:545} INFO - Filling up the DagBag from /home/airflow/.local/lib/python3.12/site-packages/airflow/example_dags/example_short_circuit_decorator.py
[2026-03-19T02:15:02.391+0000] {processor.py:840} INFO - DAG(s) 'example_short_circuit_decorator' retrieved from /home/airflow/.local/lib/python3.12/site-packages/airflow/example_dags/example_short_circuit_decorator.py
[2026-03-19T02:15:02.532+0000] {logging_mixin.py:188} INFO - [2026-03-19T02:15:02.532+0000] {dag.py:3096} INFO - Sync 1 DAGs
[2026-03-19T02:15:02.638+0000] {logging_mixin.py:188} INFO - [2026-03-19T02:15:02.637+0000] {dag.py:3954} INFO - Setting next_dagrun for example_short_circuit_decorator to 2026-03-18 00:00:00+00:00, run_after=2026-03-19 00:00:00+00:00
[2026-03-19T02:15:02.797+0000] {processor.py:183} INFO - Processing /home/airflow/.local/lib/python3.12/site-packages/airflow/example_dags/example_short_circuit_decorator.py took 0.565 seconds
[2026-03-19T02:15:32.917+0000] {processor.py:161} INFO - Started process (PID=35998) to work on /home/airflow/.local/lib/python3.12/site-packages/airflow/example_dags/example_short_circuit_decorator.py
[2026-03-19T02:15:32.918+0000] {processor.py:830} INFO - Processing file /home/airflow/.local/lib/python3.12/site-packages/airflow/example_dags/example_short_circuit_decorator.py for tasks to queue
[2026-03-19T02:15:32.919+0000] {logging_mixin.py:188} INFO - [2026-03-19T02:15:32.918+0000] {dagbag.py:545} INFO - Filling up the DagBag from /home/airflow/.local/lib/python3.12/site-packages/airflow/example_dags/example_short_circuit_decorator.py
[2026-03-19T02:15:32.937+0000] {processor.py:840} INFO - DAG(s) 'example_short_circuit_decorator' retrieved from /home/airflow/.local/lib/python3.12/site-packages/airflow/example_dags/example_short_circuit_decorator.py
[2026-03-19T02:15:32.967+0000] {logging_mixin.py:188} INFO - [2026-03-19T02:15:32.966+0000] {dag.py:3096} INFO - Sync 1 DAGs
[2026-03-19T02:15:33.000+0000] {logging_mixin.py:188} INFO - [2026-03-19T02:15:32.999+0000] {dag.py:3954} INFO - Setting next_dagrun for example_short_circuit_decorator to 2026-03-18 00:00:00+00:00, run_after=2026-03-19 00:00:00+00:00
[2026-03-19T02:15:33.024+0000] {processor.py:183} INFO - Processing /home/airflow/.local/lib/python3.12/site-packages/airflow/example_dags/example_short_circuit_decorator.py took 0.116 seconds
[2026-03-19T03:06:03.524+0000] {processor.py:161} INFO - Started process (PID=36017) to work on /home/airflow/.local/lib/python3.12/site-packages/airflow/example_dags/example_short_circuit_decorator.py
[2026-03-19T03:06:03.526+0000] {processor.py:830} INFO - Processing file /home/airflow/.local/lib/python3.12/site-packages/airflow/example_dags/example_short_circuit_decorator.py for tasks to queue
[2026-03-19T03:06:03.527+0000] {logging_mixin.py:188} INFO - [2026-03-19T03:06:03.527+0000] {dagbag.py:545} INFO - Filling up the DagBag from /home/airflow/.local/lib/python3.12/site-packages/airflow/example_dags/example_short_circuit_decorator.py
[2026-03-19T03:06:03.544+0000] {processor.py:840} INFO - DAG(s) 'example_short_circuit_decorator' retrieved from /home/airflow/.local/lib/python3.12/site-packages/airflow/example_dags/example_short_circuit_decorator.py
[2026-03-19T03:06:03.634+0000] {logging_mixin.py:188} INFO - [2026-03-19T03:06:03.633+0000] {dag.py:3096} INFO - Sync 1 DAGs
[2026-03-19T03:06:03.701+0000] {logging_mixin.py:188} INFO - [2026-03-19T03:06:03.700+0000] {dag.py:3954} INFO - Setting next_dagrun for example_short_circuit_decorator to 2026-03-18 00:00:00+00:00, run_after=2026-03-19 00:00:00+00:00
[2026-03-19T03:06:03.742+0000] {processor.py:183} INFO - Processing /home/airflow/.local/lib/python3.12/site-packages/airflow/example_dags/example_short_circuit_decorator.py took 0.230 seconds
[2026-03-19T03:06:34.177+0000] {processor.py:161} INFO - Started process (PID=36088) to work on /home/airflow/.local/lib/python3.12/site-packages/airflow/example_dags/example_short_circuit_decorator.py
[2026-03-19T03:06:34.178+0000] {processor.py:830} INFO - Processing file /home/airflow/.local/lib/python3.12/site-packages/airflow/example_dags/example_short_circuit_decorator.py for tasks to queue
[2026-03-19T03:06:34.180+0000] {logging_mixin.py:188} INFO - [2026-03-19T03:06:34.179+0000] {dagbag.py:545} INFO - Filling up the DagBag from /home/airflow/.local/lib/python3.12/site-packages/airflow/example_dags/example_short_circuit_decorator.py
[2026-03-19T03:06:34.189+0000] {processor.py:840} INFO - DAG(s) 'example_short_circuit_decorator' retrieved from /home/airflow/.local/lib/python3.12/site-packages/airflow/example_dags/example_short_circuit_decorator.py
[2026-03-19T03:06:34.206+0000] {logging_mixin.py:188} INFO - [2026-03-19T03:06:34.206+0000] {dag.py:3096} INFO - Sync 1 DAGs
[2026-03-19T03:06:34.222+0000] {logging_mixin.py:188} INFO - [2026-03-19T03:06:34.222+0000] {dag.py:3954} INFO - Setting next_dagrun for example_short_circuit_decorator to 2026-03-18 00:00:00+00:00, run_after=2026-03-19 00:00:00+00:00
[2026-03-19T03:06:34.237+0000] {processor.py:183} INFO - Processing /home/airflow/.local/lib/python3.12/site-packages/airflow/example_dags/example_short_circuit_decorator.py took 0.063 seconds
[2026-03-19T03:15:41.424+0000] {processor.py:161} INFO - Started process (PID=36147) to work on /home/airflow/.local/lib/python3.12/site-packages/airflow/example_dags/example_short_circuit_decorator.py
[2026-03-19T03:15:41.425+0000] {processor.py:830} INFO - Processing file /home/airflow/.local/lib/python3.12/site-packages/airflow/example_dags/example_short_circuit_decorator.py for tasks to queue
[2026-03-19T03:15:41.425+0000] {logging_mixin.py:188} INFO - [2026-03-19T03:15:41.425+0000] {dagbag.py:545} INFO - Filling up the DagBag from /home/airflow/.local/lib/python3.12/site-packages/airflow/example_dags/example_short_circuit_decorator.py
[2026-03-19T03:15:41.430+0000] {processor.py:840} INFO - DAG(s) 'example_short_circuit_decorator' retrieved from /home/airflow/.local/lib/python3.12/site-packages/airflow/example_dags/example_short_circuit_decorator.py
[2026-03-19T03:15:41.442+0000] {logging_mixin.py:188} INFO - [2026-03-19T03:15:41.442+0000] {dag.py:3096} INFO - Sync 1 DAGs
[2026-03-19T03:15:41.454+0000] {logging_mixin.py:188} INFO - [2026-03-19T03:15:41.454+0000] {dag.py:3954} INFO - Setting next_dagrun for example_short_circuit_decorator to 2026-03-18 00:00:00+00:00, run_after=2026-03-19 00:00:00+00:00
[2026-03-19T03:15:41.464+0000] {processor.py:183} INFO - Processing /home/airflow/.local/lib/python3.12/site-packages/airflow/example_dags/example_short_circuit_decorator.py took 0.044 seconds
[2026-03-19T03:31:56.074+0000] {processor.py:161} INFO - Started process (PID=36206) to work on /home/airflow/.local/lib/python3.12/site-packages/airflow/example_dags/example_short_circuit_decorator.py
[2026-03-19T03:31:56.222+0000] {processor.py:830} INFO - Processing file /home/airflow/.local/lib/python3.12/site-packages/airflow/example_dags/example_short_circuit_decorator.py for tasks to queue
[2026-03-19T03:31:56.227+0000] {logging_mixin.py:188} INFO - [2026-03-19T03:31:56.224+0000] {dagbag.py:545} INFO - Filling up the DagBag from /home/airflow/.local/lib/python3.12/site-packages/airflow/example_dags/example_short_circuit_decorator.py
[2026-03-19T03:31:56.530+0000] {processor.py:840} INFO - DAG(s) 'example_short_circuit_decorator' retrieved from /home/airflow/.local/lib/python3.12/site-packages/airflow/example_dags/example_short_circuit_decorator.py
[2026-03-19T03:31:57.132+0000] {logging_mixin.py:188} INFO - [2026-03-19T03:31:57.130+0000] {dag.py:3096} INFO - Sync 1 DAGs
[2026-03-19T03:31:57.298+0000] {logging_mixin.py:188} INFO - [2026-03-19T03:31:57.298+0000] {dag.py:3954} INFO - Setting next_dagrun for example_short_circuit_decorator to 2026-03-18 00:00:00+00:00, run_after=2026-03-19 00:00:00+00:00
[2026-03-19T03:31:57.364+0000] {processor.py:183} INFO - Processing /home/airflow/.local/lib/python3.12/site-packages/airflow/example_dags/example_short_circuit_decorator.py took 1.312 seconds
[2026-03-19T04:16:39.907+0000] {processor.py:161} INFO - Started process (PID=36273) to work on /home/airflow/.local/lib/python3.12/site-packages/airflow/example_dags/example_short_circuit_decorator.py
[2026-03-19T04:16:39.913+0000] {processor.py:830} INFO - Processing file /home/airflow/.local/lib/python3.12/site-packages/airflow/example_dags/example_short_circuit_decorator.py for tasks to queue
[2026-03-19T04:16:39.923+0000] {logging_mixin.py:188} INFO - [2026-03-19T04:16:39.919+0000] {dagbag.py:545} INFO - Filling up the DagBag from /home/airflow/.local/lib/python3.12/site-packages/airflow/example_dags/example_short_circuit_decorator.py
[2026-03-19T04:16:39.994+0000] {processor.py:840} INFO - DAG(s) 'example_short_circuit_decorator' retrieved from /home/airflow/.local/lib/python3.12/site-packages/airflow/example_dags/example_short_circuit_decorator.py
[2026-03-19T04:16:40.109+0000] {logging_mixin.py:188} INFO - [2026-03-19T04:16:40.108+0000] {dag.py:3096} INFO - Sync 1 DAGs
[2026-03-19T04:16:40.193+0000] {logging_mixin.py:188} INFO - [2026-03-19T04:16:40.192+0000] {dag.py:3954} INFO - Setting next_dagrun for example_short_circuit_decorator to 2026-03-18 00:00:00+00:00, run_after=2026-03-19 00:00:00+00:00
[2026-03-19T04:16:40.255+0000] {processor.py:183} INFO - Processing /home/airflow/.local/lib/python3.12/site-packages/airflow/example_dags/example_short_circuit_decorator.py took 0.398 seconds
[2026-03-19T04:17:12.450+0000] {processor.py:161} INFO - Started process (PID=36340) to work on /home/airflow/.local/lib/python3.12/site-packages/airflow/example_dags/example_short_circuit_decorator.py
[2026-03-19T04:17:12.451+0000] {processor.py:830} INFO - Processing file /home/airflow/.local/lib/python3.12/site-packages/airflow/example_dags/example_short_circuit_decorator.py for tasks to queue
[2026-03-19T04:17:12.452+0000] {logging_mixin.py:188} INFO - [2026-03-19T04:17:12.452+0000] {dagbag.py:545} INFO - Filling up the DagBag from /home/airflow/.local/lib/python3.12/site-packages/airflow/example_dags/example_short_circuit_decorator.py
[2026-03-19T04:17:12.469+0000] {processor.py:840} INFO - DAG(s) 'example_short_circuit_decorator' retrieved from /home/airflow/.local/lib/python3.12/site-packages/airflow/example_dags/example_short_circuit_decorator.py
[2026-03-19T04:17:12.520+0000] {logging_mixin.py:188} INFO - [2026-03-19T04:17:12.519+0000] {dag.py:3096} INFO - Sync 1 DAGs
[2026-03-19T04:17:12.550+0000] {logging_mixin.py:188} INFO - [2026-03-19T04:17:12.550+0000] {dag.py:3954} INFO - Setting next_dagrun for example_short_circuit_decorator to 2026-03-18 00:00:00+00:00, run_after=2026-03-19 00:00:00+00:00
[2026-03-19T04:17:12.569+0000] {processor.py:183} INFO - Processing /home/airflow/.local/lib/python3.12/site-packages/airflow/example_dags/example_short_circuit_decorator.py took 0.132 seconds
[2026-03-19T05:17:36.076+0000] {processor.py:161} INFO - Started process (PID=36399) to work on /home/airflow/.local/lib/python3.12/site-packages/airflow/example_dags/example_short_circuit_decorator.py
[2026-03-19T05:17:36.078+0000] {processor.py:830} INFO - Processing file /home/airflow/.local/lib/python3.12/site-packages/airflow/example_dags/example_short_circuit_decorator.py for tasks to queue
[2026-03-19T05:17:36.080+0000] {logging_mixin.py:188} INFO - [2026-03-19T05:17:36.079+0000] {dagbag.py:545} INFO - Filling up the DagBag from /home/airflow/.local/lib/python3.12/site-packages/airflow/example_dags/example_short_circuit_decorator.py
[2026-03-19T05:17:36.090+0000] {processor.py:840} INFO - DAG(s) 'example_short_circuit_decorator' retrieved from /home/airflow/.local/lib/python3.12/site-packages/airflow/example_dags/example_short_circuit_decorator.py
[2026-03-19T05:17:36.108+0000] {logging_mixin.py:188} INFO - [2026-03-19T05:17:36.108+0000] {dag.py:3096} INFO - Sync 1 DAGs
[2026-03-19T05:17:36.125+0000] {logging_mixin.py:188} INFO - [2026-03-19T05:17:36.125+0000] {dag.py:3954} INFO - Setting next_dagrun for example_short_circuit_decorator to 2026-03-18 00:00:00+00:00, run_after=2026-03-19 00:00:00+00:00
[2026-03-19T05:17:36.144+0000] {processor.py:183} INFO - Processing /home/airflow/.local/lib/python3.12/site-packages/airflow/example_dags/example_short_circuit_decorator.py took 0.072 seconds
[2026-03-19T05:18:06.939+0000] {processor.py:161} INFO - Started process (PID=36458) to work on /home/airflow/.local/lib/python3.12/site-packages/airflow/example_dags/example_short_circuit_decorator.py
[2026-03-19T05:18:06.940+0000] {processor.py:830} INFO - Processing file /home/airflow/.local/lib/python3.12/site-packages/airflow/example_dags/example_short_circuit_decorator.py for tasks to queue
[2026-03-19T05:18:06.940+0000] {logging_mixin.py:188} INFO - [2026-03-19T05:18:06.940+0000] {dagbag.py:545} INFO - Filling up the DagBag from /home/airflow/.local/lib/python3.12/site-packages/airflow/example_dags/example_short_circuit_decorator.py
[2026-03-19T05:18:06.946+0000] {processor.py:840} INFO - DAG(s) 'example_short_circuit_decorator' retrieved from /home/airflow/.local/lib/python3.12/site-packages/airflow/example_dags/example_short_circuit_decorator.py
[2026-03-19T05:18:06.958+0000] {logging_mixin.py:188} INFO - [2026-03-19T05:18:06.958+0000] {dag.py:3096} INFO - Sync 1 DAGs
[2026-03-19T05:18:06.970+0000] {logging_mixin.py:188} INFO - [2026-03-19T05:18:06.970+0000] {dag.py:3954} INFO - Setting next_dagrun for example_short_circuit_decorator to 2026-03-18 00:00:00+00:00, run_after=2026-03-19 00:00:00+00:00
[2026-03-19T05:18:06.979+0000] {processor.py:183} INFO - Processing /home/airflow/.local/lib/python3.12/site-packages/airflow/example_dags/example_short_circuit_decorator.py took 0.044 seconds
[2026-03-19T06:18:32.166+0000] {processor.py:161} INFO - Started process (PID=36517) to work on /home/airflow/.local/lib/python3.12/site-packages/airflow/example_dags/example_short_circuit_decorator.py
[2026-03-19T06:18:32.170+0000] {processor.py:830} INFO - Processing file /home/airflow/.local/lib/python3.12/site-packages/airflow/example_dags/example_short_circuit_decorator.py for tasks to queue
[2026-03-19T06:18:32.172+0000] {logging_mixin.py:188} INFO - [2026-03-19T06:18:32.172+0000] {dagbag.py:545} INFO - Filling up the DagBag from /home/airflow/.local/lib/python3.12/site-packages/airflow/example_dags/example_short_circuit_decorator.py
[2026-03-19T06:18:32.184+0000] {processor.py:840} INFO - DAG(s) 'example_short_circuit_decorator' retrieved from /home/airflow/.local/lib/python3.12/site-packages/airflow/example_dags/example_short_circuit_decorator.py
[2026-03-19T06:18:32.220+0000] {logging_mixin.py:188} INFO - [2026-03-19T06:18:32.220+0000] {dag.py:3096} INFO - Sync 1 DAGs
[2026-03-19T06:18:32.251+0000] {logging_mixin.py:188} INFO - [2026-03-19T06:18:32.251+0000] {dag.py:3954} INFO - Setting next_dagrun for example_short_circuit_decorator to 2026-03-18 00:00:00+00:00, run_after=2026-03-19 00:00:00+00:00
[2026-03-19T06:18:32.279+0000] {processor.py:183} INFO - Processing /home/airflow/.local/lib/python3.12/site-packages/airflow/example_dags/example_short_circuit_decorator.py took 0.119 seconds
[2026-03-19T06:19:02.304+0000] {processor.py:161} INFO - Started process (PID=36584) to work on /home/airflow/.local/lib/python3.12/site-packages/airflow/example_dags/example_short_circuit_decorator.py
[2026-03-19T06:19:02.305+0000] {processor.py:830} INFO - Processing file /home/airflow/.local/lib/python3.12/site-packages/airflow/example_dags/example_short_circuit_decorator.py for tasks to queue
[2026-03-19T06:19:02.305+0000] {logging_mixin.py:188} INFO - [2026-03-19T06:19:02.305+0000] {dagbag.py:545} INFO - Filling up the DagBag from /home/airflow/.local/lib/python3.12/site-packages/airflow/example_dags/example_short_circuit_decorator.py
[2026-03-19T06:19:02.311+0000] {processor.py:840} INFO - DAG(s) 'example_short_circuit_decorator' retrieved from /home/airflow/.local/lib/python3.12/site-packages/airflow/example_dags/example_short_circuit_decorator.py
[2026-03-19T06:19:02.323+0000] {logging_mixin.py:188} INFO - [2026-03-19T06:19:02.323+0000] {dag.py:3096} INFO - Sync 1 DAGs
[2026-03-19T06:19:02.335+0000] {logging_mixin.py:188} INFO - [2026-03-19T06:19:02.334+0000] {dag.py:3954} INFO - Setting next_dagrun for example_short_circuit_decorator to 2026-03-18 00:00:00+00:00, run_after=2026-03-19 00:00:00+00:00
[2026-03-19T06:19:02.343+0000] {processor.py:183} INFO - Processing /home/airflow/.local/lib/python3.12/site-packages/airflow/example_dags/example_short_circuit_decorator.py took 0.043 seconds
[2026-03-19T07:19:30.449+0000] {processor.py:161} INFO - Started process (PID=36643) to work on /home/airflow/.local/lib/python3.12/site-packages/airflow/example_dags/example_short_circuit_decorator.py
[2026-03-19T07:19:30.457+0000] {processor.py:830} INFO - Processing file /home/airflow/.local/lib/python3.12/site-packages/airflow/example_dags/example_short_circuit_decorator.py for tasks to queue
[2026-03-19T07:19:30.460+0000] {logging_mixin.py:188} INFO - [2026-03-19T07:19:30.459+0000] {dagbag.py:545} INFO - Filling up the DagBag from /home/airflow/.local/lib/python3.12/site-packages/airflow/example_dags/example_short_circuit_decorator.py
[2026-03-19T07:19:30.506+0000] {processor.py:840} INFO - DAG(s) 'example_short_circuit_decorator' retrieved from /home/airflow/.local/lib/python3.12/site-packages/airflow/example_dags/example_short_circuit_decorator.py
[2026-03-19T07:19:30.625+0000] {logging_mixin.py:188} INFO - [2026-03-19T07:19:30.624+0000] {dag.py:3096} INFO - Sync 1 DAGs
[2026-03-19T07:19:30.714+0000] {logging_mixin.py:188} INFO - [2026-03-19T07:19:30.714+0000] {dag.py:3954} INFO - Setting next_dagrun for example_short_circuit_decorator to 2026-03-18 00:00:00+00:00, run_after=2026-03-19 00:00:00+00:00
[2026-03-19T07:19:30.830+0000] {processor.py:183} INFO - Processing /home/airflow/.local/lib/python3.12/site-packages/airflow/example_dags/example_short_circuit_decorator.py took 0.428 seconds
[2026-03-19T07:20:01.485+0000] {processor.py:161} INFO - Started process (PID=36711) to work on /home/airflow/.local/lib/python3.12/site-packages/airflow/example_dags/example_short_circuit_decorator.py
[2026-03-19T07:20:01.487+0000] {processor.py:830} INFO - Processing file /home/airflow/.local/lib/python3.12/site-packages/airflow/example_dags/example_short_circuit_decorator.py for tasks to queue
[2026-03-19T07:20:01.489+0000] {logging_mixin.py:188} INFO - [2026-03-19T07:20:01.488+0000] {dagbag.py:545} INFO - Filling up the DagBag from /home/airflow/.local/lib/python3.12/site-packages/airflow/example_dags/example_short_circuit_decorator.py
[2026-03-19T07:20:01.520+0000] {processor.py:840} INFO - DAG(s) 'example_short_circuit_decorator' retrieved from /home/airflow/.local/lib/python3.12/site-packages/airflow/example_dags/example_short_circuit_decorator.py
[2026-03-19T07:20:01.556+0000] {logging_mixin.py:188} INFO - [2026-03-19T07:20:01.556+0000] {dag.py:3096} INFO - Sync 1 DAGs
[2026-03-19T07:20:01.596+0000] {logging_mixin.py:188} INFO - [2026-03-19T07:20:01.596+0000] {dag.py:3954} INFO - Setting next_dagrun for example_short_circuit_decorator to 2026-03-18 00:00:00+00:00, run_after=2026-03-19 00:00:00+00:00
[2026-03-19T07:20:01.612+0000] {processor.py:183} INFO - Processing /home/airflow/.local/lib/python3.12/site-packages/airflow/example_dags/example_short_circuit_decorator.py took 0.146 seconds
[2026-03-19T07:37:28.666+0000] {processor.py:161} INFO - Started process (PID=36769) to work on /home/airflow/.local/lib/python3.12/site-packages/airflow/example_dags/example_short_circuit_decorator.py
[2026-03-19T07:37:28.669+0000] {processor.py:830} INFO - Processing file /home/airflow/.local/lib/python3.12/site-packages/airflow/example_dags/example_short_circuit_decorator.py for tasks to queue
[2026-03-19T07:37:28.670+0000] {logging_mixin.py:188} INFO - [2026-03-19T07:37:28.670+0000] {dagbag.py:545} INFO - Filling up the DagBag from /home/airflow/.local/lib/python3.12/site-packages/airflow/example_dags/example_short_circuit_decorator.py
[2026-03-19T07:37:28.691+0000] {processor.py:840} INFO - DAG(s) 'example_short_circuit_decorator' retrieved from /home/airflow/.local/lib/python3.12/site-packages/airflow/example_dags/example_short_circuit_decorator.py
[2026-03-19T07:37:28.728+0000] {logging_mixin.py:188} INFO - [2026-03-19T07:37:28.728+0000] {dag.py:3096} INFO - Sync 1 DAGs
[2026-03-19T07:37:28.761+0000] {logging_mixin.py:188} INFO - [2026-03-19T07:37:28.760+0000] {dag.py:3954} INFO - Setting next_dagrun for example_short_circuit_decorator to 2026-03-18 00:00:00+00:00, run_after=2026-03-19 00:00:00+00:00
[2026-03-19T07:37:28.791+0000] {processor.py:183} INFO - Processing /home/airflow/.local/lib/python3.12/site-packages/airflow/example_dags/example_short_circuit_decorator.py took 0.134 seconds
[2026-03-19T07:37:59.279+0000] {processor.py:161} INFO - Started process (PID=36835) to work on /home/airflow/.local/lib/python3.12/site-packages/airflow/example_dags/example_short_circuit_decorator.py
[2026-03-19T07:37:59.281+0000] {processor.py:830} INFO - Processing file /home/airflow/.local/lib/python3.12/site-packages/airflow/example_dags/example_short_circuit_decorator.py for tasks to queue
[2026-03-19T07:37:59.285+0000] {logging_mixin.py:188} INFO - [2026-03-19T07:37:59.285+0000] {dagbag.py:545} INFO - Filling up the DagBag from /home/airflow/.local/lib/python3.12/site-packages/airflow/example_dags/example_short_circuit_decorator.py
[2026-03-19T07:37:59.292+0000] {processor.py:840} INFO - DAG(s) 'example_short_circuit_decorator' retrieved from /home/airflow/.local/lib/python3.12/site-packages/airflow/example_dags/example_short_circuit_decorator.py
[2026-03-19T07:37:59.315+0000] {logging_mixin.py:188} INFO - [2026-03-19T07:37:59.315+0000] {dag.py:3096} INFO - Sync 1 DAGs
[2026-03-19T07:37:59.332+0000] {logging_mixin.py:188} INFO - [2026-03-19T07:37:59.332+0000] {dag.py:3954} INFO - Setting next_dagrun for example_short_circuit_decorator to 2026-03-18 00:00:00+00:00, run_after=2026-03-19 00:00:00+00:00
[2026-03-19T07:37:59.343+0000] {processor.py:183} INFO - Processing /home/airflow/.local/lib/python3.12/site-packages/airflow/example_dags/example_short_circuit_decorator.py took 0.079 seconds
[2026-03-19T07:48:55.505+0000] {processor.py:161} INFO - Started process (PID=36895) to work on /home/airflow/.local/lib/python3.12/site-packages/airflow/example_dags/example_short_circuit_decorator.py
[2026-03-19T07:48:55.507+0000] {processor.py:830} INFO - Processing file /home/airflow/.local/lib/python3.12/site-packages/airflow/example_dags/example_short_circuit_decorator.py for tasks to queue
[2026-03-19T07:48:55.507+0000] {logging_mixin.py:188} INFO - [2026-03-19T07:48:55.507+0000] {dagbag.py:545} INFO - Filling up the DagBag from /home/airflow/.local/lib/python3.12/site-packages/airflow/example_dags/example_short_circuit_decorator.py
[2026-03-19T07:48:55.515+0000] {processor.py:840} INFO - DAG(s) 'example_short_circuit_decorator' retrieved from /home/airflow/.local/lib/python3.12/site-packages/airflow/example_dags/example_short_circuit_decorator.py
[2026-03-19T07:48:55.530+0000] {logging_mixin.py:188} INFO - [2026-03-19T07:48:55.530+0000] {dag.py:3096} INFO - Sync 1 DAGs
[2026-03-19T07:48:55.544+0000] {logging_mixin.py:188} INFO - [2026-03-19T07:48:55.544+0000] {dag.py:3954} INFO - Setting next_dagrun for example_short_circuit_decorator to 2026-03-18 00:00:00+00:00, run_after=2026-03-19 00:00:00+00:00
[2026-03-19T07:48:55.555+0000] {processor.py:183} INFO - Processing /home/airflow/.local/lib/python3.12/site-packages/airflow/example_dags/example_short_circuit_decorator.py took 0.053 seconds
[2026-03-19T07:49:26.964+0000] {processor.py:161} INFO - Started process (PID=36954) to work on /home/airflow/.local/lib/python3.12/site-packages/airflow/example_dags/example_short_circuit_decorator.py
[2026-03-19T07:49:26.965+0000] {processor.py:830} INFO - Processing file /home/airflow/.local/lib/python3.12/site-packages/airflow/example_dags/example_short_circuit_decorator.py for tasks to queue
[2026-03-19T07:49:26.966+0000] {logging_mixin.py:188} INFO - [2026-03-19T07:49:26.966+0000] {dagbag.py:545} INFO - Filling up the DagBag from /home/airflow/.local/lib/python3.12/site-packages/airflow/example_dags/example_short_circuit_decorator.py
[2026-03-19T07:49:26.976+0000] {processor.py:840} INFO - DAG(s) 'example_short_circuit_decorator' retrieved from /home/airflow/.local/lib/python3.12/site-packages/airflow/example_dags/example_short_circuit_decorator.py
[2026-03-19T07:49:27.003+0000] {logging_mixin.py:188} INFO - [2026-03-19T07:49:27.003+0000] {dag.py:3096} INFO - Sync 1 DAGs
[2026-03-19T07:49:27.026+0000] {logging_mixin.py:188} INFO - [2026-03-19T07:49:27.026+0000] {dag.py:3954} INFO - Setting next_dagrun for example_short_circuit_decorator to 2026-03-18 00:00:00+00:00, run_after=2026-03-19 00:00:00+00:00
[2026-03-19T07:49:27.048+0000] {processor.py:183} INFO - Processing /home/airflow/.local/lib/python3.12/site-packages/airflow/example_dags/example_short_circuit_decorator.py took 0.093 seconds
[2026-03-19T07:49:57.549+0000] {processor.py:161} INFO - Started process (PID=37013) to work on /home/airflow/.local/lib/python3.12/site-packages/airflow/example_dags/example_short_circuit_decorator.py
[2026-03-19T07:49:57.550+0000] {processor.py:830} INFO - Processing file /home/airflow/.local/lib/python3.12/site-packages/airflow/example_dags/example_short_circuit_decorator.py for tasks to queue
[2026-03-19T07:49:57.553+0000] {logging_mixin.py:188} INFO - [2026-03-19T07:49:57.553+0000] {dagbag.py:545} INFO - Filling up the DagBag from /home/airflow/.local/lib/python3.12/site-packages/airflow/example_dags/example_short_circuit_decorator.py
[2026-03-19T07:49:57.560+0000] {processor.py:840} INFO - DAG(s) 'example_short_circuit_decorator' retrieved from /home/airflow/.local/lib/python3.12/site-packages/airflow/example_dags/example_short_circuit_decorator.py
[2026-03-19T07:49:57.576+0000] {logging_mixin.py:188} INFO - [2026-03-19T07:49:57.576+0000] {dag.py:3096} INFO - Sync 1 DAGs
[2026-03-19T07:49:57.587+0000] {logging_mixin.py:188} INFO - [2026-03-19T07:49:57.587+0000] {dag.py:3954} INFO - Setting next_dagrun for example_short_circuit_decorator to 2026-03-18 00:00:00+00:00, run_after=2026-03-19 00:00:00+00:00
[2026-03-19T07:49:57.604+0000] {processor.py:183} INFO - Processing /home/airflow/.local/lib/python3.12/site-packages/airflow/example_dags/example_short_circuit_decorator.py took 0.059 seconds
[2026-03-19T07:50:28.040+0000] {processor.py:161} INFO - Started process (PID=37072) to work on /home/airflow/.local/lib/python3.12/site-packages/airflow/example_dags/example_short_circuit_decorator.py
[2026-03-19T07:50:28.041+0000] {processor.py:830} INFO - Processing file /home/airflow/.local/lib/python3.12/site-packages/airflow/example_dags/example_short_circuit_decorator.py for tasks to queue
[2026-03-19T07:50:28.043+0000] {logging_mixin.py:188} INFO - [2026-03-19T07:50:28.043+0000] {dagbag.py:545} INFO - Filling up the DagBag from /home/airflow/.local/lib/python3.12/site-packages/airflow/example_dags/example_short_circuit_decorator.py
[2026-03-19T07:50:28.050+0000] {processor.py:840} INFO - DAG(s) 'example_short_circuit_decorator' retrieved from /home/airflow/.local/lib/python3.12/site-packages/airflow/example_dags/example_short_circuit_decorator.py
[2026-03-19T07:50:28.070+0000] {logging_mixin.py:188} INFO - [2026-03-19T07:50:28.070+0000] {dag.py:3096} INFO - Sync 1 DAGs
[2026-03-19T07:50:28.084+0000] {logging_mixin.py:188} INFO - [2026-03-19T07:50:28.084+0000] {dag.py:3954} INFO - Setting next_dagrun for example_short_circuit_decorator to 2026-03-18 00:00:00+00:00, run_after=2026-03-19 00:00:00+00:00
[2026-03-19T07:50:28.102+0000] {processor.py:183} INFO - Processing /home/airflow/.local/lib/python3.12/site-packages/airflow/example_dags/example_short_circuit_decorator.py took 0.069 seconds
[2026-03-19T07:50:58.622+0000] {processor.py:161} INFO - Started process (PID=37131) to work on /home/airflow/.local/lib/python3.12/site-packages/airflow/example_dags/example_short_circuit_decorator.py
[2026-03-19T07:50:58.623+0000] {processor.py:830} INFO - Processing file /home/airflow/.local/lib/python3.12/site-packages/airflow/example_dags/example_short_circuit_decorator.py for tasks to queue
[2026-03-19T07:50:58.623+0000] {logging_mixin.py:188} INFO - [2026-03-19T07:50:58.623+0000] {dagbag.py:545} INFO - Filling up the DagBag from /home/airflow/.local/lib/python3.12/site-packages/airflow/example_dags/example_short_circuit_decorator.py
[2026-03-19T07:50:58.629+0000] {processor.py:840} INFO - DAG(s) 'example_short_circuit_decorator' retrieved from /home/airflow/.local/lib/python3.12/site-packages/airflow/example_dags/example_short_circuit_decorator.py
[2026-03-19T07:50:58.644+0000] {logging_mixin.py:188} INFO - [2026-03-19T07:50:58.644+0000] {dag.py:3096} INFO - Sync 1 DAGs
[2026-03-19T07:50:58.658+0000] {logging_mixin.py:188} INFO - [2026-03-19T07:50:58.658+0000] {dag.py:3954} INFO - Setting next_dagrun for example_short_circuit_decorator to 2026-03-18 00:00:00+00:00, run_after=2026-03-19 00:00:00+00:00
[2026-03-19T07:50:58.671+0000] {processor.py:183} INFO - Processing /home/airflow/.local/lib/python3.12/site-packages/airflow/example_dags/example_short_circuit_decorator.py took 0.052 seconds
[2026-03-19T07:51:29.094+0000] {processor.py:161} INFO - Started process (PID=37190) to work on /home/airflow/.local/lib/python3.12/site-packages/airflow/example_dags/example_short_circuit_decorator.py
[2026-03-19T07:51:29.098+0000] {processor.py:830} INFO - Processing file /home/airflow/.local/lib/python3.12/site-packages/airflow/example_dags/example_short_circuit_decorator.py for tasks to queue
[2026-03-19T07:51:29.099+0000] {logging_mixin.py:188} INFO - [2026-03-19T07:51:29.099+0000] {dagbag.py:545} INFO - Filling up the DagBag from /home/airflow/.local/lib/python3.12/site-packages/airflow/example_dags/example_short_circuit_decorator.py
[2026-03-19T07:51:29.104+0000] {processor.py:840} INFO - DAG(s) 'example_short_circuit_decorator' retrieved from /home/airflow/.local/lib/python3.12/site-packages/airflow/example_dags/example_short_circuit_decorator.py
[2026-03-19T07:51:29.130+0000] {logging_mixin.py:188} INFO - [2026-03-19T07:51:29.129+0000] {dag.py:3096} INFO - Sync 1 DAGs
[2026-03-19T07:51:29.158+0000] {logging_mixin.py:188} INFO - [2026-03-19T07:51:29.158+0000] {dag.py:3954} INFO - Setting next_dagrun for example_short_circuit_decorator to 2026-03-18 00:00:00+00:00, run_after=2026-03-19 00:00:00+00:00
[2026-03-19T07:51:29.200+0000] {processor.py:183} INFO - Processing /home/airflow/.local/lib/python3.12/site-packages/airflow/example_dags/example_short_circuit_decorator.py took 0.109 seconds
[2026-03-19T07:51:59.967+0000] {processor.py:161} INFO - Started process (PID=37249) to work on /home/airflow/.local/lib/python3.12/site-packages/airflow/example_dags/example_short_circuit_decorator.py
[2026-03-19T07:51:59.967+0000] {processor.py:830} INFO - Processing file /home/airflow/.local/lib/python3.12/site-packages/airflow/example_dags/example_short_circuit_decorator.py for tasks to queue
[2026-03-19T07:51:59.968+0000] {logging_mixin.py:188} INFO - [2026-03-19T07:51:59.968+0000] {dagbag.py:545} INFO - Filling up the DagBag from /home/airflow/.local/lib/python3.12/site-packages/airflow/example_dags/example_short_circuit_decorator.py
[2026-03-19T07:51:59.975+0000] {processor.py:840} INFO - DAG(s) 'example_short_circuit_decorator' retrieved from /home/airflow/.local/lib/python3.12/site-packages/airflow/example_dags/example_short_circuit_decorator.py
[2026-03-19T07:51:59.989+0000] {logging_mixin.py:188} INFO - [2026-03-19T07:51:59.989+0000] {dag.py:3096} INFO - Sync 1 DAGs
[2026-03-19T07:52:00.001+0000] {logging_mixin.py:188} INFO - [2026-03-19T07:52:00.001+0000] {dag.py:3954} INFO - Setting next_dagrun for example_short_circuit_decorator to 2026-03-18 00:00:00+00:00, run_after=2026-03-19 00:00:00+00:00
[2026-03-19T07:52:00.019+0000] {processor.py:183} INFO - Processing /home/airflow/.local/lib/python3.12/site-packages/airflow/example_dags/example_short_circuit_decorator.py took 0.056 seconds
[2026-03-19T07:52:30.479+0000] {processor.py:161} INFO - Started process (PID=37308) to work on /home/airflow/.local/lib/python3.12/site-packages/airflow/example_dags/example_short_circuit_decorator.py
[2026-03-19T07:52:30.481+0000] {processor.py:830} INFO - Processing file /home/airflow/.local/lib/python3.12/site-packages/airflow/example_dags/example_short_circuit_decorator.py for tasks to queue
[2026-03-19T07:52:30.482+0000] {logging_mixin.py:188} INFO - [2026-03-19T07:52:30.481+0000] {dagbag.py:545} INFO - Filling up the DagBag from /home/airflow/.local/lib/python3.12/site-packages/airflow/example_dags/example_short_circuit_decorator.py
[2026-03-19T07:52:30.493+0000] {processor.py:840} INFO - DAG(s) 'example_short_circuit_decorator' retrieved from /home/airflow/.local/lib/python3.12/site-packages/airflow/example_dags/example_short_circuit_decorator.py
[2026-03-19T07:52:30.523+0000] {logging_mixin.py:188} INFO - [2026-03-19T07:52:30.523+0000] {dag.py:3096} INFO - Sync 1 DAGs
[2026-03-19T07:52:30.538+0000] {logging_mixin.py:188} INFO - [2026-03-19T07:52:30.538+0000] {dag.py:3954} INFO - Setting next_dagrun for example_short_circuit_decorator to 2026-03-18 00:00:00+00:00, run_after=2026-03-19 00:00:00+00:00
[2026-03-19T07:52:30.571+0000] {processor.py:183} INFO - Processing /home/airflow/.local/lib/python3.12/site-packages/airflow/example_dags/example_short_circuit_decorator.py took 0.098 seconds
[2026-03-19T07:53:01.235+0000] {processor.py:161} INFO - Started process (PID=37367) to work on /home/airflow/.local/lib/python3.12/site-packages/airflow/example_dags/example_short_circuit_decorator.py
[2026-03-19T07:53:01.237+0000] {processor.py:830} INFO - Processing file /home/airflow/.local/lib/python3.12/site-packages/airflow/example_dags/example_short_circuit_decorator.py for tasks to queue
[2026-03-19T07:53:01.238+0000] {logging_mixin.py:188} INFO - [2026-03-19T07:53:01.237+0000] {dagbag.py:545} INFO - Filling up the DagBag from /home/airflow/.local/lib/python3.12/site-packages/airflow/example_dags/example_short_circuit_decorator.py
[2026-03-19T07:53:01.243+0000] {processor.py:840} INFO - DAG(s) 'example_short_circuit_decorator' retrieved from /home/airflow/.local/lib/python3.12/site-packages/airflow/example_dags/example_short_circuit_decorator.py
[2026-03-19T07:53:01.259+0000] {logging_mixin.py:188} INFO - [2026-03-19T07:53:01.259+0000] {dag.py:3096} INFO - Sync 1 DAGs
[2026-03-19T07:53:01.278+0000] {logging_mixin.py:188} INFO - [2026-03-19T07:53:01.278+0000] {dag.py:3954} INFO - Setting next_dagrun for example_short_circuit_decorator to 2026-03-18 00:00:00+00:00, run_after=2026-03-19 00:00:00+00:00
[2026-03-19T07:53:01.297+0000] {processor.py:183} INFO - Processing /home/airflow/.local/lib/python3.12/site-packages/airflow/example_dags/example_short_circuit_decorator.py took 0.069 seconds
[2026-03-19T07:53:31.819+0000] {processor.py:161} INFO - Started process (PID=37426) to work on /home/airflow/.local/lib/python3.12/site-packages/airflow/example_dags/example_short_circuit_decorator.py
[2026-03-19T07:53:31.821+0000] {processor.py:830} INFO - Processing file /home/airflow/.local/lib/python3.12/site-packages/airflow/example_dags/example_short_circuit_decorator.py for tasks to queue
[2026-03-19T07:53:31.823+0000] {logging_mixin.py:188} INFO - [2026-03-19T07:53:31.822+0000] {dagbag.py:545} INFO - Filling up the DagBag from /home/airflow/.local/lib/python3.12/site-packages/airflow/example_dags/example_short_circuit_decorator.py
[2026-03-19T07:53:31.829+0000] {processor.py:840} INFO - DAG(s) 'example_short_circuit_decorator' retrieved from /home/airflow/.local/lib/python3.12/site-packages/airflow/example_dags/example_short_circuit_decorator.py
[2026-03-19T07:53:31.850+0000] {logging_mixin.py:188} INFO - [2026-03-19T07:53:31.849+0000] {dag.py:3096} INFO - Sync 1 DAGs
[2026-03-19T07:53:31.860+0000] {logging_mixin.py:188} INFO - [2026-03-19T07:53:31.860+0000] {dag.py:3954} INFO - Setting next_dagrun for example_short_circuit_decorator to 2026-03-18 00:00:00+00:00, run_after=2026-03-19 00:00:00+00:00
[2026-03-19T07:53:31.870+0000] {processor.py:183} INFO - Processing /home/airflow/.local/lib/python3.12/site-packages/airflow/example_dags/example_short_circuit_decorator.py took 0.054 seconds
[2026-03-19T07:54:02.195+0000] {processor.py:161} INFO - Started process (PID=37485) to work on /home/airflow/.local/lib/python3.12/site-packages/airflow/example_dags/example_short_circuit_decorator.py
[2026-03-19T07:54:02.196+0000] {processor.py:830} INFO - Processing file /home/airflow/.local/lib/python3.12/site-packages/airflow/example_dags/example_short_circuit_decorator.py for tasks to queue
[2026-03-19T07:54:02.197+0000] {logging_mixin.py:188} INFO - [2026-03-19T07:54:02.197+0000] {dagbag.py:545} INFO - Filling up the DagBag from /home/airflow/.local/lib/python3.12/site-packages/airflow/example_dags/example_short_circuit_decorator.py
[2026-03-19T07:54:02.214+0000] {processor.py:840} INFO - DAG(s) 'example_short_circuit_decorator' retrieved from /home/airflow/.local/lib/python3.12/site-packages/airflow/example_dags/example_short_circuit_decorator.py
[2026-03-19T07:54:02.229+0000] {logging_mixin.py:188} INFO - [2026-03-19T07:54:02.229+0000] {dag.py:3096} INFO - Sync 1 DAGs
[2026-03-19T07:54:02.246+0000] {logging_mixin.py:188} INFO - [2026-03-19T07:54:02.246+0000] {dag.py:3954} INFO - Setting next_dagrun for example_short_circuit_decorator to 2026-03-18 00:00:00+00:00, run_after=2026-03-19 00:00:00+00:00
[2026-03-19T07:54:02.260+0000] {processor.py:183} INFO - Processing /home/airflow/.local/lib/python3.12/site-packages/airflow/example_dags/example_short_circuit_decorator.py took 0.071 seconds
[2026-03-19T07:54:32.472+0000] {processor.py:161} INFO - Started process (PID=37544) to work on /home/airflow/.local/lib/python3.12/site-packages/airflow/example_dags/example_short_circuit_decorator.py
[2026-03-19T07:54:32.472+0000] {processor.py:830} INFO - Processing file /home/airflow/.local/lib/python3.12/site-packages/airflow/example_dags/example_short_circuit_decorator.py for tasks to queue
[2026-03-19T07:54:32.473+0000] {logging_mixin.py:188} INFO - [2026-03-19T07:54:32.473+0000] {dagbag.py:545} INFO - Filling up the DagBag from /home/airflow/.local/lib/python3.12/site-packages/airflow/example_dags/example_short_circuit_decorator.py
[2026-03-19T07:54:32.478+0000] {processor.py:840} INFO - DAG(s) 'example_short_circuit_decorator' retrieved from /home/airflow/.local/lib/python3.12/site-packages/airflow/example_dags/example_short_circuit_decorator.py
[2026-03-19T07:54:32.490+0000] {logging_mixin.py:188} INFO - [2026-03-19T07:54:32.490+0000] {dag.py:3096} INFO - Sync 1 DAGs
[2026-03-19T07:54:32.501+0000] {logging_mixin.py:188} INFO - [2026-03-19T07:54:32.501+0000] {dag.py:3954} INFO - Setting next_dagrun for example_short_circuit_decorator to 2026-03-18 00:00:00+00:00, run_after=2026-03-19 00:00:00+00:00
[2026-03-19T07:54:32.509+0000] {processor.py:183} INFO - Processing /home/airflow/.local/lib/python3.12/site-packages/airflow/example_dags/example_short_circuit_decorator.py took 0.041 seconds
[2026-03-19T07:55:02.914+0000] {processor.py:161} INFO - Started process (PID=37603) to work on /home/airflow/.local/lib/python3.12/site-packages/airflow/example_dags/example_short_circuit_decorator.py
[2026-03-19T07:55:02.915+0000] {processor.py:830} INFO - Processing file /home/airflow/.local/lib/python3.12/site-packages/airflow/example_dags/example_short_circuit_decorator.py for tasks to queue
[2026-03-19T07:55:02.916+0000] {logging_mixin.py:188} INFO - [2026-03-19T07:55:02.916+0000] {dagbag.py:545} INFO - Filling up the DagBag from /home/airflow/.local/lib/python3.12/site-packages/airflow/example_dags/example_short_circuit_decorator.py
[2026-03-19T07:55:02.922+0000] {processor.py:840} INFO - DAG(s) 'example_short_circuit_decorator' retrieved from /home/airflow/.local/lib/python3.12/site-packages/airflow/example_dags/example_short_circuit_decorator.py
[2026-03-19T07:55:02.937+0000] {logging_mixin.py:188} INFO - [2026-03-19T07:55:02.937+0000] {dag.py:3096} INFO - Sync 1 DAGs
[2026-03-19T07:55:02.949+0000] {logging_mixin.py:188} INFO - [2026-03-19T07:55:02.949+0000] {dag.py:3954} INFO - Setting next_dagrun for example_short_circuit_decorator to 2026-03-18 00:00:00+00:00, run_after=2026-03-19 00:00:00+00:00
[2026-03-19T07:55:02.957+0000] {processor.py:183} INFO - Processing /home/airflow/.local/lib/python3.12/site-packages/airflow/example_dags/example_short_circuit_decorator.py took 0.049 seconds
[2026-03-19T07:55:33.497+0000] {processor.py:161} INFO - Started process (PID=37662) to work on /home/airflow/.local/lib/python3.12/site-packages/airflow/example_dags/example_short_circuit_decorator.py
[2026-03-19T07:55:33.499+0000] {processor.py:830} INFO - Processing file /home/airflow/.local/lib/python3.12/site-packages/airflow/example_dags/example_short_circuit_decorator.py for tasks to queue
[2026-03-19T07:55:33.500+0000] {logging_mixin.py:188} INFO - [2026-03-19T07:55:33.499+0000] {dagbag.py:545} INFO - Filling up the DagBag from /home/airflow/.local/lib/python3.12/site-packages/airflow/example_dags/example_short_circuit_decorator.py
[2026-03-19T07:55:33.505+0000] {processor.py:840} INFO - DAG(s) 'example_short_circuit_decorator' retrieved from /home/airflow/.local/lib/python3.12/site-packages/airflow/example_dags/example_short_circuit_decorator.py
[2026-03-19T07:55:33.516+0000] {logging_mixin.py:188} INFO - [2026-03-19T07:55:33.516+0000] {dag.py:3096} INFO - Sync 1 DAGs
[2026-03-19T07:55:33.528+0000] {logging_mixin.py:188} INFO - [2026-03-19T07:55:33.527+0000] {dag.py:3954} INFO - Setting next_dagrun for example_short_circuit_decorator to 2026-03-18 00:00:00+00:00, run_after=2026-03-19 00:00:00+00:00
[2026-03-19T07:55:33.540+0000] {processor.py:183} INFO - Processing /home/airflow/.local/lib/python3.12/site-packages/airflow/example_dags/example_short_circuit_decorator.py took 0.048 seconds
[2026-03-19T07:56:04.068+0000] {processor.py:161} INFO - Started process (PID=37721) to work on /home/airflow/.local/lib/python3.12/site-packages/airflow/example_dags/example_short_circuit_decorator.py
[2026-03-19T07:56:04.069+0000] {processor.py:830} INFO - Processing file /home/airflow/.local/lib/python3.12/site-packages/airflow/example_dags/example_short_circuit_decorator.py for tasks to queue
[2026-03-19T07:56:04.069+0000] {logging_mixin.py:188} INFO - [2026-03-19T07:56:04.069+0000] {dagbag.py:545} INFO - Filling up the DagBag from /home/airflow/.local/lib/python3.12/site-packages/airflow/example_dags/example_short_circuit_decorator.py
[2026-03-19T07:56:04.076+0000] {processor.py:840} INFO - DAG(s) 'example_short_circuit_decorator' retrieved from /home/airflow/.local/lib/python3.12/site-packages/airflow/example_dags/example_short_circuit_decorator.py
[2026-03-19T07:56:04.089+0000] {logging_mixin.py:188} INFO - [2026-03-19T07:56:04.088+0000] {dag.py:3096} INFO - Sync 1 DAGs
[2026-03-19T07:56:04.100+0000] {logging_mixin.py:188} INFO - [2026-03-19T07:56:04.100+0000] {dag.py:3954} INFO - Setting next_dagrun for example_short_circuit_decorator to 2026-03-18 00:00:00+00:00, run_after=2026-03-19 00:00:00+00:00
[2026-03-19T07:56:04.113+0000] {processor.py:183} INFO - Processing /home/airflow/.local/lib/python3.12/site-packages/airflow/example_dags/example_short_circuit_decorator.py took 0.053 seconds
[2026-03-19T07:56:35.020+0000] {processor.py:161} INFO - Started process (PID=37780) to work on /home/airflow/.local/lib/python3.12/site-packages/airflow/example_dags/example_short_circuit_decorator.py
[2026-03-19T07:56:35.021+0000] {processor.py:830} INFO - Processing file /home/airflow/.local/lib/python3.12/site-packages/airflow/example_dags/example_short_circuit_decorator.py for tasks to queue
[2026-03-19T07:56:35.022+0000] {logging_mixin.py:188} INFO - [2026-03-19T07:56:35.022+0000] {dagbag.py:545} INFO - Filling up the DagBag from /home/airflow/.local/lib/python3.12/site-packages/airflow/example_dags/example_short_circuit_decorator.py
[2026-03-19T07:56:35.034+0000] {processor.py:840} INFO - DAG(s) 'example_short_circuit_decorator' retrieved from /home/airflow/.local/lib/python3.12/site-packages/airflow/example_dags/example_short_circuit_decorator.py
[2026-03-19T07:56:35.075+0000] {logging_mixin.py:188} INFO - [2026-03-19T07:56:35.074+0000] {dag.py:3096} INFO - Sync 1 DAGs
[2026-03-19T07:56:35.112+0000] {logging_mixin.py:188} INFO - [2026-03-19T07:56:35.111+0000] {dag.py:3954} INFO - Setting next_dagrun for example_short_circuit_decorator to 2026-03-18 00:00:00+00:00, run_after=2026-03-19 00:00:00+00:00
[2026-03-19T07:56:35.158+0000] {processor.py:183} INFO - Processing /home/airflow/.local/lib/python3.12/site-packages/airflow/example_dags/example_short_circuit_decorator.py took 0.145 seconds
[2026-03-19T07:57:05.774+0000] {processor.py:161} INFO - Started process (PID=37839) to work on /home/airflow/.local/lib/python3.12/site-packages/airflow/example_dags/example_short_circuit_decorator.py
[2026-03-19T07:57:05.775+0000] {processor.py:830} INFO - Processing file /home/airflow/.local/lib/python3.12/site-packages/airflow/example_dags/example_short_circuit_decorator.py for tasks to queue
[2026-03-19T07:57:05.776+0000] {logging_mixin.py:188} INFO - [2026-03-19T07:57:05.775+0000] {dagbag.py:545} INFO - Filling up the DagBag from /home/airflow/.local/lib/python3.12/site-packages/airflow/example_dags/example_short_circuit_decorator.py
[2026-03-19T07:57:05.782+0000] {processor.py:840} INFO - DAG(s) 'example_short_circuit_decorator' retrieved from /home/airflow/.local/lib/python3.12/site-packages/airflow/example_dags/example_short_circuit_decorator.py
[2026-03-19T07:57:05.797+0000] {logging_mixin.py:188} INFO - [2026-03-19T07:57:05.797+0000] {dag.py:3096} INFO - Sync 1 DAGs
[2026-03-19T07:57:05.814+0000] {logging_mixin.py:188} INFO - [2026-03-19T07:57:05.814+0000] {dag.py:3954} INFO - Setting next_dagrun for example_short_circuit_decorator to 2026-03-18 00:00:00+00:00, run_after=2026-03-19 00:00:00+00:00
[2026-03-19T07:57:05.827+0000] {processor.py:183} INFO - Processing /home/airflow/.local/lib/python3.12/site-packages/airflow/example_dags/example_short_circuit_decorator.py took 0.057 seconds
[2026-03-19T07:57:35.923+0000] {processor.py:161} INFO - Started process (PID=37898) to work on /home/airflow/.local/lib/python3.12/site-packages/airflow/example_dags/example_short_circuit_decorator.py
[2026-03-19T07:57:35.924+0000] {processor.py:830} INFO - Processing file /home/airflow/.local/lib/python3.12/site-packages/airflow/example_dags/example_short_circuit_decorator.py for tasks to queue
[2026-03-19T07:57:35.924+0000] {logging_mixin.py:188} INFO - [2026-03-19T07:57:35.924+0000] {dagbag.py:545} INFO - Filling up the DagBag from /home/airflow/.local/lib/python3.12/site-packages/airflow/example_dags/example_short_circuit_decorator.py
[2026-03-19T07:57:35.931+0000] {processor.py:840} INFO - DAG(s) 'example_short_circuit_decorator' retrieved from /home/airflow/.local/lib/python3.12/site-packages/airflow/example_dags/example_short_circuit_decorator.py
[2026-03-19T07:57:35.949+0000] {logging_mixin.py:188} INFO - [2026-03-19T07:57:35.949+0000] {dag.py:3096} INFO - Sync 1 DAGs
[2026-03-19T07:57:35.961+0000] {logging_mixin.py:188} INFO - [2026-03-19T07:57:35.961+0000] {dag.py:3954} INFO - Setting next_dagrun for example_short_circuit_decorator to 2026-03-18 00:00:00+00:00, run_after=2026-03-19 00:00:00+00:00
[2026-03-19T07:57:35.978+0000] {processor.py:183} INFO - Processing /home/airflow/.local/lib/python3.12/site-packages/airflow/example_dags/example_short_circuit_decorator.py took 0.058 seconds
[2026-03-19T07:58:06.193+0000] {processor.py:161} INFO - Started process (PID=37957) to work on /home/airflow/.local/lib/python3.12/site-packages/airflow/example_dags/example_short_circuit_decorator.py
[2026-03-19T07:58:06.194+0000] {processor.py:830} INFO - Processing file /home/airflow/.local/lib/python3.12/site-packages/airflow/example_dags/example_short_circuit_decorator.py for tasks to queue
[2026-03-19T07:58:06.195+0000] {logging_mixin.py:188} INFO - [2026-03-19T07:58:06.194+0000] {dagbag.py:545} INFO - Filling up the DagBag from /home/airflow/.local/lib/python3.12/site-packages/airflow/example_dags/example_short_circuit_decorator.py
[2026-03-19T07:58:06.201+0000] {processor.py:840} INFO - DAG(s) 'example_short_circuit_decorator' retrieved from /home/airflow/.local/lib/python3.12/site-packages/airflow/example_dags/example_short_circuit_decorator.py
[2026-03-19T07:58:06.225+0000] {logging_mixin.py:188} INFO - [2026-03-19T07:58:06.224+0000] {dag.py:3096} INFO - Sync 1 DAGs
[2026-03-19T07:58:06.264+0000] {logging_mixin.py:188} INFO - [2026-03-19T07:58:06.264+0000] {dag.py:3954} INFO - Setting next_dagrun for example_short_circuit_decorator to 2026-03-18 00:00:00+00:00, run_after=2026-03-19 00:00:00+00:00
[2026-03-19T07:58:06.296+0000] {processor.py:183} INFO - Processing /home/airflow/.local/lib/python3.12/site-packages/airflow/example_dags/example_short_circuit_decorator.py took 0.107 seconds
[2026-03-19T07:58:36.398+0000] {processor.py:161} INFO - Started process (PID=38016) to work on /home/airflow/.local/lib/python3.12/site-packages/airflow/example_dags/example_short_circuit_decorator.py
[2026-03-19T07:58:36.399+0000] {processor.py:830} INFO - Processing file /home/airflow/.local/lib/python3.12/site-packages/airflow/example_dags/example_short_circuit_decorator.py for tasks to queue
[2026-03-19T07:58:36.400+0000] {logging_mixin.py:188} INFO - [2026-03-19T07:58:36.400+0000] {dagbag.py:545} INFO - Filling up the DagBag from /home/airflow/.local/lib/python3.12/site-packages/airflow/example_dags/example_short_circuit_decorator.py
[2026-03-19T07:58:36.407+0000] {processor.py:840} INFO - DAG(s) 'example_short_circuit_decorator' retrieved from /home/airflow/.local/lib/python3.12/site-packages/airflow/example_dags/example_short_circuit_decorator.py
[2026-03-19T07:58:36.424+0000] {logging_mixin.py:188} INFO - [2026-03-19T07:58:36.424+0000] {dag.py:3096} INFO - Sync 1 DAGs
[2026-03-19T07:58:36.439+0000] {logging_mixin.py:188} INFO - [2026-03-19T07:58:36.439+0000] {dag.py:3954} INFO - Setting next_dagrun for example_short_circuit_decorator to 2026-03-18 00:00:00+00:00, run_after=2026-03-19 00:00:00+00:00
[2026-03-19T07:58:36.451+0000] {processor.py:183} INFO - Processing /home/airflow/.local/lib/python3.12/site-packages/airflow/example_dags/example_short_circuit_decorator.py took 0.058 seconds
[2026-03-19T07:59:06.774+0000] {processor.py:161} INFO - Started process (PID=38075) to work on /home/airflow/.local/lib/python3.12/site-packages/airflow/example_dags/example_short_circuit_decorator.py
[2026-03-19T07:59:06.776+0000] {processor.py:830} INFO - Processing file /home/airflow/.local/lib/python3.12/site-packages/airflow/example_dags/example_short_circuit_decorator.py for tasks to queue
[2026-03-19T07:59:06.776+0000] {logging_mixin.py:188} INFO - [2026-03-19T07:59:06.776+0000] {dagbag.py:545} INFO - Filling up the DagBag from /home/airflow/.local/lib/python3.12/site-packages/airflow/example_dags/example_short_circuit_decorator.py
[2026-03-19T07:59:06.781+0000] {processor.py:840} INFO - DAG(s) 'example_short_circuit_decorator' retrieved from /home/airflow/.local/lib/python3.12/site-packages/airflow/example_dags/example_short_circuit_decorator.py
[2026-03-19T07:59:06.797+0000] {logging_mixin.py:188} INFO - [2026-03-19T07:59:06.797+0000] {dag.py:3096} INFO - Sync 1 DAGs
[2026-03-19T07:59:06.809+0000] {logging_mixin.py:188} INFO - [2026-03-19T07:59:06.809+0000] {dag.py:3954} INFO - Setting next_dagrun for example_short_circuit_decorator to 2026-03-18 00:00:00+00:00, run_after=2026-03-19 00:00:00+00:00
[2026-03-19T07:59:06.819+0000] {processor.py:183} INFO - Processing /home/airflow/.local/lib/python3.12/site-packages/airflow/example_dags/example_short_circuit_decorator.py took 0.050 seconds
[2026-03-19T07:59:37.712+0000] {processor.py:161} INFO - Started process (PID=38134) to work on /home/airflow/.local/lib/python3.12/site-packages/airflow/example_dags/example_short_circuit_decorator.py
[2026-03-19T07:59:37.717+0000] {processor.py:830} INFO - Processing file /home/airflow/.local/lib/python3.12/site-packages/airflow/example_dags/example_short_circuit_decorator.py for tasks to queue
[2026-03-19T07:59:37.718+0000] {logging_mixin.py:188} INFO - [2026-03-19T07:59:37.718+0000] {dagbag.py:545} INFO - Filling up the DagBag from /home/airflow/.local/lib/python3.12/site-packages/airflow/example_dags/example_short_circuit_decorator.py
[2026-03-19T07:59:37.724+0000] {processor.py:840} INFO - DAG(s) 'example_short_circuit_decorator' retrieved from /home/airflow/.local/lib/python3.12/site-packages/airflow/example_dags/example_short_circuit_decorator.py
[2026-03-19T07:59:37.742+0000] {logging_mixin.py:188} INFO - [2026-03-19T07:59:37.741+0000] {dag.py:3096} INFO - Sync 1 DAGs
[2026-03-19T07:59:37.754+0000] {logging_mixin.py:188} INFO - [2026-03-19T07:59:37.754+0000] {dag.py:3954} INFO - Setting next_dagrun for example_short_circuit_decorator to 2026-03-18 00:00:00+00:00, run_after=2026-03-19 00:00:00+00:00
[2026-03-19T07:59:37.769+0000] {processor.py:183} INFO - Processing /home/airflow/.local/lib/python3.12/site-packages/airflow/example_dags/example_short_circuit_decorator.py took 0.062 seconds
[2026-03-19T08:00:08.496+0000] {processor.py:161} INFO - Started process (PID=38193) to work on /home/airflow/.local/lib/python3.12/site-packages/airflow/example_dags/example_short_circuit_decorator.py
[2026-03-19T08:00:08.497+0000] {processor.py:830} INFO - Processing file /home/airflow/.local/lib/python3.12/site-packages/airflow/example_dags/example_short_circuit_decorator.py for tasks to queue
[2026-03-19T08:00:08.499+0000] {logging_mixin.py:188} INFO - [2026-03-19T08:00:08.498+0000] {dagbag.py:545} INFO - Filling up the DagBag from /home/airflow/.local/lib/python3.12/site-packages/airflow/example_dags/example_short_circuit_decorator.py
[2026-03-19T08:00:08.504+0000] {processor.py:840} INFO - DAG(s) 'example_short_circuit_decorator' retrieved from /home/airflow/.local/lib/python3.12/site-packages/airflow/example_dags/example_short_circuit_decorator.py
[2026-03-19T08:00:08.520+0000] {logging_mixin.py:188} INFO - [2026-03-19T08:00:08.520+0000] {dag.py:3096} INFO - Sync 1 DAGs
[2026-03-19T08:00:08.535+0000] {logging_mixin.py:188} INFO - [2026-03-19T08:00:08.535+0000] {dag.py:3954} INFO - Setting next_dagrun for example_short_circuit_decorator to 2026-03-18 00:00:00+00:00, run_after=2026-03-19 00:00:00+00:00
[2026-03-19T08:00:08.548+0000] {processor.py:183} INFO - Processing /home/airflow/.local/lib/python3.12/site-packages/airflow/example_dags/example_short_circuit_decorator.py took 0.055 seconds
[2026-03-19T08:00:38.746+0000] {processor.py:161} INFO - Started process (PID=38252) to work on /home/airflow/.local/lib/python3.12/site-packages/airflow/example_dags/example_short_circuit_decorator.py
[2026-03-19T08:00:38.749+0000] {processor.py:830} INFO - Processing file /home/airflow/.local/lib/python3.12/site-packages/airflow/example_dags/example_short_circuit_decorator.py for tasks to queue
[2026-03-19T08:00:38.750+0000] {logging_mixin.py:188} INFO - [2026-03-19T08:00:38.750+0000] {dagbag.py:545} INFO - Filling up the DagBag from /home/airflow/.local/lib/python3.12/site-packages/airflow/example_dags/example_short_circuit_decorator.py
[2026-03-19T08:00:38.755+0000] {processor.py:840} INFO - DAG(s) 'example_short_circuit_decorator' retrieved from /home/airflow/.local/lib/python3.12/site-packages/airflow/example_dags/example_short_circuit_decorator.py
[2026-03-19T08:00:38.772+0000] {logging_mixin.py:188} INFO - [2026-03-19T08:00:38.772+0000] {dag.py:3096} INFO - Sync 1 DAGs
[2026-03-19T08:00:38.783+0000] {logging_mixin.py:188} INFO - [2026-03-19T08:00:38.783+0000] {dag.py:3954} INFO - Setting next_dagrun for example_short_circuit_decorator to 2026-03-18 00:00:00+00:00, run_after=2026-03-19 00:00:00+00:00
[2026-03-19T08:00:38.791+0000] {processor.py:183} INFO - Processing /home/airflow/.local/lib/python3.12/site-packages/airflow/example_dags/example_short_circuit_decorator.py took 0.048 seconds
