[2026-03-19T00:12:43.453+0000] {processor.py:161} INFO - Started process (PID=35670) to work on /home/airflow/.local/lib/python3.12/site-packages/airflow/example_dags/example_xcom.py
[2026-03-19T00:12:43.455+0000] {processor.py:830} INFO - Processing file /home/airflow/.local/lib/python3.12/site-packages/airflow/example_dags/example_xcom.py for tasks to queue
[2026-03-19T00:12:43.457+0000] {logging_mixin.py:188} INFO - [2026-03-19T00:12:43.457+0000] {dagbag.py:545} INFO - Filling up the DagBag from /home/airflow/.local/lib/python3.12/site-packages/airflow/example_dags/example_xcom.py
[2026-03-19T00:12:43.462+0000] {processor.py:840} INFO - DAG(s) 'example_xcom' retrieved from /home/airflow/.local/lib/python3.12/site-packages/airflow/example_dags/example_xcom.py
[2026-03-19T00:12:43.477+0000] {logging_mixin.py:188} INFO - [2026-03-19T00:12:43.477+0000] {dag.py:3096} INFO - Sync 1 DAGs
[2026-03-19T00:12:43.489+0000] {logging_mixin.py:188} INFO - [2026-03-19T00:12:43.489+0000] {dag.py:3954} INFO - Setting next_dagrun for example_xcom to 2021-01-01 00:00:00+00:00, run_after=2021-01-01 00:00:00+00:00
[2026-03-19T00:12:43.501+0000] {processor.py:183} INFO - Processing /home/airflow/.local/lib/python3.12/site-packages/airflow/example_dags/example_xcom.py took 0.051 seconds
[2026-03-19T00:46:42.159+0000] {processor.py:161} INFO - Started process (PID=35729) to work on /home/airflow/.local/lib/python3.12/site-packages/airflow/example_dags/example_xcom.py
[2026-03-19T00:46:42.162+0000] {processor.py:830} INFO - Processing file /home/airflow/.local/lib/python3.12/site-packages/airflow/example_dags/example_xcom.py for tasks to queue
[2026-03-19T00:46:42.167+0000] {logging_mixin.py:188} INFO - [2026-03-19T00:46:42.166+0000] {dagbag.py:545} INFO - Filling up the DagBag from /home/airflow/.local/lib/python3.12/site-packages/airflow/example_dags/example_xcom.py
[2026-03-19T00:46:42.194+0000] {processor.py:840} INFO - DAG(s) 'example_xcom' retrieved from /home/airflow/.local/lib/python3.12/site-packages/airflow/example_dags/example_xcom.py
[2026-03-19T00:46:42.236+0000] {logging_mixin.py:188} INFO - [2026-03-19T00:46:42.236+0000] {dag.py:3096} INFO - Sync 1 DAGs
[2026-03-19T00:46:42.306+0000] {logging_mixin.py:188} INFO - [2026-03-19T00:46:42.305+0000] {dag.py:3954} INFO - Setting next_dagrun for example_xcom to 2021-01-01 00:00:00+00:00, run_after=2021-01-01 00:00:00+00:00
[2026-03-19T00:46:42.388+0000] {processor.py:183} INFO - Processing /home/airflow/.local/lib/python3.12/site-packages/airflow/example_dags/example_xcom.py took 0.241 seconds
[2026-03-19T01:13:40.760+0000] {processor.py:161} INFO - Started process (PID=35796) to work on /home/airflow/.local/lib/python3.12/site-packages/airflow/example_dags/example_xcom.py
[2026-03-19T01:13:40.764+0000] {processor.py:830} INFO - Processing file /home/airflow/.local/lib/python3.12/site-packages/airflow/example_dags/example_xcom.py for tasks to queue
[2026-03-19T01:13:40.770+0000] {logging_mixin.py:188} INFO - [2026-03-19T01:13:40.769+0000] {dagbag.py:545} INFO - Filling up the DagBag from /home/airflow/.local/lib/python3.12/site-packages/airflow/example_dags/example_xcom.py
[2026-03-19T01:13:40.797+0000] {processor.py:840} INFO - DAG(s) 'example_xcom' retrieved from /home/airflow/.local/lib/python3.12/site-packages/airflow/example_dags/example_xcom.py
[2026-03-19T01:13:40.858+0000] {logging_mixin.py:188} INFO - [2026-03-19T01:13:40.858+0000] {dag.py:3096} INFO - Sync 1 DAGs
[2026-03-19T01:13:40.929+0000] {logging_mixin.py:188} INFO - [2026-03-19T01:13:40.928+0000] {dag.py:3954} INFO - Setting next_dagrun for example_xcom to 2021-01-01 00:00:00+00:00, run_after=2021-01-01 00:00:00+00:00
[2026-03-19T01:13:41.300+0000] {processor.py:183} INFO - Processing /home/airflow/.local/lib/python3.12/site-packages/airflow/example_dags/example_xcom.py took 0.563 seconds
[2026-03-19T01:30:56.150+0000] {processor.py:161} INFO - Started process (PID=35863) to work on /home/airflow/.local/lib/python3.12/site-packages/airflow/example_dags/example_xcom.py
[2026-03-19T01:30:56.153+0000] {processor.py:830} INFO - Processing file /home/airflow/.local/lib/python3.12/site-packages/airflow/example_dags/example_xcom.py for tasks to queue
[2026-03-19T01:30:56.155+0000] {logging_mixin.py:188} INFO - [2026-03-19T01:30:56.155+0000] {dagbag.py:545} INFO - Filling up the DagBag from /home/airflow/.local/lib/python3.12/site-packages/airflow/example_dags/example_xcom.py
[2026-03-19T01:30:56.164+0000] {processor.py:840} INFO - DAG(s) 'example_xcom' retrieved from /home/airflow/.local/lib/python3.12/site-packages/airflow/example_dags/example_xcom.py
[2026-03-19T01:30:56.194+0000] {logging_mixin.py:188} INFO - [2026-03-19T01:30:56.192+0000] {dag.py:3096} INFO - Sync 1 DAGs
[2026-03-19T01:30:56.226+0000] {logging_mixin.py:188} INFO - [2026-03-19T01:30:56.226+0000] {dag.py:3954} INFO - Setting next_dagrun for example_xcom to 2021-01-01 00:00:00+00:00, run_after=2021-01-01 00:00:00+00:00
[2026-03-19T01:30:56.254+0000] {processor.py:183} INFO - Processing /home/airflow/.local/lib/python3.12/site-packages/airflow/example_dags/example_xcom.py took 0.110 seconds
[2026-03-19T02:15:00.273+0000] {processor.py:161} INFO - Started process (PID=35927) to work on /home/airflow/.local/lib/python3.12/site-packages/airflow/example_dags/example_xcom.py
[2026-03-19T02:15:00.287+0000] {processor.py:830} INFO - Processing file /home/airflow/.local/lib/python3.12/site-packages/airflow/example_dags/example_xcom.py for tasks to queue
[2026-03-19T02:15:00.294+0000] {logging_mixin.py:188} INFO - [2026-03-19T02:15:00.292+0000] {dagbag.py:545} INFO - Filling up the DagBag from /home/airflow/.local/lib/python3.12/site-packages/airflow/example_dags/example_xcom.py
[2026-03-19T02:15:00.353+0000] {processor.py:840} INFO - DAG(s) 'example_xcom' retrieved from /home/airflow/.local/lib/python3.12/site-packages/airflow/example_dags/example_xcom.py
[2026-03-19T02:15:00.471+0000] {logging_mixin.py:188} INFO - [2026-03-19T02:15:00.471+0000] {dag.py:3096} INFO - Sync 1 DAGs
[2026-03-19T02:15:00.598+0000] {logging_mixin.py:188} INFO - [2026-03-19T02:15:00.595+0000] {dag.py:3954} INFO - Setting next_dagrun for example_xcom to 2021-01-01 00:00:00+00:00, run_after=2021-01-01 00:00:00+00:00
[2026-03-19T02:15:00.695+0000] {processor.py:183} INFO - Processing /home/airflow/.local/lib/python3.12/site-packages/airflow/example_dags/example_xcom.py took 0.476 seconds
[2026-03-19T02:15:31.185+0000] {processor.py:161} INFO - Started process (PID=35994) to work on /home/airflow/.local/lib/python3.12/site-packages/airflow/example_dags/example_xcom.py
[2026-03-19T02:15:31.193+0000] {processor.py:830} INFO - Processing file /home/airflow/.local/lib/python3.12/site-packages/airflow/example_dags/example_xcom.py for tasks to queue
[2026-03-19T02:15:31.200+0000] {logging_mixin.py:188} INFO - [2026-03-19T02:15:31.198+0000] {dagbag.py:545} INFO - Filling up the DagBag from /home/airflow/.local/lib/python3.12/site-packages/airflow/example_dags/example_xcom.py
[2026-03-19T02:15:31.245+0000] {processor.py:840} INFO - DAG(s) 'example_xcom' retrieved from /home/airflow/.local/lib/python3.12/site-packages/airflow/example_dags/example_xcom.py
[2026-03-19T02:15:31.333+0000] {logging_mixin.py:188} INFO - [2026-03-19T02:15:31.332+0000] {dag.py:3096} INFO - Sync 1 DAGs
[2026-03-19T02:15:31.424+0000] {logging_mixin.py:188} INFO - [2026-03-19T02:15:31.423+0000] {dag.py:3954} INFO - Setting next_dagrun for example_xcom to 2021-01-01 00:00:00+00:00, run_after=2021-01-01 00:00:00+00:00
[2026-03-19T02:15:31.489+0000] {processor.py:183} INFO - Processing /home/airflow/.local/lib/python3.12/site-packages/airflow/example_dags/example_xcom.py took 0.330 seconds
[2026-03-19T03:06:03.099+0000] {processor.py:161} INFO - Started process (PID=36013) to work on /home/airflow/.local/lib/python3.12/site-packages/airflow/example_dags/example_xcom.py
[2026-03-19T03:06:03.107+0000] {processor.py:830} INFO - Processing file /home/airflow/.local/lib/python3.12/site-packages/airflow/example_dags/example_xcom.py for tasks to queue
[2026-03-19T03:06:03.109+0000] {logging_mixin.py:188} INFO - [2026-03-19T03:06:03.108+0000] {dagbag.py:545} INFO - Filling up the DagBag from /home/airflow/.local/lib/python3.12/site-packages/airflow/example_dags/example_xcom.py
[2026-03-19T03:06:03.129+0000] {processor.py:840} INFO - DAG(s) 'example_xcom' retrieved from /home/airflow/.local/lib/python3.12/site-packages/airflow/example_dags/example_xcom.py
[2026-03-19T03:06:03.169+0000] {logging_mixin.py:188} INFO - [2026-03-19T03:06:03.169+0000] {dag.py:3096} INFO - Sync 1 DAGs
[2026-03-19T03:06:03.211+0000] {logging_mixin.py:188} INFO - [2026-03-19T03:06:03.211+0000] {dag.py:3954} INFO - Setting next_dagrun for example_xcom to 2021-01-01 00:00:00+00:00, run_after=2021-01-01 00:00:00+00:00
[2026-03-19T03:06:03.250+0000] {processor.py:183} INFO - Processing /home/airflow/.local/lib/python3.12/site-packages/airflow/example_dags/example_xcom.py took 0.160 seconds
[2026-03-19T03:06:34.041+0000] {processor.py:161} INFO - Started process (PID=36084) to work on /home/airflow/.local/lib/python3.12/site-packages/airflow/example_dags/example_xcom.py
[2026-03-19T03:06:34.042+0000] {processor.py:830} INFO - Processing file /home/airflow/.local/lib/python3.12/site-packages/airflow/example_dags/example_xcom.py for tasks to queue
[2026-03-19T03:06:34.043+0000] {logging_mixin.py:188} INFO - [2026-03-19T03:06:34.042+0000] {dagbag.py:545} INFO - Filling up the DagBag from /home/airflow/.local/lib/python3.12/site-packages/airflow/example_dags/example_xcom.py
[2026-03-19T03:06:34.046+0000] {processor.py:840} INFO - DAG(s) 'example_xcom' retrieved from /home/airflow/.local/lib/python3.12/site-packages/airflow/example_dags/example_xcom.py
[2026-03-19T03:06:34.058+0000] {logging_mixin.py:188} INFO - [2026-03-19T03:06:34.058+0000] {dag.py:3096} INFO - Sync 1 DAGs
[2026-03-19T03:06:34.069+0000] {logging_mixin.py:188} INFO - [2026-03-19T03:06:34.069+0000] {dag.py:3954} INFO - Setting next_dagrun for example_xcom to 2021-01-01 00:00:00+00:00, run_after=2021-01-01 00:00:00+00:00
[2026-03-19T03:06:34.084+0000] {processor.py:183} INFO - Processing /home/airflow/.local/lib/python3.12/site-packages/airflow/example_dags/example_xcom.py took 0.046 seconds
[2026-03-19T03:15:41.268+0000] {processor.py:161} INFO - Started process (PID=36143) to work on /home/airflow/.local/lib/python3.12/site-packages/airflow/example_dags/example_xcom.py
[2026-03-19T03:15:41.269+0000] {processor.py:830} INFO - Processing file /home/airflow/.local/lib/python3.12/site-packages/airflow/example_dags/example_xcom.py for tasks to queue
[2026-03-19T03:15:41.269+0000] {logging_mixin.py:188} INFO - [2026-03-19T03:15:41.269+0000] {dagbag.py:545} INFO - Filling up the DagBag from /home/airflow/.local/lib/python3.12/site-packages/airflow/example_dags/example_xcom.py
[2026-03-19T03:15:41.274+0000] {processor.py:840} INFO - DAG(s) 'example_xcom' retrieved from /home/airflow/.local/lib/python3.12/site-packages/airflow/example_dags/example_xcom.py
[2026-03-19T03:15:41.295+0000] {logging_mixin.py:188} INFO - [2026-03-19T03:15:41.295+0000] {dag.py:3096} INFO - Sync 1 DAGs
[2026-03-19T03:15:41.309+0000] {logging_mixin.py:188} INFO - [2026-03-19T03:15:41.309+0000] {dag.py:3954} INFO - Setting next_dagrun for example_xcom to 2021-01-01 00:00:00+00:00, run_after=2021-01-01 00:00:00+00:00
[2026-03-19T03:15:41.320+0000] {processor.py:183} INFO - Processing /home/airflow/.local/lib/python3.12/site-packages/airflow/example_dags/example_xcom.py took 0.056 seconds
[2026-03-19T03:31:55.432+0000] {processor.py:161} INFO - Started process (PID=36202) to work on /home/airflow/.local/lib/python3.12/site-packages/airflow/example_dags/example_xcom.py
[2026-03-19T03:31:55.435+0000] {processor.py:830} INFO - Processing file /home/airflow/.local/lib/python3.12/site-packages/airflow/example_dags/example_xcom.py for tasks to queue
[2026-03-19T03:31:55.439+0000] {logging_mixin.py:188} INFO - [2026-03-19T03:31:55.439+0000] {dagbag.py:545} INFO - Filling up the DagBag from /home/airflow/.local/lib/python3.12/site-packages/airflow/example_dags/example_xcom.py
[2026-03-19T03:31:55.460+0000] {processor.py:840} INFO - DAG(s) 'example_xcom' retrieved from /home/airflow/.local/lib/python3.12/site-packages/airflow/example_dags/example_xcom.py
[2026-03-19T03:31:55.542+0000] {logging_mixin.py:188} INFO - [2026-03-19T03:31:55.541+0000] {dag.py:3096} INFO - Sync 1 DAGs
[2026-03-19T03:31:55.613+0000] {logging_mixin.py:188} INFO - [2026-03-19T03:31:55.613+0000] {dag.py:3954} INFO - Setting next_dagrun for example_xcom to 2021-01-01 00:00:00+00:00, run_after=2021-01-01 00:00:00+00:00
[2026-03-19T03:31:55.665+0000] {processor.py:183} INFO - Processing /home/airflow/.local/lib/python3.12/site-packages/airflow/example_dags/example_xcom.py took 0.257 seconds
[2026-03-19T04:16:39.314+0000] {processor.py:161} INFO - Started process (PID=36269) to work on /home/airflow/.local/lib/python3.12/site-packages/airflow/example_dags/example_xcom.py
[2026-03-19T04:16:39.318+0000] {processor.py:830} INFO - Processing file /home/airflow/.local/lib/python3.12/site-packages/airflow/example_dags/example_xcom.py for tasks to queue
[2026-03-19T04:16:39.321+0000] {logging_mixin.py:188} INFO - [2026-03-19T04:16:39.321+0000] {dagbag.py:545} INFO - Filling up the DagBag from /home/airflow/.local/lib/python3.12/site-packages/airflow/example_dags/example_xcom.py
[2026-03-19T04:16:39.335+0000] {processor.py:840} INFO - DAG(s) 'example_xcom' retrieved from /home/airflow/.local/lib/python3.12/site-packages/airflow/example_dags/example_xcom.py
[2026-03-19T04:16:39.418+0000] {logging_mixin.py:188} INFO - [2026-03-19T04:16:39.417+0000] {dag.py:3096} INFO - Sync 1 DAGs
[2026-03-19T04:16:39.474+0000] {logging_mixin.py:188} INFO - [2026-03-19T04:16:39.474+0000] {dag.py:3954} INFO - Setting next_dagrun for example_xcom to 2021-01-01 00:00:00+00:00, run_after=2021-01-01 00:00:00+00:00
[2026-03-19T04:16:39.535+0000] {processor.py:183} INFO - Processing /home/airflow/.local/lib/python3.12/site-packages/airflow/example_dags/example_xcom.py took 0.235 seconds
[2026-03-19T04:17:11.429+0000] {processor.py:161} INFO - Started process (PID=36336) to work on /home/airflow/.local/lib/python3.12/site-packages/airflow/example_dags/example_xcom.py
[2026-03-19T04:17:11.438+0000] {processor.py:830} INFO - Processing file /home/airflow/.local/lib/python3.12/site-packages/airflow/example_dags/example_xcom.py for tasks to queue
[2026-03-19T04:17:11.443+0000] {logging_mixin.py:188} INFO - [2026-03-19T04:17:11.441+0000] {dagbag.py:545} INFO - Filling up the DagBag from /home/airflow/.local/lib/python3.12/site-packages/airflow/example_dags/example_xcom.py
[2026-03-19T04:17:11.505+0000] {processor.py:840} INFO - DAG(s) 'example_xcom' retrieved from /home/airflow/.local/lib/python3.12/site-packages/airflow/example_dags/example_xcom.py
[2026-03-19T04:17:11.606+0000] {logging_mixin.py:188} INFO - [2026-03-19T04:17:11.605+0000] {dag.py:3096} INFO - Sync 1 DAGs
[2026-03-19T04:17:11.775+0000] {logging_mixin.py:188} INFO - [2026-03-19T04:17:11.772+0000] {dag.py:3954} INFO - Setting next_dagrun for example_xcom to 2021-01-01 00:00:00+00:00, run_after=2021-01-01 00:00:00+00:00
[2026-03-19T04:17:11.857+0000] {processor.py:183} INFO - Processing /home/airflow/.local/lib/python3.12/site-packages/airflow/example_dags/example_xcom.py took 0.490 seconds
[2026-03-19T05:17:35.912+0000] {processor.py:161} INFO - Started process (PID=36395) to work on /home/airflow/.local/lib/python3.12/site-packages/airflow/example_dags/example_xcom.py
[2026-03-19T05:17:35.914+0000] {processor.py:830} INFO - Processing file /home/airflow/.local/lib/python3.12/site-packages/airflow/example_dags/example_xcom.py for tasks to queue
[2026-03-19T05:17:35.915+0000] {logging_mixin.py:188} INFO - [2026-03-19T05:17:35.915+0000] {dagbag.py:545} INFO - Filling up the DagBag from /home/airflow/.local/lib/python3.12/site-packages/airflow/example_dags/example_xcom.py
[2026-03-19T05:17:35.922+0000] {processor.py:840} INFO - DAG(s) 'example_xcom' retrieved from /home/airflow/.local/lib/python3.12/site-packages/airflow/example_dags/example_xcom.py
[2026-03-19T05:17:35.939+0000] {logging_mixin.py:188} INFO - [2026-03-19T05:17:35.939+0000] {dag.py:3096} INFO - Sync 1 DAGs
[2026-03-19T05:17:35.954+0000] {logging_mixin.py:188} INFO - [2026-03-19T05:17:35.954+0000] {dag.py:3954} INFO - Setting next_dagrun for example_xcom to 2021-01-01 00:00:00+00:00, run_after=2021-01-01 00:00:00+00:00
[2026-03-19T05:17:35.969+0000] {processor.py:183} INFO - Processing /home/airflow/.local/lib/python3.12/site-packages/airflow/example_dags/example_xcom.py took 0.068 seconds
[2026-03-19T05:18:06.810+0000] {processor.py:161} INFO - Started process (PID=36454) to work on /home/airflow/.local/lib/python3.12/site-packages/airflow/example_dags/example_xcom.py
[2026-03-19T05:18:06.811+0000] {processor.py:830} INFO - Processing file /home/airflow/.local/lib/python3.12/site-packages/airflow/example_dags/example_xcom.py for tasks to queue
[2026-03-19T05:18:06.812+0000] {logging_mixin.py:188} INFO - [2026-03-19T05:18:06.811+0000] {dagbag.py:545} INFO - Filling up the DagBag from /home/airflow/.local/lib/python3.12/site-packages/airflow/example_dags/example_xcom.py
[2026-03-19T05:18:06.816+0000] {processor.py:840} INFO - DAG(s) 'example_xcom' retrieved from /home/airflow/.local/lib/python3.12/site-packages/airflow/example_dags/example_xcom.py
[2026-03-19T05:18:06.829+0000] {logging_mixin.py:188} INFO - [2026-03-19T05:18:06.829+0000] {dag.py:3096} INFO - Sync 1 DAGs
[2026-03-19T05:18:06.839+0000] {logging_mixin.py:188} INFO - [2026-03-19T05:18:06.839+0000] {dag.py:3954} INFO - Setting next_dagrun for example_xcom to 2021-01-01 00:00:00+00:00, run_after=2021-01-01 00:00:00+00:00
[2026-03-19T05:18:06.850+0000] {processor.py:183} INFO - Processing /home/airflow/.local/lib/python3.12/site-packages/airflow/example_dags/example_xcom.py took 0.043 seconds
[2026-03-19T06:18:31.867+0000] {processor.py:161} INFO - Started process (PID=36513) to work on /home/airflow/.local/lib/python3.12/site-packages/airflow/example_dags/example_xcom.py
[2026-03-19T06:18:31.870+0000] {processor.py:830} INFO - Processing file /home/airflow/.local/lib/python3.12/site-packages/airflow/example_dags/example_xcom.py for tasks to queue
[2026-03-19T06:18:31.871+0000] {logging_mixin.py:188} INFO - [2026-03-19T06:18:31.871+0000] {dagbag.py:545} INFO - Filling up the DagBag from /home/airflow/.local/lib/python3.12/site-packages/airflow/example_dags/example_xcom.py
[2026-03-19T06:18:31.881+0000] {processor.py:840} INFO - DAG(s) 'example_xcom' retrieved from /home/airflow/.local/lib/python3.12/site-packages/airflow/example_dags/example_xcom.py
[2026-03-19T06:18:31.913+0000] {logging_mixin.py:188} INFO - [2026-03-19T06:18:31.912+0000] {dag.py:3096} INFO - Sync 1 DAGs
[2026-03-19T06:18:31.955+0000] {logging_mixin.py:188} INFO - [2026-03-19T06:18:31.955+0000] {dag.py:3954} INFO - Setting next_dagrun for example_xcom to 2021-01-01 00:00:00+00:00, run_after=2021-01-01 00:00:00+00:00
[2026-03-19T06:18:31.993+0000] {processor.py:183} INFO - Processing /home/airflow/.local/lib/python3.12/site-packages/airflow/example_dags/example_xcom.py took 0.130 seconds
[2026-03-19T06:19:02.160+0000] {processor.py:161} INFO - Started process (PID=36580) to work on /home/airflow/.local/lib/python3.12/site-packages/airflow/example_dags/example_xcom.py
[2026-03-19T06:19:02.162+0000] {processor.py:830} INFO - Processing file /home/airflow/.local/lib/python3.12/site-packages/airflow/example_dags/example_xcom.py for tasks to queue
[2026-03-19T06:19:02.163+0000] {logging_mixin.py:188} INFO - [2026-03-19T06:19:02.163+0000] {dagbag.py:545} INFO - Filling up the DagBag from /home/airflow/.local/lib/python3.12/site-packages/airflow/example_dags/example_xcom.py
[2026-03-19T06:19:02.173+0000] {processor.py:840} INFO - DAG(s) 'example_xcom' retrieved from /home/airflow/.local/lib/python3.12/site-packages/airflow/example_dags/example_xcom.py
[2026-03-19T06:19:02.191+0000] {logging_mixin.py:188} INFO - [2026-03-19T06:19:02.190+0000] {dag.py:3096} INFO - Sync 1 DAGs
[2026-03-19T06:19:02.204+0000] {logging_mixin.py:188} INFO - [2026-03-19T06:19:02.204+0000] {dag.py:3954} INFO - Setting next_dagrun for example_xcom to 2021-01-01 00:00:00+00:00, run_after=2021-01-01 00:00:00+00:00
[2026-03-19T06:19:02.216+0000] {processor.py:183} INFO - Processing /home/airflow/.local/lib/python3.12/site-packages/airflow/example_dags/example_xcom.py took 0.065 seconds
[2026-03-19T07:19:29.433+0000] {processor.py:161} INFO - Started process (PID=36639) to work on /home/airflow/.local/lib/python3.12/site-packages/airflow/example_dags/example_xcom.py
[2026-03-19T07:19:29.435+0000] {processor.py:830} INFO - Processing file /home/airflow/.local/lib/python3.12/site-packages/airflow/example_dags/example_xcom.py for tasks to queue
[2026-03-19T07:19:29.436+0000] {logging_mixin.py:188} INFO - [2026-03-19T07:19:29.436+0000] {dagbag.py:545} INFO - Filling up the DagBag from /home/airflow/.local/lib/python3.12/site-packages/airflow/example_dags/example_xcom.py
[2026-03-19T07:19:29.458+0000] {processor.py:840} INFO - DAG(s) 'example_xcom' retrieved from /home/airflow/.local/lib/python3.12/site-packages/airflow/example_dags/example_xcom.py
[2026-03-19T07:19:29.563+0000] {logging_mixin.py:188} INFO - [2026-03-19T07:19:29.563+0000] {dag.py:3096} INFO - Sync 1 DAGs
[2026-03-19T07:19:29.662+0000] {logging_mixin.py:188} INFO - [2026-03-19T07:19:29.659+0000] {dag.py:3954} INFO - Setting next_dagrun for example_xcom to 2021-01-01 00:00:00+00:00, run_after=2021-01-01 00:00:00+00:00
[2026-03-19T07:19:29.825+0000] {processor.py:183} INFO - Processing /home/airflow/.local/lib/python3.12/site-packages/airflow/example_dags/example_xcom.py took 0.403 seconds
[2026-03-19T07:20:00.336+0000] {processor.py:161} INFO - Started process (PID=36707) to work on /home/airflow/.local/lib/python3.12/site-packages/airflow/example_dags/example_xcom.py
[2026-03-19T07:20:00.337+0000] {processor.py:830} INFO - Processing file /home/airflow/.local/lib/python3.12/site-packages/airflow/example_dags/example_xcom.py for tasks to queue
[2026-03-19T07:20:00.337+0000] {logging_mixin.py:188} INFO - [2026-03-19T07:20:00.337+0000] {dagbag.py:545} INFO - Filling up the DagBag from /home/airflow/.local/lib/python3.12/site-packages/airflow/example_dags/example_xcom.py
[2026-03-19T07:20:00.344+0000] {processor.py:840} INFO - DAG(s) 'example_xcom' retrieved from /home/airflow/.local/lib/python3.12/site-packages/airflow/example_dags/example_xcom.py
[2026-03-19T07:20:00.369+0000] {logging_mixin.py:188} INFO - [2026-03-19T07:20:00.368+0000] {dag.py:3096} INFO - Sync 1 DAGs
[2026-03-19T07:20:00.381+0000] {logging_mixin.py:188} INFO - [2026-03-19T07:20:00.381+0000] {dag.py:3954} INFO - Setting next_dagrun for example_xcom to 2021-01-01 00:00:00+00:00, run_after=2021-01-01 00:00:00+00:00
[2026-03-19T07:20:00.395+0000] {processor.py:183} INFO - Processing /home/airflow/.local/lib/python3.12/site-packages/airflow/example_dags/example_xcom.py took 0.064 seconds
[2026-03-19T07:37:28.295+0000] {processor.py:161} INFO - Started process (PID=36765) to work on /home/airflow/.local/lib/python3.12/site-packages/airflow/example_dags/example_xcom.py
[2026-03-19T07:37:28.298+0000] {processor.py:830} INFO - Processing file /home/airflow/.local/lib/python3.12/site-packages/airflow/example_dags/example_xcom.py for tasks to queue
[2026-03-19T07:37:28.300+0000] {logging_mixin.py:188} INFO - [2026-03-19T07:37:28.300+0000] {dagbag.py:545} INFO - Filling up the DagBag from /home/airflow/.local/lib/python3.12/site-packages/airflow/example_dags/example_xcom.py
[2026-03-19T07:37:28.315+0000] {processor.py:840} INFO - DAG(s) 'example_xcom' retrieved from /home/airflow/.local/lib/python3.12/site-packages/airflow/example_dags/example_xcom.py
[2026-03-19T07:37:28.361+0000] {logging_mixin.py:188} INFO - [2026-03-19T07:37:28.360+0000] {dag.py:3096} INFO - Sync 1 DAGs
[2026-03-19T07:37:28.408+0000] {logging_mixin.py:188} INFO - [2026-03-19T07:37:28.407+0000] {dag.py:3954} INFO - Setting next_dagrun for example_xcom to 2021-01-01 00:00:00+00:00, run_after=2021-01-01 00:00:00+00:00
[2026-03-19T07:37:28.451+0000] {processor.py:183} INFO - Processing /home/airflow/.local/lib/python3.12/site-packages/airflow/example_dags/example_xcom.py took 0.164 seconds
[2026-03-19T07:37:59.167+0000] {processor.py:161} INFO - Started process (PID=36832) to work on /home/airflow/.local/lib/python3.12/site-packages/airflow/example_dags/example_xcom.py
[2026-03-19T07:37:59.169+0000] {processor.py:830} INFO - Processing file /home/airflow/.local/lib/python3.12/site-packages/airflow/example_dags/example_xcom.py for tasks to queue
[2026-03-19T07:37:59.169+0000] {logging_mixin.py:188} INFO - [2026-03-19T07:37:59.169+0000] {dagbag.py:545} INFO - Filling up the DagBag from /home/airflow/.local/lib/python3.12/site-packages/airflow/example_dags/example_xcom.py
[2026-03-19T07:37:59.174+0000] {processor.py:840} INFO - DAG(s) 'example_xcom' retrieved from /home/airflow/.local/lib/python3.12/site-packages/airflow/example_dags/example_xcom.py
[2026-03-19T07:37:59.198+0000] {logging_mixin.py:188} INFO - [2026-03-19T07:37:59.198+0000] {dag.py:3096} INFO - Sync 1 DAGs
[2026-03-19T07:37:59.216+0000] {logging_mixin.py:188} INFO - [2026-03-19T07:37:59.215+0000] {dag.py:3954} INFO - Setting next_dagrun for example_xcom to 2021-01-01 00:00:00+00:00, run_after=2021-01-01 00:00:00+00:00
[2026-03-19T07:37:59.236+0000] {processor.py:183} INFO - Processing /home/airflow/.local/lib/python3.12/site-packages/airflow/example_dags/example_xcom.py took 0.073 seconds
[2026-03-19T07:48:55.368+0000] {processor.py:161} INFO - Started process (PID=36891) to work on /home/airflow/.local/lib/python3.12/site-packages/airflow/example_dags/example_xcom.py
[2026-03-19T07:48:55.369+0000] {processor.py:830} INFO - Processing file /home/airflow/.local/lib/python3.12/site-packages/airflow/example_dags/example_xcom.py for tasks to queue
[2026-03-19T07:48:55.370+0000] {logging_mixin.py:188} INFO - [2026-03-19T07:48:55.369+0000] {dagbag.py:545} INFO - Filling up the DagBag from /home/airflow/.local/lib/python3.12/site-packages/airflow/example_dags/example_xcom.py
[2026-03-19T07:48:55.380+0000] {processor.py:840} INFO - DAG(s) 'example_xcom' retrieved from /home/airflow/.local/lib/python3.12/site-packages/airflow/example_dags/example_xcom.py
[2026-03-19T07:48:55.400+0000] {logging_mixin.py:188} INFO - [2026-03-19T07:48:55.400+0000] {dag.py:3096} INFO - Sync 1 DAGs
[2026-03-19T07:48:55.413+0000] {logging_mixin.py:188} INFO - [2026-03-19T07:48:55.413+0000] {dag.py:3954} INFO - Setting next_dagrun for example_xcom to 2021-01-01 00:00:00+00:00, run_after=2021-01-01 00:00:00+00:00
[2026-03-19T07:48:55.424+0000] {processor.py:183} INFO - Processing /home/airflow/.local/lib/python3.12/site-packages/airflow/example_dags/example_xcom.py took 0.062 seconds
[2026-03-19T07:49:26.281+0000] {processor.py:161} INFO - Started process (PID=36950) to work on /home/airflow/.local/lib/python3.12/site-packages/airflow/example_dags/example_xcom.py
[2026-03-19T07:49:26.283+0000] {processor.py:830} INFO - Processing file /home/airflow/.local/lib/python3.12/site-packages/airflow/example_dags/example_xcom.py for tasks to queue
[2026-03-19T07:49:26.287+0000] {logging_mixin.py:188} INFO - [2026-03-19T07:49:26.287+0000] {dagbag.py:545} INFO - Filling up the DagBag from /home/airflow/.local/lib/python3.12/site-packages/airflow/example_dags/example_xcom.py
[2026-03-19T07:49:26.302+0000] {processor.py:840} INFO - DAG(s) 'example_xcom' retrieved from /home/airflow/.local/lib/python3.12/site-packages/airflow/example_dags/example_xcom.py
[2026-03-19T07:49:26.378+0000] {logging_mixin.py:188} INFO - [2026-03-19T07:49:26.378+0000] {dag.py:3096} INFO - Sync 1 DAGs
[2026-03-19T07:49:26.440+0000] {logging_mixin.py:188} INFO - [2026-03-19T07:49:26.440+0000] {dag.py:3954} INFO - Setting next_dagrun for example_xcom to 2021-01-01 00:00:00+00:00, run_after=2021-01-01 00:00:00+00:00
[2026-03-19T07:49:26.475+0000] {processor.py:183} INFO - Processing /home/airflow/.local/lib/python3.12/site-packages/airflow/example_dags/example_xcom.py took 0.198 seconds
[2026-03-19T07:49:57.422+0000] {processor.py:161} INFO - Started process (PID=37009) to work on /home/airflow/.local/lib/python3.12/site-packages/airflow/example_dags/example_xcom.py
[2026-03-19T07:49:57.428+0000] {processor.py:830} INFO - Processing file /home/airflow/.local/lib/python3.12/site-packages/airflow/example_dags/example_xcom.py for tasks to queue
[2026-03-19T07:49:57.430+0000] {logging_mixin.py:188} INFO - [2026-03-19T07:49:57.430+0000] {dagbag.py:545} INFO - Filling up the DagBag from /home/airflow/.local/lib/python3.12/site-packages/airflow/example_dags/example_xcom.py
[2026-03-19T07:49:57.442+0000] {processor.py:840} INFO - DAG(s) 'example_xcom' retrieved from /home/airflow/.local/lib/python3.12/site-packages/airflow/example_dags/example_xcom.py
[2026-03-19T07:49:57.461+0000] {logging_mixin.py:188} INFO - [2026-03-19T07:49:57.461+0000] {dag.py:3096} INFO - Sync 1 DAGs
[2026-03-19T07:49:57.472+0000] {logging_mixin.py:188} INFO - [2026-03-19T07:49:57.472+0000] {dag.py:3954} INFO - Setting next_dagrun for example_xcom to 2021-01-01 00:00:00+00:00, run_after=2021-01-01 00:00:00+00:00
[2026-03-19T07:49:57.484+0000] {processor.py:183} INFO - Processing /home/airflow/.local/lib/python3.12/site-packages/airflow/example_dags/example_xcom.py took 0.066 seconds
[2026-03-19T07:50:27.882+0000] {processor.py:161} INFO - Started process (PID=37068) to work on /home/airflow/.local/lib/python3.12/site-packages/airflow/example_dags/example_xcom.py
[2026-03-19T07:50:27.883+0000] {processor.py:830} INFO - Processing file /home/airflow/.local/lib/python3.12/site-packages/airflow/example_dags/example_xcom.py for tasks to queue
[2026-03-19T07:50:27.885+0000] {logging_mixin.py:188} INFO - [2026-03-19T07:50:27.884+0000] {dagbag.py:545} INFO - Filling up the DagBag from /home/airflow/.local/lib/python3.12/site-packages/airflow/example_dags/example_xcom.py
[2026-03-19T07:50:27.891+0000] {processor.py:840} INFO - DAG(s) 'example_xcom' retrieved from /home/airflow/.local/lib/python3.12/site-packages/airflow/example_dags/example_xcom.py
[2026-03-19T07:50:27.907+0000] {logging_mixin.py:188} INFO - [2026-03-19T07:50:27.906+0000] {dag.py:3096} INFO - Sync 1 DAGs
[2026-03-19T07:50:27.920+0000] {logging_mixin.py:188} INFO - [2026-03-19T07:50:27.920+0000] {dag.py:3954} INFO - Setting next_dagrun for example_xcom to 2021-01-01 00:00:00+00:00, run_after=2021-01-01 00:00:00+00:00
[2026-03-19T07:50:27.946+0000] {processor.py:183} INFO - Processing /home/airflow/.local/lib/python3.12/site-packages/airflow/example_dags/example_xcom.py took 0.073 seconds
[2026-03-19T07:50:58.504+0000] {processor.py:161} INFO - Started process (PID=37127) to work on /home/airflow/.local/lib/python3.12/site-packages/airflow/example_dags/example_xcom.py
[2026-03-19T07:50:58.505+0000] {processor.py:830} INFO - Processing file /home/airflow/.local/lib/python3.12/site-packages/airflow/example_dags/example_xcom.py for tasks to queue
[2026-03-19T07:50:58.506+0000] {logging_mixin.py:188} INFO - [2026-03-19T07:50:58.506+0000] {dagbag.py:545} INFO - Filling up the DagBag from /home/airflow/.local/lib/python3.12/site-packages/airflow/example_dags/example_xcom.py
[2026-03-19T07:50:58.510+0000] {processor.py:840} INFO - DAG(s) 'example_xcom' retrieved from /home/airflow/.local/lib/python3.12/site-packages/airflow/example_dags/example_xcom.py
[2026-03-19T07:50:58.524+0000] {logging_mixin.py:188} INFO - [2026-03-19T07:50:58.524+0000] {dag.py:3096} INFO - Sync 1 DAGs
[2026-03-19T07:50:58.548+0000] {logging_mixin.py:188} INFO - [2026-03-19T07:50:58.548+0000] {dag.py:3954} INFO - Setting next_dagrun for example_xcom to 2021-01-01 00:00:00+00:00, run_after=2021-01-01 00:00:00+00:00
[2026-03-19T07:50:58.563+0000] {processor.py:183} INFO - Processing /home/airflow/.local/lib/python3.12/site-packages/airflow/example_dags/example_xcom.py took 0.063 seconds
[2026-03-19T07:51:28.911+0000] {processor.py:161} INFO - Started process (PID=37186) to work on /home/airflow/.local/lib/python3.12/site-packages/airflow/example_dags/example_xcom.py
[2026-03-19T07:51:28.912+0000] {processor.py:830} INFO - Processing file /home/airflow/.local/lib/python3.12/site-packages/airflow/example_dags/example_xcom.py for tasks to queue
[2026-03-19T07:51:28.912+0000] {logging_mixin.py:188} INFO - [2026-03-19T07:51:28.912+0000] {dagbag.py:545} INFO - Filling up the DagBag from /home/airflow/.local/lib/python3.12/site-packages/airflow/example_dags/example_xcom.py
[2026-03-19T07:51:28.916+0000] {processor.py:840} INFO - DAG(s) 'example_xcom' retrieved from /home/airflow/.local/lib/python3.12/site-packages/airflow/example_dags/example_xcom.py
[2026-03-19T07:51:28.927+0000] {logging_mixin.py:188} INFO - [2026-03-19T07:51:28.927+0000] {dag.py:3096} INFO - Sync 1 DAGs
[2026-03-19T07:51:28.939+0000] {logging_mixin.py:188} INFO - [2026-03-19T07:51:28.939+0000] {dag.py:3954} INFO - Setting next_dagrun for example_xcom to 2021-01-01 00:00:00+00:00, run_after=2021-01-01 00:00:00+00:00
[2026-03-19T07:51:28.949+0000] {processor.py:183} INFO - Processing /home/airflow/.local/lib/python3.12/site-packages/airflow/example_dags/example_xcom.py took 0.041 seconds
[2026-03-19T07:51:59.826+0000] {processor.py:161} INFO - Started process (PID=37245) to work on /home/airflow/.local/lib/python3.12/site-packages/airflow/example_dags/example_xcom.py
[2026-03-19T07:51:59.828+0000] {processor.py:830} INFO - Processing file /home/airflow/.local/lib/python3.12/site-packages/airflow/example_dags/example_xcom.py for tasks to queue
[2026-03-19T07:51:59.829+0000] {logging_mixin.py:188} INFO - [2026-03-19T07:51:59.828+0000] {dagbag.py:545} INFO - Filling up the DagBag from /home/airflow/.local/lib/python3.12/site-packages/airflow/example_dags/example_xcom.py
[2026-03-19T07:51:59.834+0000] {processor.py:840} INFO - DAG(s) 'example_xcom' retrieved from /home/airflow/.local/lib/python3.12/site-packages/airflow/example_dags/example_xcom.py
[2026-03-19T07:51:59.852+0000] {logging_mixin.py:188} INFO - [2026-03-19T07:51:59.852+0000] {dag.py:3096} INFO - Sync 1 DAGs
[2026-03-19T07:51:59.869+0000] {logging_mixin.py:188} INFO - [2026-03-19T07:51:59.869+0000] {dag.py:3954} INFO - Setting next_dagrun for example_xcom to 2021-01-01 00:00:00+00:00, run_after=2021-01-01 00:00:00+00:00
[2026-03-19T07:51:59.885+0000] {processor.py:183} INFO - Processing /home/airflow/.local/lib/python3.12/site-packages/airflow/example_dags/example_xcom.py took 0.066 seconds
[2026-03-19T07:52:30.302+0000] {processor.py:161} INFO - Started process (PID=37304) to work on /home/airflow/.local/lib/python3.12/site-packages/airflow/example_dags/example_xcom.py
[2026-03-19T07:52:30.303+0000] {processor.py:830} INFO - Processing file /home/airflow/.local/lib/python3.12/site-packages/airflow/example_dags/example_xcom.py for tasks to queue
[2026-03-19T07:52:30.303+0000] {logging_mixin.py:188} INFO - [2026-03-19T07:52:30.303+0000] {dagbag.py:545} INFO - Filling up the DagBag from /home/airflow/.local/lib/python3.12/site-packages/airflow/example_dags/example_xcom.py
[2026-03-19T07:52:30.307+0000] {processor.py:840} INFO - DAG(s) 'example_xcom' retrieved from /home/airflow/.local/lib/python3.12/site-packages/airflow/example_dags/example_xcom.py
[2026-03-19T07:52:30.322+0000] {logging_mixin.py:188} INFO - [2026-03-19T07:52:30.322+0000] {dag.py:3096} INFO - Sync 1 DAGs
[2026-03-19T07:52:30.335+0000] {logging_mixin.py:188} INFO - [2026-03-19T07:52:30.335+0000] {dag.py:3954} INFO - Setting next_dagrun for example_xcom to 2021-01-01 00:00:00+00:00, run_after=2021-01-01 00:00:00+00:00
[2026-03-19T07:52:30.347+0000] {processor.py:183} INFO - Processing /home/airflow/.local/lib/python3.12/site-packages/airflow/example_dags/example_xcom.py took 0.049 seconds
[2026-03-19T07:53:01.010+0000] {processor.py:161} INFO - Started process (PID=37363) to work on /home/airflow/.local/lib/python3.12/site-packages/airflow/example_dags/example_xcom.py
[2026-03-19T07:53:01.013+0000] {processor.py:830} INFO - Processing file /home/airflow/.local/lib/python3.12/site-packages/airflow/example_dags/example_xcom.py for tasks to queue
[2026-03-19T07:53:01.014+0000] {logging_mixin.py:188} INFO - [2026-03-19T07:53:01.014+0000] {dagbag.py:545} INFO - Filling up the DagBag from /home/airflow/.local/lib/python3.12/site-packages/airflow/example_dags/example_xcom.py
[2026-03-19T07:53:01.020+0000] {processor.py:840} INFO - DAG(s) 'example_xcom' retrieved from /home/airflow/.local/lib/python3.12/site-packages/airflow/example_dags/example_xcom.py
[2026-03-19T07:53:01.046+0000] {logging_mixin.py:188} INFO - [2026-03-19T07:53:01.045+0000] {dag.py:3096} INFO - Sync 1 DAGs
[2026-03-19T07:53:01.075+0000] {logging_mixin.py:188} INFO - [2026-03-19T07:53:01.075+0000] {dag.py:3954} INFO - Setting next_dagrun for example_xcom to 2021-01-01 00:00:00+00:00, run_after=2021-01-01 00:00:00+00:00
[2026-03-19T07:53:01.106+0000] {processor.py:183} INFO - Processing /home/airflow/.local/lib/python3.12/site-packages/airflow/example_dags/example_xcom.py took 0.109 seconds
[2026-03-19T07:53:31.684+0000] {processor.py:161} INFO - Started process (PID=37422) to work on /home/airflow/.local/lib/python3.12/site-packages/airflow/example_dags/example_xcom.py
[2026-03-19T07:53:31.685+0000] {processor.py:830} INFO - Processing file /home/airflow/.local/lib/python3.12/site-packages/airflow/example_dags/example_xcom.py for tasks to queue
[2026-03-19T07:53:31.685+0000] {logging_mixin.py:188} INFO - [2026-03-19T07:53:31.685+0000] {dagbag.py:545} INFO - Filling up the DagBag from /home/airflow/.local/lib/python3.12/site-packages/airflow/example_dags/example_xcom.py
[2026-03-19T07:53:31.690+0000] {processor.py:840} INFO - DAG(s) 'example_xcom' retrieved from /home/airflow/.local/lib/python3.12/site-packages/airflow/example_dags/example_xcom.py
[2026-03-19T07:53:31.705+0000] {logging_mixin.py:188} INFO - [2026-03-19T07:53:31.705+0000] {dag.py:3096} INFO - Sync 1 DAGs
[2026-03-19T07:53:31.717+0000] {logging_mixin.py:188} INFO - [2026-03-19T07:53:31.717+0000] {dag.py:3954} INFO - Setting next_dagrun for example_xcom to 2021-01-01 00:00:00+00:00, run_after=2021-01-01 00:00:00+00:00
[2026-03-19T07:53:31.729+0000] {processor.py:183} INFO - Processing /home/airflow/.local/lib/python3.12/site-packages/airflow/example_dags/example_xcom.py took 0.055 seconds
[2026-03-19T07:54:02.037+0000] {processor.py:161} INFO - Started process (PID=37481) to work on /home/airflow/.local/lib/python3.12/site-packages/airflow/example_dags/example_xcom.py
[2026-03-19T07:54:02.038+0000] {processor.py:830} INFO - Processing file /home/airflow/.local/lib/python3.12/site-packages/airflow/example_dags/example_xcom.py for tasks to queue
[2026-03-19T07:54:02.038+0000] {logging_mixin.py:188} INFO - [2026-03-19T07:54:02.038+0000] {dagbag.py:545} INFO - Filling up the DagBag from /home/airflow/.local/lib/python3.12/site-packages/airflow/example_dags/example_xcom.py
[2026-03-19T07:54:02.044+0000] {processor.py:840} INFO - DAG(s) 'example_xcom' retrieved from /home/airflow/.local/lib/python3.12/site-packages/airflow/example_dags/example_xcom.py
[2026-03-19T07:54:02.066+0000] {logging_mixin.py:188} INFO - [2026-03-19T07:54:02.065+0000] {dag.py:3096} INFO - Sync 1 DAGs
[2026-03-19T07:54:02.079+0000] {logging_mixin.py:188} INFO - [2026-03-19T07:54:02.079+0000] {dag.py:3954} INFO - Setting next_dagrun for example_xcom to 2021-01-01 00:00:00+00:00, run_after=2021-01-01 00:00:00+00:00
[2026-03-19T07:54:02.098+0000] {processor.py:183} INFO - Processing /home/airflow/.local/lib/python3.12/site-packages/airflow/example_dags/example_xcom.py took 0.066 seconds
[2026-03-19T07:54:32.334+0000] {processor.py:161} INFO - Started process (PID=37540) to work on /home/airflow/.local/lib/python3.12/site-packages/airflow/example_dags/example_xcom.py
[2026-03-19T07:54:32.340+0000] {processor.py:830} INFO - Processing file /home/airflow/.local/lib/python3.12/site-packages/airflow/example_dags/example_xcom.py for tasks to queue
[2026-03-19T07:54:32.341+0000] {logging_mixin.py:188} INFO - [2026-03-19T07:54:32.340+0000] {dagbag.py:545} INFO - Filling up the DagBag from /home/airflow/.local/lib/python3.12/site-packages/airflow/example_dags/example_xcom.py
[2026-03-19T07:54:32.345+0000] {processor.py:840} INFO - DAG(s) 'example_xcom' retrieved from /home/airflow/.local/lib/python3.12/site-packages/airflow/example_dags/example_xcom.py
[2026-03-19T07:54:32.356+0000] {logging_mixin.py:188} INFO - [2026-03-19T07:54:32.356+0000] {dag.py:3096} INFO - Sync 1 DAGs
[2026-03-19T07:54:32.369+0000] {logging_mixin.py:188} INFO - [2026-03-19T07:54:32.369+0000] {dag.py:3954} INFO - Setting next_dagrun for example_xcom to 2021-01-01 00:00:00+00:00, run_after=2021-01-01 00:00:00+00:00
[2026-03-19T07:54:32.383+0000] {processor.py:183} INFO - Processing /home/airflow/.local/lib/python3.12/site-packages/airflow/example_dags/example_xcom.py took 0.054 seconds
[2026-03-19T07:55:02.744+0000] {processor.py:161} INFO - Started process (PID=37599) to work on /home/airflow/.local/lib/python3.12/site-packages/airflow/example_dags/example_xcom.py
[2026-03-19T07:55:02.745+0000] {processor.py:830} INFO - Processing file /home/airflow/.local/lib/python3.12/site-packages/airflow/example_dags/example_xcom.py for tasks to queue
[2026-03-19T07:55:02.746+0000] {logging_mixin.py:188} INFO - [2026-03-19T07:55:02.746+0000] {dagbag.py:545} INFO - Filling up the DagBag from /home/airflow/.local/lib/python3.12/site-packages/airflow/example_dags/example_xcom.py
[2026-03-19T07:55:02.750+0000] {processor.py:840} INFO - DAG(s) 'example_xcom' retrieved from /home/airflow/.local/lib/python3.12/site-packages/airflow/example_dags/example_xcom.py
[2026-03-19T07:55:02.760+0000] {logging_mixin.py:188} INFO - [2026-03-19T07:55:02.760+0000] {dag.py:3096} INFO - Sync 1 DAGs
[2026-03-19T07:55:02.769+0000] {logging_mixin.py:188} INFO - [2026-03-19T07:55:02.769+0000] {dag.py:3954} INFO - Setting next_dagrun for example_xcom to 2021-01-01 00:00:00+00:00, run_after=2021-01-01 00:00:00+00:00
[2026-03-19T07:55:02.777+0000] {processor.py:183} INFO - Processing /home/airflow/.local/lib/python3.12/site-packages/airflow/example_dags/example_xcom.py took 0.035 seconds
[2026-03-19T07:55:33.363+0000] {processor.py:161} INFO - Started process (PID=37658) to work on /home/airflow/.local/lib/python3.12/site-packages/airflow/example_dags/example_xcom.py
[2026-03-19T07:55:33.364+0000] {processor.py:830} INFO - Processing file /home/airflow/.local/lib/python3.12/site-packages/airflow/example_dags/example_xcom.py for tasks to queue
[2026-03-19T07:55:33.365+0000] {logging_mixin.py:188} INFO - [2026-03-19T07:55:33.364+0000] {dagbag.py:545} INFO - Filling up the DagBag from /home/airflow/.local/lib/python3.12/site-packages/airflow/example_dags/example_xcom.py
[2026-03-19T07:55:33.368+0000] {processor.py:840} INFO - DAG(s) 'example_xcom' retrieved from /home/airflow/.local/lib/python3.12/site-packages/airflow/example_dags/example_xcom.py
[2026-03-19T07:55:33.386+0000] {logging_mixin.py:188} INFO - [2026-03-19T07:55:33.386+0000] {dag.py:3096} INFO - Sync 1 DAGs
[2026-03-19T07:55:33.398+0000] {logging_mixin.py:188} INFO - [2026-03-19T07:55:33.397+0000] {dag.py:3954} INFO - Setting next_dagrun for example_xcom to 2021-01-01 00:00:00+00:00, run_after=2021-01-01 00:00:00+00:00
[2026-03-19T07:55:33.407+0000] {processor.py:183} INFO - Processing /home/airflow/.local/lib/python3.12/site-packages/airflow/example_dags/example_xcom.py took 0.049 seconds
[2026-03-19T07:56:03.950+0000] {processor.py:161} INFO - Started process (PID=37717) to work on /home/airflow/.local/lib/python3.12/site-packages/airflow/example_dags/example_xcom.py
[2026-03-19T07:56:03.951+0000] {processor.py:830} INFO - Processing file /home/airflow/.local/lib/python3.12/site-packages/airflow/example_dags/example_xcom.py for tasks to queue
[2026-03-19T07:56:03.952+0000] {logging_mixin.py:188} INFO - [2026-03-19T07:56:03.951+0000] {dagbag.py:545} INFO - Filling up the DagBag from /home/airflow/.local/lib/python3.12/site-packages/airflow/example_dags/example_xcom.py
[2026-03-19T07:56:03.956+0000] {processor.py:840} INFO - DAG(s) 'example_xcom' retrieved from /home/airflow/.local/lib/python3.12/site-packages/airflow/example_dags/example_xcom.py
[2026-03-19T07:56:03.968+0000] {logging_mixin.py:188} INFO - [2026-03-19T07:56:03.968+0000] {dag.py:3096} INFO - Sync 1 DAGs
[2026-03-19T07:56:03.983+0000] {logging_mixin.py:188} INFO - [2026-03-19T07:56:03.983+0000] {dag.py:3954} INFO - Setting next_dagrun for example_xcom to 2021-01-01 00:00:00+00:00, run_after=2021-01-01 00:00:00+00:00
[2026-03-19T07:56:03.994+0000] {processor.py:183} INFO - Processing /home/airflow/.local/lib/python3.12/site-packages/airflow/example_dags/example_xcom.py took 0.047 seconds
