[2026-03-19T00:12:44.805+0000] {processor.py:161} INFO - Started process (PID=35694) to work on /home/airflow/.local/lib/python3.12/site-packages/airflow/example_dags/example_sensor_decorator.py
[2026-03-19T00:12:44.806+0000] {processor.py:830} INFO - Processing file /home/airflow/.local/lib/python3.12/site-packages/airflow/example_dags/example_sensor_decorator.py for tasks to queue
[2026-03-19T00:12:44.809+0000] {logging_mixin.py:188} INFO - [2026-03-19T00:12:44.808+0000] {dagbag.py:545} INFO - Filling up the DagBag from /home/airflow/.local/lib/python3.12/site-packages/airflow/example_dags/example_sensor_decorator.py
[2026-03-19T00:12:44.818+0000] {processor.py:840} INFO - DAG(s) 'example_sensor_decorator' retrieved from /home/airflow/.local/lib/python3.12/site-packages/airflow/example_dags/example_sensor_decorator.py
[2026-03-19T00:12:44.839+0000] {logging_mixin.py:188} INFO - [2026-03-19T00:12:44.839+0000] {dag.py:3096} INFO - Sync 1 DAGs
[2026-03-19T00:12:44.848+0000] {logging_mixin.py:188} INFO - [2026-03-19T00:12:44.848+0000] {dag.py:3954} INFO - Setting next_dagrun for example_sensor_decorator to None, run_after=None
[2026-03-19T00:12:44.861+0000] {processor.py:183} INFO - Processing /home/airflow/.local/lib/python3.12/site-packages/airflow/example_dags/example_sensor_decorator.py took 0.063 seconds
[2026-03-19T00:46:44.958+0000] {processor.py:161} INFO - Started process (PID=35753) to work on /home/airflow/.local/lib/python3.12/site-packages/airflow/example_dags/example_sensor_decorator.py
[2026-03-19T00:46:44.959+0000] {processor.py:830} INFO - Processing file /home/airflow/.local/lib/python3.12/site-packages/airflow/example_dags/example_sensor_decorator.py for tasks to queue
[2026-03-19T00:46:44.960+0000] {logging_mixin.py:188} INFO - [2026-03-19T00:46:44.960+0000] {dagbag.py:545} INFO - Filling up the DagBag from /home/airflow/.local/lib/python3.12/site-packages/airflow/example_dags/example_sensor_decorator.py
[2026-03-19T00:46:44.965+0000] {processor.py:840} INFO - DAG(s) 'example_sensor_decorator' retrieved from /home/airflow/.local/lib/python3.12/site-packages/airflow/example_dags/example_sensor_decorator.py
[2026-03-19T00:46:44.981+0000] {logging_mixin.py:188} INFO - [2026-03-19T00:46:44.981+0000] {dag.py:3096} INFO - Sync 1 DAGs
[2026-03-19T00:46:44.994+0000] {logging_mixin.py:188} INFO - [2026-03-19T00:46:44.994+0000] {dag.py:3954} INFO - Setting next_dagrun for example_sensor_decorator to None, run_after=None
[2026-03-19T00:46:45.010+0000] {processor.py:183} INFO - Processing /home/airflow/.local/lib/python3.12/site-packages/airflow/example_dags/example_sensor_decorator.py took 0.058 seconds
[2026-03-19T01:13:44.517+0000] {processor.py:161} INFO - Started process (PID=35820) to work on /home/airflow/.local/lib/python3.12/site-packages/airflow/example_dags/example_sensor_decorator.py
[2026-03-19T01:13:44.518+0000] {processor.py:830} INFO - Processing file /home/airflow/.local/lib/python3.12/site-packages/airflow/example_dags/example_sensor_decorator.py for tasks to queue
[2026-03-19T01:13:44.525+0000] {logging_mixin.py:188} INFO - [2026-03-19T01:13:44.523+0000] {dagbag.py:545} INFO - Filling up the DagBag from /home/airflow/.local/lib/python3.12/site-packages/airflow/example_dags/example_sensor_decorator.py
[2026-03-19T01:13:44.532+0000] {processor.py:840} INFO - DAG(s) 'example_sensor_decorator' retrieved from /home/airflow/.local/lib/python3.12/site-packages/airflow/example_dags/example_sensor_decorator.py
[2026-03-19T01:13:44.556+0000] {logging_mixin.py:188} INFO - [2026-03-19T01:13:44.556+0000] {dag.py:3096} INFO - Sync 1 DAGs
[2026-03-19T01:13:44.573+0000] {logging_mixin.py:188} INFO - [2026-03-19T01:13:44.572+0000] {dag.py:3954} INFO - Setting next_dagrun for example_sensor_decorator to None, run_after=None
[2026-03-19T01:13:44.590+0000] {processor.py:183} INFO - Processing /home/airflow/.local/lib/python3.12/site-packages/airflow/example_dags/example_sensor_decorator.py took 0.080 seconds
[2026-03-19T01:31:11.293+0000] {processor.py:161} INFO - Started process (PID=35893) to work on /home/airflow/.local/lib/python3.12/site-packages/airflow/example_dags/example_sensor_decorator.py
[2026-03-19T01:31:11.297+0000] {processor.py:830} INFO - Processing file /home/airflow/.local/lib/python3.12/site-packages/airflow/example_dags/example_sensor_decorator.py for tasks to queue
[2026-03-19T01:31:11.312+0000] {logging_mixin.py:188} INFO - [2026-03-19T01:31:11.308+0000] {dagbag.py:545} INFO - Filling up the DagBag from /home/airflow/.local/lib/python3.12/site-packages/airflow/example_dags/example_sensor_decorator.py
[2026-03-19T01:31:11.337+0000] {processor.py:840} INFO - DAG(s) 'example_sensor_decorator' retrieved from /home/airflow/.local/lib/python3.12/site-packages/airflow/example_dags/example_sensor_decorator.py
[2026-03-19T01:31:11.414+0000] {logging_mixin.py:188} INFO - [2026-03-19T01:31:11.413+0000] {dag.py:3096} INFO - Sync 1 DAGs
[2026-03-19T01:31:11.469+0000] {logging_mixin.py:188} INFO - [2026-03-19T01:31:11.468+0000] {dag.py:3954} INFO - Setting next_dagrun for example_sensor_decorator to None, run_after=None
[2026-03-19T01:31:12.412+0000] {processor.py:183} INFO - Processing /home/airflow/.local/lib/python3.12/site-packages/airflow/example_dags/example_sensor_decorator.py took 1.153 seconds
[2026-03-19T02:15:10.507+0000] {processor.py:161} INFO - Started process (PID=35951) to work on /home/airflow/.local/lib/python3.12/site-packages/airflow/example_dags/example_sensor_decorator.py
[2026-03-19T02:15:10.512+0000] {processor.py:830} INFO - Processing file /home/airflow/.local/lib/python3.12/site-packages/airflow/example_dags/example_sensor_decorator.py for tasks to queue
[2026-03-19T02:15:10.518+0000] {logging_mixin.py:188} INFO - [2026-03-19T02:15:10.515+0000] {dagbag.py:545} INFO - Filling up the DagBag from /home/airflow/.local/lib/python3.12/site-packages/airflow/example_dags/example_sensor_decorator.py
[2026-03-19T02:15:10.591+0000] {processor.py:840} INFO - DAG(s) 'example_sensor_decorator' retrieved from /home/airflow/.local/lib/python3.12/site-packages/airflow/example_dags/example_sensor_decorator.py
[2026-03-19T02:15:10.792+0000] {logging_mixin.py:188} INFO - [2026-03-19T02:15:10.790+0000] {dag.py:3096} INFO - Sync 1 DAGs
[2026-03-19T02:15:10.871+0000] {logging_mixin.py:188} INFO - [2026-03-19T02:15:10.870+0000] {dag.py:3954} INFO - Setting next_dagrun for example_sensor_decorator to None, run_after=None
[2026-03-19T02:15:10.989+0000] {processor.py:183} INFO - Processing /home/airflow/.local/lib/python3.12/site-packages/airflow/example_dags/example_sensor_decorator.py took 0.534 seconds
[2026-03-19T03:06:08.046+0000] {processor.py:161} INFO - Started process (PID=36037) to work on /home/airflow/.local/lib/python3.12/site-packages/airflow/example_dags/example_sensor_decorator.py
[2026-03-19T03:06:08.052+0000] {processor.py:830} INFO - Processing file /home/airflow/.local/lib/python3.12/site-packages/airflow/example_dags/example_sensor_decorator.py for tasks to queue
[2026-03-19T03:06:08.056+0000] {logging_mixin.py:188} INFO - [2026-03-19T03:06:08.054+0000] {dagbag.py:545} INFO - Filling up the DagBag from /home/airflow/.local/lib/python3.12/site-packages/airflow/example_dags/example_sensor_decorator.py
[2026-03-19T03:06:08.081+0000] {processor.py:840} INFO - DAG(s) 'example_sensor_decorator' retrieved from /home/airflow/.local/lib/python3.12/site-packages/airflow/example_dags/example_sensor_decorator.py
[2026-03-19T03:06:08.163+0000] {logging_mixin.py:188} INFO - [2026-03-19T03:06:08.162+0000] {dag.py:3096} INFO - Sync 1 DAGs
[2026-03-19T03:06:08.211+0000] {logging_mixin.py:188} INFO - [2026-03-19T03:06:08.210+0000] {dag.py:3954} INFO - Setting next_dagrun for example_sensor_decorator to None, run_after=None
[2026-03-19T03:06:08.302+0000] {processor.py:183} INFO - Processing /home/airflow/.local/lib/python3.12/site-packages/airflow/example_dags/example_sensor_decorator.py took 0.273 seconds
[2026-03-19T03:06:39.108+0000] {processor.py:161} INFO - Started process (PID=36108) to work on /home/airflow/.local/lib/python3.12/site-packages/airflow/example_dags/example_sensor_decorator.py
[2026-03-19T03:06:39.109+0000] {processor.py:830} INFO - Processing file /home/airflow/.local/lib/python3.12/site-packages/airflow/example_dags/example_sensor_decorator.py for tasks to queue
[2026-03-19T03:06:39.109+0000] {logging_mixin.py:188} INFO - [2026-03-19T03:06:39.109+0000] {dagbag.py:545} INFO - Filling up the DagBag from /home/airflow/.local/lib/python3.12/site-packages/airflow/example_dags/example_sensor_decorator.py
[2026-03-19T03:06:39.115+0000] {processor.py:840} INFO - DAG(s) 'example_sensor_decorator' retrieved from /home/airflow/.local/lib/python3.12/site-packages/airflow/example_dags/example_sensor_decorator.py
[2026-03-19T03:06:39.137+0000] {logging_mixin.py:188} INFO - [2026-03-19T03:06:39.136+0000] {dag.py:3096} INFO - Sync 1 DAGs
[2026-03-19T03:06:39.147+0000] {logging_mixin.py:188} INFO - [2026-03-19T03:06:39.147+0000] {dag.py:3954} INFO - Setting next_dagrun for example_sensor_decorator to None, run_after=None
[2026-03-19T03:06:39.157+0000] {processor.py:183} INFO - Processing /home/airflow/.local/lib/python3.12/site-packages/airflow/example_dags/example_sensor_decorator.py took 0.055 seconds
[2026-03-19T03:15:42.275+0000] {processor.py:161} INFO - Started process (PID=36167) to work on /home/airflow/.local/lib/python3.12/site-packages/airflow/example_dags/example_sensor_decorator.py
[2026-03-19T03:15:42.277+0000] {processor.py:830} INFO - Processing file /home/airflow/.local/lib/python3.12/site-packages/airflow/example_dags/example_sensor_decorator.py for tasks to queue
[2026-03-19T03:15:42.279+0000] {logging_mixin.py:188} INFO - [2026-03-19T03:15:42.279+0000] {dagbag.py:545} INFO - Filling up the DagBag from /home/airflow/.local/lib/python3.12/site-packages/airflow/example_dags/example_sensor_decorator.py
[2026-03-19T03:15:42.289+0000] {processor.py:840} INFO - DAG(s) 'example_sensor_decorator' retrieved from /home/airflow/.local/lib/python3.12/site-packages/airflow/example_dags/example_sensor_decorator.py
[2026-03-19T03:15:42.308+0000] {logging_mixin.py:188} INFO - [2026-03-19T03:15:42.307+0000] {dag.py:3096} INFO - Sync 1 DAGs
[2026-03-19T03:15:42.323+0000] {logging_mixin.py:188} INFO - [2026-03-19T03:15:42.323+0000] {dag.py:3954} INFO - Setting next_dagrun for example_sensor_decorator to None, run_after=None
[2026-03-19T03:15:42.338+0000] {processor.py:183} INFO - Processing /home/airflow/.local/lib/python3.12/site-packages/airflow/example_dags/example_sensor_decorator.py took 0.071 seconds
[2026-03-19T03:32:01.606+0000] {processor.py:161} INFO - Started process (PID=36226) to work on /home/airflow/.local/lib/python3.12/site-packages/airflow/example_dags/example_sensor_decorator.py
[2026-03-19T03:32:01.607+0000] {processor.py:830} INFO - Processing file /home/airflow/.local/lib/python3.12/site-packages/airflow/example_dags/example_sensor_decorator.py for tasks to queue
[2026-03-19T03:32:01.608+0000] {logging_mixin.py:188} INFO - [2026-03-19T03:32:01.607+0000] {dagbag.py:545} INFO - Filling up the DagBag from /home/airflow/.local/lib/python3.12/site-packages/airflow/example_dags/example_sensor_decorator.py
[2026-03-19T03:32:01.623+0000] {processor.py:840} INFO - DAG(s) 'example_sensor_decorator' retrieved from /home/airflow/.local/lib/python3.12/site-packages/airflow/example_dags/example_sensor_decorator.py
[2026-03-19T03:32:01.677+0000] {logging_mixin.py:188} INFO - [2026-03-19T03:32:01.677+0000] {dag.py:3096} INFO - Sync 1 DAGs
[2026-03-19T03:32:01.690+0000] {logging_mixin.py:188} INFO - [2026-03-19T03:32:01.690+0000] {dag.py:3954} INFO - Setting next_dagrun for example_sensor_decorator to None, run_after=None
[2026-03-19T03:32:02.231+0000] {processor.py:183} INFO - Processing /home/airflow/.local/lib/python3.12/site-packages/airflow/example_dags/example_sensor_decorator.py took 0.620 seconds
[2026-03-19T04:16:43.102+0000] {processor.py:161} INFO - Started process (PID=36293) to work on /home/airflow/.local/lib/python3.12/site-packages/airflow/example_dags/example_sensor_decorator.py
[2026-03-19T04:16:43.107+0000] {processor.py:830} INFO - Processing file /home/airflow/.local/lib/python3.12/site-packages/airflow/example_dags/example_sensor_decorator.py for tasks to queue
[2026-03-19T04:16:43.109+0000] {logging_mixin.py:188} INFO - [2026-03-19T04:16:43.108+0000] {dagbag.py:545} INFO - Filling up the DagBag from /home/airflow/.local/lib/python3.12/site-packages/airflow/example_dags/example_sensor_decorator.py
[2026-03-19T04:16:43.123+0000] {processor.py:840} INFO - DAG(s) 'example_sensor_decorator' retrieved from /home/airflow/.local/lib/python3.12/site-packages/airflow/example_dags/example_sensor_decorator.py
[2026-03-19T04:16:43.160+0000] {logging_mixin.py:188} INFO - [2026-03-19T04:16:43.160+0000] {dag.py:3096} INFO - Sync 1 DAGs
[2026-03-19T04:16:43.187+0000] {logging_mixin.py:188} INFO - [2026-03-19T04:16:43.186+0000] {dag.py:3954} INFO - Setting next_dagrun for example_sensor_decorator to None, run_after=None
[2026-03-19T04:16:43.221+0000] {processor.py:183} INFO - Processing /home/airflow/.local/lib/python3.12/site-packages/airflow/example_dags/example_sensor_decorator.py took 0.130 seconds
[2026-03-19T04:17:15.891+0000] {processor.py:161} INFO - Started process (PID=36360) to work on /home/airflow/.local/lib/python3.12/site-packages/airflow/example_dags/example_sensor_decorator.py
[2026-03-19T04:17:15.892+0000] {processor.py:830} INFO - Processing file /home/airflow/.local/lib/python3.12/site-packages/airflow/example_dags/example_sensor_decorator.py for tasks to queue
[2026-03-19T04:17:15.894+0000] {logging_mixin.py:188} INFO - [2026-03-19T04:17:15.893+0000] {dagbag.py:545} INFO - Filling up the DagBag from /home/airflow/.local/lib/python3.12/site-packages/airflow/example_dags/example_sensor_decorator.py
[2026-03-19T04:17:15.907+0000] {processor.py:840} INFO - DAG(s) 'example_sensor_decorator' retrieved from /home/airflow/.local/lib/python3.12/site-packages/airflow/example_dags/example_sensor_decorator.py
[2026-03-19T04:17:15.949+0000] {logging_mixin.py:188} INFO - [2026-03-19T04:17:15.949+0000] {dag.py:3096} INFO - Sync 1 DAGs
[2026-03-19T04:17:15.968+0000] {logging_mixin.py:188} INFO - [2026-03-19T04:17:15.967+0000] {dag.py:3954} INFO - Setting next_dagrun for example_sensor_decorator to None, run_after=None
[2026-03-19T04:17:15.989+0000] {processor.py:183} INFO - Processing /home/airflow/.local/lib/python3.12/site-packages/airflow/example_dags/example_sensor_decorator.py took 0.108 seconds
[2026-03-19T05:17:37.135+0000] {processor.py:161} INFO - Started process (PID=36419) to work on /home/airflow/.local/lib/python3.12/site-packages/airflow/example_dags/example_sensor_decorator.py
[2026-03-19T05:17:37.136+0000] {processor.py:830} INFO - Processing file /home/airflow/.local/lib/python3.12/site-packages/airflow/example_dags/example_sensor_decorator.py for tasks to queue
[2026-03-19T05:17:37.137+0000] {logging_mixin.py:188} INFO - [2026-03-19T05:17:37.137+0000] {dagbag.py:545} INFO - Filling up the DagBag from /home/airflow/.local/lib/python3.12/site-packages/airflow/example_dags/example_sensor_decorator.py
[2026-03-19T05:17:37.143+0000] {processor.py:840} INFO - DAG(s) 'example_sensor_decorator' retrieved from /home/airflow/.local/lib/python3.12/site-packages/airflow/example_dags/example_sensor_decorator.py
[2026-03-19T05:17:37.162+0000] {logging_mixin.py:188} INFO - [2026-03-19T05:17:37.162+0000] {dag.py:3096} INFO - Sync 1 DAGs
[2026-03-19T05:17:37.176+0000] {logging_mixin.py:188} INFO - [2026-03-19T05:17:37.176+0000] {dag.py:3954} INFO - Setting next_dagrun for example_sensor_decorator to None, run_after=None
[2026-03-19T05:17:37.195+0000] {processor.py:183} INFO - Processing /home/airflow/.local/lib/python3.12/site-packages/airflow/example_dags/example_sensor_decorator.py took 0.066 seconds
[2026-03-19T05:18:07.538+0000] {processor.py:161} INFO - Started process (PID=36478) to work on /home/airflow/.local/lib/python3.12/site-packages/airflow/example_dags/example_sensor_decorator.py
[2026-03-19T05:18:07.539+0000] {processor.py:830} INFO - Processing file /home/airflow/.local/lib/python3.12/site-packages/airflow/example_dags/example_sensor_decorator.py for tasks to queue
[2026-03-19T05:18:07.539+0000] {logging_mixin.py:188} INFO - [2026-03-19T05:18:07.539+0000] {dagbag.py:545} INFO - Filling up the DagBag from /home/airflow/.local/lib/python3.12/site-packages/airflow/example_dags/example_sensor_decorator.py
[2026-03-19T05:18:07.543+0000] {processor.py:840} INFO - DAG(s) 'example_sensor_decorator' retrieved from /home/airflow/.local/lib/python3.12/site-packages/airflow/example_dags/example_sensor_decorator.py
[2026-03-19T05:18:07.554+0000] {logging_mixin.py:188} INFO - [2026-03-19T05:18:07.553+0000] {dag.py:3096} INFO - Sync 1 DAGs
[2026-03-19T05:18:07.560+0000] {logging_mixin.py:188} INFO - [2026-03-19T05:18:07.560+0000] {dag.py:3954} INFO - Setting next_dagrun for example_sensor_decorator to None, run_after=None
[2026-03-19T05:18:07.569+0000] {processor.py:183} INFO - Processing /home/airflow/.local/lib/python3.12/site-packages/airflow/example_dags/example_sensor_decorator.py took 0.034 seconds
[2026-03-19T06:18:35.143+0000] {processor.py:161} INFO - Started process (PID=36537) to work on /home/airflow/.local/lib/python3.12/site-packages/airflow/example_dags/example_sensor_decorator.py
[2026-03-19T06:18:35.151+0000] {processor.py:830} INFO - Processing file /home/airflow/.local/lib/python3.12/site-packages/airflow/example_dags/example_sensor_decorator.py for tasks to queue
[2026-03-19T06:18:35.153+0000] {logging_mixin.py:188} INFO - [2026-03-19T06:18:35.153+0000] {dagbag.py:545} INFO - Filling up the DagBag from /home/airflow/.local/lib/python3.12/site-packages/airflow/example_dags/example_sensor_decorator.py
[2026-03-19T06:18:35.164+0000] {processor.py:840} INFO - DAG(s) 'example_sensor_decorator' retrieved from /home/airflow/.local/lib/python3.12/site-packages/airflow/example_dags/example_sensor_decorator.py
[2026-03-19T06:18:35.265+0000] {logging_mixin.py:188} INFO - [2026-03-19T06:18:35.264+0000] {dag.py:3096} INFO - Sync 1 DAGs
[2026-03-19T06:18:35.286+0000] {logging_mixin.py:188} INFO - [2026-03-19T06:18:35.286+0000] {dag.py:3954} INFO - Setting next_dagrun for example_sensor_decorator to None, run_after=None
[2026-03-19T06:18:35.325+0000] {processor.py:183} INFO - Processing /home/airflow/.local/lib/python3.12/site-packages/airflow/example_dags/example_sensor_decorator.py took 0.240 seconds
[2026-03-19T06:19:06.138+0000] {processor.py:161} INFO - Started process (PID=36604) to work on /home/airflow/.local/lib/python3.12/site-packages/airflow/example_dags/example_sensor_decorator.py
[2026-03-19T06:19:06.144+0000] {processor.py:830} INFO - Processing file /home/airflow/.local/lib/python3.12/site-packages/airflow/example_dags/example_sensor_decorator.py for tasks to queue
[2026-03-19T06:19:06.147+0000] {logging_mixin.py:188} INFO - [2026-03-19T06:19:06.146+0000] {dagbag.py:545} INFO - Filling up the DagBag from /home/airflow/.local/lib/python3.12/site-packages/airflow/example_dags/example_sensor_decorator.py
[2026-03-19T06:19:06.157+0000] {processor.py:840} INFO - DAG(s) 'example_sensor_decorator' retrieved from /home/airflow/.local/lib/python3.12/site-packages/airflow/example_dags/example_sensor_decorator.py
[2026-03-19T06:19:06.173+0000] {logging_mixin.py:188} INFO - [2026-03-19T06:19:06.172+0000] {dag.py:3096} INFO - Sync 1 DAGs
[2026-03-19T06:19:06.181+0000] {logging_mixin.py:188} INFO - [2026-03-19T06:19:06.181+0000] {dag.py:3954} INFO - Setting next_dagrun for example_sensor_decorator to None, run_after=None
[2026-03-19T06:19:06.190+0000] {processor.py:183} INFO - Processing /home/airflow/.local/lib/python3.12/site-packages/airflow/example_dags/example_sensor_decorator.py took 0.068 seconds
[2026-03-19T07:19:35.235+0000] {processor.py:161} INFO - Started process (PID=36663) to work on /home/airflow/.local/lib/python3.12/site-packages/airflow/example_dags/example_sensor_decorator.py
[2026-03-19T07:19:35.239+0000] {processor.py:830} INFO - Processing file /home/airflow/.local/lib/python3.12/site-packages/airflow/example_dags/example_sensor_decorator.py for tasks to queue
[2026-03-19T07:19:35.242+0000] {logging_mixin.py:188} INFO - [2026-03-19T07:19:35.240+0000] {dagbag.py:545} INFO - Filling up the DagBag from /home/airflow/.local/lib/python3.12/site-packages/airflow/example_dags/example_sensor_decorator.py
[2026-03-19T07:19:35.257+0000] {processor.py:840} INFO - DAG(s) 'example_sensor_decorator' retrieved from /home/airflow/.local/lib/python3.12/site-packages/airflow/example_dags/example_sensor_decorator.py
[2026-03-19T07:19:35.318+0000] {logging_mixin.py:188} INFO - [2026-03-19T07:19:35.318+0000] {dag.py:3096} INFO - Sync 1 DAGs
[2026-03-19T07:19:35.343+0000] {logging_mixin.py:188} INFO - [2026-03-19T07:19:35.343+0000] {dag.py:3954} INFO - Setting next_dagrun for example_sensor_decorator to None, run_after=None
[2026-03-19T07:19:35.380+0000] {processor.py:183} INFO - Processing /home/airflow/.local/lib/python3.12/site-packages/airflow/example_dags/example_sensor_decorator.py took 0.163 seconds
[2026-03-19T07:20:05.444+0000] {processor.py:161} INFO - Started process (PID=36731) to work on /home/airflow/.local/lib/python3.12/site-packages/airflow/example_dags/example_sensor_decorator.py
[2026-03-19T07:20:05.445+0000] {processor.py:830} INFO - Processing file /home/airflow/.local/lib/python3.12/site-packages/airflow/example_dags/example_sensor_decorator.py for tasks to queue
[2026-03-19T07:20:05.445+0000] {logging_mixin.py:188} INFO - [2026-03-19T07:20:05.445+0000] {dagbag.py:545} INFO - Filling up the DagBag from /home/airflow/.local/lib/python3.12/site-packages/airflow/example_dags/example_sensor_decorator.py
[2026-03-19T07:20:05.449+0000] {processor.py:840} INFO - DAG(s) 'example_sensor_decorator' retrieved from /home/airflow/.local/lib/python3.12/site-packages/airflow/example_dags/example_sensor_decorator.py
[2026-03-19T07:20:05.459+0000] {logging_mixin.py:188} INFO - [2026-03-19T07:20:05.459+0000] {dag.py:3096} INFO - Sync 1 DAGs
[2026-03-19T07:20:05.465+0000] {logging_mixin.py:188} INFO - [2026-03-19T07:20:05.465+0000] {dag.py:3954} INFO - Setting next_dagrun for example_sensor_decorator to None, run_after=None
[2026-03-19T07:20:05.475+0000] {processor.py:183} INFO - Processing /home/airflow/.local/lib/python3.12/site-packages/airflow/example_dags/example_sensor_decorator.py took 0.034 seconds
[2026-03-19T07:37:30.253+0000] {processor.py:161} INFO - Started process (PID=36789) to work on /home/airflow/.local/lib/python3.12/site-packages/airflow/example_dags/example_sensor_decorator.py
[2026-03-19T07:37:30.254+0000] {processor.py:830} INFO - Processing file /home/airflow/.local/lib/python3.12/site-packages/airflow/example_dags/example_sensor_decorator.py for tasks to queue
[2026-03-19T07:37:30.254+0000] {logging_mixin.py:188} INFO - [2026-03-19T07:37:30.254+0000] {dagbag.py:545} INFO - Filling up the DagBag from /home/airflow/.local/lib/python3.12/site-packages/airflow/example_dags/example_sensor_decorator.py
[2026-03-19T07:37:30.261+0000] {processor.py:840} INFO - DAG(s) 'example_sensor_decorator' retrieved from /home/airflow/.local/lib/python3.12/site-packages/airflow/example_dags/example_sensor_decorator.py
[2026-03-19T07:37:30.280+0000] {logging_mixin.py:188} INFO - [2026-03-19T07:37:30.280+0000] {dag.py:3096} INFO - Sync 1 DAGs
[2026-03-19T07:37:30.290+0000] {logging_mixin.py:188} INFO - [2026-03-19T07:37:30.290+0000] {dag.py:3954} INFO - Setting next_dagrun for example_sensor_decorator to None, run_after=None
[2026-03-19T07:37:30.322+0000] {processor.py:183} INFO - Processing /home/airflow/.local/lib/python3.12/site-packages/airflow/example_dags/example_sensor_decorator.py took 0.077 seconds
[2026-03-19T07:38:03.381+0000] {processor.py:161} INFO - Started process (PID=36856) to work on /home/airflow/.local/lib/python3.12/site-packages/airflow/example_dags/example_sensor_decorator.py
[2026-03-19T07:38:03.382+0000] {processor.py:830} INFO - Processing file /home/airflow/.local/lib/python3.12/site-packages/airflow/example_dags/example_sensor_decorator.py for tasks to queue
[2026-03-19T07:38:03.382+0000] {logging_mixin.py:188} INFO - [2026-03-19T07:38:03.382+0000] {dagbag.py:545} INFO - Filling up the DagBag from /home/airflow/.local/lib/python3.12/site-packages/airflow/example_dags/example_sensor_decorator.py
[2026-03-19T07:38:03.387+0000] {processor.py:840} INFO - DAG(s) 'example_sensor_decorator' retrieved from /home/airflow/.local/lib/python3.12/site-packages/airflow/example_dags/example_sensor_decorator.py
[2026-03-19T07:38:03.427+0000] {logging_mixin.py:188} INFO - [2026-03-19T07:38:03.427+0000] {dag.py:3096} INFO - Sync 1 DAGs
[2026-03-19T07:38:03.454+0000] {logging_mixin.py:188} INFO - [2026-03-19T07:38:03.454+0000] {dag.py:3954} INFO - Setting next_dagrun for example_sensor_decorator to None, run_after=None
[2026-03-19T07:38:03.500+0000] {processor.py:183} INFO - Processing /home/airflow/.local/lib/python3.12/site-packages/airflow/example_dags/example_sensor_decorator.py took 0.125 seconds
[2026-03-19T07:48:56.275+0000] {processor.py:161} INFO - Started process (PID=36915) to work on /home/airflow/.local/lib/python3.12/site-packages/airflow/example_dags/example_sensor_decorator.py
[2026-03-19T07:48:56.276+0000] {processor.py:830} INFO - Processing file /home/airflow/.local/lib/python3.12/site-packages/airflow/example_dags/example_sensor_decorator.py for tasks to queue
[2026-03-19T07:48:56.277+0000] {logging_mixin.py:188} INFO - [2026-03-19T07:48:56.277+0000] {dagbag.py:545} INFO - Filling up the DagBag from /home/airflow/.local/lib/python3.12/site-packages/airflow/example_dags/example_sensor_decorator.py
[2026-03-19T07:48:56.281+0000] {processor.py:840} INFO - DAG(s) 'example_sensor_decorator' retrieved from /home/airflow/.local/lib/python3.12/site-packages/airflow/example_dags/example_sensor_decorator.py
[2026-03-19T07:48:56.303+0000] {logging_mixin.py:188} INFO - [2026-03-19T07:48:56.303+0000] {dag.py:3096} INFO - Sync 1 DAGs
[2026-03-19T07:48:56.311+0000] {logging_mixin.py:188} INFO - [2026-03-19T07:48:56.311+0000] {dag.py:3954} INFO - Setting next_dagrun for example_sensor_decorator to None, run_after=None
[2026-03-19T07:48:56.330+0000] {processor.py:183} INFO - Processing /home/airflow/.local/lib/python3.12/site-packages/airflow/example_dags/example_sensor_decorator.py took 0.059 seconds
[2026-03-19T07:49:28.529+0000] {processor.py:161} INFO - Started process (PID=36974) to work on /home/airflow/.local/lib/python3.12/site-packages/airflow/example_dags/example_sensor_decorator.py
[2026-03-19T07:49:28.530+0000] {processor.py:830} INFO - Processing file /home/airflow/.local/lib/python3.12/site-packages/airflow/example_dags/example_sensor_decorator.py for tasks to queue
[2026-03-19T07:49:28.530+0000] {logging_mixin.py:188} INFO - [2026-03-19T07:49:28.530+0000] {dagbag.py:545} INFO - Filling up the DagBag from /home/airflow/.local/lib/python3.12/site-packages/airflow/example_dags/example_sensor_decorator.py
[2026-03-19T07:49:28.534+0000] {processor.py:840} INFO - DAG(s) 'example_sensor_decorator' retrieved from /home/airflow/.local/lib/python3.12/site-packages/airflow/example_dags/example_sensor_decorator.py
[2026-03-19T07:49:28.549+0000] {logging_mixin.py:188} INFO - [2026-03-19T07:49:28.549+0000] {dag.py:3096} INFO - Sync 1 DAGs
[2026-03-19T07:49:28.556+0000] {logging_mixin.py:188} INFO - [2026-03-19T07:49:28.556+0000] {dag.py:3954} INFO - Setting next_dagrun for example_sensor_decorator to None, run_after=None
[2026-03-19T07:49:28.573+0000] {processor.py:183} INFO - Processing /home/airflow/.local/lib/python3.12/site-packages/airflow/example_dags/example_sensor_decorator.py took 0.051 seconds
[2026-03-19T07:49:59.981+0000] {processor.py:161} INFO - Started process (PID=37033) to work on /home/airflow/.local/lib/python3.12/site-packages/airflow/example_dags/example_sensor_decorator.py
[2026-03-19T07:49:59.988+0000] {processor.py:830} INFO - Processing file /home/airflow/.local/lib/python3.12/site-packages/airflow/example_dags/example_sensor_decorator.py for tasks to queue
[2026-03-19T07:49:59.988+0000] {logging_mixin.py:188} INFO - [2026-03-19T07:49:59.988+0000] {dagbag.py:545} INFO - Filling up the DagBag from /home/airflow/.local/lib/python3.12/site-packages/airflow/example_dags/example_sensor_decorator.py
[2026-03-19T07:49:59.992+0000] {processor.py:840} INFO - DAG(s) 'example_sensor_decorator' retrieved from /home/airflow/.local/lib/python3.12/site-packages/airflow/example_dags/example_sensor_decorator.py
[2026-03-19T07:50:00.023+0000] {logging_mixin.py:188} INFO - [2026-03-19T07:50:00.023+0000] {dag.py:3096} INFO - Sync 1 DAGs
[2026-03-19T07:50:00.036+0000] {logging_mixin.py:188} INFO - [2026-03-19T07:50:00.036+0000] {dag.py:3954} INFO - Setting next_dagrun for example_sensor_decorator to None, run_after=None
[2026-03-19T07:50:00.048+0000] {processor.py:183} INFO - Processing /home/airflow/.local/lib/python3.12/site-packages/airflow/example_dags/example_sensor_decorator.py took 0.073 seconds
[2026-03-19T07:50:30.081+0000] {processor.py:161} INFO - Started process (PID=37092) to work on /home/airflow/.local/lib/python3.12/site-packages/airflow/example_dags/example_sensor_decorator.py
[2026-03-19T07:50:30.082+0000] {processor.py:830} INFO - Processing file /home/airflow/.local/lib/python3.12/site-packages/airflow/example_dags/example_sensor_decorator.py for tasks to queue
[2026-03-19T07:50:30.083+0000] {logging_mixin.py:188} INFO - [2026-03-19T07:50:30.082+0000] {dagbag.py:545} INFO - Filling up the DagBag from /home/airflow/.local/lib/python3.12/site-packages/airflow/example_dags/example_sensor_decorator.py
[2026-03-19T07:50:30.087+0000] {processor.py:840} INFO - DAG(s) 'example_sensor_decorator' retrieved from /home/airflow/.local/lib/python3.12/site-packages/airflow/example_dags/example_sensor_decorator.py
[2026-03-19T07:50:30.101+0000] {logging_mixin.py:188} INFO - [2026-03-19T07:50:30.101+0000] {dag.py:3096} INFO - Sync 1 DAGs
[2026-03-19T07:50:30.107+0000] {logging_mixin.py:188} INFO - [2026-03-19T07:50:30.107+0000] {dag.py:3954} INFO - Setting next_dagrun for example_sensor_decorator to None, run_after=None
[2026-03-19T07:50:30.120+0000] {processor.py:183} INFO - Processing /home/airflow/.local/lib/python3.12/site-packages/airflow/example_dags/example_sensor_decorator.py took 0.042 seconds
[2026-03-19T07:51:01.636+0000] {processor.py:161} INFO - Started process (PID=37151) to work on /home/airflow/.local/lib/python3.12/site-packages/airflow/example_dags/example_sensor_decorator.py
[2026-03-19T07:51:01.638+0000] {processor.py:830} INFO - Processing file /home/airflow/.local/lib/python3.12/site-packages/airflow/example_dags/example_sensor_decorator.py for tasks to queue
[2026-03-19T07:51:01.641+0000] {logging_mixin.py:188} INFO - [2026-03-19T07:51:01.640+0000] {dagbag.py:545} INFO - Filling up the DagBag from /home/airflow/.local/lib/python3.12/site-packages/airflow/example_dags/example_sensor_decorator.py
[2026-03-19T07:51:01.654+0000] {processor.py:840} INFO - DAG(s) 'example_sensor_decorator' retrieved from /home/airflow/.local/lib/python3.12/site-packages/airflow/example_dags/example_sensor_decorator.py
[2026-03-19T07:51:01.691+0000] {logging_mixin.py:188} INFO - [2026-03-19T07:51:01.691+0000] {dag.py:3096} INFO - Sync 1 DAGs
[2026-03-19T07:51:01.711+0000] {logging_mixin.py:188} INFO - [2026-03-19T07:51:01.711+0000] {dag.py:3954} INFO - Setting next_dagrun for example_sensor_decorator to None, run_after=None
[2026-03-19T07:51:01.750+0000] {processor.py:183} INFO - Processing /home/airflow/.local/lib/python3.12/site-packages/airflow/example_dags/example_sensor_decorator.py took 0.130 seconds
[2026-03-19T07:51:33.380+0000] {processor.py:161} INFO - Started process (PID=37210) to work on /home/airflow/.local/lib/python3.12/site-packages/airflow/example_dags/example_sensor_decorator.py
[2026-03-19T07:51:33.381+0000] {processor.py:830} INFO - Processing file /home/airflow/.local/lib/python3.12/site-packages/airflow/example_dags/example_sensor_decorator.py for tasks to queue
[2026-03-19T07:51:33.381+0000] {logging_mixin.py:188} INFO - [2026-03-19T07:51:33.381+0000] {dagbag.py:545} INFO - Filling up the DagBag from /home/airflow/.local/lib/python3.12/site-packages/airflow/example_dags/example_sensor_decorator.py
[2026-03-19T07:51:33.386+0000] {processor.py:840} INFO - DAG(s) 'example_sensor_decorator' retrieved from /home/airflow/.local/lib/python3.12/site-packages/airflow/example_dags/example_sensor_decorator.py
[2026-03-19T07:51:33.418+0000] {logging_mixin.py:188} INFO - [2026-03-19T07:51:33.417+0000] {dag.py:3096} INFO - Sync 1 DAGs
[2026-03-19T07:51:33.432+0000] {logging_mixin.py:188} INFO - [2026-03-19T07:51:33.432+0000] {dag.py:3954} INFO - Setting next_dagrun for example_sensor_decorator to None, run_after=None
[2026-03-19T07:51:33.461+0000] {processor.py:183} INFO - Processing /home/airflow/.local/lib/python3.12/site-packages/airflow/example_dags/example_sensor_decorator.py took 0.092 seconds
[2026-03-19T07:52:03.527+0000] {processor.py:161} INFO - Started process (PID=37269) to work on /home/airflow/.local/lib/python3.12/site-packages/airflow/example_dags/example_sensor_decorator.py
[2026-03-19T07:52:03.527+0000] {processor.py:830} INFO - Processing file /home/airflow/.local/lib/python3.12/site-packages/airflow/example_dags/example_sensor_decorator.py for tasks to queue
[2026-03-19T07:52:03.528+0000] {logging_mixin.py:188} INFO - [2026-03-19T07:52:03.528+0000] {dagbag.py:545} INFO - Filling up the DagBag from /home/airflow/.local/lib/python3.12/site-packages/airflow/example_dags/example_sensor_decorator.py
[2026-03-19T07:52:03.531+0000] {processor.py:840} INFO - DAG(s) 'example_sensor_decorator' retrieved from /home/airflow/.local/lib/python3.12/site-packages/airflow/example_dags/example_sensor_decorator.py
[2026-03-19T07:52:03.541+0000] {logging_mixin.py:188} INFO - [2026-03-19T07:52:03.541+0000] {dag.py:3096} INFO - Sync 1 DAGs
[2026-03-19T07:52:03.546+0000] {logging_mixin.py:188} INFO - [2026-03-19T07:52:03.546+0000] {dag.py:3954} INFO - Setting next_dagrun for example_sensor_decorator to None, run_after=None
[2026-03-19T07:52:03.554+0000] {processor.py:183} INFO - Processing /home/airflow/.local/lib/python3.12/site-packages/airflow/example_dags/example_sensor_decorator.py took 0.033 seconds
[2026-03-19T07:52:34.478+0000] {processor.py:161} INFO - Started process (PID=37328) to work on /home/airflow/.local/lib/python3.12/site-packages/airflow/example_dags/example_sensor_decorator.py
[2026-03-19T07:52:34.481+0000] {processor.py:830} INFO - Processing file /home/airflow/.local/lib/python3.12/site-packages/airflow/example_dags/example_sensor_decorator.py for tasks to queue
[2026-03-19T07:52:34.482+0000] {logging_mixin.py:188} INFO - [2026-03-19T07:52:34.482+0000] {dagbag.py:545} INFO - Filling up the DagBag from /home/airflow/.local/lib/python3.12/site-packages/airflow/example_dags/example_sensor_decorator.py
[2026-03-19T07:52:34.485+0000] {processor.py:840} INFO - DAG(s) 'example_sensor_decorator' retrieved from /home/airflow/.local/lib/python3.12/site-packages/airflow/example_dags/example_sensor_decorator.py
[2026-03-19T07:52:34.497+0000] {logging_mixin.py:188} INFO - [2026-03-19T07:52:34.496+0000] {dag.py:3096} INFO - Sync 1 DAGs
[2026-03-19T07:52:34.502+0000] {logging_mixin.py:188} INFO - [2026-03-19T07:52:34.502+0000] {dag.py:3954} INFO - Setting next_dagrun for example_sensor_decorator to None, run_after=None
[2026-03-19T07:52:34.510+0000] {processor.py:183} INFO - Processing /home/airflow/.local/lib/python3.12/site-packages/airflow/example_dags/example_sensor_decorator.py took 0.038 seconds
[2026-03-19T07:53:05.247+0000] {processor.py:161} INFO - Started process (PID=37387) to work on /home/airflow/.local/lib/python3.12/site-packages/airflow/example_dags/example_sensor_decorator.py
[2026-03-19T07:53:05.248+0000] {processor.py:830} INFO - Processing file /home/airflow/.local/lib/python3.12/site-packages/airflow/example_dags/example_sensor_decorator.py for tasks to queue
[2026-03-19T07:53:05.250+0000] {logging_mixin.py:188} INFO - [2026-03-19T07:53:05.248+0000] {dagbag.py:545} INFO - Filling up the DagBag from /home/airflow/.local/lib/python3.12/site-packages/airflow/example_dags/example_sensor_decorator.py
[2026-03-19T07:53:05.254+0000] {processor.py:840} INFO - DAG(s) 'example_sensor_decorator' retrieved from /home/airflow/.local/lib/python3.12/site-packages/airflow/example_dags/example_sensor_decorator.py
[2026-03-19T07:53:05.267+0000] {logging_mixin.py:188} INFO - [2026-03-19T07:53:05.267+0000] {dag.py:3096} INFO - Sync 1 DAGs
[2026-03-19T07:53:05.273+0000] {logging_mixin.py:188} INFO - [2026-03-19T07:53:05.273+0000] {dag.py:3954} INFO - Setting next_dagrun for example_sensor_decorator to None, run_after=None
[2026-03-19T07:53:05.281+0000] {processor.py:183} INFO - Processing /home/airflow/.local/lib/python3.12/site-packages/airflow/example_dags/example_sensor_decorator.py took 0.038 seconds
[2026-03-19T07:53:35.524+0000] {processor.py:161} INFO - Started process (PID=37446) to work on /home/airflow/.local/lib/python3.12/site-packages/airflow/example_dags/example_sensor_decorator.py
[2026-03-19T07:53:35.524+0000] {processor.py:830} INFO - Processing file /home/airflow/.local/lib/python3.12/site-packages/airflow/example_dags/example_sensor_decorator.py for tasks to queue
[2026-03-19T07:53:35.525+0000] {logging_mixin.py:188} INFO - [2026-03-19T07:53:35.525+0000] {dagbag.py:545} INFO - Filling up the DagBag from /home/airflow/.local/lib/python3.12/site-packages/airflow/example_dags/example_sensor_decorator.py
[2026-03-19T07:53:35.528+0000] {processor.py:840} INFO - DAG(s) 'example_sensor_decorator' retrieved from /home/airflow/.local/lib/python3.12/site-packages/airflow/example_dags/example_sensor_decorator.py
[2026-03-19T07:53:35.546+0000] {logging_mixin.py:188} INFO - [2026-03-19T07:53:35.546+0000] {dag.py:3096} INFO - Sync 1 DAGs
[2026-03-19T07:53:35.554+0000] {logging_mixin.py:188} INFO - [2026-03-19T07:53:35.554+0000] {dag.py:3954} INFO - Setting next_dagrun for example_sensor_decorator to None, run_after=None
[2026-03-19T07:53:35.572+0000] {processor.py:183} INFO - Processing /home/airflow/.local/lib/python3.12/site-packages/airflow/example_dags/example_sensor_decorator.py took 0.052 seconds
[2026-03-19T07:54:06.020+0000] {processor.py:161} INFO - Started process (PID=37505) to work on /home/airflow/.local/lib/python3.12/site-packages/airflow/example_dags/example_sensor_decorator.py
[2026-03-19T07:54:06.022+0000] {processor.py:830} INFO - Processing file /home/airflow/.local/lib/python3.12/site-packages/airflow/example_dags/example_sensor_decorator.py for tasks to queue
[2026-03-19T07:54:06.023+0000] {logging_mixin.py:188} INFO - [2026-03-19T07:54:06.023+0000] {dagbag.py:545} INFO - Filling up the DagBag from /home/airflow/.local/lib/python3.12/site-packages/airflow/example_dags/example_sensor_decorator.py
[2026-03-19T07:54:06.027+0000] {processor.py:840} INFO - DAG(s) 'example_sensor_decorator' retrieved from /home/airflow/.local/lib/python3.12/site-packages/airflow/example_dags/example_sensor_decorator.py
[2026-03-19T07:54:06.039+0000] {logging_mixin.py:188} INFO - [2026-03-19T07:54:06.039+0000] {dag.py:3096} INFO - Sync 1 DAGs
[2026-03-19T07:54:06.047+0000] {logging_mixin.py:188} INFO - [2026-03-19T07:54:06.047+0000] {dag.py:3954} INFO - Setting next_dagrun for example_sensor_decorator to None, run_after=None
[2026-03-19T07:54:06.056+0000] {processor.py:183} INFO - Processing /home/airflow/.local/lib/python3.12/site-packages/airflow/example_dags/example_sensor_decorator.py took 0.041 seconds
[2026-03-19T07:54:36.253+0000] {processor.py:161} INFO - Started process (PID=37564) to work on /home/airflow/.local/lib/python3.12/site-packages/airflow/example_dags/example_sensor_decorator.py
[2026-03-19T07:54:36.254+0000] {processor.py:830} INFO - Processing file /home/airflow/.local/lib/python3.12/site-packages/airflow/example_dags/example_sensor_decorator.py for tasks to queue
[2026-03-19T07:54:36.254+0000] {logging_mixin.py:188} INFO - [2026-03-19T07:54:36.254+0000] {dagbag.py:545} INFO - Filling up the DagBag from /home/airflow/.local/lib/python3.12/site-packages/airflow/example_dags/example_sensor_decorator.py
[2026-03-19T07:54:36.259+0000] {processor.py:840} INFO - DAG(s) 'example_sensor_decorator' retrieved from /home/airflow/.local/lib/python3.12/site-packages/airflow/example_dags/example_sensor_decorator.py
[2026-03-19T07:54:36.274+0000] {logging_mixin.py:188} INFO - [2026-03-19T07:54:36.274+0000] {dag.py:3096} INFO - Sync 1 DAGs
[2026-03-19T07:54:36.280+0000] {logging_mixin.py:188} INFO - [2026-03-19T07:54:36.280+0000] {dag.py:3954} INFO - Setting next_dagrun for example_sensor_decorator to None, run_after=None
[2026-03-19T07:54:36.299+0000] {processor.py:183} INFO - Processing /home/airflow/.local/lib/python3.12/site-packages/airflow/example_dags/example_sensor_decorator.py took 0.049 seconds
[2026-03-19T07:55:06.658+0000] {processor.py:161} INFO - Started process (PID=37623) to work on /home/airflow/.local/lib/python3.12/site-packages/airflow/example_dags/example_sensor_decorator.py
[2026-03-19T07:55:06.659+0000] {processor.py:830} INFO - Processing file /home/airflow/.local/lib/python3.12/site-packages/airflow/example_dags/example_sensor_decorator.py for tasks to queue
[2026-03-19T07:55:06.659+0000] {logging_mixin.py:188} INFO - [2026-03-19T07:55:06.659+0000] {dagbag.py:545} INFO - Filling up the DagBag from /home/airflow/.local/lib/python3.12/site-packages/airflow/example_dags/example_sensor_decorator.py
[2026-03-19T07:55:06.663+0000] {processor.py:840} INFO - DAG(s) 'example_sensor_decorator' retrieved from /home/airflow/.local/lib/python3.12/site-packages/airflow/example_dags/example_sensor_decorator.py
[2026-03-19T07:55:06.674+0000] {logging_mixin.py:188} INFO - [2026-03-19T07:55:06.674+0000] {dag.py:3096} INFO - Sync 1 DAGs
[2026-03-19T07:55:06.681+0000] {logging_mixin.py:188} INFO - [2026-03-19T07:55:06.681+0000] {dag.py:3954} INFO - Setting next_dagrun for example_sensor_decorator to None, run_after=None
[2026-03-19T07:55:06.689+0000] {processor.py:183} INFO - Processing /home/airflow/.local/lib/python3.12/site-packages/airflow/example_dags/example_sensor_decorator.py took 0.039 seconds
[2026-03-19T07:55:37.469+0000] {processor.py:161} INFO - Started process (PID=37682) to work on /home/airflow/.local/lib/python3.12/site-packages/airflow/example_dags/example_sensor_decorator.py
[2026-03-19T07:55:37.470+0000] {processor.py:830} INFO - Processing file /home/airflow/.local/lib/python3.12/site-packages/airflow/example_dags/example_sensor_decorator.py for tasks to queue
[2026-03-19T07:55:37.470+0000] {logging_mixin.py:188} INFO - [2026-03-19T07:55:37.470+0000] {dagbag.py:545} INFO - Filling up the DagBag from /home/airflow/.local/lib/python3.12/site-packages/airflow/example_dags/example_sensor_decorator.py
[2026-03-19T07:55:37.474+0000] {processor.py:840} INFO - DAG(s) 'example_sensor_decorator' retrieved from /home/airflow/.local/lib/python3.12/site-packages/airflow/example_dags/example_sensor_decorator.py
[2026-03-19T07:55:37.495+0000] {logging_mixin.py:188} INFO - [2026-03-19T07:55:37.495+0000] {dag.py:3096} INFO - Sync 1 DAGs
[2026-03-19T07:55:37.503+0000] {logging_mixin.py:188} INFO - [2026-03-19T07:55:37.503+0000] {dag.py:3954} INFO - Setting next_dagrun for example_sensor_decorator to None, run_after=None
[2026-03-19T07:55:37.517+0000] {processor.py:183} INFO - Processing /home/airflow/.local/lib/python3.12/site-packages/airflow/example_dags/example_sensor_decorator.py took 0.051 seconds
[2026-03-19T07:56:07.918+0000] {processor.py:161} INFO - Started process (PID=37741) to work on /home/airflow/.local/lib/python3.12/site-packages/airflow/example_dags/example_sensor_decorator.py
[2026-03-19T07:56:07.921+0000] {processor.py:830} INFO - Processing file /home/airflow/.local/lib/python3.12/site-packages/airflow/example_dags/example_sensor_decorator.py for tasks to queue
[2026-03-19T07:56:07.921+0000] {logging_mixin.py:188} INFO - [2026-03-19T07:56:07.921+0000] {dagbag.py:545} INFO - Filling up the DagBag from /home/airflow/.local/lib/python3.12/site-packages/airflow/example_dags/example_sensor_decorator.py
[2026-03-19T07:56:07.925+0000] {processor.py:840} INFO - DAG(s) 'example_sensor_decorator' retrieved from /home/airflow/.local/lib/python3.12/site-packages/airflow/example_dags/example_sensor_decorator.py
[2026-03-19T07:56:07.936+0000] {logging_mixin.py:188} INFO - [2026-03-19T07:56:07.935+0000] {dag.py:3096} INFO - Sync 1 DAGs
[2026-03-19T07:56:07.942+0000] {logging_mixin.py:188} INFO - [2026-03-19T07:56:07.941+0000] {dag.py:3954} INFO - Setting next_dagrun for example_sensor_decorator to None, run_after=None
[2026-03-19T07:56:07.950+0000] {processor.py:183} INFO - Processing /home/airflow/.local/lib/python3.12/site-packages/airflow/example_dags/example_sensor_decorator.py took 0.035 seconds
