[2026-03-19T00:12:46.116+0000] {processor.py:161} INFO - Started process (PID=35709) to work on /home/airflow/.local/lib/python3.12/site-packages/airflow/example_dags/example_task_group.py
[2026-03-19T00:12:46.117+0000] {processor.py:830} INFO - Processing file /home/airflow/.local/lib/python3.12/site-packages/airflow/example_dags/example_task_group.py for tasks to queue
[2026-03-19T00:12:46.118+0000] {logging_mixin.py:188} INFO - [2026-03-19T00:12:46.118+0000] {dagbag.py:545} INFO - Filling up the DagBag from /home/airflow/.local/lib/python3.12/site-packages/airflow/example_dags/example_task_group.py
[2026-03-19T00:12:46.123+0000] {processor.py:840} INFO - DAG(s) 'example_task_group' retrieved from /home/airflow/.local/lib/python3.12/site-packages/airflow/example_dags/example_task_group.py
[2026-03-19T00:12:46.137+0000] {logging_mixin.py:188} INFO - [2026-03-19T00:12:46.137+0000] {dag.py:3096} INFO - Sync 1 DAGs
[2026-03-19T00:12:46.153+0000] {logging_mixin.py:188} INFO - [2026-03-19T00:12:46.152+0000] {dag.py:3954} INFO - Setting next_dagrun for example_task_group to 2026-03-18 00:00:00+00:00, run_after=2026-03-19 00:00:00+00:00
[2026-03-19T00:12:46.266+0000] {processor.py:183} INFO - Processing /home/airflow/.local/lib/python3.12/site-packages/airflow/example_dags/example_task_group.py took 0.154 seconds
[2026-03-19T00:46:47.540+0000] {processor.py:161} INFO - Started process (PID=35768) to work on /home/airflow/.local/lib/python3.12/site-packages/airflow/example_dags/example_task_group.py
[2026-03-19T00:46:47.542+0000] {processor.py:830} INFO - Processing file /home/airflow/.local/lib/python3.12/site-packages/airflow/example_dags/example_task_group.py for tasks to queue
[2026-03-19T00:46:47.545+0000] {logging_mixin.py:188} INFO - [2026-03-19T00:46:47.545+0000] {dagbag.py:545} INFO - Filling up the DagBag from /home/airflow/.local/lib/python3.12/site-packages/airflow/example_dags/example_task_group.py
[2026-03-19T00:46:47.551+0000] {processor.py:840} INFO - DAG(s) 'example_task_group' retrieved from /home/airflow/.local/lib/python3.12/site-packages/airflow/example_dags/example_task_group.py
[2026-03-19T00:46:47.572+0000] {logging_mixin.py:188} INFO - [2026-03-19T00:46:47.572+0000] {dag.py:3096} INFO - Sync 1 DAGs
[2026-03-19T00:46:47.600+0000] {logging_mixin.py:188} INFO - [2026-03-19T00:46:47.600+0000] {dag.py:3954} INFO - Setting next_dagrun for example_task_group to 2026-03-18 00:00:00+00:00, run_after=2026-03-19 00:00:00+00:00
[2026-03-19T00:46:47.623+0000] {processor.py:183} INFO - Processing /home/airflow/.local/lib/python3.12/site-packages/airflow/example_dags/example_task_group.py took 0.089 seconds
[2026-03-19T01:13:45.722+0000] {processor.py:161} INFO - Started process (PID=35835) to work on /home/airflow/.local/lib/python3.12/site-packages/airflow/example_dags/example_task_group.py
[2026-03-19T01:13:45.726+0000] {processor.py:830} INFO - Processing file /home/airflow/.local/lib/python3.12/site-packages/airflow/example_dags/example_task_group.py for tasks to queue
[2026-03-19T01:13:45.728+0000] {logging_mixin.py:188} INFO - [2026-03-19T01:13:45.727+0000] {dagbag.py:545} INFO - Filling up the DagBag from /home/airflow/.local/lib/python3.12/site-packages/airflow/example_dags/example_task_group.py
[2026-03-19T01:13:45.735+0000] {processor.py:840} INFO - DAG(s) 'example_task_group' retrieved from /home/airflow/.local/lib/python3.12/site-packages/airflow/example_dags/example_task_group.py
[2026-03-19T01:13:45.766+0000] {logging_mixin.py:188} INFO - [2026-03-19T01:13:45.766+0000] {dag.py:3096} INFO - Sync 1 DAGs
[2026-03-19T01:13:45.788+0000] {logging_mixin.py:188} INFO - [2026-03-19T01:13:45.787+0000] {dag.py:3954} INFO - Setting next_dagrun for example_task_group to 2026-03-18 00:00:00+00:00, run_after=2026-03-19 00:00:00+00:00
[2026-03-19T01:13:45.809+0000] {processor.py:183} INFO - Processing /home/airflow/.local/lib/python3.12/site-packages/airflow/example_dags/example_task_group.py took 0.093 seconds
[2026-03-19T02:14:46.030+0000] {processor.py:161} INFO - Started process (PID=35908) to work on /home/airflow/.local/lib/python3.12/site-packages/airflow/example_dags/example_task_group.py
[2026-03-19T02:14:46.051+0000] {processor.py:830} INFO - Processing file /home/airflow/.local/lib/python3.12/site-packages/airflow/example_dags/example_task_group.py for tasks to queue
[2026-03-19T02:14:46.081+0000] {logging_mixin.py:188} INFO - [2026-03-19T02:14:46.071+0000] {dagbag.py:545} INFO - Filling up the DagBag from /home/airflow/.local/lib/python3.12/site-packages/airflow/example_dags/example_task_group.py
[2026-03-19T02:14:46.614+0000] {processor.py:840} INFO - DAG(s) 'example_task_group' retrieved from /home/airflow/.local/lib/python3.12/site-packages/airflow/example_dags/example_task_group.py
[2026-03-19T02:14:47.254+0000] {logging_mixin.py:188} INFO - [2026-03-19T02:14:47.239+0000] {dag.py:3096} INFO - Sync 1 DAGs
[2026-03-19T02:14:48.370+0000] {logging_mixin.py:188} INFO - [2026-03-19T02:14:48.332+0000] {dag.py:3954} INFO - Setting next_dagrun for example_task_group to 2026-03-18 00:00:00+00:00, run_after=2026-03-19 00:00:00+00:00
[2026-03-19T02:14:48.774+0000] {processor.py:183} INFO - Processing /home/airflow/.local/lib/python3.12/site-packages/airflow/example_dags/example_task_group.py took 2.851 seconds
[2026-03-19T02:15:19.492+0000] {processor.py:161} INFO - Started process (PID=35975) to work on /home/airflow/.local/lib/python3.12/site-packages/airflow/example_dags/example_task_group.py
[2026-03-19T02:15:19.495+0000] {processor.py:830} INFO - Processing file /home/airflow/.local/lib/python3.12/site-packages/airflow/example_dags/example_task_group.py for tasks to queue
[2026-03-19T02:15:19.499+0000] {logging_mixin.py:188} INFO - [2026-03-19T02:15:19.498+0000] {dagbag.py:545} INFO - Filling up the DagBag from /home/airflow/.local/lib/python3.12/site-packages/airflow/example_dags/example_task_group.py
[2026-03-19T02:15:19.546+0000] {processor.py:840} INFO - DAG(s) 'example_task_group' retrieved from /home/airflow/.local/lib/python3.12/site-packages/airflow/example_dags/example_task_group.py
[2026-03-19T02:15:19.612+0000] {logging_mixin.py:188} INFO - [2026-03-19T02:15:19.612+0000] {dag.py:3096} INFO - Sync 1 DAGs
[2026-03-19T02:15:19.690+0000] {logging_mixin.py:188} INFO - [2026-03-19T02:15:19.689+0000] {dag.py:3954} INFO - Setting next_dagrun for example_task_group to 2026-03-18 00:00:00+00:00, run_after=2026-03-19 00:00:00+00:00
[2026-03-19T02:15:19.724+0000] {processor.py:183} INFO - Processing /home/airflow/.local/lib/python3.12/site-packages/airflow/example_dags/example_task_group.py took 0.251 seconds
[2026-03-19T03:06:11.298+0000] {processor.py:161} INFO - Started process (PID=36056) to work on /home/airflow/.local/lib/python3.12/site-packages/airflow/example_dags/example_task_group.py
[2026-03-19T03:06:11.300+0000] {processor.py:830} INFO - Processing file /home/airflow/.local/lib/python3.12/site-packages/airflow/example_dags/example_task_group.py for tasks to queue
[2026-03-19T03:06:11.302+0000] {logging_mixin.py:188} INFO - [2026-03-19T03:06:11.301+0000] {dagbag.py:545} INFO - Filling up the DagBag from /home/airflow/.local/lib/python3.12/site-packages/airflow/example_dags/example_task_group.py
[2026-03-19T03:06:11.319+0000] {processor.py:840} INFO - DAG(s) 'example_task_group' retrieved from /home/airflow/.local/lib/python3.12/site-packages/airflow/example_dags/example_task_group.py
[2026-03-19T03:06:11.389+0000] {logging_mixin.py:188} INFO - [2026-03-19T03:06:11.389+0000] {dag.py:3096} INFO - Sync 1 DAGs
[2026-03-19T03:06:11.446+0000] {logging_mixin.py:188} INFO - [2026-03-19T03:06:11.446+0000] {dag.py:3954} INFO - Setting next_dagrun for example_task_group to 2026-03-18 00:00:00+00:00, run_after=2026-03-19 00:00:00+00:00
[2026-03-19T03:06:11.498+0000] {processor.py:183} INFO - Processing /home/airflow/.local/lib/python3.12/site-packages/airflow/example_dags/example_task_group.py took 0.210 seconds
[2026-03-19T03:06:41.875+0000] {processor.py:161} INFO - Started process (PID=36123) to work on /home/airflow/.local/lib/python3.12/site-packages/airflow/example_dags/example_task_group.py
[2026-03-19T03:06:41.876+0000] {processor.py:830} INFO - Processing file /home/airflow/.local/lib/python3.12/site-packages/airflow/example_dags/example_task_group.py for tasks to queue
[2026-03-19T03:06:41.877+0000] {logging_mixin.py:188} INFO - [2026-03-19T03:06:41.876+0000] {dagbag.py:545} INFO - Filling up the DagBag from /home/airflow/.local/lib/python3.12/site-packages/airflow/example_dags/example_task_group.py
[2026-03-19T03:06:41.881+0000] {processor.py:840} INFO - DAG(s) 'example_task_group' retrieved from /home/airflow/.local/lib/python3.12/site-packages/airflow/example_dags/example_task_group.py
[2026-03-19T03:06:41.893+0000] {logging_mixin.py:188} INFO - [2026-03-19T03:06:41.893+0000] {dag.py:3096} INFO - Sync 1 DAGs
[2026-03-19T03:06:41.904+0000] {logging_mixin.py:188} INFO - [2026-03-19T03:06:41.904+0000] {dag.py:3954} INFO - Setting next_dagrun for example_task_group to 2026-03-18 00:00:00+00:00, run_after=2026-03-19 00:00:00+00:00
[2026-03-19T03:06:41.917+0000] {processor.py:183} INFO - Processing /home/airflow/.local/lib/python3.12/site-packages/airflow/example_dags/example_task_group.py took 0.045 seconds
[2026-03-19T03:15:43.326+0000] {processor.py:161} INFO - Started process (PID=36182) to work on /home/airflow/.local/lib/python3.12/site-packages/airflow/example_dags/example_task_group.py
[2026-03-19T03:15:43.327+0000] {processor.py:830} INFO - Processing file /home/airflow/.local/lib/python3.12/site-packages/airflow/example_dags/example_task_group.py for tasks to queue
[2026-03-19T03:15:43.328+0000] {logging_mixin.py:188} INFO - [2026-03-19T03:15:43.328+0000] {dagbag.py:545} INFO - Filling up the DagBag from /home/airflow/.local/lib/python3.12/site-packages/airflow/example_dags/example_task_group.py
[2026-03-19T03:15:43.335+0000] {processor.py:840} INFO - DAG(s) 'example_task_group' retrieved from /home/airflow/.local/lib/python3.12/site-packages/airflow/example_dags/example_task_group.py
[2026-03-19T03:15:43.356+0000] {logging_mixin.py:188} INFO - [2026-03-19T03:15:43.356+0000] {dag.py:3096} INFO - Sync 1 DAGs
[2026-03-19T03:15:43.383+0000] {logging_mixin.py:188} INFO - [2026-03-19T03:15:43.382+0000] {dag.py:3954} INFO - Setting next_dagrun for example_task_group to 2026-03-18 00:00:00+00:00, run_after=2026-03-19 00:00:00+00:00
[2026-03-19T03:15:43.405+0000] {processor.py:183} INFO - Processing /home/airflow/.local/lib/python3.12/site-packages/airflow/example_dags/example_task_group.py took 0.085 seconds
[2026-03-19T03:32:06.326+0000] {processor.py:161} INFO - Started process (PID=36241) to work on /home/airflow/.local/lib/python3.12/site-packages/airflow/example_dags/example_task_group.py
[2026-03-19T03:32:06.328+0000] {processor.py:830} INFO - Processing file /home/airflow/.local/lib/python3.12/site-packages/airflow/example_dags/example_task_group.py for tasks to queue
[2026-03-19T03:32:06.328+0000] {logging_mixin.py:188} INFO - [2026-03-19T03:32:06.328+0000] {dagbag.py:545} INFO - Filling up the DagBag from /home/airflow/.local/lib/python3.12/site-packages/airflow/example_dags/example_task_group.py
[2026-03-19T03:32:06.352+0000] {processor.py:840} INFO - DAG(s) 'example_task_group' retrieved from /home/airflow/.local/lib/python3.12/site-packages/airflow/example_dags/example_task_group.py
[2026-03-19T03:32:06.388+0000] {logging_mixin.py:188} INFO - [2026-03-19T03:32:06.388+0000] {dag.py:3096} INFO - Sync 1 DAGs
[2026-03-19T03:32:06.420+0000] {logging_mixin.py:188} INFO - [2026-03-19T03:32:06.420+0000] {dag.py:3954} INFO - Setting next_dagrun for example_task_group to 2026-03-18 00:00:00+00:00, run_after=2026-03-19 00:00:00+00:00
[2026-03-19T03:32:06.451+0000] {processor.py:183} INFO - Processing /home/airflow/.local/lib/python3.12/site-packages/airflow/example_dags/example_task_group.py took 0.133 seconds
[2026-03-19T04:16:44.284+0000] {processor.py:161} INFO - Started process (PID=36308) to work on /home/airflow/.local/lib/python3.12/site-packages/airflow/example_dags/example_task_group.py
[2026-03-19T04:16:44.287+0000] {processor.py:830} INFO - Processing file /home/airflow/.local/lib/python3.12/site-packages/airflow/example_dags/example_task_group.py for tasks to queue
[2026-03-19T04:16:44.289+0000] {logging_mixin.py:188} INFO - [2026-03-19T04:16:44.289+0000] {dagbag.py:545} INFO - Filling up the DagBag from /home/airflow/.local/lib/python3.12/site-packages/airflow/example_dags/example_task_group.py
[2026-03-19T04:16:44.300+0000] {processor.py:840} INFO - DAG(s) 'example_task_group' retrieved from /home/airflow/.local/lib/python3.12/site-packages/airflow/example_dags/example_task_group.py
[2026-03-19T04:16:44.323+0000] {logging_mixin.py:188} INFO - [2026-03-19T04:16:44.323+0000] {dag.py:3096} INFO - Sync 1 DAGs
[2026-03-19T04:16:44.340+0000] {logging_mixin.py:188} INFO - [2026-03-19T04:16:44.340+0000] {dag.py:3954} INFO - Setting next_dagrun for example_task_group to 2026-03-18 00:00:00+00:00, run_after=2026-03-19 00:00:00+00:00
[2026-03-19T04:16:44.355+0000] {processor.py:183} INFO - Processing /home/airflow/.local/lib/python3.12/site-packages/airflow/example_dags/example_task_group.py took 0.076 seconds
[2026-03-19T04:17:18.373+0000] {processor.py:161} INFO - Started process (PID=36375) to work on /home/airflow/.local/lib/python3.12/site-packages/airflow/example_dags/example_task_group.py
[2026-03-19T04:17:18.374+0000] {processor.py:830} INFO - Processing file /home/airflow/.local/lib/python3.12/site-packages/airflow/example_dags/example_task_group.py for tasks to queue
[2026-03-19T04:17:18.375+0000] {logging_mixin.py:188} INFO - [2026-03-19T04:17:18.375+0000] {dagbag.py:545} INFO - Filling up the DagBag from /home/airflow/.local/lib/python3.12/site-packages/airflow/example_dags/example_task_group.py
[2026-03-19T04:17:18.390+0000] {processor.py:840} INFO - DAG(s) 'example_task_group' retrieved from /home/airflow/.local/lib/python3.12/site-packages/airflow/example_dags/example_task_group.py
[2026-03-19T04:17:18.440+0000] {logging_mixin.py:188} INFO - [2026-03-19T04:17:18.440+0000] {dag.py:3096} INFO - Sync 1 DAGs
[2026-03-19T04:17:18.477+0000] {logging_mixin.py:188} INFO - [2026-03-19T04:17:18.477+0000] {dag.py:3954} INFO - Setting next_dagrun for example_task_group to 2026-03-18 00:00:00+00:00, run_after=2026-03-19 00:00:00+00:00
[2026-03-19T04:17:18.515+0000] {processor.py:183} INFO - Processing /home/airflow/.local/lib/python3.12/site-packages/airflow/example_dags/example_task_group.py took 0.150 seconds
[2026-03-19T05:17:37.913+0000] {processor.py:161} INFO - Started process (PID=36434) to work on /home/airflow/.local/lib/python3.12/site-packages/airflow/example_dags/example_task_group.py
[2026-03-19T05:17:37.914+0000] {processor.py:830} INFO - Processing file /home/airflow/.local/lib/python3.12/site-packages/airflow/example_dags/example_task_group.py for tasks to queue
[2026-03-19T05:17:37.915+0000] {logging_mixin.py:188} INFO - [2026-03-19T05:17:37.915+0000] {dagbag.py:545} INFO - Filling up the DagBag from /home/airflow/.local/lib/python3.12/site-packages/airflow/example_dags/example_task_group.py
[2026-03-19T05:17:37.923+0000] {processor.py:840} INFO - DAG(s) 'example_task_group' retrieved from /home/airflow/.local/lib/python3.12/site-packages/airflow/example_dags/example_task_group.py
[2026-03-19T05:17:37.944+0000] {logging_mixin.py:188} INFO - [2026-03-19T05:17:37.944+0000] {dag.py:3096} INFO - Sync 1 DAGs
[2026-03-19T05:17:37.960+0000] {logging_mixin.py:188} INFO - [2026-03-19T05:17:37.960+0000] {dag.py:3954} INFO - Setting next_dagrun for example_task_group to 2026-03-18 00:00:00+00:00, run_after=2026-03-19 00:00:00+00:00
[2026-03-19T05:17:37.978+0000] {processor.py:183} INFO - Processing /home/airflow/.local/lib/python3.12/site-packages/airflow/example_dags/example_task_group.py took 0.070 seconds
[2026-03-19T05:18:08.335+0000] {processor.py:161} INFO - Started process (PID=36493) to work on /home/airflow/.local/lib/python3.12/site-packages/airflow/example_dags/example_task_group.py
[2026-03-19T05:18:08.336+0000] {processor.py:830} INFO - Processing file /home/airflow/.local/lib/python3.12/site-packages/airflow/example_dags/example_task_group.py for tasks to queue
[2026-03-19T05:18:08.337+0000] {logging_mixin.py:188} INFO - [2026-03-19T05:18:08.336+0000] {dagbag.py:545} INFO - Filling up the DagBag from /home/airflow/.local/lib/python3.12/site-packages/airflow/example_dags/example_task_group.py
[2026-03-19T05:18:08.341+0000] {processor.py:840} INFO - DAG(s) 'example_task_group' retrieved from /home/airflow/.local/lib/python3.12/site-packages/airflow/example_dags/example_task_group.py
[2026-03-19T05:18:08.368+0000] {logging_mixin.py:188} INFO - [2026-03-19T05:18:08.368+0000] {dag.py:3096} INFO - Sync 1 DAGs
[2026-03-19T05:18:08.385+0000] {logging_mixin.py:188} INFO - [2026-03-19T05:18:08.385+0000] {dag.py:3954} INFO - Setting next_dagrun for example_task_group to 2026-03-18 00:00:00+00:00, run_after=2026-03-19 00:00:00+00:00
[2026-03-19T05:18:08.398+0000] {processor.py:183} INFO - Processing /home/airflow/.local/lib/python3.12/site-packages/airflow/example_dags/example_task_group.py took 0.070 seconds
[2026-03-19T06:18:37.176+0000] {processor.py:161} INFO - Started process (PID=36552) to work on /home/airflow/.local/lib/python3.12/site-packages/airflow/example_dags/example_task_group.py
[2026-03-19T06:18:37.177+0000] {processor.py:830} INFO - Processing file /home/airflow/.local/lib/python3.12/site-packages/airflow/example_dags/example_task_group.py for tasks to queue
[2026-03-19T06:18:37.178+0000] {logging_mixin.py:188} INFO - [2026-03-19T06:18:37.177+0000] {dagbag.py:545} INFO - Filling up the DagBag from /home/airflow/.local/lib/python3.12/site-packages/airflow/example_dags/example_task_group.py
[2026-03-19T06:18:37.186+0000] {processor.py:840} INFO - DAG(s) 'example_task_group' retrieved from /home/airflow/.local/lib/python3.12/site-packages/airflow/example_dags/example_task_group.py
[2026-03-19T06:18:37.206+0000] {logging_mixin.py:188} INFO - [2026-03-19T06:18:37.206+0000] {dag.py:3096} INFO - Sync 1 DAGs
[2026-03-19T06:18:37.227+0000] {logging_mixin.py:188} INFO - [2026-03-19T06:18:37.227+0000] {dag.py:3954} INFO - Setting next_dagrun for example_task_group to 2026-03-18 00:00:00+00:00, run_after=2026-03-19 00:00:00+00:00
[2026-03-19T06:18:37.242+0000] {processor.py:183} INFO - Processing /home/airflow/.local/lib/python3.12/site-packages/airflow/example_dags/example_task_group.py took 0.073 seconds
[2026-03-19T06:19:07.765+0000] {processor.py:161} INFO - Started process (PID=36619) to work on /home/airflow/.local/lib/python3.12/site-packages/airflow/example_dags/example_task_group.py
[2026-03-19T06:19:07.765+0000] {processor.py:830} INFO - Processing file /home/airflow/.local/lib/python3.12/site-packages/airflow/example_dags/example_task_group.py for tasks to queue
[2026-03-19T06:19:07.766+0000] {logging_mixin.py:188} INFO - [2026-03-19T06:19:07.766+0000] {dagbag.py:545} INFO - Filling up the DagBag from /home/airflow/.local/lib/python3.12/site-packages/airflow/example_dags/example_task_group.py
[2026-03-19T06:19:07.770+0000] {processor.py:840} INFO - DAG(s) 'example_task_group' retrieved from /home/airflow/.local/lib/python3.12/site-packages/airflow/example_dags/example_task_group.py
[2026-03-19T06:19:07.781+0000] {logging_mixin.py:188} INFO - [2026-03-19T06:19:07.781+0000] {dag.py:3096} INFO - Sync 1 DAGs
[2026-03-19T06:19:07.791+0000] {logging_mixin.py:188} INFO - [2026-03-19T06:19:07.791+0000] {dag.py:3954} INFO - Setting next_dagrun for example_task_group to 2026-03-18 00:00:00+00:00, run_after=2026-03-19 00:00:00+00:00
[2026-03-19T06:19:07.800+0000] {processor.py:183} INFO - Processing /home/airflow/.local/lib/python3.12/site-packages/airflow/example_dags/example_task_group.py took 0.039 seconds
[2026-03-19T07:19:36.962+0000] {processor.py:161} INFO - Started process (PID=36678) to work on /home/airflow/.local/lib/python3.12/site-packages/airflow/example_dags/example_task_group.py
[2026-03-19T07:19:36.964+0000] {processor.py:830} INFO - Processing file /home/airflow/.local/lib/python3.12/site-packages/airflow/example_dags/example_task_group.py for tasks to queue
[2026-03-19T07:19:36.965+0000] {logging_mixin.py:188} INFO - [2026-03-19T07:19:36.965+0000] {dagbag.py:545} INFO - Filling up the DagBag from /home/airflow/.local/lib/python3.12/site-packages/airflow/example_dags/example_task_group.py
[2026-03-19T07:19:36.978+0000] {processor.py:840} INFO - DAG(s) 'example_task_group' retrieved from /home/airflow/.local/lib/python3.12/site-packages/airflow/example_dags/example_task_group.py
[2026-03-19T07:19:37.014+0000] {logging_mixin.py:188} INFO - [2026-03-19T07:19:37.013+0000] {dag.py:3096} INFO - Sync 1 DAGs
[2026-03-19T07:19:37.063+0000] {logging_mixin.py:188} INFO - [2026-03-19T07:19:37.062+0000] {dag.py:3954} INFO - Setting next_dagrun for example_task_group to 2026-03-18 00:00:00+00:00, run_after=2026-03-19 00:00:00+00:00
[2026-03-19T07:19:37.090+0000] {processor.py:183} INFO - Processing /home/airflow/.local/lib/python3.12/site-packages/airflow/example_dags/example_task_group.py took 0.140 seconds
[2026-03-19T07:20:08.099+0000] {processor.py:161} INFO - Started process (PID=36746) to work on /home/airflow/.local/lib/python3.12/site-packages/airflow/example_dags/example_task_group.py
[2026-03-19T07:20:08.103+0000] {processor.py:830} INFO - Processing file /home/airflow/.local/lib/python3.12/site-packages/airflow/example_dags/example_task_group.py for tasks to queue
[2026-03-19T07:20:08.106+0000] {logging_mixin.py:188} INFO - [2026-03-19T07:20:08.105+0000] {dagbag.py:545} INFO - Filling up the DagBag from /home/airflow/.local/lib/python3.12/site-packages/airflow/example_dags/example_task_group.py
[2026-03-19T07:20:08.131+0000] {processor.py:840} INFO - DAG(s) 'example_task_group' retrieved from /home/airflow/.local/lib/python3.12/site-packages/airflow/example_dags/example_task_group.py
[2026-03-19T07:20:08.168+0000] {logging_mixin.py:188} INFO - [2026-03-19T07:20:08.168+0000] {dag.py:3096} INFO - Sync 1 DAGs
[2026-03-19T07:20:08.203+0000] {logging_mixin.py:188} INFO - [2026-03-19T07:20:08.202+0000] {dag.py:3954} INFO - Setting next_dagrun for example_task_group to 2026-03-18 00:00:00+00:00, run_after=2026-03-19 00:00:00+00:00
[2026-03-19T07:20:08.230+0000] {processor.py:183} INFO - Processing /home/airflow/.local/lib/python3.12/site-packages/airflow/example_dags/example_task_group.py took 0.154 seconds
[2026-03-19T07:37:31.131+0000] {processor.py:161} INFO - Started process (PID=36804) to work on /home/airflow/.local/lib/python3.12/site-packages/airflow/example_dags/example_task_group.py
[2026-03-19T07:37:31.132+0000] {processor.py:830} INFO - Processing file /home/airflow/.local/lib/python3.12/site-packages/airflow/example_dags/example_task_group.py for tasks to queue
[2026-03-19T07:37:31.133+0000] {logging_mixin.py:188} INFO - [2026-03-19T07:37:31.133+0000] {dagbag.py:545} INFO - Filling up the DagBag from /home/airflow/.local/lib/python3.12/site-packages/airflow/example_dags/example_task_group.py
[2026-03-19T07:37:31.140+0000] {processor.py:840} INFO - DAG(s) 'example_task_group' retrieved from /home/airflow/.local/lib/python3.12/site-packages/airflow/example_dags/example_task_group.py
[2026-03-19T07:37:31.158+0000] {logging_mixin.py:188} INFO - [2026-03-19T07:37:31.158+0000] {dag.py:3096} INFO - Sync 1 DAGs
[2026-03-19T07:37:31.173+0000] {logging_mixin.py:188} INFO - [2026-03-19T07:37:31.173+0000] {dag.py:3954} INFO - Setting next_dagrun for example_task_group to 2026-03-18 00:00:00+00:00, run_after=2026-03-19 00:00:00+00:00
[2026-03-19T07:37:31.197+0000] {processor.py:183} INFO - Processing /home/airflow/.local/lib/python3.12/site-packages/airflow/example_dags/example_task_group.py took 0.071 seconds
[2026-03-19T07:38:05.834+0000] {processor.py:161} INFO - Started process (PID=36871) to work on /home/airflow/.local/lib/python3.12/site-packages/airflow/example_dags/example_task_group.py
[2026-03-19T07:38:05.836+0000] {processor.py:830} INFO - Processing file /home/airflow/.local/lib/python3.12/site-packages/airflow/example_dags/example_task_group.py for tasks to queue
[2026-03-19T07:38:05.837+0000] {logging_mixin.py:188} INFO - [2026-03-19T07:38:05.837+0000] {dagbag.py:545} INFO - Filling up the DagBag from /home/airflow/.local/lib/python3.12/site-packages/airflow/example_dags/example_task_group.py
[2026-03-19T07:38:05.850+0000] {processor.py:840} INFO - DAG(s) 'example_task_group' retrieved from /home/airflow/.local/lib/python3.12/site-packages/airflow/example_dags/example_task_group.py
[2026-03-19T07:38:05.873+0000] {logging_mixin.py:188} INFO - [2026-03-19T07:38:05.872+0000] {dag.py:3096} INFO - Sync 1 DAGs
[2026-03-19T07:38:05.905+0000] {logging_mixin.py:188} INFO - [2026-03-19T07:38:05.905+0000] {dag.py:3954} INFO - Setting next_dagrun for example_task_group to 2026-03-18 00:00:00+00:00, run_after=2026-03-19 00:00:00+00:00
[2026-03-19T07:38:05.940+0000] {processor.py:183} INFO - Processing /home/airflow/.local/lib/python3.12/site-packages/airflow/example_dags/example_task_group.py took 0.111 seconds
[2026-03-19T07:48:57.135+0000] {processor.py:161} INFO - Started process (PID=36930) to work on /home/airflow/.local/lib/python3.12/site-packages/airflow/example_dags/example_task_group.py
[2026-03-19T07:48:57.136+0000] {processor.py:830} INFO - Processing file /home/airflow/.local/lib/python3.12/site-packages/airflow/example_dags/example_task_group.py for tasks to queue
[2026-03-19T07:48:57.137+0000] {logging_mixin.py:188} INFO - [2026-03-19T07:48:57.137+0000] {dagbag.py:545} INFO - Filling up the DagBag from /home/airflow/.local/lib/python3.12/site-packages/airflow/example_dags/example_task_group.py
[2026-03-19T07:48:57.145+0000] {processor.py:840} INFO - DAG(s) 'example_task_group' retrieved from /home/airflow/.local/lib/python3.12/site-packages/airflow/example_dags/example_task_group.py
[2026-03-19T07:48:57.166+0000] {logging_mixin.py:188} INFO - [2026-03-19T07:48:57.165+0000] {dag.py:3096} INFO - Sync 1 DAGs
[2026-03-19T07:48:57.181+0000] {logging_mixin.py:188} INFO - [2026-03-19T07:48:57.181+0000] {dag.py:3954} INFO - Setting next_dagrun for example_task_group to 2026-03-18 00:00:00+00:00, run_after=2026-03-19 00:00:00+00:00
[2026-03-19T07:48:57.194+0000] {processor.py:183} INFO - Processing /home/airflow/.local/lib/python3.12/site-packages/airflow/example_dags/example_task_group.py took 0.065 seconds
[2026-03-19T07:49:29.303+0000] {processor.py:161} INFO - Started process (PID=36989) to work on /home/airflow/.local/lib/python3.12/site-packages/airflow/example_dags/example_task_group.py
[2026-03-19T07:49:29.307+0000] {processor.py:830} INFO - Processing file /home/airflow/.local/lib/python3.12/site-packages/airflow/example_dags/example_task_group.py for tasks to queue
[2026-03-19T07:49:29.313+0000] {logging_mixin.py:188} INFO - [2026-03-19T07:49:29.311+0000] {dagbag.py:545} INFO - Filling up the DagBag from /home/airflow/.local/lib/python3.12/site-packages/airflow/example_dags/example_task_group.py
[2026-03-19T07:49:29.347+0000] {processor.py:840} INFO - DAG(s) 'example_task_group' retrieved from /home/airflow/.local/lib/python3.12/site-packages/airflow/example_dags/example_task_group.py
[2026-03-19T07:49:29.394+0000] {logging_mixin.py:188} INFO - [2026-03-19T07:49:29.394+0000] {dag.py:3096} INFO - Sync 1 DAGs
[2026-03-19T07:49:29.431+0000] {logging_mixin.py:188} INFO - [2026-03-19T07:49:29.431+0000] {dag.py:3954} INFO - Setting next_dagrun for example_task_group to 2026-03-18 00:00:00+00:00, run_after=2026-03-19 00:00:00+00:00
[2026-03-19T07:49:29.465+0000] {processor.py:183} INFO - Processing /home/airflow/.local/lib/python3.12/site-packages/airflow/example_dags/example_task_group.py took 0.172 seconds
[2026-03-19T07:50:01.115+0000] {processor.py:161} INFO - Started process (PID=37048) to work on /home/airflow/.local/lib/python3.12/site-packages/airflow/example_dags/example_task_group.py
[2026-03-19T07:50:01.116+0000] {processor.py:830} INFO - Processing file /home/airflow/.local/lib/python3.12/site-packages/airflow/example_dags/example_task_group.py for tasks to queue
[2026-03-19T07:50:01.117+0000] {logging_mixin.py:188} INFO - [2026-03-19T07:50:01.117+0000] {dagbag.py:545} INFO - Filling up the DagBag from /home/airflow/.local/lib/python3.12/site-packages/airflow/example_dags/example_task_group.py
[2026-03-19T07:50:01.128+0000] {processor.py:840} INFO - DAG(s) 'example_task_group' retrieved from /home/airflow/.local/lib/python3.12/site-packages/airflow/example_dags/example_task_group.py
[2026-03-19T07:50:01.169+0000] {logging_mixin.py:188} INFO - [2026-03-19T07:50:01.168+0000] {dag.py:3096} INFO - Sync 1 DAGs
[2026-03-19T07:50:01.211+0000] {logging_mixin.py:188} INFO - [2026-03-19T07:50:01.210+0000] {dag.py:3954} INFO - Setting next_dagrun for example_task_group to 2026-03-18 00:00:00+00:00, run_after=2026-03-19 00:00:00+00:00
[2026-03-19T07:50:01.276+0000] {processor.py:183} INFO - Processing /home/airflow/.local/lib/python3.12/site-packages/airflow/example_dags/example_task_group.py took 0.170 seconds
[2026-03-19T07:50:31.819+0000] {processor.py:161} INFO - Started process (PID=37107) to work on /home/airflow/.local/lib/python3.12/site-packages/airflow/example_dags/example_task_group.py
[2026-03-19T07:50:31.821+0000] {processor.py:830} INFO - Processing file /home/airflow/.local/lib/python3.12/site-packages/airflow/example_dags/example_task_group.py for tasks to queue
[2026-03-19T07:50:31.821+0000] {logging_mixin.py:188} INFO - [2026-03-19T07:50:31.821+0000] {dagbag.py:545} INFO - Filling up the DagBag from /home/airflow/.local/lib/python3.12/site-packages/airflow/example_dags/example_task_group.py
[2026-03-19T07:50:31.828+0000] {processor.py:840} INFO - DAG(s) 'example_task_group' retrieved from /home/airflow/.local/lib/python3.12/site-packages/airflow/example_dags/example_task_group.py
[2026-03-19T07:50:31.842+0000] {logging_mixin.py:188} INFO - [2026-03-19T07:50:31.842+0000] {dag.py:3096} INFO - Sync 1 DAGs
[2026-03-19T07:50:31.853+0000] {logging_mixin.py:188} INFO - [2026-03-19T07:50:31.853+0000] {dag.py:3954} INFO - Setting next_dagrun for example_task_group to 2026-03-18 00:00:00+00:00, run_after=2026-03-19 00:00:00+00:00
[2026-03-19T07:50:31.866+0000] {processor.py:183} INFO - Processing /home/airflow/.local/lib/python3.12/site-packages/airflow/example_dags/example_task_group.py took 0.050 seconds
[2026-03-19T07:51:02.882+0000] {processor.py:161} INFO - Started process (PID=37166) to work on /home/airflow/.local/lib/python3.12/site-packages/airflow/example_dags/example_task_group.py
[2026-03-19T07:51:02.883+0000] {processor.py:830} INFO - Processing file /home/airflow/.local/lib/python3.12/site-packages/airflow/example_dags/example_task_group.py for tasks to queue
[2026-03-19T07:51:02.883+0000] {logging_mixin.py:188} INFO - [2026-03-19T07:51:02.883+0000] {dagbag.py:545} INFO - Filling up the DagBag from /home/airflow/.local/lib/python3.12/site-packages/airflow/example_dags/example_task_group.py
[2026-03-19T07:51:02.888+0000] {processor.py:840} INFO - DAG(s) 'example_task_group' retrieved from /home/airflow/.local/lib/python3.12/site-packages/airflow/example_dags/example_task_group.py
[2026-03-19T07:51:02.906+0000] {logging_mixin.py:188} INFO - [2026-03-19T07:51:02.905+0000] {dag.py:3096} INFO - Sync 1 DAGs
[2026-03-19T07:51:02.927+0000] {logging_mixin.py:188} INFO - [2026-03-19T07:51:02.927+0000] {dag.py:3954} INFO - Setting next_dagrun for example_task_group to 2026-03-18 00:00:00+00:00, run_after=2026-03-19 00:00:00+00:00
[2026-03-19T07:51:02.951+0000] {processor.py:183} INFO - Processing /home/airflow/.local/lib/python3.12/site-packages/airflow/example_dags/example_task_group.py took 0.073 seconds
[2026-03-19T07:51:35.065+0000] {processor.py:161} INFO - Started process (PID=37225) to work on /home/airflow/.local/lib/python3.12/site-packages/airflow/example_dags/example_task_group.py
[2026-03-19T07:51:35.067+0000] {processor.py:830} INFO - Processing file /home/airflow/.local/lib/python3.12/site-packages/airflow/example_dags/example_task_group.py for tasks to queue
[2026-03-19T07:51:35.068+0000] {logging_mixin.py:188} INFO - [2026-03-19T07:51:35.068+0000] {dagbag.py:545} INFO - Filling up the DagBag from /home/airflow/.local/lib/python3.12/site-packages/airflow/example_dags/example_task_group.py
[2026-03-19T07:51:35.078+0000] {processor.py:840} INFO - DAG(s) 'example_task_group' retrieved from /home/airflow/.local/lib/python3.12/site-packages/airflow/example_dags/example_task_group.py
[2026-03-19T07:51:35.152+0000] {logging_mixin.py:188} INFO - [2026-03-19T07:51:35.152+0000] {dag.py:3096} INFO - Sync 1 DAGs
[2026-03-19T07:51:35.244+0000] {logging_mixin.py:188} INFO - [2026-03-19T07:51:35.243+0000] {dag.py:3954} INFO - Setting next_dagrun for example_task_group to 2026-03-18 00:00:00+00:00, run_after=2026-03-19 00:00:00+00:00
[2026-03-19T07:51:35.340+0000] {processor.py:183} INFO - Processing /home/airflow/.local/lib/python3.12/site-packages/airflow/example_dags/example_task_group.py took 0.287 seconds
[2026-03-19T07:52:06.276+0000] {processor.py:161} INFO - Started process (PID=37284) to work on /home/airflow/.local/lib/python3.12/site-packages/airflow/example_dags/example_task_group.py
[2026-03-19T07:52:06.279+0000] {processor.py:830} INFO - Processing file /home/airflow/.local/lib/python3.12/site-packages/airflow/example_dags/example_task_group.py for tasks to queue
[2026-03-19T07:52:06.284+0000] {logging_mixin.py:188} INFO - [2026-03-19T07:52:06.280+0000] {dagbag.py:545} INFO - Filling up the DagBag from /home/airflow/.local/lib/python3.12/site-packages/airflow/example_dags/example_task_group.py
[2026-03-19T07:52:06.314+0000] {processor.py:840} INFO - DAG(s) 'example_task_group' retrieved from /home/airflow/.local/lib/python3.12/site-packages/airflow/example_dags/example_task_group.py
[2026-03-19T07:52:06.393+0000] {logging_mixin.py:188} INFO - [2026-03-19T07:52:06.393+0000] {dag.py:3096} INFO - Sync 1 DAGs
[2026-03-19T07:52:06.429+0000] {logging_mixin.py:188} INFO - [2026-03-19T07:52:06.428+0000] {dag.py:3954} INFO - Setting next_dagrun for example_task_group to 2026-03-18 00:00:00+00:00, run_after=2026-03-19 00:00:00+00:00
[2026-03-19T07:52:06.456+0000] {processor.py:183} INFO - Processing /home/airflow/.local/lib/python3.12/site-packages/airflow/example_dags/example_task_group.py took 0.210 seconds
[2026-03-19T07:52:37.147+0000] {processor.py:161} INFO - Started process (PID=37343) to work on /home/airflow/.local/lib/python3.12/site-packages/airflow/example_dags/example_task_group.py
[2026-03-19T07:52:37.151+0000] {processor.py:830} INFO - Processing file /home/airflow/.local/lib/python3.12/site-packages/airflow/example_dags/example_task_group.py for tasks to queue
[2026-03-19T07:52:37.152+0000] {logging_mixin.py:188} INFO - [2026-03-19T07:52:37.152+0000] {dagbag.py:545} INFO - Filling up the DagBag from /home/airflow/.local/lib/python3.12/site-packages/airflow/example_dags/example_task_group.py
[2026-03-19T07:52:37.162+0000] {processor.py:840} INFO - DAG(s) 'example_task_group' retrieved from /home/airflow/.local/lib/python3.12/site-packages/airflow/example_dags/example_task_group.py
[2026-03-19T07:52:37.182+0000] {logging_mixin.py:188} INFO - [2026-03-19T07:52:37.182+0000] {dag.py:3096} INFO - Sync 1 DAGs
[2026-03-19T07:52:37.197+0000] {logging_mixin.py:188} INFO - [2026-03-19T07:52:37.197+0000] {dag.py:3954} INFO - Setting next_dagrun for example_task_group to 2026-03-18 00:00:00+00:00, run_after=2026-03-19 00:00:00+00:00
[2026-03-19T07:52:37.213+0000] {processor.py:183} INFO - Processing /home/airflow/.local/lib/python3.12/site-packages/airflow/example_dags/example_task_group.py took 0.076 seconds
[2026-03-19T07:53:07.808+0000] {processor.py:161} INFO - Started process (PID=37402) to work on /home/airflow/.local/lib/python3.12/site-packages/airflow/example_dags/example_task_group.py
[2026-03-19T07:53:07.810+0000] {processor.py:830} INFO - Processing file /home/airflow/.local/lib/python3.12/site-packages/airflow/example_dags/example_task_group.py for tasks to queue
[2026-03-19T07:53:07.811+0000] {logging_mixin.py:188} INFO - [2026-03-19T07:53:07.811+0000] {dagbag.py:545} INFO - Filling up the DagBag from /home/airflow/.local/lib/python3.12/site-packages/airflow/example_dags/example_task_group.py
[2026-03-19T07:53:07.823+0000] {processor.py:840} INFO - DAG(s) 'example_task_group' retrieved from /home/airflow/.local/lib/python3.12/site-packages/airflow/example_dags/example_task_group.py
[2026-03-19T07:53:07.856+0000] {logging_mixin.py:188} INFO - [2026-03-19T07:53:07.856+0000] {dag.py:3096} INFO - Sync 1 DAGs
[2026-03-19T07:53:07.875+0000] {logging_mixin.py:188} INFO - [2026-03-19T07:53:07.875+0000] {dag.py:3954} INFO - Setting next_dagrun for example_task_group to 2026-03-18 00:00:00+00:00, run_after=2026-03-19 00:00:00+00:00
[2026-03-19T07:53:07.889+0000] {processor.py:183} INFO - Processing /home/airflow/.local/lib/python3.12/site-packages/airflow/example_dags/example_task_group.py took 0.090 seconds
[2026-03-19T07:53:38.294+0000] {processor.py:161} INFO - Started process (PID=37461) to work on /home/airflow/.local/lib/python3.12/site-packages/airflow/example_dags/example_task_group.py
[2026-03-19T07:53:38.295+0000] {processor.py:830} INFO - Processing file /home/airflow/.local/lib/python3.12/site-packages/airflow/example_dags/example_task_group.py for tasks to queue
[2026-03-19T07:53:38.295+0000] {logging_mixin.py:188} INFO - [2026-03-19T07:53:38.295+0000] {dagbag.py:545} INFO - Filling up the DagBag from /home/airflow/.local/lib/python3.12/site-packages/airflow/example_dags/example_task_group.py
[2026-03-19T07:53:38.303+0000] {processor.py:840} INFO - DAG(s) 'example_task_group' retrieved from /home/airflow/.local/lib/python3.12/site-packages/airflow/example_dags/example_task_group.py
[2026-03-19T07:53:38.350+0000] {logging_mixin.py:188} INFO - [2026-03-19T07:53:38.350+0000] {dag.py:3096} INFO - Sync 1 DAGs
[2026-03-19T07:53:38.370+0000] {logging_mixin.py:188} INFO - [2026-03-19T07:53:38.370+0000] {dag.py:3954} INFO - Setting next_dagrun for example_task_group to 2026-03-18 00:00:00+00:00, run_after=2026-03-19 00:00:00+00:00
[2026-03-19T07:53:38.385+0000] {processor.py:183} INFO - Processing /home/airflow/.local/lib/python3.12/site-packages/airflow/example_dags/example_task_group.py took 0.096 seconds
[2026-03-19T07:54:08.639+0000] {processor.py:161} INFO - Started process (PID=37520) to work on /home/airflow/.local/lib/python3.12/site-packages/airflow/example_dags/example_task_group.py
[2026-03-19T07:54:08.642+0000] {processor.py:830} INFO - Processing file /home/airflow/.local/lib/python3.12/site-packages/airflow/example_dags/example_task_group.py for tasks to queue
[2026-03-19T07:54:08.643+0000] {logging_mixin.py:188} INFO - [2026-03-19T07:54:08.643+0000] {dagbag.py:545} INFO - Filling up the DagBag from /home/airflow/.local/lib/python3.12/site-packages/airflow/example_dags/example_task_group.py
[2026-03-19T07:54:08.666+0000] {processor.py:840} INFO - DAG(s) 'example_task_group' retrieved from /home/airflow/.local/lib/python3.12/site-packages/airflow/example_dags/example_task_group.py
[2026-03-19T07:54:08.700+0000] {logging_mixin.py:188} INFO - [2026-03-19T07:54:08.700+0000] {dag.py:3096} INFO - Sync 1 DAGs
[2026-03-19T07:54:08.721+0000] {logging_mixin.py:188} INFO - [2026-03-19T07:54:08.721+0000] {dag.py:3954} INFO - Setting next_dagrun for example_task_group to 2026-03-18 00:00:00+00:00, run_after=2026-03-19 00:00:00+00:00
[2026-03-19T07:54:08.738+0000] {processor.py:183} INFO - Processing /home/airflow/.local/lib/python3.12/site-packages/airflow/example_dags/example_task_group.py took 0.117 seconds
[2026-03-19T07:54:38.991+0000] {processor.py:161} INFO - Started process (PID=37579) to work on /home/airflow/.local/lib/python3.12/site-packages/airflow/example_dags/example_task_group.py
[2026-03-19T07:54:38.992+0000] {processor.py:830} INFO - Processing file /home/airflow/.local/lib/python3.12/site-packages/airflow/example_dags/example_task_group.py for tasks to queue
[2026-03-19T07:54:38.993+0000] {logging_mixin.py:188} INFO - [2026-03-19T07:54:38.993+0000] {dagbag.py:545} INFO - Filling up the DagBag from /home/airflow/.local/lib/python3.12/site-packages/airflow/example_dags/example_task_group.py
[2026-03-19T07:54:39.003+0000] {processor.py:840} INFO - DAG(s) 'example_task_group' retrieved from /home/airflow/.local/lib/python3.12/site-packages/airflow/example_dags/example_task_group.py
[2026-03-19T07:54:39.029+0000] {logging_mixin.py:188} INFO - [2026-03-19T07:54:39.028+0000] {dag.py:3096} INFO - Sync 1 DAGs
[2026-03-19T07:54:39.045+0000] {logging_mixin.py:188} INFO - [2026-03-19T07:54:39.045+0000] {dag.py:3954} INFO - Setting next_dagrun for example_task_group to 2026-03-18 00:00:00+00:00, run_after=2026-03-19 00:00:00+00:00
[2026-03-19T07:54:39.063+0000] {processor.py:183} INFO - Processing /home/airflow/.local/lib/python3.12/site-packages/airflow/example_dags/example_task_group.py took 0.081 seconds
[2026-03-19T07:55:09.393+0000] {processor.py:161} INFO - Started process (PID=37638) to work on /home/airflow/.local/lib/python3.12/site-packages/airflow/example_dags/example_task_group.py
[2026-03-19T07:55:09.397+0000] {processor.py:830} INFO - Processing file /home/airflow/.local/lib/python3.12/site-packages/airflow/example_dags/example_task_group.py for tasks to queue
[2026-03-19T07:55:09.399+0000] {logging_mixin.py:188} INFO - [2026-03-19T07:55:09.399+0000] {dagbag.py:545} INFO - Filling up the DagBag from /home/airflow/.local/lib/python3.12/site-packages/airflow/example_dags/example_task_group.py
[2026-03-19T07:55:09.435+0000] {processor.py:840} INFO - DAG(s) 'example_task_group' retrieved from /home/airflow/.local/lib/python3.12/site-packages/airflow/example_dags/example_task_group.py
[2026-03-19T07:55:09.478+0000] {logging_mixin.py:188} INFO - [2026-03-19T07:55:09.478+0000] {dag.py:3096} INFO - Sync 1 DAGs
[2026-03-19T07:55:09.520+0000] {logging_mixin.py:188} INFO - [2026-03-19T07:55:09.520+0000] {dag.py:3954} INFO - Setting next_dagrun for example_task_group to 2026-03-18 00:00:00+00:00, run_after=2026-03-19 00:00:00+00:00
[2026-03-19T07:55:09.569+0000] {processor.py:183} INFO - Processing /home/airflow/.local/lib/python3.12/site-packages/airflow/example_dags/example_task_group.py took 0.195 seconds
[2026-03-19T07:55:40.133+0000] {processor.py:161} INFO - Started process (PID=37697) to work on /home/airflow/.local/lib/python3.12/site-packages/airflow/example_dags/example_task_group.py
[2026-03-19T07:55:40.140+0000] {processor.py:830} INFO - Processing file /home/airflow/.local/lib/python3.12/site-packages/airflow/example_dags/example_task_group.py for tasks to queue
[2026-03-19T07:55:40.141+0000] {logging_mixin.py:188} INFO - [2026-03-19T07:55:40.141+0000] {dagbag.py:545} INFO - Filling up the DagBag from /home/airflow/.local/lib/python3.12/site-packages/airflow/example_dags/example_task_group.py
[2026-03-19T07:55:40.152+0000] {processor.py:840} INFO - DAG(s) 'example_task_group' retrieved from /home/airflow/.local/lib/python3.12/site-packages/airflow/example_dags/example_task_group.py
[2026-03-19T07:55:40.188+0000] {logging_mixin.py:188} INFO - [2026-03-19T07:55:40.188+0000] {dag.py:3096} INFO - Sync 1 DAGs
[2026-03-19T07:55:40.213+0000] {logging_mixin.py:188} INFO - [2026-03-19T07:55:40.212+0000] {dag.py:3954} INFO - Setting next_dagrun for example_task_group to 2026-03-18 00:00:00+00:00, run_after=2026-03-19 00:00:00+00:00
[2026-03-19T07:55:40.231+0000] {processor.py:183} INFO - Processing /home/airflow/.local/lib/python3.12/site-packages/airflow/example_dags/example_task_group.py took 0.110 seconds
[2026-03-19T07:56:11.065+0000] {processor.py:161} INFO - Started process (PID=37756) to work on /home/airflow/.local/lib/python3.12/site-packages/airflow/example_dags/example_task_group.py
[2026-03-19T07:56:11.068+0000] {processor.py:830} INFO - Processing file /home/airflow/.local/lib/python3.12/site-packages/airflow/example_dags/example_task_group.py for tasks to queue
[2026-03-19T07:56:11.070+0000] {logging_mixin.py:188} INFO - [2026-03-19T07:56:11.069+0000] {dagbag.py:545} INFO - Filling up the DagBag from /home/airflow/.local/lib/python3.12/site-packages/airflow/example_dags/example_task_group.py
[2026-03-19T07:56:11.105+0000] {processor.py:840} INFO - DAG(s) 'example_task_group' retrieved from /home/airflow/.local/lib/python3.12/site-packages/airflow/example_dags/example_task_group.py
[2026-03-19T07:56:11.156+0000] {logging_mixin.py:188} INFO - [2026-03-19T07:56:11.156+0000] {dag.py:3096} INFO - Sync 1 DAGs
[2026-03-19T07:56:11.196+0000] {logging_mixin.py:188} INFO - [2026-03-19T07:56:11.196+0000] {dag.py:3954} INFO - Setting next_dagrun for example_task_group to 2026-03-18 00:00:00+00:00, run_after=2026-03-19 00:00:00+00:00
[2026-03-19T07:56:11.245+0000] {processor.py:183} INFO - Processing /home/airflow/.local/lib/python3.12/site-packages/airflow/example_dags/example_task_group.py took 0.200 seconds
[2026-03-19T07:56:42.129+0000] {processor.py:161} INFO - Started process (PID=37815) to work on /home/airflow/.local/lib/python3.12/site-packages/airflow/example_dags/example_task_group.py
[2026-03-19T07:56:42.133+0000] {processor.py:830} INFO - Processing file /home/airflow/.local/lib/python3.12/site-packages/airflow/example_dags/example_task_group.py for tasks to queue
[2026-03-19T07:56:42.136+0000] {logging_mixin.py:188} INFO - [2026-03-19T07:56:42.134+0000] {dagbag.py:545} INFO - Filling up the DagBag from /home/airflow/.local/lib/python3.12/site-packages/airflow/example_dags/example_task_group.py
[2026-03-19T07:56:42.176+0000] {processor.py:840} INFO - DAG(s) 'example_task_group' retrieved from /home/airflow/.local/lib/python3.12/site-packages/airflow/example_dags/example_task_group.py
[2026-03-19T07:56:42.236+0000] {logging_mixin.py:188} INFO - [2026-03-19T07:56:42.235+0000] {dag.py:3096} INFO - Sync 1 DAGs
[2026-03-19T07:56:42.286+0000] {logging_mixin.py:188} INFO - [2026-03-19T07:56:42.286+0000] {dag.py:3954} INFO - Setting next_dagrun for example_task_group to 2026-03-18 00:00:00+00:00, run_after=2026-03-19 00:00:00+00:00
[2026-03-19T07:56:42.327+0000] {processor.py:183} INFO - Processing /home/airflow/.local/lib/python3.12/site-packages/airflow/example_dags/example_task_group.py took 0.225 seconds
[2026-03-19T07:57:12.818+0000] {processor.py:161} INFO - Started process (PID=37874) to work on /home/airflow/.local/lib/python3.12/site-packages/airflow/example_dags/example_task_group.py
[2026-03-19T07:57:12.819+0000] {processor.py:830} INFO - Processing file /home/airflow/.local/lib/python3.12/site-packages/airflow/example_dags/example_task_group.py for tasks to queue
[2026-03-19T07:57:12.821+0000] {logging_mixin.py:188} INFO - [2026-03-19T07:57:12.820+0000] {dagbag.py:545} INFO - Filling up the DagBag from /home/airflow/.local/lib/python3.12/site-packages/airflow/example_dags/example_task_group.py
[2026-03-19T07:57:12.836+0000] {processor.py:840} INFO - DAG(s) 'example_task_group' retrieved from /home/airflow/.local/lib/python3.12/site-packages/airflow/example_dags/example_task_group.py
[2026-03-19T07:57:12.868+0000] {logging_mixin.py:188} INFO - [2026-03-19T07:57:12.868+0000] {dag.py:3096} INFO - Sync 1 DAGs
[2026-03-19T07:57:12.896+0000] {logging_mixin.py:188} INFO - [2026-03-19T07:57:12.896+0000] {dag.py:3954} INFO - Setting next_dagrun for example_task_group to 2026-03-18 00:00:00+00:00, run_after=2026-03-19 00:00:00+00:00
[2026-03-19T07:57:12.918+0000] {processor.py:183} INFO - Processing /home/airflow/.local/lib/python3.12/site-packages/airflow/example_dags/example_task_group.py took 0.117 seconds
[2026-03-19T07:57:43.380+0000] {processor.py:161} INFO - Started process (PID=37933) to work on /home/airflow/.local/lib/python3.12/site-packages/airflow/example_dags/example_task_group.py
[2026-03-19T07:57:43.381+0000] {processor.py:830} INFO - Processing file /home/airflow/.local/lib/python3.12/site-packages/airflow/example_dags/example_task_group.py for tasks to queue
[2026-03-19T07:57:43.382+0000] {logging_mixin.py:188} INFO - [2026-03-19T07:57:43.382+0000] {dagbag.py:545} INFO - Filling up the DagBag from /home/airflow/.local/lib/python3.12/site-packages/airflow/example_dags/example_task_group.py
[2026-03-19T07:57:43.390+0000] {processor.py:840} INFO - DAG(s) 'example_task_group' retrieved from /home/airflow/.local/lib/python3.12/site-packages/airflow/example_dags/example_task_group.py
[2026-03-19T07:57:43.412+0000] {logging_mixin.py:188} INFO - [2026-03-19T07:57:43.412+0000] {dag.py:3096} INFO - Sync 1 DAGs
[2026-03-19T07:57:43.429+0000] {logging_mixin.py:188} INFO - [2026-03-19T07:57:43.429+0000] {dag.py:3954} INFO - Setting next_dagrun for example_task_group to 2026-03-18 00:00:00+00:00, run_after=2026-03-19 00:00:00+00:00
[2026-03-19T07:57:43.444+0000] {processor.py:183} INFO - Processing /home/airflow/.local/lib/python3.12/site-packages/airflow/example_dags/example_task_group.py took 0.071 seconds
[2026-03-19T07:58:13.873+0000] {processor.py:161} INFO - Started process (PID=37992) to work on /home/airflow/.local/lib/python3.12/site-packages/airflow/example_dags/example_task_group.py
[2026-03-19T07:58:13.875+0000] {processor.py:830} INFO - Processing file /home/airflow/.local/lib/python3.12/site-packages/airflow/example_dags/example_task_group.py for tasks to queue
[2026-03-19T07:58:13.877+0000] {logging_mixin.py:188} INFO - [2026-03-19T07:58:13.876+0000] {dagbag.py:545} INFO - Filling up the DagBag from /home/airflow/.local/lib/python3.12/site-packages/airflow/example_dags/example_task_group.py
[2026-03-19T07:58:13.887+0000] {processor.py:840} INFO - DAG(s) 'example_task_group' retrieved from /home/airflow/.local/lib/python3.12/site-packages/airflow/example_dags/example_task_group.py
[2026-03-19T07:58:13.922+0000] {logging_mixin.py:188} INFO - [2026-03-19T07:58:13.921+0000] {dag.py:3096} INFO - Sync 1 DAGs
[2026-03-19T07:58:13.936+0000] {logging_mixin.py:188} INFO - [2026-03-19T07:58:13.936+0000] {dag.py:3954} INFO - Setting next_dagrun for example_task_group to 2026-03-18 00:00:00+00:00, run_after=2026-03-19 00:00:00+00:00
[2026-03-19T07:58:13.955+0000] {processor.py:183} INFO - Processing /home/airflow/.local/lib/python3.12/site-packages/airflow/example_dags/example_task_group.py took 0.091 seconds
[2026-03-19T07:58:44.513+0000] {processor.py:161} INFO - Started process (PID=38057) to work on /home/airflow/.local/lib/python3.12/site-packages/airflow/example_dags/example_task_group.py
[2026-03-19T07:58:44.515+0000] {processor.py:830} INFO - Processing file /home/airflow/.local/lib/python3.12/site-packages/airflow/example_dags/example_task_group.py for tasks to queue
[2026-03-19T07:58:44.517+0000] {logging_mixin.py:188} INFO - [2026-03-19T07:58:44.517+0000] {dagbag.py:545} INFO - Filling up the DagBag from /home/airflow/.local/lib/python3.12/site-packages/airflow/example_dags/example_task_group.py
[2026-03-19T07:58:44.536+0000] {processor.py:840} INFO - DAG(s) 'example_task_group' retrieved from /home/airflow/.local/lib/python3.12/site-packages/airflow/example_dags/example_task_group.py
[2026-03-19T07:58:44.570+0000] {logging_mixin.py:188} INFO - [2026-03-19T07:58:44.570+0000] {dag.py:3096} INFO - Sync 1 DAGs
[2026-03-19T07:58:44.606+0000] {logging_mixin.py:188} INFO - [2026-03-19T07:58:44.605+0000] {dag.py:3954} INFO - Setting next_dagrun for example_task_group to 2026-03-18 00:00:00+00:00, run_after=2026-03-19 00:00:00+00:00
[2026-03-19T07:58:44.676+0000] {processor.py:183} INFO - Processing /home/airflow/.local/lib/python3.12/site-packages/airflow/example_dags/example_task_group.py took 0.183 seconds
[2026-03-19T07:59:15.641+0000] {processor.py:161} INFO - Started process (PID=38116) to work on /home/airflow/.local/lib/python3.12/site-packages/airflow/example_dags/example_task_group.py
[2026-03-19T07:59:15.643+0000] {processor.py:830} INFO - Processing file /home/airflow/.local/lib/python3.12/site-packages/airflow/example_dags/example_task_group.py for tasks to queue
[2026-03-19T07:59:15.644+0000] {logging_mixin.py:188} INFO - [2026-03-19T07:59:15.644+0000] {dagbag.py:545} INFO - Filling up the DagBag from /home/airflow/.local/lib/python3.12/site-packages/airflow/example_dags/example_task_group.py
[2026-03-19T07:59:15.662+0000] {processor.py:840} INFO - DAG(s) 'example_task_group' retrieved from /home/airflow/.local/lib/python3.12/site-packages/airflow/example_dags/example_task_group.py
[2026-03-19T07:59:15.696+0000] {logging_mixin.py:188} INFO - [2026-03-19T07:59:15.696+0000] {dag.py:3096} INFO - Sync 1 DAGs
[2026-03-19T07:59:15.715+0000] {logging_mixin.py:188} INFO - [2026-03-19T07:59:15.715+0000] {dag.py:3954} INFO - Setting next_dagrun for example_task_group to 2026-03-18 00:00:00+00:00, run_after=2026-03-19 00:00:00+00:00
[2026-03-19T07:59:15.733+0000] {processor.py:183} INFO - Processing /home/airflow/.local/lib/python3.12/site-packages/airflow/example_dags/example_task_group.py took 0.107 seconds
[2026-03-19T07:59:46.304+0000] {processor.py:161} INFO - Started process (PID=38175) to work on /home/airflow/.local/lib/python3.12/site-packages/airflow/example_dags/example_task_group.py
[2026-03-19T07:59:46.307+0000] {processor.py:830} INFO - Processing file /home/airflow/.local/lib/python3.12/site-packages/airflow/example_dags/example_task_group.py for tasks to queue
[2026-03-19T07:59:46.309+0000] {logging_mixin.py:188} INFO - [2026-03-19T07:59:46.309+0000] {dagbag.py:545} INFO - Filling up the DagBag from /home/airflow/.local/lib/python3.12/site-packages/airflow/example_dags/example_task_group.py
[2026-03-19T07:59:46.331+0000] {processor.py:840} INFO - DAG(s) 'example_task_group' retrieved from /home/airflow/.local/lib/python3.12/site-packages/airflow/example_dags/example_task_group.py
[2026-03-19T07:59:46.370+0000] {logging_mixin.py:188} INFO - [2026-03-19T07:59:46.370+0000] {dag.py:3096} INFO - Sync 1 DAGs
[2026-03-19T07:59:46.396+0000] {logging_mixin.py:188} INFO - [2026-03-19T07:59:46.396+0000] {dag.py:3954} INFO - Setting next_dagrun for example_task_group to 2026-03-18 00:00:00+00:00, run_after=2026-03-19 00:00:00+00:00
[2026-03-19T07:59:46.418+0000] {processor.py:183} INFO - Processing /home/airflow/.local/lib/python3.12/site-packages/airflow/example_dags/example_task_group.py took 0.130 seconds
[2026-03-19T08:00:16.764+0000] {processor.py:161} INFO - Started process (PID=38234) to work on /home/airflow/.local/lib/python3.12/site-packages/airflow/example_dags/example_task_group.py
[2026-03-19T08:00:16.768+0000] {processor.py:830} INFO - Processing file /home/airflow/.local/lib/python3.12/site-packages/airflow/example_dags/example_task_group.py for tasks to queue
[2026-03-19T08:00:16.769+0000] {logging_mixin.py:188} INFO - [2026-03-19T08:00:16.769+0000] {dagbag.py:545} INFO - Filling up the DagBag from /home/airflow/.local/lib/python3.12/site-packages/airflow/example_dags/example_task_group.py
[2026-03-19T08:00:16.792+0000] {processor.py:840} INFO - DAG(s) 'example_task_group' retrieved from /home/airflow/.local/lib/python3.12/site-packages/airflow/example_dags/example_task_group.py
[2026-03-19T08:00:16.838+0000] {logging_mixin.py:188} INFO - [2026-03-19T08:00:16.837+0000] {dag.py:3096} INFO - Sync 1 DAGs
[2026-03-19T08:00:16.863+0000] {logging_mixin.py:188} INFO - [2026-03-19T08:00:16.863+0000] {dag.py:3954} INFO - Setting next_dagrun for example_task_group to 2026-03-18 00:00:00+00:00, run_after=2026-03-19 00:00:00+00:00
[2026-03-19T08:00:16.895+0000] {processor.py:183} INFO - Processing /home/airflow/.local/lib/python3.12/site-packages/airflow/example_dags/example_task_group.py took 0.146 seconds
[2026-03-19T08:00:47.629+0000] {processor.py:161} INFO - Started process (PID=38293) to work on /home/airflow/.local/lib/python3.12/site-packages/airflow/example_dags/example_task_group.py
[2026-03-19T08:00:47.630+0000] {processor.py:830} INFO - Processing file /home/airflow/.local/lib/python3.12/site-packages/airflow/example_dags/example_task_group.py for tasks to queue
[2026-03-19T08:00:47.631+0000] {logging_mixin.py:188} INFO - [2026-03-19T08:00:47.631+0000] {dagbag.py:545} INFO - Filling up the DagBag from /home/airflow/.local/lib/python3.12/site-packages/airflow/example_dags/example_task_group.py
[2026-03-19T08:00:47.642+0000] {processor.py:840} INFO - DAG(s) 'example_task_group' retrieved from /home/airflow/.local/lib/python3.12/site-packages/airflow/example_dags/example_task_group.py
[2026-03-19T08:00:47.662+0000] {logging_mixin.py:188} INFO - [2026-03-19T08:00:47.662+0000] {dag.py:3096} INFO - Sync 1 DAGs
[2026-03-19T08:00:47.677+0000] {logging_mixin.py:188} INFO - [2026-03-19T08:00:47.677+0000] {dag.py:3954} INFO - Setting next_dagrun for example_task_group to 2026-03-18 00:00:00+00:00, run_after=2026-03-19 00:00:00+00:00
[2026-03-19T08:00:47.688+0000] {processor.py:183} INFO - Processing /home/airflow/.local/lib/python3.12/site-packages/airflow/example_dags/example_task_group.py took 0.068 seconds
