[2026-03-19T00:12:43.569+0000] {processor.py:161} INFO - Started process (PID=35673) to work on /home/airflow/.local/lib/python3.12/site-packages/airflow/example_dags/example_params_trigger_ui.py
[2026-03-19T00:12:43.570+0000] {processor.py:830} INFO - Processing file /home/airflow/.local/lib/python3.12/site-packages/airflow/example_dags/example_params_trigger_ui.py for tasks to queue
[2026-03-19T00:12:43.571+0000] {logging_mixin.py:188} INFO - [2026-03-19T00:12:43.571+0000] {dagbag.py:545} INFO - Filling up the DagBag from /home/airflow/.local/lib/python3.12/site-packages/airflow/example_dags/example_params_trigger_ui.py
[2026-03-19T00:12:43.581+0000] {processor.py:840} INFO - DAG(s) 'example_params_trigger_ui' retrieved from /home/airflow/.local/lib/python3.12/site-packages/airflow/example_dags/example_params_trigger_ui.py
[2026-03-19T00:12:43.604+0000] {logging_mixin.py:188} INFO - [2026-03-19T00:12:43.604+0000] {dag.py:3096} INFO - Sync 1 DAGs
[2026-03-19T00:12:43.613+0000] {logging_mixin.py:188} INFO - [2026-03-19T00:12:43.613+0000] {dag.py:3954} INFO - Setting next_dagrun for example_params_trigger_ui to None, run_after=None
[2026-03-19T00:12:43.633+0000] {processor.py:183} INFO - Processing /home/airflow/.local/lib/python3.12/site-packages/airflow/example_dags/example_params_trigger_ui.py took 0.068 seconds
[2026-03-19T00:46:42.593+0000] {processor.py:161} INFO - Started process (PID=35732) to work on /home/airflow/.local/lib/python3.12/site-packages/airflow/example_dags/example_params_trigger_ui.py
[2026-03-19T00:46:42.613+0000] {processor.py:830} INFO - Processing file /home/airflow/.local/lib/python3.12/site-packages/airflow/example_dags/example_params_trigger_ui.py for tasks to queue
[2026-03-19T00:46:42.626+0000] {logging_mixin.py:188} INFO - [2026-03-19T00:46:42.624+0000] {dagbag.py:545} INFO - Filling up the DagBag from /home/airflow/.local/lib/python3.12/site-packages/airflow/example_dags/example_params_trigger_ui.py
[2026-03-19T00:46:42.781+0000] {processor.py:840} INFO - DAG(s) 'example_params_trigger_ui' retrieved from /home/airflow/.local/lib/python3.12/site-packages/airflow/example_dags/example_params_trigger_ui.py
[2026-03-19T00:46:42.967+0000] {logging_mixin.py:188} INFO - [2026-03-19T00:46:42.966+0000] {dag.py:3096} INFO - Sync 1 DAGs
[2026-03-19T00:46:43.001+0000] {logging_mixin.py:188} INFO - [2026-03-19T00:46:43.000+0000] {dag.py:3954} INFO - Setting next_dagrun for example_params_trigger_ui to None, run_after=None
[2026-03-19T00:46:43.073+0000] {processor.py:183} INFO - Processing /home/airflow/.local/lib/python3.12/site-packages/airflow/example_dags/example_params_trigger_ui.py took 0.498 seconds
[2026-03-19T01:13:41.627+0000] {processor.py:161} INFO - Started process (PID=35799) to work on /home/airflow/.local/lib/python3.12/site-packages/airflow/example_dags/example_params_trigger_ui.py
[2026-03-19T01:13:41.631+0000] {processor.py:830} INFO - Processing file /home/airflow/.local/lib/python3.12/site-packages/airflow/example_dags/example_params_trigger_ui.py for tasks to queue
[2026-03-19T01:13:41.635+0000] {logging_mixin.py:188} INFO - [2026-03-19T01:13:41.634+0000] {dagbag.py:545} INFO - Filling up the DagBag from /home/airflow/.local/lib/python3.12/site-packages/airflow/example_dags/example_params_trigger_ui.py
[2026-03-19T01:13:41.666+0000] {processor.py:840} INFO - DAG(s) 'example_params_trigger_ui' retrieved from /home/airflow/.local/lib/python3.12/site-packages/airflow/example_dags/example_params_trigger_ui.py
[2026-03-19T01:13:41.745+0000] {logging_mixin.py:188} INFO - [2026-03-19T01:13:41.744+0000] {dag.py:3096} INFO - Sync 1 DAGs
[2026-03-19T01:13:42.045+0000] {logging_mixin.py:188} INFO - [2026-03-19T01:13:42.044+0000] {dag.py:3954} INFO - Setting next_dagrun for example_params_trigger_ui to None, run_after=None
[2026-03-19T01:13:42.075+0000] {processor.py:183} INFO - Processing /home/airflow/.local/lib/python3.12/site-packages/airflow/example_dags/example_params_trigger_ui.py took 0.458 seconds
[2026-03-19T01:30:56.309+0000] {processor.py:161} INFO - Started process (PID=35866) to work on /home/airflow/.local/lib/python3.12/site-packages/airflow/example_dags/example_params_trigger_ui.py
[2026-03-19T01:30:56.310+0000] {processor.py:830} INFO - Processing file /home/airflow/.local/lib/python3.12/site-packages/airflow/example_dags/example_params_trigger_ui.py for tasks to queue
[2026-03-19T01:30:56.313+0000] {logging_mixin.py:188} INFO - [2026-03-19T01:30:56.312+0000] {dagbag.py:545} INFO - Filling up the DagBag from /home/airflow/.local/lib/python3.12/site-packages/airflow/example_dags/example_params_trigger_ui.py
[2026-03-19T01:30:56.336+0000] {processor.py:840} INFO - DAG(s) 'example_params_trigger_ui' retrieved from /home/airflow/.local/lib/python3.12/site-packages/airflow/example_dags/example_params_trigger_ui.py
[2026-03-19T01:30:56.419+0000] {logging_mixin.py:188} INFO - [2026-03-19T01:30:56.419+0000] {dag.py:3096} INFO - Sync 1 DAGs
[2026-03-19T01:30:56.439+0000] {logging_mixin.py:188} INFO - [2026-03-19T01:30:56.439+0000] {dag.py:3954} INFO - Setting next_dagrun for example_params_trigger_ui to None, run_after=None
[2026-03-19T01:30:56.487+0000] {processor.py:183} INFO - Processing /home/airflow/.local/lib/python3.12/site-packages/airflow/example_dags/example_params_trigger_ui.py took 0.184 seconds
[2026-03-19T02:15:01.249+0000] {processor.py:161} INFO - Started process (PID=35930) to work on /home/airflow/.local/lib/python3.12/site-packages/airflow/example_dags/example_params_trigger_ui.py
[2026-03-19T02:15:01.258+0000] {processor.py:830} INFO - Processing file /home/airflow/.local/lib/python3.12/site-packages/airflow/example_dags/example_params_trigger_ui.py for tasks to queue
[2026-03-19T02:15:01.267+0000] {logging_mixin.py:188} INFO - [2026-03-19T02:15:01.262+0000] {dagbag.py:545} INFO - Filling up the DagBag from /home/airflow/.local/lib/python3.12/site-packages/airflow/example_dags/example_params_trigger_ui.py
[2026-03-19T02:15:01.472+0000] {processor.py:840} INFO - DAG(s) 'example_params_trigger_ui' retrieved from /home/airflow/.local/lib/python3.12/site-packages/airflow/example_dags/example_params_trigger_ui.py
[2026-03-19T02:15:01.855+0000] {logging_mixin.py:188} INFO - [2026-03-19T02:15:01.852+0000] {dag.py:3096} INFO - Sync 1 DAGs
[2026-03-19T02:15:02.024+0000] {logging_mixin.py:188} INFO - [2026-03-19T02:15:02.023+0000] {dag.py:3954} INFO - Setting next_dagrun for example_params_trigger_ui to None, run_after=None
[2026-03-19T02:15:02.171+0000] {processor.py:183} INFO - Processing /home/airflow/.local/lib/python3.12/site-packages/airflow/example_dags/example_params_trigger_ui.py took 1.138 seconds
[2026-03-19T02:15:32.600+0000] {processor.py:161} INFO - Started process (PID=35997) to work on /home/airflow/.local/lib/python3.12/site-packages/airflow/example_dags/example_params_trigger_ui.py
[2026-03-19T02:15:32.602+0000] {processor.py:830} INFO - Processing file /home/airflow/.local/lib/python3.12/site-packages/airflow/example_dags/example_params_trigger_ui.py for tasks to queue
[2026-03-19T02:15:32.606+0000] {logging_mixin.py:188} INFO - [2026-03-19T02:15:32.605+0000] {dagbag.py:545} INFO - Filling up the DagBag from /home/airflow/.local/lib/python3.12/site-packages/airflow/example_dags/example_params_trigger_ui.py
[2026-03-19T02:15:32.646+0000] {processor.py:840} INFO - DAG(s) 'example_params_trigger_ui' retrieved from /home/airflow/.local/lib/python3.12/site-packages/airflow/example_dags/example_params_trigger_ui.py
[2026-03-19T02:15:32.752+0000] {logging_mixin.py:188} INFO - [2026-03-19T02:15:32.751+0000] {dag.py:3096} INFO - Sync 1 DAGs
[2026-03-19T02:15:32.803+0000] {logging_mixin.py:188} INFO - [2026-03-19T02:15:32.802+0000] {dag.py:3954} INFO - Setting next_dagrun for example_params_trigger_ui to None, run_after=None
[2026-03-19T02:15:32.883+0000] {processor.py:183} INFO - Processing /home/airflow/.local/lib/python3.12/site-packages/airflow/example_dags/example_params_trigger_ui.py took 0.294 seconds
[2026-03-19T03:06:03.368+0000] {processor.py:161} INFO - Started process (PID=36016) to work on /home/airflow/.local/lib/python3.12/site-packages/airflow/example_dags/example_params_trigger_ui.py
[2026-03-19T03:06:03.378+0000] {processor.py:830} INFO - Processing file /home/airflow/.local/lib/python3.12/site-packages/airflow/example_dags/example_params_trigger_ui.py for tasks to queue
[2026-03-19T03:06:03.380+0000] {logging_mixin.py:188} INFO - [2026-03-19T03:06:03.379+0000] {dagbag.py:545} INFO - Filling up the DagBag from /home/airflow/.local/lib/python3.12/site-packages/airflow/example_dags/example_params_trigger_ui.py
[2026-03-19T03:06:03.421+0000] {processor.py:840} INFO - DAG(s) 'example_params_trigger_ui' retrieved from /home/airflow/.local/lib/python3.12/site-packages/airflow/example_dags/example_params_trigger_ui.py
[2026-03-19T03:06:03.542+0000] {logging_mixin.py:188} INFO - [2026-03-19T03:06:03.542+0000] {dag.py:3096} INFO - Sync 1 DAGs
[2026-03-19T03:06:03.595+0000] {logging_mixin.py:188} INFO - [2026-03-19T03:06:03.593+0000] {dag.py:3954} INFO - Setting next_dagrun for example_params_trigger_ui to None, run_after=None
[2026-03-19T03:06:03.665+0000] {processor.py:183} INFO - Processing /home/airflow/.local/lib/python3.12/site-packages/airflow/example_dags/example_params_trigger_ui.py took 0.306 seconds
[2026-03-19T03:06:34.111+0000] {processor.py:161} INFO - Started process (PID=36087) to work on /home/airflow/.local/lib/python3.12/site-packages/airflow/example_dags/example_params_trigger_ui.py
[2026-03-19T03:06:34.111+0000] {processor.py:830} INFO - Processing file /home/airflow/.local/lib/python3.12/site-packages/airflow/example_dags/example_params_trigger_ui.py for tasks to queue
[2026-03-19T03:06:34.112+0000] {logging_mixin.py:188} INFO - [2026-03-19T03:06:34.112+0000] {dagbag.py:545} INFO - Filling up the DagBag from /home/airflow/.local/lib/python3.12/site-packages/airflow/example_dags/example_params_trigger_ui.py
[2026-03-19T03:06:34.124+0000] {processor.py:840} INFO - DAG(s) 'example_params_trigger_ui' retrieved from /home/airflow/.local/lib/python3.12/site-packages/airflow/example_dags/example_params_trigger_ui.py
[2026-03-19T03:06:34.159+0000] {logging_mixin.py:188} INFO - [2026-03-19T03:06:34.159+0000] {dag.py:3096} INFO - Sync 1 DAGs
[2026-03-19T03:06:34.167+0000] {logging_mixin.py:188} INFO - [2026-03-19T03:06:34.167+0000] {dag.py:3954} INFO - Setting next_dagrun for example_params_trigger_ui to None, run_after=None
[2026-03-19T03:06:34.177+0000] {processor.py:183} INFO - Processing /home/airflow/.local/lib/python3.12/site-packages/airflow/example_dags/example_params_trigger_ui.py took 0.069 seconds
[2026-03-19T03:15:41.358+0000] {processor.py:161} INFO - Started process (PID=36146) to work on /home/airflow/.local/lib/python3.12/site-packages/airflow/example_dags/example_params_trigger_ui.py
[2026-03-19T03:15:41.359+0000] {processor.py:830} INFO - Processing file /home/airflow/.local/lib/python3.12/site-packages/airflow/example_dags/example_params_trigger_ui.py for tasks to queue
[2026-03-19T03:15:41.360+0000] {logging_mixin.py:188} INFO - [2026-03-19T03:15:41.359+0000] {dagbag.py:545} INFO - Filling up the DagBag from /home/airflow/.local/lib/python3.12/site-packages/airflow/example_dags/example_params_trigger_ui.py
[2026-03-19T03:15:41.370+0000] {processor.py:840} INFO - DAG(s) 'example_params_trigger_ui' retrieved from /home/airflow/.local/lib/python3.12/site-packages/airflow/example_dags/example_params_trigger_ui.py
[2026-03-19T03:15:41.420+0000] {logging_mixin.py:188} INFO - [2026-03-19T03:15:41.419+0000] {dag.py:3096} INFO - Sync 1 DAGs
[2026-03-19T03:15:41.428+0000] {logging_mixin.py:188} INFO - [2026-03-19T03:15:41.428+0000] {dag.py:3954} INFO - Setting next_dagrun for example_params_trigger_ui to None, run_after=None
[2026-03-19T03:15:41.438+0000] {processor.py:183} INFO - Processing /home/airflow/.local/lib/python3.12/site-packages/airflow/example_dags/example_params_trigger_ui.py took 0.083 seconds
[2026-03-19T03:31:56.061+0000] {processor.py:161} INFO - Started process (PID=36205) to work on /home/airflow/.local/lib/python3.12/site-packages/airflow/example_dags/example_params_trigger_ui.py
[2026-03-19T03:31:56.067+0000] {processor.py:830} INFO - Processing file /home/airflow/.local/lib/python3.12/site-packages/airflow/example_dags/example_params_trigger_ui.py for tasks to queue
[2026-03-19T03:31:56.071+0000] {logging_mixin.py:188} INFO - [2026-03-19T03:31:56.069+0000] {dagbag.py:545} INFO - Filling up the DagBag from /home/airflow/.local/lib/python3.12/site-packages/airflow/example_dags/example_params_trigger_ui.py
[2026-03-19T03:31:56.517+0000] {processor.py:840} INFO - DAG(s) 'example_params_trigger_ui' retrieved from /home/airflow/.local/lib/python3.12/site-packages/airflow/example_dags/example_params_trigger_ui.py
[2026-03-19T03:31:57.119+0000] {logging_mixin.py:188} INFO - [2026-03-19T03:31:57.095+0000] {dag.py:3096} INFO - Sync 1 DAGs
[2026-03-19T03:31:57.202+0000] {logging_mixin.py:188} INFO - [2026-03-19T03:31:57.201+0000] {dag.py:3954} INFO - Setting next_dagrun for example_params_trigger_ui to None, run_after=None
[2026-03-19T03:31:57.491+0000] {processor.py:183} INFO - Processing /home/airflow/.local/lib/python3.12/site-packages/airflow/example_dags/example_params_trigger_ui.py took 1.455 seconds
[2026-03-19T04:16:39.851+0000] {processor.py:161} INFO - Started process (PID=36272) to work on /home/airflow/.local/lib/python3.12/site-packages/airflow/example_dags/example_params_trigger_ui.py
[2026-03-19T04:16:39.855+0000] {processor.py:830} INFO - Processing file /home/airflow/.local/lib/python3.12/site-packages/airflow/example_dags/example_params_trigger_ui.py for tasks to queue
[2026-03-19T04:16:39.857+0000] {logging_mixin.py:188} INFO - [2026-03-19T04:16:39.856+0000] {dagbag.py:545} INFO - Filling up the DagBag from /home/airflow/.local/lib/python3.12/site-packages/airflow/example_dags/example_params_trigger_ui.py
[2026-03-19T04:16:39.939+0000] {processor.py:840} INFO - DAG(s) 'example_params_trigger_ui' retrieved from /home/airflow/.local/lib/python3.12/site-packages/airflow/example_dags/example_params_trigger_ui.py
[2026-03-19T04:16:40.109+0000] {logging_mixin.py:188} INFO - [2026-03-19T04:16:40.108+0000] {dag.py:3096} INFO - Sync 1 DAGs
[2026-03-19T04:16:40.163+0000] {logging_mixin.py:188} INFO - [2026-03-19T04:16:40.162+0000] {dag.py:3954} INFO - Setting next_dagrun for example_params_trigger_ui to None, run_after=None
[2026-03-19T04:16:40.222+0000] {processor.py:183} INFO - Processing /home/airflow/.local/lib/python3.12/site-packages/airflow/example_dags/example_params_trigger_ui.py took 0.397 seconds
[2026-03-19T04:17:12.119+0000] {processor.py:161} INFO - Started process (PID=36339) to work on /home/airflow/.local/lib/python3.12/site-packages/airflow/example_dags/example_params_trigger_ui.py
[2026-03-19T04:17:12.121+0000] {processor.py:830} INFO - Processing file /home/airflow/.local/lib/python3.12/site-packages/airflow/example_dags/example_params_trigger_ui.py for tasks to queue
[2026-03-19T04:17:12.123+0000] {logging_mixin.py:188} INFO - [2026-03-19T04:17:12.122+0000] {dagbag.py:545} INFO - Filling up the DagBag from /home/airflow/.local/lib/python3.12/site-packages/airflow/example_dags/example_params_trigger_ui.py
[2026-03-19T04:17:12.184+0000] {processor.py:840} INFO - DAG(s) 'example_params_trigger_ui' retrieved from /home/airflow/.local/lib/python3.12/site-packages/airflow/example_dags/example_params_trigger_ui.py
[2026-03-19T04:17:12.301+0000] {logging_mixin.py:188} INFO - [2026-03-19T04:17:12.301+0000] {dag.py:3096} INFO - Sync 1 DAGs
[2026-03-19T04:17:12.336+0000] {logging_mixin.py:188} INFO - [2026-03-19T04:17:12.335+0000] {dag.py:3954} INFO - Setting next_dagrun for example_params_trigger_ui to None, run_after=None
[2026-03-19T04:17:12.417+0000] {processor.py:183} INFO - Processing /home/airflow/.local/lib/python3.12/site-packages/airflow/example_dags/example_params_trigger_ui.py took 0.315 seconds
[2026-03-19T05:17:36.014+0000] {processor.py:161} INFO - Started process (PID=36398) to work on /home/airflow/.local/lib/python3.12/site-packages/airflow/example_dags/example_params_trigger_ui.py
[2026-03-19T05:17:36.016+0000] {processor.py:830} INFO - Processing file /home/airflow/.local/lib/python3.12/site-packages/airflow/example_dags/example_params_trigger_ui.py for tasks to queue
[2026-03-19T05:17:36.026+0000] {logging_mixin.py:188} INFO - [2026-03-19T05:17:36.026+0000] {dagbag.py:545} INFO - Filling up the DagBag from /home/airflow/.local/lib/python3.12/site-packages/airflow/example_dags/example_params_trigger_ui.py
[2026-03-19T05:17:36.046+0000] {processor.py:840} INFO - DAG(s) 'example_params_trigger_ui' retrieved from /home/airflow/.local/lib/python3.12/site-packages/airflow/example_dags/example_params_trigger_ui.py
[2026-03-19T05:17:36.085+0000] {logging_mixin.py:188} INFO - [2026-03-19T05:17:36.085+0000] {dag.py:3096} INFO - Sync 1 DAGs
[2026-03-19T05:17:36.094+0000] {logging_mixin.py:188} INFO - [2026-03-19T05:17:36.093+0000] {dag.py:3954} INFO - Setting next_dagrun for example_params_trigger_ui to None, run_after=None
[2026-03-19T05:17:36.108+0000] {processor.py:183} INFO - Processing /home/airflow/.local/lib/python3.12/site-packages/airflow/example_dags/example_params_trigger_ui.py took 0.098 seconds
[2026-03-19T05:18:06.888+0000] {processor.py:161} INFO - Started process (PID=36457) to work on /home/airflow/.local/lib/python3.12/site-packages/airflow/example_dags/example_params_trigger_ui.py
[2026-03-19T05:18:06.889+0000] {processor.py:830} INFO - Processing file /home/airflow/.local/lib/python3.12/site-packages/airflow/example_dags/example_params_trigger_ui.py for tasks to queue
[2026-03-19T05:18:06.890+0000] {logging_mixin.py:188} INFO - [2026-03-19T05:18:06.889+0000] {dagbag.py:545} INFO - Filling up the DagBag from /home/airflow/.local/lib/python3.12/site-packages/airflow/example_dags/example_params_trigger_ui.py
[2026-03-19T05:18:06.904+0000] {processor.py:840} INFO - DAG(s) 'example_params_trigger_ui' retrieved from /home/airflow/.local/lib/python3.12/site-packages/airflow/example_dags/example_params_trigger_ui.py
[2026-03-19T05:18:06.937+0000] {logging_mixin.py:188} INFO - [2026-03-19T05:18:06.937+0000] {dag.py:3096} INFO - Sync 1 DAGs
[2026-03-19T05:18:06.947+0000] {logging_mixin.py:188} INFO - [2026-03-19T05:18:06.946+0000] {dag.py:3954} INFO - Setting next_dagrun for example_params_trigger_ui to None, run_after=None
[2026-03-19T05:18:06.958+0000] {processor.py:183} INFO - Processing /home/airflow/.local/lib/python3.12/site-packages/airflow/example_dags/example_params_trigger_ui.py took 0.074 seconds
[2026-03-19T06:18:32.058+0000] {processor.py:161} INFO - Started process (PID=36516) to work on /home/airflow/.local/lib/python3.12/site-packages/airflow/example_dags/example_params_trigger_ui.py
[2026-03-19T06:18:32.064+0000] {processor.py:830} INFO - Processing file /home/airflow/.local/lib/python3.12/site-packages/airflow/example_dags/example_params_trigger_ui.py for tasks to queue
[2026-03-19T06:18:32.067+0000] {logging_mixin.py:188} INFO - [2026-03-19T06:18:32.067+0000] {dagbag.py:545} INFO - Filling up the DagBag from /home/airflow/.local/lib/python3.12/site-packages/airflow/example_dags/example_params_trigger_ui.py
[2026-03-19T06:18:32.081+0000] {processor.py:840} INFO - DAG(s) 'example_params_trigger_ui' retrieved from /home/airflow/.local/lib/python3.12/site-packages/airflow/example_dags/example_params_trigger_ui.py
[2026-03-19T06:18:32.144+0000] {logging_mixin.py:188} INFO - [2026-03-19T06:18:32.144+0000] {dag.py:3096} INFO - Sync 1 DAGs
[2026-03-19T06:18:32.158+0000] {logging_mixin.py:188} INFO - [2026-03-19T06:18:32.157+0000] {dag.py:3954} INFO - Setting next_dagrun for example_params_trigger_ui to None, run_after=None
[2026-03-19T06:18:32.188+0000] {processor.py:183} INFO - Processing /home/airflow/.local/lib/python3.12/site-packages/airflow/example_dags/example_params_trigger_ui.py took 0.136 seconds
[2026-03-19T06:19:02.279+0000] {processor.py:161} INFO - Started process (PID=36583) to work on /home/airflow/.local/lib/python3.12/site-packages/airflow/example_dags/example_params_trigger_ui.py
[2026-03-19T06:19:02.280+0000] {processor.py:830} INFO - Processing file /home/airflow/.local/lib/python3.12/site-packages/airflow/example_dags/example_params_trigger_ui.py for tasks to queue
[2026-03-19T06:19:02.281+0000] {logging_mixin.py:188} INFO - [2026-03-19T06:19:02.281+0000] {dagbag.py:545} INFO - Filling up the DagBag from /home/airflow/.local/lib/python3.12/site-packages/airflow/example_dags/example_params_trigger_ui.py
[2026-03-19T06:19:02.290+0000] {processor.py:840} INFO - DAG(s) 'example_params_trigger_ui' retrieved from /home/airflow/.local/lib/python3.12/site-packages/airflow/example_dags/example_params_trigger_ui.py
[2026-03-19T06:19:02.314+0000] {logging_mixin.py:188} INFO - [2026-03-19T06:19:02.314+0000] {dag.py:3096} INFO - Sync 1 DAGs
[2026-03-19T06:19:02.321+0000] {logging_mixin.py:188} INFO - [2026-03-19T06:19:02.321+0000] {dag.py:3954} INFO - Setting next_dagrun for example_params_trigger_ui to None, run_after=None
[2026-03-19T06:19:02.330+0000] {processor.py:183} INFO - Processing /home/airflow/.local/lib/python3.12/site-packages/airflow/example_dags/example_params_trigger_ui.py took 0.055 seconds
[2026-03-19T07:19:30.204+0000] {processor.py:161} INFO - Started process (PID=36642) to work on /home/airflow/.local/lib/python3.12/site-packages/airflow/example_dags/example_params_trigger_ui.py
[2026-03-19T07:19:30.211+0000] {processor.py:830} INFO - Processing file /home/airflow/.local/lib/python3.12/site-packages/airflow/example_dags/example_params_trigger_ui.py for tasks to queue
[2026-03-19T07:19:30.215+0000] {logging_mixin.py:188} INFO - [2026-03-19T07:19:30.215+0000] {dagbag.py:545} INFO - Filling up the DagBag from /home/airflow/.local/lib/python3.12/site-packages/airflow/example_dags/example_params_trigger_ui.py
[2026-03-19T07:19:30.266+0000] {processor.py:840} INFO - DAG(s) 'example_params_trigger_ui' retrieved from /home/airflow/.local/lib/python3.12/site-packages/airflow/example_dags/example_params_trigger_ui.py
[2026-03-19T07:19:30.500+0000] {logging_mixin.py:188} INFO - [2026-03-19T07:19:30.499+0000] {dag.py:3096} INFO - Sync 1 DAGs
[2026-03-19T07:19:30.561+0000] {logging_mixin.py:188} INFO - [2026-03-19T07:19:30.559+0000] {dag.py:3954} INFO - Setting next_dagrun for example_params_trigger_ui to None, run_after=None
[2026-03-19T07:19:30.650+0000] {processor.py:183} INFO - Processing /home/airflow/.local/lib/python3.12/site-packages/airflow/example_dags/example_params_trigger_ui.py took 0.473 seconds
[2026-03-19T07:20:01.483+0000] {processor.py:161} INFO - Started process (PID=36710) to work on /home/airflow/.local/lib/python3.12/site-packages/airflow/example_dags/example_params_trigger_ui.py
[2026-03-19T07:20:01.485+0000] {processor.py:830} INFO - Processing file /home/airflow/.local/lib/python3.12/site-packages/airflow/example_dags/example_params_trigger_ui.py for tasks to queue
[2026-03-19T07:20:01.487+0000] {logging_mixin.py:188} INFO - [2026-03-19T07:20:01.486+0000] {dagbag.py:545} INFO - Filling up the DagBag from /home/airflow/.local/lib/python3.12/site-packages/airflow/example_dags/example_params_trigger_ui.py
[2026-03-19T07:20:01.526+0000] {processor.py:840} INFO - DAG(s) 'example_params_trigger_ui' retrieved from /home/airflow/.local/lib/python3.12/site-packages/airflow/example_dags/example_params_trigger_ui.py
[2026-03-19T07:20:01.571+0000] {logging_mixin.py:188} INFO - [2026-03-19T07:20:01.571+0000] {dag.py:3096} INFO - Sync 1 DAGs
[2026-03-19T07:20:01.589+0000] {logging_mixin.py:188} INFO - [2026-03-19T07:20:01.589+0000] {dag.py:3954} INFO - Setting next_dagrun for example_params_trigger_ui to None, run_after=None
[2026-03-19T07:20:01.606+0000] {processor.py:183} INFO - Processing /home/airflow/.local/lib/python3.12/site-packages/airflow/example_dags/example_params_trigger_ui.py took 0.148 seconds
[2026-03-19T07:37:28.648+0000] {processor.py:161} INFO - Started process (PID=36768) to work on /home/airflow/.local/lib/python3.12/site-packages/airflow/example_dags/example_params_trigger_ui.py
[2026-03-19T07:37:28.649+0000] {processor.py:830} INFO - Processing file /home/airflow/.local/lib/python3.12/site-packages/airflow/example_dags/example_params_trigger_ui.py for tasks to queue
[2026-03-19T07:37:28.651+0000] {logging_mixin.py:188} INFO - [2026-03-19T07:37:28.650+0000] {dagbag.py:545} INFO - Filling up the DagBag from /home/airflow/.local/lib/python3.12/site-packages/airflow/example_dags/example_params_trigger_ui.py
[2026-03-19T07:37:28.672+0000] {processor.py:840} INFO - DAG(s) 'example_params_trigger_ui' retrieved from /home/airflow/.local/lib/python3.12/site-packages/airflow/example_dags/example_params_trigger_ui.py
[2026-03-19T07:37:28.749+0000] {logging_mixin.py:188} INFO - [2026-03-19T07:37:28.748+0000] {dag.py:3096} INFO - Sync 1 DAGs
[2026-03-19T07:37:28.769+0000] {logging_mixin.py:188} INFO - [2026-03-19T07:37:28.769+0000] {dag.py:3954} INFO - Setting next_dagrun for example_params_trigger_ui to None, run_after=None
[2026-03-19T07:37:28.812+0000] {processor.py:183} INFO - Processing /home/airflow/.local/lib/python3.12/site-packages/airflow/example_dags/example_params_trigger_ui.py took 0.178 seconds
[2026-03-19T07:37:59.336+0000] {processor.py:161} INFO - Started process (PID=36836) to work on /home/airflow/.local/lib/python3.12/site-packages/airflow/example_dags/example_params_trigger_ui.py
[2026-03-19T07:37:59.337+0000] {processor.py:830} INFO - Processing file /home/airflow/.local/lib/python3.12/site-packages/airflow/example_dags/example_params_trigger_ui.py for tasks to queue
[2026-03-19T07:37:59.338+0000] {logging_mixin.py:188} INFO - [2026-03-19T07:37:59.337+0000] {dagbag.py:545} INFO - Filling up the DagBag from /home/airflow/.local/lib/python3.12/site-packages/airflow/example_dags/example_params_trigger_ui.py
[2026-03-19T07:37:59.348+0000] {processor.py:840} INFO - DAG(s) 'example_params_trigger_ui' retrieved from /home/airflow/.local/lib/python3.12/site-packages/airflow/example_dags/example_params_trigger_ui.py
[2026-03-19T07:37:59.406+0000] {logging_mixin.py:188} INFO - [2026-03-19T07:37:59.405+0000] {dag.py:3096} INFO - Sync 1 DAGs
[2026-03-19T07:37:59.419+0000] {logging_mixin.py:188} INFO - [2026-03-19T07:37:59.419+0000] {dag.py:3954} INFO - Setting next_dagrun for example_params_trigger_ui to None, run_after=None
[2026-03-19T07:37:59.434+0000] {processor.py:183} INFO - Processing /home/airflow/.local/lib/python3.12/site-packages/airflow/example_dags/example_params_trigger_ui.py took 0.102 seconds
[2026-03-19T07:48:55.480+0000] {processor.py:161} INFO - Started process (PID=36894) to work on /home/airflow/.local/lib/python3.12/site-packages/airflow/example_dags/example_params_trigger_ui.py
[2026-03-19T07:48:55.481+0000] {processor.py:830} INFO - Processing file /home/airflow/.local/lib/python3.12/site-packages/airflow/example_dags/example_params_trigger_ui.py for tasks to queue
[2026-03-19T07:48:55.482+0000] {logging_mixin.py:188} INFO - [2026-03-19T07:48:55.481+0000] {dagbag.py:545} INFO - Filling up the DagBag from /home/airflow/.local/lib/python3.12/site-packages/airflow/example_dags/example_params_trigger_ui.py
[2026-03-19T07:48:55.490+0000] {processor.py:840} INFO - DAG(s) 'example_params_trigger_ui' retrieved from /home/airflow/.local/lib/python3.12/site-packages/airflow/example_dags/example_params_trigger_ui.py
[2026-03-19T07:48:55.519+0000] {logging_mixin.py:188} INFO - [2026-03-19T07:48:55.519+0000] {dag.py:3096} INFO - Sync 1 DAGs
[2026-03-19T07:48:55.525+0000] {logging_mixin.py:188} INFO - [2026-03-19T07:48:55.525+0000] {dag.py:3954} INFO - Setting next_dagrun for example_params_trigger_ui to None, run_after=None
[2026-03-19T07:48:55.547+0000] {processor.py:183} INFO - Processing /home/airflow/.local/lib/python3.12/site-packages/airflow/example_dags/example_params_trigger_ui.py took 0.070 seconds
[2026-03-19T07:49:26.794+0000] {processor.py:161} INFO - Started process (PID=36953) to work on /home/airflow/.local/lib/python3.12/site-packages/airflow/example_dags/example_params_trigger_ui.py
[2026-03-19T07:49:26.795+0000] {processor.py:830} INFO - Processing file /home/airflow/.local/lib/python3.12/site-packages/airflow/example_dags/example_params_trigger_ui.py for tasks to queue
[2026-03-19T07:49:26.796+0000] {logging_mixin.py:188} INFO - [2026-03-19T07:49:26.795+0000] {dagbag.py:545} INFO - Filling up the DagBag from /home/airflow/.local/lib/python3.12/site-packages/airflow/example_dags/example_params_trigger_ui.py
[2026-03-19T07:49:26.835+0000] {processor.py:840} INFO - DAG(s) 'example_params_trigger_ui' retrieved from /home/airflow/.local/lib/python3.12/site-packages/airflow/example_dags/example_params_trigger_ui.py
[2026-03-19T07:49:26.898+0000] {logging_mixin.py:188} INFO - [2026-03-19T07:49:26.898+0000] {dag.py:3096} INFO - Sync 1 DAGs
[2026-03-19T07:49:26.919+0000] {logging_mixin.py:188} INFO - [2026-03-19T07:49:26.919+0000] {dag.py:3954} INFO - Setting next_dagrun for example_params_trigger_ui to None, run_after=None
[2026-03-19T07:49:26.935+0000] {processor.py:183} INFO - Processing /home/airflow/.local/lib/python3.12/site-packages/airflow/example_dags/example_params_trigger_ui.py took 0.146 seconds
[2026-03-19T07:49:57.546+0000] {processor.py:161} INFO - Started process (PID=37012) to work on /home/airflow/.local/lib/python3.12/site-packages/airflow/example_dags/example_params_trigger_ui.py
[2026-03-19T07:49:57.546+0000] {processor.py:830} INFO - Processing file /home/airflow/.local/lib/python3.12/site-packages/airflow/example_dags/example_params_trigger_ui.py for tasks to queue
[2026-03-19T07:49:57.547+0000] {logging_mixin.py:188} INFO - [2026-03-19T07:49:57.547+0000] {dagbag.py:545} INFO - Filling up the DagBag from /home/airflow/.local/lib/python3.12/site-packages/airflow/example_dags/example_params_trigger_ui.py
[2026-03-19T07:49:57.555+0000] {processor.py:840} INFO - DAG(s) 'example_params_trigger_ui' retrieved from /home/airflow/.local/lib/python3.12/site-packages/airflow/example_dags/example_params_trigger_ui.py
[2026-03-19T07:49:57.578+0000] {logging_mixin.py:188} INFO - [2026-03-19T07:49:57.578+0000] {dag.py:3096} INFO - Sync 1 DAGs
[2026-03-19T07:49:57.588+0000] {logging_mixin.py:188} INFO - [2026-03-19T07:49:57.588+0000] {dag.py:3954} INFO - Setting next_dagrun for example_params_trigger_ui to None, run_after=None
[2026-03-19T07:49:57.609+0000] {processor.py:183} INFO - Processing /home/airflow/.local/lib/python3.12/site-packages/airflow/example_dags/example_params_trigger_ui.py took 0.067 seconds
[2026-03-19T07:50:28.030+0000] {processor.py:161} INFO - Started process (PID=37071) to work on /home/airflow/.local/lib/python3.12/site-packages/airflow/example_dags/example_params_trigger_ui.py
[2026-03-19T07:50:28.031+0000] {processor.py:830} INFO - Processing file /home/airflow/.local/lib/python3.12/site-packages/airflow/example_dags/example_params_trigger_ui.py for tasks to queue
[2026-03-19T07:50:28.032+0000] {logging_mixin.py:188} INFO - [2026-03-19T07:50:28.032+0000] {dagbag.py:545} INFO - Filling up the DagBag from /home/airflow/.local/lib/python3.12/site-packages/airflow/example_dags/example_params_trigger_ui.py
[2026-03-19T07:50:28.055+0000] {processor.py:840} INFO - DAG(s) 'example_params_trigger_ui' retrieved from /home/airflow/.local/lib/python3.12/site-packages/airflow/example_dags/example_params_trigger_ui.py
[2026-03-19T07:50:28.097+0000] {logging_mixin.py:188} INFO - [2026-03-19T07:50:28.097+0000] {dag.py:3096} INFO - Sync 1 DAGs
[2026-03-19T07:50:28.109+0000] {logging_mixin.py:188} INFO - [2026-03-19T07:50:28.109+0000] {dag.py:3954} INFO - Setting next_dagrun for example_params_trigger_ui to None, run_after=None
[2026-03-19T07:50:28.124+0000] {processor.py:183} INFO - Processing /home/airflow/.local/lib/python3.12/site-packages/airflow/example_dags/example_params_trigger_ui.py took 0.099 seconds
[2026-03-19T07:50:58.619+0000] {processor.py:161} INFO - Started process (PID=37130) to work on /home/airflow/.local/lib/python3.12/site-packages/airflow/example_dags/example_params_trigger_ui.py
[2026-03-19T07:50:58.622+0000] {processor.py:830} INFO - Processing file /home/airflow/.local/lib/python3.12/site-packages/airflow/example_dags/example_params_trigger_ui.py for tasks to queue
[2026-03-19T07:50:58.623+0000] {logging_mixin.py:188} INFO - [2026-03-19T07:50:58.622+0000] {dagbag.py:545} INFO - Filling up the DagBag from /home/airflow/.local/lib/python3.12/site-packages/airflow/example_dags/example_params_trigger_ui.py
[2026-03-19T07:50:58.631+0000] {processor.py:840} INFO - DAG(s) 'example_params_trigger_ui' retrieved from /home/airflow/.local/lib/python3.12/site-packages/airflow/example_dags/example_params_trigger_ui.py
[2026-03-19T07:50:58.651+0000] {logging_mixin.py:188} INFO - [2026-03-19T07:50:58.651+0000] {dag.py:3096} INFO - Sync 1 DAGs
[2026-03-19T07:50:58.658+0000] {logging_mixin.py:188} INFO - [2026-03-19T07:50:58.657+0000] {dag.py:3954} INFO - Setting next_dagrun for example_params_trigger_ui to None, run_after=None
[2026-03-19T07:50:58.668+0000] {processor.py:183} INFO - Processing /home/airflow/.local/lib/python3.12/site-packages/airflow/example_dags/example_params_trigger_ui.py took 0.053 seconds
[2026-03-19T07:51:29.034+0000] {processor.py:161} INFO - Started process (PID=37189) to work on /home/airflow/.local/lib/python3.12/site-packages/airflow/example_dags/example_params_trigger_ui.py
[2026-03-19T07:51:29.035+0000] {processor.py:830} INFO - Processing file /home/airflow/.local/lib/python3.12/site-packages/airflow/example_dags/example_params_trigger_ui.py for tasks to queue
[2026-03-19T07:51:29.035+0000] {logging_mixin.py:188} INFO - [2026-03-19T07:51:29.035+0000] {dagbag.py:545} INFO - Filling up the DagBag from /home/airflow/.local/lib/python3.12/site-packages/airflow/example_dags/example_params_trigger_ui.py
[2026-03-19T07:51:29.043+0000] {processor.py:840} INFO - DAG(s) 'example_params_trigger_ui' retrieved from /home/airflow/.local/lib/python3.12/site-packages/airflow/example_dags/example_params_trigger_ui.py
[2026-03-19T07:51:29.065+0000] {logging_mixin.py:188} INFO - [2026-03-19T07:51:29.065+0000] {dag.py:3096} INFO - Sync 1 DAGs
[2026-03-19T07:51:29.072+0000] {logging_mixin.py:188} INFO - [2026-03-19T07:51:29.072+0000] {dag.py:3954} INFO - Setting next_dagrun for example_params_trigger_ui to None, run_after=None
[2026-03-19T07:51:29.081+0000] {processor.py:183} INFO - Processing /home/airflow/.local/lib/python3.12/site-packages/airflow/example_dags/example_params_trigger_ui.py took 0.051 seconds
[2026-03-19T07:51:59.918+0000] {processor.py:161} INFO - Started process (PID=37248) to work on /home/airflow/.local/lib/python3.12/site-packages/airflow/example_dags/example_params_trigger_ui.py
[2026-03-19T07:51:59.920+0000] {processor.py:830} INFO - Processing file /home/airflow/.local/lib/python3.12/site-packages/airflow/example_dags/example_params_trigger_ui.py for tasks to queue
[2026-03-19T07:51:59.921+0000] {logging_mixin.py:188} INFO - [2026-03-19T07:51:59.921+0000] {dagbag.py:545} INFO - Filling up the DagBag from /home/airflow/.local/lib/python3.12/site-packages/airflow/example_dags/example_params_trigger_ui.py
[2026-03-19T07:51:59.931+0000] {processor.py:840} INFO - DAG(s) 'example_params_trigger_ui' retrieved from /home/airflow/.local/lib/python3.12/site-packages/airflow/example_dags/example_params_trigger_ui.py
[2026-03-19T07:51:59.962+0000] {logging_mixin.py:188} INFO - [2026-03-19T07:51:59.962+0000] {dag.py:3096} INFO - Sync 1 DAGs
[2026-03-19T07:51:59.969+0000] {logging_mixin.py:188} INFO - [2026-03-19T07:51:59.969+0000] {dag.py:3954} INFO - Setting next_dagrun for example_params_trigger_ui to None, run_after=None
[2026-03-19T07:51:59.983+0000] {processor.py:183} INFO - Processing /home/airflow/.local/lib/python3.12/site-packages/airflow/example_dags/example_params_trigger_ui.py took 0.069 seconds
[2026-03-19T07:52:30.397+0000] {processor.py:161} INFO - Started process (PID=37307) to work on /home/airflow/.local/lib/python3.12/site-packages/airflow/example_dags/example_params_trigger_ui.py
[2026-03-19T07:52:30.401+0000] {processor.py:830} INFO - Processing file /home/airflow/.local/lib/python3.12/site-packages/airflow/example_dags/example_params_trigger_ui.py for tasks to queue
[2026-03-19T07:52:30.402+0000] {logging_mixin.py:188} INFO - [2026-03-19T07:52:30.402+0000] {dagbag.py:545} INFO - Filling up the DagBag from /home/airflow/.local/lib/python3.12/site-packages/airflow/example_dags/example_params_trigger_ui.py
[2026-03-19T07:52:30.430+0000] {processor.py:840} INFO - DAG(s) 'example_params_trigger_ui' retrieved from /home/airflow/.local/lib/python3.12/site-packages/airflow/example_dags/example_params_trigger_ui.py
[2026-03-19T07:52:30.484+0000] {logging_mixin.py:188} INFO - [2026-03-19T07:52:30.484+0000] {dag.py:3096} INFO - Sync 1 DAGs
[2026-03-19T07:52:30.498+0000] {logging_mixin.py:188} INFO - [2026-03-19T07:52:30.498+0000] {dag.py:3954} INFO - Setting next_dagrun for example_params_trigger_ui to None, run_after=None
[2026-03-19T07:52:30.521+0000] {processor.py:183} INFO - Processing /home/airflow/.local/lib/python3.12/site-packages/airflow/example_dags/example_params_trigger_ui.py took 0.129 seconds
[2026-03-19T07:53:01.154+0000] {processor.py:161} INFO - Started process (PID=37366) to work on /home/airflow/.local/lib/python3.12/site-packages/airflow/example_dags/example_params_trigger_ui.py
[2026-03-19T07:53:01.155+0000] {processor.py:830} INFO - Processing file /home/airflow/.local/lib/python3.12/site-packages/airflow/example_dags/example_params_trigger_ui.py for tasks to queue
[2026-03-19T07:53:01.156+0000] {logging_mixin.py:188} INFO - [2026-03-19T07:53:01.156+0000] {dagbag.py:545} INFO - Filling up the DagBag from /home/airflow/.local/lib/python3.12/site-packages/airflow/example_dags/example_params_trigger_ui.py
[2026-03-19T07:53:01.192+0000] {processor.py:840} INFO - DAG(s) 'example_params_trigger_ui' retrieved from /home/airflow/.local/lib/python3.12/site-packages/airflow/example_dags/example_params_trigger_ui.py
[2026-03-19T07:53:01.232+0000] {logging_mixin.py:188} INFO - [2026-03-19T07:53:01.232+0000] {dag.py:3096} INFO - Sync 1 DAGs
[2026-03-19T07:53:01.240+0000] {logging_mixin.py:188} INFO - [2026-03-19T07:53:01.240+0000] {dag.py:3954} INFO - Setting next_dagrun for example_params_trigger_ui to None, run_after=None
[2026-03-19T07:53:01.255+0000] {processor.py:183} INFO - Processing /home/airflow/.local/lib/python3.12/site-packages/airflow/example_dags/example_params_trigger_ui.py took 0.109 seconds
[2026-03-19T07:53:31.763+0000] {processor.py:161} INFO - Started process (PID=37425) to work on /home/airflow/.local/lib/python3.12/site-packages/airflow/example_dags/example_params_trigger_ui.py
[2026-03-19T07:53:31.768+0000] {processor.py:830} INFO - Processing file /home/airflow/.local/lib/python3.12/site-packages/airflow/example_dags/example_params_trigger_ui.py for tasks to queue
[2026-03-19T07:53:31.769+0000] {logging_mixin.py:188} INFO - [2026-03-19T07:53:31.769+0000] {dagbag.py:545} INFO - Filling up the DagBag from /home/airflow/.local/lib/python3.12/site-packages/airflow/example_dags/example_params_trigger_ui.py
[2026-03-19T07:53:31.783+0000] {processor.py:840} INFO - DAG(s) 'example_params_trigger_ui' retrieved from /home/airflow/.local/lib/python3.12/site-packages/airflow/example_dags/example_params_trigger_ui.py
[2026-03-19T07:53:31.820+0000] {logging_mixin.py:188} INFO - [2026-03-19T07:53:31.820+0000] {dag.py:3096} INFO - Sync 1 DAGs
[2026-03-19T07:53:31.830+0000] {logging_mixin.py:188} INFO - [2026-03-19T07:53:31.830+0000] {dag.py:3954} INFO - Setting next_dagrun for example_params_trigger_ui to None, run_after=None
[2026-03-19T07:53:31.845+0000] {processor.py:183} INFO - Processing /home/airflow/.local/lib/python3.12/site-packages/airflow/example_dags/example_params_trigger_ui.py took 0.087 seconds
[2026-03-19T07:54:02.138+0000] {processor.py:161} INFO - Started process (PID=37484) to work on /home/airflow/.local/lib/python3.12/site-packages/airflow/example_dags/example_params_trigger_ui.py
[2026-03-19T07:54:02.139+0000] {processor.py:830} INFO - Processing file /home/airflow/.local/lib/python3.12/site-packages/airflow/example_dags/example_params_trigger_ui.py for tasks to queue
[2026-03-19T07:54:02.139+0000] {logging_mixin.py:188} INFO - [2026-03-19T07:54:02.139+0000] {dagbag.py:545} INFO - Filling up the DagBag from /home/airflow/.local/lib/python3.12/site-packages/airflow/example_dags/example_params_trigger_ui.py
[2026-03-19T07:54:02.151+0000] {processor.py:840} INFO - DAG(s) 'example_params_trigger_ui' retrieved from /home/airflow/.local/lib/python3.12/site-packages/airflow/example_dags/example_params_trigger_ui.py
[2026-03-19T07:54:02.179+0000] {logging_mixin.py:188} INFO - [2026-03-19T07:54:02.178+0000] {dag.py:3096} INFO - Sync 1 DAGs
[2026-03-19T07:54:02.188+0000] {logging_mixin.py:188} INFO - [2026-03-19T07:54:02.187+0000] {dag.py:3954} INFO - Setting next_dagrun for example_params_trigger_ui to None, run_after=None
[2026-03-19T07:54:02.207+0000] {processor.py:183} INFO - Processing /home/airflow/.local/lib/python3.12/site-packages/airflow/example_dags/example_params_trigger_ui.py took 0.075 seconds
[2026-03-19T07:54:32.458+0000] {processor.py:161} INFO - Started process (PID=37543) to work on /home/airflow/.local/lib/python3.12/site-packages/airflow/example_dags/example_params_trigger_ui.py
[2026-03-19T07:54:32.459+0000] {processor.py:830} INFO - Processing file /home/airflow/.local/lib/python3.12/site-packages/airflow/example_dags/example_params_trigger_ui.py for tasks to queue
[2026-03-19T07:54:32.460+0000] {logging_mixin.py:188} INFO - [2026-03-19T07:54:32.460+0000] {dagbag.py:545} INFO - Filling up the DagBag from /home/airflow/.local/lib/python3.12/site-packages/airflow/example_dags/example_params_trigger_ui.py
[2026-03-19T07:54:32.468+0000] {processor.py:840} INFO - DAG(s) 'example_params_trigger_ui' retrieved from /home/airflow/.local/lib/python3.12/site-packages/airflow/example_dags/example_params_trigger_ui.py
[2026-03-19T07:54:32.490+0000] {logging_mixin.py:188} INFO - [2026-03-19T07:54:32.490+0000] {dag.py:3096} INFO - Sync 1 DAGs
[2026-03-19T07:54:32.500+0000] {logging_mixin.py:188} INFO - [2026-03-19T07:54:32.500+0000] {dag.py:3954} INFO - Setting next_dagrun for example_params_trigger_ui to None, run_after=None
[2026-03-19T07:54:32.509+0000] {processor.py:183} INFO - Processing /home/airflow/.local/lib/python3.12/site-packages/airflow/example_dags/example_params_trigger_ui.py took 0.054 seconds
[2026-03-19T07:55:02.845+0000] {processor.py:161} INFO - Started process (PID=37602) to work on /home/airflow/.local/lib/python3.12/site-packages/airflow/example_dags/example_params_trigger_ui.py
[2026-03-19T07:55:02.845+0000] {processor.py:830} INFO - Processing file /home/airflow/.local/lib/python3.12/site-packages/airflow/example_dags/example_params_trigger_ui.py for tasks to queue
[2026-03-19T07:55:02.846+0000] {logging_mixin.py:188} INFO - [2026-03-19T07:55:02.846+0000] {dagbag.py:545} INFO - Filling up the DagBag from /home/airflow/.local/lib/python3.12/site-packages/airflow/example_dags/example_params_trigger_ui.py
[2026-03-19T07:55:02.861+0000] {processor.py:840} INFO - DAG(s) 'example_params_trigger_ui' retrieved from /home/airflow/.local/lib/python3.12/site-packages/airflow/example_dags/example_params_trigger_ui.py
[2026-03-19T07:55:02.884+0000] {logging_mixin.py:188} INFO - [2026-03-19T07:55:02.883+0000] {dag.py:3096} INFO - Sync 1 DAGs
[2026-03-19T07:55:02.890+0000] {logging_mixin.py:188} INFO - [2026-03-19T07:55:02.890+0000] {dag.py:3954} INFO - Setting next_dagrun for example_params_trigger_ui to None, run_after=None
[2026-03-19T07:55:02.899+0000] {processor.py:183} INFO - Processing /home/airflow/.local/lib/python3.12/site-packages/airflow/example_dags/example_params_trigger_ui.py took 0.057 seconds
[2026-03-19T07:55:33.481+0000] {processor.py:161} INFO - Started process (PID=37661) to work on /home/airflow/.local/lib/python3.12/site-packages/airflow/example_dags/example_params_trigger_ui.py
[2026-03-19T07:55:33.483+0000] {processor.py:830} INFO - Processing file /home/airflow/.local/lib/python3.12/site-packages/airflow/example_dags/example_params_trigger_ui.py for tasks to queue
[2026-03-19T07:55:33.484+0000] {logging_mixin.py:188} INFO - [2026-03-19T07:55:33.483+0000] {dagbag.py:545} INFO - Filling up the DagBag from /home/airflow/.local/lib/python3.12/site-packages/airflow/example_dags/example_params_trigger_ui.py
[2026-03-19T07:55:33.492+0000] {processor.py:840} INFO - DAG(s) 'example_params_trigger_ui' retrieved from /home/airflow/.local/lib/python3.12/site-packages/airflow/example_dags/example_params_trigger_ui.py
[2026-03-19T07:55:33.514+0000] {logging_mixin.py:188} INFO - [2026-03-19T07:55:33.514+0000] {dag.py:3096} INFO - Sync 1 DAGs
[2026-03-19T07:55:33.522+0000] {logging_mixin.py:188} INFO - [2026-03-19T07:55:33.521+0000] {dag.py:3954} INFO - Setting next_dagrun for example_params_trigger_ui to None, run_after=None
[2026-03-19T07:55:33.534+0000] {processor.py:183} INFO - Processing /home/airflow/.local/lib/python3.12/site-packages/airflow/example_dags/example_params_trigger_ui.py took 0.059 seconds
[2026-03-19T07:56:04.044+0000] {processor.py:161} INFO - Started process (PID=37720) to work on /home/airflow/.local/lib/python3.12/site-packages/airflow/example_dags/example_params_trigger_ui.py
[2026-03-19T07:56:04.045+0000] {processor.py:830} INFO - Processing file /home/airflow/.local/lib/python3.12/site-packages/airflow/example_dags/example_params_trigger_ui.py for tasks to queue
[2026-03-19T07:56:04.045+0000] {logging_mixin.py:188} INFO - [2026-03-19T07:56:04.045+0000] {dagbag.py:545} INFO - Filling up the DagBag from /home/airflow/.local/lib/python3.12/site-packages/airflow/example_dags/example_params_trigger_ui.py
[2026-03-19T07:56:04.054+0000] {processor.py:840} INFO - DAG(s) 'example_params_trigger_ui' retrieved from /home/airflow/.local/lib/python3.12/site-packages/airflow/example_dags/example_params_trigger_ui.py
[2026-03-19T07:56:04.079+0000] {logging_mixin.py:188} INFO - [2026-03-19T07:56:04.079+0000] {dag.py:3096} INFO - Sync 1 DAGs
[2026-03-19T07:56:04.086+0000] {logging_mixin.py:188} INFO - [2026-03-19T07:56:04.085+0000] {dag.py:3954} INFO - Setting next_dagrun for example_params_trigger_ui to None, run_after=None
[2026-03-19T07:56:04.095+0000] {processor.py:183} INFO - Processing /home/airflow/.local/lib/python3.12/site-packages/airflow/example_dags/example_params_trigger_ui.py took 0.054 seconds
[2026-03-19T07:56:34.876+0000] {processor.py:161} INFO - Started process (PID=37779) to work on /home/airflow/.local/lib/python3.12/site-packages/airflow/example_dags/example_params_trigger_ui.py
[2026-03-19T07:56:34.877+0000] {processor.py:830} INFO - Processing file /home/airflow/.local/lib/python3.12/site-packages/airflow/example_dags/example_params_trigger_ui.py for tasks to queue
[2026-03-19T07:56:34.878+0000] {logging_mixin.py:188} INFO - [2026-03-19T07:56:34.878+0000] {dagbag.py:545} INFO - Filling up the DagBag from /home/airflow/.local/lib/python3.12/site-packages/airflow/example_dags/example_params_trigger_ui.py
[2026-03-19T07:56:34.895+0000] {processor.py:840} INFO - DAG(s) 'example_params_trigger_ui' retrieved from /home/airflow/.local/lib/python3.12/site-packages/airflow/example_dags/example_params_trigger_ui.py
[2026-03-19T07:56:34.964+0000] {logging_mixin.py:188} INFO - [2026-03-19T07:56:34.963+0000] {dag.py:3096} INFO - Sync 1 DAGs
[2026-03-19T07:56:34.974+0000] {logging_mixin.py:188} INFO - [2026-03-19T07:56:34.974+0000] {dag.py:3954} INFO - Setting next_dagrun for example_params_trigger_ui to None, run_after=None
[2026-03-19T07:56:35.003+0000] {processor.py:183} INFO - Processing /home/airflow/.local/lib/python3.12/site-packages/airflow/example_dags/example_params_trigger_ui.py took 0.133 seconds
[2026-03-19T07:57:05.733+0000] {processor.py:161} INFO - Started process (PID=37838) to work on /home/airflow/.local/lib/python3.12/site-packages/airflow/example_dags/example_params_trigger_ui.py
[2026-03-19T07:57:05.733+0000] {processor.py:830} INFO - Processing file /home/airflow/.local/lib/python3.12/site-packages/airflow/example_dags/example_params_trigger_ui.py for tasks to queue
[2026-03-19T07:57:05.734+0000] {logging_mixin.py:188} INFO - [2026-03-19T07:57:05.734+0000] {dagbag.py:545} INFO - Filling up the DagBag from /home/airflow/.local/lib/python3.12/site-packages/airflow/example_dags/example_params_trigger_ui.py
[2026-03-19T07:57:05.742+0000] {processor.py:840} INFO - DAG(s) 'example_params_trigger_ui' retrieved from /home/airflow/.local/lib/python3.12/site-packages/airflow/example_dags/example_params_trigger_ui.py
[2026-03-19T07:57:05.765+0000] {logging_mixin.py:188} INFO - [2026-03-19T07:57:05.764+0000] {dag.py:3096} INFO - Sync 1 DAGs
[2026-03-19T07:57:05.772+0000] {logging_mixin.py:188} INFO - [2026-03-19T07:57:05.772+0000] {dag.py:3954} INFO - Setting next_dagrun for example_params_trigger_ui to None, run_after=None
[2026-03-19T07:57:05.785+0000] {processor.py:183} INFO - Processing /home/airflow/.local/lib/python3.12/site-packages/airflow/example_dags/example_params_trigger_ui.py took 0.056 seconds
[2026-03-19T07:57:35.875+0000] {processor.py:161} INFO - Started process (PID=37897) to work on /home/airflow/.local/lib/python3.12/site-packages/airflow/example_dags/example_params_trigger_ui.py
[2026-03-19T07:57:35.876+0000] {processor.py:830} INFO - Processing file /home/airflow/.local/lib/python3.12/site-packages/airflow/example_dags/example_params_trigger_ui.py for tasks to queue
[2026-03-19T07:57:35.878+0000] {logging_mixin.py:188} INFO - [2026-03-19T07:57:35.877+0000] {dagbag.py:545} INFO - Filling up the DagBag from /home/airflow/.local/lib/python3.12/site-packages/airflow/example_dags/example_params_trigger_ui.py
[2026-03-19T07:57:35.886+0000] {processor.py:840} INFO - DAG(s) 'example_params_trigger_ui' retrieved from /home/airflow/.local/lib/python3.12/site-packages/airflow/example_dags/example_params_trigger_ui.py
[2026-03-19T07:57:35.919+0000] {logging_mixin.py:188} INFO - [2026-03-19T07:57:35.918+0000] {dag.py:3096} INFO - Sync 1 DAGs
[2026-03-19T07:57:35.927+0000] {logging_mixin.py:188} INFO - [2026-03-19T07:57:35.927+0000] {dag.py:3954} INFO - Setting next_dagrun for example_params_trigger_ui to None, run_after=None
[2026-03-19T07:57:35.941+0000] {processor.py:183} INFO - Processing /home/airflow/.local/lib/python3.12/site-packages/airflow/example_dags/example_params_trigger_ui.py took 0.069 seconds
[2026-03-19T07:58:06.132+0000] {processor.py:161} INFO - Started process (PID=37956) to work on /home/airflow/.local/lib/python3.12/site-packages/airflow/example_dags/example_params_trigger_ui.py
[2026-03-19T07:58:06.133+0000] {processor.py:830} INFO - Processing file /home/airflow/.local/lib/python3.12/site-packages/airflow/example_dags/example_params_trigger_ui.py for tasks to queue
[2026-03-19T07:58:06.134+0000] {logging_mixin.py:188} INFO - [2026-03-19T07:58:06.133+0000] {dagbag.py:545} INFO - Filling up the DagBag from /home/airflow/.local/lib/python3.12/site-packages/airflow/example_dags/example_params_trigger_ui.py
[2026-03-19T07:58:06.144+0000] {processor.py:840} INFO - DAG(s) 'example_params_trigger_ui' retrieved from /home/airflow/.local/lib/python3.12/site-packages/airflow/example_dags/example_params_trigger_ui.py
[2026-03-19T07:58:06.170+0000] {logging_mixin.py:188} INFO - [2026-03-19T07:58:06.170+0000] {dag.py:3096} INFO - Sync 1 DAGs
[2026-03-19T07:58:06.178+0000] {logging_mixin.py:188} INFO - [2026-03-19T07:58:06.178+0000] {dag.py:3954} INFO - Setting next_dagrun for example_params_trigger_ui to None, run_after=None
[2026-03-19T07:58:06.195+0000] {processor.py:183} INFO - Processing /home/airflow/.local/lib/python3.12/site-packages/airflow/example_dags/example_params_trigger_ui.py took 0.067 seconds
[2026-03-19T07:58:36.343+0000] {processor.py:161} INFO - Started process (PID=38015) to work on /home/airflow/.local/lib/python3.12/site-packages/airflow/example_dags/example_params_trigger_ui.py
[2026-03-19T07:58:36.345+0000] {processor.py:830} INFO - Processing file /home/airflow/.local/lib/python3.12/site-packages/airflow/example_dags/example_params_trigger_ui.py for tasks to queue
[2026-03-19T07:58:36.347+0000] {logging_mixin.py:188} INFO - [2026-03-19T07:58:36.346+0000] {dagbag.py:545} INFO - Filling up the DagBag from /home/airflow/.local/lib/python3.12/site-packages/airflow/example_dags/example_params_trigger_ui.py
[2026-03-19T07:58:36.358+0000] {processor.py:840} INFO - DAG(s) 'example_params_trigger_ui' retrieved from /home/airflow/.local/lib/python3.12/site-packages/airflow/example_dags/example_params_trigger_ui.py
[2026-03-19T07:58:36.392+0000] {logging_mixin.py:188} INFO - [2026-03-19T07:58:36.392+0000] {dag.py:3096} INFO - Sync 1 DAGs
[2026-03-19T07:58:36.402+0000] {logging_mixin.py:188} INFO - [2026-03-19T07:58:36.402+0000] {dag.py:3954} INFO - Setting next_dagrun for example_params_trigger_ui to None, run_after=None
[2026-03-19T07:58:36.425+0000] {processor.py:183} INFO - Processing /home/airflow/.local/lib/python3.12/site-packages/airflow/example_dags/example_params_trigger_ui.py took 0.085 seconds
[2026-03-19T07:59:06.720+0000] {processor.py:161} INFO - Started process (PID=38074) to work on /home/airflow/.local/lib/python3.12/site-packages/airflow/example_dags/example_params_trigger_ui.py
[2026-03-19T07:59:06.720+0000] {processor.py:830} INFO - Processing file /home/airflow/.local/lib/python3.12/site-packages/airflow/example_dags/example_params_trigger_ui.py for tasks to queue
[2026-03-19T07:59:06.721+0000] {logging_mixin.py:188} INFO - [2026-03-19T07:59:06.721+0000] {dagbag.py:545} INFO - Filling up the DagBag from /home/airflow/.local/lib/python3.12/site-packages/airflow/example_dags/example_params_trigger_ui.py
[2026-03-19T07:59:06.734+0000] {processor.py:840} INFO - DAG(s) 'example_params_trigger_ui' retrieved from /home/airflow/.local/lib/python3.12/site-packages/airflow/example_dags/example_params_trigger_ui.py
[2026-03-19T07:59:06.770+0000] {logging_mixin.py:188} INFO - [2026-03-19T07:59:06.770+0000] {dag.py:3096} INFO - Sync 1 DAGs
[2026-03-19T07:59:06.778+0000] {logging_mixin.py:188} INFO - [2026-03-19T07:59:06.778+0000] {dag.py:3954} INFO - Setting next_dagrun for example_params_trigger_ui to None, run_after=None
[2026-03-19T07:59:06.793+0000] {processor.py:183} INFO - Processing /home/airflow/.local/lib/python3.12/site-packages/airflow/example_dags/example_params_trigger_ui.py took 0.078 seconds
[2026-03-19T07:59:37.707+0000] {processor.py:161} INFO - Started process (PID=38133) to work on /home/airflow/.local/lib/python3.12/site-packages/airflow/example_dags/example_params_trigger_ui.py
[2026-03-19T07:59:37.708+0000] {processor.py:830} INFO - Processing file /home/airflow/.local/lib/python3.12/site-packages/airflow/example_dags/example_params_trigger_ui.py for tasks to queue
[2026-03-19T07:59:37.708+0000] {logging_mixin.py:188} INFO - [2026-03-19T07:59:37.708+0000] {dagbag.py:545} INFO - Filling up the DagBag from /home/airflow/.local/lib/python3.12/site-packages/airflow/example_dags/example_params_trigger_ui.py
[2026-03-19T07:59:37.718+0000] {processor.py:840} INFO - DAG(s) 'example_params_trigger_ui' retrieved from /home/airflow/.local/lib/python3.12/site-packages/airflow/example_dags/example_params_trigger_ui.py
[2026-03-19T07:59:37.751+0000] {logging_mixin.py:188} INFO - [2026-03-19T07:59:37.751+0000] {dag.py:3096} INFO - Sync 1 DAGs
[2026-03-19T07:59:37.758+0000] {logging_mixin.py:188} INFO - [2026-03-19T07:59:37.758+0000] {dag.py:3954} INFO - Setting next_dagrun for example_params_trigger_ui to None, run_after=None
[2026-03-19T07:59:37.775+0000] {processor.py:183} INFO - Processing /home/airflow/.local/lib/python3.12/site-packages/airflow/example_dags/example_params_trigger_ui.py took 0.073 seconds
[2026-03-19T08:00:08.491+0000] {processor.py:161} INFO - Started process (PID=38192) to work on /home/airflow/.local/lib/python3.12/site-packages/airflow/example_dags/example_params_trigger_ui.py
[2026-03-19T08:00:08.492+0000] {processor.py:830} INFO - Processing file /home/airflow/.local/lib/python3.12/site-packages/airflow/example_dags/example_params_trigger_ui.py for tasks to queue
[2026-03-19T08:00:08.492+0000] {logging_mixin.py:188} INFO - [2026-03-19T08:00:08.492+0000] {dagbag.py:545} INFO - Filling up the DagBag from /home/airflow/.local/lib/python3.12/site-packages/airflow/example_dags/example_params_trigger_ui.py
[2026-03-19T08:00:08.501+0000] {processor.py:840} INFO - DAG(s) 'example_params_trigger_ui' retrieved from /home/airflow/.local/lib/python3.12/site-packages/airflow/example_dags/example_params_trigger_ui.py
[2026-03-19T08:00:08.529+0000] {logging_mixin.py:188} INFO - [2026-03-19T08:00:08.529+0000] {dag.py:3096} INFO - Sync 1 DAGs
[2026-03-19T08:00:08.538+0000] {logging_mixin.py:188} INFO - [2026-03-19T08:00:08.538+0000] {dag.py:3954} INFO - Setting next_dagrun for example_params_trigger_ui to None, run_after=None
[2026-03-19T08:00:08.554+0000] {processor.py:183} INFO - Processing /home/airflow/.local/lib/python3.12/site-packages/airflow/example_dags/example_params_trigger_ui.py took 0.068 seconds
[2026-03-19T08:00:38.689+0000] {processor.py:161} INFO - Started process (PID=38251) to work on /home/airflow/.local/lib/python3.12/site-packages/airflow/example_dags/example_params_trigger_ui.py
[2026-03-19T08:00:38.692+0000] {processor.py:830} INFO - Processing file /home/airflow/.local/lib/python3.12/site-packages/airflow/example_dags/example_params_trigger_ui.py for tasks to queue
[2026-03-19T08:00:38.692+0000] {logging_mixin.py:188} INFO - [2026-03-19T08:00:38.692+0000] {dagbag.py:545} INFO - Filling up the DagBag from /home/airflow/.local/lib/python3.12/site-packages/airflow/example_dags/example_params_trigger_ui.py
[2026-03-19T08:00:38.708+0000] {processor.py:840} INFO - DAG(s) 'example_params_trigger_ui' retrieved from /home/airflow/.local/lib/python3.12/site-packages/airflow/example_dags/example_params_trigger_ui.py
[2026-03-19T08:00:38.743+0000] {logging_mixin.py:188} INFO - [2026-03-19T08:00:38.743+0000] {dag.py:3096} INFO - Sync 1 DAGs
[2026-03-19T08:00:38.755+0000] {logging_mixin.py:188} INFO - [2026-03-19T08:00:38.755+0000] {dag.py:3954} INFO - Setting next_dagrun for example_params_trigger_ui to None, run_after=None
[2026-03-19T08:00:38.769+0000] {processor.py:183} INFO - Processing /home/airflow/.local/lib/python3.12/site-packages/airflow/example_dags/example_params_trigger_ui.py took 0.083 seconds
