[2026-03-19T00:12:45.740+0000] {processor.py:161} INFO - Started process (PID=35705) to work on /home/airflow/.local/lib/python3.12/site-packages/airflow/example_dags/example_xcomargs.py
[2026-03-19T00:12:45.741+0000] {processor.py:830} INFO - Processing file /home/airflow/.local/lib/python3.12/site-packages/airflow/example_dags/example_xcomargs.py for tasks to queue
[2026-03-19T00:12:45.744+0000] {logging_mixin.py:188} INFO - [2026-03-19T00:12:45.743+0000] {dagbag.py:545} INFO - Filling up the DagBag from /home/airflow/.local/lib/python3.12/site-packages/airflow/example_dags/example_xcomargs.py
[2026-03-19T00:12:45.753+0000] {processor.py:840} INFO - DAG(s) 'example_xcom_args_with_operators', 'example_xcom_args' retrieved from /home/airflow/.local/lib/python3.12/site-packages/airflow/example_dags/example_xcomargs.py
[2026-03-19T00:12:45.775+0000] {logging_mixin.py:188} INFO - [2026-03-19T00:12:45.775+0000] {dag.py:3096} INFO - Sync 2 DAGs
[2026-03-19T00:12:45.786+0000] {logging_mixin.py:188} INFO - [2026-03-19T00:12:45.786+0000] {dag.py:3954} INFO - Setting next_dagrun for example_xcom_args to None, run_after=None
[2026-03-19T00:12:45.790+0000] {logging_mixin.py:188} INFO - [2026-03-19T00:12:45.790+0000] {dag.py:3954} INFO - Setting next_dagrun for example_xcom_args_with_operators to None, run_after=None
[2026-03-19T00:12:45.801+0000] {processor.py:183} INFO - Processing /home/airflow/.local/lib/python3.12/site-packages/airflow/example_dags/example_xcomargs.py took 0.068 seconds
[2026-03-19T00:46:46.708+0000] {processor.py:161} INFO - Started process (PID=35764) to work on /home/airflow/.local/lib/python3.12/site-packages/airflow/example_dags/example_xcomargs.py
[2026-03-19T00:46:46.716+0000] {processor.py:830} INFO - Processing file /home/airflow/.local/lib/python3.12/site-packages/airflow/example_dags/example_xcomargs.py for tasks to queue
[2026-03-19T00:46:46.744+0000] {logging_mixin.py:188} INFO - [2026-03-19T00:46:46.743+0000] {dagbag.py:545} INFO - Filling up the DagBag from /home/airflow/.local/lib/python3.12/site-packages/airflow/example_dags/example_xcomargs.py
[2026-03-19T00:46:46.823+0000] {processor.py:840} INFO - DAG(s) 'example_xcom_args', 'example_xcom_args_with_operators' retrieved from /home/airflow/.local/lib/python3.12/site-packages/airflow/example_dags/example_xcomargs.py
[2026-03-19T00:46:46.948+0000] {logging_mixin.py:188} INFO - [2026-03-19T00:46:46.947+0000] {dag.py:3096} INFO - Sync 2 DAGs
[2026-03-19T00:46:46.984+0000] {logging_mixin.py:188} INFO - [2026-03-19T00:46:46.983+0000] {dag.py:3954} INFO - Setting next_dagrun for example_xcom_args to None, run_after=None
[2026-03-19T00:46:46.994+0000] {logging_mixin.py:188} INFO - [2026-03-19T00:46:46.994+0000] {dag.py:3954} INFO - Setting next_dagrun for example_xcom_args_with_operators to None, run_after=None
[2026-03-19T00:46:47.122+0000] {processor.py:183} INFO - Processing /home/airflow/.local/lib/python3.12/site-packages/airflow/example_dags/example_xcomargs.py took 0.443 seconds
[2026-03-19T01:13:45.273+0000] {processor.py:161} INFO - Started process (PID=35831) to work on /home/airflow/.local/lib/python3.12/site-packages/airflow/example_dags/example_xcomargs.py
[2026-03-19T01:13:45.275+0000] {processor.py:830} INFO - Processing file /home/airflow/.local/lib/python3.12/site-packages/airflow/example_dags/example_xcomargs.py for tasks to queue
[2026-03-19T01:13:45.281+0000] {logging_mixin.py:188} INFO - [2026-03-19T01:13:45.279+0000] {dagbag.py:545} INFO - Filling up the DagBag from /home/airflow/.local/lib/python3.12/site-packages/airflow/example_dags/example_xcomargs.py
[2026-03-19T01:13:45.295+0000] {processor.py:840} INFO - DAG(s) 'example_xcom_args', 'example_xcom_args_with_operators' retrieved from /home/airflow/.local/lib/python3.12/site-packages/airflow/example_dags/example_xcomargs.py
[2026-03-19T01:13:45.338+0000] {logging_mixin.py:188} INFO - [2026-03-19T01:13:45.338+0000] {dag.py:3096} INFO - Sync 2 DAGs
[2026-03-19T01:13:45.358+0000] {logging_mixin.py:188} INFO - [2026-03-19T01:13:45.357+0000] {dag.py:3954} INFO - Setting next_dagrun for example_xcom_args to None, run_after=None
[2026-03-19T01:13:45.363+0000] {logging_mixin.py:188} INFO - [2026-03-19T01:13:45.363+0000] {dag.py:3954} INFO - Setting next_dagrun for example_xcom_args_with_operators to None, run_after=None
[2026-03-19T01:13:45.392+0000] {processor.py:183} INFO - Processing /home/airflow/.local/lib/python3.12/site-packages/airflow/example_dags/example_xcomargs.py took 0.127 seconds
[2026-03-19T02:14:37.371+0000] {processor.py:161} INFO - Started process (PID=35904) to work on /home/airflow/.local/lib/python3.12/site-packages/airflow/example_dags/example_xcomargs.py
[2026-03-19T02:14:37.379+0000] {processor.py:830} INFO - Processing file /home/airflow/.local/lib/python3.12/site-packages/airflow/example_dags/example_xcomargs.py for tasks to queue
[2026-03-19T02:14:37.392+0000] {logging_mixin.py:188} INFO - [2026-03-19T02:14:37.389+0000] {dagbag.py:545} INFO - Filling up the DagBag from /home/airflow/.local/lib/python3.12/site-packages/airflow/example_dags/example_xcomargs.py
[2026-03-19T02:14:37.486+0000] {processor.py:840} INFO - DAG(s) 'example_xcom_args_with_operators', 'example_xcom_args' retrieved from /home/airflow/.local/lib/python3.12/site-packages/airflow/example_dags/example_xcomargs.py
[2026-03-19T02:14:38.764+0000] {logging_mixin.py:188} INFO - [2026-03-19T02:14:38.762+0000] {dag.py:3096} INFO - Sync 2 DAGs
[2026-03-19T02:14:38.820+0000] {logging_mixin.py:188} INFO - [2026-03-19T02:14:38.820+0000] {dag.py:3954} INFO - Setting next_dagrun for example_xcom_args to None, run_after=None
[2026-03-19T02:14:38.842+0000] {logging_mixin.py:188} INFO - [2026-03-19T02:14:38.841+0000] {dag.py:3954} INFO - Setting next_dagrun for example_xcom_args_with_operators to None, run_after=None
[2026-03-19T02:14:38.975+0000] {processor.py:183} INFO - Processing /home/airflow/.local/lib/python3.12/site-packages/airflow/example_dags/example_xcomargs.py took 1.684 seconds
[2026-03-19T02:15:13.775+0000] {processor.py:161} INFO - Started process (PID=35962) to work on /home/airflow/.local/lib/python3.12/site-packages/airflow/example_dags/example_xcomargs.py
[2026-03-19T02:15:13.781+0000] {processor.py:830} INFO - Processing file /home/airflow/.local/lib/python3.12/site-packages/airflow/example_dags/example_xcomargs.py for tasks to queue
[2026-03-19T02:15:13.784+0000] {logging_mixin.py:188} INFO - [2026-03-19T02:15:13.783+0000] {dagbag.py:545} INFO - Filling up the DagBag from /home/airflow/.local/lib/python3.12/site-packages/airflow/example_dags/example_xcomargs.py
[2026-03-19T02:15:13.831+0000] {processor.py:840} INFO - DAG(s) 'example_xcom_args', 'example_xcom_args_with_operators' retrieved from /home/airflow/.local/lib/python3.12/site-packages/airflow/example_dags/example_xcomargs.py
[2026-03-19T02:15:13.937+0000] {logging_mixin.py:188} INFO - [2026-03-19T02:15:13.936+0000] {dag.py:3096} INFO - Sync 2 DAGs
[2026-03-19T02:15:13.988+0000] {logging_mixin.py:188} INFO - [2026-03-19T02:15:13.987+0000] {dag.py:3954} INFO - Setting next_dagrun for example_xcom_args to None, run_after=None
[2026-03-19T02:15:13.999+0000] {logging_mixin.py:188} INFO - [2026-03-19T02:15:13.999+0000] {dag.py:3954} INFO - Setting next_dagrun for example_xcom_args_with_operators to None, run_after=None
[2026-03-19T02:15:14.065+0000] {processor.py:183} INFO - Processing /home/airflow/.local/lib/python3.12/site-packages/airflow/example_dags/example_xcomargs.py took 0.314 seconds
[2026-03-19T03:06:10.699+0000] {processor.py:161} INFO - Started process (PID=36052) to work on /home/airflow/.local/lib/python3.12/site-packages/airflow/example_dags/example_xcomargs.py
[2026-03-19T03:06:10.701+0000] {processor.py:830} INFO - Processing file /home/airflow/.local/lib/python3.12/site-packages/airflow/example_dags/example_xcomargs.py for tasks to queue
[2026-03-19T03:06:10.705+0000] {logging_mixin.py:188} INFO - [2026-03-19T03:06:10.703+0000] {dagbag.py:545} INFO - Filling up the DagBag from /home/airflow/.local/lib/python3.12/site-packages/airflow/example_dags/example_xcomargs.py
[2026-03-19T03:06:10.734+0000] {processor.py:840} INFO - DAG(s) 'example_xcom_args_with_operators', 'example_xcom_args' retrieved from /home/airflow/.local/lib/python3.12/site-packages/airflow/example_dags/example_xcomargs.py
[2026-03-19T03:06:10.809+0000] {logging_mixin.py:188} INFO - [2026-03-19T03:06:10.808+0000] {dag.py:3096} INFO - Sync 2 DAGs
[2026-03-19T03:06:10.854+0000] {logging_mixin.py:188} INFO - [2026-03-19T03:06:10.853+0000] {dag.py:3954} INFO - Setting next_dagrun for example_xcom_args to None, run_after=None
[2026-03-19T03:06:10.862+0000] {logging_mixin.py:188} INFO - [2026-03-19T03:06:10.862+0000] {dag.py:3954} INFO - Setting next_dagrun for example_xcom_args_with_operators to None, run_after=None
[2026-03-19T03:06:10.909+0000] {processor.py:183} INFO - Processing /home/airflow/.local/lib/python3.12/site-packages/airflow/example_dags/example_xcomargs.py took 0.235 seconds
[2026-03-19T03:06:41.665+0000] {processor.py:161} INFO - Started process (PID=36119) to work on /home/airflow/.local/lib/python3.12/site-packages/airflow/example_dags/example_xcomargs.py
[2026-03-19T03:06:41.668+0000] {processor.py:830} INFO - Processing file /home/airflow/.local/lib/python3.12/site-packages/airflow/example_dags/example_xcomargs.py for tasks to queue
[2026-03-19T03:06:41.671+0000] {logging_mixin.py:188} INFO - [2026-03-19T03:06:41.670+0000] {dagbag.py:545} INFO - Filling up the DagBag from /home/airflow/.local/lib/python3.12/site-packages/airflow/example_dags/example_xcomargs.py
[2026-03-19T03:06:41.686+0000] {processor.py:840} INFO - DAG(s) 'example_xcom_args', 'example_xcom_args_with_operators' retrieved from /home/airflow/.local/lib/python3.12/site-packages/airflow/example_dags/example_xcomargs.py
[2026-03-19T03:06:41.707+0000] {logging_mixin.py:188} INFO - [2026-03-19T03:06:41.707+0000] {dag.py:3096} INFO - Sync 2 DAGs
[2026-03-19T03:06:41.715+0000] {logging_mixin.py:188} INFO - [2026-03-19T03:06:41.715+0000] {dag.py:3954} INFO - Setting next_dagrun for example_xcom_args to None, run_after=None
[2026-03-19T03:06:41.718+0000] {logging_mixin.py:188} INFO - [2026-03-19T03:06:41.718+0000] {dag.py:3954} INFO - Setting next_dagrun for example_xcom_args_with_operators to None, run_after=None
[2026-03-19T03:06:41.732+0000] {processor.py:183} INFO - Processing /home/airflow/.local/lib/python3.12/site-packages/airflow/example_dags/example_xcomargs.py took 0.083 seconds
[2026-03-19T03:15:43.043+0000] {processor.py:161} INFO - Started process (PID=36178) to work on /home/airflow/.local/lib/python3.12/site-packages/airflow/example_dags/example_xcomargs.py
[2026-03-19T03:15:43.044+0000] {processor.py:830} INFO - Processing file /home/airflow/.local/lib/python3.12/site-packages/airflow/example_dags/example_xcomargs.py for tasks to queue
[2026-03-19T03:15:43.045+0000] {logging_mixin.py:188} INFO - [2026-03-19T03:15:43.045+0000] {dagbag.py:545} INFO - Filling up the DagBag from /home/airflow/.local/lib/python3.12/site-packages/airflow/example_dags/example_xcomargs.py
[2026-03-19T03:15:43.053+0000] {processor.py:840} INFO - DAG(s) 'example_xcom_args', 'example_xcom_args_with_operators' retrieved from /home/airflow/.local/lib/python3.12/site-packages/airflow/example_dags/example_xcomargs.py
[2026-03-19T03:15:43.088+0000] {logging_mixin.py:188} INFO - [2026-03-19T03:15:43.088+0000] {dag.py:3096} INFO - Sync 2 DAGs
[2026-03-19T03:15:43.101+0000] {logging_mixin.py:188} INFO - [2026-03-19T03:15:43.100+0000] {dag.py:3954} INFO - Setting next_dagrun for example_xcom_args to None, run_after=None
[2026-03-19T03:15:43.105+0000] {logging_mixin.py:188} INFO - [2026-03-19T03:15:43.104+0000] {dag.py:3954} INFO - Setting next_dagrun for example_xcom_args_with_operators to None, run_after=None
[2026-03-19T03:15:43.121+0000] {processor.py:183} INFO - Processing /home/airflow/.local/lib/python3.12/site-packages/airflow/example_dags/example_xcomargs.py took 0.083 seconds
[2026-03-19T03:32:05.744+0000] {processor.py:161} INFO - Started process (PID=36237) to work on /home/airflow/.local/lib/python3.12/site-packages/airflow/example_dags/example_xcomargs.py
[2026-03-19T03:32:05.745+0000] {processor.py:830} INFO - Processing file /home/airflow/.local/lib/python3.12/site-packages/airflow/example_dags/example_xcomargs.py for tasks to queue
[2026-03-19T03:32:05.747+0000] {logging_mixin.py:188} INFO - [2026-03-19T03:32:05.746+0000] {dagbag.py:545} INFO - Filling up the DagBag from /home/airflow/.local/lib/python3.12/site-packages/airflow/example_dags/example_xcomargs.py
[2026-03-19T03:32:05.760+0000] {processor.py:840} INFO - DAG(s) 'example_xcom_args', 'example_xcom_args_with_operators' retrieved from /home/airflow/.local/lib/python3.12/site-packages/airflow/example_dags/example_xcomargs.py
[2026-03-19T03:32:05.801+0000] {logging_mixin.py:188} INFO - [2026-03-19T03:32:05.801+0000] {dag.py:3096} INFO - Sync 2 DAGs
[2026-03-19T03:32:05.835+0000] {logging_mixin.py:188} INFO - [2026-03-19T03:32:05.834+0000] {dag.py:3954} INFO - Setting next_dagrun for example_xcom_args to None, run_after=None
[2026-03-19T03:32:05.839+0000] {logging_mixin.py:188} INFO - [2026-03-19T03:32:05.839+0000] {dag.py:3954} INFO - Setting next_dagrun for example_xcom_args_with_operators to None, run_after=None
[2026-03-19T03:32:05.871+0000] {processor.py:183} INFO - Processing /home/airflow/.local/lib/python3.12/site-packages/airflow/example_dags/example_xcomargs.py took 0.136 seconds
[2026-03-19T04:16:44.021+0000] {processor.py:161} INFO - Started process (PID=36304) to work on /home/airflow/.local/lib/python3.12/site-packages/airflow/example_dags/example_xcomargs.py
[2026-03-19T04:16:44.023+0000] {processor.py:830} INFO - Processing file /home/airflow/.local/lib/python3.12/site-packages/airflow/example_dags/example_xcomargs.py for tasks to queue
[2026-03-19T04:16:44.024+0000] {logging_mixin.py:188} INFO - [2026-03-19T04:16:44.023+0000] {dagbag.py:545} INFO - Filling up the DagBag from /home/airflow/.local/lib/python3.12/site-packages/airflow/example_dags/example_xcomargs.py
[2026-03-19T04:16:44.035+0000] {processor.py:840} INFO - DAG(s) 'example_xcom_args_with_operators', 'example_xcom_args' retrieved from /home/airflow/.local/lib/python3.12/site-packages/airflow/example_dags/example_xcomargs.py
[2026-03-19T04:16:44.065+0000] {logging_mixin.py:188} INFO - [2026-03-19T04:16:44.065+0000] {dag.py:3096} INFO - Sync 2 DAGs
[2026-03-19T04:16:44.082+0000] {logging_mixin.py:188} INFO - [2026-03-19T04:16:44.082+0000] {dag.py:3954} INFO - Setting next_dagrun for example_xcom_args to None, run_after=None
[2026-03-19T04:16:44.086+0000] {logging_mixin.py:188} INFO - [2026-03-19T04:16:44.086+0000] {dag.py:3954} INFO - Setting next_dagrun for example_xcom_args_with_operators to None, run_after=None
[2026-03-19T04:16:44.102+0000] {processor.py:183} INFO - Processing /home/airflow/.local/lib/python3.12/site-packages/airflow/example_dags/example_xcomargs.py took 0.089 seconds
[2026-03-19T04:17:17.864+0000] {processor.py:161} INFO - Started process (PID=36371) to work on /home/airflow/.local/lib/python3.12/site-packages/airflow/example_dags/example_xcomargs.py
[2026-03-19T04:17:17.870+0000] {processor.py:830} INFO - Processing file /home/airflow/.local/lib/python3.12/site-packages/airflow/example_dags/example_xcomargs.py for tasks to queue
[2026-03-19T04:17:17.877+0000] {logging_mixin.py:188} INFO - [2026-03-19T04:17:17.875+0000] {dagbag.py:545} INFO - Filling up the DagBag from /home/airflow/.local/lib/python3.12/site-packages/airflow/example_dags/example_xcomargs.py
[2026-03-19T04:17:17.891+0000] {processor.py:840} INFO - DAG(s) 'example_xcom_args', 'example_xcom_args_with_operators' retrieved from /home/airflow/.local/lib/python3.12/site-packages/airflow/example_dags/example_xcomargs.py
[2026-03-19T04:17:17.954+0000] {logging_mixin.py:188} INFO - [2026-03-19T04:17:17.952+0000] {dag.py:3096} INFO - Sync 2 DAGs
[2026-03-19T04:17:17.983+0000] {logging_mixin.py:188} INFO - [2026-03-19T04:17:17.982+0000] {dag.py:3954} INFO - Setting next_dagrun for example_xcom_args to None, run_after=None
[2026-03-19T04:17:18.006+0000] {logging_mixin.py:188} INFO - [2026-03-19T04:17:18.005+0000] {dag.py:3954} INFO - Setting next_dagrun for example_xcom_args_with_operators to None, run_after=None
[2026-03-19T04:17:18.070+0000] {processor.py:183} INFO - Processing /home/airflow/.local/lib/python3.12/site-packages/airflow/example_dags/example_xcomargs.py took 0.218 seconds
[2026-03-19T05:17:37.727+0000] {processor.py:161} INFO - Started process (PID=36430) to work on /home/airflow/.local/lib/python3.12/site-packages/airflow/example_dags/example_xcomargs.py
[2026-03-19T05:17:37.728+0000] {processor.py:830} INFO - Processing file /home/airflow/.local/lib/python3.12/site-packages/airflow/example_dags/example_xcomargs.py for tasks to queue
[2026-03-19T05:17:37.729+0000] {logging_mixin.py:188} INFO - [2026-03-19T05:17:37.729+0000] {dagbag.py:545} INFO - Filling up the DagBag from /home/airflow/.local/lib/python3.12/site-packages/airflow/example_dags/example_xcomargs.py
[2026-03-19T05:17:37.735+0000] {processor.py:840} INFO - DAG(s) 'example_xcom_args_with_operators', 'example_xcom_args' retrieved from /home/airflow/.local/lib/python3.12/site-packages/airflow/example_dags/example_xcomargs.py
[2026-03-19T05:17:37.754+0000] {logging_mixin.py:188} INFO - [2026-03-19T05:17:37.754+0000] {dag.py:3096} INFO - Sync 2 DAGs
[2026-03-19T05:17:37.764+0000] {logging_mixin.py:188} INFO - [2026-03-19T05:17:37.764+0000] {dag.py:3954} INFO - Setting next_dagrun for example_xcom_args to None, run_after=None
[2026-03-19T05:17:37.767+0000] {logging_mixin.py:188} INFO - [2026-03-19T05:17:37.767+0000] {dag.py:3954} INFO - Setting next_dagrun for example_xcom_args_with_operators to None, run_after=None
[2026-03-19T05:17:37.785+0000] {processor.py:183} INFO - Processing /home/airflow/.local/lib/python3.12/site-packages/airflow/example_dags/example_xcomargs.py took 0.062 seconds
[2026-03-19T05:18:08.113+0000] {processor.py:161} INFO - Started process (PID=36489) to work on /home/airflow/.local/lib/python3.12/site-packages/airflow/example_dags/example_xcomargs.py
[2026-03-19T05:18:08.114+0000] {processor.py:830} INFO - Processing file /home/airflow/.local/lib/python3.12/site-packages/airflow/example_dags/example_xcomargs.py for tasks to queue
[2026-03-19T05:18:08.115+0000] {logging_mixin.py:188} INFO - [2026-03-19T05:18:08.115+0000] {dagbag.py:545} INFO - Filling up the DagBag from /home/airflow/.local/lib/python3.12/site-packages/airflow/example_dags/example_xcomargs.py
[2026-03-19T05:18:08.133+0000] {processor.py:840} INFO - DAG(s) 'example_xcom_args', 'example_xcom_args_with_operators' retrieved from /home/airflow/.local/lib/python3.12/site-packages/airflow/example_dags/example_xcomargs.py
[2026-03-19T05:18:08.154+0000] {logging_mixin.py:188} INFO - [2026-03-19T05:18:08.154+0000] {dag.py:3096} INFO - Sync 2 DAGs
[2026-03-19T05:18:08.161+0000] {logging_mixin.py:188} INFO - [2026-03-19T05:18:08.161+0000] {dag.py:3954} INFO - Setting next_dagrun for example_xcom_args to None, run_after=None
[2026-03-19T05:18:08.164+0000] {logging_mixin.py:188} INFO - [2026-03-19T05:18:08.163+0000] {dag.py:3954} INFO - Setting next_dagrun for example_xcom_args_with_operators to None, run_after=None
[2026-03-19T05:18:08.179+0000] {processor.py:183} INFO - Processing /home/airflow/.local/lib/python3.12/site-packages/airflow/example_dags/example_xcomargs.py took 0.076 seconds
[2026-03-19T06:18:36.909+0000] {processor.py:161} INFO - Started process (PID=36548) to work on /home/airflow/.local/lib/python3.12/site-packages/airflow/example_dags/example_xcomargs.py
[2026-03-19T06:18:36.911+0000] {processor.py:830} INFO - Processing file /home/airflow/.local/lib/python3.12/site-packages/airflow/example_dags/example_xcomargs.py for tasks to queue
[2026-03-19T06:18:36.913+0000] {logging_mixin.py:188} INFO - [2026-03-19T06:18:36.912+0000] {dagbag.py:545} INFO - Filling up the DagBag from /home/airflow/.local/lib/python3.12/site-packages/airflow/example_dags/example_xcomargs.py
[2026-03-19T06:18:36.924+0000] {processor.py:840} INFO - DAG(s) 'example_xcom_args_with_operators', 'example_xcom_args' retrieved from /home/airflow/.local/lib/python3.12/site-packages/airflow/example_dags/example_xcomargs.py
[2026-03-19T06:18:36.954+0000] {logging_mixin.py:188} INFO - [2026-03-19T06:18:36.954+0000] {dag.py:3096} INFO - Sync 2 DAGs
[2026-03-19T06:18:36.968+0000] {logging_mixin.py:188} INFO - [2026-03-19T06:18:36.968+0000] {dag.py:3954} INFO - Setting next_dagrun for example_xcom_args to None, run_after=None
[2026-03-19T06:18:36.972+0000] {logging_mixin.py:188} INFO - [2026-03-19T06:18:36.972+0000] {dag.py:3954} INFO - Setting next_dagrun for example_xcom_args_with_operators to None, run_after=None
[2026-03-19T06:18:36.988+0000] {processor.py:183} INFO - Processing /home/airflow/.local/lib/python3.12/site-packages/airflow/example_dags/example_xcomargs.py took 0.092 seconds
[2026-03-19T06:19:07.607+0000] {processor.py:161} INFO - Started process (PID=36615) to work on /home/airflow/.local/lib/python3.12/site-packages/airflow/example_dags/example_xcomargs.py
[2026-03-19T06:19:07.608+0000] {processor.py:830} INFO - Processing file /home/airflow/.local/lib/python3.12/site-packages/airflow/example_dags/example_xcomargs.py for tasks to queue
[2026-03-19T06:19:07.608+0000] {logging_mixin.py:188} INFO - [2026-03-19T06:19:07.608+0000] {dagbag.py:545} INFO - Filling up the DagBag from /home/airflow/.local/lib/python3.12/site-packages/airflow/example_dags/example_xcomargs.py
[2026-03-19T06:19:07.618+0000] {processor.py:840} INFO - DAG(s) 'example_xcom_args_with_operators', 'example_xcom_args' retrieved from /home/airflow/.local/lib/python3.12/site-packages/airflow/example_dags/example_xcomargs.py
[2026-03-19T06:19:07.636+0000] {logging_mixin.py:188} INFO - [2026-03-19T06:19:07.636+0000] {dag.py:3096} INFO - Sync 2 DAGs
[2026-03-19T06:19:07.648+0000] {logging_mixin.py:188} INFO - [2026-03-19T06:19:07.648+0000] {dag.py:3954} INFO - Setting next_dagrun for example_xcom_args to None, run_after=None
[2026-03-19T06:19:07.651+0000] {logging_mixin.py:188} INFO - [2026-03-19T06:19:07.651+0000] {dag.py:3954} INFO - Setting next_dagrun for example_xcom_args_with_operators to None, run_after=None
[2026-03-19T06:19:07.668+0000] {processor.py:183} INFO - Processing /home/airflow/.local/lib/python3.12/site-packages/airflow/example_dags/example_xcomargs.py took 0.067 seconds
[2026-03-19T07:19:36.479+0000] {processor.py:161} INFO - Started process (PID=36674) to work on /home/airflow/.local/lib/python3.12/site-packages/airflow/example_dags/example_xcomargs.py
[2026-03-19T07:19:36.482+0000] {processor.py:830} INFO - Processing file /home/airflow/.local/lib/python3.12/site-packages/airflow/example_dags/example_xcomargs.py for tasks to queue
[2026-03-19T07:19:36.484+0000] {logging_mixin.py:188} INFO - [2026-03-19T07:19:36.483+0000] {dagbag.py:545} INFO - Filling up the DagBag from /home/airflow/.local/lib/python3.12/site-packages/airflow/example_dags/example_xcomargs.py
[2026-03-19T07:19:36.501+0000] {processor.py:840} INFO - DAG(s) 'example_xcom_args_with_operators', 'example_xcom_args' retrieved from /home/airflow/.local/lib/python3.12/site-packages/airflow/example_dags/example_xcomargs.py
[2026-03-19T07:19:36.550+0000] {logging_mixin.py:188} INFO - [2026-03-19T07:19:36.550+0000] {dag.py:3096} INFO - Sync 2 DAGs
[2026-03-19T07:19:36.569+0000] {logging_mixin.py:188} INFO - [2026-03-19T07:19:36.569+0000] {dag.py:3954} INFO - Setting next_dagrun for example_xcom_args to None, run_after=None
[2026-03-19T07:19:36.580+0000] {logging_mixin.py:188} INFO - [2026-03-19T07:19:36.580+0000] {dag.py:3954} INFO - Setting next_dagrun for example_xcom_args_with_operators to None, run_after=None
[2026-03-19T07:19:36.614+0000] {processor.py:183} INFO - Processing /home/airflow/.local/lib/python3.12/site-packages/airflow/example_dags/example_xcomargs.py took 0.144 seconds
[2026-03-19T07:20:06.823+0000] {processor.py:161} INFO - Started process (PID=36742) to work on /home/airflow/.local/lib/python3.12/site-packages/airflow/example_dags/example_xcomargs.py
[2026-03-19T07:20:06.824+0000] {processor.py:830} INFO - Processing file /home/airflow/.local/lib/python3.12/site-packages/airflow/example_dags/example_xcomargs.py for tasks to queue
[2026-03-19T07:20:06.824+0000] {logging_mixin.py:188} INFO - [2026-03-19T07:20:06.824+0000] {dagbag.py:545} INFO - Filling up the DagBag from /home/airflow/.local/lib/python3.12/site-packages/airflow/example_dags/example_xcomargs.py
[2026-03-19T07:20:06.829+0000] {processor.py:840} INFO - DAG(s) 'example_xcom_args_with_operators', 'example_xcom_args' retrieved from /home/airflow/.local/lib/python3.12/site-packages/airflow/example_dags/example_xcomargs.py
[2026-03-19T07:20:06.842+0000] {logging_mixin.py:188} INFO - [2026-03-19T07:20:06.842+0000] {dag.py:3096} INFO - Sync 2 DAGs
[2026-03-19T07:20:06.849+0000] {logging_mixin.py:188} INFO - [2026-03-19T07:20:06.848+0000] {dag.py:3954} INFO - Setting next_dagrun for example_xcom_args to None, run_after=None
[2026-03-19T07:20:06.851+0000] {logging_mixin.py:188} INFO - [2026-03-19T07:20:06.850+0000] {dag.py:3954} INFO - Setting next_dagrun for example_xcom_args_with_operators to None, run_after=None
[2026-03-19T07:20:06.859+0000] {processor.py:183} INFO - Processing /home/airflow/.local/lib/python3.12/site-packages/airflow/example_dags/example_xcomargs.py took 0.039 seconds
[2026-03-19T07:37:30.936+0000] {processor.py:161} INFO - Started process (PID=36800) to work on /home/airflow/.local/lib/python3.12/site-packages/airflow/example_dags/example_xcomargs.py
[2026-03-19T07:37:30.937+0000] {processor.py:830} INFO - Processing file /home/airflow/.local/lib/python3.12/site-packages/airflow/example_dags/example_xcomargs.py for tasks to queue
[2026-03-19T07:37:30.937+0000] {logging_mixin.py:188} INFO - [2026-03-19T07:37:30.937+0000] {dagbag.py:545} INFO - Filling up the DagBag from /home/airflow/.local/lib/python3.12/site-packages/airflow/example_dags/example_xcomargs.py
[2026-03-19T07:37:30.949+0000] {processor.py:840} INFO - DAG(s) 'example_xcom_args_with_operators', 'example_xcom_args' retrieved from /home/airflow/.local/lib/python3.12/site-packages/airflow/example_dags/example_xcomargs.py
[2026-03-19T07:37:30.973+0000] {logging_mixin.py:188} INFO - [2026-03-19T07:37:30.973+0000] {dag.py:3096} INFO - Sync 2 DAGs
[2026-03-19T07:37:30.988+0000] {logging_mixin.py:188} INFO - [2026-03-19T07:37:30.988+0000] {dag.py:3954} INFO - Setting next_dagrun for example_xcom_args to None, run_after=None
[2026-03-19T07:37:30.997+0000] {logging_mixin.py:188} INFO - [2026-03-19T07:37:30.997+0000] {dag.py:3954} INFO - Setting next_dagrun for example_xcom_args_with_operators to None, run_after=None
[2026-03-19T07:37:31.014+0000] {processor.py:183} INFO - Processing /home/airflow/.local/lib/python3.12/site-packages/airflow/example_dags/example_xcomargs.py took 0.085 seconds
[2026-03-19T07:38:05.398+0000] {processor.py:161} INFO - Started process (PID=36867) to work on /home/airflow/.local/lib/python3.12/site-packages/airflow/example_dags/example_xcomargs.py
[2026-03-19T07:38:05.399+0000] {processor.py:830} INFO - Processing file /home/airflow/.local/lib/python3.12/site-packages/airflow/example_dags/example_xcomargs.py for tasks to queue
[2026-03-19T07:38:05.400+0000] {logging_mixin.py:188} INFO - [2026-03-19T07:38:05.400+0000] {dagbag.py:545} INFO - Filling up the DagBag from /home/airflow/.local/lib/python3.12/site-packages/airflow/example_dags/example_xcomargs.py
[2026-03-19T07:38:05.412+0000] {processor.py:840} INFO - DAG(s) 'example_xcom_args', 'example_xcom_args_with_operators' retrieved from /home/airflow/.local/lib/python3.12/site-packages/airflow/example_dags/example_xcomargs.py
[2026-03-19T07:38:05.458+0000] {logging_mixin.py:188} INFO - [2026-03-19T07:38:05.458+0000] {dag.py:3096} INFO - Sync 2 DAGs
[2026-03-19T07:38:05.478+0000] {logging_mixin.py:188} INFO - [2026-03-19T07:38:05.478+0000] {dag.py:3954} INFO - Setting next_dagrun for example_xcom_args to None, run_after=None
[2026-03-19T07:38:05.482+0000] {logging_mixin.py:188} INFO - [2026-03-19T07:38:05.482+0000] {dag.py:3954} INFO - Setting next_dagrun for example_xcom_args_with_operators to None, run_after=None
[2026-03-19T07:38:05.499+0000] {processor.py:183} INFO - Processing /home/airflow/.local/lib/python3.12/site-packages/airflow/example_dags/example_xcomargs.py took 0.108 seconds
[2026-03-19T07:48:56.871+0000] {processor.py:161} INFO - Started process (PID=36926) to work on /home/airflow/.local/lib/python3.12/site-packages/airflow/example_dags/example_xcomargs.py
[2026-03-19T07:48:56.872+0000] {processor.py:830} INFO - Processing file /home/airflow/.local/lib/python3.12/site-packages/airflow/example_dags/example_xcomargs.py for tasks to queue
[2026-03-19T07:48:56.872+0000] {logging_mixin.py:188} INFO - [2026-03-19T07:48:56.872+0000] {dagbag.py:545} INFO - Filling up the DagBag from /home/airflow/.local/lib/python3.12/site-packages/airflow/example_dags/example_xcomargs.py
[2026-03-19T07:48:56.879+0000] {processor.py:840} INFO - DAG(s) 'example_xcom_args', 'example_xcom_args_with_operators' retrieved from /home/airflow/.local/lib/python3.12/site-packages/airflow/example_dags/example_xcomargs.py
[2026-03-19T07:48:56.902+0000] {logging_mixin.py:188} INFO - [2026-03-19T07:48:56.901+0000] {dag.py:3096} INFO - Sync 2 DAGs
[2026-03-19T07:48:56.913+0000] {logging_mixin.py:188} INFO - [2026-03-19T07:48:56.913+0000] {dag.py:3954} INFO - Setting next_dagrun for example_xcom_args to None, run_after=None
[2026-03-19T07:48:56.916+0000] {logging_mixin.py:188} INFO - [2026-03-19T07:48:56.916+0000] {dag.py:3954} INFO - Setting next_dagrun for example_xcom_args_with_operators to None, run_after=None
[2026-03-19T07:48:56.942+0000] {processor.py:183} INFO - Processing /home/airflow/.local/lib/python3.12/site-packages/airflow/example_dags/example_xcomargs.py took 0.077 seconds
[2026-03-19T07:49:28.988+0000] {processor.py:161} INFO - Started process (PID=36985) to work on /home/airflow/.local/lib/python3.12/site-packages/airflow/example_dags/example_xcomargs.py
[2026-03-19T07:49:28.991+0000] {processor.py:830} INFO - Processing file /home/airflow/.local/lib/python3.12/site-packages/airflow/example_dags/example_xcomargs.py for tasks to queue
[2026-03-19T07:49:28.993+0000] {logging_mixin.py:188} INFO - [2026-03-19T07:49:28.993+0000] {dagbag.py:545} INFO - Filling up the DagBag from /home/airflow/.local/lib/python3.12/site-packages/airflow/example_dags/example_xcomargs.py
[2026-03-19T07:49:28.998+0000] {processor.py:840} INFO - DAG(s) 'example_xcom_args', 'example_xcom_args_with_operators' retrieved from /home/airflow/.local/lib/python3.12/site-packages/airflow/example_dags/example_xcomargs.py
[2026-03-19T07:49:29.013+0000] {logging_mixin.py:188} INFO - [2026-03-19T07:49:29.013+0000] {dag.py:3096} INFO - Sync 2 DAGs
[2026-03-19T07:49:29.021+0000] {logging_mixin.py:188} INFO - [2026-03-19T07:49:29.021+0000] {dag.py:3954} INFO - Setting next_dagrun for example_xcom_args to None, run_after=None
[2026-03-19T07:49:29.024+0000] {logging_mixin.py:188} INFO - [2026-03-19T07:49:29.024+0000] {dag.py:3954} INFO - Setting next_dagrun for example_xcom_args_with_operators to None, run_after=None
[2026-03-19T07:49:29.035+0000] {processor.py:183} INFO - Processing /home/airflow/.local/lib/python3.12/site-packages/airflow/example_dags/example_xcomargs.py took 0.051 seconds
[2026-03-19T07:50:00.943+0000] {processor.py:161} INFO - Started process (PID=37044) to work on /home/airflow/.local/lib/python3.12/site-packages/airflow/example_dags/example_xcomargs.py
[2026-03-19T07:50:00.944+0000] {processor.py:830} INFO - Processing file /home/airflow/.local/lib/python3.12/site-packages/airflow/example_dags/example_xcomargs.py for tasks to queue
[2026-03-19T07:50:00.945+0000] {logging_mixin.py:188} INFO - [2026-03-19T07:50:00.945+0000] {dagbag.py:545} INFO - Filling up the DagBag from /home/airflow/.local/lib/python3.12/site-packages/airflow/example_dags/example_xcomargs.py
[2026-03-19T07:50:00.952+0000] {processor.py:840} INFO - DAG(s) 'example_xcom_args_with_operators', 'example_xcom_args' retrieved from /home/airflow/.local/lib/python3.12/site-packages/airflow/example_dags/example_xcomargs.py
[2026-03-19T07:50:00.982+0000] {logging_mixin.py:188} INFO - [2026-03-19T07:50:00.982+0000] {dag.py:3096} INFO - Sync 2 DAGs
[2026-03-19T07:50:00.991+0000] {logging_mixin.py:188} INFO - [2026-03-19T07:50:00.991+0000] {dag.py:3954} INFO - Setting next_dagrun for example_xcom_args to None, run_after=None
[2026-03-19T07:50:00.996+0000] {logging_mixin.py:188} INFO - [2026-03-19T07:50:00.996+0000] {dag.py:3954} INFO - Setting next_dagrun for example_xcom_args_with_operators to None, run_after=None
[2026-03-19T07:50:01.014+0000] {processor.py:183} INFO - Processing /home/airflow/.local/lib/python3.12/site-packages/airflow/example_dags/example_xcomargs.py took 0.075 seconds
[2026-03-19T07:50:31.656+0000] {processor.py:161} INFO - Started process (PID=37103) to work on /home/airflow/.local/lib/python3.12/site-packages/airflow/example_dags/example_xcomargs.py
[2026-03-19T07:50:31.661+0000] {processor.py:830} INFO - Processing file /home/airflow/.local/lib/python3.12/site-packages/airflow/example_dags/example_xcomargs.py for tasks to queue
[2026-03-19T07:50:31.664+0000] {logging_mixin.py:188} INFO - [2026-03-19T07:50:31.664+0000] {dagbag.py:545} INFO - Filling up the DagBag from /home/airflow/.local/lib/python3.12/site-packages/airflow/example_dags/example_xcomargs.py
[2026-03-19T07:50:31.670+0000] {processor.py:840} INFO - DAG(s) 'example_xcom_args', 'example_xcom_args_with_operators' retrieved from /home/airflow/.local/lib/python3.12/site-packages/airflow/example_dags/example_xcomargs.py
[2026-03-19T07:50:31.696+0000] {logging_mixin.py:188} INFO - [2026-03-19T07:50:31.696+0000] {dag.py:3096} INFO - Sync 2 DAGs
[2026-03-19T07:50:31.713+0000] {logging_mixin.py:188} INFO - [2026-03-19T07:50:31.713+0000] {dag.py:3954} INFO - Setting next_dagrun for example_xcom_args to None, run_after=None
[2026-03-19T07:50:31.716+0000] {logging_mixin.py:188} INFO - [2026-03-19T07:50:31.716+0000] {dag.py:3954} INFO - Setting next_dagrun for example_xcom_args_with_operators to None, run_after=None
[2026-03-19T07:50:31.727+0000] {processor.py:183} INFO - Processing /home/airflow/.local/lib/python3.12/site-packages/airflow/example_dags/example_xcomargs.py took 0.074 seconds
[2026-03-19T07:51:02.650+0000] {processor.py:161} INFO - Started process (PID=37162) to work on /home/airflow/.local/lib/python3.12/site-packages/airflow/example_dags/example_xcomargs.py
[2026-03-19T07:51:02.651+0000] {processor.py:830} INFO - Processing file /home/airflow/.local/lib/python3.12/site-packages/airflow/example_dags/example_xcomargs.py for tasks to queue
[2026-03-19T07:51:02.651+0000] {logging_mixin.py:188} INFO - [2026-03-19T07:51:02.651+0000] {dagbag.py:545} INFO - Filling up the DagBag from /home/airflow/.local/lib/python3.12/site-packages/airflow/example_dags/example_xcomargs.py
[2026-03-19T07:51:02.661+0000] {processor.py:840} INFO - DAG(s) 'example_xcom_args_with_operators', 'example_xcom_args' retrieved from /home/airflow/.local/lib/python3.12/site-packages/airflow/example_dags/example_xcomargs.py
[2026-03-19T07:51:02.679+0000] {logging_mixin.py:188} INFO - [2026-03-19T07:51:02.679+0000] {dag.py:3096} INFO - Sync 2 DAGs
[2026-03-19T07:51:02.697+0000] {logging_mixin.py:188} INFO - [2026-03-19T07:51:02.697+0000] {dag.py:3954} INFO - Setting next_dagrun for example_xcom_args to None, run_after=None
[2026-03-19T07:51:02.701+0000] {logging_mixin.py:188} INFO - [2026-03-19T07:51:02.701+0000] {dag.py:3954} INFO - Setting next_dagrun for example_xcom_args_with_operators to None, run_after=None
[2026-03-19T07:51:02.719+0000] {processor.py:183} INFO - Processing /home/airflow/.local/lib/python3.12/site-packages/airflow/example_dags/example_xcomargs.py took 0.074 seconds
[2026-03-19T07:51:34.577+0000] {processor.py:161} INFO - Started process (PID=37221) to work on /home/airflow/.local/lib/python3.12/site-packages/airflow/example_dags/example_xcomargs.py
[2026-03-19T07:51:34.578+0000] {processor.py:830} INFO - Processing file /home/airflow/.local/lib/python3.12/site-packages/airflow/example_dags/example_xcomargs.py for tasks to queue
[2026-03-19T07:51:34.579+0000] {logging_mixin.py:188} INFO - [2026-03-19T07:51:34.578+0000] {dagbag.py:545} INFO - Filling up the DagBag from /home/airflow/.local/lib/python3.12/site-packages/airflow/example_dags/example_xcomargs.py
[2026-03-19T07:51:34.596+0000] {processor.py:840} INFO - DAG(s) 'example_xcom_args_with_operators', 'example_xcom_args' retrieved from /home/airflow/.local/lib/python3.12/site-packages/airflow/example_dags/example_xcomargs.py
[2026-03-19T07:51:34.627+0000] {logging_mixin.py:188} INFO - [2026-03-19T07:51:34.627+0000] {dag.py:3096} INFO - Sync 2 DAGs
[2026-03-19T07:51:34.644+0000] {logging_mixin.py:188} INFO - [2026-03-19T07:51:34.642+0000] {dag.py:3954} INFO - Setting next_dagrun for example_xcom_args to None, run_after=None
[2026-03-19T07:51:34.650+0000] {logging_mixin.py:188} INFO - [2026-03-19T07:51:34.649+0000] {dag.py:3954} INFO - Setting next_dagrun for example_xcom_args_with_operators to None, run_after=None
[2026-03-19T07:51:34.674+0000] {processor.py:183} INFO - Processing /home/airflow/.local/lib/python3.12/site-packages/airflow/example_dags/example_xcomargs.py took 0.104 seconds
[2026-03-19T07:52:05.041+0000] {processor.py:161} INFO - Started process (PID=37280) to work on /home/airflow/.local/lib/python3.12/site-packages/airflow/example_dags/example_xcomargs.py
[2026-03-19T07:52:05.044+0000] {processor.py:830} INFO - Processing file /home/airflow/.local/lib/python3.12/site-packages/airflow/example_dags/example_xcomargs.py for tasks to queue
[2026-03-19T07:52:05.044+0000] {logging_mixin.py:188} INFO - [2026-03-19T07:52:05.044+0000] {dagbag.py:545} INFO - Filling up the DagBag from /home/airflow/.local/lib/python3.12/site-packages/airflow/example_dags/example_xcomargs.py
[2026-03-19T07:52:05.049+0000] {processor.py:840} INFO - DAG(s) 'example_xcom_args_with_operators', 'example_xcom_args' retrieved from /home/airflow/.local/lib/python3.12/site-packages/airflow/example_dags/example_xcomargs.py
[2026-03-19T07:52:05.067+0000] {logging_mixin.py:188} INFO - [2026-03-19T07:52:05.067+0000] {dag.py:3096} INFO - Sync 2 DAGs
[2026-03-19T07:52:05.074+0000] {logging_mixin.py:188} INFO - [2026-03-19T07:52:05.074+0000] {dag.py:3954} INFO - Setting next_dagrun for example_xcom_args to None, run_after=None
[2026-03-19T07:52:05.077+0000] {logging_mixin.py:188} INFO - [2026-03-19T07:52:05.076+0000] {dag.py:3954} INFO - Setting next_dagrun for example_xcom_args_with_operators to None, run_after=None
[2026-03-19T07:52:05.090+0000] {processor.py:183} INFO - Processing /home/airflow/.local/lib/python3.12/site-packages/airflow/example_dags/example_xcomargs.py took 0.053 seconds
[2026-03-19T07:52:35.974+0000] {processor.py:161} INFO - Started process (PID=37339) to work on /home/airflow/.local/lib/python3.12/site-packages/airflow/example_dags/example_xcomargs.py
[2026-03-19T07:52:35.975+0000] {processor.py:830} INFO - Processing file /home/airflow/.local/lib/python3.12/site-packages/airflow/example_dags/example_xcomargs.py for tasks to queue
[2026-03-19T07:52:35.978+0000] {logging_mixin.py:188} INFO - [2026-03-19T07:52:35.978+0000] {dagbag.py:545} INFO - Filling up the DagBag from /home/airflow/.local/lib/python3.12/site-packages/airflow/example_dags/example_xcomargs.py
[2026-03-19T07:52:35.983+0000] {processor.py:840} INFO - DAG(s) 'example_xcom_args', 'example_xcom_args_with_operators' retrieved from /home/airflow/.local/lib/python3.12/site-packages/airflow/example_dags/example_xcomargs.py
[2026-03-19T07:52:35.995+0000] {logging_mixin.py:188} INFO - [2026-03-19T07:52:35.995+0000] {dag.py:3096} INFO - Sync 2 DAGs
[2026-03-19T07:52:36.005+0000] {logging_mixin.py:188} INFO - [2026-03-19T07:52:36.005+0000] {dag.py:3954} INFO - Setting next_dagrun for example_xcom_args to None, run_after=None
[2026-03-19T07:52:36.007+0000] {logging_mixin.py:188} INFO - [2026-03-19T07:52:36.007+0000] {dag.py:3954} INFO - Setting next_dagrun for example_xcom_args_with_operators to None, run_after=None
[2026-03-19T07:52:36.019+0000] {processor.py:183} INFO - Processing /home/airflow/.local/lib/python3.12/site-packages/airflow/example_dags/example_xcomargs.py took 0.048 seconds
[2026-03-19T07:53:06.663+0000] {processor.py:161} INFO - Started process (PID=37398) to work on /home/airflow/.local/lib/python3.12/site-packages/airflow/example_dags/example_xcomargs.py
[2026-03-19T07:53:06.664+0000] {processor.py:830} INFO - Processing file /home/airflow/.local/lib/python3.12/site-packages/airflow/example_dags/example_xcomargs.py for tasks to queue
[2026-03-19T07:53:06.664+0000] {logging_mixin.py:188} INFO - [2026-03-19T07:53:06.664+0000] {dagbag.py:545} INFO - Filling up the DagBag from /home/airflow/.local/lib/python3.12/site-packages/airflow/example_dags/example_xcomargs.py
[2026-03-19T07:53:06.670+0000] {processor.py:840} INFO - DAG(s) 'example_xcom_args', 'example_xcom_args_with_operators' retrieved from /home/airflow/.local/lib/python3.12/site-packages/airflow/example_dags/example_xcomargs.py
[2026-03-19T07:53:06.683+0000] {logging_mixin.py:188} INFO - [2026-03-19T07:53:06.682+0000] {dag.py:3096} INFO - Sync 2 DAGs
[2026-03-19T07:53:06.689+0000] {logging_mixin.py:188} INFO - [2026-03-19T07:53:06.689+0000] {dag.py:3954} INFO - Setting next_dagrun for example_xcom_args to None, run_after=None
[2026-03-19T07:53:06.691+0000] {logging_mixin.py:188} INFO - [2026-03-19T07:53:06.691+0000] {dag.py:3954} INFO - Setting next_dagrun for example_xcom_args_with_operators to None, run_after=None
[2026-03-19T07:53:06.700+0000] {processor.py:183} INFO - Processing /home/airflow/.local/lib/python3.12/site-packages/airflow/example_dags/example_xcomargs.py took 0.042 seconds
[2026-03-19T07:53:37.110+0000] {processor.py:161} INFO - Started process (PID=37457) to work on /home/airflow/.local/lib/python3.12/site-packages/airflow/example_dags/example_xcomargs.py
[2026-03-19T07:53:37.111+0000] {processor.py:830} INFO - Processing file /home/airflow/.local/lib/python3.12/site-packages/airflow/example_dags/example_xcomargs.py for tasks to queue
[2026-03-19T07:53:37.111+0000] {logging_mixin.py:188} INFO - [2026-03-19T07:53:37.111+0000] {dagbag.py:545} INFO - Filling up the DagBag from /home/airflow/.local/lib/python3.12/site-packages/airflow/example_dags/example_xcomargs.py
[2026-03-19T07:53:37.121+0000] {processor.py:840} INFO - DAG(s) 'example_xcom_args', 'example_xcom_args_with_operators' retrieved from /home/airflow/.local/lib/python3.12/site-packages/airflow/example_dags/example_xcomargs.py
[2026-03-19T07:53:37.143+0000] {logging_mixin.py:188} INFO - [2026-03-19T07:53:37.143+0000] {dag.py:3096} INFO - Sync 2 DAGs
[2026-03-19T07:53:37.154+0000] {logging_mixin.py:188} INFO - [2026-03-19T07:53:37.154+0000] {dag.py:3954} INFO - Setting next_dagrun for example_xcom_args to None, run_after=None
[2026-03-19T07:53:37.157+0000] {logging_mixin.py:188} INFO - [2026-03-19T07:53:37.157+0000] {dag.py:3954} INFO - Setting next_dagrun for example_xcom_args_with_operators to None, run_after=None
[2026-03-19T07:53:37.172+0000] {processor.py:183} INFO - Processing /home/airflow/.local/lib/python3.12/site-packages/airflow/example_dags/example_xcomargs.py took 0.066 seconds
[2026-03-19T07:54:07.484+0000] {processor.py:161} INFO - Started process (PID=37516) to work on /home/airflow/.local/lib/python3.12/site-packages/airflow/example_dags/example_xcomargs.py
[2026-03-19T07:54:07.485+0000] {processor.py:830} INFO - Processing file /home/airflow/.local/lib/python3.12/site-packages/airflow/example_dags/example_xcomargs.py for tasks to queue
[2026-03-19T07:54:07.486+0000] {logging_mixin.py:188} INFO - [2026-03-19T07:54:07.485+0000] {dagbag.py:545} INFO - Filling up the DagBag from /home/airflow/.local/lib/python3.12/site-packages/airflow/example_dags/example_xcomargs.py
[2026-03-19T07:54:07.492+0000] {processor.py:840} INFO - DAG(s) 'example_xcom_args', 'example_xcom_args_with_operators' retrieved from /home/airflow/.local/lib/python3.12/site-packages/airflow/example_dags/example_xcomargs.py
[2026-03-19T07:54:07.506+0000] {logging_mixin.py:188} INFO - [2026-03-19T07:54:07.506+0000] {dag.py:3096} INFO - Sync 2 DAGs
[2026-03-19T07:54:07.512+0000] {logging_mixin.py:188} INFO - [2026-03-19T07:54:07.512+0000] {dag.py:3954} INFO - Setting next_dagrun for example_xcom_args to None, run_after=None
[2026-03-19T07:54:07.514+0000] {logging_mixin.py:188} INFO - [2026-03-19T07:54:07.514+0000] {dag.py:3954} INFO - Setting next_dagrun for example_xcom_args_with_operators to None, run_after=None
[2026-03-19T07:54:07.522+0000] {processor.py:183} INFO - Processing /home/airflow/.local/lib/python3.12/site-packages/airflow/example_dags/example_xcomargs.py took 0.041 seconds
[2026-03-19T07:54:37.829+0000] {processor.py:161} INFO - Started process (PID=37575) to work on /home/airflow/.local/lib/python3.12/site-packages/airflow/example_dags/example_xcomargs.py
[2026-03-19T07:54:37.830+0000] {processor.py:830} INFO - Processing file /home/airflow/.local/lib/python3.12/site-packages/airflow/example_dags/example_xcomargs.py for tasks to queue
[2026-03-19T07:54:37.831+0000] {logging_mixin.py:188} INFO - [2026-03-19T07:54:37.831+0000] {dagbag.py:545} INFO - Filling up the DagBag from /home/airflow/.local/lib/python3.12/site-packages/airflow/example_dags/example_xcomargs.py
[2026-03-19T07:54:37.836+0000] {processor.py:840} INFO - DAG(s) 'example_xcom_args', 'example_xcom_args_with_operators' retrieved from /home/airflow/.local/lib/python3.12/site-packages/airflow/example_dags/example_xcomargs.py
[2026-03-19T07:54:37.851+0000] {logging_mixin.py:188} INFO - [2026-03-19T07:54:37.851+0000] {dag.py:3096} INFO - Sync 2 DAGs
[2026-03-19T07:54:37.863+0000] {logging_mixin.py:188} INFO - [2026-03-19T07:54:37.863+0000] {dag.py:3954} INFO - Setting next_dagrun for example_xcom_args to None, run_after=None
[2026-03-19T07:54:37.865+0000] {logging_mixin.py:188} INFO - [2026-03-19T07:54:37.865+0000] {dag.py:3954} INFO - Setting next_dagrun for example_xcom_args_with_operators to None, run_after=None
[2026-03-19T07:54:37.879+0000] {processor.py:183} INFO - Processing /home/airflow/.local/lib/python3.12/site-packages/airflow/example_dags/example_xcomargs.py took 0.054 seconds
[2026-03-19T07:55:08.182+0000] {processor.py:161} INFO - Started process (PID=37634) to work on /home/airflow/.local/lib/python3.12/site-packages/airflow/example_dags/example_xcomargs.py
[2026-03-19T07:55:08.183+0000] {processor.py:830} INFO - Processing file /home/airflow/.local/lib/python3.12/site-packages/airflow/example_dags/example_xcomargs.py for tasks to queue
[2026-03-19T07:55:08.184+0000] {logging_mixin.py:188} INFO - [2026-03-19T07:55:08.183+0000] {dagbag.py:545} INFO - Filling up the DagBag from /home/airflow/.local/lib/python3.12/site-packages/airflow/example_dags/example_xcomargs.py
[2026-03-19T07:55:08.189+0000] {processor.py:840} INFO - DAG(s) 'example_xcom_args_with_operators', 'example_xcom_args' retrieved from /home/airflow/.local/lib/python3.12/site-packages/airflow/example_dags/example_xcomargs.py
[2026-03-19T07:55:08.205+0000] {logging_mixin.py:188} INFO - [2026-03-19T07:55:08.205+0000] {dag.py:3096} INFO - Sync 2 DAGs
[2026-03-19T07:55:08.212+0000] {logging_mixin.py:188} INFO - [2026-03-19T07:55:08.212+0000] {dag.py:3954} INFO - Setting next_dagrun for example_xcom_args to None, run_after=None
[2026-03-19T07:55:08.215+0000] {logging_mixin.py:188} INFO - [2026-03-19T07:55:08.215+0000] {dag.py:3954} INFO - Setting next_dagrun for example_xcom_args_with_operators to None, run_after=None
[2026-03-19T07:55:08.232+0000] {processor.py:183} INFO - Processing /home/airflow/.local/lib/python3.12/site-packages/airflow/example_dags/example_xcomargs.py took 0.056 seconds
[2026-03-19T07:55:38.959+0000] {processor.py:161} INFO - Started process (PID=37693) to work on /home/airflow/.local/lib/python3.12/site-packages/airflow/example_dags/example_xcomargs.py
[2026-03-19T07:55:38.961+0000] {processor.py:830} INFO - Processing file /home/airflow/.local/lib/python3.12/site-packages/airflow/example_dags/example_xcomargs.py for tasks to queue
[2026-03-19T07:55:38.963+0000] {logging_mixin.py:188} INFO - [2026-03-19T07:55:38.963+0000] {dagbag.py:545} INFO - Filling up the DagBag from /home/airflow/.local/lib/python3.12/site-packages/airflow/example_dags/example_xcomargs.py
[2026-03-19T07:55:38.971+0000] {processor.py:840} INFO - DAG(s) 'example_xcom_args', 'example_xcom_args_with_operators' retrieved from /home/airflow/.local/lib/python3.12/site-packages/airflow/example_dags/example_xcomargs.py
[2026-03-19T07:55:38.986+0000] {logging_mixin.py:188} INFO - [2026-03-19T07:55:38.986+0000] {dag.py:3096} INFO - Sync 2 DAGs
[2026-03-19T07:55:38.994+0000] {logging_mixin.py:188} INFO - [2026-03-19T07:55:38.994+0000] {dag.py:3954} INFO - Setting next_dagrun for example_xcom_args to None, run_after=None
[2026-03-19T07:55:38.996+0000] {logging_mixin.py:188} INFO - [2026-03-19T07:55:38.996+0000] {dag.py:3954} INFO - Setting next_dagrun for example_xcom_args_with_operators to None, run_after=None
[2026-03-19T07:55:39.005+0000] {processor.py:183} INFO - Processing /home/airflow/.local/lib/python3.12/site-packages/airflow/example_dags/example_xcomargs.py took 0.050 seconds
[2026-03-19T07:56:09.741+0000] {processor.py:161} INFO - Started process (PID=37752) to work on /home/airflow/.local/lib/python3.12/site-packages/airflow/example_dags/example_xcomargs.py
[2026-03-19T07:56:09.742+0000] {processor.py:830} INFO - Processing file /home/airflow/.local/lib/python3.12/site-packages/airflow/example_dags/example_xcomargs.py for tasks to queue
[2026-03-19T07:56:09.743+0000] {logging_mixin.py:188} INFO - [2026-03-19T07:56:09.743+0000] {dagbag.py:545} INFO - Filling up the DagBag from /home/airflow/.local/lib/python3.12/site-packages/airflow/example_dags/example_xcomargs.py
[2026-03-19T07:56:09.750+0000] {processor.py:840} INFO - DAG(s) 'example_xcom_args', 'example_xcom_args_with_operators' retrieved from /home/airflow/.local/lib/python3.12/site-packages/airflow/example_dags/example_xcomargs.py
[2026-03-19T07:56:09.778+0000] {logging_mixin.py:188} INFO - [2026-03-19T07:56:09.778+0000] {dag.py:3096} INFO - Sync 2 DAGs
[2026-03-19T07:56:09.790+0000] {logging_mixin.py:188} INFO - [2026-03-19T07:56:09.790+0000] {dag.py:3954} INFO - Setting next_dagrun for example_xcom_args to None, run_after=None
[2026-03-19T07:56:09.795+0000] {logging_mixin.py:188} INFO - [2026-03-19T07:56:09.794+0000] {dag.py:3954} INFO - Setting next_dagrun for example_xcom_args_with_operators to None, run_after=None
[2026-03-19T07:56:09.811+0000] {processor.py:183} INFO - Processing /home/airflow/.local/lib/python3.12/site-packages/airflow/example_dags/example_xcomargs.py took 0.076 seconds
