[2026-03-19T00:12:43.516+0000] {processor.py:161} INFO - Started process (PID=35672) to work on /home/airflow/.local/lib/python3.12/site-packages/airflow/example_dags/example_latest_only_with_trigger.py
[2026-03-19T00:12:43.517+0000] {processor.py:830} INFO - Processing file /home/airflow/.local/lib/python3.12/site-packages/airflow/example_dags/example_latest_only_with_trigger.py for tasks to queue
[2026-03-19T00:12:43.518+0000] {logging_mixin.py:188} INFO - [2026-03-19T00:12:43.517+0000] {dagbag.py:545} INFO - Filling up the DagBag from /home/airflow/.local/lib/python3.12/site-packages/airflow/example_dags/example_latest_only_with_trigger.py
[2026-03-19T00:12:43.521+0000] {processor.py:840} INFO - DAG(s) 'latest_only_with_trigger' retrieved from /home/airflow/.local/lib/python3.12/site-packages/airflow/example_dags/example_latest_only_with_trigger.py
[2026-03-19T00:12:43.534+0000] {logging_mixin.py:188} INFO - [2026-03-19T00:12:43.534+0000] {dag.py:3096} INFO - Sync 1 DAGs
[2026-03-19T00:12:43.547+0000] {logging_mixin.py:188} INFO - [2026-03-19T00:12:43.547+0000] {dag.py:3954} INFO - Setting next_dagrun for latest_only_with_trigger to 2026-03-18 20:00:00+00:00, run_after=2026-03-19 00:00:00+00:00
[2026-03-19T00:12:43.560+0000] {processor.py:183} INFO - Processing /home/airflow/.local/lib/python3.12/site-packages/airflow/example_dags/example_latest_only_with_trigger.py took 0.047 seconds
[2026-03-19T00:46:42.449+0000] {processor.py:161} INFO - Started process (PID=35731) to work on /home/airflow/.local/lib/python3.12/site-packages/airflow/example_dags/example_latest_only_with_trigger.py
[2026-03-19T00:46:42.452+0000] {processor.py:830} INFO - Processing file /home/airflow/.local/lib/python3.12/site-packages/airflow/example_dags/example_latest_only_with_trigger.py for tasks to queue
[2026-03-19T00:46:42.460+0000] {logging_mixin.py:188} INFO - [2026-03-19T00:46:42.459+0000] {dagbag.py:545} INFO - Filling up the DagBag from /home/airflow/.local/lib/python3.12/site-packages/airflow/example_dags/example_latest_only_with_trigger.py
[2026-03-19T00:46:42.501+0000] {processor.py:840} INFO - DAG(s) 'latest_only_with_trigger' retrieved from /home/airflow/.local/lib/python3.12/site-packages/airflow/example_dags/example_latest_only_with_trigger.py
[2026-03-19T00:46:42.576+0000] {logging_mixin.py:188} INFO - [2026-03-19T00:46:42.574+0000] {dag.py:3096} INFO - Sync 1 DAGs
[2026-03-19T00:46:42.655+0000] {logging_mixin.py:188} INFO - [2026-03-19T00:46:42.652+0000] {dag.py:3954} INFO - Setting next_dagrun for latest_only_with_trigger to 2026-03-18 20:00:00+00:00, run_after=2026-03-19 00:00:00+00:00
[2026-03-19T00:46:42.846+0000] {processor.py:183} INFO - Processing /home/airflow/.local/lib/python3.12/site-packages/airflow/example_dags/example_latest_only_with_trigger.py took 0.406 seconds
[2026-03-19T01:13:41.349+0000] {processor.py:161} INFO - Started process (PID=35798) to work on /home/airflow/.local/lib/python3.12/site-packages/airflow/example_dags/example_latest_only_with_trigger.py
[2026-03-19T01:13:41.352+0000] {processor.py:830} INFO - Processing file /home/airflow/.local/lib/python3.12/site-packages/airflow/example_dags/example_latest_only_with_trigger.py for tasks to queue
[2026-03-19T01:13:41.357+0000] {logging_mixin.py:188} INFO - [2026-03-19T01:13:41.356+0000] {dagbag.py:545} INFO - Filling up the DagBag from /home/airflow/.local/lib/python3.12/site-packages/airflow/example_dags/example_latest_only_with_trigger.py
[2026-03-19T01:13:41.365+0000] {processor.py:840} INFO - DAG(s) 'latest_only_with_trigger' retrieved from /home/airflow/.local/lib/python3.12/site-packages/airflow/example_dags/example_latest_only_with_trigger.py
[2026-03-19T01:13:41.400+0000] {logging_mixin.py:188} INFO - [2026-03-19T01:13:41.400+0000] {dag.py:3096} INFO - Sync 1 DAGs
[2026-03-19T01:13:41.427+0000] {logging_mixin.py:188} INFO - [2026-03-19T01:13:41.427+0000] {dag.py:3954} INFO - Setting next_dagrun for latest_only_with_trigger to 2026-03-18 20:00:00+00:00, run_after=2026-03-19 00:00:00+00:00
[2026-03-19T01:13:41.804+0000] {processor.py:183} INFO - Processing /home/airflow/.local/lib/python3.12/site-packages/airflow/example_dags/example_latest_only_with_trigger.py took 0.463 seconds
[2026-03-19T01:30:56.285+0000] {processor.py:161} INFO - Started process (PID=35865) to work on /home/airflow/.local/lib/python3.12/site-packages/airflow/example_dags/example_latest_only_with_trigger.py
[2026-03-19T01:30:56.287+0000] {processor.py:830} INFO - Processing file /home/airflow/.local/lib/python3.12/site-packages/airflow/example_dags/example_latest_only_with_trigger.py for tasks to queue
[2026-03-19T01:30:56.301+0000] {logging_mixin.py:188} INFO - [2026-03-19T01:30:56.296+0000] {dagbag.py:545} INFO - Filling up the DagBag from /home/airflow/.local/lib/python3.12/site-packages/airflow/example_dags/example_latest_only_with_trigger.py
[2026-03-19T01:30:56.316+0000] {processor.py:840} INFO - DAG(s) 'latest_only_with_trigger' retrieved from /home/airflow/.local/lib/python3.12/site-packages/airflow/example_dags/example_latest_only_with_trigger.py
[2026-03-19T01:30:56.363+0000] {logging_mixin.py:188} INFO - [2026-03-19T01:30:56.362+0000] {dag.py:3096} INFO - Sync 1 DAGs
[2026-03-19T01:30:56.395+0000] {logging_mixin.py:188} INFO - [2026-03-19T01:30:56.395+0000] {dag.py:3954} INFO - Setting next_dagrun for latest_only_with_trigger to 2026-03-18 20:00:00+00:00, run_after=2026-03-19 00:00:00+00:00
[2026-03-19T01:30:56.432+0000] {processor.py:183} INFO - Processing /home/airflow/.local/lib/python3.12/site-packages/airflow/example_dags/example_latest_only_with_trigger.py took 0.156 seconds
[2026-03-19T02:15:00.885+0000] {processor.py:161} INFO - Started process (PID=35929) to work on /home/airflow/.local/lib/python3.12/site-packages/airflow/example_dags/example_latest_only_with_trigger.py
[2026-03-19T02:15:00.893+0000] {processor.py:830} INFO - Processing file /home/airflow/.local/lib/python3.12/site-packages/airflow/example_dags/example_latest_only_with_trigger.py for tasks to queue
[2026-03-19T02:15:00.903+0000] {logging_mixin.py:188} INFO - [2026-03-19T02:15:00.898+0000] {dagbag.py:545} INFO - Filling up the DagBag from /home/airflow/.local/lib/python3.12/site-packages/airflow/example_dags/example_latest_only_with_trigger.py
[2026-03-19T02:15:01.042+0000] {processor.py:840} INFO - DAG(s) 'latest_only_with_trigger' retrieved from /home/airflow/.local/lib/python3.12/site-packages/airflow/example_dags/example_latest_only_with_trigger.py
[2026-03-19T02:15:01.531+0000] {logging_mixin.py:188} INFO - [2026-03-19T02:15:01.525+0000] {dag.py:3096} INFO - Sync 1 DAGs
[2026-03-19T02:15:01.747+0000] {logging_mixin.py:188} INFO - [2026-03-19T02:15:01.746+0000] {dag.py:3954} INFO - Setting next_dagrun for latest_only_with_trigger to 2026-03-18 20:00:00+00:00, run_after=2026-03-19 00:00:00+00:00
[2026-03-19T02:15:02.033+0000] {processor.py:183} INFO - Processing /home/airflow/.local/lib/python3.12/site-packages/airflow/example_dags/example_latest_only_with_trigger.py took 1.225 seconds
[2026-03-19T02:15:32.591+0000] {processor.py:161} INFO - Started process (PID=35996) to work on /home/airflow/.local/lib/python3.12/site-packages/airflow/example_dags/example_latest_only_with_trigger.py
[2026-03-19T02:15:32.594+0000] {processor.py:830} INFO - Processing file /home/airflow/.local/lib/python3.12/site-packages/airflow/example_dags/example_latest_only_with_trigger.py for tasks to queue
[2026-03-19T02:15:32.598+0000] {logging_mixin.py:188} INFO - [2026-03-19T02:15:32.596+0000] {dagbag.py:545} INFO - Filling up the DagBag from /home/airflow/.local/lib/python3.12/site-packages/airflow/example_dags/example_latest_only_with_trigger.py
[2026-03-19T02:15:32.618+0000] {processor.py:840} INFO - DAG(s) 'latest_only_with_trigger' retrieved from /home/airflow/.local/lib/python3.12/site-packages/airflow/example_dags/example_latest_only_with_trigger.py
[2026-03-19T02:15:32.679+0000] {logging_mixin.py:188} INFO - [2026-03-19T02:15:32.679+0000] {dag.py:3096} INFO - Sync 1 DAGs
[2026-03-19T02:15:32.778+0000] {logging_mixin.py:188} INFO - [2026-03-19T02:15:32.777+0000] {dag.py:3954} INFO - Setting next_dagrun for latest_only_with_trigger to 2026-03-18 20:00:00+00:00, run_after=2026-03-19 00:00:00+00:00
[2026-03-19T02:15:32.848+0000] {processor.py:183} INFO - Processing /home/airflow/.local/lib/python3.12/site-packages/airflow/example_dags/example_latest_only_with_trigger.py took 0.268 seconds
[2026-03-19T03:06:03.294+0000] {processor.py:161} INFO - Started process (PID=36015) to work on /home/airflow/.local/lib/python3.12/site-packages/airflow/example_dags/example_latest_only_with_trigger.py
[2026-03-19T03:06:03.296+0000] {processor.py:830} INFO - Processing file /home/airflow/.local/lib/python3.12/site-packages/airflow/example_dags/example_latest_only_with_trigger.py for tasks to queue
[2026-03-19T03:06:03.298+0000] {logging_mixin.py:188} INFO - [2026-03-19T03:06:03.298+0000] {dagbag.py:545} INFO - Filling up the DagBag from /home/airflow/.local/lib/python3.12/site-packages/airflow/example_dags/example_latest_only_with_trigger.py
[2026-03-19T03:06:03.314+0000] {processor.py:840} INFO - DAG(s) 'latest_only_with_trigger' retrieved from /home/airflow/.local/lib/python3.12/site-packages/airflow/example_dags/example_latest_only_with_trigger.py
[2026-03-19T03:06:03.365+0000] {logging_mixin.py:188} INFO - [2026-03-19T03:06:03.365+0000] {dag.py:3096} INFO - Sync 1 DAGs
[2026-03-19T03:06:03.417+0000] {logging_mixin.py:188} INFO - [2026-03-19T03:06:03.417+0000] {dag.py:3954} INFO - Setting next_dagrun for latest_only_with_trigger to 2026-03-18 20:00:00+00:00, run_after=2026-03-19 00:00:00+00:00
[2026-03-19T03:06:03.477+0000] {processor.py:183} INFO - Processing /home/airflow/.local/lib/python3.12/site-packages/airflow/example_dags/example_latest_only_with_trigger.py took 0.192 seconds
[2026-03-19T03:06:34.098+0000] {processor.py:161} INFO - Started process (PID=36086) to work on /home/airflow/.local/lib/python3.12/site-packages/airflow/example_dags/example_latest_only_with_trigger.py
[2026-03-19T03:06:34.099+0000] {processor.py:830} INFO - Processing file /home/airflow/.local/lib/python3.12/site-packages/airflow/example_dags/example_latest_only_with_trigger.py for tasks to queue
[2026-03-19T03:06:34.099+0000] {logging_mixin.py:188} INFO - [2026-03-19T03:06:34.099+0000] {dagbag.py:545} INFO - Filling up the DagBag from /home/airflow/.local/lib/python3.12/site-packages/airflow/example_dags/example_latest_only_with_trigger.py
[2026-03-19T03:06:34.103+0000] {processor.py:840} INFO - DAG(s) 'latest_only_with_trigger' retrieved from /home/airflow/.local/lib/python3.12/site-packages/airflow/example_dags/example_latest_only_with_trigger.py
[2026-03-19T03:06:34.124+0000] {logging_mixin.py:188} INFO - [2026-03-19T03:06:34.124+0000] {dag.py:3096} INFO - Sync 1 DAGs
[2026-03-19T03:06:34.136+0000] {logging_mixin.py:188} INFO - [2026-03-19T03:06:34.136+0000] {dag.py:3954} INFO - Setting next_dagrun for latest_only_with_trigger to 2026-03-18 20:00:00+00:00, run_after=2026-03-19 00:00:00+00:00
[2026-03-19T03:06:34.159+0000] {processor.py:183} INFO - Processing /home/airflow/.local/lib/python3.12/site-packages/airflow/example_dags/example_latest_only_with_trigger.py took 0.065 seconds
[2026-03-19T03:15:41.337+0000] {processor.py:161} INFO - Started process (PID=36145) to work on /home/airflow/.local/lib/python3.12/site-packages/airflow/example_dags/example_latest_only_with_trigger.py
[2026-03-19T03:15:41.338+0000] {processor.py:830} INFO - Processing file /home/airflow/.local/lib/python3.12/site-packages/airflow/example_dags/example_latest_only_with_trigger.py for tasks to queue
[2026-03-19T03:15:41.339+0000] {logging_mixin.py:188} INFO - [2026-03-19T03:15:41.338+0000] {dagbag.py:545} INFO - Filling up the DagBag from /home/airflow/.local/lib/python3.12/site-packages/airflow/example_dags/example_latest_only_with_trigger.py
[2026-03-19T03:15:41.343+0000] {processor.py:840} INFO - DAG(s) 'latest_only_with_trigger' retrieved from /home/airflow/.local/lib/python3.12/site-packages/airflow/example_dags/example_latest_only_with_trigger.py
[2026-03-19T03:15:41.358+0000] {logging_mixin.py:188} INFO - [2026-03-19T03:15:41.357+0000] {dag.py:3096} INFO - Sync 1 DAGs
[2026-03-19T03:15:41.372+0000] {logging_mixin.py:188} INFO - [2026-03-19T03:15:41.372+0000] {dag.py:3954} INFO - Setting next_dagrun for latest_only_with_trigger to 2026-03-18 20:00:00+00:00, run_after=2026-03-19 00:00:00+00:00
[2026-03-19T03:15:41.407+0000] {processor.py:183} INFO - Processing /home/airflow/.local/lib/python3.12/site-packages/airflow/example_dags/example_latest_only_with_trigger.py took 0.075 seconds
[2026-03-19T03:31:55.728+0000] {processor.py:161} INFO - Started process (PID=36204) to work on /home/airflow/.local/lib/python3.12/site-packages/airflow/example_dags/example_latest_only_with_trigger.py
[2026-03-19T03:31:55.730+0000] {processor.py:830} INFO - Processing file /home/airflow/.local/lib/python3.12/site-packages/airflow/example_dags/example_latest_only_with_trigger.py for tasks to queue
[2026-03-19T03:31:55.732+0000] {logging_mixin.py:188} INFO - [2026-03-19T03:31:55.731+0000] {dagbag.py:545} INFO - Filling up the DagBag from /home/airflow/.local/lib/python3.12/site-packages/airflow/example_dags/example_latest_only_with_trigger.py
[2026-03-19T03:31:55.743+0000] {processor.py:840} INFO - DAG(s) 'latest_only_with_trigger' retrieved from /home/airflow/.local/lib/python3.12/site-packages/airflow/example_dags/example_latest_only_with_trigger.py
[2026-03-19T03:31:55.795+0000] {logging_mixin.py:188} INFO - [2026-03-19T03:31:55.794+0000] {dag.py:3096} INFO - Sync 1 DAGs
[2026-03-19T03:31:55.866+0000] {logging_mixin.py:188} INFO - [2026-03-19T03:31:55.865+0000] {dag.py:3954} INFO - Setting next_dagrun for latest_only_with_trigger to 2026-03-18 20:00:00+00:00, run_after=2026-03-19 00:00:00+00:00
[2026-03-19T03:31:55.922+0000] {processor.py:183} INFO - Processing /home/airflow/.local/lib/python3.12/site-packages/airflow/example_dags/example_latest_only_with_trigger.py took 0.204 seconds
[2026-03-19T04:16:39.590+0000] {processor.py:161} INFO - Started process (PID=36271) to work on /home/airflow/.local/lib/python3.12/site-packages/airflow/example_dags/example_latest_only_with_trigger.py
[2026-03-19T04:16:39.596+0000] {processor.py:830} INFO - Processing file /home/airflow/.local/lib/python3.12/site-packages/airflow/example_dags/example_latest_only_with_trigger.py for tasks to queue
[2026-03-19T04:16:39.599+0000] {logging_mixin.py:188} INFO - [2026-03-19T04:16:39.598+0000] {dagbag.py:545} INFO - Filling up the DagBag from /home/airflow/.local/lib/python3.12/site-packages/airflow/example_dags/example_latest_only_with_trigger.py
[2026-03-19T04:16:39.616+0000] {processor.py:840} INFO - DAG(s) 'latest_only_with_trigger' retrieved from /home/airflow/.local/lib/python3.12/site-packages/airflow/example_dags/example_latest_only_with_trigger.py
[2026-03-19T04:16:39.662+0000] {logging_mixin.py:188} INFO - [2026-03-19T04:16:39.662+0000] {dag.py:3096} INFO - Sync 1 DAGs
[2026-03-19T04:16:39.726+0000] {logging_mixin.py:188} INFO - [2026-03-19T04:16:39.725+0000] {dag.py:3954} INFO - Setting next_dagrun for latest_only_with_trigger to 2026-03-19 00:00:00+00:00, run_after=2026-03-19 04:00:00+00:00
[2026-03-19T04:16:39.771+0000] {processor.py:183} INFO - Processing /home/airflow/.local/lib/python3.12/site-packages/airflow/example_dags/example_latest_only_with_trigger.py took 0.196 seconds
[2026-03-19T04:17:12.085+0000] {processor.py:161} INFO - Started process (PID=36338) to work on /home/airflow/.local/lib/python3.12/site-packages/airflow/example_dags/example_latest_only_with_trigger.py
[2026-03-19T04:17:12.089+0000] {processor.py:830} INFO - Processing file /home/airflow/.local/lib/python3.12/site-packages/airflow/example_dags/example_latest_only_with_trigger.py for tasks to queue
[2026-03-19T04:17:12.094+0000] {logging_mixin.py:188} INFO - [2026-03-19T04:17:12.093+0000] {dagbag.py:545} INFO - Filling up the DagBag from /home/airflow/.local/lib/python3.12/site-packages/airflow/example_dags/example_latest_only_with_trigger.py
[2026-03-19T04:17:12.124+0000] {processor.py:840} INFO - DAG(s) 'latest_only_with_trigger' retrieved from /home/airflow/.local/lib/python3.12/site-packages/airflow/example_dags/example_latest_only_with_trigger.py
[2026-03-19T04:17:12.249+0000] {logging_mixin.py:188} INFO - [2026-03-19T04:17:12.249+0000] {dag.py:3096} INFO - Sync 1 DAGs
[2026-03-19T04:17:12.325+0000] {logging_mixin.py:188} INFO - [2026-03-19T04:17:12.325+0000] {dag.py:3954} INFO - Setting next_dagrun for latest_only_with_trigger to 2026-03-19 00:00:00+00:00, run_after=2026-03-19 04:00:00+00:00
[2026-03-19T04:17:12.393+0000] {processor.py:183} INFO - Processing /home/airflow/.local/lib/python3.12/site-packages/airflow/example_dags/example_latest_only_with_trigger.py took 0.330 seconds
[2026-03-19T05:17:35.992+0000] {processor.py:161} INFO - Started process (PID=36397) to work on /home/airflow/.local/lib/python3.12/site-packages/airflow/example_dags/example_latest_only_with_trigger.py
[2026-03-19T05:17:35.993+0000] {processor.py:830} INFO - Processing file /home/airflow/.local/lib/python3.12/site-packages/airflow/example_dags/example_latest_only_with_trigger.py for tasks to queue
[2026-03-19T05:17:35.996+0000] {logging_mixin.py:188} INFO - [2026-03-19T05:17:35.995+0000] {dagbag.py:545} INFO - Filling up the DagBag from /home/airflow/.local/lib/python3.12/site-packages/airflow/example_dags/example_latest_only_with_trigger.py
[2026-03-19T05:17:36.000+0000] {processor.py:840} INFO - DAG(s) 'latest_only_with_trigger' retrieved from /home/airflow/.local/lib/python3.12/site-packages/airflow/example_dags/example_latest_only_with_trigger.py
[2026-03-19T05:17:36.016+0000] {logging_mixin.py:188} INFO - [2026-03-19T05:17:36.015+0000] {dag.py:3096} INFO - Sync 1 DAGs
[2026-03-19T05:17:36.034+0000] {logging_mixin.py:188} INFO - [2026-03-19T05:17:36.034+0000] {dag.py:3954} INFO - Setting next_dagrun for latest_only_with_trigger to 2026-03-19 00:00:00+00:00, run_after=2026-03-19 04:00:00+00:00
[2026-03-19T05:17:36.055+0000] {processor.py:183} INFO - Processing /home/airflow/.local/lib/python3.12/site-packages/airflow/example_dags/example_latest_only_with_trigger.py took 0.068 seconds
[2026-03-19T05:18:06.864+0000] {processor.py:161} INFO - Started process (PID=36456) to work on /home/airflow/.local/lib/python3.12/site-packages/airflow/example_dags/example_latest_only_with_trigger.py
[2026-03-19T05:18:06.865+0000] {processor.py:830} INFO - Processing file /home/airflow/.local/lib/python3.12/site-packages/airflow/example_dags/example_latest_only_with_trigger.py for tasks to queue
[2026-03-19T05:18:06.867+0000] {logging_mixin.py:188} INFO - [2026-03-19T05:18:06.866+0000] {dagbag.py:545} INFO - Filling up the DagBag from /home/airflow/.local/lib/python3.12/site-packages/airflow/example_dags/example_latest_only_with_trigger.py
[2026-03-19T05:18:06.871+0000] {processor.py:840} INFO - DAG(s) 'latest_only_with_trigger' retrieved from /home/airflow/.local/lib/python3.12/site-packages/airflow/example_dags/example_latest_only_with_trigger.py
[2026-03-19T05:18:06.888+0000] {logging_mixin.py:188} INFO - [2026-03-19T05:18:06.888+0000] {dag.py:3096} INFO - Sync 1 DAGs
[2026-03-19T05:18:06.910+0000] {logging_mixin.py:188} INFO - [2026-03-19T05:18:06.909+0000] {dag.py:3954} INFO - Setting next_dagrun for latest_only_with_trigger to 2026-03-19 00:00:00+00:00, run_after=2026-03-19 04:00:00+00:00
[2026-03-19T05:18:06.923+0000] {processor.py:183} INFO - Processing /home/airflow/.local/lib/python3.12/site-packages/airflow/example_dags/example_latest_only_with_trigger.py took 0.062 seconds
[2026-03-19T06:18:32.027+0000] {processor.py:161} INFO - Started process (PID=36515) to work on /home/airflow/.local/lib/python3.12/site-packages/airflow/example_dags/example_latest_only_with_trigger.py
[2026-03-19T06:18:32.032+0000] {processor.py:830} INFO - Processing file /home/airflow/.local/lib/python3.12/site-packages/airflow/example_dags/example_latest_only_with_trigger.py for tasks to queue
[2026-03-19T06:18:32.033+0000] {logging_mixin.py:188} INFO - [2026-03-19T06:18:32.033+0000] {dagbag.py:545} INFO - Filling up the DagBag from /home/airflow/.local/lib/python3.12/site-packages/airflow/example_dags/example_latest_only_with_trigger.py
[2026-03-19T06:18:32.041+0000] {processor.py:840} INFO - DAG(s) 'latest_only_with_trigger' retrieved from /home/airflow/.local/lib/python3.12/site-packages/airflow/example_dags/example_latest_only_with_trigger.py
[2026-03-19T06:18:32.068+0000] {logging_mixin.py:188} INFO - [2026-03-19T06:18:32.068+0000] {dag.py:3096} INFO - Sync 1 DAGs
[2026-03-19T06:18:32.104+0000] {logging_mixin.py:188} INFO - [2026-03-19T06:18:32.104+0000] {dag.py:3954} INFO - Setting next_dagrun for latest_only_with_trigger to 2026-03-19 00:00:00+00:00, run_after=2026-03-19 04:00:00+00:00
[2026-03-19T06:18:32.131+0000] {processor.py:183} INFO - Processing /home/airflow/.local/lib/python3.12/site-packages/airflow/example_dags/example_latest_only_with_trigger.py took 0.111 seconds
[2026-03-19T06:19:02.232+0000] {processor.py:161} INFO - Started process (PID=36582) to work on /home/airflow/.local/lib/python3.12/site-packages/airflow/example_dags/example_latest_only_with_trigger.py
[2026-03-19T06:19:02.235+0000] {processor.py:830} INFO - Processing file /home/airflow/.local/lib/python3.12/site-packages/airflow/example_dags/example_latest_only_with_trigger.py for tasks to queue
[2026-03-19T06:19:02.236+0000] {logging_mixin.py:188} INFO - [2026-03-19T06:19:02.235+0000] {dagbag.py:545} INFO - Filling up the DagBag from /home/airflow/.local/lib/python3.12/site-packages/airflow/example_dags/example_latest_only_with_trigger.py
[2026-03-19T06:19:02.240+0000] {processor.py:840} INFO - DAG(s) 'latest_only_with_trigger' retrieved from /home/airflow/.local/lib/python3.12/site-packages/airflow/example_dags/example_latest_only_with_trigger.py
[2026-03-19T06:19:02.257+0000] {logging_mixin.py:188} INFO - [2026-03-19T06:19:02.257+0000] {dag.py:3096} INFO - Sync 1 DAGs
[2026-03-19T06:19:02.276+0000] {logging_mixin.py:188} INFO - [2026-03-19T06:19:02.276+0000] {dag.py:3954} INFO - Setting next_dagrun for latest_only_with_trigger to 2026-03-19 00:00:00+00:00, run_after=2026-03-19 04:00:00+00:00
[2026-03-19T06:19:02.285+0000] {processor.py:183} INFO - Processing /home/airflow/.local/lib/python3.12/site-packages/airflow/example_dags/example_latest_only_with_trigger.py took 0.057 seconds
[2026-03-19T07:19:30.065+0000] {processor.py:161} INFO - Started process (PID=36641) to work on /home/airflow/.local/lib/python3.12/site-packages/airflow/example_dags/example_latest_only_with_trigger.py
[2026-03-19T07:19:30.069+0000] {processor.py:830} INFO - Processing file /home/airflow/.local/lib/python3.12/site-packages/airflow/example_dags/example_latest_only_with_trigger.py for tasks to queue
[2026-03-19T07:19:30.071+0000] {logging_mixin.py:188} INFO - [2026-03-19T07:19:30.070+0000] {dagbag.py:545} INFO - Filling up the DagBag from /home/airflow/.local/lib/python3.12/site-packages/airflow/example_dags/example_latest_only_with_trigger.py
[2026-03-19T07:19:30.093+0000] {processor.py:840} INFO - DAG(s) 'latest_only_with_trigger' retrieved from /home/airflow/.local/lib/python3.12/site-packages/airflow/example_dags/example_latest_only_with_trigger.py
[2026-03-19T07:19:30.179+0000] {logging_mixin.py:188} INFO - [2026-03-19T07:19:30.178+0000] {dag.py:3096} INFO - Sync 1 DAGs
[2026-03-19T07:19:30.249+0000] {logging_mixin.py:188} INFO - [2026-03-19T07:19:30.248+0000] {dag.py:3954} INFO - Setting next_dagrun for latest_only_with_trigger to 2026-03-19 00:00:00+00:00, run_after=2026-03-19 04:00:00+00:00
[2026-03-19T07:19:30.327+0000] {processor.py:183} INFO - Processing /home/airflow/.local/lib/python3.12/site-packages/airflow/example_dags/example_latest_only_with_trigger.py took 0.293 seconds
[2026-03-19T07:20:00.414+0000] {processor.py:161} INFO - Started process (PID=36709) to work on /home/airflow/.local/lib/python3.12/site-packages/airflow/example_dags/example_latest_only_with_trigger.py
[2026-03-19T07:20:00.415+0000] {processor.py:830} INFO - Processing file /home/airflow/.local/lib/python3.12/site-packages/airflow/example_dags/example_latest_only_with_trigger.py for tasks to queue
[2026-03-19T07:20:00.416+0000] {logging_mixin.py:188} INFO - [2026-03-19T07:20:00.416+0000] {dagbag.py:545} INFO - Filling up the DagBag from /home/airflow/.local/lib/python3.12/site-packages/airflow/example_dags/example_latest_only_with_trigger.py
[2026-03-19T07:20:00.419+0000] {processor.py:840} INFO - DAG(s) 'latest_only_with_trigger' retrieved from /home/airflow/.local/lib/python3.12/site-packages/airflow/example_dags/example_latest_only_with_trigger.py
[2026-03-19T07:20:00.431+0000] {logging_mixin.py:188} INFO - [2026-03-19T07:20:00.431+0000] {dag.py:3096} INFO - Sync 1 DAGs
[2026-03-19T07:20:00.442+0000] {logging_mixin.py:188} INFO - [2026-03-19T07:20:00.442+0000] {dag.py:3954} INFO - Setting next_dagrun for latest_only_with_trigger to 2026-03-19 00:00:00+00:00, run_after=2026-03-19 04:00:00+00:00
[2026-03-19T07:20:00.450+0000] {processor.py:183} INFO - Processing /home/airflow/.local/lib/python3.12/site-packages/airflow/example_dags/example_latest_only_with_trigger.py took 0.040 seconds
[2026-03-19T07:37:28.503+0000] {processor.py:161} INFO - Started process (PID=36767) to work on /home/airflow/.local/lib/python3.12/site-packages/airflow/example_dags/example_latest_only_with_trigger.py
[2026-03-19T07:37:28.505+0000] {processor.py:830} INFO - Processing file /home/airflow/.local/lib/python3.12/site-packages/airflow/example_dags/example_latest_only_with_trigger.py for tasks to queue
[2026-03-19T07:37:28.507+0000] {logging_mixin.py:188} INFO - [2026-03-19T07:37:28.506+0000] {dagbag.py:545} INFO - Filling up the DagBag from /home/airflow/.local/lib/python3.12/site-packages/airflow/example_dags/example_latest_only_with_trigger.py
[2026-03-19T07:37:28.525+0000] {processor.py:840} INFO - DAG(s) 'latest_only_with_trigger' retrieved from /home/airflow/.local/lib/python3.12/site-packages/airflow/example_dags/example_latest_only_with_trigger.py
[2026-03-19T07:37:28.564+0000] {logging_mixin.py:188} INFO - [2026-03-19T07:37:28.564+0000] {dag.py:3096} INFO - Sync 1 DAGs
[2026-03-19T07:37:28.596+0000] {logging_mixin.py:188} INFO - [2026-03-19T07:37:28.596+0000] {dag.py:3954} INFO - Setting next_dagrun for latest_only_with_trigger to 2026-03-19 00:00:00+00:00, run_after=2026-03-19 04:00:00+00:00
[2026-03-19T07:37:28.627+0000] {processor.py:183} INFO - Processing /home/airflow/.local/lib/python3.12/site-packages/airflow/example_dags/example_latest_only_with_trigger.py took 0.136 seconds
[2026-03-19T07:37:59.257+0000] {processor.py:161} INFO - Started process (PID=36834) to work on /home/airflow/.local/lib/python3.12/site-packages/airflow/example_dags/example_latest_only_with_trigger.py
[2026-03-19T07:37:59.258+0000] {processor.py:830} INFO - Processing file /home/airflow/.local/lib/python3.12/site-packages/airflow/example_dags/example_latest_only_with_trigger.py for tasks to queue
[2026-03-19T07:37:59.258+0000] {logging_mixin.py:188} INFO - [2026-03-19T07:37:59.258+0000] {dagbag.py:545} INFO - Filling up the DagBag from /home/airflow/.local/lib/python3.12/site-packages/airflow/example_dags/example_latest_only_with_trigger.py
[2026-03-19T07:37:59.262+0000] {processor.py:840} INFO - DAG(s) 'latest_only_with_trigger' retrieved from /home/airflow/.local/lib/python3.12/site-packages/airflow/example_dags/example_latest_only_with_trigger.py
[2026-03-19T07:37:59.279+0000] {logging_mixin.py:188} INFO - [2026-03-19T07:37:59.279+0000] {dag.py:3096} INFO - Sync 1 DAGs
[2026-03-19T07:37:59.295+0000] {logging_mixin.py:188} INFO - [2026-03-19T07:37:59.295+0000] {dag.py:3954} INFO - Setting next_dagrun for latest_only_with_trigger to 2026-03-19 00:00:00+00:00, run_after=2026-03-19 04:00:00+00:00
[2026-03-19T07:37:59.313+0000] {processor.py:183} INFO - Processing /home/airflow/.local/lib/python3.12/site-packages/airflow/example_dags/example_latest_only_with_trigger.py took 0.061 seconds
[2026-03-19T07:48:55.445+0000] {processor.py:161} INFO - Started process (PID=36893) to work on /home/airflow/.local/lib/python3.12/site-packages/airflow/example_dags/example_latest_only_with_trigger.py
[2026-03-19T07:48:55.446+0000] {processor.py:830} INFO - Processing file /home/airflow/.local/lib/python3.12/site-packages/airflow/example_dags/example_latest_only_with_trigger.py for tasks to queue
[2026-03-19T07:48:55.446+0000] {logging_mixin.py:188} INFO - [2026-03-19T07:48:55.446+0000] {dagbag.py:545} INFO - Filling up the DagBag from /home/airflow/.local/lib/python3.12/site-packages/airflow/example_dags/example_latest_only_with_trigger.py
[2026-03-19T07:48:55.451+0000] {processor.py:840} INFO - DAG(s) 'latest_only_with_trigger' retrieved from /home/airflow/.local/lib/python3.12/site-packages/airflow/example_dags/example_latest_only_with_trigger.py
[2026-03-19T07:48:55.467+0000] {logging_mixin.py:188} INFO - [2026-03-19T07:48:55.467+0000] {dag.py:3096} INFO - Sync 1 DAGs
[2026-03-19T07:48:55.479+0000] {logging_mixin.py:188} INFO - [2026-03-19T07:48:55.479+0000] {dag.py:3954} INFO - Setting next_dagrun for latest_only_with_trigger to 2026-03-19 00:00:00+00:00, run_after=2026-03-19 04:00:00+00:00
[2026-03-19T07:48:55.488+0000] {processor.py:183} INFO - Processing /home/airflow/.local/lib/python3.12/site-packages/airflow/example_dags/example_latest_only_with_trigger.py took 0.047 seconds
[2026-03-19T07:49:26.546+0000] {processor.py:161} INFO - Started process (PID=36952) to work on /home/airflow/.local/lib/python3.12/site-packages/airflow/example_dags/example_latest_only_with_trigger.py
[2026-03-19T07:49:26.555+0000] {processor.py:830} INFO - Processing file /home/airflow/.local/lib/python3.12/site-packages/airflow/example_dags/example_latest_only_with_trigger.py for tasks to queue
[2026-03-19T07:49:26.558+0000] {logging_mixin.py:188} INFO - [2026-03-19T07:49:26.557+0000] {dagbag.py:545} INFO - Filling up the DagBag from /home/airflow/.local/lib/python3.12/site-packages/airflow/example_dags/example_latest_only_with_trigger.py
[2026-03-19T07:49:26.611+0000] {processor.py:840} INFO - DAG(s) 'latest_only_with_trigger' retrieved from /home/airflow/.local/lib/python3.12/site-packages/airflow/example_dags/example_latest_only_with_trigger.py
[2026-03-19T07:49:26.696+0000] {logging_mixin.py:188} INFO - [2026-03-19T07:49:26.696+0000] {dag.py:3096} INFO - Sync 1 DAGs
[2026-03-19T07:49:26.723+0000] {logging_mixin.py:188} INFO - [2026-03-19T07:49:26.723+0000] {dag.py:3954} INFO - Setting next_dagrun for latest_only_with_trigger to 2026-03-19 00:00:00+00:00, run_after=2026-03-19 04:00:00+00:00
[2026-03-19T07:49:26.753+0000] {processor.py:183} INFO - Processing /home/airflow/.local/lib/python3.12/site-packages/airflow/example_dags/example_latest_only_with_trigger.py took 0.225 seconds
[2026-03-19T07:49:57.501+0000] {processor.py:161} INFO - Started process (PID=37011) to work on /home/airflow/.local/lib/python3.12/site-packages/airflow/example_dags/example_latest_only_with_trigger.py
[2026-03-19T07:49:57.502+0000] {processor.py:830} INFO - Processing file /home/airflow/.local/lib/python3.12/site-packages/airflow/example_dags/example_latest_only_with_trigger.py for tasks to queue
[2026-03-19T07:49:57.502+0000] {logging_mixin.py:188} INFO - [2026-03-19T07:49:57.502+0000] {dagbag.py:545} INFO - Filling up the DagBag from /home/airflow/.local/lib/python3.12/site-packages/airflow/example_dags/example_latest_only_with_trigger.py
[2026-03-19T07:49:57.505+0000] {processor.py:840} INFO - DAG(s) 'latest_only_with_trigger' retrieved from /home/airflow/.local/lib/python3.12/site-packages/airflow/example_dags/example_latest_only_with_trigger.py
[2026-03-19T07:49:57.515+0000] {logging_mixin.py:188} INFO - [2026-03-19T07:49:57.515+0000] {dag.py:3096} INFO - Sync 1 DAGs
[2026-03-19T07:49:57.525+0000] {logging_mixin.py:188} INFO - [2026-03-19T07:49:57.524+0000] {dag.py:3954} INFO - Setting next_dagrun for latest_only_with_trigger to 2026-03-19 00:00:00+00:00, run_after=2026-03-19 04:00:00+00:00
[2026-03-19T07:49:57.532+0000] {processor.py:183} INFO - Processing /home/airflow/.local/lib/python3.12/site-packages/airflow/example_dags/example_latest_only_with_trigger.py took 0.038 seconds
[2026-03-19T07:50:27.972+0000] {processor.py:161} INFO - Started process (PID=37070) to work on /home/airflow/.local/lib/python3.12/site-packages/airflow/example_dags/example_latest_only_with_trigger.py
[2026-03-19T07:50:27.973+0000] {processor.py:830} INFO - Processing file /home/airflow/.local/lib/python3.12/site-packages/airflow/example_dags/example_latest_only_with_trigger.py for tasks to queue
[2026-03-19T07:50:27.974+0000] {logging_mixin.py:188} INFO - [2026-03-19T07:50:27.973+0000] {dagbag.py:545} INFO - Filling up the DagBag from /home/airflow/.local/lib/python3.12/site-packages/airflow/example_dags/example_latest_only_with_trigger.py
[2026-03-19T07:50:27.978+0000] {processor.py:840} INFO - DAG(s) 'latest_only_with_trigger' retrieved from /home/airflow/.local/lib/python3.12/site-packages/airflow/example_dags/example_latest_only_with_trigger.py
[2026-03-19T07:50:27.992+0000] {logging_mixin.py:188} INFO - [2026-03-19T07:50:27.992+0000] {dag.py:3096} INFO - Sync 1 DAGs
[2026-03-19T07:50:28.004+0000] {logging_mixin.py:188} INFO - [2026-03-19T07:50:28.004+0000] {dag.py:3954} INFO - Setting next_dagrun for latest_only_with_trigger to 2026-03-19 00:00:00+00:00, run_after=2026-03-19 04:00:00+00:00
[2026-03-19T07:50:28.014+0000] {processor.py:183} INFO - Processing /home/airflow/.local/lib/python3.12/site-packages/airflow/example_dags/example_latest_only_with_trigger.py took 0.045 seconds
[2026-03-19T07:50:58.575+0000] {processor.py:161} INFO - Started process (PID=37129) to work on /home/airflow/.local/lib/python3.12/site-packages/airflow/example_dags/example_latest_only_with_trigger.py
[2026-03-19T07:50:58.575+0000] {processor.py:830} INFO - Processing file /home/airflow/.local/lib/python3.12/site-packages/airflow/example_dags/example_latest_only_with_trigger.py for tasks to queue
[2026-03-19T07:50:58.576+0000] {logging_mixin.py:188} INFO - [2026-03-19T07:50:58.575+0000] {dagbag.py:545} INFO - Filling up the DagBag from /home/airflow/.local/lib/python3.12/site-packages/airflow/example_dags/example_latest_only_with_trigger.py
[2026-03-19T07:50:58.579+0000] {processor.py:840} INFO - DAG(s) 'latest_only_with_trigger' retrieved from /home/airflow/.local/lib/python3.12/site-packages/airflow/example_dags/example_latest_only_with_trigger.py
[2026-03-19T07:50:58.589+0000] {logging_mixin.py:188} INFO - [2026-03-19T07:50:58.589+0000] {dag.py:3096} INFO - Sync 1 DAGs
[2026-03-19T07:50:58.598+0000] {logging_mixin.py:188} INFO - [2026-03-19T07:50:58.598+0000] {dag.py:3954} INFO - Setting next_dagrun for latest_only_with_trigger to 2026-03-19 00:00:00+00:00, run_after=2026-03-19 04:00:00+00:00
[2026-03-19T07:50:58.606+0000] {processor.py:183} INFO - Processing /home/airflow/.local/lib/python3.12/site-packages/airflow/example_dags/example_latest_only_with_trigger.py took 0.034 seconds
[2026-03-19T07:51:28.964+0000] {processor.py:161} INFO - Started process (PID=37188) to work on /home/airflow/.local/lib/python3.12/site-packages/airflow/example_dags/example_latest_only_with_trigger.py
[2026-03-19T07:51:28.965+0000] {processor.py:830} INFO - Processing file /home/airflow/.local/lib/python3.12/site-packages/airflow/example_dags/example_latest_only_with_trigger.py for tasks to queue
[2026-03-19T07:51:28.966+0000] {logging_mixin.py:188} INFO - [2026-03-19T07:51:28.966+0000] {dagbag.py:545} INFO - Filling up the DagBag from /home/airflow/.local/lib/python3.12/site-packages/airflow/example_dags/example_latest_only_with_trigger.py
[2026-03-19T07:51:28.971+0000] {processor.py:840} INFO - DAG(s) 'latest_only_with_trigger' retrieved from /home/airflow/.local/lib/python3.12/site-packages/airflow/example_dags/example_latest_only_with_trigger.py
[2026-03-19T07:51:28.985+0000] {logging_mixin.py:188} INFO - [2026-03-19T07:51:28.984+0000] {dag.py:3096} INFO - Sync 1 DAGs
[2026-03-19T07:51:28.999+0000] {logging_mixin.py:188} INFO - [2026-03-19T07:51:28.999+0000] {dag.py:3954} INFO - Setting next_dagrun for latest_only_with_trigger to 2026-03-19 00:00:00+00:00, run_after=2026-03-19 04:00:00+00:00
[2026-03-19T07:51:29.021+0000] {processor.py:183} INFO - Processing /home/airflow/.local/lib/python3.12/site-packages/airflow/example_dags/example_latest_only_with_trigger.py took 0.060 seconds
[2026-03-19T07:51:59.901+0000] {processor.py:161} INFO - Started process (PID=37247) to work on /home/airflow/.local/lib/python3.12/site-packages/airflow/example_dags/example_latest_only_with_trigger.py
[2026-03-19T07:51:59.903+0000] {processor.py:830} INFO - Processing file /home/airflow/.local/lib/python3.12/site-packages/airflow/example_dags/example_latest_only_with_trigger.py for tasks to queue
[2026-03-19T07:51:59.903+0000] {logging_mixin.py:188} INFO - [2026-03-19T07:51:59.903+0000] {dagbag.py:545} INFO - Filling up the DagBag from /home/airflow/.local/lib/python3.12/site-packages/airflow/example_dags/example_latest_only_with_trigger.py
[2026-03-19T07:51:59.908+0000] {processor.py:840} INFO - DAG(s) 'latest_only_with_trigger' retrieved from /home/airflow/.local/lib/python3.12/site-packages/airflow/example_dags/example_latest_only_with_trigger.py
[2026-03-19T07:51:59.920+0000] {logging_mixin.py:188} INFO - [2026-03-19T07:51:59.920+0000] {dag.py:3096} INFO - Sync 1 DAGs
[2026-03-19T07:51:59.935+0000] {logging_mixin.py:188} INFO - [2026-03-19T07:51:59.935+0000] {dag.py:3954} INFO - Setting next_dagrun for latest_only_with_trigger to 2026-03-19 00:00:00+00:00, run_after=2026-03-19 04:00:00+00:00
[2026-03-19T07:51:59.951+0000] {processor.py:183} INFO - Processing /home/airflow/.local/lib/python3.12/site-packages/airflow/example_dags/example_latest_only_with_trigger.py took 0.053 seconds
[2026-03-19T07:52:30.365+0000] {processor.py:161} INFO - Started process (PID=37306) to work on /home/airflow/.local/lib/python3.12/site-packages/airflow/example_dags/example_latest_only_with_trigger.py
[2026-03-19T07:52:30.366+0000] {processor.py:830} INFO - Processing file /home/airflow/.local/lib/python3.12/site-packages/airflow/example_dags/example_latest_only_with_trigger.py for tasks to queue
[2026-03-19T07:52:30.367+0000] {logging_mixin.py:188} INFO - [2026-03-19T07:52:30.366+0000] {dagbag.py:545} INFO - Filling up the DagBag from /home/airflow/.local/lib/python3.12/site-packages/airflow/example_dags/example_latest_only_with_trigger.py
[2026-03-19T07:52:30.371+0000] {processor.py:840} INFO - DAG(s) 'latest_only_with_trigger' retrieved from /home/airflow/.local/lib/python3.12/site-packages/airflow/example_dags/example_latest_only_with_trigger.py
[2026-03-19T07:52:30.397+0000] {logging_mixin.py:188} INFO - [2026-03-19T07:52:30.396+0000] {dag.py:3096} INFO - Sync 1 DAGs
[2026-03-19T07:52:30.423+0000] {logging_mixin.py:188} INFO - [2026-03-19T07:52:30.422+0000] {dag.py:3954} INFO - Setting next_dagrun for latest_only_with_trigger to 2026-03-19 00:00:00+00:00, run_after=2026-03-19 04:00:00+00:00
[2026-03-19T07:52:30.453+0000] {processor.py:183} INFO - Processing /home/airflow/.local/lib/python3.12/site-packages/airflow/example_dags/example_latest_only_with_trigger.py took 0.092 seconds
[2026-03-19T07:53:01.139+0000] {processor.py:161} INFO - Started process (PID=37365) to work on /home/airflow/.local/lib/python3.12/site-packages/airflow/example_dags/example_latest_only_with_trigger.py
[2026-03-19T07:53:01.140+0000] {processor.py:830} INFO - Processing file /home/airflow/.local/lib/python3.12/site-packages/airflow/example_dags/example_latest_only_with_trigger.py for tasks to queue
[2026-03-19T07:53:01.141+0000] {logging_mixin.py:188} INFO - [2026-03-19T07:53:01.141+0000] {dagbag.py:545} INFO - Filling up the DagBag from /home/airflow/.local/lib/python3.12/site-packages/airflow/example_dags/example_latest_only_with_trigger.py
[2026-03-19T07:53:01.146+0000] {processor.py:840} INFO - DAG(s) 'latest_only_with_trigger' retrieved from /home/airflow/.local/lib/python3.12/site-packages/airflow/example_dags/example_latest_only_with_trigger.py
[2026-03-19T07:53:01.178+0000] {logging_mixin.py:188} INFO - [2026-03-19T07:53:01.178+0000] {dag.py:3096} INFO - Sync 1 DAGs
[2026-03-19T07:53:01.199+0000] {logging_mixin.py:188} INFO - [2026-03-19T07:53:01.199+0000] {dag.py:3954} INFO - Setting next_dagrun for latest_only_with_trigger to 2026-03-19 00:00:00+00:00, run_after=2026-03-19 04:00:00+00:00
[2026-03-19T07:53:01.216+0000] {processor.py:183} INFO - Processing /home/airflow/.local/lib/python3.12/site-packages/airflow/example_dags/example_latest_only_with_trigger.py took 0.091 seconds
[2026-03-19T07:53:31.746+0000] {processor.py:161} INFO - Started process (PID=37424) to work on /home/airflow/.local/lib/python3.12/site-packages/airflow/example_dags/example_latest_only_with_trigger.py
[2026-03-19T07:53:31.749+0000] {processor.py:830} INFO - Processing file /home/airflow/.local/lib/python3.12/site-packages/airflow/example_dags/example_latest_only_with_trigger.py for tasks to queue
[2026-03-19T07:53:31.750+0000] {logging_mixin.py:188} INFO - [2026-03-19T07:53:31.750+0000] {dagbag.py:545} INFO - Filling up the DagBag from /home/airflow/.local/lib/python3.12/site-packages/airflow/example_dags/example_latest_only_with_trigger.py
[2026-03-19T07:53:31.753+0000] {processor.py:840} INFO - DAG(s) 'latest_only_with_trigger' retrieved from /home/airflow/.local/lib/python3.12/site-packages/airflow/example_dags/example_latest_only_with_trigger.py
[2026-03-19T07:53:31.769+0000] {logging_mixin.py:188} INFO - [2026-03-19T07:53:31.769+0000] {dag.py:3096} INFO - Sync 1 DAGs
[2026-03-19T07:53:31.781+0000] {logging_mixin.py:188} INFO - [2026-03-19T07:53:31.781+0000] {dag.py:3954} INFO - Setting next_dagrun for latest_only_with_trigger to 2026-03-19 00:00:00+00:00, run_after=2026-03-19 04:00:00+00:00
[2026-03-19T07:53:31.801+0000] {processor.py:183} INFO - Processing /home/airflow/.local/lib/python3.12/site-packages/airflow/example_dags/example_latest_only_with_trigger.py took 0.059 seconds
[2026-03-19T07:54:02.112+0000] {processor.py:161} INFO - Started process (PID=37483) to work on /home/airflow/.local/lib/python3.12/site-packages/airflow/example_dags/example_latest_only_with_trigger.py
[2026-03-19T07:54:02.113+0000] {processor.py:830} INFO - Processing file /home/airflow/.local/lib/python3.12/site-packages/airflow/example_dags/example_latest_only_with_trigger.py for tasks to queue
[2026-03-19T07:54:02.117+0000] {logging_mixin.py:188} INFO - [2026-03-19T07:54:02.116+0000] {dagbag.py:545} INFO - Filling up the DagBag from /home/airflow/.local/lib/python3.12/site-packages/airflow/example_dags/example_latest_only_with_trigger.py
[2026-03-19T07:54:02.127+0000] {processor.py:840} INFO - DAG(s) 'latest_only_with_trigger' retrieved from /home/airflow/.local/lib/python3.12/site-packages/airflow/example_dags/example_latest_only_with_trigger.py
[2026-03-19T07:54:02.146+0000] {logging_mixin.py:188} INFO - [2026-03-19T07:54:02.146+0000] {dag.py:3096} INFO - Sync 1 DAGs
[2026-03-19T07:54:02.159+0000] {logging_mixin.py:188} INFO - [2026-03-19T07:54:02.159+0000] {dag.py:3954} INFO - Setting next_dagrun for latest_only_with_trigger to 2026-03-19 00:00:00+00:00, run_after=2026-03-19 04:00:00+00:00
[2026-03-19T07:54:02.169+0000] {processor.py:183} INFO - Processing /home/airflow/.local/lib/python3.12/site-packages/airflow/example_dags/example_latest_only_with_trigger.py took 0.060 seconds
[2026-03-19T07:54:32.401+0000] {processor.py:161} INFO - Started process (PID=37542) to work on /home/airflow/.local/lib/python3.12/site-packages/airflow/example_dags/example_latest_only_with_trigger.py
[2026-03-19T07:54:32.402+0000] {processor.py:830} INFO - Processing file /home/airflow/.local/lib/python3.12/site-packages/airflow/example_dags/example_latest_only_with_trigger.py for tasks to queue
[2026-03-19T07:54:32.402+0000] {logging_mixin.py:188} INFO - [2026-03-19T07:54:32.402+0000] {dagbag.py:545} INFO - Filling up the DagBag from /home/airflow/.local/lib/python3.12/site-packages/airflow/example_dags/example_latest_only_with_trigger.py
[2026-03-19T07:54:32.410+0000] {processor.py:840} INFO - DAG(s) 'latest_only_with_trigger' retrieved from /home/airflow/.local/lib/python3.12/site-packages/airflow/example_dags/example_latest_only_with_trigger.py
[2026-03-19T07:54:32.434+0000] {logging_mixin.py:188} INFO - [2026-03-19T07:54:32.434+0000] {dag.py:3096} INFO - Sync 1 DAGs
[2026-03-19T07:54:32.446+0000] {logging_mixin.py:188} INFO - [2026-03-19T07:54:32.446+0000] {dag.py:3954} INFO - Setting next_dagrun for latest_only_with_trigger to 2026-03-19 00:00:00+00:00, run_after=2026-03-19 04:00:00+00:00
[2026-03-19T07:54:32.455+0000] {processor.py:183} INFO - Processing /home/airflow/.local/lib/python3.12/site-packages/airflow/example_dags/example_latest_only_with_trigger.py took 0.058 seconds
[2026-03-19T07:55:02.792+0000] {processor.py:161} INFO - Started process (PID=37601) to work on /home/airflow/.local/lib/python3.12/site-packages/airflow/example_dags/example_latest_only_with_trigger.py
[2026-03-19T07:55:02.792+0000] {processor.py:830} INFO - Processing file /home/airflow/.local/lib/python3.12/site-packages/airflow/example_dags/example_latest_only_with_trigger.py for tasks to queue
[2026-03-19T07:55:02.793+0000] {logging_mixin.py:188} INFO - [2026-03-19T07:55:02.793+0000] {dagbag.py:545} INFO - Filling up the DagBag from /home/airflow/.local/lib/python3.12/site-packages/airflow/example_dags/example_latest_only_with_trigger.py
[2026-03-19T07:55:02.796+0000] {processor.py:840} INFO - DAG(s) 'latest_only_with_trigger' retrieved from /home/airflow/.local/lib/python3.12/site-packages/airflow/example_dags/example_latest_only_with_trigger.py
[2026-03-19T07:55:02.808+0000] {logging_mixin.py:188} INFO - [2026-03-19T07:55:02.808+0000] {dag.py:3096} INFO - Sync 1 DAGs
[2026-03-19T07:55:02.821+0000] {logging_mixin.py:188} INFO - [2026-03-19T07:55:02.821+0000] {dag.py:3954} INFO - Setting next_dagrun for latest_only_with_trigger to 2026-03-19 00:00:00+00:00, run_after=2026-03-19 04:00:00+00:00
[2026-03-19T07:55:02.831+0000] {processor.py:183} INFO - Processing /home/airflow/.local/lib/python3.12/site-packages/airflow/example_dags/example_latest_only_with_trigger.py took 0.042 seconds
[2026-03-19T07:55:33.433+0000] {processor.py:161} INFO - Started process (PID=37660) to work on /home/airflow/.local/lib/python3.12/site-packages/airflow/example_dags/example_latest_only_with_trigger.py
[2026-03-19T07:55:33.435+0000] {processor.py:830} INFO - Processing file /home/airflow/.local/lib/python3.12/site-packages/airflow/example_dags/example_latest_only_with_trigger.py for tasks to queue
[2026-03-19T07:55:33.436+0000] {logging_mixin.py:188} INFO - [2026-03-19T07:55:33.436+0000] {dagbag.py:545} INFO - Filling up the DagBag from /home/airflow/.local/lib/python3.12/site-packages/airflow/example_dags/example_latest_only_with_trigger.py
[2026-03-19T07:55:33.442+0000] {processor.py:840} INFO - DAG(s) 'latest_only_with_trigger' retrieved from /home/airflow/.local/lib/python3.12/site-packages/airflow/example_dags/example_latest_only_with_trigger.py
[2026-03-19T07:55:33.458+0000] {logging_mixin.py:188} INFO - [2026-03-19T07:55:33.457+0000] {dag.py:3096} INFO - Sync 1 DAGs
[2026-03-19T07:55:33.469+0000] {logging_mixin.py:188} INFO - [2026-03-19T07:55:33.469+0000] {dag.py:3954} INFO - Setting next_dagrun for latest_only_with_trigger to 2026-03-19 00:00:00+00:00, run_after=2026-03-19 04:00:00+00:00
[2026-03-19T07:55:33.479+0000] {processor.py:183} INFO - Processing /home/airflow/.local/lib/python3.12/site-packages/airflow/example_dags/example_latest_only_with_trigger.py took 0.056 seconds
[2026-03-19T07:56:04.011+0000] {processor.py:161} INFO - Started process (PID=37719) to work on /home/airflow/.local/lib/python3.12/site-packages/airflow/example_dags/example_latest_only_with_trigger.py
[2026-03-19T07:56:04.012+0000] {processor.py:830} INFO - Processing file /home/airflow/.local/lib/python3.12/site-packages/airflow/example_dags/example_latest_only_with_trigger.py for tasks to queue
[2026-03-19T07:56:04.012+0000] {logging_mixin.py:188} INFO - [2026-03-19T07:56:04.012+0000] {dagbag.py:545} INFO - Filling up the DagBag from /home/airflow/.local/lib/python3.12/site-packages/airflow/example_dags/example_latest_only_with_trigger.py
[2026-03-19T07:56:04.016+0000] {processor.py:840} INFO - DAG(s) 'latest_only_with_trigger' retrieved from /home/airflow/.local/lib/python3.12/site-packages/airflow/example_dags/example_latest_only_with_trigger.py
[2026-03-19T07:56:04.027+0000] {logging_mixin.py:188} INFO - [2026-03-19T07:56:04.027+0000] {dag.py:3096} INFO - Sync 1 DAGs
[2026-03-19T07:56:04.039+0000] {logging_mixin.py:188} INFO - [2026-03-19T07:56:04.039+0000] {dag.py:3954} INFO - Setting next_dagrun for latest_only_with_trigger to 2026-03-19 00:00:00+00:00, run_after=2026-03-19 04:00:00+00:00
[2026-03-19T07:56:04.049+0000] {processor.py:183} INFO - Processing /home/airflow/.local/lib/python3.12/site-packages/airflow/example_dags/example_latest_only_with_trigger.py took 0.041 seconds
