[2026-03-19T00:12:44.004+0000] {processor.py:161} INFO - Started process (PID=35684) to work on /home/airflow/.local/lib/python3.12/site-packages/airflow/example_dags/example_branch_operator.py
[2026-03-19T00:12:44.006+0000] {processor.py:830} INFO - Processing file /home/airflow/.local/lib/python3.12/site-packages/airflow/example_dags/example_branch_operator.py for tasks to queue
[2026-03-19T00:12:44.008+0000] {logging_mixin.py:188} INFO - [2026-03-19T00:12:44.008+0000] {dagbag.py:545} INFO - Filling up the DagBag from /home/airflow/.local/lib/python3.12/site-packages/airflow/example_dags/example_branch_operator.py
[2026-03-19T00:12:44.019+0000] {processor.py:840} INFO - DAG(s) 'example_branch_operator' retrieved from /home/airflow/.local/lib/python3.12/site-packages/airflow/example_dags/example_branch_operator.py
[2026-03-19T00:12:44.035+0000] {logging_mixin.py:188} INFO - [2026-03-19T00:12:44.035+0000] {dag.py:3096} INFO - Sync 1 DAGs
[2026-03-19T00:12:44.049+0000] {logging_mixin.py:188} INFO - [2026-03-19T00:12:44.049+0000] {dag.py:3954} INFO - Setting next_dagrun for example_branch_operator to 2026-03-18 00:00:00+00:00, run_after=2026-03-19 00:00:00+00:00
[2026-03-19T00:12:44.062+0000] {processor.py:183} INFO - Processing /home/airflow/.local/lib/python3.12/site-packages/airflow/example_dags/example_branch_operator.py took 0.062 seconds
[2026-03-19T00:46:44.158+0000] {processor.py:161} INFO - Started process (PID=35743) to work on /home/airflow/.local/lib/python3.12/site-packages/airflow/example_dags/example_branch_operator.py
[2026-03-19T00:46:44.160+0000] {processor.py:830} INFO - Processing file /home/airflow/.local/lib/python3.12/site-packages/airflow/example_dags/example_branch_operator.py for tasks to queue
[2026-03-19T00:46:44.165+0000] {logging_mixin.py:188} INFO - [2026-03-19T00:46:44.164+0000] {dagbag.py:545} INFO - Filling up the DagBag from /home/airflow/.local/lib/python3.12/site-packages/airflow/example_dags/example_branch_operator.py
[2026-03-19T00:46:44.198+0000] {processor.py:840} INFO - DAG(s) 'example_branch_operator' retrieved from /home/airflow/.local/lib/python3.12/site-packages/airflow/example_dags/example_branch_operator.py
[2026-03-19T00:46:44.259+0000] {logging_mixin.py:188} INFO - [2026-03-19T00:46:44.258+0000] {dag.py:3096} INFO - Sync 1 DAGs
[2026-03-19T00:46:44.292+0000] {logging_mixin.py:188} INFO - [2026-03-19T00:46:44.291+0000] {dag.py:3954} INFO - Setting next_dagrun for example_branch_operator to 2026-03-18 00:00:00+00:00, run_after=2026-03-19 00:00:00+00:00
[2026-03-19T00:46:44.329+0000] {processor.py:183} INFO - Processing /home/airflow/.local/lib/python3.12/site-packages/airflow/example_dags/example_branch_operator.py took 0.177 seconds
[2026-03-19T01:13:43.680+0000] {processor.py:161} INFO - Started process (PID=35810) to work on /home/airflow/.local/lib/python3.12/site-packages/airflow/example_dags/example_branch_operator.py
[2026-03-19T01:13:43.682+0000] {processor.py:830} INFO - Processing file /home/airflow/.local/lib/python3.12/site-packages/airflow/example_dags/example_branch_operator.py for tasks to queue
[2026-03-19T01:13:43.683+0000] {logging_mixin.py:188} INFO - [2026-03-19T01:13:43.683+0000] {dagbag.py:545} INFO - Filling up the DagBag from /home/airflow/.local/lib/python3.12/site-packages/airflow/example_dags/example_branch_operator.py
[2026-03-19T01:13:43.698+0000] {processor.py:840} INFO - DAG(s) 'example_branch_operator' retrieved from /home/airflow/.local/lib/python3.12/site-packages/airflow/example_dags/example_branch_operator.py
[2026-03-19T01:13:43.724+0000] {logging_mixin.py:188} INFO - [2026-03-19T01:13:43.724+0000] {dag.py:3096} INFO - Sync 1 DAGs
[2026-03-19T01:13:43.961+0000] {logging_mixin.py:188} INFO - [2026-03-19T01:13:43.961+0000] {dag.py:3954} INFO - Setting next_dagrun for example_branch_operator to 2026-03-18 00:00:00+00:00, run_after=2026-03-19 00:00:00+00:00
[2026-03-19T01:13:43.986+0000] {processor.py:183} INFO - Processing /home/airflow/.local/lib/python3.12/site-packages/airflow/example_dags/example_branch_operator.py took 0.311 seconds
[2026-03-19T01:30:59.006+0000] {processor.py:161} INFO - Started process (PID=35877) to work on /home/airflow/.local/lib/python3.12/site-packages/airflow/example_dags/example_branch_operator.py
[2026-03-19T01:30:59.023+0000] {processor.py:830} INFO - Processing file /home/airflow/.local/lib/python3.12/site-packages/airflow/example_dags/example_branch_operator.py for tasks to queue
[2026-03-19T01:30:59.037+0000] {logging_mixin.py:188} INFO - [2026-03-19T01:30:59.035+0000] {dagbag.py:545} INFO - Filling up the DagBag from /home/airflow/.local/lib/python3.12/site-packages/airflow/example_dags/example_branch_operator.py
[2026-03-19T01:30:59.080+0000] {processor.py:840} INFO - DAG(s) 'example_branch_operator' retrieved from /home/airflow/.local/lib/python3.12/site-packages/airflow/example_dags/example_branch_operator.py
[2026-03-19T01:30:59.352+0000] {logging_mixin.py:188} INFO - [2026-03-19T01:30:59.349+0000] {dag.py:3096} INFO - Sync 1 DAGs
[2026-03-19T01:30:59.480+0000] {logging_mixin.py:188} INFO - [2026-03-19T01:30:59.479+0000] {dag.py:3954} INFO - Setting next_dagrun for example_branch_operator to 2026-03-18 00:00:00+00:00, run_after=2026-03-19 00:00:00+00:00
[2026-03-19T01:30:59.553+0000] {processor.py:183} INFO - Processing /home/airflow/.local/lib/python3.12/site-packages/airflow/example_dags/example_branch_operator.py took 0.575 seconds
[2026-03-19T02:15:06.026+0000] {processor.py:161} INFO - Started process (PID=35941) to work on /home/airflow/.local/lib/python3.12/site-packages/airflow/example_dags/example_branch_operator.py
[2026-03-19T02:15:06.029+0000] {processor.py:830} INFO - Processing file /home/airflow/.local/lib/python3.12/site-packages/airflow/example_dags/example_branch_operator.py for tasks to queue
[2026-03-19T02:15:06.033+0000] {logging_mixin.py:188} INFO - [2026-03-19T02:15:06.033+0000] {dagbag.py:545} INFO - Filling up the DagBag from /home/airflow/.local/lib/python3.12/site-packages/airflow/example_dags/example_branch_operator.py
[2026-03-19T02:15:06.084+0000] {processor.py:840} INFO - DAG(s) 'example_branch_operator' retrieved from /home/airflow/.local/lib/python3.12/site-packages/airflow/example_dags/example_branch_operator.py
[2026-03-19T02:15:06.169+0000] {logging_mixin.py:188} INFO - [2026-03-19T02:15:06.167+0000] {dag.py:3096} INFO - Sync 1 DAGs
[2026-03-19T02:15:06.285+0000] {logging_mixin.py:188} INFO - [2026-03-19T02:15:06.285+0000] {dag.py:3954} INFO - Setting next_dagrun for example_branch_operator to 2026-03-18 00:00:00+00:00, run_after=2026-03-19 00:00:00+00:00
[2026-03-19T02:15:06.349+0000] {processor.py:183} INFO - Processing /home/airflow/.local/lib/python3.12/site-packages/airflow/example_dags/example_branch_operator.py took 0.330 seconds
[2026-03-19T03:06:05.828+0000] {processor.py:161} INFO - Started process (PID=36027) to work on /home/airflow/.local/lib/python3.12/site-packages/airflow/example_dags/example_branch_operator.py
[2026-03-19T03:06:05.836+0000] {processor.py:830} INFO - Processing file /home/airflow/.local/lib/python3.12/site-packages/airflow/example_dags/example_branch_operator.py for tasks to queue
[2026-03-19T03:06:05.841+0000] {logging_mixin.py:188} INFO - [2026-03-19T03:06:05.840+0000] {dagbag.py:545} INFO - Filling up the DagBag from /home/airflow/.local/lib/python3.12/site-packages/airflow/example_dags/example_branch_operator.py
[2026-03-19T03:06:05.940+0000] {processor.py:840} INFO - DAG(s) 'example_branch_operator' retrieved from /home/airflow/.local/lib/python3.12/site-packages/airflow/example_dags/example_branch_operator.py
[2026-03-19T03:06:06.108+0000] {logging_mixin.py:188} INFO - [2026-03-19T03:06:06.107+0000] {dag.py:3096} INFO - Sync 1 DAGs
[2026-03-19T03:06:06.188+0000] {logging_mixin.py:188} INFO - [2026-03-19T03:06:06.187+0000] {dag.py:3954} INFO - Setting next_dagrun for example_branch_operator to 2026-03-18 00:00:00+00:00, run_after=2026-03-19 00:00:00+00:00
[2026-03-19T03:06:06.252+0000] {processor.py:183} INFO - Processing /home/airflow/.local/lib/python3.12/site-packages/airflow/example_dags/example_branch_operator.py took 0.455 seconds
[2026-03-19T03:06:36.556+0000] {processor.py:161} INFO - Started process (PID=36098) to work on /home/airflow/.local/lib/python3.12/site-packages/airflow/example_dags/example_branch_operator.py
[2026-03-19T03:06:36.558+0000] {processor.py:830} INFO - Processing file /home/airflow/.local/lib/python3.12/site-packages/airflow/example_dags/example_branch_operator.py for tasks to queue
[2026-03-19T03:06:36.560+0000] {logging_mixin.py:188} INFO - [2026-03-19T03:06:36.560+0000] {dagbag.py:545} INFO - Filling up the DagBag from /home/airflow/.local/lib/python3.12/site-packages/airflow/example_dags/example_branch_operator.py
[2026-03-19T03:06:36.572+0000] {processor.py:840} INFO - DAG(s) 'example_branch_operator' retrieved from /home/airflow/.local/lib/python3.12/site-packages/airflow/example_dags/example_branch_operator.py
[2026-03-19T03:06:36.594+0000] {logging_mixin.py:188} INFO - [2026-03-19T03:06:36.594+0000] {dag.py:3096} INFO - Sync 1 DAGs
[2026-03-19T03:06:36.606+0000] {logging_mixin.py:188} INFO - [2026-03-19T03:06:36.606+0000] {dag.py:3954} INFO - Setting next_dagrun for example_branch_operator to 2026-03-18 00:00:00+00:00, run_after=2026-03-19 00:00:00+00:00
[2026-03-19T03:06:36.616+0000] {processor.py:183} INFO - Processing /home/airflow/.local/lib/python3.12/site-packages/airflow/example_dags/example_branch_operator.py took 0.063 seconds
[2026-03-19T03:15:41.815+0000] {processor.py:161} INFO - Started process (PID=36157) to work on /home/airflow/.local/lib/python3.12/site-packages/airflow/example_dags/example_branch_operator.py
[2026-03-19T03:15:41.816+0000] {processor.py:830} INFO - Processing file /home/airflow/.local/lib/python3.12/site-packages/airflow/example_dags/example_branch_operator.py for tasks to queue
[2026-03-19T03:15:41.817+0000] {logging_mixin.py:188} INFO - [2026-03-19T03:15:41.816+0000] {dagbag.py:545} INFO - Filling up the DagBag from /home/airflow/.local/lib/python3.12/site-packages/airflow/example_dags/example_branch_operator.py
[2026-03-19T03:15:41.829+0000] {processor.py:840} INFO - DAG(s) 'example_branch_operator' retrieved from /home/airflow/.local/lib/python3.12/site-packages/airflow/example_dags/example_branch_operator.py
[2026-03-19T03:15:41.852+0000] {logging_mixin.py:188} INFO - [2026-03-19T03:15:41.852+0000] {dag.py:3096} INFO - Sync 1 DAGs
[2026-03-19T03:15:41.875+0000] {logging_mixin.py:188} INFO - [2026-03-19T03:15:41.875+0000] {dag.py:3954} INFO - Setting next_dagrun for example_branch_operator to 2026-03-18 00:00:00+00:00, run_after=2026-03-19 00:00:00+00:00
[2026-03-19T03:15:41.891+0000] {processor.py:183} INFO - Processing /home/airflow/.local/lib/python3.12/site-packages/airflow/example_dags/example_branch_operator.py took 0.084 seconds
[2026-03-19T03:32:00.088+0000] {processor.py:161} INFO - Started process (PID=36216) to work on /home/airflow/.local/lib/python3.12/site-packages/airflow/example_dags/example_branch_operator.py
[2026-03-19T03:32:00.089+0000] {processor.py:830} INFO - Processing file /home/airflow/.local/lib/python3.12/site-packages/airflow/example_dags/example_branch_operator.py for tasks to queue
[2026-03-19T03:32:00.091+0000] {logging_mixin.py:188} INFO - [2026-03-19T03:32:00.091+0000] {dagbag.py:545} INFO - Filling up the DagBag from /home/airflow/.local/lib/python3.12/site-packages/airflow/example_dags/example_branch_operator.py
[2026-03-19T03:32:00.184+0000] {processor.py:840} INFO - DAG(s) 'example_branch_operator' retrieved from /home/airflow/.local/lib/python3.12/site-packages/airflow/example_dags/example_branch_operator.py
[2026-03-19T03:32:00.267+0000] {logging_mixin.py:188} INFO - [2026-03-19T03:32:00.266+0000] {dag.py:3096} INFO - Sync 1 DAGs
[2026-03-19T03:32:00.351+0000] {logging_mixin.py:188} INFO - [2026-03-19T03:32:00.351+0000] {dag.py:3954} INFO - Setting next_dagrun for example_branch_operator to 2026-03-18 00:00:00+00:00, run_after=2026-03-19 00:00:00+00:00
[2026-03-19T03:32:00.384+0000] {processor.py:183} INFO - Processing /home/airflow/.local/lib/python3.12/site-packages/airflow/example_dags/example_branch_operator.py took 0.309 seconds
[2026-03-19T04:16:41.501+0000] {processor.py:161} INFO - Started process (PID=36283) to work on /home/airflow/.local/lib/python3.12/site-packages/airflow/example_dags/example_branch_operator.py
[2026-03-19T04:16:41.506+0000] {processor.py:830} INFO - Processing file /home/airflow/.local/lib/python3.12/site-packages/airflow/example_dags/example_branch_operator.py for tasks to queue
[2026-03-19T04:16:41.509+0000] {logging_mixin.py:188} INFO - [2026-03-19T04:16:41.508+0000] {dagbag.py:545} INFO - Filling up the DagBag from /home/airflow/.local/lib/python3.12/site-packages/airflow/example_dags/example_branch_operator.py
[2026-03-19T04:16:41.539+0000] {processor.py:840} INFO - DAG(s) 'example_branch_operator' retrieved from /home/airflow/.local/lib/python3.12/site-packages/airflow/example_dags/example_branch_operator.py
[2026-03-19T04:16:41.581+0000] {logging_mixin.py:188} INFO - [2026-03-19T04:16:41.581+0000] {dag.py:3096} INFO - Sync 1 DAGs
[2026-03-19T04:16:41.629+0000] {logging_mixin.py:188} INFO - [2026-03-19T04:16:41.628+0000] {dag.py:3954} INFO - Setting next_dagrun for example_branch_operator to 2026-03-18 00:00:00+00:00, run_after=2026-03-19 00:00:00+00:00
[2026-03-19T04:16:41.659+0000] {processor.py:183} INFO - Processing /home/airflow/.local/lib/python3.12/site-packages/airflow/example_dags/example_branch_operator.py took 0.182 seconds
[2026-03-19T04:17:13.416+0000] {processor.py:161} INFO - Started process (PID=36350) to work on /home/airflow/.local/lib/python3.12/site-packages/airflow/example_dags/example_branch_operator.py
[2026-03-19T04:17:13.417+0000] {processor.py:830} INFO - Processing file /home/airflow/.local/lib/python3.12/site-packages/airflow/example_dags/example_branch_operator.py for tasks to queue
[2026-03-19T04:17:13.418+0000] {logging_mixin.py:188} INFO - [2026-03-19T04:17:13.418+0000] {dagbag.py:545} INFO - Filling up the DagBag from /home/airflow/.local/lib/python3.12/site-packages/airflow/example_dags/example_branch_operator.py
[2026-03-19T04:17:13.460+0000] {processor.py:840} INFO - DAG(s) 'example_branch_operator' retrieved from /home/airflow/.local/lib/python3.12/site-packages/airflow/example_dags/example_branch_operator.py
[2026-03-19T04:17:13.562+0000] {logging_mixin.py:188} INFO - [2026-03-19T04:17:13.561+0000] {dag.py:3096} INFO - Sync 1 DAGs
[2026-03-19T04:17:13.604+0000] {logging_mixin.py:188} INFO - [2026-03-19T04:17:13.604+0000] {dag.py:3954} INFO - Setting next_dagrun for example_branch_operator to 2026-03-18 00:00:00+00:00, run_after=2026-03-19 00:00:00+00:00
[2026-03-19T04:17:13.636+0000] {processor.py:183} INFO - Processing /home/airflow/.local/lib/python3.12/site-packages/airflow/example_dags/example_branch_operator.py took 0.237 seconds
[2026-03-19T05:17:36.532+0000] {processor.py:161} INFO - Started process (PID=36409) to work on /home/airflow/.local/lib/python3.12/site-packages/airflow/example_dags/example_branch_operator.py
[2026-03-19T05:17:36.540+0000] {processor.py:830} INFO - Processing file /home/airflow/.local/lib/python3.12/site-packages/airflow/example_dags/example_branch_operator.py for tasks to queue
[2026-03-19T05:17:36.544+0000] {logging_mixin.py:188} INFO - [2026-03-19T05:17:36.544+0000] {dagbag.py:545} INFO - Filling up the DagBag from /home/airflow/.local/lib/python3.12/site-packages/airflow/example_dags/example_branch_operator.py
[2026-03-19T05:17:36.560+0000] {processor.py:840} INFO - DAG(s) 'example_branch_operator' retrieved from /home/airflow/.local/lib/python3.12/site-packages/airflow/example_dags/example_branch_operator.py
[2026-03-19T05:17:36.611+0000] {logging_mixin.py:188} INFO - [2026-03-19T05:17:36.610+0000] {dag.py:3096} INFO - Sync 1 DAGs
[2026-03-19T05:17:36.642+0000] {logging_mixin.py:188} INFO - [2026-03-19T05:17:36.642+0000] {dag.py:3954} INFO - Setting next_dagrun for example_branch_operator to 2026-03-18 00:00:00+00:00, run_after=2026-03-19 00:00:00+00:00
[2026-03-19T05:17:36.665+0000] {processor.py:183} INFO - Processing /home/airflow/.local/lib/python3.12/site-packages/airflow/example_dags/example_branch_operator.py took 0.142 seconds
[2026-03-19T05:18:07.218+0000] {processor.py:161} INFO - Started process (PID=36468) to work on /home/airflow/.local/lib/python3.12/site-packages/airflow/example_dags/example_branch_operator.py
[2026-03-19T05:18:07.219+0000] {processor.py:830} INFO - Processing file /home/airflow/.local/lib/python3.12/site-packages/airflow/example_dags/example_branch_operator.py for tasks to queue
[2026-03-19T05:18:07.219+0000] {logging_mixin.py:188} INFO - [2026-03-19T05:18:07.219+0000] {dagbag.py:545} INFO - Filling up the DagBag from /home/airflow/.local/lib/python3.12/site-packages/airflow/example_dags/example_branch_operator.py
[2026-03-19T05:18:07.228+0000] {processor.py:840} INFO - DAG(s) 'example_branch_operator' retrieved from /home/airflow/.local/lib/python3.12/site-packages/airflow/example_dags/example_branch_operator.py
[2026-03-19T05:18:07.243+0000] {logging_mixin.py:188} INFO - [2026-03-19T05:18:07.243+0000] {dag.py:3096} INFO - Sync 1 DAGs
[2026-03-19T05:18:07.253+0000] {logging_mixin.py:188} INFO - [2026-03-19T05:18:07.253+0000] {dag.py:3954} INFO - Setting next_dagrun for example_branch_operator to 2026-03-18 00:00:00+00:00, run_after=2026-03-19 00:00:00+00:00
[2026-03-19T05:18:07.261+0000] {processor.py:183} INFO - Processing /home/airflow/.local/lib/python3.12/site-packages/airflow/example_dags/example_branch_operator.py took 0.047 seconds
[2026-03-19T06:18:33.860+0000] {processor.py:161} INFO - Started process (PID=36527) to work on /home/airflow/.local/lib/python3.12/site-packages/airflow/example_dags/example_branch_operator.py
[2026-03-19T06:18:33.862+0000] {processor.py:830} INFO - Processing file /home/airflow/.local/lib/python3.12/site-packages/airflow/example_dags/example_branch_operator.py for tasks to queue
[2026-03-19T06:18:33.863+0000] {logging_mixin.py:188} INFO - [2026-03-19T06:18:33.863+0000] {dagbag.py:545} INFO - Filling up the DagBag from /home/airflow/.local/lib/python3.12/site-packages/airflow/example_dags/example_branch_operator.py
[2026-03-19T06:18:33.887+0000] {processor.py:840} INFO - DAG(s) 'example_branch_operator' retrieved from /home/airflow/.local/lib/python3.12/site-packages/airflow/example_dags/example_branch_operator.py
[2026-03-19T06:18:33.935+0000] {logging_mixin.py:188} INFO - [2026-03-19T06:18:33.935+0000] {dag.py:3096} INFO - Sync 1 DAGs
[2026-03-19T06:18:33.980+0000] {logging_mixin.py:188} INFO - [2026-03-19T06:18:33.979+0000] {dag.py:3954} INFO - Setting next_dagrun for example_branch_operator to 2026-03-18 00:00:00+00:00, run_after=2026-03-19 00:00:00+00:00
[2026-03-19T06:18:34.025+0000] {processor.py:183} INFO - Processing /home/airflow/.local/lib/python3.12/site-packages/airflow/example_dags/example_branch_operator.py took 0.177 seconds
[2026-03-19T06:19:04.777+0000] {processor.py:161} INFO - Started process (PID=36594) to work on /home/airflow/.local/lib/python3.12/site-packages/airflow/example_dags/example_branch_operator.py
[2026-03-19T06:19:04.780+0000] {processor.py:830} INFO - Processing file /home/airflow/.local/lib/python3.12/site-packages/airflow/example_dags/example_branch_operator.py for tasks to queue
[2026-03-19T06:19:04.781+0000] {logging_mixin.py:188} INFO - [2026-03-19T06:19:04.781+0000] {dagbag.py:545} INFO - Filling up the DagBag from /home/airflow/.local/lib/python3.12/site-packages/airflow/example_dags/example_branch_operator.py
[2026-03-19T06:19:04.792+0000] {processor.py:840} INFO - DAG(s) 'example_branch_operator' retrieved from /home/airflow/.local/lib/python3.12/site-packages/airflow/example_dags/example_branch_operator.py
[2026-03-19T06:19:04.810+0000] {logging_mixin.py:188} INFO - [2026-03-19T06:19:04.810+0000] {dag.py:3096} INFO - Sync 1 DAGs
[2026-03-19T06:19:04.826+0000] {logging_mixin.py:188} INFO - [2026-03-19T06:19:04.825+0000] {dag.py:3954} INFO - Setting next_dagrun for example_branch_operator to 2026-03-18 00:00:00+00:00, run_after=2026-03-19 00:00:00+00:00
[2026-03-19T06:19:04.836+0000] {processor.py:183} INFO - Processing /home/airflow/.local/lib/python3.12/site-packages/airflow/example_dags/example_branch_operator.py took 0.063 seconds
[2026-03-19T07:19:33.342+0000] {processor.py:161} INFO - Started process (PID=36653) to work on /home/airflow/.local/lib/python3.12/site-packages/airflow/example_dags/example_branch_operator.py
[2026-03-19T07:19:33.349+0000] {processor.py:830} INFO - Processing file /home/airflow/.local/lib/python3.12/site-packages/airflow/example_dags/example_branch_operator.py for tasks to queue
[2026-03-19T07:19:33.354+0000] {logging_mixin.py:188} INFO - [2026-03-19T07:19:33.353+0000] {dagbag.py:545} INFO - Filling up the DagBag from /home/airflow/.local/lib/python3.12/site-packages/airflow/example_dags/example_branch_operator.py
[2026-03-19T07:19:33.416+0000] {processor.py:840} INFO - DAG(s) 'example_branch_operator' retrieved from /home/airflow/.local/lib/python3.12/site-packages/airflow/example_dags/example_branch_operator.py
[2026-03-19T07:19:33.503+0000] {logging_mixin.py:188} INFO - [2026-03-19T07:19:33.502+0000] {dag.py:3096} INFO - Sync 1 DAGs
[2026-03-19T07:19:33.568+0000] {logging_mixin.py:188} INFO - [2026-03-19T07:19:33.568+0000] {dag.py:3954} INFO - Setting next_dagrun for example_branch_operator to 2026-03-18 00:00:00+00:00, run_after=2026-03-19 00:00:00+00:00
[2026-03-19T07:19:33.622+0000] {processor.py:183} INFO - Processing /home/airflow/.local/lib/python3.12/site-packages/airflow/example_dags/example_branch_operator.py took 0.305 seconds
[2026-03-19T07:20:04.054+0000] {processor.py:161} INFO - Started process (PID=36721) to work on /home/airflow/.local/lib/python3.12/site-packages/airflow/example_dags/example_branch_operator.py
[2026-03-19T07:20:04.056+0000] {processor.py:830} INFO - Processing file /home/airflow/.local/lib/python3.12/site-packages/airflow/example_dags/example_branch_operator.py for tasks to queue
[2026-03-19T07:20:04.057+0000] {logging_mixin.py:188} INFO - [2026-03-19T07:20:04.057+0000] {dagbag.py:545} INFO - Filling up the DagBag from /home/airflow/.local/lib/python3.12/site-packages/airflow/example_dags/example_branch_operator.py
[2026-03-19T07:20:04.076+0000] {processor.py:840} INFO - DAG(s) 'example_branch_operator' retrieved from /home/airflow/.local/lib/python3.12/site-packages/airflow/example_dags/example_branch_operator.py
[2026-03-19T07:20:04.103+0000] {logging_mixin.py:188} INFO - [2026-03-19T07:20:04.103+0000] {dag.py:3096} INFO - Sync 1 DAGs
[2026-03-19T07:20:04.123+0000] {logging_mixin.py:188} INFO - [2026-03-19T07:20:04.123+0000] {dag.py:3954} INFO - Setting next_dagrun for example_branch_operator to 2026-03-18 00:00:00+00:00, run_after=2026-03-19 00:00:00+00:00
[2026-03-19T07:20:04.133+0000] {processor.py:183} INFO - Processing /home/airflow/.local/lib/python3.12/site-packages/airflow/example_dags/example_branch_operator.py took 0.087 seconds
[2026-03-19T07:37:29.391+0000] {processor.py:161} INFO - Started process (PID=36779) to work on /home/airflow/.local/lib/python3.12/site-packages/airflow/example_dags/example_branch_operator.py
[2026-03-19T07:37:29.394+0000] {processor.py:830} INFO - Processing file /home/airflow/.local/lib/python3.12/site-packages/airflow/example_dags/example_branch_operator.py for tasks to queue
[2026-03-19T07:37:29.397+0000] {logging_mixin.py:188} INFO - [2026-03-19T07:37:29.396+0000] {dagbag.py:545} INFO - Filling up the DagBag from /home/airflow/.local/lib/python3.12/site-packages/airflow/example_dags/example_branch_operator.py
[2026-03-19T07:37:29.419+0000] {processor.py:840} INFO - DAG(s) 'example_branch_operator' retrieved from /home/airflow/.local/lib/python3.12/site-packages/airflow/example_dags/example_branch_operator.py
[2026-03-19T07:37:29.452+0000] {logging_mixin.py:188} INFO - [2026-03-19T07:37:29.452+0000] {dag.py:3096} INFO - Sync 1 DAGs
[2026-03-19T07:37:29.483+0000] {logging_mixin.py:188} INFO - [2026-03-19T07:37:29.481+0000] {dag.py:3954} INFO - Setting next_dagrun for example_branch_operator to 2026-03-18 00:00:00+00:00, run_after=2026-03-19 00:00:00+00:00
[2026-03-19T07:37:29.521+0000] {processor.py:183} INFO - Processing /home/airflow/.local/lib/python3.12/site-packages/airflow/example_dags/example_branch_operator.py took 0.140 seconds
[2026-03-19T07:37:59.726+0000] {processor.py:161} INFO - Started process (PID=36846) to work on /home/airflow/.local/lib/python3.12/site-packages/airflow/example_dags/example_branch_operator.py
[2026-03-19T07:37:59.728+0000] {processor.py:830} INFO - Processing file /home/airflow/.local/lib/python3.12/site-packages/airflow/example_dags/example_branch_operator.py for tasks to queue
[2026-03-19T07:37:59.728+0000] {logging_mixin.py:188} INFO - [2026-03-19T07:37:59.728+0000] {dagbag.py:545} INFO - Filling up the DagBag from /home/airflow/.local/lib/python3.12/site-packages/airflow/example_dags/example_branch_operator.py
[2026-03-19T07:37:59.737+0000] {processor.py:840} INFO - DAG(s) 'example_branch_operator' retrieved from /home/airflow/.local/lib/python3.12/site-packages/airflow/example_dags/example_branch_operator.py
[2026-03-19T07:37:59.756+0000] {logging_mixin.py:188} INFO - [2026-03-19T07:37:59.756+0000] {dag.py:3096} INFO - Sync 1 DAGs
[2026-03-19T07:37:59.773+0000] {logging_mixin.py:188} INFO - [2026-03-19T07:37:59.773+0000] {dag.py:3954} INFO - Setting next_dagrun for example_branch_operator to 2026-03-18 00:00:00+00:00, run_after=2026-03-19 00:00:00+00:00
[2026-03-19T07:37:59.784+0000] {processor.py:183} INFO - Processing /home/airflow/.local/lib/python3.12/site-packages/airflow/example_dags/example_branch_operator.py took 0.061 seconds
[2026-03-19T07:48:55.839+0000] {processor.py:161} INFO - Started process (PID=36905) to work on /home/airflow/.local/lib/python3.12/site-packages/airflow/example_dags/example_branch_operator.py
[2026-03-19T07:48:55.840+0000] {processor.py:830} INFO - Processing file /home/airflow/.local/lib/python3.12/site-packages/airflow/example_dags/example_branch_operator.py for tasks to queue
[2026-03-19T07:48:55.840+0000] {logging_mixin.py:188} INFO - [2026-03-19T07:48:55.840+0000] {dagbag.py:545} INFO - Filling up the DagBag from /home/airflow/.local/lib/python3.12/site-packages/airflow/example_dags/example_branch_operator.py
[2026-03-19T07:48:55.852+0000] {processor.py:840} INFO - DAG(s) 'example_branch_operator' retrieved from /home/airflow/.local/lib/python3.12/site-packages/airflow/example_dags/example_branch_operator.py
[2026-03-19T07:48:55.876+0000] {logging_mixin.py:188} INFO - [2026-03-19T07:48:55.876+0000] {dag.py:3096} INFO - Sync 1 DAGs
[2026-03-19T07:48:55.894+0000] {logging_mixin.py:188} INFO - [2026-03-19T07:48:55.894+0000] {dag.py:3954} INFO - Setting next_dagrun for example_branch_operator to 2026-03-18 00:00:00+00:00, run_after=2026-03-19 00:00:00+00:00
[2026-03-19T07:48:55.911+0000] {processor.py:183} INFO - Processing /home/airflow/.local/lib/python3.12/site-packages/airflow/example_dags/example_branch_operator.py took 0.075 seconds
[2026-03-19T07:49:27.718+0000] {processor.py:161} INFO - Started process (PID=36964) to work on /home/airflow/.local/lib/python3.12/site-packages/airflow/example_dags/example_branch_operator.py
[2026-03-19T07:49:27.720+0000] {processor.py:830} INFO - Processing file /home/airflow/.local/lib/python3.12/site-packages/airflow/example_dags/example_branch_operator.py for tasks to queue
[2026-03-19T07:49:27.722+0000] {logging_mixin.py:188} INFO - [2026-03-19T07:49:27.722+0000] {dagbag.py:545} INFO - Filling up the DagBag from /home/airflow/.local/lib/python3.12/site-packages/airflow/example_dags/example_branch_operator.py
[2026-03-19T07:49:27.745+0000] {processor.py:840} INFO - DAG(s) 'example_branch_operator' retrieved from /home/airflow/.local/lib/python3.12/site-packages/airflow/example_dags/example_branch_operator.py
[2026-03-19T07:49:27.787+0000] {logging_mixin.py:188} INFO - [2026-03-19T07:49:27.787+0000] {dag.py:3096} INFO - Sync 1 DAGs
[2026-03-19T07:49:27.813+0000] {logging_mixin.py:188} INFO - [2026-03-19T07:49:27.812+0000] {dag.py:3954} INFO - Setting next_dagrun for example_branch_operator to 2026-03-18 00:00:00+00:00, run_after=2026-03-19 00:00:00+00:00
[2026-03-19T07:49:27.844+0000] {processor.py:183} INFO - Processing /home/airflow/.local/lib/python3.12/site-packages/airflow/example_dags/example_branch_operator.py took 0.131 seconds
[2026-03-19T07:49:57.922+0000] {processor.py:161} INFO - Started process (PID=37023) to work on /home/airflow/.local/lib/python3.12/site-packages/airflow/example_dags/example_branch_operator.py
[2026-03-19T07:49:57.923+0000] {processor.py:830} INFO - Processing file /home/airflow/.local/lib/python3.12/site-packages/airflow/example_dags/example_branch_operator.py for tasks to queue
[2026-03-19T07:49:57.923+0000] {logging_mixin.py:188} INFO - [2026-03-19T07:49:57.923+0000] {dagbag.py:545} INFO - Filling up the DagBag from /home/airflow/.local/lib/python3.12/site-packages/airflow/example_dags/example_branch_operator.py
[2026-03-19T07:49:57.931+0000] {processor.py:840} INFO - DAG(s) 'example_branch_operator' retrieved from /home/airflow/.local/lib/python3.12/site-packages/airflow/example_dags/example_branch_operator.py
[2026-03-19T07:49:57.946+0000] {logging_mixin.py:188} INFO - [2026-03-19T07:49:57.945+0000] {dag.py:3096} INFO - Sync 1 DAGs
[2026-03-19T07:49:57.957+0000] {logging_mixin.py:188} INFO - [2026-03-19T07:49:57.957+0000] {dag.py:3954} INFO - Setting next_dagrun for example_branch_operator to 2026-03-18 00:00:00+00:00, run_after=2026-03-19 00:00:00+00:00
[2026-03-19T07:49:57.965+0000] {processor.py:183} INFO - Processing /home/airflow/.local/lib/python3.12/site-packages/airflow/example_dags/example_branch_operator.py took 0.046 seconds
[2026-03-19T07:50:28.485+0000] {processor.py:161} INFO - Started process (PID=37082) to work on /home/airflow/.local/lib/python3.12/site-packages/airflow/example_dags/example_branch_operator.py
[2026-03-19T07:50:28.486+0000] {processor.py:830} INFO - Processing file /home/airflow/.local/lib/python3.12/site-packages/airflow/example_dags/example_branch_operator.py for tasks to queue
[2026-03-19T07:50:28.488+0000] {logging_mixin.py:188} INFO - [2026-03-19T07:50:28.488+0000] {dagbag.py:545} INFO - Filling up the DagBag from /home/airflow/.local/lib/python3.12/site-packages/airflow/example_dags/example_branch_operator.py
[2026-03-19T07:50:28.502+0000] {processor.py:840} INFO - DAG(s) 'example_branch_operator' retrieved from /home/airflow/.local/lib/python3.12/site-packages/airflow/example_dags/example_branch_operator.py
[2026-03-19T07:50:28.521+0000] {logging_mixin.py:188} INFO - [2026-03-19T07:50:28.520+0000] {dag.py:3096} INFO - Sync 1 DAGs
[2026-03-19T07:50:28.533+0000] {logging_mixin.py:188} INFO - [2026-03-19T07:50:28.533+0000] {dag.py:3954} INFO - Setting next_dagrun for example_branch_operator to 2026-03-18 00:00:00+00:00, run_after=2026-03-19 00:00:00+00:00
[2026-03-19T07:50:28.544+0000] {processor.py:183} INFO - Processing /home/airflow/.local/lib/python3.12/site-packages/airflow/example_dags/example_branch_operator.py took 0.063 seconds
[2026-03-19T07:50:59.064+0000] {processor.py:161} INFO - Started process (PID=37141) to work on /home/airflow/.local/lib/python3.12/site-packages/airflow/example_dags/example_branch_operator.py
[2026-03-19T07:50:59.065+0000] {processor.py:830} INFO - Processing file /home/airflow/.local/lib/python3.12/site-packages/airflow/example_dags/example_branch_operator.py for tasks to queue
[2026-03-19T07:50:59.066+0000] {logging_mixin.py:188} INFO - [2026-03-19T07:50:59.065+0000] {dagbag.py:545} INFO - Filling up the DagBag from /home/airflow/.local/lib/python3.12/site-packages/airflow/example_dags/example_branch_operator.py
[2026-03-19T07:50:59.074+0000] {processor.py:840} INFO - DAG(s) 'example_branch_operator' retrieved from /home/airflow/.local/lib/python3.12/site-packages/airflow/example_dags/example_branch_operator.py
[2026-03-19T07:50:59.096+0000] {logging_mixin.py:188} INFO - [2026-03-19T07:50:59.096+0000] {dag.py:3096} INFO - Sync 1 DAGs
[2026-03-19T07:50:59.107+0000] {logging_mixin.py:188} INFO - [2026-03-19T07:50:59.107+0000] {dag.py:3954} INFO - Setting next_dagrun for example_branch_operator to 2026-03-18 00:00:00+00:00, run_after=2026-03-19 00:00:00+00:00
[2026-03-19T07:50:59.115+0000] {processor.py:183} INFO - Processing /home/airflow/.local/lib/python3.12/site-packages/airflow/example_dags/example_branch_operator.py took 0.054 seconds
[2026-03-19T07:51:29.815+0000] {processor.py:161} INFO - Started process (PID=37200) to work on /home/airflow/.local/lib/python3.12/site-packages/airflow/example_dags/example_branch_operator.py
[2026-03-19T07:51:29.817+0000] {processor.py:830} INFO - Processing file /home/airflow/.local/lib/python3.12/site-packages/airflow/example_dags/example_branch_operator.py for tasks to queue
[2026-03-19T07:51:29.818+0000] {logging_mixin.py:188} INFO - [2026-03-19T07:51:29.818+0000] {dagbag.py:545} INFO - Filling up the DagBag from /home/airflow/.local/lib/python3.12/site-packages/airflow/example_dags/example_branch_operator.py
[2026-03-19T07:51:29.828+0000] {processor.py:840} INFO - DAG(s) 'example_branch_operator' retrieved from /home/airflow/.local/lib/python3.12/site-packages/airflow/example_dags/example_branch_operator.py
[2026-03-19T07:51:29.843+0000] {logging_mixin.py:188} INFO - [2026-03-19T07:51:29.842+0000] {dag.py:3096} INFO - Sync 1 DAGs
[2026-03-19T07:51:29.853+0000] {logging_mixin.py:188} INFO - [2026-03-19T07:51:29.853+0000] {dag.py:3954} INFO - Setting next_dagrun for example_branch_operator to 2026-03-18 00:00:00+00:00, run_after=2026-03-19 00:00:00+00:00
[2026-03-19T07:51:29.861+0000] {processor.py:183} INFO - Processing /home/airflow/.local/lib/python3.12/site-packages/airflow/example_dags/example_branch_operator.py took 0.051 seconds
[2026-03-19T07:52:00.486+0000] {processor.py:161} INFO - Started process (PID=37259) to work on /home/airflow/.local/lib/python3.12/site-packages/airflow/example_dags/example_branch_operator.py
[2026-03-19T07:52:00.491+0000] {processor.py:830} INFO - Processing file /home/airflow/.local/lib/python3.12/site-packages/airflow/example_dags/example_branch_operator.py for tasks to queue
[2026-03-19T07:52:00.498+0000] {logging_mixin.py:188} INFO - [2026-03-19T07:52:00.496+0000] {dagbag.py:545} INFO - Filling up the DagBag from /home/airflow/.local/lib/python3.12/site-packages/airflow/example_dags/example_branch_operator.py
[2026-03-19T07:52:00.537+0000] {processor.py:840} INFO - DAG(s) 'example_branch_operator' retrieved from /home/airflow/.local/lib/python3.12/site-packages/airflow/example_dags/example_branch_operator.py
[2026-03-19T07:52:00.594+0000] {logging_mixin.py:188} INFO - [2026-03-19T07:52:00.593+0000] {dag.py:3096} INFO - Sync 1 DAGs
[2026-03-19T07:52:00.670+0000] {logging_mixin.py:188} INFO - [2026-03-19T07:52:00.669+0000] {dag.py:3954} INFO - Setting next_dagrun for example_branch_operator to 2026-03-18 00:00:00+00:00, run_after=2026-03-19 00:00:00+00:00
[2026-03-19T07:52:00.737+0000] {processor.py:183} INFO - Processing /home/airflow/.local/lib/python3.12/site-packages/airflow/example_dags/example_branch_operator.py took 0.267 seconds
[2026-03-19T07:52:30.916+0000] {processor.py:161} INFO - Started process (PID=37318) to work on /home/airflow/.local/lib/python3.12/site-packages/airflow/example_dags/example_branch_operator.py
[2026-03-19T07:52:30.917+0000] {processor.py:830} INFO - Processing file /home/airflow/.local/lib/python3.12/site-packages/airflow/example_dags/example_branch_operator.py for tasks to queue
[2026-03-19T07:52:30.920+0000] {logging_mixin.py:188} INFO - [2026-03-19T07:52:30.920+0000] {dagbag.py:545} INFO - Filling up the DagBag from /home/airflow/.local/lib/python3.12/site-packages/airflow/example_dags/example_branch_operator.py
[2026-03-19T07:52:30.930+0000] {processor.py:840} INFO - DAG(s) 'example_branch_operator' retrieved from /home/airflow/.local/lib/python3.12/site-packages/airflow/example_dags/example_branch_operator.py
[2026-03-19T07:52:30.958+0000] {logging_mixin.py:188} INFO - [2026-03-19T07:52:30.958+0000] {dag.py:3096} INFO - Sync 1 DAGs
[2026-03-19T07:52:30.970+0000] {logging_mixin.py:188} INFO - [2026-03-19T07:52:30.970+0000] {dag.py:3954} INFO - Setting next_dagrun for example_branch_operator to 2026-03-18 00:00:00+00:00, run_after=2026-03-19 00:00:00+00:00
[2026-03-19T07:52:30.979+0000] {processor.py:183} INFO - Processing /home/airflow/.local/lib/python3.12/site-packages/airflow/example_dags/example_branch_operator.py took 0.066 seconds
[2026-03-19T07:53:01.705+0000] {processor.py:161} INFO - Started process (PID=37377) to work on /home/airflow/.local/lib/python3.12/site-packages/airflow/example_dags/example_branch_operator.py
[2026-03-19T07:53:01.706+0000] {processor.py:830} INFO - Processing file /home/airflow/.local/lib/python3.12/site-packages/airflow/example_dags/example_branch_operator.py for tasks to queue
[2026-03-19T07:53:01.706+0000] {logging_mixin.py:188} INFO - [2026-03-19T07:53:01.706+0000] {dagbag.py:545} INFO - Filling up the DagBag from /home/airflow/.local/lib/python3.12/site-packages/airflow/example_dags/example_branch_operator.py
[2026-03-19T07:53:01.715+0000] {processor.py:840} INFO - DAG(s) 'example_branch_operator' retrieved from /home/airflow/.local/lib/python3.12/site-packages/airflow/example_dags/example_branch_operator.py
[2026-03-19T07:53:01.732+0000] {logging_mixin.py:188} INFO - [2026-03-19T07:53:01.732+0000] {dag.py:3096} INFO - Sync 1 DAGs
[2026-03-19T07:53:01.744+0000] {logging_mixin.py:188} INFO - [2026-03-19T07:53:01.744+0000] {dag.py:3954} INFO - Setting next_dagrun for example_branch_operator to 2026-03-18 00:00:00+00:00, run_after=2026-03-19 00:00:00+00:00
[2026-03-19T07:53:01.755+0000] {processor.py:183} INFO - Processing /home/airflow/.local/lib/python3.12/site-packages/airflow/example_dags/example_branch_operator.py took 0.053 seconds
[2026-03-19T07:53:32.161+0000] {processor.py:161} INFO - Started process (PID=37436) to work on /home/airflow/.local/lib/python3.12/site-packages/airflow/example_dags/example_branch_operator.py
[2026-03-19T07:53:32.163+0000] {processor.py:830} INFO - Processing file /home/airflow/.local/lib/python3.12/site-packages/airflow/example_dags/example_branch_operator.py for tasks to queue
[2026-03-19T07:53:32.164+0000] {logging_mixin.py:188} INFO - [2026-03-19T07:53:32.163+0000] {dagbag.py:545} INFO - Filling up the DagBag from /home/airflow/.local/lib/python3.12/site-packages/airflow/example_dags/example_branch_operator.py
[2026-03-19T07:53:32.174+0000] {processor.py:840} INFO - DAG(s) 'example_branch_operator' retrieved from /home/airflow/.local/lib/python3.12/site-packages/airflow/example_dags/example_branch_operator.py
[2026-03-19T07:53:32.193+0000] {logging_mixin.py:188} INFO - [2026-03-19T07:53:32.193+0000] {dag.py:3096} INFO - Sync 1 DAGs
[2026-03-19T07:53:32.206+0000] {logging_mixin.py:188} INFO - [2026-03-19T07:53:32.206+0000] {dag.py:3954} INFO - Setting next_dagrun for example_branch_operator to 2026-03-18 00:00:00+00:00, run_after=2026-03-19 00:00:00+00:00
[2026-03-19T07:53:32.217+0000] {processor.py:183} INFO - Processing /home/airflow/.local/lib/python3.12/site-packages/airflow/example_dags/example_branch_operator.py took 0.058 seconds
[2026-03-19T07:54:02.524+0000] {processor.py:161} INFO - Started process (PID=37495) to work on /home/airflow/.local/lib/python3.12/site-packages/airflow/example_dags/example_branch_operator.py
[2026-03-19T07:54:02.528+0000] {processor.py:830} INFO - Processing file /home/airflow/.local/lib/python3.12/site-packages/airflow/example_dags/example_branch_operator.py for tasks to queue
[2026-03-19T07:54:02.529+0000] {logging_mixin.py:188} INFO - [2026-03-19T07:54:02.529+0000] {dagbag.py:545} INFO - Filling up the DagBag from /home/airflow/.local/lib/python3.12/site-packages/airflow/example_dags/example_branch_operator.py
[2026-03-19T07:54:02.541+0000] {processor.py:840} INFO - DAG(s) 'example_branch_operator' retrieved from /home/airflow/.local/lib/python3.12/site-packages/airflow/example_dags/example_branch_operator.py
[2026-03-19T07:54:02.557+0000] {logging_mixin.py:188} INFO - [2026-03-19T07:54:02.557+0000] {dag.py:3096} INFO - Sync 1 DAGs
[2026-03-19T07:54:02.568+0000] {logging_mixin.py:188} INFO - [2026-03-19T07:54:02.568+0000] {dag.py:3954} INFO - Setting next_dagrun for example_branch_operator to 2026-03-18 00:00:00+00:00, run_after=2026-03-19 00:00:00+00:00
[2026-03-19T07:54:02.577+0000] {processor.py:183} INFO - Processing /home/airflow/.local/lib/python3.12/site-packages/airflow/example_dags/example_branch_operator.py took 0.058 seconds
[2026-03-19T07:54:32.823+0000] {processor.py:161} INFO - Started process (PID=37554) to work on /home/airflow/.local/lib/python3.12/site-packages/airflow/example_dags/example_branch_operator.py
[2026-03-19T07:54:32.824+0000] {processor.py:830} INFO - Processing file /home/airflow/.local/lib/python3.12/site-packages/airflow/example_dags/example_branch_operator.py for tasks to queue
[2026-03-19T07:54:32.824+0000] {logging_mixin.py:188} INFO - [2026-03-19T07:54:32.824+0000] {dagbag.py:545} INFO - Filling up the DagBag from /home/airflow/.local/lib/python3.12/site-packages/airflow/example_dags/example_branch_operator.py
[2026-03-19T07:54:32.832+0000] {processor.py:840} INFO - DAG(s) 'example_branch_operator' retrieved from /home/airflow/.local/lib/python3.12/site-packages/airflow/example_dags/example_branch_operator.py
[2026-03-19T07:54:32.845+0000] {logging_mixin.py:188} INFO - [2026-03-19T07:54:32.845+0000] {dag.py:3096} INFO - Sync 1 DAGs
[2026-03-19T07:54:32.855+0000] {logging_mixin.py:188} INFO - [2026-03-19T07:54:32.855+0000] {dag.py:3954} INFO - Setting next_dagrun for example_branch_operator to 2026-03-18 00:00:00+00:00, run_after=2026-03-19 00:00:00+00:00
[2026-03-19T07:54:32.862+0000] {processor.py:183} INFO - Processing /home/airflow/.local/lib/python3.12/site-packages/airflow/example_dags/example_branch_operator.py took 0.042 seconds
[2026-03-19T07:55:03.214+0000] {processor.py:161} INFO - Started process (PID=37613) to work on /home/airflow/.local/lib/python3.12/site-packages/airflow/example_dags/example_branch_operator.py
[2026-03-19T07:55:03.215+0000] {processor.py:830} INFO - Processing file /home/airflow/.local/lib/python3.12/site-packages/airflow/example_dags/example_branch_operator.py for tasks to queue
[2026-03-19T07:55:03.215+0000] {logging_mixin.py:188} INFO - [2026-03-19T07:55:03.215+0000] {dagbag.py:545} INFO - Filling up the DagBag from /home/airflow/.local/lib/python3.12/site-packages/airflow/example_dags/example_branch_operator.py
[2026-03-19T07:55:03.224+0000] {processor.py:840} INFO - DAG(s) 'example_branch_operator' retrieved from /home/airflow/.local/lib/python3.12/site-packages/airflow/example_dags/example_branch_operator.py
[2026-03-19T07:55:03.238+0000] {logging_mixin.py:188} INFO - [2026-03-19T07:55:03.238+0000] {dag.py:3096} INFO - Sync 1 DAGs
[2026-03-19T07:55:03.248+0000] {logging_mixin.py:188} INFO - [2026-03-19T07:55:03.248+0000] {dag.py:3954} INFO - Setting next_dagrun for example_branch_operator to 2026-03-18 00:00:00+00:00, run_after=2026-03-19 00:00:00+00:00
[2026-03-19T07:55:03.256+0000] {processor.py:183} INFO - Processing /home/airflow/.local/lib/python3.12/site-packages/airflow/example_dags/example_branch_operator.py took 0.045 seconds
[2026-03-19T07:55:33.889+0000] {processor.py:161} INFO - Started process (PID=37672) to work on /home/airflow/.local/lib/python3.12/site-packages/airflow/example_dags/example_branch_operator.py
[2026-03-19T07:55:33.890+0000] {processor.py:830} INFO - Processing file /home/airflow/.local/lib/python3.12/site-packages/airflow/example_dags/example_branch_operator.py for tasks to queue
[2026-03-19T07:55:33.892+0000] {logging_mixin.py:188} INFO - [2026-03-19T07:55:33.892+0000] {dagbag.py:545} INFO - Filling up the DagBag from /home/airflow/.local/lib/python3.12/site-packages/airflow/example_dags/example_branch_operator.py
[2026-03-19T07:55:33.906+0000] {processor.py:840} INFO - DAG(s) 'example_branch_operator' retrieved from /home/airflow/.local/lib/python3.12/site-packages/airflow/example_dags/example_branch_operator.py
[2026-03-19T07:55:33.927+0000] {logging_mixin.py:188} INFO - [2026-03-19T07:55:33.927+0000] {dag.py:3096} INFO - Sync 1 DAGs
[2026-03-19T07:55:33.944+0000] {logging_mixin.py:188} INFO - [2026-03-19T07:55:33.944+0000] {dag.py:3954} INFO - Setting next_dagrun for example_branch_operator to 2026-03-18 00:00:00+00:00, run_after=2026-03-19 00:00:00+00:00
[2026-03-19T07:55:33.957+0000] {processor.py:183} INFO - Processing /home/airflow/.local/lib/python3.12/site-packages/airflow/example_dags/example_branch_operator.py took 0.071 seconds
[2026-03-19T07:56:04.389+0000] {processor.py:161} INFO - Started process (PID=37731) to work on /home/airflow/.local/lib/python3.12/site-packages/airflow/example_dags/example_branch_operator.py
[2026-03-19T07:56:04.390+0000] {processor.py:830} INFO - Processing file /home/airflow/.local/lib/python3.12/site-packages/airflow/example_dags/example_branch_operator.py for tasks to queue
[2026-03-19T07:56:04.390+0000] {logging_mixin.py:188} INFO - [2026-03-19T07:56:04.390+0000] {dagbag.py:545} INFO - Filling up the DagBag from /home/airflow/.local/lib/python3.12/site-packages/airflow/example_dags/example_branch_operator.py
[2026-03-19T07:56:04.399+0000] {processor.py:840} INFO - DAG(s) 'example_branch_operator' retrieved from /home/airflow/.local/lib/python3.12/site-packages/airflow/example_dags/example_branch_operator.py
[2026-03-19T07:56:04.416+0000] {logging_mixin.py:188} INFO - [2026-03-19T07:56:04.416+0000] {dag.py:3096} INFO - Sync 1 DAGs
[2026-03-19T07:56:04.426+0000] {logging_mixin.py:188} INFO - [2026-03-19T07:56:04.426+0000] {dag.py:3954} INFO - Setting next_dagrun for example_branch_operator to 2026-03-18 00:00:00+00:00, run_after=2026-03-19 00:00:00+00:00
[2026-03-19T07:56:04.434+0000] {processor.py:183} INFO - Processing /home/airflow/.local/lib/python3.12/site-packages/airflow/example_dags/example_branch_operator.py took 0.048 seconds
[2026-03-19T07:56:36.000+0000] {processor.py:161} INFO - Started process (PID=37790) to work on /home/airflow/.local/lib/python3.12/site-packages/airflow/example_dags/example_branch_operator.py
[2026-03-19T07:56:36.004+0000] {processor.py:830} INFO - Processing file /home/airflow/.local/lib/python3.12/site-packages/airflow/example_dags/example_branch_operator.py for tasks to queue
[2026-03-19T07:56:36.007+0000] {logging_mixin.py:188} INFO - [2026-03-19T07:56:36.007+0000] {dagbag.py:545} INFO - Filling up the DagBag from /home/airflow/.local/lib/python3.12/site-packages/airflow/example_dags/example_branch_operator.py
[2026-03-19T07:56:36.029+0000] {processor.py:840} INFO - DAG(s) 'example_branch_operator' retrieved from /home/airflow/.local/lib/python3.12/site-packages/airflow/example_dags/example_branch_operator.py
[2026-03-19T07:56:36.090+0000] {logging_mixin.py:188} INFO - [2026-03-19T07:56:36.089+0000] {dag.py:3096} INFO - Sync 1 DAGs
[2026-03-19T07:56:36.133+0000] {logging_mixin.py:188} INFO - [2026-03-19T07:56:36.133+0000] {dag.py:3954} INFO - Setting next_dagrun for example_branch_operator to 2026-03-18 00:00:00+00:00, run_after=2026-03-19 00:00:00+00:00
[2026-03-19T07:56:36.211+0000] {processor.py:183} INFO - Processing /home/airflow/.local/lib/python3.12/site-packages/airflow/example_dags/example_branch_operator.py took 0.224 seconds
[2026-03-19T07:57:07.086+0000] {processor.py:161} INFO - Started process (PID=37849) to work on /home/airflow/.local/lib/python3.12/site-packages/airflow/example_dags/example_branch_operator.py
[2026-03-19T07:57:07.087+0000] {processor.py:830} INFO - Processing file /home/airflow/.local/lib/python3.12/site-packages/airflow/example_dags/example_branch_operator.py for tasks to queue
[2026-03-19T07:57:07.087+0000] {logging_mixin.py:188} INFO - [2026-03-19T07:57:07.087+0000] {dagbag.py:545} INFO - Filling up the DagBag from /home/airflow/.local/lib/python3.12/site-packages/airflow/example_dags/example_branch_operator.py
[2026-03-19T07:57:07.096+0000] {processor.py:840} INFO - DAG(s) 'example_branch_operator' retrieved from /home/airflow/.local/lib/python3.12/site-packages/airflow/example_dags/example_branch_operator.py
[2026-03-19T07:57:07.111+0000] {logging_mixin.py:188} INFO - [2026-03-19T07:57:07.111+0000] {dag.py:3096} INFO - Sync 1 DAGs
[2026-03-19T07:57:07.125+0000] {logging_mixin.py:188} INFO - [2026-03-19T07:57:07.125+0000] {dag.py:3954} INFO - Setting next_dagrun for example_branch_operator to 2026-03-18 00:00:00+00:00, run_after=2026-03-19 00:00:00+00:00
[2026-03-19T07:57:07.136+0000] {processor.py:183} INFO - Processing /home/airflow/.local/lib/python3.12/site-packages/airflow/example_dags/example_branch_operator.py took 0.054 seconds
[2026-03-19T07:57:37.246+0000] {processor.py:161} INFO - Started process (PID=37908) to work on /home/airflow/.local/lib/python3.12/site-packages/airflow/example_dags/example_branch_operator.py
[2026-03-19T07:57:37.249+0000] {processor.py:830} INFO - Processing file /home/airflow/.local/lib/python3.12/site-packages/airflow/example_dags/example_branch_operator.py for tasks to queue
[2026-03-19T07:57:37.250+0000] {logging_mixin.py:188} INFO - [2026-03-19T07:57:37.250+0000] {dagbag.py:545} INFO - Filling up the DagBag from /home/airflow/.local/lib/python3.12/site-packages/airflow/example_dags/example_branch_operator.py
[2026-03-19T07:57:37.265+0000] {processor.py:840} INFO - DAG(s) 'example_branch_operator' retrieved from /home/airflow/.local/lib/python3.12/site-packages/airflow/example_dags/example_branch_operator.py
[2026-03-19T07:57:37.290+0000] {logging_mixin.py:188} INFO - [2026-03-19T07:57:37.290+0000] {dag.py:3096} INFO - Sync 1 DAGs
[2026-03-19T07:57:37.305+0000] {logging_mixin.py:188} INFO - [2026-03-19T07:57:37.305+0000] {dag.py:3954} INFO - Setting next_dagrun for example_branch_operator to 2026-03-18 00:00:00+00:00, run_after=2026-03-19 00:00:00+00:00
[2026-03-19T07:57:37.316+0000] {processor.py:183} INFO - Processing /home/airflow/.local/lib/python3.12/site-packages/airflow/example_dags/example_branch_operator.py took 0.077 seconds
[2026-03-19T07:58:07.586+0000] {processor.py:161} INFO - Started process (PID=37967) to work on /home/airflow/.local/lib/python3.12/site-packages/airflow/example_dags/example_branch_operator.py
[2026-03-19T07:58:07.588+0000] {processor.py:830} INFO - Processing file /home/airflow/.local/lib/python3.12/site-packages/airflow/example_dags/example_branch_operator.py for tasks to queue
[2026-03-19T07:58:07.589+0000] {logging_mixin.py:188} INFO - [2026-03-19T07:58:07.588+0000] {dagbag.py:545} INFO - Filling up the DagBag from /home/airflow/.local/lib/python3.12/site-packages/airflow/example_dags/example_branch_operator.py
[2026-03-19T07:58:07.605+0000] {processor.py:840} INFO - DAG(s) 'example_branch_operator' retrieved from /home/airflow/.local/lib/python3.12/site-packages/airflow/example_dags/example_branch_operator.py
[2026-03-19T07:58:07.627+0000] {logging_mixin.py:188} INFO - [2026-03-19T07:58:07.626+0000] {dag.py:3096} INFO - Sync 1 DAGs
[2026-03-19T07:58:07.643+0000] {logging_mixin.py:188} INFO - [2026-03-19T07:58:07.642+0000] {dag.py:3954} INFO - Setting next_dagrun for example_branch_operator to 2026-03-18 00:00:00+00:00, run_after=2026-03-19 00:00:00+00:00
[2026-03-19T07:58:07.655+0000] {processor.py:183} INFO - Processing /home/airflow/.local/lib/python3.12/site-packages/airflow/example_dags/example_branch_operator.py took 0.076 seconds
[2026-03-19T07:58:37.769+0000] {processor.py:161} INFO - Started process (PID=38026) to work on /home/airflow/.local/lib/python3.12/site-packages/airflow/example_dags/example_branch_operator.py
[2026-03-19T07:58:37.770+0000] {processor.py:830} INFO - Processing file /home/airflow/.local/lib/python3.12/site-packages/airflow/example_dags/example_branch_operator.py for tasks to queue
[2026-03-19T07:58:37.776+0000] {logging_mixin.py:188} INFO - [2026-03-19T07:58:37.774+0000] {dagbag.py:545} INFO - Filling up the DagBag from /home/airflow/.local/lib/python3.12/site-packages/airflow/example_dags/example_branch_operator.py
[2026-03-19T07:58:37.798+0000] {processor.py:840} INFO - DAG(s) 'example_branch_operator' retrieved from /home/airflow/.local/lib/python3.12/site-packages/airflow/example_dags/example_branch_operator.py
[2026-03-19T07:58:37.861+0000] {logging_mixin.py:188} INFO - [2026-03-19T07:58:37.860+0000] {dag.py:3096} INFO - Sync 1 DAGs
[2026-03-19T07:58:37.884+0000] {logging_mixin.py:188} INFO - [2026-03-19T07:58:37.884+0000] {dag.py:3954} INFO - Setting next_dagrun for example_branch_operator to 2026-03-18 00:00:00+00:00, run_after=2026-03-19 00:00:00+00:00
[2026-03-19T07:58:37.904+0000] {processor.py:183} INFO - Processing /home/airflow/.local/lib/python3.12/site-packages/airflow/example_dags/example_branch_operator.py took 0.149 seconds
[2026-03-19T07:59:08.096+0000] {processor.py:161} INFO - Started process (PID=38085) to work on /home/airflow/.local/lib/python3.12/site-packages/airflow/example_dags/example_branch_operator.py
[2026-03-19T07:59:08.097+0000] {processor.py:830} INFO - Processing file /home/airflow/.local/lib/python3.12/site-packages/airflow/example_dags/example_branch_operator.py for tasks to queue
[2026-03-19T07:59:08.098+0000] {logging_mixin.py:188} INFO - [2026-03-19T07:59:08.097+0000] {dagbag.py:545} INFO - Filling up the DagBag from /home/airflow/.local/lib/python3.12/site-packages/airflow/example_dags/example_branch_operator.py
[2026-03-19T07:59:08.116+0000] {processor.py:840} INFO - DAG(s) 'example_branch_operator' retrieved from /home/airflow/.local/lib/python3.12/site-packages/airflow/example_dags/example_branch_operator.py
[2026-03-19T07:59:08.145+0000] {logging_mixin.py:188} INFO - [2026-03-19T07:59:08.145+0000] {dag.py:3096} INFO - Sync 1 DAGs
[2026-03-19T07:59:08.174+0000] {logging_mixin.py:188} INFO - [2026-03-19T07:59:08.174+0000] {dag.py:3954} INFO - Setting next_dagrun for example_branch_operator to 2026-03-18 00:00:00+00:00, run_after=2026-03-19 00:00:00+00:00
[2026-03-19T07:59:08.194+0000] {processor.py:183} INFO - Processing /home/airflow/.local/lib/python3.12/site-packages/airflow/example_dags/example_branch_operator.py took 0.106 seconds
[2026-03-19T07:59:39.075+0000] {processor.py:161} INFO - Started process (PID=38144) to work on /home/airflow/.local/lib/python3.12/site-packages/airflow/example_dags/example_branch_operator.py
[2026-03-19T07:59:39.077+0000] {processor.py:830} INFO - Processing file /home/airflow/.local/lib/python3.12/site-packages/airflow/example_dags/example_branch_operator.py for tasks to queue
[2026-03-19T07:59:39.078+0000] {logging_mixin.py:188} INFO - [2026-03-19T07:59:39.078+0000] {dagbag.py:545} INFO - Filling up the DagBag from /home/airflow/.local/lib/python3.12/site-packages/airflow/example_dags/example_branch_operator.py
[2026-03-19T07:59:39.091+0000] {processor.py:840} INFO - DAG(s) 'example_branch_operator' retrieved from /home/airflow/.local/lib/python3.12/site-packages/airflow/example_dags/example_branch_operator.py
[2026-03-19T07:59:39.119+0000] {logging_mixin.py:188} INFO - [2026-03-19T07:59:39.119+0000] {dag.py:3096} INFO - Sync 1 DAGs
[2026-03-19T07:59:39.131+0000] {logging_mixin.py:188} INFO - [2026-03-19T07:59:39.131+0000] {dag.py:3954} INFO - Setting next_dagrun for example_branch_operator to 2026-03-18 00:00:00+00:00, run_after=2026-03-19 00:00:00+00:00
[2026-03-19T07:59:39.148+0000] {processor.py:183} INFO - Processing /home/airflow/.local/lib/python3.12/site-packages/airflow/example_dags/example_branch_operator.py took 0.079 seconds
[2026-03-19T08:00:09.855+0000] {processor.py:161} INFO - Started process (PID=38203) to work on /home/airflow/.local/lib/python3.12/site-packages/airflow/example_dags/example_branch_operator.py
[2026-03-19T08:00:09.857+0000] {processor.py:830} INFO - Processing file /home/airflow/.local/lib/python3.12/site-packages/airflow/example_dags/example_branch_operator.py for tasks to queue
[2026-03-19T08:00:09.860+0000] {logging_mixin.py:188} INFO - [2026-03-19T08:00:09.859+0000] {dagbag.py:545} INFO - Filling up the DagBag from /home/airflow/.local/lib/python3.12/site-packages/airflow/example_dags/example_branch_operator.py
[2026-03-19T08:00:09.990+0000] {processor.py:840} INFO - DAG(s) 'example_branch_operator' retrieved from /home/airflow/.local/lib/python3.12/site-packages/airflow/example_dags/example_branch_operator.py
[2026-03-19T08:00:10.064+0000] {logging_mixin.py:188} INFO - [2026-03-19T08:00:10.064+0000] {dag.py:3096} INFO - Sync 1 DAGs
[2026-03-19T08:00:10.096+0000] {logging_mixin.py:188} INFO - [2026-03-19T08:00:10.096+0000] {dag.py:3954} INFO - Setting next_dagrun for example_branch_operator to 2026-03-18 00:00:00+00:00, run_after=2026-03-19 00:00:00+00:00
[2026-03-19T08:00:10.118+0000] {processor.py:183} INFO - Processing /home/airflow/.local/lib/python3.12/site-packages/airflow/example_dags/example_branch_operator.py took 0.280 seconds
[2026-03-19T08:00:41.182+0000] {processor.py:161} INFO - Started process (PID=38262) to work on /home/airflow/.local/lib/python3.12/site-packages/airflow/example_dags/example_branch_operator.py
[2026-03-19T08:00:41.185+0000] {processor.py:830} INFO - Processing file /home/airflow/.local/lib/python3.12/site-packages/airflow/example_dags/example_branch_operator.py for tasks to queue
[2026-03-19T08:00:41.186+0000] {logging_mixin.py:188} INFO - [2026-03-19T08:00:41.186+0000] {dagbag.py:545} INFO - Filling up the DagBag from /home/airflow/.local/lib/python3.12/site-packages/airflow/example_dags/example_branch_operator.py
[2026-03-19T08:00:41.228+0000] {processor.py:840} INFO - DAG(s) 'example_branch_operator' retrieved from /home/airflow/.local/lib/python3.12/site-packages/airflow/example_dags/example_branch_operator.py
[2026-03-19T08:00:41.281+0000] {logging_mixin.py:188} INFO - [2026-03-19T08:00:41.281+0000] {dag.py:3096} INFO - Sync 1 DAGs
[2026-03-19T08:00:41.302+0000] {logging_mixin.py:188} INFO - [2026-03-19T08:00:41.302+0000] {dag.py:3954} INFO - Setting next_dagrun for example_branch_operator to 2026-03-18 00:00:00+00:00, run_after=2026-03-19 00:00:00+00:00
[2026-03-19T08:00:41.317+0000] {processor.py:183} INFO - Processing /home/airflow/.local/lib/python3.12/site-packages/airflow/example_dags/example_branch_operator.py took 0.150 seconds
