[2026-03-19T00:12:45.343+0000] {processor.py:161} INFO - Started process (PID=35701) to work on /home/airflow/.local/lib/python3.12/site-packages/airflow/example_dags/example_branch_labels.py
[2026-03-19T00:12:45.344+0000] {processor.py:830} INFO - Processing file /home/airflow/.local/lib/python3.12/site-packages/airflow/example_dags/example_branch_labels.py for tasks to queue
[2026-03-19T00:12:45.346+0000] {logging_mixin.py:188} INFO - [2026-03-19T00:12:45.346+0000] {dagbag.py:545} INFO - Filling up the DagBag from /home/airflow/.local/lib/python3.12/site-packages/airflow/example_dags/example_branch_labels.py
[2026-03-19T00:12:45.351+0000] {processor.py:840} INFO - DAG(s) 'example_branch_labels' retrieved from /home/airflow/.local/lib/python3.12/site-packages/airflow/example_dags/example_branch_labels.py
[2026-03-19T00:12:45.369+0000] {logging_mixin.py:188} INFO - [2026-03-19T00:12:45.369+0000] {dag.py:3096} INFO - Sync 1 DAGs
[2026-03-19T00:12:45.391+0000] {logging_mixin.py:188} INFO - [2026-03-19T00:12:45.391+0000] {dag.py:3954} INFO - Setting next_dagrun for example_branch_labels to 2026-03-18 00:00:00+00:00, run_after=2026-03-19 00:00:00+00:00
[2026-03-19T00:12:45.603+0000] {processor.py:183} INFO - Processing /home/airflow/.local/lib/python3.12/site-packages/airflow/example_dags/example_branch_labels.py took 0.267 seconds
[2026-03-19T00:46:45.532+0000] {processor.py:161} INFO - Started process (PID=35760) to work on /home/airflow/.local/lib/python3.12/site-packages/airflow/example_dags/example_branch_labels.py
[2026-03-19T00:46:45.533+0000] {processor.py:830} INFO - Processing file /home/airflow/.local/lib/python3.12/site-packages/airflow/example_dags/example_branch_labels.py for tasks to queue
[2026-03-19T00:46:45.534+0000] {logging_mixin.py:188} INFO - [2026-03-19T00:46:45.534+0000] {dagbag.py:545} INFO - Filling up the DagBag from /home/airflow/.local/lib/python3.12/site-packages/airflow/example_dags/example_branch_labels.py
[2026-03-19T00:46:45.539+0000] {processor.py:840} INFO - DAG(s) 'example_branch_labels' retrieved from /home/airflow/.local/lib/python3.12/site-packages/airflow/example_dags/example_branch_labels.py
[2026-03-19T00:46:46.231+0000] {logging_mixin.py:188} INFO - [2026-03-19T00:46:46.229+0000] {dag.py:3096} INFO - Sync 1 DAGs
[2026-03-19T00:46:46.322+0000] {logging_mixin.py:188} INFO - [2026-03-19T00:46:46.322+0000] {dag.py:3954} INFO - Setting next_dagrun for example_branch_labels to 2026-03-18 00:00:00+00:00, run_after=2026-03-19 00:00:00+00:00
[2026-03-19T00:46:46.372+0000] {processor.py:183} INFO - Processing /home/airflow/.local/lib/python3.12/site-packages/airflow/example_dags/example_branch_labels.py took 0.844 seconds
[2026-03-19T01:13:44.887+0000] {processor.py:161} INFO - Started process (PID=35827) to work on /home/airflow/.local/lib/python3.12/site-packages/airflow/example_dags/example_branch_labels.py
[2026-03-19T01:13:44.890+0000] {processor.py:830} INFO - Processing file /home/airflow/.local/lib/python3.12/site-packages/airflow/example_dags/example_branch_labels.py for tasks to queue
[2026-03-19T01:13:44.892+0000] {logging_mixin.py:188} INFO - [2026-03-19T01:13:44.891+0000] {dagbag.py:545} INFO - Filling up the DagBag from /home/airflow/.local/lib/python3.12/site-packages/airflow/example_dags/example_branch_labels.py
[2026-03-19T01:13:44.899+0000] {processor.py:840} INFO - DAG(s) 'example_branch_labels' retrieved from /home/airflow/.local/lib/python3.12/site-packages/airflow/example_dags/example_branch_labels.py
[2026-03-19T01:13:44.922+0000] {logging_mixin.py:188} INFO - [2026-03-19T01:13:44.922+0000] {dag.py:3096} INFO - Sync 1 DAGs
[2026-03-19T01:13:44.946+0000] {logging_mixin.py:188} INFO - [2026-03-19T01:13:44.946+0000] {dag.py:3954} INFO - Setting next_dagrun for example_branch_labels to 2026-03-18 00:00:00+00:00, run_after=2026-03-19 00:00:00+00:00
[2026-03-19T01:13:44.969+0000] {processor.py:183} INFO - Processing /home/airflow/.local/lib/python3.12/site-packages/airflow/example_dags/example_branch_labels.py took 0.090 seconds
[2026-03-19T01:31:16.809+0000] {processor.py:161} INFO - Started process (PID=35900) to work on /home/airflow/.local/lib/python3.12/site-packages/airflow/example_dags/example_branch_labels.py
[2026-03-19T01:31:16.827+0000] {processor.py:830} INFO - Processing file /home/airflow/.local/lib/python3.12/site-packages/airflow/example_dags/example_branch_labels.py for tasks to queue
[2026-03-19T01:31:16.845+0000] {logging_mixin.py:188} INFO - [2026-03-19T01:31:16.843+0000] {dagbag.py:545} INFO - Filling up the DagBag from /home/airflow/.local/lib/python3.12/site-packages/airflow/example_dags/example_branch_labels.py
[2026-03-19T01:31:16.970+0000] {processor.py:840} INFO - DAG(s) 'example_branch_labels' retrieved from /home/airflow/.local/lib/python3.12/site-packages/airflow/example_dags/example_branch_labels.py
[2026-03-19T01:31:17.140+0000] {logging_mixin.py:188} INFO - [2026-03-19T01:31:17.139+0000] {dag.py:3096} INFO - Sync 1 DAGs
[2026-03-19T01:31:22.473+0000] {logging_mixin.py:188} INFO - [2026-03-19T01:31:22.470+0000] {dag.py:3954} INFO - Setting next_dagrun for example_branch_labels to 2026-03-18 00:00:00+00:00, run_after=2026-03-19 00:00:00+00:00
[2026-03-19T01:31:22.693+0000] {processor.py:183} INFO - Processing /home/airflow/.local/lib/python3.12/site-packages/airflow/example_dags/example_branch_labels.py took 5.962 seconds
[2026-03-19T02:15:12.815+0000] {processor.py:161} INFO - Started process (PID=35958) to work on /home/airflow/.local/lib/python3.12/site-packages/airflow/example_dags/example_branch_labels.py
[2026-03-19T02:15:12.816+0000] {processor.py:830} INFO - Processing file /home/airflow/.local/lib/python3.12/site-packages/airflow/example_dags/example_branch_labels.py for tasks to queue
[2026-03-19T02:15:12.818+0000] {logging_mixin.py:188} INFO - [2026-03-19T02:15:12.817+0000] {dagbag.py:545} INFO - Filling up the DagBag from /home/airflow/.local/lib/python3.12/site-packages/airflow/example_dags/example_branch_labels.py
[2026-03-19T02:15:12.834+0000] {processor.py:840} INFO - DAG(s) 'example_branch_labels' retrieved from /home/airflow/.local/lib/python3.12/site-packages/airflow/example_dags/example_branch_labels.py
[2026-03-19T02:15:12.893+0000] {logging_mixin.py:188} INFO - [2026-03-19T02:15:12.892+0000] {dag.py:3096} INFO - Sync 1 DAGs
[2026-03-19T02:15:12.946+0000] {logging_mixin.py:188} INFO - [2026-03-19T02:15:12.945+0000] {dag.py:3954} INFO - Setting next_dagrun for example_branch_labels to 2026-03-18 00:00:00+00:00, run_after=2026-03-19 00:00:00+00:00
[2026-03-19T02:15:12.984+0000] {processor.py:183} INFO - Processing /home/airflow/.local/lib/python3.12/site-packages/airflow/example_dags/example_branch_labels.py took 0.180 seconds
[2026-03-19T03:06:09.103+0000] {processor.py:161} INFO - Started process (PID=36044) to work on /home/airflow/.local/lib/python3.12/site-packages/airflow/example_dags/example_branch_labels.py
[2026-03-19T03:06:09.111+0000] {processor.py:830} INFO - Processing file /home/airflow/.local/lib/python3.12/site-packages/airflow/example_dags/example_branch_labels.py for tasks to queue
[2026-03-19T03:06:09.124+0000] {logging_mixin.py:188} INFO - [2026-03-19T03:06:09.119+0000] {dagbag.py:545} INFO - Filling up the DagBag from /home/airflow/.local/lib/python3.12/site-packages/airflow/example_dags/example_branch_labels.py
[2026-03-19T03:06:09.205+0000] {processor.py:840} INFO - DAG(s) 'example_branch_labels' retrieved from /home/airflow/.local/lib/python3.12/site-packages/airflow/example_dags/example_branch_labels.py
[2026-03-19T03:06:09.344+0000] {logging_mixin.py:188} INFO - [2026-03-19T03:06:09.343+0000] {dag.py:3096} INFO - Sync 1 DAGs
[2026-03-19T03:06:09.454+0000] {logging_mixin.py:188} INFO - [2026-03-19T03:06:09.449+0000] {dag.py:3954} INFO - Setting next_dagrun for example_branch_labels to 2026-03-18 00:00:00+00:00, run_after=2026-03-19 00:00:00+00:00
[2026-03-19T03:06:09.615+0000] {processor.py:183} INFO - Processing /home/airflow/.local/lib/python3.12/site-packages/airflow/example_dags/example_branch_labels.py took 0.558 seconds
[2026-03-19T03:06:40.351+0000] {processor.py:161} INFO - Started process (PID=36115) to work on /home/airflow/.local/lib/python3.12/site-packages/airflow/example_dags/example_branch_labels.py
[2026-03-19T03:06:40.353+0000] {processor.py:830} INFO - Processing file /home/airflow/.local/lib/python3.12/site-packages/airflow/example_dags/example_branch_labels.py for tasks to queue
[2026-03-19T03:06:40.354+0000] {logging_mixin.py:188} INFO - [2026-03-19T03:06:40.354+0000] {dagbag.py:545} INFO - Filling up the DagBag from /home/airflow/.local/lib/python3.12/site-packages/airflow/example_dags/example_branch_labels.py
[2026-03-19T03:06:40.363+0000] {processor.py:840} INFO - DAG(s) 'example_branch_labels' retrieved from /home/airflow/.local/lib/python3.12/site-packages/airflow/example_dags/example_branch_labels.py
[2026-03-19T03:06:40.386+0000] {logging_mixin.py:188} INFO - [2026-03-19T03:06:40.386+0000] {dag.py:3096} INFO - Sync 1 DAGs
[2026-03-19T03:06:40.402+0000] {logging_mixin.py:188} INFO - [2026-03-19T03:06:40.402+0000] {dag.py:3954} INFO - Setting next_dagrun for example_branch_labels to 2026-03-18 00:00:00+00:00, run_after=2026-03-19 00:00:00+00:00
[2026-03-19T03:06:40.416+0000] {processor.py:183} INFO - Processing /home/airflow/.local/lib/python3.12/site-packages/airflow/example_dags/example_branch_labels.py took 0.074 seconds
[2026-03-19T03:15:42.702+0000] {processor.py:161} INFO - Started process (PID=36174) to work on /home/airflow/.local/lib/python3.12/site-packages/airflow/example_dags/example_branch_labels.py
[2026-03-19T03:15:42.703+0000] {processor.py:830} INFO - Processing file /home/airflow/.local/lib/python3.12/site-packages/airflow/example_dags/example_branch_labels.py for tasks to queue
[2026-03-19T03:15:42.704+0000] {logging_mixin.py:188} INFO - [2026-03-19T03:15:42.704+0000] {dagbag.py:545} INFO - Filling up the DagBag from /home/airflow/.local/lib/python3.12/site-packages/airflow/example_dags/example_branch_labels.py
[2026-03-19T03:15:42.712+0000] {processor.py:840} INFO - DAG(s) 'example_branch_labels' retrieved from /home/airflow/.local/lib/python3.12/site-packages/airflow/example_dags/example_branch_labels.py
[2026-03-19T03:15:42.745+0000] {logging_mixin.py:188} INFO - [2026-03-19T03:15:42.744+0000] {dag.py:3096} INFO - Sync 1 DAGs
[2026-03-19T03:15:42.780+0000] {logging_mixin.py:188} INFO - [2026-03-19T03:15:42.780+0000] {dag.py:3954} INFO - Setting next_dagrun for example_branch_labels to 2026-03-18 00:00:00+00:00, run_after=2026-03-19 00:00:00+00:00
[2026-03-19T03:15:42.810+0000] {processor.py:183} INFO - Processing /home/airflow/.local/lib/python3.12/site-packages/airflow/example_dags/example_branch_labels.py took 0.113 seconds
[2026-03-19T03:32:03.949+0000] {processor.py:161} INFO - Started process (PID=36233) to work on /home/airflow/.local/lib/python3.12/site-packages/airflow/example_dags/example_branch_labels.py
[2026-03-19T03:32:03.951+0000] {processor.py:830} INFO - Processing file /home/airflow/.local/lib/python3.12/site-packages/airflow/example_dags/example_branch_labels.py for tasks to queue
[2026-03-19T03:32:03.952+0000] {logging_mixin.py:188} INFO - [2026-03-19T03:32:03.951+0000] {dagbag.py:545} INFO - Filling up the DagBag from /home/airflow/.local/lib/python3.12/site-packages/airflow/example_dags/example_branch_labels.py
[2026-03-19T03:32:03.963+0000] {processor.py:840} INFO - DAG(s) 'example_branch_labels' retrieved from /home/airflow/.local/lib/python3.12/site-packages/airflow/example_dags/example_branch_labels.py
[2026-03-19T03:32:04.025+0000] {logging_mixin.py:188} INFO - [2026-03-19T03:32:04.024+0000] {dag.py:3096} INFO - Sync 1 DAGs
[2026-03-19T03:32:04.089+0000] {logging_mixin.py:188} INFO - [2026-03-19T03:32:04.088+0000] {dag.py:3954} INFO - Setting next_dagrun for example_branch_labels to 2026-03-18 00:00:00+00:00, run_after=2026-03-19 00:00:00+00:00
[2026-03-19T03:32:04.161+0000] {processor.py:183} INFO - Processing /home/airflow/.local/lib/python3.12/site-packages/airflow/example_dags/example_branch_labels.py took 0.221 seconds
[2026-03-19T04:16:43.672+0000] {processor.py:161} INFO - Started process (PID=36300) to work on /home/airflow/.local/lib/python3.12/site-packages/airflow/example_dags/example_branch_labels.py
[2026-03-19T04:16:43.675+0000] {processor.py:830} INFO - Processing file /home/airflow/.local/lib/python3.12/site-packages/airflow/example_dags/example_branch_labels.py for tasks to queue
[2026-03-19T04:16:43.676+0000] {logging_mixin.py:188} INFO - [2026-03-19T04:16:43.676+0000] {dagbag.py:545} INFO - Filling up the DagBag from /home/airflow/.local/lib/python3.12/site-packages/airflow/example_dags/example_branch_labels.py
[2026-03-19T04:16:43.683+0000] {processor.py:840} INFO - DAG(s) 'example_branch_labels' retrieved from /home/airflow/.local/lib/python3.12/site-packages/airflow/example_dags/example_branch_labels.py
[2026-03-19T04:16:43.709+0000] {logging_mixin.py:188} INFO - [2026-03-19T04:16:43.709+0000] {dag.py:3096} INFO - Sync 1 DAGs
[2026-03-19T04:16:43.735+0000] {logging_mixin.py:188} INFO - [2026-03-19T04:16:43.734+0000] {dag.py:3954} INFO - Setting next_dagrun for example_branch_labels to 2026-03-18 00:00:00+00:00, run_after=2026-03-19 00:00:00+00:00
[2026-03-19T04:16:43.758+0000] {processor.py:183} INFO - Processing /home/airflow/.local/lib/python3.12/site-packages/airflow/example_dags/example_branch_labels.py took 0.092 seconds
[2026-03-19T04:17:16.867+0000] {processor.py:161} INFO - Started process (PID=36367) to work on /home/airflow/.local/lib/python3.12/site-packages/airflow/example_dags/example_branch_labels.py
[2026-03-19T04:17:16.871+0000] {processor.py:830} INFO - Processing file /home/airflow/.local/lib/python3.12/site-packages/airflow/example_dags/example_branch_labels.py for tasks to queue
[2026-03-19T04:17:16.874+0000] {logging_mixin.py:188} INFO - [2026-03-19T04:17:16.873+0000] {dagbag.py:545} INFO - Filling up the DagBag from /home/airflow/.local/lib/python3.12/site-packages/airflow/example_dags/example_branch_labels.py
[2026-03-19T04:17:16.906+0000] {processor.py:840} INFO - DAG(s) 'example_branch_labels' retrieved from /home/airflow/.local/lib/python3.12/site-packages/airflow/example_dags/example_branch_labels.py
[2026-03-19T04:17:16.987+0000] {logging_mixin.py:188} INFO - [2026-03-19T04:17:16.986+0000] {dag.py:3096} INFO - Sync 1 DAGs
[2026-03-19T04:17:17.085+0000] {logging_mixin.py:188} INFO - [2026-03-19T04:17:17.085+0000] {dag.py:3954} INFO - Setting next_dagrun for example_branch_labels to 2026-03-18 00:00:00+00:00, run_after=2026-03-19 00:00:00+00:00
[2026-03-19T04:17:17.148+0000] {processor.py:183} INFO - Processing /home/airflow/.local/lib/python3.12/site-packages/airflow/example_dags/example_branch_labels.py took 0.296 seconds
[2026-03-19T05:17:37.458+0000] {processor.py:161} INFO - Started process (PID=36426) to work on /home/airflow/.local/lib/python3.12/site-packages/airflow/example_dags/example_branch_labels.py
[2026-03-19T05:17:37.459+0000] {processor.py:830} INFO - Processing file /home/airflow/.local/lib/python3.12/site-packages/airflow/example_dags/example_branch_labels.py for tasks to queue
[2026-03-19T05:17:37.459+0000] {logging_mixin.py:188} INFO - [2026-03-19T05:17:37.459+0000] {dagbag.py:545} INFO - Filling up the DagBag from /home/airflow/.local/lib/python3.12/site-packages/airflow/example_dags/example_branch_labels.py
[2026-03-19T05:17:37.464+0000] {processor.py:840} INFO - DAG(s) 'example_branch_labels' retrieved from /home/airflow/.local/lib/python3.12/site-packages/airflow/example_dags/example_branch_labels.py
[2026-03-19T05:17:37.487+0000] {logging_mixin.py:188} INFO - [2026-03-19T05:17:37.487+0000] {dag.py:3096} INFO - Sync 1 DAGs
[2026-03-19T05:17:37.503+0000] {logging_mixin.py:188} INFO - [2026-03-19T05:17:37.503+0000] {dag.py:3954} INFO - Setting next_dagrun for example_branch_labels to 2026-03-18 00:00:00+00:00, run_after=2026-03-19 00:00:00+00:00
[2026-03-19T05:17:37.523+0000] {processor.py:183} INFO - Processing /home/airflow/.local/lib/python3.12/site-packages/airflow/example_dags/example_branch_labels.py took 0.069 seconds
[2026-03-19T05:18:07.779+0000] {processor.py:161} INFO - Started process (PID=36485) to work on /home/airflow/.local/lib/python3.12/site-packages/airflow/example_dags/example_branch_labels.py
[2026-03-19T05:18:07.781+0000] {processor.py:830} INFO - Processing file /home/airflow/.local/lib/python3.12/site-packages/airflow/example_dags/example_branch_labels.py for tasks to queue
[2026-03-19T05:18:07.783+0000] {logging_mixin.py:188} INFO - [2026-03-19T05:18:07.782+0000] {dagbag.py:545} INFO - Filling up the DagBag from /home/airflow/.local/lib/python3.12/site-packages/airflow/example_dags/example_branch_labels.py
[2026-03-19T05:18:07.789+0000] {processor.py:840} INFO - DAG(s) 'example_branch_labels' retrieved from /home/airflow/.local/lib/python3.12/site-packages/airflow/example_dags/example_branch_labels.py
[2026-03-19T05:18:07.809+0000] {logging_mixin.py:188} INFO - [2026-03-19T05:18:07.809+0000] {dag.py:3096} INFO - Sync 1 DAGs
[2026-03-19T05:18:07.825+0000] {logging_mixin.py:188} INFO - [2026-03-19T05:18:07.824+0000] {dag.py:3954} INFO - Setting next_dagrun for example_branch_labels to 2026-03-18 00:00:00+00:00, run_after=2026-03-19 00:00:00+00:00
[2026-03-19T05:18:07.838+0000] {processor.py:183} INFO - Processing /home/airflow/.local/lib/python3.12/site-packages/airflow/example_dags/example_branch_labels.py took 0.069 seconds
[2026-03-19T06:18:36.382+0000] {processor.py:161} INFO - Started process (PID=36544) to work on /home/airflow/.local/lib/python3.12/site-packages/airflow/example_dags/example_branch_labels.py
[2026-03-19T06:18:36.384+0000] {processor.py:830} INFO - Processing file /home/airflow/.local/lib/python3.12/site-packages/airflow/example_dags/example_branch_labels.py for tasks to queue
[2026-03-19T06:18:36.386+0000] {logging_mixin.py:188} INFO - [2026-03-19T06:18:36.385+0000] {dagbag.py:545} INFO - Filling up the DagBag from /home/airflow/.local/lib/python3.12/site-packages/airflow/example_dags/example_branch_labels.py
[2026-03-19T06:18:36.404+0000] {processor.py:840} INFO - DAG(s) 'example_branch_labels' retrieved from /home/airflow/.local/lib/python3.12/site-packages/airflow/example_dags/example_branch_labels.py
[2026-03-19T06:18:36.455+0000] {logging_mixin.py:188} INFO - [2026-03-19T06:18:36.455+0000] {dag.py:3096} INFO - Sync 1 DAGs
[2026-03-19T06:18:36.493+0000] {logging_mixin.py:188} INFO - [2026-03-19T06:18:36.493+0000] {dag.py:3954} INFO - Setting next_dagrun for example_branch_labels to 2026-03-18 00:00:00+00:00, run_after=2026-03-19 00:00:00+00:00
[2026-03-19T06:18:36.522+0000] {processor.py:183} INFO - Processing /home/airflow/.local/lib/python3.12/site-packages/airflow/example_dags/example_branch_labels.py took 0.162 seconds
[2026-03-19T06:19:07.418+0000] {processor.py:161} INFO - Started process (PID=36611) to work on /home/airflow/.local/lib/python3.12/site-packages/airflow/example_dags/example_branch_labels.py
[2026-03-19T06:19:07.419+0000] {processor.py:830} INFO - Processing file /home/airflow/.local/lib/python3.12/site-packages/airflow/example_dags/example_branch_labels.py for tasks to queue
[2026-03-19T06:19:07.419+0000] {logging_mixin.py:188} INFO - [2026-03-19T06:19:07.419+0000] {dagbag.py:545} INFO - Filling up the DagBag from /home/airflow/.local/lib/python3.12/site-packages/airflow/example_dags/example_branch_labels.py
[2026-03-19T06:19:07.424+0000] {processor.py:840} INFO - DAG(s) 'example_branch_labels' retrieved from /home/airflow/.local/lib/python3.12/site-packages/airflow/example_dags/example_branch_labels.py
[2026-03-19T06:19:07.436+0000] {logging_mixin.py:188} INFO - [2026-03-19T06:19:07.436+0000] {dag.py:3096} INFO - Sync 1 DAGs
[2026-03-19T06:19:07.447+0000] {logging_mixin.py:188} INFO - [2026-03-19T06:19:07.447+0000] {dag.py:3954} INFO - Setting next_dagrun for example_branch_labels to 2026-03-18 00:00:00+00:00, run_after=2026-03-19 00:00:00+00:00
[2026-03-19T06:19:07.456+0000] {processor.py:183} INFO - Processing /home/airflow/.local/lib/python3.12/site-packages/airflow/example_dags/example_branch_labels.py took 0.041 seconds
[2026-03-19T07:19:35.860+0000] {processor.py:161} INFO - Started process (PID=36670) to work on /home/airflow/.local/lib/python3.12/site-packages/airflow/example_dags/example_branch_labels.py
[2026-03-19T07:19:35.861+0000] {processor.py:830} INFO - Processing file /home/airflow/.local/lib/python3.12/site-packages/airflow/example_dags/example_branch_labels.py for tasks to queue
[2026-03-19T07:19:35.863+0000] {logging_mixin.py:188} INFO - [2026-03-19T07:19:35.862+0000] {dagbag.py:545} INFO - Filling up the DagBag from /home/airflow/.local/lib/python3.12/site-packages/airflow/example_dags/example_branch_labels.py
[2026-03-19T07:19:35.879+0000] {processor.py:840} INFO - DAG(s) 'example_branch_labels' retrieved from /home/airflow/.local/lib/python3.12/site-packages/airflow/example_dags/example_branch_labels.py
[2026-03-19T07:19:35.915+0000] {logging_mixin.py:188} INFO - [2026-03-19T07:19:35.914+0000] {dag.py:3096} INFO - Sync 1 DAGs
[2026-03-19T07:19:35.972+0000] {logging_mixin.py:188} INFO - [2026-03-19T07:19:35.972+0000] {dag.py:3954} INFO - Setting next_dagrun for example_branch_labels to 2026-03-18 00:00:00+00:00, run_after=2026-03-19 00:00:00+00:00
[2026-03-19T07:19:36.012+0000] {processor.py:183} INFO - Processing /home/airflow/.local/lib/python3.12/site-packages/airflow/example_dags/example_branch_labels.py took 0.163 seconds
[2026-03-19T07:20:06.708+0000] {processor.py:161} INFO - Started process (PID=36738) to work on /home/airflow/.local/lib/python3.12/site-packages/airflow/example_dags/example_branch_labels.py
[2026-03-19T07:20:06.709+0000] {processor.py:830} INFO - Processing file /home/airflow/.local/lib/python3.12/site-packages/airflow/example_dags/example_branch_labels.py for tasks to queue
[2026-03-19T07:20:06.710+0000] {logging_mixin.py:188} INFO - [2026-03-19T07:20:06.710+0000] {dagbag.py:545} INFO - Filling up the DagBag from /home/airflow/.local/lib/python3.12/site-packages/airflow/example_dags/example_branch_labels.py
[2026-03-19T07:20:06.715+0000] {processor.py:840} INFO - DAG(s) 'example_branch_labels' retrieved from /home/airflow/.local/lib/python3.12/site-packages/airflow/example_dags/example_branch_labels.py
[2026-03-19T07:20:06.732+0000] {logging_mixin.py:188} INFO - [2026-03-19T07:20:06.731+0000] {dag.py:3096} INFO - Sync 1 DAGs
[2026-03-19T07:20:06.747+0000] {logging_mixin.py:188} INFO - [2026-03-19T07:20:06.746+0000] {dag.py:3954} INFO - Setting next_dagrun for example_branch_labels to 2026-03-18 00:00:00+00:00, run_after=2026-03-19 00:00:00+00:00
[2026-03-19T07:20:06.755+0000] {processor.py:183} INFO - Processing /home/airflow/.local/lib/python3.12/site-packages/airflow/example_dags/example_branch_labels.py took 0.054 seconds
[2026-03-19T07:37:30.659+0000] {processor.py:161} INFO - Started process (PID=36796) to work on /home/airflow/.local/lib/python3.12/site-packages/airflow/example_dags/example_branch_labels.py
[2026-03-19T07:37:30.662+0000] {processor.py:830} INFO - Processing file /home/airflow/.local/lib/python3.12/site-packages/airflow/example_dags/example_branch_labels.py for tasks to queue
[2026-03-19T07:37:30.662+0000] {logging_mixin.py:188} INFO - [2026-03-19T07:37:30.662+0000] {dagbag.py:545} INFO - Filling up the DagBag from /home/airflow/.local/lib/python3.12/site-packages/airflow/example_dags/example_branch_labels.py
[2026-03-19T07:37:30.673+0000] {processor.py:840} INFO - DAG(s) 'example_branch_labels' retrieved from /home/airflow/.local/lib/python3.12/site-packages/airflow/example_dags/example_branch_labels.py
[2026-03-19T07:37:30.704+0000] {logging_mixin.py:188} INFO - [2026-03-19T07:37:30.704+0000] {dag.py:3096} INFO - Sync 1 DAGs
[2026-03-19T07:37:30.721+0000] {logging_mixin.py:188} INFO - [2026-03-19T07:37:30.721+0000] {dag.py:3954} INFO - Setting next_dagrun for example_branch_labels to 2026-03-18 00:00:00+00:00, run_after=2026-03-19 00:00:00+00:00
[2026-03-19T07:37:30.740+0000] {processor.py:183} INFO - Processing /home/airflow/.local/lib/python3.12/site-packages/airflow/example_dags/example_branch_labels.py took 0.087 seconds
[2026-03-19T07:38:04.098+0000] {processor.py:161} INFO - Started process (PID=36863) to work on /home/airflow/.local/lib/python3.12/site-packages/airflow/example_dags/example_branch_labels.py
[2026-03-19T07:38:04.102+0000] {processor.py:830} INFO - Processing file /home/airflow/.local/lib/python3.12/site-packages/airflow/example_dags/example_branch_labels.py for tasks to queue
[2026-03-19T07:38:04.106+0000] {logging_mixin.py:188} INFO - [2026-03-19T07:38:04.105+0000] {dagbag.py:545} INFO - Filling up the DagBag from /home/airflow/.local/lib/python3.12/site-packages/airflow/example_dags/example_branch_labels.py
[2026-03-19T07:38:04.114+0000] {processor.py:840} INFO - DAG(s) 'example_branch_labels' retrieved from /home/airflow/.local/lib/python3.12/site-packages/airflow/example_dags/example_branch_labels.py
[2026-03-19T07:38:04.187+0000] {logging_mixin.py:188} INFO - [2026-03-19T07:38:04.185+0000] {dag.py:3096} INFO - Sync 1 DAGs
[2026-03-19T07:38:04.254+0000] {logging_mixin.py:188} INFO - [2026-03-19T07:38:04.254+0000] {dag.py:3954} INFO - Setting next_dagrun for example_branch_labels to 2026-03-18 00:00:00+00:00, run_after=2026-03-19 00:00:00+00:00
[2026-03-19T07:38:04.292+0000] {processor.py:183} INFO - Processing /home/airflow/.local/lib/python3.12/site-packages/airflow/example_dags/example_branch_labels.py took 0.203 seconds
[2026-03-19T07:48:56.572+0000] {processor.py:161} INFO - Started process (PID=36922) to work on /home/airflow/.local/lib/python3.12/site-packages/airflow/example_dags/example_branch_labels.py
[2026-03-19T07:48:56.573+0000] {processor.py:830} INFO - Processing file /home/airflow/.local/lib/python3.12/site-packages/airflow/example_dags/example_branch_labels.py for tasks to queue
[2026-03-19T07:48:56.574+0000] {logging_mixin.py:188} INFO - [2026-03-19T07:48:56.574+0000] {dagbag.py:545} INFO - Filling up the DagBag from /home/airflow/.local/lib/python3.12/site-packages/airflow/example_dags/example_branch_labels.py
[2026-03-19T07:48:56.580+0000] {processor.py:840} INFO - DAG(s) 'example_branch_labels' retrieved from /home/airflow/.local/lib/python3.12/site-packages/airflow/example_dags/example_branch_labels.py
[2026-03-19T07:48:56.599+0000] {logging_mixin.py:188} INFO - [2026-03-19T07:48:56.598+0000] {dag.py:3096} INFO - Sync 1 DAGs
[2026-03-19T07:48:56.615+0000] {logging_mixin.py:188} INFO - [2026-03-19T07:48:56.615+0000] {dag.py:3954} INFO - Setting next_dagrun for example_branch_labels to 2026-03-18 00:00:00+00:00, run_after=2026-03-19 00:00:00+00:00
[2026-03-19T07:48:56.644+0000] {processor.py:183} INFO - Processing /home/airflow/.local/lib/python3.12/site-packages/airflow/example_dags/example_branch_labels.py took 0.077 seconds
[2026-03-19T07:49:28.782+0000] {processor.py:161} INFO - Started process (PID=36981) to work on /home/airflow/.local/lib/python3.12/site-packages/airflow/example_dags/example_branch_labels.py
[2026-03-19T07:49:28.784+0000] {processor.py:830} INFO - Processing file /home/airflow/.local/lib/python3.12/site-packages/airflow/example_dags/example_branch_labels.py for tasks to queue
[2026-03-19T07:49:28.784+0000] {logging_mixin.py:188} INFO - [2026-03-19T07:49:28.784+0000] {dagbag.py:545} INFO - Filling up the DagBag from /home/airflow/.local/lib/python3.12/site-packages/airflow/example_dags/example_branch_labels.py
[2026-03-19T07:49:28.792+0000] {processor.py:840} INFO - DAG(s) 'example_branch_labels' retrieved from /home/airflow/.local/lib/python3.12/site-packages/airflow/example_dags/example_branch_labels.py
[2026-03-19T07:49:28.810+0000] {logging_mixin.py:188} INFO - [2026-03-19T07:49:28.809+0000] {dag.py:3096} INFO - Sync 1 DAGs
[2026-03-19T07:49:28.827+0000] {logging_mixin.py:188} INFO - [2026-03-19T07:49:28.827+0000] {dag.py:3954} INFO - Setting next_dagrun for example_branch_labels to 2026-03-18 00:00:00+00:00, run_after=2026-03-19 00:00:00+00:00
[2026-03-19T07:49:28.840+0000] {processor.py:183} INFO - Processing /home/airflow/.local/lib/python3.12/site-packages/airflow/example_dags/example_branch_labels.py took 0.062 seconds
[2026-03-19T07:50:00.414+0000] {processor.py:161} INFO - Started process (PID=37040) to work on /home/airflow/.local/lib/python3.12/site-packages/airflow/example_dags/example_branch_labels.py
[2026-03-19T07:50:00.422+0000] {processor.py:830} INFO - Processing file /home/airflow/.local/lib/python3.12/site-packages/airflow/example_dags/example_branch_labels.py for tasks to queue
[2026-03-19T07:50:00.427+0000] {logging_mixin.py:188} INFO - [2026-03-19T07:50:00.425+0000] {dagbag.py:545} INFO - Filling up the DagBag from /home/airflow/.local/lib/python3.12/site-packages/airflow/example_dags/example_branch_labels.py
[2026-03-19T07:50:00.447+0000] {processor.py:840} INFO - DAG(s) 'example_branch_labels' retrieved from /home/airflow/.local/lib/python3.12/site-packages/airflow/example_dags/example_branch_labels.py
[2026-03-19T07:50:00.477+0000] {logging_mixin.py:188} INFO - [2026-03-19T07:50:00.477+0000] {dag.py:3096} INFO - Sync 1 DAGs
[2026-03-19T07:50:00.513+0000] {logging_mixin.py:188} INFO - [2026-03-19T07:50:00.512+0000] {dag.py:3954} INFO - Setting next_dagrun for example_branch_labels to 2026-03-18 00:00:00+00:00, run_after=2026-03-19 00:00:00+00:00
[2026-03-19T07:50:00.535+0000] {processor.py:183} INFO - Processing /home/airflow/.local/lib/python3.12/site-packages/airflow/example_dags/example_branch_labels.py took 0.139 seconds
[2026-03-19T07:50:31.446+0000] {processor.py:161} INFO - Started process (PID=37099) to work on /home/airflow/.local/lib/python3.12/site-packages/airflow/example_dags/example_branch_labels.py
[2026-03-19T07:50:31.447+0000] {processor.py:830} INFO - Processing file /home/airflow/.local/lib/python3.12/site-packages/airflow/example_dags/example_branch_labels.py for tasks to queue
[2026-03-19T07:50:31.447+0000] {logging_mixin.py:188} INFO - [2026-03-19T07:50:31.447+0000] {dagbag.py:545} INFO - Filling up the DagBag from /home/airflow/.local/lib/python3.12/site-packages/airflow/example_dags/example_branch_labels.py
[2026-03-19T07:50:31.453+0000] {processor.py:840} INFO - DAG(s) 'example_branch_labels' retrieved from /home/airflow/.local/lib/python3.12/site-packages/airflow/example_dags/example_branch_labels.py
[2026-03-19T07:50:31.476+0000] {logging_mixin.py:188} INFO - [2026-03-19T07:50:31.476+0000] {dag.py:3096} INFO - Sync 1 DAGs
[2026-03-19T07:50:31.491+0000] {logging_mixin.py:188} INFO - [2026-03-19T07:50:31.491+0000] {dag.py:3954} INFO - Setting next_dagrun for example_branch_labels to 2026-03-18 00:00:00+00:00, run_after=2026-03-19 00:00:00+00:00
[2026-03-19T07:50:31.512+0000] {processor.py:183} INFO - Processing /home/airflow/.local/lib/python3.12/site-packages/airflow/example_dags/example_branch_labels.py took 0.070 seconds
[2026-03-19T07:51:02.349+0000] {processor.py:161} INFO - Started process (PID=37158) to work on /home/airflow/.local/lib/python3.12/site-packages/airflow/example_dags/example_branch_labels.py
[2026-03-19T07:51:02.353+0000] {processor.py:830} INFO - Processing file /home/airflow/.local/lib/python3.12/site-packages/airflow/example_dags/example_branch_labels.py for tasks to queue
[2026-03-19T07:51:02.355+0000] {logging_mixin.py:188} INFO - [2026-03-19T07:51:02.354+0000] {dagbag.py:545} INFO - Filling up the DagBag from /home/airflow/.local/lib/python3.12/site-packages/airflow/example_dags/example_branch_labels.py
[2026-03-19T07:51:02.376+0000] {processor.py:840} INFO - DAG(s) 'example_branch_labels' retrieved from /home/airflow/.local/lib/python3.12/site-packages/airflow/example_dags/example_branch_labels.py
[2026-03-19T07:51:02.424+0000] {logging_mixin.py:188} INFO - [2026-03-19T07:51:02.424+0000] {dag.py:3096} INFO - Sync 1 DAGs
[2026-03-19T07:51:02.446+0000] {logging_mixin.py:188} INFO - [2026-03-19T07:51:02.446+0000] {dag.py:3954} INFO - Setting next_dagrun for example_branch_labels to 2026-03-18 00:00:00+00:00, run_after=2026-03-19 00:00:00+00:00
[2026-03-19T07:51:02.465+0000] {processor.py:183} INFO - Processing /home/airflow/.local/lib/python3.12/site-packages/airflow/example_dags/example_branch_labels.py took 0.124 seconds
[2026-03-19T07:51:33.949+0000] {processor.py:161} INFO - Started process (PID=37217) to work on /home/airflow/.local/lib/python3.12/site-packages/airflow/example_dags/example_branch_labels.py
[2026-03-19T07:51:33.950+0000] {processor.py:830} INFO - Processing file /home/airflow/.local/lib/python3.12/site-packages/airflow/example_dags/example_branch_labels.py for tasks to queue
[2026-03-19T07:51:33.951+0000] {logging_mixin.py:188} INFO - [2026-03-19T07:51:33.951+0000] {dagbag.py:545} INFO - Filling up the DagBag from /home/airflow/.local/lib/python3.12/site-packages/airflow/example_dags/example_branch_labels.py
[2026-03-19T07:51:33.958+0000] {processor.py:840} INFO - DAG(s) 'example_branch_labels' retrieved from /home/airflow/.local/lib/python3.12/site-packages/airflow/example_dags/example_branch_labels.py
[2026-03-19T07:51:34.017+0000] {logging_mixin.py:188} INFO - [2026-03-19T07:51:34.016+0000] {dag.py:3096} INFO - Sync 1 DAGs
[2026-03-19T07:51:34.071+0000] {logging_mixin.py:188} INFO - [2026-03-19T07:51:34.071+0000] {dag.py:3954} INFO - Setting next_dagrun for example_branch_labels to 2026-03-18 00:00:00+00:00, run_after=2026-03-19 00:00:00+00:00
[2026-03-19T07:51:34.125+0000] {processor.py:183} INFO - Processing /home/airflow/.local/lib/python3.12/site-packages/airflow/example_dags/example_branch_labels.py took 0.184 seconds
[2026-03-19T07:52:04.805+0000] {processor.py:161} INFO - Started process (PID=37276) to work on /home/airflow/.local/lib/python3.12/site-packages/airflow/example_dags/example_branch_labels.py
[2026-03-19T07:52:04.806+0000] {processor.py:830} INFO - Processing file /home/airflow/.local/lib/python3.12/site-packages/airflow/example_dags/example_branch_labels.py for tasks to queue
[2026-03-19T07:52:04.807+0000] {logging_mixin.py:188} INFO - [2026-03-19T07:52:04.807+0000] {dagbag.py:545} INFO - Filling up the DagBag from /home/airflow/.local/lib/python3.12/site-packages/airflow/example_dags/example_branch_labels.py
[2026-03-19T07:52:04.811+0000] {processor.py:840} INFO - DAG(s) 'example_branch_labels' retrieved from /home/airflow/.local/lib/python3.12/site-packages/airflow/example_dags/example_branch_labels.py
[2026-03-19T07:52:04.835+0000] {logging_mixin.py:188} INFO - [2026-03-19T07:52:04.835+0000] {dag.py:3096} INFO - Sync 1 DAGs
[2026-03-19T07:52:04.852+0000] {logging_mixin.py:188} INFO - [2026-03-19T07:52:04.852+0000] {dag.py:3954} INFO - Setting next_dagrun for example_branch_labels to 2026-03-18 00:00:00+00:00, run_after=2026-03-19 00:00:00+00:00
[2026-03-19T07:52:04.872+0000] {processor.py:183} INFO - Processing /home/airflow/.local/lib/python3.12/site-packages/airflow/example_dags/example_branch_labels.py took 0.071 seconds
[2026-03-19T07:52:35.764+0000] {processor.py:161} INFO - Started process (PID=37335) to work on /home/airflow/.local/lib/python3.12/site-packages/airflow/example_dags/example_branch_labels.py
[2026-03-19T07:52:35.765+0000] {processor.py:830} INFO - Processing file /home/airflow/.local/lib/python3.12/site-packages/airflow/example_dags/example_branch_labels.py for tasks to queue
[2026-03-19T07:52:35.767+0000] {logging_mixin.py:188} INFO - [2026-03-19T07:52:35.766+0000] {dagbag.py:545} INFO - Filling up the DagBag from /home/airflow/.local/lib/python3.12/site-packages/airflow/example_dags/example_branch_labels.py
[2026-03-19T07:52:35.771+0000] {processor.py:840} INFO - DAG(s) 'example_branch_labels' retrieved from /home/airflow/.local/lib/python3.12/site-packages/airflow/example_dags/example_branch_labels.py
[2026-03-19T07:52:35.789+0000] {logging_mixin.py:188} INFO - [2026-03-19T07:52:35.789+0000] {dag.py:3096} INFO - Sync 1 DAGs
[2026-03-19T07:52:35.805+0000] {logging_mixin.py:188} INFO - [2026-03-19T07:52:35.804+0000] {dag.py:3954} INFO - Setting next_dagrun for example_branch_labels to 2026-03-18 00:00:00+00:00, run_after=2026-03-19 00:00:00+00:00
[2026-03-19T07:52:35.821+0000] {processor.py:183} INFO - Processing /home/airflow/.local/lib/python3.12/site-packages/airflow/example_dags/example_branch_labels.py took 0.062 seconds
[2026-03-19T07:53:06.517+0000] {processor.py:161} INFO - Started process (PID=37394) to work on /home/airflow/.local/lib/python3.12/site-packages/airflow/example_dags/example_branch_labels.py
[2026-03-19T07:53:06.518+0000] {processor.py:830} INFO - Processing file /home/airflow/.local/lib/python3.12/site-packages/airflow/example_dags/example_branch_labels.py for tasks to queue
[2026-03-19T07:53:06.518+0000] {logging_mixin.py:188} INFO - [2026-03-19T07:53:06.518+0000] {dagbag.py:545} INFO - Filling up the DagBag from /home/airflow/.local/lib/python3.12/site-packages/airflow/example_dags/example_branch_labels.py
[2026-03-19T07:53:06.524+0000] {processor.py:840} INFO - DAG(s) 'example_branch_labels' retrieved from /home/airflow/.local/lib/python3.12/site-packages/airflow/example_dags/example_branch_labels.py
[2026-03-19T07:53:06.536+0000] {logging_mixin.py:188} INFO - [2026-03-19T07:53:06.536+0000] {dag.py:3096} INFO - Sync 1 DAGs
[2026-03-19T07:53:06.549+0000] {logging_mixin.py:188} INFO - [2026-03-19T07:53:06.549+0000] {dag.py:3954} INFO - Setting next_dagrun for example_branch_labels to 2026-03-18 00:00:00+00:00, run_after=2026-03-19 00:00:00+00:00
[2026-03-19T07:53:06.558+0000] {processor.py:183} INFO - Processing /home/airflow/.local/lib/python3.12/site-packages/airflow/example_dags/example_branch_labels.py took 0.045 seconds
[2026-03-19T07:53:36.867+0000] {processor.py:161} INFO - Started process (PID=37453) to work on /home/airflow/.local/lib/python3.12/site-packages/airflow/example_dags/example_branch_labels.py
[2026-03-19T07:53:36.872+0000] {processor.py:830} INFO - Processing file /home/airflow/.local/lib/python3.12/site-packages/airflow/example_dags/example_branch_labels.py for tasks to queue
[2026-03-19T07:53:36.872+0000] {logging_mixin.py:188} INFO - [2026-03-19T07:53:36.872+0000] {dagbag.py:545} INFO - Filling up the DagBag from /home/airflow/.local/lib/python3.12/site-packages/airflow/example_dags/example_branch_labels.py
[2026-03-19T07:53:36.877+0000] {processor.py:840} INFO - DAG(s) 'example_branch_labels' retrieved from /home/airflow/.local/lib/python3.12/site-packages/airflow/example_dags/example_branch_labels.py
[2026-03-19T07:53:36.899+0000] {logging_mixin.py:188} INFO - [2026-03-19T07:53:36.899+0000] {dag.py:3096} INFO - Sync 1 DAGs
[2026-03-19T07:53:36.920+0000] {logging_mixin.py:188} INFO - [2026-03-19T07:53:36.919+0000] {dag.py:3954} INFO - Setting next_dagrun for example_branch_labels to 2026-03-18 00:00:00+00:00, run_after=2026-03-19 00:00:00+00:00
[2026-03-19T07:53:36.939+0000] {processor.py:183} INFO - Processing /home/airflow/.local/lib/python3.12/site-packages/airflow/example_dags/example_branch_labels.py took 0.076 seconds
[2026-03-19T07:54:07.289+0000] {processor.py:161} INFO - Started process (PID=37512) to work on /home/airflow/.local/lib/python3.12/site-packages/airflow/example_dags/example_branch_labels.py
[2026-03-19T07:54:07.291+0000] {processor.py:830} INFO - Processing file /home/airflow/.local/lib/python3.12/site-packages/airflow/example_dags/example_branch_labels.py for tasks to queue
[2026-03-19T07:54:07.292+0000] {logging_mixin.py:188} INFO - [2026-03-19T07:54:07.292+0000] {dagbag.py:545} INFO - Filling up the DagBag from /home/airflow/.local/lib/python3.12/site-packages/airflow/example_dags/example_branch_labels.py
[2026-03-19T07:54:07.296+0000] {processor.py:840} INFO - DAG(s) 'example_branch_labels' retrieved from /home/airflow/.local/lib/python3.12/site-packages/airflow/example_dags/example_branch_labels.py
[2026-03-19T07:54:07.315+0000] {logging_mixin.py:188} INFO - [2026-03-19T07:54:07.314+0000] {dag.py:3096} INFO - Sync 1 DAGs
[2026-03-19T07:54:07.327+0000] {logging_mixin.py:188} INFO - [2026-03-19T07:54:07.327+0000] {dag.py:3954} INFO - Setting next_dagrun for example_branch_labels to 2026-03-18 00:00:00+00:00, run_after=2026-03-19 00:00:00+00:00
[2026-03-19T07:54:07.336+0000] {processor.py:183} INFO - Processing /home/airflow/.local/lib/python3.12/site-packages/airflow/example_dags/example_branch_labels.py took 0.050 seconds
[2026-03-19T07:54:37.634+0000] {processor.py:161} INFO - Started process (PID=37571) to work on /home/airflow/.local/lib/python3.12/site-packages/airflow/example_dags/example_branch_labels.py
[2026-03-19T07:54:37.635+0000] {processor.py:830} INFO - Processing file /home/airflow/.local/lib/python3.12/site-packages/airflow/example_dags/example_branch_labels.py for tasks to queue
[2026-03-19T07:54:37.636+0000] {logging_mixin.py:188} INFO - [2026-03-19T07:54:37.635+0000] {dagbag.py:545} INFO - Filling up the DagBag from /home/airflow/.local/lib/python3.12/site-packages/airflow/example_dags/example_branch_labels.py
[2026-03-19T07:54:37.640+0000] {processor.py:840} INFO - DAG(s) 'example_branch_labels' retrieved from /home/airflow/.local/lib/python3.12/site-packages/airflow/example_dags/example_branch_labels.py
[2026-03-19T07:54:37.651+0000] {logging_mixin.py:188} INFO - [2026-03-19T07:54:37.650+0000] {dag.py:3096} INFO - Sync 1 DAGs
[2026-03-19T07:54:37.661+0000] {logging_mixin.py:188} INFO - [2026-03-19T07:54:37.661+0000] {dag.py:3954} INFO - Setting next_dagrun for example_branch_labels to 2026-03-18 00:00:00+00:00, run_after=2026-03-19 00:00:00+00:00
[2026-03-19T07:54:37.676+0000] {processor.py:183} INFO - Processing /home/airflow/.local/lib/python3.12/site-packages/airflow/example_dags/example_branch_labels.py took 0.047 seconds
[2026-03-19T07:55:07.971+0000] {processor.py:161} INFO - Started process (PID=37630) to work on /home/airflow/.local/lib/python3.12/site-packages/airflow/example_dags/example_branch_labels.py
[2026-03-19T07:55:07.971+0000] {processor.py:830} INFO - Processing file /home/airflow/.local/lib/python3.12/site-packages/airflow/example_dags/example_branch_labels.py for tasks to queue
[2026-03-19T07:55:07.972+0000] {logging_mixin.py:188} INFO - [2026-03-19T07:55:07.972+0000] {dagbag.py:545} INFO - Filling up the DagBag from /home/airflow/.local/lib/python3.12/site-packages/airflow/example_dags/example_branch_labels.py
[2026-03-19T07:55:07.976+0000] {processor.py:840} INFO - DAG(s) 'example_branch_labels' retrieved from /home/airflow/.local/lib/python3.12/site-packages/airflow/example_dags/example_branch_labels.py
[2026-03-19T07:55:07.991+0000] {logging_mixin.py:188} INFO - [2026-03-19T07:55:07.991+0000] {dag.py:3096} INFO - Sync 1 DAGs
[2026-03-19T07:55:08.003+0000] {logging_mixin.py:188} INFO - [2026-03-19T07:55:08.003+0000] {dag.py:3954} INFO - Setting next_dagrun for example_branch_labels to 2026-03-18 00:00:00+00:00, run_after=2026-03-19 00:00:00+00:00
[2026-03-19T07:55:08.018+0000] {processor.py:183} INFO - Processing /home/airflow/.local/lib/python3.12/site-packages/airflow/example_dags/example_branch_labels.py took 0.050 seconds
[2026-03-19T07:55:38.748+0000] {processor.py:161} INFO - Started process (PID=37689) to work on /home/airflow/.local/lib/python3.12/site-packages/airflow/example_dags/example_branch_labels.py
[2026-03-19T07:55:38.750+0000] {processor.py:830} INFO - Processing file /home/airflow/.local/lib/python3.12/site-packages/airflow/example_dags/example_branch_labels.py for tasks to queue
[2026-03-19T07:55:38.751+0000] {logging_mixin.py:188} INFO - [2026-03-19T07:55:38.751+0000] {dagbag.py:545} INFO - Filling up the DagBag from /home/airflow/.local/lib/python3.12/site-packages/airflow/example_dags/example_branch_labels.py
[2026-03-19T07:55:38.757+0000] {processor.py:840} INFO - DAG(s) 'example_branch_labels' retrieved from /home/airflow/.local/lib/python3.12/site-packages/airflow/example_dags/example_branch_labels.py
[2026-03-19T07:55:38.773+0000] {logging_mixin.py:188} INFO - [2026-03-19T07:55:38.773+0000] {dag.py:3096} INFO - Sync 1 DAGs
[2026-03-19T07:55:38.786+0000] {logging_mixin.py:188} INFO - [2026-03-19T07:55:38.786+0000] {dag.py:3954} INFO - Setting next_dagrun for example_branch_labels to 2026-03-18 00:00:00+00:00, run_after=2026-03-19 00:00:00+00:00
[2026-03-19T07:55:38.801+0000] {processor.py:183} INFO - Processing /home/airflow/.local/lib/python3.12/site-packages/airflow/example_dags/example_branch_labels.py took 0.056 seconds
[2026-03-19T07:56:09.543+0000] {processor.py:161} INFO - Started process (PID=37748) to work on /home/airflow/.local/lib/python3.12/site-packages/airflow/example_dags/example_branch_labels.py
[2026-03-19T07:56:09.545+0000] {processor.py:830} INFO - Processing file /home/airflow/.local/lib/python3.12/site-packages/airflow/example_dags/example_branch_labels.py for tasks to queue
[2026-03-19T07:56:09.546+0000] {logging_mixin.py:188} INFO - [2026-03-19T07:56:09.546+0000] {dagbag.py:545} INFO - Filling up the DagBag from /home/airflow/.local/lib/python3.12/site-packages/airflow/example_dags/example_branch_labels.py
[2026-03-19T07:56:09.555+0000] {processor.py:840} INFO - DAG(s) 'example_branch_labels' retrieved from /home/airflow/.local/lib/python3.12/site-packages/airflow/example_dags/example_branch_labels.py
[2026-03-19T07:56:09.576+0000] {logging_mixin.py:188} INFO - [2026-03-19T07:56:09.576+0000] {dag.py:3096} INFO - Sync 1 DAGs
[2026-03-19T07:56:09.593+0000] {logging_mixin.py:188} INFO - [2026-03-19T07:56:09.593+0000] {dag.py:3954} INFO - Setting next_dagrun for example_branch_labels to 2026-03-18 00:00:00+00:00, run_after=2026-03-19 00:00:00+00:00
[2026-03-19T07:56:09.614+0000] {processor.py:183} INFO - Processing /home/airflow/.local/lib/python3.12/site-packages/airflow/example_dags/example_branch_labels.py took 0.081 seconds
[2026-03-19T07:56:40.469+0000] {processor.py:161} INFO - Started process (PID=37807) to work on /home/airflow/.local/lib/python3.12/site-packages/airflow/example_dags/example_branch_labels.py
[2026-03-19T07:56:40.472+0000] {processor.py:830} INFO - Processing file /home/airflow/.local/lib/python3.12/site-packages/airflow/example_dags/example_branch_labels.py for tasks to queue
[2026-03-19T07:56:40.473+0000] {logging_mixin.py:188} INFO - [2026-03-19T07:56:40.473+0000] {dagbag.py:545} INFO - Filling up the DagBag from /home/airflow/.local/lib/python3.12/site-packages/airflow/example_dags/example_branch_labels.py
[2026-03-19T07:56:40.479+0000] {processor.py:840} INFO - DAG(s) 'example_branch_labels' retrieved from /home/airflow/.local/lib/python3.12/site-packages/airflow/example_dags/example_branch_labels.py
[2026-03-19T07:56:40.507+0000] {logging_mixin.py:188} INFO - [2026-03-19T07:56:40.506+0000] {dag.py:3096} INFO - Sync 1 DAGs
[2026-03-19T07:56:40.521+0000] {logging_mixin.py:188} INFO - [2026-03-19T07:56:40.521+0000] {dag.py:3954} INFO - Setting next_dagrun for example_branch_labels to 2026-03-18 00:00:00+00:00, run_after=2026-03-19 00:00:00+00:00
[2026-03-19T07:56:40.544+0000] {processor.py:183} INFO - Processing /home/airflow/.local/lib/python3.12/site-packages/airflow/example_dags/example_branch_labels.py took 0.079 seconds
[2026-03-19T07:57:11.172+0000] {processor.py:161} INFO - Started process (PID=37866) to work on /home/airflow/.local/lib/python3.12/site-packages/airflow/example_dags/example_branch_labels.py
[2026-03-19T07:57:11.174+0000] {processor.py:830} INFO - Processing file /home/airflow/.local/lib/python3.12/site-packages/airflow/example_dags/example_branch_labels.py for tasks to queue
[2026-03-19T07:57:11.176+0000] {logging_mixin.py:188} INFO - [2026-03-19T07:57:11.175+0000] {dagbag.py:545} INFO - Filling up the DagBag from /home/airflow/.local/lib/python3.12/site-packages/airflow/example_dags/example_branch_labels.py
[2026-03-19T07:57:11.182+0000] {processor.py:840} INFO - DAG(s) 'example_branch_labels' retrieved from /home/airflow/.local/lib/python3.12/site-packages/airflow/example_dags/example_branch_labels.py
[2026-03-19T07:57:11.201+0000] {logging_mixin.py:188} INFO - [2026-03-19T07:57:11.200+0000] {dag.py:3096} INFO - Sync 1 DAGs
[2026-03-19T07:57:11.214+0000] {logging_mixin.py:188} INFO - [2026-03-19T07:57:11.214+0000] {dag.py:3954} INFO - Setting next_dagrun for example_branch_labels to 2026-03-18 00:00:00+00:00, run_after=2026-03-19 00:00:00+00:00
[2026-03-19T07:57:11.227+0000] {processor.py:183} INFO - Processing /home/airflow/.local/lib/python3.12/site-packages/airflow/example_dags/example_branch_labels.py took 0.060 seconds
[2026-03-19T07:57:41.952+0000] {processor.py:161} INFO - Started process (PID=37925) to work on /home/airflow/.local/lib/python3.12/site-packages/airflow/example_dags/example_branch_labels.py
[2026-03-19T07:57:41.954+0000] {processor.py:830} INFO - Processing file /home/airflow/.local/lib/python3.12/site-packages/airflow/example_dags/example_branch_labels.py for tasks to queue
[2026-03-19T07:57:41.955+0000] {logging_mixin.py:188} INFO - [2026-03-19T07:57:41.955+0000] {dagbag.py:545} INFO - Filling up the DagBag from /home/airflow/.local/lib/python3.12/site-packages/airflow/example_dags/example_branch_labels.py
[2026-03-19T07:57:41.961+0000] {processor.py:840} INFO - DAG(s) 'example_branch_labels' retrieved from /home/airflow/.local/lib/python3.12/site-packages/airflow/example_dags/example_branch_labels.py
[2026-03-19T07:57:41.985+0000] {logging_mixin.py:188} INFO - [2026-03-19T07:57:41.984+0000] {dag.py:3096} INFO - Sync 1 DAGs
[2026-03-19T07:57:41.999+0000] {logging_mixin.py:188} INFO - [2026-03-19T07:57:41.999+0000] {dag.py:3954} INFO - Setting next_dagrun for example_branch_labels to 2026-03-18 00:00:00+00:00, run_after=2026-03-19 00:00:00+00:00
[2026-03-19T07:57:42.019+0000] {processor.py:183} INFO - Processing /home/airflow/.local/lib/python3.12/site-packages/airflow/example_dags/example_branch_labels.py took 0.070 seconds
[2026-03-19T07:58:12.483+0000] {processor.py:161} INFO - Started process (PID=37984) to work on /home/airflow/.local/lib/python3.12/site-packages/airflow/example_dags/example_branch_labels.py
[2026-03-19T07:58:12.485+0000] {processor.py:830} INFO - Processing file /home/airflow/.local/lib/python3.12/site-packages/airflow/example_dags/example_branch_labels.py for tasks to queue
[2026-03-19T07:58:12.486+0000] {logging_mixin.py:188} INFO - [2026-03-19T07:58:12.486+0000] {dagbag.py:545} INFO - Filling up the DagBag from /home/airflow/.local/lib/python3.12/site-packages/airflow/example_dags/example_branch_labels.py
[2026-03-19T07:58:12.492+0000] {processor.py:840} INFO - DAG(s) 'example_branch_labels' retrieved from /home/airflow/.local/lib/python3.12/site-packages/airflow/example_dags/example_branch_labels.py
[2026-03-19T07:58:12.509+0000] {logging_mixin.py:188} INFO - [2026-03-19T07:58:12.509+0000] {dag.py:3096} INFO - Sync 1 DAGs
[2026-03-19T07:58:12.521+0000] {logging_mixin.py:188} INFO - [2026-03-19T07:58:12.521+0000] {dag.py:3954} INFO - Setting next_dagrun for example_branch_labels to 2026-03-18 00:00:00+00:00, run_after=2026-03-19 00:00:00+00:00
[2026-03-19T07:58:12.537+0000] {processor.py:183} INFO - Processing /home/airflow/.local/lib/python3.12/site-packages/airflow/example_dags/example_branch_labels.py took 0.058 seconds
[2026-03-19T07:58:43.033+0000] {processor.py:161} INFO - Started process (PID=38043) to work on /home/airflow/.local/lib/python3.12/site-packages/airflow/example_dags/example_branch_labels.py
[2026-03-19T07:58:43.033+0000] {processor.py:830} INFO - Processing file /home/airflow/.local/lib/python3.12/site-packages/airflow/example_dags/example_branch_labels.py for tasks to queue
[2026-03-19T07:58:43.034+0000] {logging_mixin.py:188} INFO - [2026-03-19T07:58:43.034+0000] {dagbag.py:545} INFO - Filling up the DagBag from /home/airflow/.local/lib/python3.12/site-packages/airflow/example_dags/example_branch_labels.py
[2026-03-19T07:58:43.039+0000] {processor.py:840} INFO - DAG(s) 'example_branch_labels' retrieved from /home/airflow/.local/lib/python3.12/site-packages/airflow/example_dags/example_branch_labels.py
[2026-03-19T07:58:43.057+0000] {logging_mixin.py:188} INFO - [2026-03-19T07:58:43.057+0000] {dag.py:3096} INFO - Sync 1 DAGs
[2026-03-19T07:58:43.068+0000] {logging_mixin.py:188} INFO - [2026-03-19T07:58:43.068+0000] {dag.py:3954} INFO - Setting next_dagrun for example_branch_labels to 2026-03-18 00:00:00+00:00, run_after=2026-03-19 00:00:00+00:00
[2026-03-19T07:58:43.078+0000] {processor.py:183} INFO - Processing /home/airflow/.local/lib/python3.12/site-packages/airflow/example_dags/example_branch_labels.py took 0.048 seconds
[2026-03-19T07:59:13.182+0000] {processor.py:161} INFO - Started process (PID=38102) to work on /home/airflow/.local/lib/python3.12/site-packages/airflow/example_dags/example_branch_labels.py
[2026-03-19T07:59:13.183+0000] {processor.py:830} INFO - Processing file /home/airflow/.local/lib/python3.12/site-packages/airflow/example_dags/example_branch_labels.py for tasks to queue
[2026-03-19T07:59:13.184+0000] {logging_mixin.py:188} INFO - [2026-03-19T07:59:13.183+0000] {dagbag.py:545} INFO - Filling up the DagBag from /home/airflow/.local/lib/python3.12/site-packages/airflow/example_dags/example_branch_labels.py
[2026-03-19T07:59:13.188+0000] {processor.py:840} INFO - DAG(s) 'example_branch_labels' retrieved from /home/airflow/.local/lib/python3.12/site-packages/airflow/example_dags/example_branch_labels.py
[2026-03-19T07:59:13.202+0000] {logging_mixin.py:188} INFO - [2026-03-19T07:59:13.201+0000] {dag.py:3096} INFO - Sync 1 DAGs
[2026-03-19T07:59:13.215+0000] {logging_mixin.py:188} INFO - [2026-03-19T07:59:13.215+0000] {dag.py:3954} INFO - Setting next_dagrun for example_branch_labels to 2026-03-18 00:00:00+00:00, run_after=2026-03-19 00:00:00+00:00
[2026-03-19T07:59:13.227+0000] {processor.py:183} INFO - Processing /home/airflow/.local/lib/python3.12/site-packages/airflow/example_dags/example_branch_labels.py took 0.049 seconds
[2026-03-19T07:59:43.655+0000] {processor.py:161} INFO - Started process (PID=38161) to work on /home/airflow/.local/lib/python3.12/site-packages/airflow/example_dags/example_branch_labels.py
[2026-03-19T07:59:43.657+0000] {processor.py:830} INFO - Processing file /home/airflow/.local/lib/python3.12/site-packages/airflow/example_dags/example_branch_labels.py for tasks to queue
[2026-03-19T07:59:43.658+0000] {logging_mixin.py:188} INFO - [2026-03-19T07:59:43.658+0000] {dagbag.py:545} INFO - Filling up the DagBag from /home/airflow/.local/lib/python3.12/site-packages/airflow/example_dags/example_branch_labels.py
[2026-03-19T07:59:43.666+0000] {processor.py:840} INFO - DAG(s) 'example_branch_labels' retrieved from /home/airflow/.local/lib/python3.12/site-packages/airflow/example_dags/example_branch_labels.py
[2026-03-19T07:59:43.699+0000] {logging_mixin.py:188} INFO - [2026-03-19T07:59:43.697+0000] {dag.py:3096} INFO - Sync 1 DAGs
[2026-03-19T07:59:43.725+0000] {logging_mixin.py:188} INFO - [2026-03-19T07:59:43.724+0000] {dag.py:3954} INFO - Setting next_dagrun for example_branch_labels to 2026-03-18 00:00:00+00:00, run_after=2026-03-19 00:00:00+00:00
[2026-03-19T07:59:43.752+0000] {processor.py:183} INFO - Processing /home/airflow/.local/lib/python3.12/site-packages/airflow/example_dags/example_branch_labels.py took 0.106 seconds
[2026-03-19T08:00:13.856+0000] {processor.py:161} INFO - Started process (PID=38219) to work on /home/airflow/.local/lib/python3.12/site-packages/airflow/example_dags/example_branch_labels.py
[2026-03-19T08:00:13.857+0000] {processor.py:830} INFO - Processing file /home/airflow/.local/lib/python3.12/site-packages/airflow/example_dags/example_branch_labels.py for tasks to queue
[2026-03-19T08:00:13.857+0000] {logging_mixin.py:188} INFO - [2026-03-19T08:00:13.857+0000] {dagbag.py:545} INFO - Filling up the DagBag from /home/airflow/.local/lib/python3.12/site-packages/airflow/example_dags/example_branch_labels.py
[2026-03-19T08:00:13.862+0000] {processor.py:840} INFO - DAG(s) 'example_branch_labels' retrieved from /home/airflow/.local/lib/python3.12/site-packages/airflow/example_dags/example_branch_labels.py
[2026-03-19T08:00:13.874+0000] {logging_mixin.py:188} INFO - [2026-03-19T08:00:13.873+0000] {dag.py:3096} INFO - Sync 1 DAGs
[2026-03-19T08:00:13.887+0000] {logging_mixin.py:188} INFO - [2026-03-19T08:00:13.887+0000] {dag.py:3954} INFO - Setting next_dagrun for example_branch_labels to 2026-03-18 00:00:00+00:00, run_after=2026-03-19 00:00:00+00:00
[2026-03-19T08:00:13.901+0000] {processor.py:183} INFO - Processing /home/airflow/.local/lib/python3.12/site-packages/airflow/example_dags/example_branch_labels.py took 0.049 seconds
[2026-03-19T08:00:44.190+0000] {processor.py:161} INFO - Started process (PID=38279) to work on /home/airflow/.local/lib/python3.12/site-packages/airflow/example_dags/example_branch_labels.py
[2026-03-19T08:00:44.191+0000] {processor.py:830} INFO - Processing file /home/airflow/.local/lib/python3.12/site-packages/airflow/example_dags/example_branch_labels.py for tasks to queue
[2026-03-19T08:00:44.192+0000] {logging_mixin.py:188} INFO - [2026-03-19T08:00:44.191+0000] {dagbag.py:545} INFO - Filling up the DagBag from /home/airflow/.local/lib/python3.12/site-packages/airflow/example_dags/example_branch_labels.py
[2026-03-19T08:00:44.197+0000] {processor.py:840} INFO - DAG(s) 'example_branch_labels' retrieved from /home/airflow/.local/lib/python3.12/site-packages/airflow/example_dags/example_branch_labels.py
[2026-03-19T08:00:44.210+0000] {logging_mixin.py:188} INFO - [2026-03-19T08:00:44.210+0000] {dag.py:3096} INFO - Sync 1 DAGs
[2026-03-19T08:00:44.221+0000] {logging_mixin.py:188} INFO - [2026-03-19T08:00:44.221+0000] {dag.py:3954} INFO - Setting next_dagrun for example_branch_labels to 2026-03-18 00:00:00+00:00, run_after=2026-03-19 00:00:00+00:00
[2026-03-19T08:00:44.232+0000] {processor.py:183} INFO - Processing /home/airflow/.local/lib/python3.12/site-packages/airflow/example_dags/example_branch_labels.py took 0.046 seconds
