[2026-03-19T00:12:43.830+0000] {processor.py:161} INFO - Started process (PID=35679) to work on /home/airflow/.local/lib/python3.12/site-packages/airflow/example_dags/example_branch_datetime_operator.py
[2026-03-19T00:12:43.833+0000] {processor.py:830} INFO - Processing file /home/airflow/.local/lib/python3.12/site-packages/airflow/example_dags/example_branch_datetime_operator.py for tasks to queue
[2026-03-19T00:12:43.834+0000] {logging_mixin.py:188} INFO - [2026-03-19T00:12:43.834+0000] {dagbag.py:545} INFO - Filling up the DagBag from /home/airflow/.local/lib/python3.12/site-packages/airflow/example_dags/example_branch_datetime_operator.py
[2026-03-19T00:12:43.843+0000] {processor.py:840} INFO - DAG(s) 'example_branch_datetime_operator', 'example_branch_datetime_operator_3', 'example_branch_datetime_operator_2' retrieved from /home/airflow/.local/lib/python3.12/site-packages/airflow/example_dags/example_branch_datetime_operator.py
[2026-03-19T00:12:43.878+0000] {logging_mixin.py:188} INFO - [2026-03-19T00:12:43.878+0000] {dag.py:3096} INFO - Sync 3 DAGs
[2026-03-19T00:12:43.895+0000] {logging_mixin.py:188} INFO - [2026-03-19T00:12:43.895+0000] {dag.py:3954} INFO - Setting next_dagrun for example_branch_datetime_operator to 2026-03-18 00:00:00+00:00, run_after=2026-03-19 00:00:00+00:00
[2026-03-19T00:12:43.898+0000] {logging_mixin.py:188} INFO - [2026-03-19T00:12:43.898+0000] {dag.py:3954} INFO - Setting next_dagrun for example_branch_datetime_operator_2 to 2026-03-18 00:00:00+00:00, run_after=2026-03-19 00:00:00+00:00
[2026-03-19T00:12:43.899+0000] {logging_mixin.py:188} INFO - [2026-03-19T00:12:43.899+0000] {dag.py:3954} INFO - Setting next_dagrun for example_branch_datetime_operator_3 to 2026-03-18 00:00:00+00:00, run_after=2026-03-19 00:00:00+00:00
[2026-03-19T00:12:43.913+0000] {processor.py:183} INFO - Processing /home/airflow/.local/lib/python3.12/site-packages/airflow/example_dags/example_branch_datetime_operator.py took 0.087 seconds
[2026-03-19T00:46:43.799+0000] {processor.py:161} INFO - Started process (PID=35738) to work on /home/airflow/.local/lib/python3.12/site-packages/airflow/example_dags/example_branch_datetime_operator.py
[2026-03-19T00:46:43.803+0000] {processor.py:830} INFO - Processing file /home/airflow/.local/lib/python3.12/site-packages/airflow/example_dags/example_branch_datetime_operator.py for tasks to queue
[2026-03-19T00:46:43.808+0000] {logging_mixin.py:188} INFO - [2026-03-19T00:46:43.807+0000] {dagbag.py:545} INFO - Filling up the DagBag from /home/airflow/.local/lib/python3.12/site-packages/airflow/example_dags/example_branch_datetime_operator.py
[2026-03-19T00:46:43.834+0000] {processor.py:840} INFO - DAG(s) 'example_branch_datetime_operator', 'example_branch_datetime_operator_3', 'example_branch_datetime_operator_2' retrieved from /home/airflow/.local/lib/python3.12/site-packages/airflow/example_dags/example_branch_datetime_operator.py
[2026-03-19T00:46:43.891+0000] {logging_mixin.py:188} INFO - [2026-03-19T00:46:43.890+0000] {dag.py:3096} INFO - Sync 3 DAGs
[2026-03-19T00:46:43.934+0000] {logging_mixin.py:188} INFO - [2026-03-19T00:46:43.933+0000] {dag.py:3954} INFO - Setting next_dagrun for example_branch_datetime_operator to 2026-03-18 00:00:00+00:00, run_after=2026-03-19 00:00:00+00:00
[2026-03-19T00:46:43.944+0000] {logging_mixin.py:188} INFO - [2026-03-19T00:46:43.941+0000] {dag.py:3954} INFO - Setting next_dagrun for example_branch_datetime_operator_2 to 2026-03-18 00:00:00+00:00, run_after=2026-03-19 00:00:00+00:00
[2026-03-19T00:46:43.955+0000] {logging_mixin.py:188} INFO - [2026-03-19T00:46:43.955+0000] {dag.py:3954} INFO - Setting next_dagrun for example_branch_datetime_operator_3 to 2026-03-18 00:00:00+00:00, run_after=2026-03-19 00:00:00+00:00
[2026-03-19T00:46:43.990+0000] {processor.py:183} INFO - Processing /home/airflow/.local/lib/python3.12/site-packages/airflow/example_dags/example_branch_datetime_operator.py took 0.208 seconds
[2026-03-19T01:13:42.989+0000] {processor.py:161} INFO - Started process (PID=35805) to work on /home/airflow/.local/lib/python3.12/site-packages/airflow/example_dags/example_branch_datetime_operator.py
[2026-03-19T01:13:42.993+0000] {processor.py:830} INFO - Processing file /home/airflow/.local/lib/python3.12/site-packages/airflow/example_dags/example_branch_datetime_operator.py for tasks to queue
[2026-03-19T01:13:42.995+0000] {logging_mixin.py:188} INFO - [2026-03-19T01:13:42.995+0000] {dagbag.py:545} INFO - Filling up the DagBag from /home/airflow/.local/lib/python3.12/site-packages/airflow/example_dags/example_branch_datetime_operator.py
[2026-03-19T01:13:43.006+0000] {processor.py:840} INFO - DAG(s) 'example_branch_datetime_operator_3', 'example_branch_datetime_operator_2', 'example_branch_datetime_operator' retrieved from /home/airflow/.local/lib/python3.12/site-packages/airflow/example_dags/example_branch_datetime_operator.py
[2026-03-19T01:13:43.037+0000] {logging_mixin.py:188} INFO - [2026-03-19T01:13:43.037+0000] {dag.py:3096} INFO - Sync 3 DAGs
[2026-03-19T01:13:43.219+0000] {logging_mixin.py:188} INFO - [2026-03-19T01:13:43.219+0000] {dag.py:3954} INFO - Setting next_dagrun for example_branch_datetime_operator to 2026-03-18 00:00:00+00:00, run_after=2026-03-19 00:00:00+00:00
[2026-03-19T01:13:43.231+0000] {logging_mixin.py:188} INFO - [2026-03-19T01:13:43.230+0000] {dag.py:3954} INFO - Setting next_dagrun for example_branch_datetime_operator_2 to 2026-03-18 00:00:00+00:00, run_after=2026-03-19 00:00:00+00:00
[2026-03-19T01:13:43.234+0000] {logging_mixin.py:188} INFO - [2026-03-19T01:13:43.234+0000] {dag.py:3954} INFO - Setting next_dagrun for example_branch_datetime_operator_3 to 2026-03-18 00:00:00+00:00, run_after=2026-03-19 00:00:00+00:00
[2026-03-19T01:13:43.261+0000] {processor.py:183} INFO - Processing /home/airflow/.local/lib/python3.12/site-packages/airflow/example_dags/example_branch_datetime_operator.py took 0.280 seconds
[2026-03-19T01:30:57.272+0000] {processor.py:161} INFO - Started process (PID=35872) to work on /home/airflow/.local/lib/python3.12/site-packages/airflow/example_dags/example_branch_datetime_operator.py
[2026-03-19T01:30:57.273+0000] {processor.py:830} INFO - Processing file /home/airflow/.local/lib/python3.12/site-packages/airflow/example_dags/example_branch_datetime_operator.py for tasks to queue
[2026-03-19T01:30:57.277+0000] {logging_mixin.py:188} INFO - [2026-03-19T01:30:57.276+0000] {dagbag.py:545} INFO - Filling up the DagBag from /home/airflow/.local/lib/python3.12/site-packages/airflow/example_dags/example_branch_datetime_operator.py
[2026-03-19T01:30:57.305+0000] {processor.py:840} INFO - DAG(s) 'example_branch_datetime_operator', 'example_branch_datetime_operator_2', 'example_branch_datetime_operator_3' retrieved from /home/airflow/.local/lib/python3.12/site-packages/airflow/example_dags/example_branch_datetime_operator.py
[2026-03-19T01:30:57.380+0000] {logging_mixin.py:188} INFO - [2026-03-19T01:30:57.379+0000] {dag.py:3096} INFO - Sync 3 DAGs
[2026-03-19T01:30:57.597+0000] {logging_mixin.py:188} INFO - [2026-03-19T01:30:57.595+0000] {dag.py:3954} INFO - Setting next_dagrun for example_branch_datetime_operator to 2026-03-18 00:00:00+00:00, run_after=2026-03-19 00:00:00+00:00
[2026-03-19T01:30:57.612+0000] {logging_mixin.py:188} INFO - [2026-03-19T01:30:57.611+0000] {dag.py:3954} INFO - Setting next_dagrun for example_branch_datetime_operator_2 to 2026-03-18 00:00:00+00:00, run_after=2026-03-19 00:00:00+00:00
[2026-03-19T01:30:57.621+0000] {logging_mixin.py:188} INFO - [2026-03-19T01:30:57.619+0000] {dag.py:3954} INFO - Setting next_dagrun for example_branch_datetime_operator_3 to 2026-03-18 00:00:00+00:00, run_after=2026-03-19 00:00:00+00:00
[2026-03-19T01:30:57.842+0000] {processor.py:183} INFO - Processing /home/airflow/.local/lib/python3.12/site-packages/airflow/example_dags/example_branch_datetime_operator.py took 0.579 seconds
[2026-03-19T02:15:04.196+0000] {processor.py:161} INFO - Started process (PID=35936) to work on /home/airflow/.local/lib/python3.12/site-packages/airflow/example_dags/example_branch_datetime_operator.py
[2026-03-19T02:15:04.227+0000] {processor.py:830} INFO - Processing file /home/airflow/.local/lib/python3.12/site-packages/airflow/example_dags/example_branch_datetime_operator.py for tasks to queue
[2026-03-19T02:15:04.269+0000] {logging_mixin.py:188} INFO - [2026-03-19T02:15:04.261+0000] {dagbag.py:545} INFO - Filling up the DagBag from /home/airflow/.local/lib/python3.12/site-packages/airflow/example_dags/example_branch_datetime_operator.py
[2026-03-19T02:15:04.414+0000] {processor.py:840} INFO - DAG(s) 'example_branch_datetime_operator_2', 'example_branch_datetime_operator', 'example_branch_datetime_operator_3' retrieved from /home/airflow/.local/lib/python3.12/site-packages/airflow/example_dags/example_branch_datetime_operator.py
[2026-03-19T02:15:04.621+0000] {logging_mixin.py:188} INFO - [2026-03-19T02:15:04.620+0000] {dag.py:3096} INFO - Sync 3 DAGs
[2026-03-19T02:15:04.814+0000] {logging_mixin.py:188} INFO - [2026-03-19T02:15:04.812+0000] {dag.py:3954} INFO - Setting next_dagrun for example_branch_datetime_operator to 2026-03-18 00:00:00+00:00, run_after=2026-03-19 00:00:00+00:00
[2026-03-19T02:15:04.875+0000] {logging_mixin.py:188} INFO - [2026-03-19T02:15:04.868+0000] {dag.py:3954} INFO - Setting next_dagrun for example_branch_datetime_operator_2 to 2026-03-18 00:00:00+00:00, run_after=2026-03-19 00:00:00+00:00
[2026-03-19T02:15:05.170+0000] {logging_mixin.py:188} INFO - [2026-03-19T02:15:05.144+0000] {dag.py:3954} INFO - Setting next_dagrun for example_branch_datetime_operator_3 to 2026-03-18 00:00:00+00:00, run_after=2026-03-19 00:00:00+00:00
[2026-03-19T02:15:05.351+0000] {processor.py:183} INFO - Processing /home/airflow/.local/lib/python3.12/site-packages/airflow/example_dags/example_branch_datetime_operator.py took 1.249 seconds
[2026-03-19T03:06:04.579+0000] {processor.py:161} INFO - Started process (PID=36022) to work on /home/airflow/.local/lib/python3.12/site-packages/airflow/example_dags/example_branch_datetime_operator.py
[2026-03-19T03:06:04.583+0000] {processor.py:830} INFO - Processing file /home/airflow/.local/lib/python3.12/site-packages/airflow/example_dags/example_branch_datetime_operator.py for tasks to queue
[2026-03-19T03:06:04.585+0000] {logging_mixin.py:188} INFO - [2026-03-19T03:06:04.584+0000] {dagbag.py:545} INFO - Filling up the DagBag from /home/airflow/.local/lib/python3.12/site-packages/airflow/example_dags/example_branch_datetime_operator.py
[2026-03-19T03:06:04.624+0000] {processor.py:840} INFO - DAG(s) 'example_branch_datetime_operator_2', 'example_branch_datetime_operator', 'example_branch_datetime_operator_3' retrieved from /home/airflow/.local/lib/python3.12/site-packages/airflow/example_dags/example_branch_datetime_operator.py
[2026-03-19T03:06:04.840+0000] {logging_mixin.py:188} INFO - [2026-03-19T03:06:04.839+0000] {dag.py:3096} INFO - Sync 3 DAGs
[2026-03-19T03:06:05.012+0000] {logging_mixin.py:188} INFO - [2026-03-19T03:06:05.011+0000] {dag.py:3954} INFO - Setting next_dagrun for example_branch_datetime_operator to 2026-03-18 00:00:00+00:00, run_after=2026-03-19 00:00:00+00:00
[2026-03-19T03:06:05.035+0000] {logging_mixin.py:188} INFO - [2026-03-19T03:06:05.034+0000] {dag.py:3954} INFO - Setting next_dagrun for example_branch_datetime_operator_2 to 2026-03-18 00:00:00+00:00, run_after=2026-03-19 00:00:00+00:00
[2026-03-19T03:06:05.045+0000] {logging_mixin.py:188} INFO - [2026-03-19T03:06:05.044+0000] {dag.py:3954} INFO - Setting next_dagrun for example_branch_datetime_operator_3 to 2026-03-18 00:00:00+00:00, run_after=2026-03-19 00:00:00+00:00
[2026-03-19T03:06:05.137+0000] {processor.py:183} INFO - Processing /home/airflow/.local/lib/python3.12/site-packages/airflow/example_dags/example_branch_datetime_operator.py took 0.604 seconds
[2026-03-19T03:06:35.362+0000] {processor.py:161} INFO - Started process (PID=36093) to work on /home/airflow/.local/lib/python3.12/site-packages/airflow/example_dags/example_branch_datetime_operator.py
[2026-03-19T03:06:35.364+0000] {processor.py:830} INFO - Processing file /home/airflow/.local/lib/python3.12/site-packages/airflow/example_dags/example_branch_datetime_operator.py for tasks to queue
[2026-03-19T03:06:35.365+0000] {logging_mixin.py:188} INFO - [2026-03-19T03:06:35.365+0000] {dagbag.py:545} INFO - Filling up the DagBag from /home/airflow/.local/lib/python3.12/site-packages/airflow/example_dags/example_branch_datetime_operator.py
[2026-03-19T03:06:35.370+0000] {processor.py:840} INFO - DAG(s) 'example_branch_datetime_operator', 'example_branch_datetime_operator_3', 'example_branch_datetime_operator_2' retrieved from /home/airflow/.local/lib/python3.12/site-packages/airflow/example_dags/example_branch_datetime_operator.py
[2026-03-19T03:06:35.394+0000] {logging_mixin.py:188} INFO - [2026-03-19T03:06:35.394+0000] {dag.py:3096} INFO - Sync 3 DAGs
[2026-03-19T03:06:35.409+0000] {logging_mixin.py:188} INFO - [2026-03-19T03:06:35.409+0000] {dag.py:3954} INFO - Setting next_dagrun for example_branch_datetime_operator to 2026-03-18 00:00:00+00:00, run_after=2026-03-19 00:00:00+00:00
[2026-03-19T03:06:35.414+0000] {logging_mixin.py:188} INFO - [2026-03-19T03:06:35.414+0000] {dag.py:3954} INFO - Setting next_dagrun for example_branch_datetime_operator_2 to 2026-03-18 00:00:00+00:00, run_after=2026-03-19 00:00:00+00:00
[2026-03-19T03:06:35.417+0000] {logging_mixin.py:188} INFO - [2026-03-19T03:06:35.417+0000] {dag.py:3954} INFO - Setting next_dagrun for example_branch_datetime_operator_3 to 2026-03-18 00:00:00+00:00, run_after=2026-03-19 00:00:00+00:00
[2026-03-19T03:06:35.430+0000] {processor.py:183} INFO - Processing /home/airflow/.local/lib/python3.12/site-packages/airflow/example_dags/example_branch_datetime_operator.py took 0.071 seconds
[2026-03-19T03:15:41.574+0000] {processor.py:161} INFO - Started process (PID=36152) to work on /home/airflow/.local/lib/python3.12/site-packages/airflow/example_dags/example_branch_datetime_operator.py
[2026-03-19T03:15:41.575+0000] {processor.py:830} INFO - Processing file /home/airflow/.local/lib/python3.12/site-packages/airflow/example_dags/example_branch_datetime_operator.py for tasks to queue
[2026-03-19T03:15:41.576+0000] {logging_mixin.py:188} INFO - [2026-03-19T03:15:41.576+0000] {dagbag.py:545} INFO - Filling up the DagBag from /home/airflow/.local/lib/python3.12/site-packages/airflow/example_dags/example_branch_datetime_operator.py
[2026-03-19T03:15:41.582+0000] {processor.py:840} INFO - DAG(s) 'example_branch_datetime_operator_3', 'example_branch_datetime_operator_2', 'example_branch_datetime_operator' retrieved from /home/airflow/.local/lib/python3.12/site-packages/airflow/example_dags/example_branch_datetime_operator.py
[2026-03-19T03:15:41.605+0000] {logging_mixin.py:188} INFO - [2026-03-19T03:15:41.604+0000] {dag.py:3096} INFO - Sync 3 DAGs
[2026-03-19T03:15:41.634+0000] {logging_mixin.py:188} INFO - [2026-03-19T03:15:41.633+0000] {dag.py:3954} INFO - Setting next_dagrun for example_branch_datetime_operator to 2026-03-18 00:00:00+00:00, run_after=2026-03-19 00:00:00+00:00
[2026-03-19T03:15:41.640+0000] {logging_mixin.py:188} INFO - [2026-03-19T03:15:41.640+0000] {dag.py:3954} INFO - Setting next_dagrun for example_branch_datetime_operator_2 to 2026-03-18 00:00:00+00:00, run_after=2026-03-19 00:00:00+00:00
[2026-03-19T03:15:41.644+0000] {logging_mixin.py:188} INFO - [2026-03-19T03:15:41.643+0000] {dag.py:3954} INFO - Setting next_dagrun for example_branch_datetime_operator_3 to 2026-03-18 00:00:00+00:00, run_after=2026-03-19 00:00:00+00:00
[2026-03-19T03:15:41.662+0000] {processor.py:183} INFO - Processing /home/airflow/.local/lib/python3.12/site-packages/airflow/example_dags/example_branch_datetime_operator.py took 0.095 seconds
[2026-03-19T03:31:59.369+0000] {processor.py:161} INFO - Started process (PID=36211) to work on /home/airflow/.local/lib/python3.12/site-packages/airflow/example_dags/example_branch_datetime_operator.py
[2026-03-19T03:31:59.373+0000] {processor.py:830} INFO - Processing file /home/airflow/.local/lib/python3.12/site-packages/airflow/example_dags/example_branch_datetime_operator.py for tasks to queue
[2026-03-19T03:31:59.378+0000] {logging_mixin.py:188} INFO - [2026-03-19T03:31:59.377+0000] {dagbag.py:545} INFO - Filling up the DagBag from /home/airflow/.local/lib/python3.12/site-packages/airflow/example_dags/example_branch_datetime_operator.py
[2026-03-19T03:31:59.425+0000] {processor.py:840} INFO - DAG(s) 'example_branch_datetime_operator_2', 'example_branch_datetime_operator_3', 'example_branch_datetime_operator' retrieved from /home/airflow/.local/lib/python3.12/site-packages/airflow/example_dags/example_branch_datetime_operator.py
[2026-03-19T03:31:59.537+0000] {logging_mixin.py:188} INFO - [2026-03-19T03:31:59.536+0000] {dag.py:3096} INFO - Sync 3 DAGs
[2026-03-19T03:31:59.631+0000] {logging_mixin.py:188} INFO - [2026-03-19T03:31:59.631+0000] {dag.py:3954} INFO - Setting next_dagrun for example_branch_datetime_operator to 2026-03-18 00:00:00+00:00, run_after=2026-03-19 00:00:00+00:00
[2026-03-19T03:31:59.651+0000] {logging_mixin.py:188} INFO - [2026-03-19T03:31:59.649+0000] {dag.py:3954} INFO - Setting next_dagrun for example_branch_datetime_operator_2 to 2026-03-18 00:00:00+00:00, run_after=2026-03-19 00:00:00+00:00
[2026-03-19T03:31:59.702+0000] {logging_mixin.py:188} INFO - [2026-03-19T03:31:59.682+0000] {dag.py:3954} INFO - Setting next_dagrun for example_branch_datetime_operator_3 to 2026-03-18 00:00:00+00:00, run_after=2026-03-19 00:00:00+00:00
[2026-03-19T03:31:59.821+0000] {processor.py:183} INFO - Processing /home/airflow/.local/lib/python3.12/site-packages/airflow/example_dags/example_branch_datetime_operator.py took 0.473 seconds
[2026-03-19T04:16:40.857+0000] {processor.py:161} INFO - Started process (PID=36278) to work on /home/airflow/.local/lib/python3.12/site-packages/airflow/example_dags/example_branch_datetime_operator.py
[2026-03-19T04:16:40.860+0000] {processor.py:830} INFO - Processing file /home/airflow/.local/lib/python3.12/site-packages/airflow/example_dags/example_branch_datetime_operator.py for tasks to queue
[2026-03-19T04:16:40.861+0000] {logging_mixin.py:188} INFO - [2026-03-19T04:16:40.861+0000] {dagbag.py:545} INFO - Filling up the DagBag from /home/airflow/.local/lib/python3.12/site-packages/airflow/example_dags/example_branch_datetime_operator.py
[2026-03-19T04:16:40.881+0000] {processor.py:840} INFO - DAG(s) 'example_branch_datetime_operator', 'example_branch_datetime_operator_3', 'example_branch_datetime_operator_2' retrieved from /home/airflow/.local/lib/python3.12/site-packages/airflow/example_dags/example_branch_datetime_operator.py
[2026-03-19T04:16:40.926+0000] {logging_mixin.py:188} INFO - [2026-03-19T04:16:40.925+0000] {dag.py:3096} INFO - Sync 3 DAGs
[2026-03-19T04:16:41.012+0000] {logging_mixin.py:188} INFO - [2026-03-19T04:16:41.012+0000] {dag.py:3954} INFO - Setting next_dagrun for example_branch_datetime_operator to 2026-03-18 00:00:00+00:00, run_after=2026-03-19 00:00:00+00:00
[2026-03-19T04:16:41.022+0000] {logging_mixin.py:188} INFO - [2026-03-19T04:16:41.022+0000] {dag.py:3954} INFO - Setting next_dagrun for example_branch_datetime_operator_2 to 2026-03-18 00:00:00+00:00, run_after=2026-03-19 00:00:00+00:00
[2026-03-19T04:16:41.025+0000] {logging_mixin.py:188} INFO - [2026-03-19T04:16:41.025+0000] {dag.py:3954} INFO - Setting next_dagrun for example_branch_datetime_operator_3 to 2026-03-18 00:00:00+00:00, run_after=2026-03-19 00:00:00+00:00
[2026-03-19T04:16:41.049+0000] {processor.py:183} INFO - Processing /home/airflow/.local/lib/python3.12/site-packages/airflow/example_dags/example_branch_datetime_operator.py took 0.207 seconds
[2026-03-19T04:17:12.984+0000] {processor.py:161} INFO - Started process (PID=36345) to work on /home/airflow/.local/lib/python3.12/site-packages/airflow/example_dags/example_branch_datetime_operator.py
[2026-03-19T04:17:12.986+0000] {processor.py:830} INFO - Processing file /home/airflow/.local/lib/python3.12/site-packages/airflow/example_dags/example_branch_datetime_operator.py for tasks to queue
[2026-03-19T04:17:12.988+0000] {logging_mixin.py:188} INFO - [2026-03-19T04:17:12.987+0000] {dagbag.py:545} INFO - Filling up the DagBag from /home/airflow/.local/lib/python3.12/site-packages/airflow/example_dags/example_branch_datetime_operator.py
[2026-03-19T04:17:13.004+0000] {processor.py:840} INFO - DAG(s) 'example_branch_datetime_operator_2', 'example_branch_datetime_operator', 'example_branch_datetime_operator_3' retrieved from /home/airflow/.local/lib/python3.12/site-packages/airflow/example_dags/example_branch_datetime_operator.py
[2026-03-19T04:17:13.055+0000] {logging_mixin.py:188} INFO - [2026-03-19T04:17:13.054+0000] {dag.py:3096} INFO - Sync 3 DAGs
[2026-03-19T04:17:13.084+0000] {logging_mixin.py:188} INFO - [2026-03-19T04:17:13.084+0000] {dag.py:3954} INFO - Setting next_dagrun for example_branch_datetime_operator to 2026-03-18 00:00:00+00:00, run_after=2026-03-19 00:00:00+00:00
[2026-03-19T04:17:13.092+0000] {logging_mixin.py:188} INFO - [2026-03-19T04:17:13.092+0000] {dag.py:3954} INFO - Setting next_dagrun for example_branch_datetime_operator_2 to 2026-03-18 00:00:00+00:00, run_after=2026-03-19 00:00:00+00:00
[2026-03-19T04:17:13.096+0000] {logging_mixin.py:188} INFO - [2026-03-19T04:17:13.096+0000] {dag.py:3954} INFO - Setting next_dagrun for example_branch_datetime_operator_3 to 2026-03-18 00:00:00+00:00, run_after=2026-03-19 00:00:00+00:00
[2026-03-19T04:17:13.131+0000] {processor.py:183} INFO - Processing /home/airflow/.local/lib/python3.12/site-packages/airflow/example_dags/example_branch_datetime_operator.py took 0.157 seconds
[2026-03-19T05:17:36.298+0000] {processor.py:161} INFO - Started process (PID=36404) to work on /home/airflow/.local/lib/python3.12/site-packages/airflow/example_dags/example_branch_datetime_operator.py
[2026-03-19T05:17:36.299+0000] {processor.py:830} INFO - Processing file /home/airflow/.local/lib/python3.12/site-packages/airflow/example_dags/example_branch_datetime_operator.py for tasks to queue
[2026-03-19T05:17:36.299+0000] {logging_mixin.py:188} INFO - [2026-03-19T05:17:36.299+0000] {dagbag.py:545} INFO - Filling up the DagBag from /home/airflow/.local/lib/python3.12/site-packages/airflow/example_dags/example_branch_datetime_operator.py
[2026-03-19T05:17:36.309+0000] {processor.py:840} INFO - DAG(s) 'example_branch_datetime_operator_2', 'example_branch_datetime_operator', 'example_branch_datetime_operator_3' retrieved from /home/airflow/.local/lib/python3.12/site-packages/airflow/example_dags/example_branch_datetime_operator.py
[2026-03-19T05:17:36.338+0000] {logging_mixin.py:188} INFO - [2026-03-19T05:17:36.338+0000] {dag.py:3096} INFO - Sync 3 DAGs
[2026-03-19T05:17:36.357+0000] {logging_mixin.py:188} INFO - [2026-03-19T05:17:36.356+0000] {dag.py:3954} INFO - Setting next_dagrun for example_branch_datetime_operator to 2026-03-18 00:00:00+00:00, run_after=2026-03-19 00:00:00+00:00
[2026-03-19T05:17:36.365+0000] {logging_mixin.py:188} INFO - [2026-03-19T05:17:36.365+0000] {dag.py:3954} INFO - Setting next_dagrun for example_branch_datetime_operator_2 to 2026-03-18 00:00:00+00:00, run_after=2026-03-19 00:00:00+00:00
[2026-03-19T05:17:36.367+0000] {logging_mixin.py:188} INFO - [2026-03-19T05:17:36.367+0000] {dag.py:3954} INFO - Setting next_dagrun for example_branch_datetime_operator_3 to 2026-03-18 00:00:00+00:00, run_after=2026-03-19 00:00:00+00:00
[2026-03-19T05:17:36.381+0000] {processor.py:183} INFO - Processing /home/airflow/.local/lib/python3.12/site-packages/airflow/example_dags/example_branch_datetime_operator.py took 0.087 seconds
[2026-03-19T05:18:07.081+0000] {processor.py:161} INFO - Started process (PID=36463) to work on /home/airflow/.local/lib/python3.12/site-packages/airflow/example_dags/example_branch_datetime_operator.py
[2026-03-19T05:18:07.082+0000] {processor.py:830} INFO - Processing file /home/airflow/.local/lib/python3.12/site-packages/airflow/example_dags/example_branch_datetime_operator.py for tasks to queue
[2026-03-19T05:18:07.083+0000] {logging_mixin.py:188} INFO - [2026-03-19T05:18:07.083+0000] {dagbag.py:545} INFO - Filling up the DagBag from /home/airflow/.local/lib/python3.12/site-packages/airflow/example_dags/example_branch_datetime_operator.py
[2026-03-19T05:18:07.089+0000] {processor.py:840} INFO - DAG(s) 'example_branch_datetime_operator_3', 'example_branch_datetime_operator', 'example_branch_datetime_operator_2' retrieved from /home/airflow/.local/lib/python3.12/site-packages/airflow/example_dags/example_branch_datetime_operator.py
[2026-03-19T05:18:07.109+0000] {logging_mixin.py:188} INFO - [2026-03-19T05:18:07.109+0000] {dag.py:3096} INFO - Sync 3 DAGs
[2026-03-19T05:18:07.125+0000] {logging_mixin.py:188} INFO - [2026-03-19T05:18:07.124+0000] {dag.py:3954} INFO - Setting next_dagrun for example_branch_datetime_operator to 2026-03-18 00:00:00+00:00, run_after=2026-03-19 00:00:00+00:00
[2026-03-19T05:18:07.127+0000] {logging_mixin.py:188} INFO - [2026-03-19T05:18:07.127+0000] {dag.py:3954} INFO - Setting next_dagrun for example_branch_datetime_operator_2 to 2026-03-18 00:00:00+00:00, run_after=2026-03-19 00:00:00+00:00
[2026-03-19T05:18:07.128+0000] {logging_mixin.py:188} INFO - [2026-03-19T05:18:07.128+0000] {dag.py:3954} INFO - Setting next_dagrun for example_branch_datetime_operator_3 to 2026-03-18 00:00:00+00:00, run_after=2026-03-19 00:00:00+00:00
[2026-03-19T05:18:07.135+0000] {processor.py:183} INFO - Processing /home/airflow/.local/lib/python3.12/site-packages/airflow/example_dags/example_branch_datetime_operator.py took 0.059 seconds
[2026-03-19T06:18:32.781+0000] {processor.py:161} INFO - Started process (PID=36522) to work on /home/airflow/.local/lib/python3.12/site-packages/airflow/example_dags/example_branch_datetime_operator.py
[2026-03-19T06:18:32.785+0000] {processor.py:830} INFO - Processing file /home/airflow/.local/lib/python3.12/site-packages/airflow/example_dags/example_branch_datetime_operator.py for tasks to queue
[2026-03-19T06:18:32.792+0000] {logging_mixin.py:188} INFO - [2026-03-19T06:18:32.791+0000] {dagbag.py:545} INFO - Filling up the DagBag from /home/airflow/.local/lib/python3.12/site-packages/airflow/example_dags/example_branch_datetime_operator.py
[2026-03-19T06:18:32.855+0000] {processor.py:840} INFO - DAG(s) 'example_branch_datetime_operator_3', 'example_branch_datetime_operator_2', 'example_branch_datetime_operator' retrieved from /home/airflow/.local/lib/python3.12/site-packages/airflow/example_dags/example_branch_datetime_operator.py
[2026-03-19T06:18:33.064+0000] {logging_mixin.py:188} INFO - [2026-03-19T06:18:33.063+0000] {dag.py:3096} INFO - Sync 3 DAGs
[2026-03-19T06:18:33.180+0000] {logging_mixin.py:188} INFO - [2026-03-19T06:18:33.179+0000] {dag.py:3954} INFO - Setting next_dagrun for example_branch_datetime_operator to 2026-03-18 00:00:00+00:00, run_after=2026-03-19 00:00:00+00:00
[2026-03-19T06:18:33.199+0000] {logging_mixin.py:188} INFO - [2026-03-19T06:18:33.198+0000] {dag.py:3954} INFO - Setting next_dagrun for example_branch_datetime_operator_2 to 2026-03-18 00:00:00+00:00, run_after=2026-03-19 00:00:00+00:00
[2026-03-19T06:18:33.210+0000] {logging_mixin.py:188} INFO - [2026-03-19T06:18:33.209+0000] {dag.py:3954} INFO - Setting next_dagrun for example_branch_datetime_operator_3 to 2026-03-18 00:00:00+00:00, run_after=2026-03-19 00:00:00+00:00
[2026-03-19T06:18:33.295+0000] {processor.py:183} INFO - Processing /home/airflow/.local/lib/python3.12/site-packages/airflow/example_dags/example_branch_datetime_operator.py took 0.558 seconds
[2026-03-19T06:19:03.538+0000] {processor.py:161} INFO - Started process (PID=36589) to work on /home/airflow/.local/lib/python3.12/site-packages/airflow/example_dags/example_branch_datetime_operator.py
[2026-03-19T06:19:03.539+0000] {processor.py:830} INFO - Processing file /home/airflow/.local/lib/python3.12/site-packages/airflow/example_dags/example_branch_datetime_operator.py for tasks to queue
[2026-03-19T06:19:03.540+0000] {logging_mixin.py:188} INFO - [2026-03-19T06:19:03.539+0000] {dagbag.py:545} INFO - Filling up the DagBag from /home/airflow/.local/lib/python3.12/site-packages/airflow/example_dags/example_branch_datetime_operator.py
[2026-03-19T06:19:03.551+0000] {processor.py:840} INFO - DAG(s) 'example_branch_datetime_operator_2', 'example_branch_datetime_operator_3', 'example_branch_datetime_operator' retrieved from /home/airflow/.local/lib/python3.12/site-packages/airflow/example_dags/example_branch_datetime_operator.py
[2026-03-19T06:19:03.574+0000] {logging_mixin.py:188} INFO - [2026-03-19T06:19:03.574+0000] {dag.py:3096} INFO - Sync 3 DAGs
[2026-03-19T06:19:03.594+0000] {logging_mixin.py:188} INFO - [2026-03-19T06:19:03.594+0000] {dag.py:3954} INFO - Setting next_dagrun for example_branch_datetime_operator to 2026-03-18 00:00:00+00:00, run_after=2026-03-19 00:00:00+00:00
[2026-03-19T06:19:03.599+0000] {logging_mixin.py:188} INFO - [2026-03-19T06:19:03.599+0000] {dag.py:3954} INFO - Setting next_dagrun for example_branch_datetime_operator_2 to 2026-03-18 00:00:00+00:00, run_after=2026-03-19 00:00:00+00:00
[2026-03-19T06:19:03.601+0000] {logging_mixin.py:188} INFO - [2026-03-19T06:19:03.601+0000] {dag.py:3954} INFO - Setting next_dagrun for example_branch_datetime_operator_3 to 2026-03-18 00:00:00+00:00, run_after=2026-03-19 00:00:00+00:00
[2026-03-19T06:19:03.612+0000] {processor.py:183} INFO - Processing /home/airflow/.local/lib/python3.12/site-packages/airflow/example_dags/example_branch_datetime_operator.py took 0.079 seconds
[2026-03-19T07:19:31.884+0000] {processor.py:161} INFO - Started process (PID=36648) to work on /home/airflow/.local/lib/python3.12/site-packages/airflow/example_dags/example_branch_datetime_operator.py
[2026-03-19T07:19:31.892+0000] {processor.py:830} INFO - Processing file /home/airflow/.local/lib/python3.12/site-packages/airflow/example_dags/example_branch_datetime_operator.py for tasks to queue
[2026-03-19T07:19:31.899+0000] {logging_mixin.py:188} INFO - [2026-03-19T07:19:31.898+0000] {dagbag.py:545} INFO - Filling up the DagBag from /home/airflow/.local/lib/python3.12/site-packages/airflow/example_dags/example_branch_datetime_operator.py
[2026-03-19T07:19:31.919+0000] {processor.py:840} INFO - DAG(s) 'example_branch_datetime_operator', 'example_branch_datetime_operator_3', 'example_branch_datetime_operator_2' retrieved from /home/airflow/.local/lib/python3.12/site-packages/airflow/example_dags/example_branch_datetime_operator.py
[2026-03-19T07:19:32.006+0000] {logging_mixin.py:188} INFO - [2026-03-19T07:19:32.006+0000] {dag.py:3096} INFO - Sync 3 DAGs
[2026-03-19T07:19:32.059+0000] {logging_mixin.py:188} INFO - [2026-03-19T07:19:32.059+0000] {dag.py:3954} INFO - Setting next_dagrun for example_branch_datetime_operator to 2026-03-18 00:00:00+00:00, run_after=2026-03-19 00:00:00+00:00
[2026-03-19T07:19:32.072+0000] {logging_mixin.py:188} INFO - [2026-03-19T07:19:32.072+0000] {dag.py:3954} INFO - Setting next_dagrun for example_branch_datetime_operator_2 to 2026-03-18 00:00:00+00:00, run_after=2026-03-19 00:00:00+00:00
[2026-03-19T07:19:32.079+0000] {logging_mixin.py:188} INFO - [2026-03-19T07:19:32.079+0000] {dag.py:3954} INFO - Setting next_dagrun for example_branch_datetime_operator_3 to 2026-03-18 00:00:00+00:00, run_after=2026-03-19 00:00:00+00:00
[2026-03-19T07:19:32.137+0000] {processor.py:183} INFO - Processing /home/airflow/.local/lib/python3.12/site-packages/airflow/example_dags/example_branch_datetime_operator.py took 0.285 seconds
[2026-03-19T07:20:02.825+0000] {processor.py:161} INFO - Started process (PID=36716) to work on /home/airflow/.local/lib/python3.12/site-packages/airflow/example_dags/example_branch_datetime_operator.py
[2026-03-19T07:20:02.825+0000] {processor.py:830} INFO - Processing file /home/airflow/.local/lib/python3.12/site-packages/airflow/example_dags/example_branch_datetime_operator.py for tasks to queue
[2026-03-19T07:20:02.826+0000] {logging_mixin.py:188} INFO - [2026-03-19T07:20:02.826+0000] {dagbag.py:545} INFO - Filling up the DagBag from /home/airflow/.local/lib/python3.12/site-packages/airflow/example_dags/example_branch_datetime_operator.py
[2026-03-19T07:20:02.832+0000] {processor.py:840} INFO - DAG(s) 'example_branch_datetime_operator_2', 'example_branch_datetime_operator_3', 'example_branch_datetime_operator' retrieved from /home/airflow/.local/lib/python3.12/site-packages/airflow/example_dags/example_branch_datetime_operator.py
[2026-03-19T07:20:02.848+0000] {logging_mixin.py:188} INFO - [2026-03-19T07:20:02.848+0000] {dag.py:3096} INFO - Sync 3 DAGs
[2026-03-19T07:20:02.859+0000] {logging_mixin.py:188} INFO - [2026-03-19T07:20:02.858+0000] {dag.py:3954} INFO - Setting next_dagrun for example_branch_datetime_operator to 2026-03-18 00:00:00+00:00, run_after=2026-03-19 00:00:00+00:00
[2026-03-19T07:20:02.861+0000] {logging_mixin.py:188} INFO - [2026-03-19T07:20:02.861+0000] {dag.py:3954} INFO - Setting next_dagrun for example_branch_datetime_operator_2 to 2026-03-18 00:00:00+00:00, run_after=2026-03-19 00:00:00+00:00
[2026-03-19T07:20:02.862+0000] {logging_mixin.py:188} INFO - [2026-03-19T07:20:02.862+0000] {dag.py:3954} INFO - Setting next_dagrun for example_branch_datetime_operator_3 to 2026-03-18 00:00:00+00:00, run_after=2026-03-19 00:00:00+00:00
[2026-03-19T07:20:02.869+0000] {processor.py:183} INFO - Processing /home/airflow/.local/lib/python3.12/site-packages/airflow/example_dags/example_branch_datetime_operator.py took 0.047 seconds
[2026-03-19T07:37:29.115+0000] {processor.py:161} INFO - Started process (PID=36774) to work on /home/airflow/.local/lib/python3.12/site-packages/airflow/example_dags/example_branch_datetime_operator.py
[2026-03-19T07:37:29.116+0000] {processor.py:830} INFO - Processing file /home/airflow/.local/lib/python3.12/site-packages/airflow/example_dags/example_branch_datetime_operator.py for tasks to queue
[2026-03-19T07:37:29.117+0000] {logging_mixin.py:188} INFO - [2026-03-19T07:37:29.117+0000] {dagbag.py:545} INFO - Filling up the DagBag from /home/airflow/.local/lib/python3.12/site-packages/airflow/example_dags/example_branch_datetime_operator.py
[2026-03-19T07:37:29.126+0000] {processor.py:840} INFO - DAG(s) 'example_branch_datetime_operator_2', 'example_branch_datetime_operator_3', 'example_branch_datetime_operator' retrieved from /home/airflow/.local/lib/python3.12/site-packages/airflow/example_dags/example_branch_datetime_operator.py
[2026-03-19T07:37:29.160+0000] {logging_mixin.py:188} INFO - [2026-03-19T07:37:29.160+0000] {dag.py:3096} INFO - Sync 3 DAGs
[2026-03-19T07:37:29.181+0000] {logging_mixin.py:188} INFO - [2026-03-19T07:37:29.181+0000] {dag.py:3954} INFO - Setting next_dagrun for example_branch_datetime_operator to 2026-03-18 00:00:00+00:00, run_after=2026-03-19 00:00:00+00:00
[2026-03-19T07:37:29.187+0000] {logging_mixin.py:188} INFO - [2026-03-19T07:37:29.187+0000] {dag.py:3954} INFO - Setting next_dagrun for example_branch_datetime_operator_2 to 2026-03-18 00:00:00+00:00, run_after=2026-03-19 00:00:00+00:00
[2026-03-19T07:37:29.192+0000] {logging_mixin.py:188} INFO - [2026-03-19T07:37:29.192+0000] {dag.py:3954} INFO - Setting next_dagrun for example_branch_datetime_operator_3 to 2026-03-18 00:00:00+00:00, run_after=2026-03-19 00:00:00+00:00
[2026-03-19T07:37:29.211+0000] {processor.py:183} INFO - Processing /home/airflow/.local/lib/python3.12/site-packages/airflow/example_dags/example_branch_datetime_operator.py took 0.103 seconds
[2026-03-19T07:37:59.528+0000] {processor.py:161} INFO - Started process (PID=36841) to work on /home/airflow/.local/lib/python3.12/site-packages/airflow/example_dags/example_branch_datetime_operator.py
[2026-03-19T07:37:59.529+0000] {processor.py:830} INFO - Processing file /home/airflow/.local/lib/python3.12/site-packages/airflow/example_dags/example_branch_datetime_operator.py for tasks to queue
[2026-03-19T07:37:59.531+0000] {logging_mixin.py:188} INFO - [2026-03-19T07:37:59.530+0000] {dagbag.py:545} INFO - Filling up the DagBag from /home/airflow/.local/lib/python3.12/site-packages/airflow/example_dags/example_branch_datetime_operator.py
[2026-03-19T07:37:59.538+0000] {processor.py:840} INFO - DAG(s) 'example_branch_datetime_operator_3', 'example_branch_datetime_operator', 'example_branch_datetime_operator_2' retrieved from /home/airflow/.local/lib/python3.12/site-packages/airflow/example_dags/example_branch_datetime_operator.py
[2026-03-19T07:37:59.565+0000] {logging_mixin.py:188} INFO - [2026-03-19T07:37:59.565+0000] {dag.py:3096} INFO - Sync 3 DAGs
[2026-03-19T07:37:59.582+0000] {logging_mixin.py:188} INFO - [2026-03-19T07:37:59.582+0000] {dag.py:3954} INFO - Setting next_dagrun for example_branch_datetime_operator to 2026-03-18 00:00:00+00:00, run_after=2026-03-19 00:00:00+00:00
[2026-03-19T07:37:59.585+0000] {logging_mixin.py:188} INFO - [2026-03-19T07:37:59.585+0000] {dag.py:3954} INFO - Setting next_dagrun for example_branch_datetime_operator_2 to 2026-03-18 00:00:00+00:00, run_after=2026-03-19 00:00:00+00:00
[2026-03-19T07:37:59.586+0000] {logging_mixin.py:188} INFO - [2026-03-19T07:37:59.586+0000] {dag.py:3954} INFO - Setting next_dagrun for example_branch_datetime_operator_3 to 2026-03-18 00:00:00+00:00, run_after=2026-03-19 00:00:00+00:00
[2026-03-19T07:37:59.594+0000] {processor.py:183} INFO - Processing /home/airflow/.local/lib/python3.12/site-packages/airflow/example_dags/example_branch_datetime_operator.py took 0.071 seconds
[2026-03-19T07:48:55.683+0000] {processor.py:161} INFO - Started process (PID=36900) to work on /home/airflow/.local/lib/python3.12/site-packages/airflow/example_dags/example_branch_datetime_operator.py
[2026-03-19T07:48:55.685+0000] {processor.py:830} INFO - Processing file /home/airflow/.local/lib/python3.12/site-packages/airflow/example_dags/example_branch_datetime_operator.py for tasks to queue
[2026-03-19T07:48:55.685+0000] {logging_mixin.py:188} INFO - [2026-03-19T07:48:55.685+0000] {dagbag.py:545} INFO - Filling up the DagBag from /home/airflow/.local/lib/python3.12/site-packages/airflow/example_dags/example_branch_datetime_operator.py
[2026-03-19T07:48:55.691+0000] {processor.py:840} INFO - DAG(s) 'example_branch_datetime_operator_3', 'example_branch_datetime_operator_2', 'example_branch_datetime_operator' retrieved from /home/airflow/.local/lib/python3.12/site-packages/airflow/example_dags/example_branch_datetime_operator.py
[2026-03-19T07:48:55.706+0000] {logging_mixin.py:188} INFO - [2026-03-19T07:48:55.706+0000] {dag.py:3096} INFO - Sync 3 DAGs
[2026-03-19T07:48:55.723+0000] {logging_mixin.py:188} INFO - [2026-03-19T07:48:55.722+0000] {dag.py:3954} INFO - Setting next_dagrun for example_branch_datetime_operator to 2026-03-18 00:00:00+00:00, run_after=2026-03-19 00:00:00+00:00
[2026-03-19T07:48:55.730+0000] {logging_mixin.py:188} INFO - [2026-03-19T07:48:55.730+0000] {dag.py:3954} INFO - Setting next_dagrun for example_branch_datetime_operator_2 to 2026-03-18 00:00:00+00:00, run_after=2026-03-19 00:00:00+00:00
[2026-03-19T07:48:55.732+0000] {logging_mixin.py:188} INFO - [2026-03-19T07:48:55.732+0000] {dag.py:3954} INFO - Setting next_dagrun for example_branch_datetime_operator_3 to 2026-03-18 00:00:00+00:00, run_after=2026-03-19 00:00:00+00:00
[2026-03-19T07:48:55.746+0000] {processor.py:183} INFO - Processing /home/airflow/.local/lib/python3.12/site-packages/airflow/example_dags/example_branch_datetime_operator.py took 0.066 seconds
[2026-03-19T07:49:27.307+0000] {processor.py:161} INFO - Started process (PID=36959) to work on /home/airflow/.local/lib/python3.12/site-packages/airflow/example_dags/example_branch_datetime_operator.py
[2026-03-19T07:49:27.310+0000] {processor.py:830} INFO - Processing file /home/airflow/.local/lib/python3.12/site-packages/airflow/example_dags/example_branch_datetime_operator.py for tasks to queue
[2026-03-19T07:49:27.312+0000] {logging_mixin.py:188} INFO - [2026-03-19T07:49:27.311+0000] {dagbag.py:545} INFO - Filling up the DagBag from /home/airflow/.local/lib/python3.12/site-packages/airflow/example_dags/example_branch_datetime_operator.py
[2026-03-19T07:49:27.329+0000] {processor.py:840} INFO - DAG(s) 'example_branch_datetime_operator', 'example_branch_datetime_operator_3', 'example_branch_datetime_operator_2' retrieved from /home/airflow/.local/lib/python3.12/site-packages/airflow/example_dags/example_branch_datetime_operator.py
[2026-03-19T07:49:27.378+0000] {logging_mixin.py:188} INFO - [2026-03-19T07:49:27.377+0000] {dag.py:3096} INFO - Sync 3 DAGs
[2026-03-19T07:49:27.429+0000] {logging_mixin.py:188} INFO - [2026-03-19T07:49:27.429+0000] {dag.py:3954} INFO - Setting next_dagrun for example_branch_datetime_operator to 2026-03-18 00:00:00+00:00, run_after=2026-03-19 00:00:00+00:00
[2026-03-19T07:49:27.460+0000] {logging_mixin.py:188} INFO - [2026-03-19T07:49:27.460+0000] {dag.py:3954} INFO - Setting next_dagrun for example_branch_datetime_operator_2 to 2026-03-18 00:00:00+00:00, run_after=2026-03-19 00:00:00+00:00
[2026-03-19T07:49:27.466+0000] {logging_mixin.py:188} INFO - [2026-03-19T07:49:27.466+0000] {dag.py:3954} INFO - Setting next_dagrun for example_branch_datetime_operator_3 to 2026-03-18 00:00:00+00:00, run_after=2026-03-19 00:00:00+00:00
[2026-03-19T07:49:27.506+0000] {processor.py:183} INFO - Processing /home/airflow/.local/lib/python3.12/site-packages/airflow/example_dags/example_branch_datetime_operator.py took 0.210 seconds
[2026-03-19T07:49:57.779+0000] {processor.py:161} INFO - Started process (PID=37018) to work on /home/airflow/.local/lib/python3.12/site-packages/airflow/example_dags/example_branch_datetime_operator.py
[2026-03-19T07:49:57.781+0000] {processor.py:830} INFO - Processing file /home/airflow/.local/lib/python3.12/site-packages/airflow/example_dags/example_branch_datetime_operator.py for tasks to queue
[2026-03-19T07:49:57.782+0000] {logging_mixin.py:188} INFO - [2026-03-19T07:49:57.782+0000] {dagbag.py:545} INFO - Filling up the DagBag from /home/airflow/.local/lib/python3.12/site-packages/airflow/example_dags/example_branch_datetime_operator.py
[2026-03-19T07:49:57.789+0000] {processor.py:840} INFO - DAG(s) 'example_branch_datetime_operator_2', 'example_branch_datetime_operator', 'example_branch_datetime_operator_3' retrieved from /home/airflow/.local/lib/python3.12/site-packages/airflow/example_dags/example_branch_datetime_operator.py
[2026-03-19T07:49:57.811+0000] {logging_mixin.py:188} INFO - [2026-03-19T07:49:57.811+0000] {dag.py:3096} INFO - Sync 3 DAGs
[2026-03-19T07:49:57.826+0000] {logging_mixin.py:188} INFO - [2026-03-19T07:49:57.826+0000] {dag.py:3954} INFO - Setting next_dagrun for example_branch_datetime_operator to 2026-03-18 00:00:00+00:00, run_after=2026-03-19 00:00:00+00:00
[2026-03-19T07:49:57.829+0000] {logging_mixin.py:188} INFO - [2026-03-19T07:49:57.829+0000] {dag.py:3954} INFO - Setting next_dagrun for example_branch_datetime_operator_2 to 2026-03-18 00:00:00+00:00, run_after=2026-03-19 00:00:00+00:00
[2026-03-19T07:49:57.831+0000] {logging_mixin.py:188} INFO - [2026-03-19T07:49:57.830+0000] {dag.py:3954} INFO - Setting next_dagrun for example_branch_datetime_operator_3 to 2026-03-18 00:00:00+00:00, run_after=2026-03-19 00:00:00+00:00
[2026-03-19T07:49:57.839+0000] {processor.py:183} INFO - Processing /home/airflow/.local/lib/python3.12/site-packages/airflow/example_dags/example_branch_datetime_operator.py took 0.064 seconds
[2026-03-19T07:50:28.287+0000] {processor.py:161} INFO - Started process (PID=37077) to work on /home/airflow/.local/lib/python3.12/site-packages/airflow/example_dags/example_branch_datetime_operator.py
[2026-03-19T07:50:28.291+0000] {processor.py:830} INFO - Processing file /home/airflow/.local/lib/python3.12/site-packages/airflow/example_dags/example_branch_datetime_operator.py for tasks to queue
[2026-03-19T07:50:28.291+0000] {logging_mixin.py:188} INFO - [2026-03-19T07:50:28.291+0000] {dagbag.py:545} INFO - Filling up the DagBag from /home/airflow/.local/lib/python3.12/site-packages/airflow/example_dags/example_branch_datetime_operator.py
[2026-03-19T07:50:28.297+0000] {processor.py:840} INFO - DAG(s) 'example_branch_datetime_operator_2', 'example_branch_datetime_operator', 'example_branch_datetime_operator_3' retrieved from /home/airflow/.local/lib/python3.12/site-packages/airflow/example_dags/example_branch_datetime_operator.py
[2026-03-19T07:50:28.318+0000] {logging_mixin.py:188} INFO - [2026-03-19T07:50:28.317+0000] {dag.py:3096} INFO - Sync 3 DAGs
[2026-03-19T07:50:28.333+0000] {logging_mixin.py:188} INFO - [2026-03-19T07:50:28.332+0000] {dag.py:3954} INFO - Setting next_dagrun for example_branch_datetime_operator to 2026-03-18 00:00:00+00:00, run_after=2026-03-19 00:00:00+00:00
[2026-03-19T07:50:28.336+0000] {logging_mixin.py:188} INFO - [2026-03-19T07:50:28.335+0000] {dag.py:3954} INFO - Setting next_dagrun for example_branch_datetime_operator_2 to 2026-03-18 00:00:00+00:00, run_after=2026-03-19 00:00:00+00:00
[2026-03-19T07:50:28.337+0000] {logging_mixin.py:188} INFO - [2026-03-19T07:50:28.337+0000] {dag.py:3954} INFO - Setting next_dagrun for example_branch_datetime_operator_3 to 2026-03-18 00:00:00+00:00, run_after=2026-03-19 00:00:00+00:00
[2026-03-19T07:50:28.352+0000] {processor.py:183} INFO - Processing /home/airflow/.local/lib/python3.12/site-packages/airflow/example_dags/example_branch_datetime_operator.py took 0.070 seconds
[2026-03-19T07:50:58.846+0000] {processor.py:161} INFO - Started process (PID=37136) to work on /home/airflow/.local/lib/python3.12/site-packages/airflow/example_dags/example_branch_datetime_operator.py
[2026-03-19T07:50:58.847+0000] {processor.py:830} INFO - Processing file /home/airflow/.local/lib/python3.12/site-packages/airflow/example_dags/example_branch_datetime_operator.py for tasks to queue
[2026-03-19T07:50:58.847+0000] {logging_mixin.py:188} INFO - [2026-03-19T07:50:58.847+0000] {dagbag.py:545} INFO - Filling up the DagBag from /home/airflow/.local/lib/python3.12/site-packages/airflow/example_dags/example_branch_datetime_operator.py
[2026-03-19T07:50:58.854+0000] {processor.py:840} INFO - DAG(s) 'example_branch_datetime_operator_3', 'example_branch_datetime_operator_2', 'example_branch_datetime_operator' retrieved from /home/airflow/.local/lib/python3.12/site-packages/airflow/example_dags/example_branch_datetime_operator.py
[2026-03-19T07:50:58.877+0000] {logging_mixin.py:188} INFO - [2026-03-19T07:50:58.877+0000] {dag.py:3096} INFO - Sync 3 DAGs
[2026-03-19T07:50:58.891+0000] {logging_mixin.py:188} INFO - [2026-03-19T07:50:58.891+0000] {dag.py:3954} INFO - Setting next_dagrun for example_branch_datetime_operator to 2026-03-18 00:00:00+00:00, run_after=2026-03-19 00:00:00+00:00
[2026-03-19T07:50:58.895+0000] {logging_mixin.py:188} INFO - [2026-03-19T07:50:58.895+0000] {dag.py:3954} INFO - Setting next_dagrun for example_branch_datetime_operator_2 to 2026-03-18 00:00:00+00:00, run_after=2026-03-19 00:00:00+00:00
[2026-03-19T07:50:58.896+0000] {logging_mixin.py:188} INFO - [2026-03-19T07:50:58.896+0000] {dag.py:3954} INFO - Setting next_dagrun for example_branch_datetime_operator_3 to 2026-03-18 00:00:00+00:00, run_after=2026-03-19 00:00:00+00:00
[2026-03-19T07:50:58.910+0000] {processor.py:183} INFO - Processing /home/airflow/.local/lib/python3.12/site-packages/airflow/example_dags/example_branch_datetime_operator.py took 0.069 seconds
[2026-03-19T07:51:29.572+0000] {processor.py:161} INFO - Started process (PID=37195) to work on /home/airflow/.local/lib/python3.12/site-packages/airflow/example_dags/example_branch_datetime_operator.py
[2026-03-19T07:51:29.573+0000] {processor.py:830} INFO - Processing file /home/airflow/.local/lib/python3.12/site-packages/airflow/example_dags/example_branch_datetime_operator.py for tasks to queue
[2026-03-19T07:51:29.573+0000] {logging_mixin.py:188} INFO - [2026-03-19T07:51:29.573+0000] {dagbag.py:545} INFO - Filling up the DagBag from /home/airflow/.local/lib/python3.12/site-packages/airflow/example_dags/example_branch_datetime_operator.py
[2026-03-19T07:51:29.582+0000] {processor.py:840} INFO - DAG(s) 'example_branch_datetime_operator', 'example_branch_datetime_operator_2', 'example_branch_datetime_operator_3' retrieved from /home/airflow/.local/lib/python3.12/site-packages/airflow/example_dags/example_branch_datetime_operator.py
[2026-03-19T07:51:29.613+0000] {logging_mixin.py:188} INFO - [2026-03-19T07:51:29.613+0000] {dag.py:3096} INFO - Sync 3 DAGs
[2026-03-19T07:51:29.640+0000] {logging_mixin.py:188} INFO - [2026-03-19T07:51:29.640+0000] {dag.py:3954} INFO - Setting next_dagrun for example_branch_datetime_operator to 2026-03-18 00:00:00+00:00, run_after=2026-03-19 00:00:00+00:00
[2026-03-19T07:51:29.643+0000] {logging_mixin.py:188} INFO - [2026-03-19T07:51:29.643+0000] {dag.py:3954} INFO - Setting next_dagrun for example_branch_datetime_operator_2 to 2026-03-18 00:00:00+00:00, run_after=2026-03-19 00:00:00+00:00
[2026-03-19T07:51:29.646+0000] {logging_mixin.py:188} INFO - [2026-03-19T07:51:29.646+0000] {dag.py:3954} INFO - Setting next_dagrun for example_branch_datetime_operator_3 to 2026-03-18 00:00:00+00:00, run_after=2026-03-19 00:00:00+00:00
[2026-03-19T07:51:29.663+0000] {processor.py:183} INFO - Processing /home/airflow/.local/lib/python3.12/site-packages/airflow/example_dags/example_branch_datetime_operator.py took 0.100 seconds
[2026-03-19T07:52:00.171+0000] {processor.py:161} INFO - Started process (PID=37254) to work on /home/airflow/.local/lib/python3.12/site-packages/airflow/example_dags/example_branch_datetime_operator.py
[2026-03-19T07:52:00.172+0000] {processor.py:830} INFO - Processing file /home/airflow/.local/lib/python3.12/site-packages/airflow/example_dags/example_branch_datetime_operator.py for tasks to queue
[2026-03-19T07:52:00.173+0000] {logging_mixin.py:188} INFO - [2026-03-19T07:52:00.173+0000] {dagbag.py:545} INFO - Filling up the DagBag from /home/airflow/.local/lib/python3.12/site-packages/airflow/example_dags/example_branch_datetime_operator.py
[2026-03-19T07:52:00.179+0000] {processor.py:840} INFO - DAG(s) 'example_branch_datetime_operator_3', 'example_branch_datetime_operator', 'example_branch_datetime_operator_2' retrieved from /home/airflow/.local/lib/python3.12/site-packages/airflow/example_dags/example_branch_datetime_operator.py
[2026-03-19T07:52:00.201+0000] {logging_mixin.py:188} INFO - [2026-03-19T07:52:00.200+0000] {dag.py:3096} INFO - Sync 3 DAGs
[2026-03-19T07:52:00.246+0000] {logging_mixin.py:188} INFO - [2026-03-19T07:52:00.246+0000] {dag.py:3954} INFO - Setting next_dagrun for example_branch_datetime_operator to 2026-03-18 00:00:00+00:00, run_after=2026-03-19 00:00:00+00:00
[2026-03-19T07:52:00.250+0000] {logging_mixin.py:188} INFO - [2026-03-19T07:52:00.250+0000] {dag.py:3954} INFO - Setting next_dagrun for example_branch_datetime_operator_2 to 2026-03-18 00:00:00+00:00, run_after=2026-03-19 00:00:00+00:00
[2026-03-19T07:52:00.259+0000] {logging_mixin.py:188} INFO - [2026-03-19T07:52:00.259+0000] {dag.py:3954} INFO - Setting next_dagrun for example_branch_datetime_operator_3 to 2026-03-18 00:00:00+00:00, run_after=2026-03-19 00:00:00+00:00
[2026-03-19T07:52:00.279+0000] {processor.py:183} INFO - Processing /home/airflow/.local/lib/python3.12/site-packages/airflow/example_dags/example_branch_datetime_operator.py took 0.112 seconds
[2026-03-19T07:52:30.742+0000] {processor.py:161} INFO - Started process (PID=37313) to work on /home/airflow/.local/lib/python3.12/site-packages/airflow/example_dags/example_branch_datetime_operator.py
[2026-03-19T07:52:30.743+0000] {processor.py:830} INFO - Processing file /home/airflow/.local/lib/python3.12/site-packages/airflow/example_dags/example_branch_datetime_operator.py for tasks to queue
[2026-03-19T07:52:30.744+0000] {logging_mixin.py:188} INFO - [2026-03-19T07:52:30.744+0000] {dagbag.py:545} INFO - Filling up the DagBag from /home/airflow/.local/lib/python3.12/site-packages/airflow/example_dags/example_branch_datetime_operator.py
[2026-03-19T07:52:30.751+0000] {processor.py:840} INFO - DAG(s) 'example_branch_datetime_operator_3', 'example_branch_datetime_operator', 'example_branch_datetime_operator_2' retrieved from /home/airflow/.local/lib/python3.12/site-packages/airflow/example_dags/example_branch_datetime_operator.py
[2026-03-19T07:52:30.772+0000] {logging_mixin.py:188} INFO - [2026-03-19T07:52:30.772+0000] {dag.py:3096} INFO - Sync 3 DAGs
[2026-03-19T07:52:30.788+0000] {logging_mixin.py:188} INFO - [2026-03-19T07:52:30.788+0000] {dag.py:3954} INFO - Setting next_dagrun for example_branch_datetime_operator to 2026-03-18 00:00:00+00:00, run_after=2026-03-19 00:00:00+00:00
[2026-03-19T07:52:30.799+0000] {logging_mixin.py:188} INFO - [2026-03-19T07:52:30.799+0000] {dag.py:3954} INFO - Setting next_dagrun for example_branch_datetime_operator_2 to 2026-03-18 00:00:00+00:00, run_after=2026-03-19 00:00:00+00:00
[2026-03-19T07:52:30.801+0000] {logging_mixin.py:188} INFO - [2026-03-19T07:52:30.801+0000] {dag.py:3954} INFO - Setting next_dagrun for example_branch_datetime_operator_3 to 2026-03-18 00:00:00+00:00, run_after=2026-03-19 00:00:00+00:00
[2026-03-19T07:52:30.816+0000] {processor.py:183} INFO - Processing /home/airflow/.local/lib/python3.12/site-packages/airflow/example_dags/example_branch_datetime_operator.py took 0.083 seconds
[2026-03-19T07:53:01.500+0000] {processor.py:161} INFO - Started process (PID=37372) to work on /home/airflow/.local/lib/python3.12/site-packages/airflow/example_dags/example_branch_datetime_operator.py
[2026-03-19T07:53:01.506+0000] {processor.py:830} INFO - Processing file /home/airflow/.local/lib/python3.12/site-packages/airflow/example_dags/example_branch_datetime_operator.py for tasks to queue
[2026-03-19T07:53:01.509+0000] {logging_mixin.py:188} INFO - [2026-03-19T07:53:01.508+0000] {dagbag.py:545} INFO - Filling up the DagBag from /home/airflow/.local/lib/python3.12/site-packages/airflow/example_dags/example_branch_datetime_operator.py
[2026-03-19T07:53:01.519+0000] {processor.py:840} INFO - DAG(s) 'example_branch_datetime_operator', 'example_branch_datetime_operator_3', 'example_branch_datetime_operator_2' retrieved from /home/airflow/.local/lib/python3.12/site-packages/airflow/example_dags/example_branch_datetime_operator.py
[2026-03-19T07:53:01.553+0000] {logging_mixin.py:188} INFO - [2026-03-19T07:53:01.553+0000] {dag.py:3096} INFO - Sync 3 DAGs
[2026-03-19T07:53:01.574+0000] {logging_mixin.py:188} INFO - [2026-03-19T07:53:01.574+0000] {dag.py:3954} INFO - Setting next_dagrun for example_branch_datetime_operator to 2026-03-18 00:00:00+00:00, run_after=2026-03-19 00:00:00+00:00
[2026-03-19T07:53:01.579+0000] {logging_mixin.py:188} INFO - [2026-03-19T07:53:01.579+0000] {dag.py:3954} INFO - Setting next_dagrun for example_branch_datetime_operator_2 to 2026-03-18 00:00:00+00:00, run_after=2026-03-19 00:00:00+00:00
[2026-03-19T07:53:01.580+0000] {logging_mixin.py:188} INFO - [2026-03-19T07:53:01.580+0000] {dag.py:3954} INFO - Setting next_dagrun for example_branch_datetime_operator_3 to 2026-03-18 00:00:00+00:00, run_after=2026-03-19 00:00:00+00:00
[2026-03-19T07:53:01.591+0000] {processor.py:183} INFO - Processing /home/airflow/.local/lib/python3.12/site-packages/airflow/example_dags/example_branch_datetime_operator.py took 0.109 seconds
[2026-03-19T07:53:32.008+0000] {processor.py:161} INFO - Started process (PID=37431) to work on /home/airflow/.local/lib/python3.12/site-packages/airflow/example_dags/example_branch_datetime_operator.py
[2026-03-19T07:53:32.011+0000] {processor.py:830} INFO - Processing file /home/airflow/.local/lib/python3.12/site-packages/airflow/example_dags/example_branch_datetime_operator.py for tasks to queue
[2026-03-19T07:53:32.012+0000] {logging_mixin.py:188} INFO - [2026-03-19T07:53:32.011+0000] {dagbag.py:545} INFO - Filling up the DagBag from /home/airflow/.local/lib/python3.12/site-packages/airflow/example_dags/example_branch_datetime_operator.py
[2026-03-19T07:53:32.018+0000] {processor.py:840} INFO - DAG(s) 'example_branch_datetime_operator_2', 'example_branch_datetime_operator', 'example_branch_datetime_operator_3' retrieved from /home/airflow/.local/lib/python3.12/site-packages/airflow/example_dags/example_branch_datetime_operator.py
[2026-03-19T07:53:32.034+0000] {logging_mixin.py:188} INFO - [2026-03-19T07:53:32.034+0000] {dag.py:3096} INFO - Sync 3 DAGs
[2026-03-19T07:53:32.047+0000] {logging_mixin.py:188} INFO - [2026-03-19T07:53:32.047+0000] {dag.py:3954} INFO - Setting next_dagrun for example_branch_datetime_operator to 2026-03-18 00:00:00+00:00, run_after=2026-03-19 00:00:00+00:00
[2026-03-19T07:53:32.050+0000] {logging_mixin.py:188} INFO - [2026-03-19T07:53:32.050+0000] {dag.py:3954} INFO - Setting next_dagrun for example_branch_datetime_operator_2 to 2026-03-18 00:00:00+00:00, run_after=2026-03-19 00:00:00+00:00
[2026-03-19T07:53:32.056+0000] {logging_mixin.py:188} INFO - [2026-03-19T07:53:32.056+0000] {dag.py:3954} INFO - Setting next_dagrun for example_branch_datetime_operator_3 to 2026-03-18 00:00:00+00:00, run_after=2026-03-19 00:00:00+00:00
[2026-03-19T07:53:32.068+0000] {processor.py:183} INFO - Processing /home/airflow/.local/lib/python3.12/site-packages/airflow/example_dags/example_branch_datetime_operator.py took 0.064 seconds
[2026-03-19T07:54:02.365+0000] {processor.py:161} INFO - Started process (PID=37490) to work on /home/airflow/.local/lib/python3.12/site-packages/airflow/example_dags/example_branch_datetime_operator.py
[2026-03-19T07:54:02.366+0000] {processor.py:830} INFO - Processing file /home/airflow/.local/lib/python3.12/site-packages/airflow/example_dags/example_branch_datetime_operator.py for tasks to queue
[2026-03-19T07:54:02.369+0000] {logging_mixin.py:188} INFO - [2026-03-19T07:54:02.369+0000] {dagbag.py:545} INFO - Filling up the DagBag from /home/airflow/.local/lib/python3.12/site-packages/airflow/example_dags/example_branch_datetime_operator.py
[2026-03-19T07:54:02.378+0000] {processor.py:840} INFO - DAG(s) 'example_branch_datetime_operator_3', 'example_branch_datetime_operator_2', 'example_branch_datetime_operator' retrieved from /home/airflow/.local/lib/python3.12/site-packages/airflow/example_dags/example_branch_datetime_operator.py
[2026-03-19T07:54:02.394+0000] {logging_mixin.py:188} INFO - [2026-03-19T07:54:02.394+0000] {dag.py:3096} INFO - Sync 3 DAGs
[2026-03-19T07:54:02.408+0000] {logging_mixin.py:188} INFO - [2026-03-19T07:54:02.408+0000] {dag.py:3954} INFO - Setting next_dagrun for example_branch_datetime_operator to 2026-03-18 00:00:00+00:00, run_after=2026-03-19 00:00:00+00:00
[2026-03-19T07:54:02.411+0000] {logging_mixin.py:188} INFO - [2026-03-19T07:54:02.411+0000] {dag.py:3954} INFO - Setting next_dagrun for example_branch_datetime_operator_2 to 2026-03-18 00:00:00+00:00, run_after=2026-03-19 00:00:00+00:00
[2026-03-19T07:54:02.413+0000] {logging_mixin.py:188} INFO - [2026-03-19T07:54:02.412+0000] {dag.py:3954} INFO - Setting next_dagrun for example_branch_datetime_operator_3 to 2026-03-18 00:00:00+00:00, run_after=2026-03-19 00:00:00+00:00
[2026-03-19T07:54:02.424+0000] {processor.py:183} INFO - Processing /home/airflow/.local/lib/python3.12/site-packages/airflow/example_dags/example_branch_datetime_operator.py took 0.064 seconds
[2026-03-19T07:54:32.641+0000] {processor.py:161} INFO - Started process (PID=37549) to work on /home/airflow/.local/lib/python3.12/site-packages/airflow/example_dags/example_branch_datetime_operator.py
[2026-03-19T07:54:32.642+0000] {processor.py:830} INFO - Processing file /home/airflow/.local/lib/python3.12/site-packages/airflow/example_dags/example_branch_datetime_operator.py for tasks to queue
[2026-03-19T07:54:32.642+0000] {logging_mixin.py:188} INFO - [2026-03-19T07:54:32.642+0000] {dagbag.py:545} INFO - Filling up the DagBag from /home/airflow/.local/lib/python3.12/site-packages/airflow/example_dags/example_branch_datetime_operator.py
[2026-03-19T07:54:32.649+0000] {processor.py:840} INFO - DAG(s) 'example_branch_datetime_operator_3', 'example_branch_datetime_operator', 'example_branch_datetime_operator_2' retrieved from /home/airflow/.local/lib/python3.12/site-packages/airflow/example_dags/example_branch_datetime_operator.py
[2026-03-19T07:54:32.672+0000] {logging_mixin.py:188} INFO - [2026-03-19T07:54:32.672+0000] {dag.py:3096} INFO - Sync 3 DAGs
[2026-03-19T07:54:32.686+0000] {logging_mixin.py:188} INFO - [2026-03-19T07:54:32.686+0000] {dag.py:3954} INFO - Setting next_dagrun for example_branch_datetime_operator to 2026-03-18 00:00:00+00:00, run_after=2026-03-19 00:00:00+00:00
[2026-03-19T07:54:32.689+0000] {logging_mixin.py:188} INFO - [2026-03-19T07:54:32.689+0000] {dag.py:3954} INFO - Setting next_dagrun for example_branch_datetime_operator_2 to 2026-03-18 00:00:00+00:00, run_after=2026-03-19 00:00:00+00:00
[2026-03-19T07:54:32.690+0000] {logging_mixin.py:188} INFO - [2026-03-19T07:54:32.690+0000] {dag.py:3954} INFO - Setting next_dagrun for example_branch_datetime_operator_3 to 2026-03-18 00:00:00+00:00, run_after=2026-03-19 00:00:00+00:00
[2026-03-19T07:54:32.698+0000] {processor.py:183} INFO - Processing /home/airflow/.local/lib/python3.12/site-packages/airflow/example_dags/example_branch_datetime_operator.py took 0.060 seconds
[2026-03-19T07:55:03.039+0000] {processor.py:161} INFO - Started process (PID=37608) to work on /home/airflow/.local/lib/python3.12/site-packages/airflow/example_dags/example_branch_datetime_operator.py
[2026-03-19T07:55:03.040+0000] {processor.py:830} INFO - Processing file /home/airflow/.local/lib/python3.12/site-packages/airflow/example_dags/example_branch_datetime_operator.py for tasks to queue
[2026-03-19T07:55:03.041+0000] {logging_mixin.py:188} INFO - [2026-03-19T07:55:03.040+0000] {dagbag.py:545} INFO - Filling up the DagBag from /home/airflow/.local/lib/python3.12/site-packages/airflow/example_dags/example_branch_datetime_operator.py
[2026-03-19T07:55:03.052+0000] {processor.py:840} INFO - DAG(s) 'example_branch_datetime_operator_3', 'example_branch_datetime_operator', 'example_branch_datetime_operator_2' retrieved from /home/airflow/.local/lib/python3.12/site-packages/airflow/example_dags/example_branch_datetime_operator.py
[2026-03-19T07:55:03.074+0000] {logging_mixin.py:188} INFO - [2026-03-19T07:55:03.074+0000] {dag.py:3096} INFO - Sync 3 DAGs
[2026-03-19T07:55:03.091+0000] {logging_mixin.py:188} INFO - [2026-03-19T07:55:03.091+0000] {dag.py:3954} INFO - Setting next_dagrun for example_branch_datetime_operator to 2026-03-18 00:00:00+00:00, run_after=2026-03-19 00:00:00+00:00
[2026-03-19T07:55:03.094+0000] {logging_mixin.py:188} INFO - [2026-03-19T07:55:03.094+0000] {dag.py:3954} INFO - Setting next_dagrun for example_branch_datetime_operator_2 to 2026-03-18 00:00:00+00:00, run_after=2026-03-19 00:00:00+00:00
[2026-03-19T07:55:03.095+0000] {logging_mixin.py:188} INFO - [2026-03-19T07:55:03.095+0000] {dag.py:3954} INFO - Setting next_dagrun for example_branch_datetime_operator_3 to 2026-03-18 00:00:00+00:00, run_after=2026-03-19 00:00:00+00:00
[2026-03-19T07:55:03.105+0000] {processor.py:183} INFO - Processing /home/airflow/.local/lib/python3.12/site-packages/airflow/example_dags/example_branch_datetime_operator.py took 0.071 seconds
[2026-03-19T07:55:33.751+0000] {processor.py:161} INFO - Started process (PID=37667) to work on /home/airflow/.local/lib/python3.12/site-packages/airflow/example_dags/example_branch_datetime_operator.py
[2026-03-19T07:55:33.753+0000] {processor.py:830} INFO - Processing file /home/airflow/.local/lib/python3.12/site-packages/airflow/example_dags/example_branch_datetime_operator.py for tasks to queue
[2026-03-19T07:55:33.754+0000] {logging_mixin.py:188} INFO - [2026-03-19T07:55:33.754+0000] {dagbag.py:545} INFO - Filling up the DagBag from /home/airflow/.local/lib/python3.12/site-packages/airflow/example_dags/example_branch_datetime_operator.py
[2026-03-19T07:55:33.759+0000] {processor.py:840} INFO - DAG(s) 'example_branch_datetime_operator_2', 'example_branch_datetime_operator_3', 'example_branch_datetime_operator' retrieved from /home/airflow/.local/lib/python3.12/site-packages/airflow/example_dags/example_branch_datetime_operator.py
[2026-03-19T07:55:33.781+0000] {logging_mixin.py:188} INFO - [2026-03-19T07:55:33.781+0000] {dag.py:3096} INFO - Sync 3 DAGs
[2026-03-19T07:55:33.793+0000] {logging_mixin.py:188} INFO - [2026-03-19T07:55:33.793+0000] {dag.py:3954} INFO - Setting next_dagrun for example_branch_datetime_operator to 2026-03-18 00:00:00+00:00, run_after=2026-03-19 00:00:00+00:00
[2026-03-19T07:55:33.796+0000] {logging_mixin.py:188} INFO - [2026-03-19T07:55:33.796+0000] {dag.py:3954} INFO - Setting next_dagrun for example_branch_datetime_operator_2 to 2026-03-18 00:00:00+00:00, run_after=2026-03-19 00:00:00+00:00
[2026-03-19T07:55:33.797+0000] {logging_mixin.py:188} INFO - [2026-03-19T07:55:33.797+0000] {dag.py:3954} INFO - Setting next_dagrun for example_branch_datetime_operator_3 to 2026-03-18 00:00:00+00:00, run_after=2026-03-19 00:00:00+00:00
[2026-03-19T07:55:33.807+0000] {processor.py:183} INFO - Processing /home/airflow/.local/lib/python3.12/site-packages/airflow/example_dags/example_branch_datetime_operator.py took 0.059 seconds
[2026-03-19T07:56:04.243+0000] {processor.py:161} INFO - Started process (PID=37726) to work on /home/airflow/.local/lib/python3.12/site-packages/airflow/example_dags/example_branch_datetime_operator.py
[2026-03-19T07:56:04.243+0000] {processor.py:830} INFO - Processing file /home/airflow/.local/lib/python3.12/site-packages/airflow/example_dags/example_branch_datetime_operator.py for tasks to queue
[2026-03-19T07:56:04.244+0000] {logging_mixin.py:188} INFO - [2026-03-19T07:56:04.244+0000] {dagbag.py:545} INFO - Filling up the DagBag from /home/airflow/.local/lib/python3.12/site-packages/airflow/example_dags/example_branch_datetime_operator.py
[2026-03-19T07:56:04.250+0000] {processor.py:840} INFO - DAG(s) 'example_branch_datetime_operator', 'example_branch_datetime_operator_2', 'example_branch_datetime_operator_3' retrieved from /home/airflow/.local/lib/python3.12/site-packages/airflow/example_dags/example_branch_datetime_operator.py
[2026-03-19T07:56:04.266+0000] {logging_mixin.py:188} INFO - [2026-03-19T07:56:04.266+0000] {dag.py:3096} INFO - Sync 3 DAGs
[2026-03-19T07:56:04.279+0000] {logging_mixin.py:188} INFO - [2026-03-19T07:56:04.279+0000] {dag.py:3954} INFO - Setting next_dagrun for example_branch_datetime_operator to 2026-03-18 00:00:00+00:00, run_after=2026-03-19 00:00:00+00:00
[2026-03-19T07:56:04.281+0000] {logging_mixin.py:188} INFO - [2026-03-19T07:56:04.281+0000] {dag.py:3954} INFO - Setting next_dagrun for example_branch_datetime_operator_2 to 2026-03-18 00:00:00+00:00, run_after=2026-03-19 00:00:00+00:00
[2026-03-19T07:56:04.282+0000] {logging_mixin.py:188} INFO - [2026-03-19T07:56:04.282+0000] {dag.py:3954} INFO - Setting next_dagrun for example_branch_datetime_operator_3 to 2026-03-18 00:00:00+00:00, run_after=2026-03-19 00:00:00+00:00
[2026-03-19T07:56:04.291+0000] {processor.py:183} INFO - Processing /home/airflow/.local/lib/python3.12/site-packages/airflow/example_dags/example_branch_datetime_operator.py took 0.052 seconds
[2026-03-19T07:56:35.530+0000] {processor.py:161} INFO - Started process (PID=37785) to work on /home/airflow/.local/lib/python3.12/site-packages/airflow/example_dags/example_branch_datetime_operator.py
[2026-03-19T07:56:35.532+0000] {processor.py:830} INFO - Processing file /home/airflow/.local/lib/python3.12/site-packages/airflow/example_dags/example_branch_datetime_operator.py for tasks to queue
[2026-03-19T07:56:35.532+0000] {logging_mixin.py:188} INFO - [2026-03-19T07:56:35.532+0000] {dagbag.py:545} INFO - Filling up the DagBag from /home/airflow/.local/lib/python3.12/site-packages/airflow/example_dags/example_branch_datetime_operator.py
[2026-03-19T07:56:35.540+0000] {processor.py:840} INFO - DAG(s) 'example_branch_datetime_operator', 'example_branch_datetime_operator_2', 'example_branch_datetime_operator_3' retrieved from /home/airflow/.local/lib/python3.12/site-packages/airflow/example_dags/example_branch_datetime_operator.py
[2026-03-19T07:56:35.564+0000] {logging_mixin.py:188} INFO - [2026-03-19T07:56:35.563+0000] {dag.py:3096} INFO - Sync 3 DAGs
[2026-03-19T07:56:35.581+0000] {logging_mixin.py:188} INFO - [2026-03-19T07:56:35.580+0000] {dag.py:3954} INFO - Setting next_dagrun for example_branch_datetime_operator to 2026-03-18 00:00:00+00:00, run_after=2026-03-19 00:00:00+00:00
[2026-03-19T07:56:35.585+0000] {logging_mixin.py:188} INFO - [2026-03-19T07:56:35.584+0000] {dag.py:3954} INFO - Setting next_dagrun for example_branch_datetime_operator_2 to 2026-03-18 00:00:00+00:00, run_after=2026-03-19 00:00:00+00:00
[2026-03-19T07:56:35.587+0000] {logging_mixin.py:188} INFO - [2026-03-19T07:56:35.587+0000] {dag.py:3954} INFO - Setting next_dagrun for example_branch_datetime_operator_3 to 2026-03-18 00:00:00+00:00, run_after=2026-03-19 00:00:00+00:00
[2026-03-19T07:56:35.602+0000] {processor.py:183} INFO - Processing /home/airflow/.local/lib/python3.12/site-packages/airflow/example_dags/example_branch_datetime_operator.py took 0.080 seconds
[2026-03-19T07:57:05.951+0000] {processor.py:161} INFO - Started process (PID=37844) to work on /home/airflow/.local/lib/python3.12/site-packages/airflow/example_dags/example_branch_datetime_operator.py
[2026-03-19T07:57:05.951+0000] {processor.py:830} INFO - Processing file /home/airflow/.local/lib/python3.12/site-packages/airflow/example_dags/example_branch_datetime_operator.py for tasks to queue
[2026-03-19T07:57:05.952+0000] {logging_mixin.py:188} INFO - [2026-03-19T07:57:05.952+0000] {dagbag.py:545} INFO - Filling up the DagBag from /home/airflow/.local/lib/python3.12/site-packages/airflow/example_dags/example_branch_datetime_operator.py
[2026-03-19T07:57:05.958+0000] {processor.py:840} INFO - DAG(s) 'example_branch_datetime_operator_3', 'example_branch_datetime_operator_2', 'example_branch_datetime_operator' retrieved from /home/airflow/.local/lib/python3.12/site-packages/airflow/example_dags/example_branch_datetime_operator.py
[2026-03-19T07:57:05.974+0000] {logging_mixin.py:188} INFO - [2026-03-19T07:57:05.974+0000] {dag.py:3096} INFO - Sync 3 DAGs
[2026-03-19T07:57:05.988+0000] {logging_mixin.py:188} INFO - [2026-03-19T07:57:05.987+0000] {dag.py:3954} INFO - Setting next_dagrun for example_branch_datetime_operator to 2026-03-18 00:00:00+00:00, run_after=2026-03-19 00:00:00+00:00
[2026-03-19T07:57:05.991+0000] {logging_mixin.py:188} INFO - [2026-03-19T07:57:05.991+0000] {dag.py:3954} INFO - Setting next_dagrun for example_branch_datetime_operator_2 to 2026-03-18 00:00:00+00:00, run_after=2026-03-19 00:00:00+00:00
[2026-03-19T07:57:05.993+0000] {logging_mixin.py:188} INFO - [2026-03-19T07:57:05.993+0000] {dag.py:3954} INFO - Setting next_dagrun for example_branch_datetime_operator_3 to 2026-03-18 00:00:00+00:00, run_after=2026-03-19 00:00:00+00:00
[2026-03-19T07:57:06.002+0000] {processor.py:183} INFO - Processing /home/airflow/.local/lib/python3.12/site-packages/airflow/example_dags/example_branch_datetime_operator.py took 0.056 seconds
[2026-03-19T07:57:36.078+0000] {processor.py:161} INFO - Started process (PID=37903) to work on /home/airflow/.local/lib/python3.12/site-packages/airflow/example_dags/example_branch_datetime_operator.py
[2026-03-19T07:57:36.079+0000] {processor.py:830} INFO - Processing file /home/airflow/.local/lib/python3.12/site-packages/airflow/example_dags/example_branch_datetime_operator.py for tasks to queue
[2026-03-19T07:57:36.080+0000] {logging_mixin.py:188} INFO - [2026-03-19T07:57:36.080+0000] {dagbag.py:545} INFO - Filling up the DagBag from /home/airflow/.local/lib/python3.12/site-packages/airflow/example_dags/example_branch_datetime_operator.py
[2026-03-19T07:57:36.084+0000] {processor.py:840} INFO - DAG(s) 'example_branch_datetime_operator_3', 'example_branch_datetime_operator', 'example_branch_datetime_operator_2' retrieved from /home/airflow/.local/lib/python3.12/site-packages/airflow/example_dags/example_branch_datetime_operator.py
[2026-03-19T07:57:36.099+0000] {logging_mixin.py:188} INFO - [2026-03-19T07:57:36.099+0000] {dag.py:3096} INFO - Sync 3 DAGs
[2026-03-19T07:57:36.110+0000] {logging_mixin.py:188} INFO - [2026-03-19T07:57:36.110+0000] {dag.py:3954} INFO - Setting next_dagrun for example_branch_datetime_operator to 2026-03-18 00:00:00+00:00, run_after=2026-03-19 00:00:00+00:00
[2026-03-19T07:57:36.113+0000] {logging_mixin.py:188} INFO - [2026-03-19T07:57:36.113+0000] {dag.py:3954} INFO - Setting next_dagrun for example_branch_datetime_operator_2 to 2026-03-18 00:00:00+00:00, run_after=2026-03-19 00:00:00+00:00
[2026-03-19T07:57:36.114+0000] {logging_mixin.py:188} INFO - [2026-03-19T07:57:36.114+0000] {dag.py:3954} INFO - Setting next_dagrun for example_branch_datetime_operator_3 to 2026-03-18 00:00:00+00:00, run_after=2026-03-19 00:00:00+00:00
[2026-03-19T07:57:36.127+0000] {processor.py:183} INFO - Processing /home/airflow/.local/lib/python3.12/site-packages/airflow/example_dags/example_branch_datetime_operator.py took 0.052 seconds
[2026-03-19T07:58:06.435+0000] {processor.py:161} INFO - Started process (PID=37962) to work on /home/airflow/.local/lib/python3.12/site-packages/airflow/example_dags/example_branch_datetime_operator.py
[2026-03-19T07:58:06.436+0000] {processor.py:830} INFO - Processing file /home/airflow/.local/lib/python3.12/site-packages/airflow/example_dags/example_branch_datetime_operator.py for tasks to queue
[2026-03-19T07:58:06.436+0000] {logging_mixin.py:188} INFO - [2026-03-19T07:58:06.436+0000] {dagbag.py:545} INFO - Filling up the DagBag from /home/airflow/.local/lib/python3.12/site-packages/airflow/example_dags/example_branch_datetime_operator.py
[2026-03-19T07:58:06.443+0000] {processor.py:840} INFO - DAG(s) 'example_branch_datetime_operator_3', 'example_branch_datetime_operator_2', 'example_branch_datetime_operator' retrieved from /home/airflow/.local/lib/python3.12/site-packages/airflow/example_dags/example_branch_datetime_operator.py
[2026-03-19T07:58:06.462+0000] {logging_mixin.py:188} INFO - [2026-03-19T07:58:06.462+0000] {dag.py:3096} INFO - Sync 3 DAGs
[2026-03-19T07:58:06.474+0000] {logging_mixin.py:188} INFO - [2026-03-19T07:58:06.474+0000] {dag.py:3954} INFO - Setting next_dagrun for example_branch_datetime_operator to 2026-03-18 00:00:00+00:00, run_after=2026-03-19 00:00:00+00:00
[2026-03-19T07:58:06.477+0000] {logging_mixin.py:188} INFO - [2026-03-19T07:58:06.476+0000] {dag.py:3954} INFO - Setting next_dagrun for example_branch_datetime_operator_2 to 2026-03-18 00:00:00+00:00, run_after=2026-03-19 00:00:00+00:00
[2026-03-19T07:58:06.478+0000] {logging_mixin.py:188} INFO - [2026-03-19T07:58:06.478+0000] {dag.py:3954} INFO - Setting next_dagrun for example_branch_datetime_operator_3 to 2026-03-18 00:00:00+00:00, run_after=2026-03-19 00:00:00+00:00
[2026-03-19T07:58:06.488+0000] {processor.py:183} INFO - Processing /home/airflow/.local/lib/python3.12/site-packages/airflow/example_dags/example_branch_datetime_operator.py took 0.057 seconds
[2026-03-19T07:58:36.576+0000] {processor.py:161} INFO - Started process (PID=38021) to work on /home/airflow/.local/lib/python3.12/site-packages/airflow/example_dags/example_branch_datetime_operator.py
[2026-03-19T07:58:36.577+0000] {processor.py:830} INFO - Processing file /home/airflow/.local/lib/python3.12/site-packages/airflow/example_dags/example_branch_datetime_operator.py for tasks to queue
[2026-03-19T07:58:36.578+0000] {logging_mixin.py:188} INFO - [2026-03-19T07:58:36.578+0000] {dagbag.py:545} INFO - Filling up the DagBag from /home/airflow/.local/lib/python3.12/site-packages/airflow/example_dags/example_branch_datetime_operator.py
[2026-03-19T07:58:36.587+0000] {processor.py:840} INFO - DAG(s) 'example_branch_datetime_operator_2', 'example_branch_datetime_operator_3', 'example_branch_datetime_operator' retrieved from /home/airflow/.local/lib/python3.12/site-packages/airflow/example_dags/example_branch_datetime_operator.py
[2026-03-19T07:58:36.606+0000] {logging_mixin.py:188} INFO - [2026-03-19T07:58:36.606+0000] {dag.py:3096} INFO - Sync 3 DAGs
[2026-03-19T07:58:36.624+0000] {logging_mixin.py:188} INFO - [2026-03-19T07:58:36.624+0000] {dag.py:3954} INFO - Setting next_dagrun for example_branch_datetime_operator to 2026-03-18 00:00:00+00:00, run_after=2026-03-19 00:00:00+00:00
[2026-03-19T07:58:36.628+0000] {logging_mixin.py:188} INFO - [2026-03-19T07:58:36.628+0000] {dag.py:3954} INFO - Setting next_dagrun for example_branch_datetime_operator_2 to 2026-03-18 00:00:00+00:00, run_after=2026-03-19 00:00:00+00:00
[2026-03-19T07:58:36.632+0000] {logging_mixin.py:188} INFO - [2026-03-19T07:58:36.632+0000] {dag.py:3954} INFO - Setting next_dagrun for example_branch_datetime_operator_3 to 2026-03-18 00:00:00+00:00, run_after=2026-03-19 00:00:00+00:00
[2026-03-19T07:58:36.646+0000] {processor.py:183} INFO - Processing /home/airflow/.local/lib/python3.12/site-packages/airflow/example_dags/example_branch_datetime_operator.py took 0.074 seconds
[2026-03-19T07:59:06.952+0000] {processor.py:161} INFO - Started process (PID=38080) to work on /home/airflow/.local/lib/python3.12/site-packages/airflow/example_dags/example_branch_datetime_operator.py
[2026-03-19T07:59:06.953+0000] {processor.py:830} INFO - Processing file /home/airflow/.local/lib/python3.12/site-packages/airflow/example_dags/example_branch_datetime_operator.py for tasks to queue
[2026-03-19T07:59:06.954+0000] {logging_mixin.py:188} INFO - [2026-03-19T07:59:06.953+0000] {dagbag.py:545} INFO - Filling up the DagBag from /home/airflow/.local/lib/python3.12/site-packages/airflow/example_dags/example_branch_datetime_operator.py
[2026-03-19T07:59:06.960+0000] {processor.py:840} INFO - DAG(s) 'example_branch_datetime_operator_3', 'example_branch_datetime_operator', 'example_branch_datetime_operator_2' retrieved from /home/airflow/.local/lib/python3.12/site-packages/airflow/example_dags/example_branch_datetime_operator.py
[2026-03-19T07:59:06.975+0000] {logging_mixin.py:188} INFO - [2026-03-19T07:59:06.975+0000] {dag.py:3096} INFO - Sync 3 DAGs
[2026-03-19T07:59:06.990+0000] {logging_mixin.py:188} INFO - [2026-03-19T07:59:06.990+0000] {dag.py:3954} INFO - Setting next_dagrun for example_branch_datetime_operator to 2026-03-18 00:00:00+00:00, run_after=2026-03-19 00:00:00+00:00
[2026-03-19T07:59:06.993+0000] {logging_mixin.py:188} INFO - [2026-03-19T07:59:06.993+0000] {dag.py:3954} INFO - Setting next_dagrun for example_branch_datetime_operator_2 to 2026-03-18 00:00:00+00:00, run_after=2026-03-19 00:00:00+00:00
[2026-03-19T07:59:06.996+0000] {logging_mixin.py:188} INFO - [2026-03-19T07:59:06.996+0000] {dag.py:3954} INFO - Setting next_dagrun for example_branch_datetime_operator_3 to 2026-03-18 00:00:00+00:00, run_after=2026-03-19 00:00:00+00:00
[2026-03-19T07:59:07.007+0000] {processor.py:183} INFO - Processing /home/airflow/.local/lib/python3.12/site-packages/airflow/example_dags/example_branch_datetime_operator.py took 0.058 seconds
[2026-03-19T07:59:37.919+0000] {processor.py:161} INFO - Started process (PID=38139) to work on /home/airflow/.local/lib/python3.12/site-packages/airflow/example_dags/example_branch_datetime_operator.py
[2026-03-19T07:59:37.920+0000] {processor.py:830} INFO - Processing file /home/airflow/.local/lib/python3.12/site-packages/airflow/example_dags/example_branch_datetime_operator.py for tasks to queue
[2026-03-19T07:59:37.920+0000] {logging_mixin.py:188} INFO - [2026-03-19T07:59:37.920+0000] {dagbag.py:545} INFO - Filling up the DagBag from /home/airflow/.local/lib/python3.12/site-packages/airflow/example_dags/example_branch_datetime_operator.py
[2026-03-19T07:59:37.926+0000] {processor.py:840} INFO - DAG(s) 'example_branch_datetime_operator_2', 'example_branch_datetime_operator_3', 'example_branch_datetime_operator' retrieved from /home/airflow/.local/lib/python3.12/site-packages/airflow/example_dags/example_branch_datetime_operator.py
[2026-03-19T07:59:37.948+0000] {logging_mixin.py:188} INFO - [2026-03-19T07:59:37.947+0000] {dag.py:3096} INFO - Sync 3 DAGs
[2026-03-19T07:59:37.959+0000] {logging_mixin.py:188} INFO - [2026-03-19T07:59:37.959+0000] {dag.py:3954} INFO - Setting next_dagrun for example_branch_datetime_operator to 2026-03-18 00:00:00+00:00, run_after=2026-03-19 00:00:00+00:00
[2026-03-19T07:59:37.962+0000] {logging_mixin.py:188} INFO - [2026-03-19T07:59:37.962+0000] {dag.py:3954} INFO - Setting next_dagrun for example_branch_datetime_operator_2 to 2026-03-18 00:00:00+00:00, run_after=2026-03-19 00:00:00+00:00
[2026-03-19T07:59:37.964+0000] {logging_mixin.py:188} INFO - [2026-03-19T07:59:37.964+0000] {dag.py:3954} INFO - Setting next_dagrun for example_branch_datetime_operator_3 to 2026-03-18 00:00:00+00:00, run_after=2026-03-19 00:00:00+00:00
[2026-03-19T07:59:37.977+0000] {processor.py:183} INFO - Processing /home/airflow/.local/lib/python3.12/site-packages/airflow/example_dags/example_branch_datetime_operator.py took 0.062 seconds
[2026-03-19T08:00:08.686+0000] {processor.py:161} INFO - Started process (PID=38198) to work on /home/airflow/.local/lib/python3.12/site-packages/airflow/example_dags/example_branch_datetime_operator.py
[2026-03-19T08:00:08.688+0000] {processor.py:830} INFO - Processing file /home/airflow/.local/lib/python3.12/site-packages/airflow/example_dags/example_branch_datetime_operator.py for tasks to queue
[2026-03-19T08:00:08.688+0000] {logging_mixin.py:188} INFO - [2026-03-19T08:00:08.688+0000] {dagbag.py:545} INFO - Filling up the DagBag from /home/airflow/.local/lib/python3.12/site-packages/airflow/example_dags/example_branch_datetime_operator.py
[2026-03-19T08:00:08.694+0000] {processor.py:840} INFO - DAG(s) 'example_branch_datetime_operator_2', 'example_branch_datetime_operator_3', 'example_branch_datetime_operator' retrieved from /home/airflow/.local/lib/python3.12/site-packages/airflow/example_dags/example_branch_datetime_operator.py
[2026-03-19T08:00:08.712+0000] {logging_mixin.py:188} INFO - [2026-03-19T08:00:08.712+0000] {dag.py:3096} INFO - Sync 3 DAGs
[2026-03-19T08:00:08.725+0000] {logging_mixin.py:188} INFO - [2026-03-19T08:00:08.725+0000] {dag.py:3954} INFO - Setting next_dagrun for example_branch_datetime_operator to 2026-03-18 00:00:00+00:00, run_after=2026-03-19 00:00:00+00:00
[2026-03-19T08:00:08.728+0000] {logging_mixin.py:188} INFO - [2026-03-19T08:00:08.728+0000] {dag.py:3954} INFO - Setting next_dagrun for example_branch_datetime_operator_2 to 2026-03-18 00:00:00+00:00, run_after=2026-03-19 00:00:00+00:00
[2026-03-19T08:00:08.729+0000] {logging_mixin.py:188} INFO - [2026-03-19T08:00:08.729+0000] {dag.py:3954} INFO - Setting next_dagrun for example_branch_datetime_operator_3 to 2026-03-18 00:00:00+00:00, run_after=2026-03-19 00:00:00+00:00
[2026-03-19T08:00:08.738+0000] {processor.py:183} INFO - Processing /home/airflow/.local/lib/python3.12/site-packages/airflow/example_dags/example_branch_datetime_operator.py took 0.055 seconds
[2026-03-19T08:00:38.903+0000] {processor.py:161} INFO - Started process (PID=38257) to work on /home/airflow/.local/lib/python3.12/site-packages/airflow/example_dags/example_branch_datetime_operator.py
[2026-03-19T08:00:38.904+0000] {processor.py:830} INFO - Processing file /home/airflow/.local/lib/python3.12/site-packages/airflow/example_dags/example_branch_datetime_operator.py for tasks to queue
[2026-03-19T08:00:38.905+0000] {logging_mixin.py:188} INFO - [2026-03-19T08:00:38.904+0000] {dagbag.py:545} INFO - Filling up the DagBag from /home/airflow/.local/lib/python3.12/site-packages/airflow/example_dags/example_branch_datetime_operator.py
[2026-03-19T08:00:38.910+0000] {processor.py:840} INFO - DAG(s) 'example_branch_datetime_operator_2', 'example_branch_datetime_operator', 'example_branch_datetime_operator_3' retrieved from /home/airflow/.local/lib/python3.12/site-packages/airflow/example_dags/example_branch_datetime_operator.py
[2026-03-19T08:00:38.924+0000] {logging_mixin.py:188} INFO - [2026-03-19T08:00:38.924+0000] {dag.py:3096} INFO - Sync 3 DAGs
[2026-03-19T08:00:38.940+0000] {logging_mixin.py:188} INFO - [2026-03-19T08:00:38.940+0000] {dag.py:3954} INFO - Setting next_dagrun for example_branch_datetime_operator to 2026-03-18 00:00:00+00:00, run_after=2026-03-19 00:00:00+00:00
[2026-03-19T08:00:38.943+0000] {logging_mixin.py:188} INFO - [2026-03-19T08:00:38.943+0000] {dag.py:3954} INFO - Setting next_dagrun for example_branch_datetime_operator_2 to 2026-03-18 00:00:00+00:00, run_after=2026-03-19 00:00:00+00:00
[2026-03-19T08:00:38.946+0000] {logging_mixin.py:188} INFO - [2026-03-19T08:00:38.946+0000] {dag.py:3954} INFO - Setting next_dagrun for example_branch_datetime_operator_3 to 2026-03-18 00:00:00+00:00, run_after=2026-03-19 00:00:00+00:00
[2026-03-19T08:00:38.957+0000] {processor.py:183} INFO - Processing /home/airflow/.local/lib/python3.12/site-packages/airflow/example_dags/example_branch_datetime_operator.py took 0.058 seconds
