[2026-03-19T00:12:45.817+0000] {processor.py:161} INFO - Started process (PID=35706) to work on /home/airflow/.local/lib/python3.12/site-packages/airflow/example_dags/example_trigger_controller_dag.py
[2026-03-19T00:12:45.818+0000] {processor.py:830} INFO - Processing file /home/airflow/.local/lib/python3.12/site-packages/airflow/example_dags/example_trigger_controller_dag.py for tasks to queue
[2026-03-19T00:12:45.820+0000] {logging_mixin.py:188} INFO - [2026-03-19T00:12:45.820+0000] {dagbag.py:545} INFO - Filling up the DagBag from /home/airflow/.local/lib/python3.12/site-packages/airflow/example_dags/example_trigger_controller_dag.py
[2026-03-19T00:12:45.825+0000] {processor.py:840} INFO - DAG(s) 'example_trigger_controller_dag' retrieved from /home/airflow/.local/lib/python3.12/site-packages/airflow/example_dags/example_trigger_controller_dag.py
[2026-03-19T00:12:45.844+0000] {logging_mixin.py:188} INFO - [2026-03-19T00:12:45.844+0000] {dag.py:3096} INFO - Sync 1 DAGs
[2026-03-19T00:12:45.862+0000] {logging_mixin.py:188} INFO - [2026-03-19T00:12:45.862+0000] {dag.py:3954} INFO - Setting next_dagrun for example_trigger_controller_dag to 2021-01-01 00:00:00+00:00, run_after=2021-01-01 00:00:00+00:00
[2026-03-19T00:12:45.983+0000] {processor.py:183} INFO - Processing /home/airflow/.local/lib/python3.12/site-packages/airflow/example_dags/example_trigger_controller_dag.py took 0.170 seconds
[2026-03-19T00:46:47.251+0000] {processor.py:161} INFO - Started process (PID=35765) to work on /home/airflow/.local/lib/python3.12/site-packages/airflow/example_dags/example_trigger_controller_dag.py
[2026-03-19T00:46:47.254+0000] {processor.py:830} INFO - Processing file /home/airflow/.local/lib/python3.12/site-packages/airflow/example_dags/example_trigger_controller_dag.py for tasks to queue
[2026-03-19T00:46:47.261+0000] {logging_mixin.py:188} INFO - [2026-03-19T00:46:47.260+0000] {dagbag.py:545} INFO - Filling up the DagBag from /home/airflow/.local/lib/python3.12/site-packages/airflow/example_dags/example_trigger_controller_dag.py
[2026-03-19T00:46:47.277+0000] {processor.py:840} INFO - DAG(s) 'example_trigger_controller_dag' retrieved from /home/airflow/.local/lib/python3.12/site-packages/airflow/example_dags/example_trigger_controller_dag.py
[2026-03-19T00:46:47.318+0000] {logging_mixin.py:188} INFO - [2026-03-19T00:46:47.318+0000] {dag.py:3096} INFO - Sync 1 DAGs
[2026-03-19T00:46:47.334+0000] {logging_mixin.py:188} INFO - [2026-03-19T00:46:47.334+0000] {dag.py:3954} INFO - Setting next_dagrun for example_trigger_controller_dag to 2021-01-01 00:00:00+00:00, run_after=2021-01-01 00:00:00+00:00
[2026-03-19T00:46:47.346+0000] {processor.py:183} INFO - Processing /home/airflow/.local/lib/python3.12/site-packages/airflow/example_dags/example_trigger_controller_dag.py took 0.113 seconds
[2026-03-19T01:13:45.453+0000] {processor.py:161} INFO - Started process (PID=35832) to work on /home/airflow/.local/lib/python3.12/site-packages/airflow/example_dags/example_trigger_controller_dag.py
[2026-03-19T01:13:45.455+0000] {processor.py:830} INFO - Processing file /home/airflow/.local/lib/python3.12/site-packages/airflow/example_dags/example_trigger_controller_dag.py for tasks to queue
[2026-03-19T01:13:45.461+0000] {logging_mixin.py:188} INFO - [2026-03-19T01:13:45.460+0000] {dagbag.py:545} INFO - Filling up the DagBag from /home/airflow/.local/lib/python3.12/site-packages/airflow/example_dags/example_trigger_controller_dag.py
[2026-03-19T01:13:45.478+0000] {processor.py:840} INFO - DAG(s) 'example_trigger_controller_dag' retrieved from /home/airflow/.local/lib/python3.12/site-packages/airflow/example_dags/example_trigger_controller_dag.py
[2026-03-19T01:13:45.515+0000] {logging_mixin.py:188} INFO - [2026-03-19T01:13:45.515+0000] {dag.py:3096} INFO - Sync 1 DAGs
[2026-03-19T01:13:45.545+0000] {logging_mixin.py:188} INFO - [2026-03-19T01:13:45.545+0000] {dag.py:3954} INFO - Setting next_dagrun for example_trigger_controller_dag to 2021-01-01 00:00:00+00:00, run_after=2021-01-01 00:00:00+00:00
[2026-03-19T01:13:45.577+0000] {processor.py:183} INFO - Processing /home/airflow/.local/lib/python3.12/site-packages/airflow/example_dags/example_trigger_controller_dag.py took 0.143 seconds
[2026-03-19T02:14:37.365+0000] {processor.py:161} INFO - Started process (PID=35905) to work on /home/airflow/.local/lib/python3.12/site-packages/airflow/example_dags/example_trigger_controller_dag.py
[2026-03-19T02:14:37.376+0000] {processor.py:830} INFO - Processing file /home/airflow/.local/lib/python3.12/site-packages/airflow/example_dags/example_trigger_controller_dag.py for tasks to queue
[2026-03-19T02:14:37.392+0000] {logging_mixin.py:188} INFO - [2026-03-19T02:14:37.391+0000] {dagbag.py:545} INFO - Filling up the DagBag from /home/airflow/.local/lib/python3.12/site-packages/airflow/example_dags/example_trigger_controller_dag.py
[2026-03-19T02:14:37.458+0000] {processor.py:840} INFO - DAG(s) 'example_trigger_controller_dag' retrieved from /home/airflow/.local/lib/python3.12/site-packages/airflow/example_dags/example_trigger_controller_dag.py
[2026-03-19T02:14:37.656+0000] {logging_mixin.py:188} INFO - [2026-03-19T02:14:37.655+0000] {dag.py:3096} INFO - Sync 1 DAGs
[2026-03-19T02:14:38.832+0000] {logging_mixin.py:188} INFO - [2026-03-19T02:14:38.831+0000] {dag.py:3954} INFO - Setting next_dagrun for example_trigger_controller_dag to 2021-01-01 00:00:00+00:00, run_after=2021-01-01 00:00:00+00:00
[2026-03-19T02:14:38.989+0000] {processor.py:183} INFO - Processing /home/airflow/.local/lib/python3.12/site-packages/airflow/example_dags/example_trigger_controller_dag.py took 1.692 seconds
[2026-03-19T02:15:14.130+0000] {processor.py:161} INFO - Started process (PID=35963) to work on /home/airflow/.local/lib/python3.12/site-packages/airflow/example_dags/example_trigger_controller_dag.py
[2026-03-19T02:15:14.134+0000] {processor.py:830} INFO - Processing file /home/airflow/.local/lib/python3.12/site-packages/airflow/example_dags/example_trigger_controller_dag.py for tasks to queue
[2026-03-19T02:15:14.136+0000] {logging_mixin.py:188} INFO - [2026-03-19T02:15:14.135+0000] {dagbag.py:545} INFO - Filling up the DagBag from /home/airflow/.local/lib/python3.12/site-packages/airflow/example_dags/example_trigger_controller_dag.py
[2026-03-19T02:15:14.145+0000] {processor.py:840} INFO - DAG(s) 'example_trigger_controller_dag' retrieved from /home/airflow/.local/lib/python3.12/site-packages/airflow/example_dags/example_trigger_controller_dag.py
[2026-03-19T02:15:14.204+0000] {logging_mixin.py:188} INFO - [2026-03-19T02:15:14.203+0000] {dag.py:3096} INFO - Sync 1 DAGs
[2026-03-19T02:15:14.292+0000] {logging_mixin.py:188} INFO - [2026-03-19T02:15:14.290+0000] {dag.py:3954} INFO - Setting next_dagrun for example_trigger_controller_dag to 2021-01-01 00:00:00+00:00, run_after=2021-01-01 00:00:00+00:00
[2026-03-19T02:15:14.362+0000] {processor.py:183} INFO - Processing /home/airflow/.local/lib/python3.12/site-packages/airflow/example_dags/example_trigger_controller_dag.py took 0.242 seconds
[2026-03-19T03:06:10.960+0000] {processor.py:161} INFO - Started process (PID=36053) to work on /home/airflow/.local/lib/python3.12/site-packages/airflow/example_dags/example_trigger_controller_dag.py
[2026-03-19T03:06:10.963+0000] {processor.py:830} INFO - Processing file /home/airflow/.local/lib/python3.12/site-packages/airflow/example_dags/example_trigger_controller_dag.py for tasks to queue
[2026-03-19T03:06:10.964+0000] {logging_mixin.py:188} INFO - [2026-03-19T03:06:10.964+0000] {dagbag.py:545} INFO - Filling up the DagBag from /home/airflow/.local/lib/python3.12/site-packages/airflow/example_dags/example_trigger_controller_dag.py
[2026-03-19T03:06:10.978+0000] {processor.py:840} INFO - DAG(s) 'example_trigger_controller_dag' retrieved from /home/airflow/.local/lib/python3.12/site-packages/airflow/example_dags/example_trigger_controller_dag.py
[2026-03-19T03:06:11.039+0000] {logging_mixin.py:188} INFO - [2026-03-19T03:06:11.038+0000] {dag.py:3096} INFO - Sync 1 DAGs
[2026-03-19T03:06:11.083+0000] {logging_mixin.py:188} INFO - [2026-03-19T03:06:11.082+0000] {dag.py:3954} INFO - Setting next_dagrun for example_trigger_controller_dag to 2021-01-01 00:00:00+00:00, run_after=2021-01-01 00:00:00+00:00
[2026-03-19T03:06:11.117+0000] {processor.py:183} INFO - Processing /home/airflow/.local/lib/python3.12/site-packages/airflow/example_dags/example_trigger_controller_dag.py took 0.172 seconds
[2026-03-19T03:06:41.754+0000] {processor.py:161} INFO - Started process (PID=36120) to work on /home/airflow/.local/lib/python3.12/site-packages/airflow/example_dags/example_trigger_controller_dag.py
[2026-03-19T03:06:41.757+0000] {processor.py:830} INFO - Processing file /home/airflow/.local/lib/python3.12/site-packages/airflow/example_dags/example_trigger_controller_dag.py for tasks to queue
[2026-03-19T03:06:41.758+0000] {logging_mixin.py:188} INFO - [2026-03-19T03:06:41.758+0000] {dagbag.py:545} INFO - Filling up the DagBag from /home/airflow/.local/lib/python3.12/site-packages/airflow/example_dags/example_trigger_controller_dag.py
[2026-03-19T03:06:41.762+0000] {processor.py:840} INFO - DAG(s) 'example_trigger_controller_dag' retrieved from /home/airflow/.local/lib/python3.12/site-packages/airflow/example_dags/example_trigger_controller_dag.py
[2026-03-19T03:06:41.775+0000] {logging_mixin.py:188} INFO - [2026-03-19T03:06:41.775+0000] {dag.py:3096} INFO - Sync 1 DAGs
[2026-03-19T03:06:41.786+0000] {logging_mixin.py:188} INFO - [2026-03-19T03:06:41.786+0000] {dag.py:3954} INFO - Setting next_dagrun for example_trigger_controller_dag to 2021-01-01 00:00:00+00:00, run_after=2021-01-01 00:00:00+00:00
[2026-03-19T03:06:41.796+0000] {processor.py:183} INFO - Processing /home/airflow/.local/lib/python3.12/site-packages/airflow/example_dags/example_trigger_controller_dag.py took 0.049 seconds
[2026-03-19T03:15:43.166+0000] {processor.py:161} INFO - Started process (PID=36179) to work on /home/airflow/.local/lib/python3.12/site-packages/airflow/example_dags/example_trigger_controller_dag.py
[2026-03-19T03:15:43.168+0000] {processor.py:830} INFO - Processing file /home/airflow/.local/lib/python3.12/site-packages/airflow/example_dags/example_trigger_controller_dag.py for tasks to queue
[2026-03-19T03:15:43.169+0000] {logging_mixin.py:188} INFO - [2026-03-19T03:15:43.169+0000] {dagbag.py:545} INFO - Filling up the DagBag from /home/airflow/.local/lib/python3.12/site-packages/airflow/example_dags/example_trigger_controller_dag.py
[2026-03-19T03:15:43.179+0000] {processor.py:840} INFO - DAG(s) 'example_trigger_controller_dag' retrieved from /home/airflow/.local/lib/python3.12/site-packages/airflow/example_dags/example_trigger_controller_dag.py
[2026-03-19T03:15:43.205+0000] {logging_mixin.py:188} INFO - [2026-03-19T03:15:43.205+0000] {dag.py:3096} INFO - Sync 1 DAGs
[2026-03-19T03:15:43.226+0000] {logging_mixin.py:188} INFO - [2026-03-19T03:15:43.226+0000] {dag.py:3954} INFO - Setting next_dagrun for example_trigger_controller_dag to 2021-01-01 00:00:00+00:00, run_after=2021-01-01 00:00:00+00:00
[2026-03-19T03:15:43.252+0000] {processor.py:183} INFO - Processing /home/airflow/.local/lib/python3.12/site-packages/airflow/example_dags/example_trigger_controller_dag.py took 0.100 seconds
[2026-03-19T03:32:05.904+0000] {processor.py:161} INFO - Started process (PID=36238) to work on /home/airflow/.local/lib/python3.12/site-packages/airflow/example_dags/example_trigger_controller_dag.py
[2026-03-19T03:32:05.905+0000] {processor.py:830} INFO - Processing file /home/airflow/.local/lib/python3.12/site-packages/airflow/example_dags/example_trigger_controller_dag.py for tasks to queue
[2026-03-19T03:32:05.906+0000] {logging_mixin.py:188} INFO - [2026-03-19T03:32:05.906+0000] {dagbag.py:545} INFO - Filling up the DagBag from /home/airflow/.local/lib/python3.12/site-packages/airflow/example_dags/example_trigger_controller_dag.py
[2026-03-19T03:32:05.914+0000] {processor.py:840} INFO - DAG(s) 'example_trigger_controller_dag' retrieved from /home/airflow/.local/lib/python3.12/site-packages/airflow/example_dags/example_trigger_controller_dag.py
[2026-03-19T03:32:05.974+0000] {logging_mixin.py:188} INFO - [2026-03-19T03:32:05.974+0000] {dag.py:3096} INFO - Sync 1 DAGs
[2026-03-19T03:32:06.023+0000] {logging_mixin.py:188} INFO - [2026-03-19T03:32:06.022+0000] {dag.py:3954} INFO - Setting next_dagrun for example_trigger_controller_dag to 2021-01-01 00:00:00+00:00, run_after=2021-01-01 00:00:00+00:00
[2026-03-19T03:32:06.060+0000] {processor.py:183} INFO - Processing /home/airflow/.local/lib/python3.12/site-packages/airflow/example_dags/example_trigger_controller_dag.py took 0.165 seconds
[2026-03-19T04:16:44.125+0000] {processor.py:161} INFO - Started process (PID=36305) to work on /home/airflow/.local/lib/python3.12/site-packages/airflow/example_dags/example_trigger_controller_dag.py
[2026-03-19T04:16:44.126+0000] {processor.py:830} INFO - Processing file /home/airflow/.local/lib/python3.12/site-packages/airflow/example_dags/example_trigger_controller_dag.py for tasks to queue
[2026-03-19T04:16:44.127+0000] {logging_mixin.py:188} INFO - [2026-03-19T04:16:44.127+0000] {dagbag.py:545} INFO - Filling up the DagBag from /home/airflow/.local/lib/python3.12/site-packages/airflow/example_dags/example_trigger_controller_dag.py
[2026-03-19T04:16:44.132+0000] {processor.py:840} INFO - DAG(s) 'example_trigger_controller_dag' retrieved from /home/airflow/.local/lib/python3.12/site-packages/airflow/example_dags/example_trigger_controller_dag.py
[2026-03-19T04:16:44.154+0000] {logging_mixin.py:188} INFO - [2026-03-19T04:16:44.154+0000] {dag.py:3096} INFO - Sync 1 DAGs
[2026-03-19T04:16:44.178+0000] {logging_mixin.py:188} INFO - [2026-03-19T04:16:44.178+0000] {dag.py:3954} INFO - Setting next_dagrun for example_trigger_controller_dag to 2021-01-01 00:00:00+00:00, run_after=2021-01-01 00:00:00+00:00
[2026-03-19T04:16:44.192+0000] {processor.py:183} INFO - Processing /home/airflow/.local/lib/python3.12/site-packages/airflow/example_dags/example_trigger_controller_dag.py took 0.074 seconds
[2026-03-19T04:17:18.009+0000] {processor.py:161} INFO - Started process (PID=36372) to work on /home/airflow/.local/lib/python3.12/site-packages/airflow/example_dags/example_trigger_controller_dag.py
[2026-03-19T04:17:18.014+0000] {processor.py:830} INFO - Processing file /home/airflow/.local/lib/python3.12/site-packages/airflow/example_dags/example_trigger_controller_dag.py for tasks to queue
[2026-03-19T04:17:18.016+0000] {logging_mixin.py:188} INFO - [2026-03-19T04:17:18.015+0000] {dagbag.py:545} INFO - Filling up the DagBag from /home/airflow/.local/lib/python3.12/site-packages/airflow/example_dags/example_trigger_controller_dag.py
[2026-03-19T04:17:18.038+0000] {processor.py:840} INFO - DAG(s) 'example_trigger_controller_dag' retrieved from /home/airflow/.local/lib/python3.12/site-packages/airflow/example_dags/example_trigger_controller_dag.py
[2026-03-19T04:17:18.103+0000] {logging_mixin.py:188} INFO - [2026-03-19T04:17:18.102+0000] {dag.py:3096} INFO - Sync 1 DAGs
[2026-03-19T04:17:18.186+0000] {logging_mixin.py:188} INFO - [2026-03-19T04:17:18.185+0000] {dag.py:3954} INFO - Setting next_dagrun for example_trigger_controller_dag to 2021-01-01 00:00:00+00:00, run_after=2021-01-01 00:00:00+00:00
[2026-03-19T04:17:18.240+0000] {processor.py:183} INFO - Processing /home/airflow/.local/lib/python3.12/site-packages/airflow/example_dags/example_trigger_controller_dag.py took 0.263 seconds
[2026-03-19T05:17:37.801+0000] {processor.py:161} INFO - Started process (PID=36431) to work on /home/airflow/.local/lib/python3.12/site-packages/airflow/example_dags/example_trigger_controller_dag.py
[2026-03-19T05:17:37.802+0000] {processor.py:830} INFO - Processing file /home/airflow/.local/lib/python3.12/site-packages/airflow/example_dags/example_trigger_controller_dag.py for tasks to queue
[2026-03-19T05:17:37.802+0000] {logging_mixin.py:188} INFO - [2026-03-19T05:17:37.802+0000] {dagbag.py:545} INFO - Filling up the DagBag from /home/airflow/.local/lib/python3.12/site-packages/airflow/example_dags/example_trigger_controller_dag.py
[2026-03-19T05:17:37.805+0000] {processor.py:840} INFO - DAG(s) 'example_trigger_controller_dag' retrieved from /home/airflow/.local/lib/python3.12/site-packages/airflow/example_dags/example_trigger_controller_dag.py
[2026-03-19T05:17:37.821+0000] {logging_mixin.py:188} INFO - [2026-03-19T05:17:37.820+0000] {dag.py:3096} INFO - Sync 1 DAGs
[2026-03-19T05:17:37.845+0000] {logging_mixin.py:188} INFO - [2026-03-19T05:17:37.845+0000] {dag.py:3954} INFO - Setting next_dagrun for example_trigger_controller_dag to 2021-01-01 00:00:00+00:00, run_after=2021-01-01 00:00:00+00:00
[2026-03-19T05:17:37.868+0000] {processor.py:183} INFO - Processing /home/airflow/.local/lib/python3.12/site-packages/airflow/example_dags/example_trigger_controller_dag.py took 0.071 seconds
[2026-03-19T05:18:08.166+0000] {processor.py:161} INFO - Started process (PID=36490) to work on /home/airflow/.local/lib/python3.12/site-packages/airflow/example_dags/example_trigger_controller_dag.py
[2026-03-19T05:18:08.167+0000] {processor.py:830} INFO - Processing file /home/airflow/.local/lib/python3.12/site-packages/airflow/example_dags/example_trigger_controller_dag.py for tasks to queue
[2026-03-19T05:18:08.168+0000] {logging_mixin.py:188} INFO - [2026-03-19T05:18:08.168+0000] {dagbag.py:545} INFO - Filling up the DagBag from /home/airflow/.local/lib/python3.12/site-packages/airflow/example_dags/example_trigger_controller_dag.py
[2026-03-19T05:18:08.171+0000] {processor.py:840} INFO - DAG(s) 'example_trigger_controller_dag' retrieved from /home/airflow/.local/lib/python3.12/site-packages/airflow/example_dags/example_trigger_controller_dag.py
[2026-03-19T05:18:08.225+0000] {logging_mixin.py:188} INFO - [2026-03-19T05:18:08.225+0000] {dag.py:3096} INFO - Sync 1 DAGs
[2026-03-19T05:18:08.252+0000] {logging_mixin.py:188} INFO - [2026-03-19T05:18:08.251+0000] {dag.py:3954} INFO - Setting next_dagrun for example_trigger_controller_dag to 2021-01-01 00:00:00+00:00, run_after=2021-01-01 00:00:00+00:00
[2026-03-19T05:18:08.272+0000] {processor.py:183} INFO - Processing /home/airflow/.local/lib/python3.12/site-packages/airflow/example_dags/example_trigger_controller_dag.py took 0.110 seconds
[2026-03-19T06:18:37.020+0000] {processor.py:161} INFO - Started process (PID=36549) to work on /home/airflow/.local/lib/python3.12/site-packages/airflow/example_dags/example_trigger_controller_dag.py
[2026-03-19T06:18:37.022+0000] {processor.py:830} INFO - Processing file /home/airflow/.local/lib/python3.12/site-packages/airflow/example_dags/example_trigger_controller_dag.py for tasks to queue
[2026-03-19T06:18:37.025+0000] {logging_mixin.py:188} INFO - [2026-03-19T06:18:37.025+0000] {dagbag.py:545} INFO - Filling up the DagBag from /home/airflow/.local/lib/python3.12/site-packages/airflow/example_dags/example_trigger_controller_dag.py
[2026-03-19T06:18:37.033+0000] {processor.py:840} INFO - DAG(s) 'example_trigger_controller_dag' retrieved from /home/airflow/.local/lib/python3.12/site-packages/airflow/example_dags/example_trigger_controller_dag.py
[2026-03-19T06:18:37.061+0000] {logging_mixin.py:188} INFO - [2026-03-19T06:18:37.061+0000] {dag.py:3096} INFO - Sync 1 DAGs
[2026-03-19T06:18:37.093+0000] {logging_mixin.py:188} INFO - [2026-03-19T06:18:37.093+0000] {dag.py:3954} INFO - Setting next_dagrun for example_trigger_controller_dag to 2021-01-01 00:00:00+00:00, run_after=2021-01-01 00:00:00+00:00
[2026-03-19T06:18:37.116+0000] {processor.py:183} INFO - Processing /home/airflow/.local/lib/python3.12/site-packages/airflow/example_dags/example_trigger_controller_dag.py took 0.105 seconds
[2026-03-19T06:19:07.624+0000] {processor.py:161} INFO - Started process (PID=36616) to work on /home/airflow/.local/lib/python3.12/site-packages/airflow/example_dags/example_trigger_controller_dag.py
[2026-03-19T06:19:07.626+0000] {processor.py:830} INFO - Processing file /home/airflow/.local/lib/python3.12/site-packages/airflow/example_dags/example_trigger_controller_dag.py for tasks to queue
[2026-03-19T06:19:07.626+0000] {logging_mixin.py:188} INFO - [2026-03-19T06:19:07.626+0000] {dagbag.py:545} INFO - Filling up the DagBag from /home/airflow/.local/lib/python3.12/site-packages/airflow/example_dags/example_trigger_controller_dag.py
[2026-03-19T06:19:07.632+0000] {processor.py:840} INFO - DAG(s) 'example_trigger_controller_dag' retrieved from /home/airflow/.local/lib/python3.12/site-packages/airflow/example_dags/example_trigger_controller_dag.py
[2026-03-19T06:19:07.651+0000] {logging_mixin.py:188} INFO - [2026-03-19T06:19:07.651+0000] {dag.py:3096} INFO - Sync 1 DAGs
[2026-03-19T06:19:07.673+0000] {logging_mixin.py:188} INFO - [2026-03-19T06:19:07.673+0000] {dag.py:3954} INFO - Setting next_dagrun for example_trigger_controller_dag to 2021-01-01 00:00:00+00:00, run_after=2021-01-01 00:00:00+00:00
[2026-03-19T06:19:07.693+0000] {processor.py:183} INFO - Processing /home/airflow/.local/lib/python3.12/site-packages/airflow/example_dags/example_trigger_controller_dag.py took 0.073 seconds
[2026-03-19T07:19:36.654+0000] {processor.py:161} INFO - Started process (PID=36675) to work on /home/airflow/.local/lib/python3.12/site-packages/airflow/example_dags/example_trigger_controller_dag.py
[2026-03-19T07:19:36.655+0000] {processor.py:830} INFO - Processing file /home/airflow/.local/lib/python3.12/site-packages/airflow/example_dags/example_trigger_controller_dag.py for tasks to queue
[2026-03-19T07:19:36.657+0000] {logging_mixin.py:188} INFO - [2026-03-19T07:19:36.656+0000] {dagbag.py:545} INFO - Filling up the DagBag from /home/airflow/.local/lib/python3.12/site-packages/airflow/example_dags/example_trigger_controller_dag.py
[2026-03-19T07:19:36.664+0000] {processor.py:840} INFO - DAG(s) 'example_trigger_controller_dag' retrieved from /home/airflow/.local/lib/python3.12/site-packages/airflow/example_dags/example_trigger_controller_dag.py
[2026-03-19T07:19:36.697+0000] {logging_mixin.py:188} INFO - [2026-03-19T07:19:36.696+0000] {dag.py:3096} INFO - Sync 1 DAGs
[2026-03-19T07:19:36.720+0000] {logging_mixin.py:188} INFO - [2026-03-19T07:19:36.720+0000] {dag.py:3954} INFO - Setting next_dagrun for example_trigger_controller_dag to 2021-01-01 00:00:00+00:00, run_after=2021-01-01 00:00:00+00:00
[2026-03-19T07:19:36.754+0000] {processor.py:183} INFO - Processing /home/airflow/.local/lib/python3.12/site-packages/airflow/example_dags/example_trigger_controller_dag.py took 0.111 seconds
[2026-03-19T07:20:06.872+0000] {processor.py:161} INFO - Started process (PID=36743) to work on /home/airflow/.local/lib/python3.12/site-packages/airflow/example_dags/example_trigger_controller_dag.py
[2026-03-19T07:20:06.873+0000] {processor.py:830} INFO - Processing file /home/airflow/.local/lib/python3.12/site-packages/airflow/example_dags/example_trigger_controller_dag.py for tasks to queue
[2026-03-19T07:20:06.874+0000] {logging_mixin.py:188} INFO - [2026-03-19T07:20:06.873+0000] {dagbag.py:545} INFO - Filling up the DagBag from /home/airflow/.local/lib/python3.12/site-packages/airflow/example_dags/example_trigger_controller_dag.py
[2026-03-19T07:20:06.882+0000] {processor.py:840} INFO - DAG(s) 'example_trigger_controller_dag' retrieved from /home/airflow/.local/lib/python3.12/site-packages/airflow/example_dags/example_trigger_controller_dag.py
[2026-03-19T07:20:06.897+0000] {logging_mixin.py:188} INFO - [2026-03-19T07:20:06.896+0000] {dag.py:3096} INFO - Sync 1 DAGs
[2026-03-19T07:20:06.909+0000] {logging_mixin.py:188} INFO - [2026-03-19T07:20:06.908+0000] {dag.py:3954} INFO - Setting next_dagrun for example_trigger_controller_dag to 2021-01-01 00:00:00+00:00, run_after=2021-01-01 00:00:00+00:00
[2026-03-19T07:20:06.918+0000] {processor.py:183} INFO - Processing /home/airflow/.local/lib/python3.12/site-packages/airflow/example_dags/example_trigger_controller_dag.py took 0.050 seconds
[2026-03-19T07:37:30.956+0000] {processor.py:161} INFO - Started process (PID=36801) to work on /home/airflow/.local/lib/python3.12/site-packages/airflow/example_dags/example_trigger_controller_dag.py
[2026-03-19T07:37:30.957+0000] {processor.py:830} INFO - Processing file /home/airflow/.local/lib/python3.12/site-packages/airflow/example_dags/example_trigger_controller_dag.py for tasks to queue
[2026-03-19T07:37:30.959+0000] {logging_mixin.py:188} INFO - [2026-03-19T07:37:30.959+0000] {dagbag.py:545} INFO - Filling up the DagBag from /home/airflow/.local/lib/python3.12/site-packages/airflow/example_dags/example_trigger_controller_dag.py
[2026-03-19T07:37:30.967+0000] {processor.py:840} INFO - DAG(s) 'example_trigger_controller_dag' retrieved from /home/airflow/.local/lib/python3.12/site-packages/airflow/example_dags/example_trigger_controller_dag.py
[2026-03-19T07:37:30.988+0000] {logging_mixin.py:188} INFO - [2026-03-19T07:37:30.987+0000] {dag.py:3096} INFO - Sync 1 DAGs
[2026-03-19T07:37:31.005+0000] {logging_mixin.py:188} INFO - [2026-03-19T07:37:31.005+0000] {dag.py:3954} INFO - Setting next_dagrun for example_trigger_controller_dag to 2021-01-01 00:00:00+00:00, run_after=2021-01-01 00:00:00+00:00
[2026-03-19T07:37:31.023+0000] {processor.py:183} INFO - Processing /home/airflow/.local/lib/python3.12/site-packages/airflow/example_dags/example_trigger_controller_dag.py took 0.072 seconds
[2026-03-19T07:38:05.519+0000] {processor.py:161} INFO - Started process (PID=36868) to work on /home/airflow/.local/lib/python3.12/site-packages/airflow/example_dags/example_trigger_controller_dag.py
[2026-03-19T07:38:05.520+0000] {processor.py:830} INFO - Processing file /home/airflow/.local/lib/python3.12/site-packages/airflow/example_dags/example_trigger_controller_dag.py for tasks to queue
[2026-03-19T07:38:05.520+0000] {logging_mixin.py:188} INFO - [2026-03-19T07:38:05.520+0000] {dagbag.py:545} INFO - Filling up the DagBag from /home/airflow/.local/lib/python3.12/site-packages/airflow/example_dags/example_trigger_controller_dag.py
[2026-03-19T07:38:05.524+0000] {processor.py:840} INFO - DAG(s) 'example_trigger_controller_dag' retrieved from /home/airflow/.local/lib/python3.12/site-packages/airflow/example_dags/example_trigger_controller_dag.py
[2026-03-19T07:38:05.543+0000] {logging_mixin.py:188} INFO - [2026-03-19T07:38:05.543+0000] {dag.py:3096} INFO - Sync 1 DAGs
[2026-03-19T07:38:05.582+0000] {logging_mixin.py:188} INFO - [2026-03-19T07:38:05.581+0000] {dag.py:3954} INFO - Setting next_dagrun for example_trigger_controller_dag to 2021-01-01 00:00:00+00:00, run_after=2021-01-01 00:00:00+00:00
[2026-03-19T07:38:05.602+0000] {processor.py:183} INFO - Processing /home/airflow/.local/lib/python3.12/site-packages/airflow/example_dags/example_trigger_controller_dag.py took 0.090 seconds
[2026-03-19T07:48:56.964+0000] {processor.py:161} INFO - Started process (PID=36927) to work on /home/airflow/.local/lib/python3.12/site-packages/airflow/example_dags/example_trigger_controller_dag.py
[2026-03-19T07:48:56.965+0000] {processor.py:830} INFO - Processing file /home/airflow/.local/lib/python3.12/site-packages/airflow/example_dags/example_trigger_controller_dag.py for tasks to queue
[2026-03-19T07:48:56.965+0000] {logging_mixin.py:188} INFO - [2026-03-19T07:48:56.965+0000] {dagbag.py:545} INFO - Filling up the DagBag from /home/airflow/.local/lib/python3.12/site-packages/airflow/example_dags/example_trigger_controller_dag.py
[2026-03-19T07:48:56.968+0000] {processor.py:840} INFO - DAG(s) 'example_trigger_controller_dag' retrieved from /home/airflow/.local/lib/python3.12/site-packages/airflow/example_dags/example_trigger_controller_dag.py
[2026-03-19T07:48:56.985+0000] {logging_mixin.py:188} INFO - [2026-03-19T07:48:56.984+0000] {dag.py:3096} INFO - Sync 1 DAGs
[2026-03-19T07:48:57.005+0000] {logging_mixin.py:188} INFO - [2026-03-19T07:48:57.005+0000] {dag.py:3954} INFO - Setting next_dagrun for example_trigger_controller_dag to 2021-01-01 00:00:00+00:00, run_after=2021-01-01 00:00:00+00:00
[2026-03-19T07:48:57.019+0000] {processor.py:183} INFO - Processing /home/airflow/.local/lib/python3.12/site-packages/airflow/example_dags/example_trigger_controller_dag.py took 0.061 seconds
[2026-03-19T07:49:29.052+0000] {processor.py:161} INFO - Started process (PID=36986) to work on /home/airflow/.local/lib/python3.12/site-packages/airflow/example_dags/example_trigger_controller_dag.py
[2026-03-19T07:49:29.053+0000] {processor.py:830} INFO - Processing file /home/airflow/.local/lib/python3.12/site-packages/airflow/example_dags/example_trigger_controller_dag.py for tasks to queue
[2026-03-19T07:49:29.054+0000] {logging_mixin.py:188} INFO - [2026-03-19T07:49:29.053+0000] {dagbag.py:545} INFO - Filling up the DagBag from /home/airflow/.local/lib/python3.12/site-packages/airflow/example_dags/example_trigger_controller_dag.py
[2026-03-19T07:49:29.057+0000] {processor.py:840} INFO - DAG(s) 'example_trigger_controller_dag' retrieved from /home/airflow/.local/lib/python3.12/site-packages/airflow/example_dags/example_trigger_controller_dag.py
[2026-03-19T07:49:29.089+0000] {logging_mixin.py:188} INFO - [2026-03-19T07:49:29.089+0000] {dag.py:3096} INFO - Sync 1 DAGs
[2026-03-19T07:49:29.108+0000] {logging_mixin.py:188} INFO - [2026-03-19T07:49:29.108+0000] {dag.py:3954} INFO - Setting next_dagrun for example_trigger_controller_dag to 2021-01-01 00:00:00+00:00, run_after=2021-01-01 00:00:00+00:00
[2026-03-19T07:49:29.117+0000] {processor.py:183} INFO - Processing /home/airflow/.local/lib/python3.12/site-packages/airflow/example_dags/example_trigger_controller_dag.py took 0.070 seconds
[2026-03-19T07:50:00.950+0000] {processor.py:161} INFO - Started process (PID=37045) to work on /home/airflow/.local/lib/python3.12/site-packages/airflow/example_dags/example_trigger_controller_dag.py
[2026-03-19T07:50:00.951+0000] {processor.py:830} INFO - Processing file /home/airflow/.local/lib/python3.12/site-packages/airflow/example_dags/example_trigger_controller_dag.py for tasks to queue
[2026-03-19T07:50:00.952+0000] {logging_mixin.py:188} INFO - [2026-03-19T07:50:00.952+0000] {dagbag.py:545} INFO - Filling up the DagBag from /home/airflow/.local/lib/python3.12/site-packages/airflow/example_dags/example_trigger_controller_dag.py
[2026-03-19T07:50:00.963+0000] {processor.py:840} INFO - DAG(s) 'example_trigger_controller_dag' retrieved from /home/airflow/.local/lib/python3.12/site-packages/airflow/example_dags/example_trigger_controller_dag.py
[2026-03-19T07:50:00.986+0000] {logging_mixin.py:188} INFO - [2026-03-19T07:50:00.986+0000] {dag.py:3096} INFO - Sync 1 DAGs
[2026-03-19T07:50:01.001+0000] {logging_mixin.py:188} INFO - [2026-03-19T07:50:01.001+0000] {dag.py:3954} INFO - Setting next_dagrun for example_trigger_controller_dag to 2021-01-01 00:00:00+00:00, run_after=2021-01-01 00:00:00+00:00
[2026-03-19T07:50:01.022+0000] {processor.py:183} INFO - Processing /home/airflow/.local/lib/python3.12/site-packages/airflow/example_dags/example_trigger_controller_dag.py took 0.076 seconds
[2026-03-19T07:50:31.743+0000] {processor.py:161} INFO - Started process (PID=37104) to work on /home/airflow/.local/lib/python3.12/site-packages/airflow/example_dags/example_trigger_controller_dag.py
[2026-03-19T07:50:31.746+0000] {processor.py:830} INFO - Processing file /home/airflow/.local/lib/python3.12/site-packages/airflow/example_dags/example_trigger_controller_dag.py for tasks to queue
[2026-03-19T07:50:31.746+0000] {logging_mixin.py:188} INFO - [2026-03-19T07:50:31.746+0000] {dagbag.py:545} INFO - Filling up the DagBag from /home/airflow/.local/lib/python3.12/site-packages/airflow/example_dags/example_trigger_controller_dag.py
[2026-03-19T07:50:31.749+0000] {processor.py:840} INFO - DAG(s) 'example_trigger_controller_dag' retrieved from /home/airflow/.local/lib/python3.12/site-packages/airflow/example_dags/example_trigger_controller_dag.py
[2026-03-19T07:50:31.762+0000] {logging_mixin.py:188} INFO - [2026-03-19T07:50:31.762+0000] {dag.py:3096} INFO - Sync 1 DAGs
[2026-03-19T07:50:31.777+0000] {logging_mixin.py:188} INFO - [2026-03-19T07:50:31.777+0000] {dag.py:3954} INFO - Setting next_dagrun for example_trigger_controller_dag to 2021-01-01 00:00:00+00:00, run_after=2021-01-01 00:00:00+00:00
[2026-03-19T07:50:31.791+0000] {processor.py:183} INFO - Processing /home/airflow/.local/lib/python3.12/site-packages/airflow/example_dags/example_trigger_controller_dag.py took 0.052 seconds
[2026-03-19T07:51:02.748+0000] {processor.py:161} INFO - Started process (PID=37163) to work on /home/airflow/.local/lib/python3.12/site-packages/airflow/example_dags/example_trigger_controller_dag.py
[2026-03-19T07:51:02.749+0000] {processor.py:830} INFO - Processing file /home/airflow/.local/lib/python3.12/site-packages/airflow/example_dags/example_trigger_controller_dag.py for tasks to queue
[2026-03-19T07:51:02.751+0000] {logging_mixin.py:188} INFO - [2026-03-19T07:51:02.750+0000] {dagbag.py:545} INFO - Filling up the DagBag from /home/airflow/.local/lib/python3.12/site-packages/airflow/example_dags/example_trigger_controller_dag.py
[2026-03-19T07:51:02.756+0000] {processor.py:840} INFO - DAG(s) 'example_trigger_controller_dag' retrieved from /home/airflow/.local/lib/python3.12/site-packages/airflow/example_dags/example_trigger_controller_dag.py
[2026-03-19T07:51:02.775+0000] {logging_mixin.py:188} INFO - [2026-03-19T07:51:02.774+0000] {dag.py:3096} INFO - Sync 1 DAGs
[2026-03-19T07:51:02.788+0000] {logging_mixin.py:188} INFO - [2026-03-19T07:51:02.788+0000] {dag.py:3954} INFO - Setting next_dagrun for example_trigger_controller_dag to 2021-01-01 00:00:00+00:00, run_after=2021-01-01 00:00:00+00:00
[2026-03-19T07:51:02.798+0000] {processor.py:183} INFO - Processing /home/airflow/.local/lib/python3.12/site-packages/airflow/example_dags/example_trigger_controller_dag.py took 0.055 seconds
[2026-03-19T07:51:34.698+0000] {processor.py:161} INFO - Started process (PID=37222) to work on /home/airflow/.local/lib/python3.12/site-packages/airflow/example_dags/example_trigger_controller_dag.py
[2026-03-19T07:51:34.699+0000] {processor.py:830} INFO - Processing file /home/airflow/.local/lib/python3.12/site-packages/airflow/example_dags/example_trigger_controller_dag.py for tasks to queue
[2026-03-19T07:51:34.700+0000] {logging_mixin.py:188} INFO - [2026-03-19T07:51:34.700+0000] {dagbag.py:545} INFO - Filling up the DagBag from /home/airflow/.local/lib/python3.12/site-packages/airflow/example_dags/example_trigger_controller_dag.py
[2026-03-19T07:51:34.705+0000] {processor.py:840} INFO - DAG(s) 'example_trigger_controller_dag' retrieved from /home/airflow/.local/lib/python3.12/site-packages/airflow/example_dags/example_trigger_controller_dag.py
[2026-03-19T07:51:34.732+0000] {logging_mixin.py:188} INFO - [2026-03-19T07:51:34.731+0000] {dag.py:3096} INFO - Sync 1 DAGs
[2026-03-19T07:51:34.756+0000] {logging_mixin.py:188} INFO - [2026-03-19T07:51:34.756+0000] {dag.py:3954} INFO - Setting next_dagrun for example_trigger_controller_dag to 2021-01-01 00:00:00+00:00, run_after=2021-01-01 00:00:00+00:00
[2026-03-19T07:51:34.778+0000] {processor.py:183} INFO - Processing /home/airflow/.local/lib/python3.12/site-packages/airflow/example_dags/example_trigger_controller_dag.py took 0.085 seconds
[2026-03-19T07:52:05.110+0000] {processor.py:161} INFO - Started process (PID=37281) to work on /home/airflow/.local/lib/python3.12/site-packages/airflow/example_dags/example_trigger_controller_dag.py
[2026-03-19T07:52:05.113+0000] {processor.py:830} INFO - Processing file /home/airflow/.local/lib/python3.12/site-packages/airflow/example_dags/example_trigger_controller_dag.py for tasks to queue
[2026-03-19T07:52:05.114+0000] {logging_mixin.py:188} INFO - [2026-03-19T07:52:05.114+0000] {dagbag.py:545} INFO - Filling up the DagBag from /home/airflow/.local/lib/python3.12/site-packages/airflow/example_dags/example_trigger_controller_dag.py
[2026-03-19T07:52:05.117+0000] {processor.py:840} INFO - DAG(s) 'example_trigger_controller_dag' retrieved from /home/airflow/.local/lib/python3.12/site-packages/airflow/example_dags/example_trigger_controller_dag.py
[2026-03-19T07:52:05.132+0000] {logging_mixin.py:188} INFO - [2026-03-19T07:52:05.132+0000] {dag.py:3096} INFO - Sync 1 DAGs
[2026-03-19T07:52:05.143+0000] {logging_mixin.py:188} INFO - [2026-03-19T07:52:05.143+0000] {dag.py:3954} INFO - Setting next_dagrun for example_trigger_controller_dag to 2021-01-01 00:00:00+00:00, run_after=2021-01-01 00:00:00+00:00
[2026-03-19T07:52:05.156+0000] {processor.py:183} INFO - Processing /home/airflow/.local/lib/python3.12/site-packages/airflow/example_dags/example_trigger_controller_dag.py took 0.052 seconds
[2026-03-19T07:52:36.032+0000] {processor.py:161} INFO - Started process (PID=37340) to work on /home/airflow/.local/lib/python3.12/site-packages/airflow/example_dags/example_trigger_controller_dag.py
[2026-03-19T07:52:36.033+0000] {processor.py:830} INFO - Processing file /home/airflow/.local/lib/python3.12/site-packages/airflow/example_dags/example_trigger_controller_dag.py for tasks to queue
[2026-03-19T07:52:36.034+0000] {logging_mixin.py:188} INFO - [2026-03-19T07:52:36.034+0000] {dagbag.py:545} INFO - Filling up the DagBag from /home/airflow/.local/lib/python3.12/site-packages/airflow/example_dags/example_trigger_controller_dag.py
[2026-03-19T07:52:36.037+0000] {processor.py:840} INFO - DAG(s) 'example_trigger_controller_dag' retrieved from /home/airflow/.local/lib/python3.12/site-packages/airflow/example_dags/example_trigger_controller_dag.py
[2026-03-19T07:52:36.052+0000] {logging_mixin.py:188} INFO - [2026-03-19T07:52:36.052+0000] {dag.py:3096} INFO - Sync 1 DAGs
[2026-03-19T07:52:36.063+0000] {logging_mixin.py:188} INFO - [2026-03-19T07:52:36.063+0000] {dag.py:3954} INFO - Setting next_dagrun for example_trigger_controller_dag to 2021-01-01 00:00:00+00:00, run_after=2021-01-01 00:00:00+00:00
[2026-03-19T07:52:36.072+0000] {processor.py:183} INFO - Processing /home/airflow/.local/lib/python3.12/site-packages/airflow/example_dags/example_trigger_controller_dag.py took 0.042 seconds
[2026-03-19T07:53:06.717+0000] {processor.py:161} INFO - Started process (PID=37399) to work on /home/airflow/.local/lib/python3.12/site-packages/airflow/example_dags/example_trigger_controller_dag.py
[2026-03-19T07:53:06.718+0000] {processor.py:830} INFO - Processing file /home/airflow/.local/lib/python3.12/site-packages/airflow/example_dags/example_trigger_controller_dag.py for tasks to queue
[2026-03-19T07:53:06.719+0000] {logging_mixin.py:188} INFO - [2026-03-19T07:53:06.718+0000] {dagbag.py:545} INFO - Filling up the DagBag from /home/airflow/.local/lib/python3.12/site-packages/airflow/example_dags/example_trigger_controller_dag.py
[2026-03-19T07:53:06.722+0000] {processor.py:840} INFO - DAG(s) 'example_trigger_controller_dag' retrieved from /home/airflow/.local/lib/python3.12/site-packages/airflow/example_dags/example_trigger_controller_dag.py
[2026-03-19T07:53:06.734+0000] {logging_mixin.py:188} INFO - [2026-03-19T07:53:06.733+0000] {dag.py:3096} INFO - Sync 1 DAGs
[2026-03-19T07:53:06.744+0000] {logging_mixin.py:188} INFO - [2026-03-19T07:53:06.744+0000] {dag.py:3954} INFO - Setting next_dagrun for example_trigger_controller_dag to 2021-01-01 00:00:00+00:00, run_after=2021-01-01 00:00:00+00:00
[2026-03-19T07:53:06.753+0000] {processor.py:183} INFO - Processing /home/airflow/.local/lib/python3.12/site-packages/airflow/example_dags/example_trigger_controller_dag.py took 0.041 seconds
[2026-03-19T07:53:37.182+0000] {processor.py:161} INFO - Started process (PID=37458) to work on /home/airflow/.local/lib/python3.12/site-packages/airflow/example_dags/example_trigger_controller_dag.py
[2026-03-19T07:53:37.184+0000] {processor.py:830} INFO - Processing file /home/airflow/.local/lib/python3.12/site-packages/airflow/example_dags/example_trigger_controller_dag.py for tasks to queue
[2026-03-19T07:53:37.185+0000] {logging_mixin.py:188} INFO - [2026-03-19T07:53:37.184+0000] {dagbag.py:545} INFO - Filling up the DagBag from /home/airflow/.local/lib/python3.12/site-packages/airflow/example_dags/example_trigger_controller_dag.py
[2026-03-19T07:53:37.188+0000] {processor.py:840} INFO - DAG(s) 'example_trigger_controller_dag' retrieved from /home/airflow/.local/lib/python3.12/site-packages/airflow/example_dags/example_trigger_controller_dag.py
[2026-03-19T07:53:37.203+0000] {logging_mixin.py:188} INFO - [2026-03-19T07:53:37.203+0000] {dag.py:3096} INFO - Sync 1 DAGs
[2026-03-19T07:53:37.219+0000] {logging_mixin.py:188} INFO - [2026-03-19T07:53:37.219+0000] {dag.py:3954} INFO - Setting next_dagrun for example_trigger_controller_dag to 2021-01-01 00:00:00+00:00, run_after=2021-01-01 00:00:00+00:00
[2026-03-19T07:53:37.243+0000] {processor.py:183} INFO - Processing /home/airflow/.local/lib/python3.12/site-packages/airflow/example_dags/example_trigger_controller_dag.py took 0.066 seconds
[2026-03-19T07:54:07.530+0000] {processor.py:161} INFO - Started process (PID=37517) to work on /home/airflow/.local/lib/python3.12/site-packages/airflow/example_dags/example_trigger_controller_dag.py
[2026-03-19T07:54:07.531+0000] {processor.py:830} INFO - Processing file /home/airflow/.local/lib/python3.12/site-packages/airflow/example_dags/example_trigger_controller_dag.py for tasks to queue
[2026-03-19T07:54:07.532+0000] {logging_mixin.py:188} INFO - [2026-03-19T07:54:07.531+0000] {dagbag.py:545} INFO - Filling up the DagBag from /home/airflow/.local/lib/python3.12/site-packages/airflow/example_dags/example_trigger_controller_dag.py
[2026-03-19T07:54:07.534+0000] {processor.py:840} INFO - DAG(s) 'example_trigger_controller_dag' retrieved from /home/airflow/.local/lib/python3.12/site-packages/airflow/example_dags/example_trigger_controller_dag.py
[2026-03-19T07:54:07.544+0000] {logging_mixin.py:188} INFO - [2026-03-19T07:54:07.544+0000] {dag.py:3096} INFO - Sync 1 DAGs
[2026-03-19T07:54:07.555+0000] {logging_mixin.py:188} INFO - [2026-03-19T07:54:07.555+0000] {dag.py:3954} INFO - Setting next_dagrun for example_trigger_controller_dag to 2021-01-01 00:00:00+00:00, run_after=2021-01-01 00:00:00+00:00
[2026-03-19T07:54:07.563+0000] {processor.py:183} INFO - Processing /home/airflow/.local/lib/python3.12/site-packages/airflow/example_dags/example_trigger_controller_dag.py took 0.036 seconds
[2026-03-19T07:54:37.852+0000] {processor.py:161} INFO - Started process (PID=37576) to work on /home/airflow/.local/lib/python3.12/site-packages/airflow/example_dags/example_trigger_controller_dag.py
[2026-03-19T07:54:37.854+0000] {processor.py:830} INFO - Processing file /home/airflow/.local/lib/python3.12/site-packages/airflow/example_dags/example_trigger_controller_dag.py for tasks to queue
[2026-03-19T07:54:37.855+0000] {logging_mixin.py:188} INFO - [2026-03-19T07:54:37.855+0000] {dagbag.py:545} INFO - Filling up the DagBag from /home/airflow/.local/lib/python3.12/site-packages/airflow/example_dags/example_trigger_controller_dag.py
[2026-03-19T07:54:37.858+0000] {processor.py:840} INFO - DAG(s) 'example_trigger_controller_dag' retrieved from /home/airflow/.local/lib/python3.12/site-packages/airflow/example_dags/example_trigger_controller_dag.py
[2026-03-19T07:54:37.875+0000] {logging_mixin.py:188} INFO - [2026-03-19T07:54:37.875+0000] {dag.py:3096} INFO - Sync 1 DAGs
[2026-03-19T07:54:37.889+0000] {logging_mixin.py:188} INFO - [2026-03-19T07:54:37.888+0000] {dag.py:3954} INFO - Setting next_dagrun for example_trigger_controller_dag to 2021-01-01 00:00:00+00:00, run_after=2021-01-01 00:00:00+00:00
[2026-03-19T07:54:37.898+0000] {processor.py:183} INFO - Processing /home/airflow/.local/lib/python3.12/site-packages/airflow/example_dags/example_trigger_controller_dag.py took 0.050 seconds
[2026-03-19T07:55:08.253+0000] {processor.py:161} INFO - Started process (PID=37635) to work on /home/airflow/.local/lib/python3.12/site-packages/airflow/example_dags/example_trigger_controller_dag.py
[2026-03-19T07:55:08.254+0000] {processor.py:830} INFO - Processing file /home/airflow/.local/lib/python3.12/site-packages/airflow/example_dags/example_trigger_controller_dag.py for tasks to queue
[2026-03-19T07:55:08.255+0000] {logging_mixin.py:188} INFO - [2026-03-19T07:55:08.255+0000] {dagbag.py:545} INFO - Filling up the DagBag from /home/airflow/.local/lib/python3.12/site-packages/airflow/example_dags/example_trigger_controller_dag.py
[2026-03-19T07:55:08.258+0000] {processor.py:840} INFO - DAG(s) 'example_trigger_controller_dag' retrieved from /home/airflow/.local/lib/python3.12/site-packages/airflow/example_dags/example_trigger_controller_dag.py
[2026-03-19T07:55:08.277+0000] {logging_mixin.py:188} INFO - [2026-03-19T07:55:08.277+0000] {dag.py:3096} INFO - Sync 1 DAGs
[2026-03-19T07:55:08.291+0000] {logging_mixin.py:188} INFO - [2026-03-19T07:55:08.291+0000] {dag.py:3954} INFO - Setting next_dagrun for example_trigger_controller_dag to 2021-01-01 00:00:00+00:00, run_after=2021-01-01 00:00:00+00:00
[2026-03-19T07:55:08.309+0000] {processor.py:183} INFO - Processing /home/airflow/.local/lib/python3.12/site-packages/airflow/example_dags/example_trigger_controller_dag.py took 0.061 seconds
[2026-03-19T07:55:39.020+0000] {processor.py:161} INFO - Started process (PID=37694) to work on /home/airflow/.local/lib/python3.12/site-packages/airflow/example_dags/example_trigger_controller_dag.py
[2026-03-19T07:55:39.022+0000] {processor.py:830} INFO - Processing file /home/airflow/.local/lib/python3.12/site-packages/airflow/example_dags/example_trigger_controller_dag.py for tasks to queue
[2026-03-19T07:55:39.023+0000] {logging_mixin.py:188} INFO - [2026-03-19T07:55:39.022+0000] {dagbag.py:545} INFO - Filling up the DagBag from /home/airflow/.local/lib/python3.12/site-packages/airflow/example_dags/example_trigger_controller_dag.py
[2026-03-19T07:55:39.026+0000] {processor.py:840} INFO - DAG(s) 'example_trigger_controller_dag' retrieved from /home/airflow/.local/lib/python3.12/site-packages/airflow/example_dags/example_trigger_controller_dag.py
[2026-03-19T07:55:39.038+0000] {logging_mixin.py:188} INFO - [2026-03-19T07:55:39.037+0000] {dag.py:3096} INFO - Sync 1 DAGs
[2026-03-19T07:55:39.051+0000] {logging_mixin.py:188} INFO - [2026-03-19T07:55:39.051+0000] {dag.py:3954} INFO - Setting next_dagrun for example_trigger_controller_dag to 2021-01-01 00:00:00+00:00, run_after=2021-01-01 00:00:00+00:00
[2026-03-19T07:55:39.062+0000] {processor.py:183} INFO - Processing /home/airflow/.local/lib/python3.12/site-packages/airflow/example_dags/example_trigger_controller_dag.py took 0.046 seconds
[2026-03-19T07:56:09.840+0000] {processor.py:161} INFO - Started process (PID=37753) to work on /home/airflow/.local/lib/python3.12/site-packages/airflow/example_dags/example_trigger_controller_dag.py
[2026-03-19T07:56:09.842+0000] {processor.py:830} INFO - Processing file /home/airflow/.local/lib/python3.12/site-packages/airflow/example_dags/example_trigger_controller_dag.py for tasks to queue
[2026-03-19T07:56:09.847+0000] {logging_mixin.py:188} INFO - [2026-03-19T07:56:09.846+0000] {dagbag.py:545} INFO - Filling up the DagBag from /home/airflow/.local/lib/python3.12/site-packages/airflow/example_dags/example_trigger_controller_dag.py
[2026-03-19T07:56:09.855+0000] {processor.py:840} INFO - DAG(s) 'example_trigger_controller_dag' retrieved from /home/airflow/.local/lib/python3.12/site-packages/airflow/example_dags/example_trigger_controller_dag.py
[2026-03-19T07:56:09.883+0000] {logging_mixin.py:188} INFO - [2026-03-19T07:56:09.883+0000] {dag.py:3096} INFO - Sync 1 DAGs
[2026-03-19T07:56:09.899+0000] {logging_mixin.py:188} INFO - [2026-03-19T07:56:09.898+0000] {dag.py:3954} INFO - Setting next_dagrun for example_trigger_controller_dag to 2021-01-01 00:00:00+00:00, run_after=2021-01-01 00:00:00+00:00
[2026-03-19T07:56:09.912+0000] {processor.py:183} INFO - Processing /home/airflow/.local/lib/python3.12/site-packages/airflow/example_dags/example_trigger_controller_dag.py took 0.082 seconds
