[2026-03-19T00:12:43.510+0000] {processor.py:161} INFO - Started process (PID=35671) to work on /home/airflow/.local/lib/python3.12/site-packages/airflow/example_dags/example_latest_only.py
[2026-03-19T00:12:43.510+0000] {processor.py:830} INFO - Processing file /home/airflow/.local/lib/python3.12/site-packages/airflow/example_dags/example_latest_only.py for tasks to queue
[2026-03-19T00:12:43.511+0000] {logging_mixin.py:188} INFO - [2026-03-19T00:12:43.511+0000] {dagbag.py:545} INFO - Filling up the DagBag from /home/airflow/.local/lib/python3.12/site-packages/airflow/example_dags/example_latest_only.py
[2026-03-19T00:12:43.514+0000] {processor.py:840} INFO - DAG(s) 'latest_only' retrieved from /home/airflow/.local/lib/python3.12/site-packages/airflow/example_dags/example_latest_only.py
[2026-03-19T00:12:43.533+0000] {logging_mixin.py:188} INFO - [2026-03-19T00:12:43.533+0000] {dag.py:3096} INFO - Sync 1 DAGs
[2026-03-19T00:12:43.544+0000] {logging_mixin.py:188} INFO - [2026-03-19T00:12:43.544+0000] {dag.py:3954} INFO - Setting next_dagrun for latest_only to 2026-03-18 20:00:00+00:00, run_after=2026-03-19 00:00:00+00:00
[2026-03-19T00:12:43.555+0000] {processor.py:183} INFO - Processing /home/airflow/.local/lib/python3.12/site-packages/airflow/example_dags/example_latest_only.py took 0.049 seconds
[2026-03-19T00:46:42.235+0000] {processor.py:161} INFO - Started process (PID=35730) to work on /home/airflow/.local/lib/python3.12/site-packages/airflow/example_dags/example_latest_only.py
[2026-03-19T00:46:42.242+0000] {processor.py:830} INFO - Processing file /home/airflow/.local/lib/python3.12/site-packages/airflow/example_dags/example_latest_only.py for tasks to queue
[2026-03-19T00:46:42.249+0000] {logging_mixin.py:188} INFO - [2026-03-19T00:46:42.249+0000] {dagbag.py:545} INFO - Filling up the DagBag from /home/airflow/.local/lib/python3.12/site-packages/airflow/example_dags/example_latest_only.py
[2026-03-19T00:46:42.287+0000] {processor.py:840} INFO - DAG(s) 'latest_only' retrieved from /home/airflow/.local/lib/python3.12/site-packages/airflow/example_dags/example_latest_only.py
[2026-03-19T00:46:42.396+0000] {logging_mixin.py:188} INFO - [2026-03-19T00:46:42.395+0000] {dag.py:3096} INFO - Sync 1 DAGs
[2026-03-19T00:46:42.442+0000] {logging_mixin.py:188} INFO - [2026-03-19T00:46:42.442+0000] {dag.py:3954} INFO - Setting next_dagrun for latest_only to 2026-03-18 20:00:00+00:00, run_after=2026-03-19 00:00:00+00:00
[2026-03-19T00:46:42.509+0000] {processor.py:183} INFO - Processing /home/airflow/.local/lib/python3.12/site-packages/airflow/example_dags/example_latest_only.py took 0.292 seconds
[2026-03-19T01:13:41.133+0000] {processor.py:161} INFO - Started process (PID=35797) to work on /home/airflow/.local/lib/python3.12/site-packages/airflow/example_dags/example_latest_only.py
[2026-03-19T01:13:41.137+0000] {processor.py:830} INFO - Processing file /home/airflow/.local/lib/python3.12/site-packages/airflow/example_dags/example_latest_only.py for tasks to queue
[2026-03-19T01:13:41.145+0000] {logging_mixin.py:188} INFO - [2026-03-19T01:13:41.143+0000] {dagbag.py:545} INFO - Filling up the DagBag from /home/airflow/.local/lib/python3.12/site-packages/airflow/example_dags/example_latest_only.py
[2026-03-19T01:13:41.156+0000] {processor.py:840} INFO - DAG(s) 'latest_only' retrieved from /home/airflow/.local/lib/python3.12/site-packages/airflow/example_dags/example_latest_only.py
[2026-03-19T01:13:41.196+0000] {logging_mixin.py:188} INFO - [2026-03-19T01:13:41.196+0000] {dag.py:3096} INFO - Sync 1 DAGs
[2026-03-19T01:13:41.233+0000] {logging_mixin.py:188} INFO - [2026-03-19T01:13:41.232+0000] {dag.py:3954} INFO - Setting next_dagrun for latest_only to 2026-03-18 20:00:00+00:00, run_after=2026-03-19 00:00:00+00:00
[2026-03-19T01:13:41.543+0000] {processor.py:183} INFO - Processing /home/airflow/.local/lib/python3.12/site-packages/airflow/example_dags/example_latest_only.py took 0.432 seconds
[2026-03-19T01:30:56.164+0000] {processor.py:161} INFO - Started process (PID=35864) to work on /home/airflow/.local/lib/python3.12/site-packages/airflow/example_dags/example_latest_only.py
[2026-03-19T01:30:56.167+0000] {processor.py:830} INFO - Processing file /home/airflow/.local/lib/python3.12/site-packages/airflow/example_dags/example_latest_only.py for tasks to queue
[2026-03-19T01:30:56.170+0000] {logging_mixin.py:188} INFO - [2026-03-19T01:30:56.170+0000] {dagbag.py:545} INFO - Filling up the DagBag from /home/airflow/.local/lib/python3.12/site-packages/airflow/example_dags/example_latest_only.py
[2026-03-19T01:30:56.179+0000] {processor.py:840} INFO - DAG(s) 'latest_only' retrieved from /home/airflow/.local/lib/python3.12/site-packages/airflow/example_dags/example_latest_only.py
[2026-03-19T01:30:56.211+0000] {logging_mixin.py:188} INFO - [2026-03-19T01:30:56.211+0000] {dag.py:3096} INFO - Sync 1 DAGs
[2026-03-19T01:30:56.243+0000] {logging_mixin.py:188} INFO - [2026-03-19T01:30:56.243+0000] {dag.py:3954} INFO - Setting next_dagrun for latest_only to 2026-03-18 20:00:00+00:00, run_after=2026-03-19 00:00:00+00:00
[2026-03-19T01:30:56.269+0000] {processor.py:183} INFO - Processing /home/airflow/.local/lib/python3.12/site-packages/airflow/example_dags/example_latest_only.py took 0.114 seconds
[2026-03-19T02:15:00.441+0000] {processor.py:161} INFO - Started process (PID=35928) to work on /home/airflow/.local/lib/python3.12/site-packages/airflow/example_dags/example_latest_only.py
[2026-03-19T02:15:00.449+0000] {processor.py:830} INFO - Processing file /home/airflow/.local/lib/python3.12/site-packages/airflow/example_dags/example_latest_only.py for tasks to queue
[2026-03-19T02:15:00.457+0000] {logging_mixin.py:188} INFO - [2026-03-19T02:15:00.455+0000] {dagbag.py:545} INFO - Filling up the DagBag from /home/airflow/.local/lib/python3.12/site-packages/airflow/example_dags/example_latest_only.py
[2026-03-19T02:15:00.499+0000] {processor.py:840} INFO - DAG(s) 'latest_only' retrieved from /home/airflow/.local/lib/python3.12/site-packages/airflow/example_dags/example_latest_only.py
[2026-03-19T02:15:00.633+0000] {logging_mixin.py:188} INFO - [2026-03-19T02:15:00.628+0000] {dag.py:3096} INFO - Sync 1 DAGs
[2026-03-19T02:15:00.735+0000] {logging_mixin.py:188} INFO - [2026-03-19T02:15:00.734+0000] {dag.py:3954} INFO - Setting next_dagrun for latest_only to 2026-03-18 20:00:00+00:00, run_after=2026-03-19 00:00:00+00:00
[2026-03-19T02:15:00.826+0000] {processor.py:183} INFO - Processing /home/airflow/.local/lib/python3.12/site-packages/airflow/example_dags/example_latest_only.py took 0.413 seconds
[2026-03-19T02:15:31.400+0000] {processor.py:161} INFO - Started process (PID=35995) to work on /home/airflow/.local/lib/python3.12/site-packages/airflow/example_dags/example_latest_only.py
[2026-03-19T02:15:31.406+0000] {processor.py:830} INFO - Processing file /home/airflow/.local/lib/python3.12/site-packages/airflow/example_dags/example_latest_only.py for tasks to queue
[2026-03-19T02:15:31.414+0000] {logging_mixin.py:188} INFO - [2026-03-19T02:15:31.410+0000] {dagbag.py:545} INFO - Filling up the DagBag from /home/airflow/.local/lib/python3.12/site-packages/airflow/example_dags/example_latest_only.py
[2026-03-19T02:15:31.467+0000] {processor.py:840} INFO - DAG(s) 'latest_only' retrieved from /home/airflow/.local/lib/python3.12/site-packages/airflow/example_dags/example_latest_only.py
[2026-03-19T02:15:31.550+0000] {logging_mixin.py:188} INFO - [2026-03-19T02:15:31.548+0000] {dag.py:3096} INFO - Sync 1 DAGs
[2026-03-19T02:15:31.607+0000] {logging_mixin.py:188} INFO - [2026-03-19T02:15:31.606+0000] {dag.py:3954} INFO - Setting next_dagrun for latest_only to 2026-03-18 20:00:00+00:00, run_after=2026-03-19 00:00:00+00:00
[2026-03-19T02:15:31.656+0000] {processor.py:183} INFO - Processing /home/airflow/.local/lib/python3.12/site-packages/airflow/example_dags/example_latest_only.py took 0.281 seconds
[2026-03-19T03:06:03.149+0000] {processor.py:161} INFO - Started process (PID=36014) to work on /home/airflow/.local/lib/python3.12/site-packages/airflow/example_dags/example_latest_only.py
[2026-03-19T03:06:03.152+0000] {processor.py:830} INFO - Processing file /home/airflow/.local/lib/python3.12/site-packages/airflow/example_dags/example_latest_only.py for tasks to queue
[2026-03-19T03:06:03.158+0000] {logging_mixin.py:188} INFO - [2026-03-19T03:06:03.157+0000] {dagbag.py:545} INFO - Filling up the DagBag from /home/airflow/.local/lib/python3.12/site-packages/airflow/example_dags/example_latest_only.py
[2026-03-19T03:06:03.164+0000] {processor.py:840} INFO - DAG(s) 'latest_only' retrieved from /home/airflow/.local/lib/python3.12/site-packages/airflow/example_dags/example_latest_only.py
[2026-03-19T03:06:03.231+0000] {logging_mixin.py:188} INFO - [2026-03-19T03:06:03.230+0000] {dag.py:3096} INFO - Sync 1 DAGs
[2026-03-19T03:06:03.283+0000] {logging_mixin.py:188} INFO - [2026-03-19T03:06:03.283+0000] {dag.py:3954} INFO - Setting next_dagrun for latest_only to 2026-03-18 20:00:00+00:00, run_after=2026-03-19 00:00:00+00:00
[2026-03-19T03:06:03.320+0000] {processor.py:183} INFO - Processing /home/airflow/.local/lib/python3.12/site-packages/airflow/example_dags/example_latest_only.py took 0.180 seconds
[2026-03-19T03:06:34.051+0000] {processor.py:161} INFO - Started process (PID=36085) to work on /home/airflow/.local/lib/python3.12/site-packages/airflow/example_dags/example_latest_only.py
[2026-03-19T03:06:34.052+0000] {processor.py:830} INFO - Processing file /home/airflow/.local/lib/python3.12/site-packages/airflow/example_dags/example_latest_only.py for tasks to queue
[2026-03-19T03:06:34.053+0000] {logging_mixin.py:188} INFO - [2026-03-19T03:06:34.052+0000] {dagbag.py:545} INFO - Filling up the DagBag from /home/airflow/.local/lib/python3.12/site-packages/airflow/example_dags/example_latest_only.py
[2026-03-19T03:06:34.062+0000] {processor.py:840} INFO - DAG(s) 'latest_only' retrieved from /home/airflow/.local/lib/python3.12/site-packages/airflow/example_dags/example_latest_only.py
[2026-03-19T03:06:34.074+0000] {logging_mixin.py:188} INFO - [2026-03-19T03:06:34.074+0000] {dag.py:3096} INFO - Sync 1 DAGs
[2026-03-19T03:06:34.086+0000] {logging_mixin.py:188} INFO - [2026-03-19T03:06:34.086+0000] {dag.py:3954} INFO - Setting next_dagrun for latest_only to 2026-03-18 20:00:00+00:00, run_after=2026-03-19 00:00:00+00:00
[2026-03-19T03:06:34.095+0000] {processor.py:183} INFO - Processing /home/airflow/.local/lib/python3.12/site-packages/airflow/example_dags/example_latest_only.py took 0.048 seconds
[2026-03-19T03:15:41.292+0000] {processor.py:161} INFO - Started process (PID=36144) to work on /home/airflow/.local/lib/python3.12/site-packages/airflow/example_dags/example_latest_only.py
[2026-03-19T03:15:41.293+0000] {processor.py:830} INFO - Processing file /home/airflow/.local/lib/python3.12/site-packages/airflow/example_dags/example_latest_only.py for tasks to queue
[2026-03-19T03:15:41.295+0000] {logging_mixin.py:188} INFO - [2026-03-19T03:15:41.294+0000] {dagbag.py:545} INFO - Filling up the DagBag from /home/airflow/.local/lib/python3.12/site-packages/airflow/example_dags/example_latest_only.py
[2026-03-19T03:15:41.299+0000] {processor.py:840} INFO - DAG(s) 'latest_only' retrieved from /home/airflow/.local/lib/python3.12/site-packages/airflow/example_dags/example_latest_only.py
[2026-03-19T03:15:41.312+0000] {logging_mixin.py:188} INFO - [2026-03-19T03:15:41.312+0000] {dag.py:3096} INFO - Sync 1 DAGs
[2026-03-19T03:15:41.327+0000] {logging_mixin.py:188} INFO - [2026-03-19T03:15:41.327+0000] {dag.py:3954} INFO - Setting next_dagrun for latest_only to 2026-03-18 20:00:00+00:00, run_after=2026-03-19 00:00:00+00:00
[2026-03-19T03:15:41.343+0000] {processor.py:183} INFO - Processing /home/airflow/.local/lib/python3.12/site-packages/airflow/example_dags/example_latest_only.py took 0.057 seconds
[2026-03-19T03:31:55.485+0000] {processor.py:161} INFO - Started process (PID=36203) to work on /home/airflow/.local/lib/python3.12/site-packages/airflow/example_dags/example_latest_only.py
[2026-03-19T03:31:55.488+0000] {processor.py:830} INFO - Processing file /home/airflow/.local/lib/python3.12/site-packages/airflow/example_dags/example_latest_only.py for tasks to queue
[2026-03-19T03:31:55.490+0000] {logging_mixin.py:188} INFO - [2026-03-19T03:31:55.489+0000] {dagbag.py:545} INFO - Filling up the DagBag from /home/airflow/.local/lib/python3.12/site-packages/airflow/example_dags/example_latest_only.py
[2026-03-19T03:31:55.507+0000] {processor.py:840} INFO - DAG(s) 'latest_only' retrieved from /home/airflow/.local/lib/python3.12/site-packages/airflow/example_dags/example_latest_only.py
[2026-03-19T03:31:55.569+0000] {logging_mixin.py:188} INFO - [2026-03-19T03:31:55.568+0000] {dag.py:3096} INFO - Sync 1 DAGs
[2026-03-19T03:31:55.633+0000] {logging_mixin.py:188} INFO - [2026-03-19T03:31:55.632+0000] {dag.py:3954} INFO - Setting next_dagrun for latest_only to 2026-03-18 20:00:00+00:00, run_after=2026-03-19 00:00:00+00:00
[2026-03-19T03:31:55.682+0000] {processor.py:183} INFO - Processing /home/airflow/.local/lib/python3.12/site-packages/airflow/example_dags/example_latest_only.py took 0.205 seconds
[2026-03-19T04:16:39.317+0000] {processor.py:161} INFO - Started process (PID=36270) to work on /home/airflow/.local/lib/python3.12/site-packages/airflow/example_dags/example_latest_only.py
[2026-03-19T04:16:39.322+0000] {processor.py:830} INFO - Processing file /home/airflow/.local/lib/python3.12/site-packages/airflow/example_dags/example_latest_only.py for tasks to queue
[2026-03-19T04:16:39.326+0000] {logging_mixin.py:188} INFO - [2026-03-19T04:16:39.326+0000] {dagbag.py:545} INFO - Filling up the DagBag from /home/airflow/.local/lib/python3.12/site-packages/airflow/example_dags/example_latest_only.py
[2026-03-19T04:16:39.333+0000] {processor.py:840} INFO - DAG(s) 'latest_only' retrieved from /home/airflow/.local/lib/python3.12/site-packages/airflow/example_dags/example_latest_only.py
[2026-03-19T04:16:39.392+0000] {logging_mixin.py:188} INFO - [2026-03-19T04:16:39.392+0000] {dag.py:3096} INFO - Sync 1 DAGs
[2026-03-19T04:16:39.462+0000] {logging_mixin.py:188} INFO - [2026-03-19T04:16:39.461+0000] {dag.py:3954} INFO - Setting next_dagrun for latest_only to 2026-03-19 00:00:00+00:00, run_after=2026-03-19 04:00:00+00:00
[2026-03-19T04:16:39.520+0000] {processor.py:183} INFO - Processing /home/airflow/.local/lib/python3.12/site-packages/airflow/example_dags/example_latest_only.py took 0.213 seconds
[2026-03-19T04:17:11.904+0000] {processor.py:161} INFO - Started process (PID=36337) to work on /home/airflow/.local/lib/python3.12/site-packages/airflow/example_dags/example_latest_only.py
[2026-03-19T04:17:11.906+0000] {processor.py:830} INFO - Processing file /home/airflow/.local/lib/python3.12/site-packages/airflow/example_dags/example_latest_only.py for tasks to queue
[2026-03-19T04:17:11.907+0000] {logging_mixin.py:188} INFO - [2026-03-19T04:17:11.906+0000] {dagbag.py:545} INFO - Filling up the DagBag from /home/airflow/.local/lib/python3.12/site-packages/airflow/example_dags/example_latest_only.py
[2026-03-19T04:17:11.923+0000] {processor.py:840} INFO - DAG(s) 'latest_only' retrieved from /home/airflow/.local/lib/python3.12/site-packages/airflow/example_dags/example_latest_only.py
[2026-03-19T04:17:11.971+0000] {logging_mixin.py:188} INFO - [2026-03-19T04:17:11.971+0000] {dag.py:3096} INFO - Sync 1 DAGs
[2026-03-19T04:17:12.006+0000] {logging_mixin.py:188} INFO - [2026-03-19T04:17:12.006+0000] {dag.py:3954} INFO - Setting next_dagrun for latest_only to 2026-03-19 00:00:00+00:00, run_after=2026-03-19 04:00:00+00:00
[2026-03-19T04:17:12.033+0000] {processor.py:183} INFO - Processing /home/airflow/.local/lib/python3.12/site-packages/airflow/example_dags/example_latest_only.py took 0.144 seconds
[2026-03-19T05:17:35.942+0000] {processor.py:161} INFO - Started process (PID=36396) to work on /home/airflow/.local/lib/python3.12/site-packages/airflow/example_dags/example_latest_only.py
[2026-03-19T05:17:35.944+0000] {processor.py:830} INFO - Processing file /home/airflow/.local/lib/python3.12/site-packages/airflow/example_dags/example_latest_only.py for tasks to queue
[2026-03-19T05:17:35.944+0000] {logging_mixin.py:188} INFO - [2026-03-19T05:17:35.944+0000] {dagbag.py:545} INFO - Filling up the DagBag from /home/airflow/.local/lib/python3.12/site-packages/airflow/example_dags/example_latest_only.py
[2026-03-19T05:17:35.948+0000] {processor.py:840} INFO - DAG(s) 'latest_only' retrieved from /home/airflow/.local/lib/python3.12/site-packages/airflow/example_dags/example_latest_only.py
[2026-03-19T05:17:35.967+0000] {logging_mixin.py:188} INFO - [2026-03-19T05:17:35.966+0000] {dag.py:3096} INFO - Sync 1 DAGs
[2026-03-19T05:17:35.979+0000] {logging_mixin.py:188} INFO - [2026-03-19T05:17:35.979+0000] {dag.py:3954} INFO - Setting next_dagrun for latest_only to 2026-03-19 00:00:00+00:00, run_after=2026-03-19 04:00:00+00:00
[2026-03-19T05:17:35.992+0000] {processor.py:183} INFO - Processing /home/airflow/.local/lib/python3.12/site-packages/airflow/example_dags/example_latest_only.py took 0.054 seconds
[2026-03-19T05:18:06.814+0000] {processor.py:161} INFO - Started process (PID=36455) to work on /home/airflow/.local/lib/python3.12/site-packages/airflow/example_dags/example_latest_only.py
[2026-03-19T05:18:06.815+0000] {processor.py:830} INFO - Processing file /home/airflow/.local/lib/python3.12/site-packages/airflow/example_dags/example_latest_only.py for tasks to queue
[2026-03-19T05:18:06.816+0000] {logging_mixin.py:188} INFO - [2026-03-19T05:18:06.816+0000] {dagbag.py:545} INFO - Filling up the DagBag from /home/airflow/.local/lib/python3.12/site-packages/airflow/example_dags/example_latest_only.py
[2026-03-19T05:18:06.822+0000] {processor.py:840} INFO - DAG(s) 'latest_only' retrieved from /home/airflow/.local/lib/python3.12/site-packages/airflow/example_dags/example_latest_only.py
[2026-03-19T05:18:06.836+0000] {logging_mixin.py:188} INFO - [2026-03-19T05:18:06.836+0000] {dag.py:3096} INFO - Sync 1 DAGs
[2026-03-19T05:18:06.854+0000] {logging_mixin.py:188} INFO - [2026-03-19T05:18:06.854+0000] {dag.py:3954} INFO - Setting next_dagrun for latest_only to 2026-03-19 00:00:00+00:00, run_after=2026-03-19 04:00:00+00:00
[2026-03-19T05:18:06.865+0000] {processor.py:183} INFO - Processing /home/airflow/.local/lib/python3.12/site-packages/airflow/example_dags/example_latest_only.py took 0.054 seconds
[2026-03-19T06:18:31.891+0000] {processor.py:161} INFO - Started process (PID=36514) to work on /home/airflow/.local/lib/python3.12/site-packages/airflow/example_dags/example_latest_only.py
[2026-03-19T06:18:31.892+0000] {processor.py:830} INFO - Processing file /home/airflow/.local/lib/python3.12/site-packages/airflow/example_dags/example_latest_only.py for tasks to queue
[2026-03-19T06:18:31.893+0000] {logging_mixin.py:188} INFO - [2026-03-19T06:18:31.893+0000] {dagbag.py:545} INFO - Filling up the DagBag from /home/airflow/.local/lib/python3.12/site-packages/airflow/example_dags/example_latest_only.py
[2026-03-19T06:18:31.898+0000] {processor.py:840} INFO - DAG(s) 'latest_only' retrieved from /home/airflow/.local/lib/python3.12/site-packages/airflow/example_dags/example_latest_only.py
[2026-03-19T06:18:31.945+0000] {logging_mixin.py:188} INFO - [2026-03-19T06:18:31.945+0000] {dag.py:3096} INFO - Sync 1 DAGs
[2026-03-19T06:18:31.987+0000] {logging_mixin.py:188} INFO - [2026-03-19T06:18:31.987+0000] {dag.py:3954} INFO - Setting next_dagrun for latest_only to 2026-03-19 00:00:00+00:00, run_after=2026-03-19 04:00:00+00:00
[2026-03-19T06:18:32.022+0000] {processor.py:183} INFO - Processing /home/airflow/.local/lib/python3.12/site-packages/airflow/example_dags/example_latest_only.py took 0.136 seconds
[2026-03-19T06:19:02.215+0000] {processor.py:161} INFO - Started process (PID=36581) to work on /home/airflow/.local/lib/python3.12/site-packages/airflow/example_dags/example_latest_only.py
[2026-03-19T06:19:02.216+0000] {processor.py:830} INFO - Processing file /home/airflow/.local/lib/python3.12/site-packages/airflow/example_dags/example_latest_only.py for tasks to queue
[2026-03-19T06:19:02.220+0000] {logging_mixin.py:188} INFO - [2026-03-19T06:19:02.220+0000] {dagbag.py:545} INFO - Filling up the DagBag from /home/airflow/.local/lib/python3.12/site-packages/airflow/example_dags/example_latest_only.py
[2026-03-19T06:19:02.224+0000] {processor.py:840} INFO - DAG(s) 'latest_only' retrieved from /home/airflow/.local/lib/python3.12/site-packages/airflow/example_dags/example_latest_only.py
[2026-03-19T06:19:02.238+0000] {logging_mixin.py:188} INFO - [2026-03-19T06:19:02.238+0000] {dag.py:3096} INFO - Sync 1 DAGs
[2026-03-19T06:19:02.251+0000] {logging_mixin.py:188} INFO - [2026-03-19T06:19:02.251+0000] {dag.py:3954} INFO - Setting next_dagrun for latest_only to 2026-03-19 00:00:00+00:00, run_after=2026-03-19 04:00:00+00:00
[2026-03-19T06:19:02.262+0000] {processor.py:183} INFO - Processing /home/airflow/.local/lib/python3.12/site-packages/airflow/example_dags/example_latest_only.py took 0.051 seconds
[2026-03-19T07:19:29.546+0000] {processor.py:161} INFO - Started process (PID=36640) to work on /home/airflow/.local/lib/python3.12/site-packages/airflow/example_dags/example_latest_only.py
[2026-03-19T07:19:29.564+0000] {processor.py:830} INFO - Processing file /home/airflow/.local/lib/python3.12/site-packages/airflow/example_dags/example_latest_only.py for tasks to queue
[2026-03-19T07:19:29.572+0000] {logging_mixin.py:188} INFO - [2026-03-19T07:19:29.571+0000] {dagbag.py:545} INFO - Filling up the DagBag from /home/airflow/.local/lib/python3.12/site-packages/airflow/example_dags/example_latest_only.py
[2026-03-19T07:19:29.617+0000] {processor.py:840} INFO - DAG(s) 'latest_only' retrieved from /home/airflow/.local/lib/python3.12/site-packages/airflow/example_dags/example_latest_only.py
[2026-03-19T07:19:29.865+0000] {logging_mixin.py:188} INFO - [2026-03-19T07:19:29.863+0000] {dag.py:3096} INFO - Sync 1 DAGs
[2026-03-19T07:19:30.012+0000] {logging_mixin.py:188} INFO - [2026-03-19T07:19:30.011+0000] {dag.py:3954} INFO - Setting next_dagrun for latest_only to 2026-03-19 00:00:00+00:00, run_after=2026-03-19 04:00:00+00:00
[2026-03-19T07:19:30.111+0000] {processor.py:183} INFO - Processing /home/airflow/.local/lib/python3.12/site-packages/airflow/example_dags/example_latest_only.py took 0.658 seconds
[2026-03-19T07:20:00.348+0000] {processor.py:161} INFO - Started process (PID=36708) to work on /home/airflow/.local/lib/python3.12/site-packages/airflow/example_dags/example_latest_only.py
[2026-03-19T07:20:00.349+0000] {processor.py:830} INFO - Processing file /home/airflow/.local/lib/python3.12/site-packages/airflow/example_dags/example_latest_only.py for tasks to queue
[2026-03-19T07:20:00.349+0000] {logging_mixin.py:188} INFO - [2026-03-19T07:20:00.349+0000] {dagbag.py:545} INFO - Filling up the DagBag from /home/airflow/.local/lib/python3.12/site-packages/airflow/example_dags/example_latest_only.py
[2026-03-19T07:20:00.353+0000] {processor.py:840} INFO - DAG(s) 'latest_only' retrieved from /home/airflow/.local/lib/python3.12/site-packages/airflow/example_dags/example_latest_only.py
[2026-03-19T07:20:00.369+0000] {logging_mixin.py:188} INFO - [2026-03-19T07:20:00.369+0000] {dag.py:3096} INFO - Sync 1 DAGs
[2026-03-19T07:20:00.386+0000] {logging_mixin.py:188} INFO - [2026-03-19T07:20:00.386+0000] {dag.py:3954} INFO - Setting next_dagrun for latest_only to 2026-03-19 00:00:00+00:00, run_after=2026-03-19 04:00:00+00:00
[2026-03-19T07:20:00.403+0000] {processor.py:183} INFO - Processing /home/airflow/.local/lib/python3.12/site-packages/airflow/example_dags/example_latest_only.py took 0.061 seconds
[2026-03-19T07:37:28.484+0000] {processor.py:161} INFO - Started process (PID=36766) to work on /home/airflow/.local/lib/python3.12/site-packages/airflow/example_dags/example_latest_only.py
[2026-03-19T07:37:28.486+0000] {processor.py:830} INFO - Processing file /home/airflow/.local/lib/python3.12/site-packages/airflow/example_dags/example_latest_only.py for tasks to queue
[2026-03-19T07:37:28.487+0000] {logging_mixin.py:188} INFO - [2026-03-19T07:37:28.487+0000] {dagbag.py:545} INFO - Filling up the DagBag from /home/airflow/.local/lib/python3.12/site-packages/airflow/example_dags/example_latest_only.py
[2026-03-19T07:37:28.500+0000] {processor.py:840} INFO - DAG(s) 'latest_only' retrieved from /home/airflow/.local/lib/python3.12/site-packages/airflow/example_dags/example_latest_only.py
[2026-03-19T07:37:28.534+0000] {logging_mixin.py:188} INFO - [2026-03-19T07:37:28.533+0000] {dag.py:3096} INFO - Sync 1 DAGs
[2026-03-19T07:37:28.566+0000] {logging_mixin.py:188} INFO - [2026-03-19T07:37:28.566+0000] {dag.py:3954} INFO - Setting next_dagrun for latest_only to 2026-03-19 00:00:00+00:00, run_after=2026-03-19 04:00:00+00:00
[2026-03-19T07:37:28.601+0000] {processor.py:183} INFO - Processing /home/airflow/.local/lib/python3.12/site-packages/airflow/example_dags/example_latest_only.py took 0.129 seconds
[2026-03-19T07:37:59.174+0000] {processor.py:161} INFO - Started process (PID=36833) to work on /home/airflow/.local/lib/python3.12/site-packages/airflow/example_dags/example_latest_only.py
[2026-03-19T07:37:59.175+0000] {processor.py:830} INFO - Processing file /home/airflow/.local/lib/python3.12/site-packages/airflow/example_dags/example_latest_only.py for tasks to queue
[2026-03-19T07:37:59.177+0000] {logging_mixin.py:188} INFO - [2026-03-19T07:37:59.177+0000] {dagbag.py:545} INFO - Filling up the DagBag from /home/airflow/.local/lib/python3.12/site-packages/airflow/example_dags/example_latest_only.py
[2026-03-19T07:37:59.183+0000] {processor.py:840} INFO - DAG(s) 'latest_only' retrieved from /home/airflow/.local/lib/python3.12/site-packages/airflow/example_dags/example_latest_only.py
[2026-03-19T07:37:59.213+0000] {logging_mixin.py:188} INFO - [2026-03-19T07:37:59.213+0000] {dag.py:3096} INFO - Sync 1 DAGs
[2026-03-19T07:37:59.232+0000] {logging_mixin.py:188} INFO - [2026-03-19T07:37:59.232+0000] {dag.py:3954} INFO - Setting next_dagrun for latest_only to 2026-03-19 00:00:00+00:00, run_after=2026-03-19 04:00:00+00:00
[2026-03-19T07:37:59.246+0000] {processor.py:183} INFO - Processing /home/airflow/.local/lib/python3.12/site-packages/airflow/example_dags/example_latest_only.py took 0.077 seconds
[2026-03-19T07:48:55.417+0000] {processor.py:161} INFO - Started process (PID=36892) to work on /home/airflow/.local/lib/python3.12/site-packages/airflow/example_dags/example_latest_only.py
[2026-03-19T07:48:55.418+0000] {processor.py:830} INFO - Processing file /home/airflow/.local/lib/python3.12/site-packages/airflow/example_dags/example_latest_only.py for tasks to queue
[2026-03-19T07:48:55.419+0000] {logging_mixin.py:188} INFO - [2026-03-19T07:48:55.419+0000] {dagbag.py:545} INFO - Filling up the DagBag from /home/airflow/.local/lib/python3.12/site-packages/airflow/example_dags/example_latest_only.py
[2026-03-19T07:48:55.423+0000] {processor.py:840} INFO - DAG(s) 'latest_only' retrieved from /home/airflow/.local/lib/python3.12/site-packages/airflow/example_dags/example_latest_only.py
[2026-03-19T07:48:55.437+0000] {logging_mixin.py:188} INFO - [2026-03-19T07:48:55.437+0000] {dag.py:3096} INFO - Sync 1 DAGs
[2026-03-19T07:48:55.449+0000] {logging_mixin.py:188} INFO - [2026-03-19T07:48:55.449+0000] {dag.py:3954} INFO - Setting next_dagrun for latest_only to 2026-03-19 00:00:00+00:00, run_after=2026-03-19 04:00:00+00:00
[2026-03-19T07:48:55.465+0000] {processor.py:183} INFO - Processing /home/airflow/.local/lib/python3.12/site-packages/airflow/example_dags/example_latest_only.py took 0.053 seconds
[2026-03-19T07:49:26.514+0000] {processor.py:161} INFO - Started process (PID=36951) to work on /home/airflow/.local/lib/python3.12/site-packages/airflow/example_dags/example_latest_only.py
[2026-03-19T07:49:26.518+0000] {processor.py:830} INFO - Processing file /home/airflow/.local/lib/python3.12/site-packages/airflow/example_dags/example_latest_only.py for tasks to queue
[2026-03-19T07:49:26.524+0000] {logging_mixin.py:188} INFO - [2026-03-19T07:49:26.522+0000] {dagbag.py:545} INFO - Filling up the DagBag from /home/airflow/.local/lib/python3.12/site-packages/airflow/example_dags/example_latest_only.py
[2026-03-19T07:49:26.546+0000] {processor.py:840} INFO - DAG(s) 'latest_only' retrieved from /home/airflow/.local/lib/python3.12/site-packages/airflow/example_dags/example_latest_only.py
[2026-03-19T07:49:26.684+0000] {logging_mixin.py:188} INFO - [2026-03-19T07:49:26.684+0000] {dag.py:3096} INFO - Sync 1 DAGs
[2026-03-19T07:49:26.718+0000] {logging_mixin.py:188} INFO - [2026-03-19T07:49:26.718+0000] {dag.py:3954} INFO - Setting next_dagrun for latest_only to 2026-03-19 00:00:00+00:00, run_after=2026-03-19 04:00:00+00:00
[2026-03-19T07:49:26.743+0000] {processor.py:183} INFO - Processing /home/airflow/.local/lib/python3.12/site-packages/airflow/example_dags/example_latest_only.py took 0.247 seconds
[2026-03-19T07:49:57.429+0000] {processor.py:161} INFO - Started process (PID=37010) to work on /home/airflow/.local/lib/python3.12/site-packages/airflow/example_dags/example_latest_only.py
[2026-03-19T07:49:57.431+0000] {processor.py:830} INFO - Processing file /home/airflow/.local/lib/python3.12/site-packages/airflow/example_dags/example_latest_only.py for tasks to queue
[2026-03-19T07:49:57.433+0000] {logging_mixin.py:188} INFO - [2026-03-19T07:49:57.432+0000] {dagbag.py:545} INFO - Filling up the DagBag from /home/airflow/.local/lib/python3.12/site-packages/airflow/example_dags/example_latest_only.py
[2026-03-19T07:49:57.441+0000] {processor.py:840} INFO - DAG(s) 'latest_only' retrieved from /home/airflow/.local/lib/python3.12/site-packages/airflow/example_dags/example_latest_only.py
[2026-03-19T07:49:57.461+0000] {logging_mixin.py:188} INFO - [2026-03-19T07:49:57.461+0000] {dag.py:3096} INFO - Sync 1 DAGs
[2026-03-19T07:49:57.473+0000] {logging_mixin.py:188} INFO - [2026-03-19T07:49:57.473+0000] {dag.py:3954} INFO - Setting next_dagrun for latest_only to 2026-03-19 00:00:00+00:00, run_after=2026-03-19 04:00:00+00:00
[2026-03-19T07:49:57.484+0000] {processor.py:183} INFO - Processing /home/airflow/.local/lib/python3.12/site-packages/airflow/example_dags/example_latest_only.py took 0.063 seconds
[2026-03-19T07:50:27.897+0000] {processor.py:161} INFO - Started process (PID=37069) to work on /home/airflow/.local/lib/python3.12/site-packages/airflow/example_dags/example_latest_only.py
[2026-03-19T07:50:27.899+0000] {processor.py:830} INFO - Processing file /home/airflow/.local/lib/python3.12/site-packages/airflow/example_dags/example_latest_only.py for tasks to queue
[2026-03-19T07:50:27.900+0000] {logging_mixin.py:188} INFO - [2026-03-19T07:50:27.899+0000] {dagbag.py:545} INFO - Filling up the DagBag from /home/airflow/.local/lib/python3.12/site-packages/airflow/example_dags/example_latest_only.py
[2026-03-19T07:50:27.903+0000] {processor.py:840} INFO - DAG(s) 'latest_only' retrieved from /home/airflow/.local/lib/python3.12/site-packages/airflow/example_dags/example_latest_only.py
[2026-03-19T07:50:27.920+0000] {logging_mixin.py:188} INFO - [2026-03-19T07:50:27.919+0000] {dag.py:3096} INFO - Sync 1 DAGs
[2026-03-19T07:50:27.942+0000] {logging_mixin.py:188} INFO - [2026-03-19T07:50:27.942+0000] {dag.py:3954} INFO - Setting next_dagrun for latest_only to 2026-03-19 00:00:00+00:00, run_after=2026-03-19 04:00:00+00:00
[2026-03-19T07:50:27.957+0000] {processor.py:183} INFO - Processing /home/airflow/.local/lib/python3.12/site-packages/airflow/example_dags/example_latest_only.py took 0.065 seconds
[2026-03-19T07:50:58.510+0000] {processor.py:161} INFO - Started process (PID=37128) to work on /home/airflow/.local/lib/python3.12/site-packages/airflow/example_dags/example_latest_only.py
[2026-03-19T07:50:58.511+0000] {processor.py:830} INFO - Processing file /home/airflow/.local/lib/python3.12/site-packages/airflow/example_dags/example_latest_only.py for tasks to queue
[2026-03-19T07:50:58.512+0000] {logging_mixin.py:188} INFO - [2026-03-19T07:50:58.512+0000] {dagbag.py:545} INFO - Filling up the DagBag from /home/airflow/.local/lib/python3.12/site-packages/airflow/example_dags/example_latest_only.py
[2026-03-19T07:50:58.515+0000] {processor.py:840} INFO - DAG(s) 'latest_only' retrieved from /home/airflow/.local/lib/python3.12/site-packages/airflow/example_dags/example_latest_only.py
[2026-03-19T07:50:58.532+0000] {logging_mixin.py:188} INFO - [2026-03-19T07:50:58.532+0000] {dag.py:3096} INFO - Sync 1 DAGs
[2026-03-19T07:50:58.549+0000] {logging_mixin.py:188} INFO - [2026-03-19T07:50:58.548+0000] {dag.py:3954} INFO - Setting next_dagrun for latest_only to 2026-03-19 00:00:00+00:00, run_after=2026-03-19 04:00:00+00:00
[2026-03-19T07:50:58.562+0000] {processor.py:183} INFO - Processing /home/airflow/.local/lib/python3.12/site-packages/airflow/example_dags/example_latest_only.py took 0.056 seconds
[2026-03-19T07:51:28.962+0000] {processor.py:161} INFO - Started process (PID=37187) to work on /home/airflow/.local/lib/python3.12/site-packages/airflow/example_dags/example_latest_only.py
[2026-03-19T07:51:28.965+0000] {processor.py:830} INFO - Processing file /home/airflow/.local/lib/python3.12/site-packages/airflow/example_dags/example_latest_only.py for tasks to queue
[2026-03-19T07:51:28.966+0000] {logging_mixin.py:188} INFO - [2026-03-19T07:51:28.966+0000] {dagbag.py:545} INFO - Filling up the DagBag from /home/airflow/.local/lib/python3.12/site-packages/airflow/example_dags/example_latest_only.py
[2026-03-19T07:51:28.969+0000] {processor.py:840} INFO - DAG(s) 'latest_only' retrieved from /home/airflow/.local/lib/python3.12/site-packages/airflow/example_dags/example_latest_only.py
[2026-03-19T07:51:28.984+0000] {logging_mixin.py:188} INFO - [2026-03-19T07:51:28.984+0000] {dag.py:3096} INFO - Sync 1 DAGs
[2026-03-19T07:51:28.997+0000] {logging_mixin.py:188} INFO - [2026-03-19T07:51:28.997+0000] {dag.py:3954} INFO - Setting next_dagrun for latest_only to 2026-03-19 00:00:00+00:00, run_after=2026-03-19 04:00:00+00:00
[2026-03-19T07:51:29.016+0000] {processor.py:183} INFO - Processing /home/airflow/.local/lib/python3.12/site-packages/airflow/example_dags/example_latest_only.py took 0.058 seconds
[2026-03-19T07:51:59.845+0000] {processor.py:161} INFO - Started process (PID=37246) to work on /home/airflow/.local/lib/python3.12/site-packages/airflow/example_dags/example_latest_only.py
[2026-03-19T07:51:59.846+0000] {processor.py:830} INFO - Processing file /home/airflow/.local/lib/python3.12/site-packages/airflow/example_dags/example_latest_only.py for tasks to queue
[2026-03-19T07:51:59.850+0000] {logging_mixin.py:188} INFO - [2026-03-19T07:51:59.850+0000] {dagbag.py:545} INFO - Filling up the DagBag from /home/airflow/.local/lib/python3.12/site-packages/airflow/example_dags/example_latest_only.py
[2026-03-19T07:51:59.856+0000] {processor.py:840} INFO - DAG(s) 'latest_only' retrieved from /home/airflow/.local/lib/python3.12/site-packages/airflow/example_dags/example_latest_only.py
[2026-03-19T07:51:59.878+0000] {logging_mixin.py:188} INFO - [2026-03-19T07:51:59.878+0000] {dag.py:3096} INFO - Sync 1 DAGs
[2026-03-19T07:51:59.890+0000] {logging_mixin.py:188} INFO - [2026-03-19T07:51:59.890+0000] {dag.py:3954} INFO - Setting next_dagrun for latest_only to 2026-03-19 00:00:00+00:00, run_after=2026-03-19 04:00:00+00:00
[2026-03-19T07:51:59.899+0000] {processor.py:183} INFO - Processing /home/airflow/.local/lib/python3.12/site-packages/airflow/example_dags/example_latest_only.py took 0.060 seconds
[2026-03-19T07:52:30.314+0000] {processor.py:161} INFO - Started process (PID=37305) to work on /home/airflow/.local/lib/python3.12/site-packages/airflow/example_dags/example_latest_only.py
[2026-03-19T07:52:30.317+0000] {processor.py:830} INFO - Processing file /home/airflow/.local/lib/python3.12/site-packages/airflow/example_dags/example_latest_only.py for tasks to queue
[2026-03-19T07:52:30.319+0000] {logging_mixin.py:188} INFO - [2026-03-19T07:52:30.318+0000] {dagbag.py:545} INFO - Filling up the DagBag from /home/airflow/.local/lib/python3.12/site-packages/airflow/example_dags/example_latest_only.py
[2026-03-19T07:52:30.321+0000] {processor.py:840} INFO - DAG(s) 'latest_only' retrieved from /home/airflow/.local/lib/python3.12/site-packages/airflow/example_dags/example_latest_only.py
[2026-03-19T07:52:30.340+0000] {logging_mixin.py:188} INFO - [2026-03-19T07:52:30.340+0000] {dag.py:3096} INFO - Sync 1 DAGs
[2026-03-19T07:52:30.356+0000] {logging_mixin.py:188} INFO - [2026-03-19T07:52:30.356+0000] {dag.py:3954} INFO - Setting next_dagrun for latest_only to 2026-03-19 00:00:00+00:00, run_after=2026-03-19 04:00:00+00:00
[2026-03-19T07:52:30.368+0000] {processor.py:183} INFO - Processing /home/airflow/.local/lib/python3.12/site-packages/airflow/example_dags/example_latest_only.py took 0.057 seconds
[2026-03-19T07:53:01.043+0000] {processor.py:161} INFO - Started process (PID=37364) to work on /home/airflow/.local/lib/python3.12/site-packages/airflow/example_dags/example_latest_only.py
[2026-03-19T07:53:01.045+0000] {processor.py:830} INFO - Processing file /home/airflow/.local/lib/python3.12/site-packages/airflow/example_dags/example_latest_only.py for tasks to queue
[2026-03-19T07:53:01.046+0000] {logging_mixin.py:188} INFO - [2026-03-19T07:53:01.046+0000] {dagbag.py:545} INFO - Filling up the DagBag from /home/airflow/.local/lib/python3.12/site-packages/airflow/example_dags/example_latest_only.py
[2026-03-19T07:53:01.051+0000] {processor.py:840} INFO - DAG(s) 'latest_only' retrieved from /home/airflow/.local/lib/python3.12/site-packages/airflow/example_dags/example_latest_only.py
[2026-03-19T07:53:01.071+0000] {logging_mixin.py:188} INFO - [2026-03-19T07:53:01.071+0000] {dag.py:3096} INFO - Sync 1 DAGs
[2026-03-19T07:53:01.094+0000] {logging_mixin.py:188} INFO - [2026-03-19T07:53:01.094+0000] {dag.py:3954} INFO - Setting next_dagrun for latest_only to 2026-03-19 00:00:00+00:00, run_after=2026-03-19 04:00:00+00:00
[2026-03-19T07:53:01.120+0000] {processor.py:183} INFO - Processing /home/airflow/.local/lib/python3.12/site-packages/airflow/example_dags/example_latest_only.py took 0.087 seconds
[2026-03-19T07:53:31.698+0000] {processor.py:161} INFO - Started process (PID=37423) to work on /home/airflow/.local/lib/python3.12/site-packages/airflow/example_dags/example_latest_only.py
[2026-03-19T07:53:31.699+0000] {processor.py:830} INFO - Processing file /home/airflow/.local/lib/python3.12/site-packages/airflow/example_dags/example_latest_only.py for tasks to queue
[2026-03-19T07:53:31.699+0000] {logging_mixin.py:188} INFO - [2026-03-19T07:53:31.699+0000] {dagbag.py:545} INFO - Filling up the DagBag from /home/airflow/.local/lib/python3.12/site-packages/airflow/example_dags/example_latest_only.py
[2026-03-19T07:53:31.703+0000] {processor.py:840} INFO - DAG(s) 'latest_only' retrieved from /home/airflow/.local/lib/python3.12/site-packages/airflow/example_dags/example_latest_only.py
[2026-03-19T07:53:31.722+0000] {logging_mixin.py:188} INFO - [2026-03-19T07:53:31.721+0000] {dag.py:3096} INFO - Sync 1 DAGs
[2026-03-19T07:53:31.735+0000] {logging_mixin.py:188} INFO - [2026-03-19T07:53:31.735+0000] {dag.py:3954} INFO - Setting next_dagrun for latest_only to 2026-03-19 00:00:00+00:00, run_after=2026-03-19 04:00:00+00:00
[2026-03-19T07:53:31.746+0000] {processor.py:183} INFO - Processing /home/airflow/.local/lib/python3.12/site-packages/airflow/example_dags/example_latest_only.py took 0.052 seconds
[2026-03-19T07:54:02.043+0000] {processor.py:161} INFO - Started process (PID=37482) to work on /home/airflow/.local/lib/python3.12/site-packages/airflow/example_dags/example_latest_only.py
[2026-03-19T07:54:02.044+0000] {processor.py:830} INFO - Processing file /home/airflow/.local/lib/python3.12/site-packages/airflow/example_dags/example_latest_only.py for tasks to queue
[2026-03-19T07:54:02.047+0000] {logging_mixin.py:188} INFO - [2026-03-19T07:54:02.047+0000] {dagbag.py:545} INFO - Filling up the DagBag from /home/airflow/.local/lib/python3.12/site-packages/airflow/example_dags/example_latest_only.py
[2026-03-19T07:54:02.051+0000] {processor.py:840} INFO - DAG(s) 'latest_only' retrieved from /home/airflow/.local/lib/python3.12/site-packages/airflow/example_dags/example_latest_only.py
[2026-03-19T07:54:02.071+0000] {logging_mixin.py:188} INFO - [2026-03-19T07:54:02.071+0000] {dag.py:3096} INFO - Sync 1 DAGs
[2026-03-19T07:54:02.091+0000] {logging_mixin.py:188} INFO - [2026-03-19T07:54:02.091+0000] {dag.py:3954} INFO - Setting next_dagrun for latest_only to 2026-03-19 00:00:00+00:00, run_after=2026-03-19 04:00:00+00:00
[2026-03-19T07:54:02.107+0000] {processor.py:183} INFO - Processing /home/airflow/.local/lib/python3.12/site-packages/airflow/example_dags/example_latest_only.py took 0.070 seconds
[2026-03-19T07:54:32.392+0000] {processor.py:161} INFO - Started process (PID=37541) to work on /home/airflow/.local/lib/python3.12/site-packages/airflow/example_dags/example_latest_only.py
[2026-03-19T07:54:32.393+0000] {processor.py:830} INFO - Processing file /home/airflow/.local/lib/python3.12/site-packages/airflow/example_dags/example_latest_only.py for tasks to queue
[2026-03-19T07:54:32.393+0000] {logging_mixin.py:188} INFO - [2026-03-19T07:54:32.393+0000] {dagbag.py:545} INFO - Filling up the DagBag from /home/airflow/.local/lib/python3.12/site-packages/airflow/example_dags/example_latest_only.py
[2026-03-19T07:54:32.396+0000] {processor.py:840} INFO - DAG(s) 'latest_only' retrieved from /home/airflow/.local/lib/python3.12/site-packages/airflow/example_dags/example_latest_only.py
[2026-03-19T07:54:32.407+0000] {logging_mixin.py:188} INFO - [2026-03-19T07:54:32.407+0000] {dag.py:3096} INFO - Sync 1 DAGs
[2026-03-19T07:54:32.431+0000] {logging_mixin.py:188} INFO - [2026-03-19T07:54:32.430+0000] {dag.py:3954} INFO - Setting next_dagrun for latest_only to 2026-03-19 00:00:00+00:00, run_after=2026-03-19 04:00:00+00:00
[2026-03-19T07:54:32.443+0000] {processor.py:183} INFO - Processing /home/airflow/.local/lib/python3.12/site-packages/airflow/example_dags/example_latest_only.py took 0.054 seconds
[2026-03-19T07:55:02.789+0000] {processor.py:161} INFO - Started process (PID=37600) to work on /home/airflow/.local/lib/python3.12/site-packages/airflow/example_dags/example_latest_only.py
[2026-03-19T07:55:02.792+0000] {processor.py:830} INFO - Processing file /home/airflow/.local/lib/python3.12/site-packages/airflow/example_dags/example_latest_only.py for tasks to queue
[2026-03-19T07:55:02.793+0000] {logging_mixin.py:188} INFO - [2026-03-19T07:55:02.793+0000] {dagbag.py:545} INFO - Filling up the DagBag from /home/airflow/.local/lib/python3.12/site-packages/airflow/example_dags/example_latest_only.py
[2026-03-19T07:55:02.796+0000] {processor.py:840} INFO - DAG(s) 'latest_only' retrieved from /home/airflow/.local/lib/python3.12/site-packages/airflow/example_dags/example_latest_only.py
[2026-03-19T07:55:02.808+0000] {logging_mixin.py:188} INFO - [2026-03-19T07:55:02.808+0000] {dag.py:3096} INFO - Sync 1 DAGs
[2026-03-19T07:55:02.825+0000] {logging_mixin.py:188} INFO - [2026-03-19T07:55:02.825+0000] {dag.py:3954} INFO - Setting next_dagrun for latest_only to 2026-03-19 00:00:00+00:00, run_after=2026-03-19 04:00:00+00:00
[2026-03-19T07:55:02.835+0000] {processor.py:183} INFO - Processing /home/airflow/.local/lib/python3.12/site-packages/airflow/example_dags/example_latest_only.py took 0.050 seconds
[2026-03-19T07:55:33.416+0000] {processor.py:161} INFO - Started process (PID=37659) to work on /home/airflow/.local/lib/python3.12/site-packages/airflow/example_dags/example_latest_only.py
[2026-03-19T07:55:33.417+0000] {processor.py:830} INFO - Processing file /home/airflow/.local/lib/python3.12/site-packages/airflow/example_dags/example_latest_only.py for tasks to queue
[2026-03-19T07:55:33.418+0000] {logging_mixin.py:188} INFO - [2026-03-19T07:55:33.418+0000] {dagbag.py:545} INFO - Filling up the DagBag from /home/airflow/.local/lib/python3.12/site-packages/airflow/example_dags/example_latest_only.py
[2026-03-19T07:55:33.421+0000] {processor.py:840} INFO - DAG(s) 'latest_only' retrieved from /home/airflow/.local/lib/python3.12/site-packages/airflow/example_dags/example_latest_only.py
[2026-03-19T07:55:33.435+0000] {logging_mixin.py:188} INFO - [2026-03-19T07:55:33.435+0000] {dag.py:3096} INFO - Sync 1 DAGs
[2026-03-19T07:55:33.447+0000] {logging_mixin.py:188} INFO - [2026-03-19T07:55:33.447+0000] {dag.py:3954} INFO - Setting next_dagrun for latest_only to 2026-03-19 00:00:00+00:00, run_after=2026-03-19 04:00:00+00:00
[2026-03-19T07:55:33.462+0000] {processor.py:183} INFO - Processing /home/airflow/.local/lib/python3.12/site-packages/airflow/example_dags/example_latest_only.py took 0.050 seconds
[2026-03-19T07:56:03.986+0000] {processor.py:161} INFO - Started process (PID=37718) to work on /home/airflow/.local/lib/python3.12/site-packages/airflow/example_dags/example_latest_only.py
[2026-03-19T07:56:03.988+0000] {processor.py:830} INFO - Processing file /home/airflow/.local/lib/python3.12/site-packages/airflow/example_dags/example_latest_only.py for tasks to queue
[2026-03-19T07:56:03.989+0000] {logging_mixin.py:188} INFO - [2026-03-19T07:56:03.989+0000] {dagbag.py:545} INFO - Filling up the DagBag from /home/airflow/.local/lib/python3.12/site-packages/airflow/example_dags/example_latest_only.py
[2026-03-19T07:56:03.992+0000] {processor.py:840} INFO - DAG(s) 'latest_only' retrieved from /home/airflow/.local/lib/python3.12/site-packages/airflow/example_dags/example_latest_only.py
[2026-03-19T07:56:04.008+0000] {logging_mixin.py:188} INFO - [2026-03-19T07:56:04.008+0000] {dag.py:3096} INFO - Sync 1 DAGs
[2026-03-19T07:56:04.021+0000] {logging_mixin.py:188} INFO - [2026-03-19T07:56:04.021+0000] {dag.py:3954} INFO - Setting next_dagrun for latest_only to 2026-03-19 00:00:00+00:00, run_after=2026-03-19 04:00:00+00:00
[2026-03-19T07:56:04.030+0000] {processor.py:183} INFO - Processing /home/airflow/.local/lib/python3.12/site-packages/airflow/example_dags/example_latest_only.py took 0.047 seconds
[2026-03-19T07:56:34.717+0000] {processor.py:161} INFO - Started process (PID=37777) to work on /home/airflow/.local/lib/python3.12/site-packages/airflow/example_dags/example_latest_only.py
[2026-03-19T07:56:34.718+0000] {processor.py:830} INFO - Processing file /home/airflow/.local/lib/python3.12/site-packages/airflow/example_dags/example_latest_only.py for tasks to queue
[2026-03-19T07:56:34.719+0000] {logging_mixin.py:188} INFO - [2026-03-19T07:56:34.719+0000] {dagbag.py:545} INFO - Filling up the DagBag from /home/airflow/.local/lib/python3.12/site-packages/airflow/example_dags/example_latest_only.py
[2026-03-19T07:56:34.728+0000] {processor.py:840} INFO - DAG(s) 'latest_only' retrieved from /home/airflow/.local/lib/python3.12/site-packages/airflow/example_dags/example_latest_only.py
[2026-03-19T07:56:34.767+0000] {logging_mixin.py:188} INFO - [2026-03-19T07:56:34.767+0000] {dag.py:3096} INFO - Sync 1 DAGs
[2026-03-19T07:56:34.809+0000] {logging_mixin.py:188} INFO - [2026-03-19T07:56:34.808+0000] {dag.py:3954} INFO - Setting next_dagrun for latest_only to 2026-03-19 00:00:00+00:00, run_after=2026-03-19 04:00:00+00:00
[2026-03-19T07:56:34.844+0000] {processor.py:183} INFO - Processing /home/airflow/.local/lib/python3.12/site-packages/airflow/example_dags/example_latest_only.py took 0.135 seconds
[2026-03-19T07:57:05.667+0000] {processor.py:161} INFO - Started process (PID=37836) to work on /home/airflow/.local/lib/python3.12/site-packages/airflow/example_dags/example_latest_only.py
[2026-03-19T07:57:05.667+0000] {processor.py:830} INFO - Processing file /home/airflow/.local/lib/python3.12/site-packages/airflow/example_dags/example_latest_only.py for tasks to queue
[2026-03-19T07:57:05.668+0000] {logging_mixin.py:188} INFO - [2026-03-19T07:57:05.668+0000] {dagbag.py:545} INFO - Filling up the DagBag from /home/airflow/.local/lib/python3.12/site-packages/airflow/example_dags/example_latest_only.py
[2026-03-19T07:57:05.672+0000] {processor.py:840} INFO - DAG(s) 'latest_only' retrieved from /home/airflow/.local/lib/python3.12/site-packages/airflow/example_dags/example_latest_only.py
[2026-03-19T07:57:05.688+0000] {logging_mixin.py:188} INFO - [2026-03-19T07:57:05.688+0000] {dag.py:3096} INFO - Sync 1 DAGs
[2026-03-19T07:57:05.702+0000] {logging_mixin.py:188} INFO - [2026-03-19T07:57:05.702+0000] {dag.py:3954} INFO - Setting next_dagrun for latest_only to 2026-03-19 00:00:00+00:00, run_after=2026-03-19 04:00:00+00:00
[2026-03-19T07:57:05.714+0000] {processor.py:183} INFO - Processing /home/airflow/.local/lib/python3.12/site-packages/airflow/example_dags/example_latest_only.py took 0.052 seconds
[2026-03-19T07:57:35.814+0000] {processor.py:161} INFO - Started process (PID=37895) to work on /home/airflow/.local/lib/python3.12/site-packages/airflow/example_dags/example_latest_only.py
[2026-03-19T07:57:35.815+0000] {processor.py:830} INFO - Processing file /home/airflow/.local/lib/python3.12/site-packages/airflow/example_dags/example_latest_only.py for tasks to queue
[2026-03-19T07:57:35.820+0000] {logging_mixin.py:188} INFO - [2026-03-19T07:57:35.820+0000] {dagbag.py:545} INFO - Filling up the DagBag from /home/airflow/.local/lib/python3.12/site-packages/airflow/example_dags/example_latest_only.py
[2026-03-19T07:57:35.823+0000] {processor.py:840} INFO - DAG(s) 'latest_only' retrieved from /home/airflow/.local/lib/python3.12/site-packages/airflow/example_dags/example_latest_only.py
[2026-03-19T07:57:35.836+0000] {logging_mixin.py:188} INFO - [2026-03-19T07:57:35.836+0000] {dag.py:3096} INFO - Sync 1 DAGs
[2026-03-19T07:57:35.849+0000] {logging_mixin.py:188} INFO - [2026-03-19T07:57:35.849+0000] {dag.py:3954} INFO - Setting next_dagrun for latest_only to 2026-03-19 00:00:00+00:00, run_after=2026-03-19 04:00:00+00:00
[2026-03-19T07:57:35.859+0000] {processor.py:183} INFO - Processing /home/airflow/.local/lib/python3.12/site-packages/airflow/example_dags/example_latest_only.py took 0.049 seconds
[2026-03-19T07:58:06.060+0000] {processor.py:161} INFO - Started process (PID=37954) to work on /home/airflow/.local/lib/python3.12/site-packages/airflow/example_dags/example_latest_only.py
[2026-03-19T07:58:06.061+0000] {processor.py:830} INFO - Processing file /home/airflow/.local/lib/python3.12/site-packages/airflow/example_dags/example_latest_only.py for tasks to queue
[2026-03-19T07:58:06.061+0000] {logging_mixin.py:188} INFO - [2026-03-19T07:58:06.061+0000] {dagbag.py:545} INFO - Filling up the DagBag from /home/airflow/.local/lib/python3.12/site-packages/airflow/example_dags/example_latest_only.py
[2026-03-19T07:58:06.065+0000] {processor.py:840} INFO - DAG(s) 'latest_only' retrieved from /home/airflow/.local/lib/python3.12/site-packages/airflow/example_dags/example_latest_only.py
[2026-03-19T07:58:06.083+0000] {logging_mixin.py:188} INFO - [2026-03-19T07:58:06.083+0000] {dag.py:3096} INFO - Sync 1 DAGs
[2026-03-19T07:58:06.097+0000] {logging_mixin.py:188} INFO - [2026-03-19T07:58:06.096+0000] {dag.py:3954} INFO - Setting next_dagrun for latest_only to 2026-03-19 00:00:00+00:00, run_after=2026-03-19 04:00:00+00:00
[2026-03-19T07:58:06.111+0000] {processor.py:183} INFO - Processing /home/airflow/.local/lib/python3.12/site-packages/airflow/example_dags/example_latest_only.py took 0.056 seconds
[2026-03-19T07:58:36.273+0000] {processor.py:161} INFO - Started process (PID=38013) to work on /home/airflow/.local/lib/python3.12/site-packages/airflow/example_dags/example_latest_only.py
[2026-03-19T07:58:36.273+0000] {processor.py:830} INFO - Processing file /home/airflow/.local/lib/python3.12/site-packages/airflow/example_dags/example_latest_only.py for tasks to queue
[2026-03-19T07:58:36.275+0000] {logging_mixin.py:188} INFO - [2026-03-19T07:58:36.275+0000] {dagbag.py:545} INFO - Filling up the DagBag from /home/airflow/.local/lib/python3.12/site-packages/airflow/example_dags/example_latest_only.py
[2026-03-19T07:58:36.280+0000] {processor.py:840} INFO - DAG(s) 'latest_only' retrieved from /home/airflow/.local/lib/python3.12/site-packages/airflow/example_dags/example_latest_only.py
[2026-03-19T07:58:36.300+0000] {logging_mixin.py:188} INFO - [2026-03-19T07:58:36.300+0000] {dag.py:3096} INFO - Sync 1 DAGs
[2026-03-19T07:58:36.314+0000] {logging_mixin.py:188} INFO - [2026-03-19T07:58:36.314+0000] {dag.py:3954} INFO - Setting next_dagrun for latest_only to 2026-03-19 00:00:00+00:00, run_after=2026-03-19 04:00:00+00:00
[2026-03-19T07:58:36.325+0000] {processor.py:183} INFO - Processing /home/airflow/.local/lib/python3.12/site-packages/airflow/example_dags/example_latest_only.py took 0.056 seconds
[2026-03-19T07:59:06.640+0000] {processor.py:161} INFO - Started process (PID=38072) to work on /home/airflow/.local/lib/python3.12/site-packages/airflow/example_dags/example_latest_only.py
[2026-03-19T07:59:06.642+0000] {processor.py:830} INFO - Processing file /home/airflow/.local/lib/python3.12/site-packages/airflow/example_dags/example_latest_only.py for tasks to queue
[2026-03-19T07:59:06.647+0000] {logging_mixin.py:188} INFO - [2026-03-19T07:59:06.646+0000] {dagbag.py:545} INFO - Filling up the DagBag from /home/airflow/.local/lib/python3.12/site-packages/airflow/example_dags/example_latest_only.py
[2026-03-19T07:59:06.653+0000] {processor.py:840} INFO - DAG(s) 'latest_only' retrieved from /home/airflow/.local/lib/python3.12/site-packages/airflow/example_dags/example_latest_only.py
[2026-03-19T07:59:06.676+0000] {logging_mixin.py:188} INFO - [2026-03-19T07:59:06.676+0000] {dag.py:3096} INFO - Sync 1 DAGs
[2026-03-19T07:59:06.691+0000] {logging_mixin.py:188} INFO - [2026-03-19T07:59:06.691+0000] {dag.py:3954} INFO - Setting next_dagrun for latest_only to 2026-03-19 00:00:00+00:00, run_after=2026-03-19 04:00:00+00:00
[2026-03-19T07:59:06.701+0000] {processor.py:183} INFO - Processing /home/airflow/.local/lib/python3.12/site-packages/airflow/example_dags/example_latest_only.py took 0.068 seconds
[2026-03-19T07:59:37.512+0000] {processor.py:161} INFO - Started process (PID=38131) to work on /home/airflow/.local/lib/python3.12/site-packages/airflow/example_dags/example_latest_only.py
[2026-03-19T07:59:37.513+0000] {processor.py:830} INFO - Processing file /home/airflow/.local/lib/python3.12/site-packages/airflow/example_dags/example_latest_only.py for tasks to queue
[2026-03-19T07:59:37.514+0000] {logging_mixin.py:188} INFO - [2026-03-19T07:59:37.514+0000] {dagbag.py:545} INFO - Filling up the DagBag from /home/airflow/.local/lib/python3.12/site-packages/airflow/example_dags/example_latest_only.py
[2026-03-19T07:59:37.518+0000] {processor.py:840} INFO - DAG(s) 'latest_only' retrieved from /home/airflow/.local/lib/python3.12/site-packages/airflow/example_dags/example_latest_only.py
[2026-03-19T07:59:37.537+0000] {logging_mixin.py:188} INFO - [2026-03-19T07:59:37.537+0000] {dag.py:3096} INFO - Sync 1 DAGs
[2026-03-19T07:59:37.549+0000] {logging_mixin.py:188} INFO - [2026-03-19T07:59:37.549+0000] {dag.py:3954} INFO - Setting next_dagrun for latest_only to 2026-03-19 00:00:00+00:00, run_after=2026-03-19 04:00:00+00:00
[2026-03-19T07:59:37.564+0000] {processor.py:183} INFO - Processing /home/airflow/.local/lib/python3.12/site-packages/airflow/example_dags/example_latest_only.py took 0.057 seconds
[2026-03-19T08:00:08.423+0000] {processor.py:161} INFO - Started process (PID=38190) to work on /home/airflow/.local/lib/python3.12/site-packages/airflow/example_dags/example_latest_only.py
[2026-03-19T08:00:08.426+0000] {processor.py:830} INFO - Processing file /home/airflow/.local/lib/python3.12/site-packages/airflow/example_dags/example_latest_only.py for tasks to queue
[2026-03-19T08:00:08.426+0000] {logging_mixin.py:188} INFO - [2026-03-19T08:00:08.426+0000] {dagbag.py:545} INFO - Filling up the DagBag from /home/airflow/.local/lib/python3.12/site-packages/airflow/example_dags/example_latest_only.py
[2026-03-19T08:00:08.430+0000] {processor.py:840} INFO - DAG(s) 'latest_only' retrieved from /home/airflow/.local/lib/python3.12/site-packages/airflow/example_dags/example_latest_only.py
[2026-03-19T08:00:08.448+0000] {logging_mixin.py:188} INFO - [2026-03-19T08:00:08.447+0000] {dag.py:3096} INFO - Sync 1 DAGs
[2026-03-19T08:00:08.460+0000] {logging_mixin.py:188} INFO - [2026-03-19T08:00:08.460+0000] {dag.py:3954} INFO - Setting next_dagrun for latest_only to 2026-03-19 04:00:00+00:00, run_after=2026-03-19 08:00:00+00:00
[2026-03-19T08:00:08.473+0000] {processor.py:183} INFO - Processing /home/airflow/.local/lib/python3.12/site-packages/airflow/example_dags/example_latest_only.py took 0.053 seconds
[2026-03-19T08:00:38.635+0000] {processor.py:161} INFO - Started process (PID=38249) to work on /home/airflow/.local/lib/python3.12/site-packages/airflow/example_dags/example_latest_only.py
[2026-03-19T08:00:38.637+0000] {processor.py:830} INFO - Processing file /home/airflow/.local/lib/python3.12/site-packages/airflow/example_dags/example_latest_only.py for tasks to queue
[2026-03-19T08:00:38.638+0000] {logging_mixin.py:188} INFO - [2026-03-19T08:00:38.637+0000] {dagbag.py:545} INFO - Filling up the DagBag from /home/airflow/.local/lib/python3.12/site-packages/airflow/example_dags/example_latest_only.py
[2026-03-19T08:00:38.641+0000] {processor.py:840} INFO - DAG(s) 'latest_only' retrieved from /home/airflow/.local/lib/python3.12/site-packages/airflow/example_dags/example_latest_only.py
[2026-03-19T08:00:38.652+0000] {logging_mixin.py:188} INFO - [2026-03-19T08:00:38.652+0000] {dag.py:3096} INFO - Sync 1 DAGs
[2026-03-19T08:00:38.664+0000] {logging_mixin.py:188} INFO - [2026-03-19T08:00:38.664+0000] {dag.py:3954} INFO - Setting next_dagrun for latest_only to 2026-03-19 04:00:00+00:00, run_after=2026-03-19 08:00:00+00:00
[2026-03-19T08:00:38.673+0000] {processor.py:183} INFO - Processing /home/airflow/.local/lib/python3.12/site-packages/airflow/example_dags/example_latest_only.py took 0.041 seconds
