[2026-03-19T00:12:46.286+0000] {processor.py:161} INFO - Started process (PID=35711) to work on /home/airflow/.local/lib/python3.12/site-packages/airflow/example_dags/example_complex.py
[2026-03-19T00:12:46.287+0000] {processor.py:830} INFO - Processing file /home/airflow/.local/lib/python3.12/site-packages/airflow/example_dags/example_complex.py for tasks to queue
[2026-03-19T00:12:46.288+0000] {logging_mixin.py:188} INFO - [2026-03-19T00:12:46.288+0000] {dagbag.py:545} INFO - Filling up the DagBag from /home/airflow/.local/lib/python3.12/site-packages/airflow/example_dags/example_complex.py
[2026-03-19T00:12:46.294+0000] {processor.py:840} INFO - DAG(s) 'example_complex' retrieved from /home/airflow/.local/lib/python3.12/site-packages/airflow/example_dags/example_complex.py
[2026-03-19T00:12:46.316+0000] {logging_mixin.py:188} INFO - [2026-03-19T00:12:46.316+0000] {dag.py:3096} INFO - Sync 1 DAGs
[2026-03-19T00:12:46.326+0000] {logging_mixin.py:188} INFO - [2026-03-19T00:12:46.326+0000] {dag.py:3954} INFO - Setting next_dagrun for example_complex to None, run_after=None
[2026-03-19T00:12:46.449+0000] {processor.py:183} INFO - Processing /home/airflow/.local/lib/python3.12/site-packages/airflow/example_dags/example_complex.py took 0.167 seconds
[2026-03-19T00:46:47.728+0000] {processor.py:161} INFO - Started process (PID=35770) to work on /home/airflow/.local/lib/python3.12/site-packages/airflow/example_dags/example_complex.py
[2026-03-19T00:46:47.732+0000] {processor.py:830} INFO - Processing file /home/airflow/.local/lib/python3.12/site-packages/airflow/example_dags/example_complex.py for tasks to queue
[2026-03-19T00:46:47.735+0000] {logging_mixin.py:188} INFO - [2026-03-19T00:46:47.735+0000] {dagbag.py:545} INFO - Filling up the DagBag from /home/airflow/.local/lib/python3.12/site-packages/airflow/example_dags/example_complex.py
[2026-03-19T00:46:47.744+0000] {processor.py:840} INFO - DAG(s) 'example_complex' retrieved from /home/airflow/.local/lib/python3.12/site-packages/airflow/example_dags/example_complex.py
[2026-03-19T00:46:47.775+0000] {logging_mixin.py:188} INFO - [2026-03-19T00:46:47.774+0000] {dag.py:3096} INFO - Sync 1 DAGs
[2026-03-19T00:46:47.784+0000] {logging_mixin.py:188} INFO - [2026-03-19T00:46:47.783+0000] {dag.py:3954} INFO - Setting next_dagrun for example_complex to None, run_after=None
[2026-03-19T00:46:47.801+0000] {processor.py:183} INFO - Processing /home/airflow/.local/lib/python3.12/site-packages/airflow/example_dags/example_complex.py took 0.083 seconds
[2026-03-19T01:13:45.849+0000] {processor.py:161} INFO - Started process (PID=35837) to work on /home/airflow/.local/lib/python3.12/site-packages/airflow/example_dags/example_complex.py
[2026-03-19T01:13:45.851+0000] {processor.py:830} INFO - Processing file /home/airflow/.local/lib/python3.12/site-packages/airflow/example_dags/example_complex.py for tasks to queue
[2026-03-19T01:13:45.855+0000] {logging_mixin.py:188} INFO - [2026-03-19T01:13:45.854+0000] {dagbag.py:545} INFO - Filling up the DagBag from /home/airflow/.local/lib/python3.12/site-packages/airflow/example_dags/example_complex.py
[2026-03-19T01:13:45.869+0000] {processor.py:840} INFO - DAG(s) 'example_complex' retrieved from /home/airflow/.local/lib/python3.12/site-packages/airflow/example_dags/example_complex.py
[2026-03-19T01:13:45.901+0000] {logging_mixin.py:188} INFO - [2026-03-19T01:13:45.901+0000] {dag.py:3096} INFO - Sync 1 DAGs
[2026-03-19T01:13:45.914+0000] {logging_mixin.py:188} INFO - [2026-03-19T01:13:45.914+0000] {dag.py:3954} INFO - Setting next_dagrun for example_complex to None, run_after=None
[2026-03-19T01:13:45.930+0000] {processor.py:183} INFO - Processing /home/airflow/.local/lib/python3.12/site-packages/airflow/example_dags/example_complex.py took 0.088 seconds
[2026-03-19T02:14:49.838+0000] {processor.py:161} INFO - Started process (PID=35915) to work on /home/airflow/.local/lib/python3.12/site-packages/airflow/example_dags/example_complex.py
[2026-03-19T02:14:49.850+0000] {processor.py:830} INFO - Processing file /home/airflow/.local/lib/python3.12/site-packages/airflow/example_dags/example_complex.py for tasks to queue
[2026-03-19T02:14:49.860+0000] {logging_mixin.py:188} INFO - [2026-03-19T02:14:49.855+0000] {dagbag.py:545} INFO - Filling up the DagBag from /home/airflow/.local/lib/python3.12/site-packages/airflow/example_dags/example_complex.py
[2026-03-19T02:14:54.651+0000] {processor.py:840} INFO - DAG(s) 'example_complex' retrieved from /home/airflow/.local/lib/python3.12/site-packages/airflow/example_dags/example_complex.py
[2026-03-19T02:14:54.793+0000] {logging_mixin.py:188} INFO - [2026-03-19T02:14:54.791+0000] {dag.py:3096} INFO - Sync 1 DAGs
[2026-03-19T02:14:54.934+0000] {logging_mixin.py:188} INFO - [2026-03-19T02:14:54.934+0000] {dag.py:3954} INFO - Setting next_dagrun for example_complex to None, run_after=None
[2026-03-19T02:14:55.102+0000] {processor.py:183} INFO - Processing /home/airflow/.local/lib/python3.12/site-packages/airflow/example_dags/example_complex.py took 5.325 seconds
[2026-03-19T02:15:25.691+0000] {processor.py:161} INFO - Started process (PID=35980) to work on /home/airflow/.local/lib/python3.12/site-packages/airflow/example_dags/example_complex.py
[2026-03-19T02:15:25.710+0000] {processor.py:830} INFO - Processing file /home/airflow/.local/lib/python3.12/site-packages/airflow/example_dags/example_complex.py for tasks to queue
[2026-03-19T02:15:25.732+0000] {logging_mixin.py:188} INFO - [2026-03-19T02:15:25.729+0000] {dagbag.py:545} INFO - Filling up the DagBag from /home/airflow/.local/lib/python3.12/site-packages/airflow/example_dags/example_complex.py
[2026-03-19T02:15:25.826+0000] {processor.py:840} INFO - DAG(s) 'example_complex' retrieved from /home/airflow/.local/lib/python3.12/site-packages/airflow/example_dags/example_complex.py
[2026-03-19T02:15:25.913+0000] {logging_mixin.py:188} INFO - [2026-03-19T02:15:25.913+0000] {dag.py:3096} INFO - Sync 1 DAGs
[2026-03-19T02:15:25.967+0000] {logging_mixin.py:188} INFO - [2026-03-19T02:15:25.967+0000] {dag.py:3954} INFO - Setting next_dagrun for example_complex to None, run_after=None
[2026-03-19T02:15:26.026+0000] {processor.py:183} INFO - Processing /home/airflow/.local/lib/python3.12/site-packages/airflow/example_dags/example_complex.py took 0.381 seconds
[2026-03-19T03:06:11.575+0000] {processor.py:161} INFO - Started process (PID=36058) to work on /home/airflow/.local/lib/python3.12/site-packages/airflow/example_dags/example_complex.py
[2026-03-19T03:06:11.581+0000] {processor.py:830} INFO - Processing file /home/airflow/.local/lib/python3.12/site-packages/airflow/example_dags/example_complex.py for tasks to queue
[2026-03-19T03:06:11.584+0000] {logging_mixin.py:188} INFO - [2026-03-19T03:06:11.584+0000] {dagbag.py:545} INFO - Filling up the DagBag from /home/airflow/.local/lib/python3.12/site-packages/airflow/example_dags/example_complex.py
[2026-03-19T03:06:11.605+0000] {processor.py:840} INFO - DAG(s) 'example_complex' retrieved from /home/airflow/.local/lib/python3.12/site-packages/airflow/example_dags/example_complex.py
[2026-03-19T03:06:11.730+0000] {logging_mixin.py:188} INFO - [2026-03-19T03:06:11.729+0000] {dag.py:3096} INFO - Sync 1 DAGs
[2026-03-19T03:06:11.787+0000] {logging_mixin.py:188} INFO - [2026-03-19T03:06:11.787+0000] {dag.py:3954} INFO - Setting next_dagrun for example_complex to None, run_after=None
[2026-03-19T03:06:11.845+0000] {processor.py:183} INFO - Processing /home/airflow/.local/lib/python3.12/site-packages/airflow/example_dags/example_complex.py took 0.301 seconds
[2026-03-19T03:06:41.975+0000] {processor.py:161} INFO - Started process (PID=36125) to work on /home/airflow/.local/lib/python3.12/site-packages/airflow/example_dags/example_complex.py
[2026-03-19T03:06:41.976+0000] {processor.py:830} INFO - Processing file /home/airflow/.local/lib/python3.12/site-packages/airflow/example_dags/example_complex.py for tasks to queue
[2026-03-19T03:06:41.976+0000] {logging_mixin.py:188} INFO - [2026-03-19T03:06:41.976+0000] {dagbag.py:545} INFO - Filling up the DagBag from /home/airflow/.local/lib/python3.12/site-packages/airflow/example_dags/example_complex.py
[2026-03-19T03:06:41.982+0000] {processor.py:840} INFO - DAG(s) 'example_complex' retrieved from /home/airflow/.local/lib/python3.12/site-packages/airflow/example_dags/example_complex.py
[2026-03-19T03:06:42.000+0000] {logging_mixin.py:188} INFO - [2026-03-19T03:06:42.000+0000] {dag.py:3096} INFO - Sync 1 DAGs
[2026-03-19T03:06:42.008+0000] {logging_mixin.py:188} INFO - [2026-03-19T03:06:42.007+0000] {dag.py:3954} INFO - Setting next_dagrun for example_complex to None, run_after=None
[2026-03-19T03:06:42.020+0000] {processor.py:183} INFO - Processing /home/airflow/.local/lib/python3.12/site-packages/airflow/example_dags/example_complex.py took 0.049 seconds
[2026-03-19T03:15:43.456+0000] {processor.py:161} INFO - Started process (PID=36184) to work on /home/airflow/.local/lib/python3.12/site-packages/airflow/example_dags/example_complex.py
[2026-03-19T03:15:43.458+0000] {processor.py:830} INFO - Processing file /home/airflow/.local/lib/python3.12/site-packages/airflow/example_dags/example_complex.py for tasks to queue
[2026-03-19T03:15:43.459+0000] {logging_mixin.py:188} INFO - [2026-03-19T03:15:43.459+0000] {dagbag.py:545} INFO - Filling up the DagBag from /home/airflow/.local/lib/python3.12/site-packages/airflow/example_dags/example_complex.py
[2026-03-19T03:15:43.472+0000] {processor.py:840} INFO - DAG(s) 'example_complex' retrieved from /home/airflow/.local/lib/python3.12/site-packages/airflow/example_dags/example_complex.py
[2026-03-19T03:15:43.502+0000] {logging_mixin.py:188} INFO - [2026-03-19T03:15:43.502+0000] {dag.py:3096} INFO - Sync 1 DAGs
[2026-03-19T03:15:43.519+0000] {logging_mixin.py:188} INFO - [2026-03-19T03:15:43.519+0000] {dag.py:3954} INFO - Setting next_dagrun for example_complex to None, run_after=None
[2026-03-19T03:15:43.545+0000] {processor.py:183} INFO - Processing /home/airflow/.local/lib/python3.12/site-packages/airflow/example_dags/example_complex.py took 0.100 seconds
[2026-03-19T03:32:06.494+0000] {processor.py:161} INFO - Started process (PID=36243) to work on /home/airflow/.local/lib/python3.12/site-packages/airflow/example_dags/example_complex.py
[2026-03-19T03:32:06.495+0000] {processor.py:830} INFO - Processing file /home/airflow/.local/lib/python3.12/site-packages/airflow/example_dags/example_complex.py for tasks to queue
[2026-03-19T03:32:06.496+0000] {logging_mixin.py:188} INFO - [2026-03-19T03:32:06.496+0000] {dagbag.py:545} INFO - Filling up the DagBag from /home/airflow/.local/lib/python3.12/site-packages/airflow/example_dags/example_complex.py
[2026-03-19T03:32:06.510+0000] {processor.py:840} INFO - DAG(s) 'example_complex' retrieved from /home/airflow/.local/lib/python3.12/site-packages/airflow/example_dags/example_complex.py
[2026-03-19T03:32:06.543+0000] {logging_mixin.py:188} INFO - [2026-03-19T03:32:06.543+0000] {dag.py:3096} INFO - Sync 1 DAGs
[2026-03-19T03:32:06.555+0000] {logging_mixin.py:188} INFO - [2026-03-19T03:32:06.555+0000] {dag.py:3954} INFO - Setting next_dagrun for example_complex to None, run_after=None
[2026-03-19T03:32:06.579+0000] {processor.py:183} INFO - Processing /home/airflow/.local/lib/python3.12/site-packages/airflow/example_dags/example_complex.py took 0.091 seconds
[2026-03-19T04:16:44.378+0000] {processor.py:161} INFO - Started process (PID=36310) to work on /home/airflow/.local/lib/python3.12/site-packages/airflow/example_dags/example_complex.py
[2026-03-19T04:16:44.382+0000] {processor.py:830} INFO - Processing file /home/airflow/.local/lib/python3.12/site-packages/airflow/example_dags/example_complex.py for tasks to queue
[2026-03-19T04:16:44.383+0000] {logging_mixin.py:188} INFO - [2026-03-19T04:16:44.383+0000] {dagbag.py:545} INFO - Filling up the DagBag from /home/airflow/.local/lib/python3.12/site-packages/airflow/example_dags/example_complex.py
[2026-03-19T04:16:44.394+0000] {processor.py:840} INFO - DAG(s) 'example_complex' retrieved from /home/airflow/.local/lib/python3.12/site-packages/airflow/example_dags/example_complex.py
[2026-03-19T04:16:44.432+0000] {logging_mixin.py:188} INFO - [2026-03-19T04:16:44.432+0000] {dag.py:3096} INFO - Sync 1 DAGs
[2026-03-19T04:16:44.442+0000] {logging_mixin.py:188} INFO - [2026-03-19T04:16:44.442+0000] {dag.py:3954} INFO - Setting next_dagrun for example_complex to None, run_after=None
[2026-03-19T04:16:44.457+0000] {processor.py:183} INFO - Processing /home/airflow/.local/lib/python3.12/site-packages/airflow/example_dags/example_complex.py took 0.085 seconds
[2026-03-19T04:17:18.562+0000] {processor.py:161} INFO - Started process (PID=36377) to work on /home/airflow/.local/lib/python3.12/site-packages/airflow/example_dags/example_complex.py
[2026-03-19T04:17:18.565+0000] {processor.py:830} INFO - Processing file /home/airflow/.local/lib/python3.12/site-packages/airflow/example_dags/example_complex.py for tasks to queue
[2026-03-19T04:17:18.566+0000] {logging_mixin.py:188} INFO - [2026-03-19T04:17:18.566+0000] {dagbag.py:545} INFO - Filling up the DagBag from /home/airflow/.local/lib/python3.12/site-packages/airflow/example_dags/example_complex.py
[2026-03-19T04:17:18.587+0000] {processor.py:840} INFO - DAG(s) 'example_complex' retrieved from /home/airflow/.local/lib/python3.12/site-packages/airflow/example_dags/example_complex.py
[2026-03-19T04:17:18.645+0000] {logging_mixin.py:188} INFO - [2026-03-19T04:17:18.645+0000] {dag.py:3096} INFO - Sync 1 DAGs
[2026-03-19T04:17:18.659+0000] {logging_mixin.py:188} INFO - [2026-03-19T04:17:18.659+0000] {dag.py:3954} INFO - Setting next_dagrun for example_complex to None, run_after=None
[2026-03-19T04:17:18.692+0000] {processor.py:183} INFO - Processing /home/airflow/.local/lib/python3.12/site-packages/airflow/example_dags/example_complex.py took 0.139 seconds
[2026-03-19T05:17:37.998+0000] {processor.py:161} INFO - Started process (PID=36436) to work on /home/airflow/.local/lib/python3.12/site-packages/airflow/example_dags/example_complex.py
[2026-03-19T05:17:37.999+0000] {processor.py:830} INFO - Processing file /home/airflow/.local/lib/python3.12/site-packages/airflow/example_dags/example_complex.py for tasks to queue
[2026-03-19T05:17:37.999+0000] {logging_mixin.py:188} INFO - [2026-03-19T05:17:37.999+0000] {dagbag.py:545} INFO - Filling up the DagBag from /home/airflow/.local/lib/python3.12/site-packages/airflow/example_dags/example_complex.py
[2026-03-19T05:17:38.007+0000] {processor.py:840} INFO - DAG(s) 'example_complex' retrieved from /home/airflow/.local/lib/python3.12/site-packages/airflow/example_dags/example_complex.py
[2026-03-19T05:17:38.036+0000] {logging_mixin.py:188} INFO - [2026-03-19T05:17:38.036+0000] {dag.py:3096} INFO - Sync 1 DAGs
[2026-03-19T05:17:38.046+0000] {logging_mixin.py:188} INFO - [2026-03-19T05:17:38.046+0000] {dag.py:3954} INFO - Setting next_dagrun for example_complex to None, run_after=None
[2026-03-19T05:17:38.061+0000] {processor.py:183} INFO - Processing /home/airflow/.local/lib/python3.12/site-packages/airflow/example_dags/example_complex.py took 0.068 seconds
[2026-03-19T05:18:08.420+0000] {processor.py:161} INFO - Started process (PID=36495) to work on /home/airflow/.local/lib/python3.12/site-packages/airflow/example_dags/example_complex.py
[2026-03-19T05:18:08.422+0000] {processor.py:830} INFO - Processing file /home/airflow/.local/lib/python3.12/site-packages/airflow/example_dags/example_complex.py for tasks to queue
[2026-03-19T05:18:08.423+0000] {logging_mixin.py:188} INFO - [2026-03-19T05:18:08.423+0000] {dagbag.py:545} INFO - Filling up the DagBag from /home/airflow/.local/lib/python3.12/site-packages/airflow/example_dags/example_complex.py
[2026-03-19T05:18:08.429+0000] {processor.py:840} INFO - DAG(s) 'example_complex' retrieved from /home/airflow/.local/lib/python3.12/site-packages/airflow/example_dags/example_complex.py
[2026-03-19T05:18:08.458+0000] {logging_mixin.py:188} INFO - [2026-03-19T05:18:08.457+0000] {dag.py:3096} INFO - Sync 1 DAGs
[2026-03-19T05:18:08.468+0000] {logging_mixin.py:188} INFO - [2026-03-19T05:18:08.467+0000] {dag.py:3954} INFO - Setting next_dagrun for example_complex to None, run_after=None
[2026-03-19T05:18:08.480+0000] {processor.py:183} INFO - Processing /home/airflow/.local/lib/python3.12/site-packages/airflow/example_dags/example_complex.py took 0.068 seconds
[2026-03-19T06:18:37.367+0000] {processor.py:161} INFO - Started process (PID=36554) to work on /home/airflow/.local/lib/python3.12/site-packages/airflow/example_dags/example_complex.py
[2026-03-19T06:18:37.368+0000] {processor.py:830} INFO - Processing file /home/airflow/.local/lib/python3.12/site-packages/airflow/example_dags/example_complex.py for tasks to queue
[2026-03-19T06:18:37.369+0000] {logging_mixin.py:188} INFO - [2026-03-19T06:18:37.369+0000] {dagbag.py:545} INFO - Filling up the DagBag from /home/airflow/.local/lib/python3.12/site-packages/airflow/example_dags/example_complex.py
[2026-03-19T06:18:37.380+0000] {processor.py:840} INFO - DAG(s) 'example_complex' retrieved from /home/airflow/.local/lib/python3.12/site-packages/airflow/example_dags/example_complex.py
[2026-03-19T06:18:37.409+0000] {logging_mixin.py:188} INFO - [2026-03-19T06:18:37.409+0000] {dag.py:3096} INFO - Sync 1 DAGs
[2026-03-19T06:18:37.421+0000] {logging_mixin.py:188} INFO - [2026-03-19T06:18:37.421+0000] {dag.py:3954} INFO - Setting next_dagrun for example_complex to None, run_after=None
[2026-03-19T06:18:37.438+0000] {processor.py:183} INFO - Processing /home/airflow/.local/lib/python3.12/site-packages/airflow/example_dags/example_complex.py took 0.077 seconds
[2026-03-19T06:19:07.817+0000] {processor.py:161} INFO - Started process (PID=36621) to work on /home/airflow/.local/lib/python3.12/site-packages/airflow/example_dags/example_complex.py
[2026-03-19T06:19:07.821+0000] {processor.py:830} INFO - Processing file /home/airflow/.local/lib/python3.12/site-packages/airflow/example_dags/example_complex.py for tasks to queue
[2026-03-19T06:19:07.821+0000] {logging_mixin.py:188} INFO - [2026-03-19T06:19:07.821+0000] {dagbag.py:545} INFO - Filling up the DagBag from /home/airflow/.local/lib/python3.12/site-packages/airflow/example_dags/example_complex.py
[2026-03-19T06:19:07.827+0000] {processor.py:840} INFO - DAG(s) 'example_complex' retrieved from /home/airflow/.local/lib/python3.12/site-packages/airflow/example_dags/example_complex.py
[2026-03-19T06:19:07.842+0000] {logging_mixin.py:188} INFO - [2026-03-19T06:19:07.842+0000] {dag.py:3096} INFO - Sync 1 DAGs
[2026-03-19T06:19:07.852+0000] {logging_mixin.py:188} INFO - [2026-03-19T06:19:07.852+0000] {dag.py:3954} INFO - Setting next_dagrun for example_complex to None, run_after=None
[2026-03-19T06:19:07.865+0000] {processor.py:183} INFO - Processing /home/airflow/.local/lib/python3.12/site-packages/airflow/example_dags/example_complex.py took 0.051 seconds
[2026-03-19T07:19:37.138+0000] {processor.py:161} INFO - Started process (PID=36680) to work on /home/airflow/.local/lib/python3.12/site-packages/airflow/example_dags/example_complex.py
[2026-03-19T07:19:37.140+0000] {processor.py:830} INFO - Processing file /home/airflow/.local/lib/python3.12/site-packages/airflow/example_dags/example_complex.py for tasks to queue
[2026-03-19T07:19:37.141+0000] {logging_mixin.py:188} INFO - [2026-03-19T07:19:37.140+0000] {dagbag.py:545} INFO - Filling up the DagBag from /home/airflow/.local/lib/python3.12/site-packages/airflow/example_dags/example_complex.py
[2026-03-19T07:19:37.157+0000] {processor.py:840} INFO - DAG(s) 'example_complex' retrieved from /home/airflow/.local/lib/python3.12/site-packages/airflow/example_dags/example_complex.py
[2026-03-19T07:19:37.203+0000] {logging_mixin.py:188} INFO - [2026-03-19T07:19:37.203+0000] {dag.py:3096} INFO - Sync 1 DAGs
[2026-03-19T07:19:37.226+0000] {logging_mixin.py:188} INFO - [2026-03-19T07:19:37.225+0000] {dag.py:3954} INFO - Setting next_dagrun for example_complex to None, run_after=None
[2026-03-19T07:19:37.258+0000] {processor.py:183} INFO - Processing /home/airflow/.local/lib/python3.12/site-packages/airflow/example_dags/example_complex.py took 0.130 seconds
[2026-03-19T07:20:08.252+0000] {processor.py:161} INFO - Started process (PID=36748) to work on /home/airflow/.local/lib/python3.12/site-packages/airflow/example_dags/example_complex.py
[2026-03-19T07:20:08.253+0000] {processor.py:830} INFO - Processing file /home/airflow/.local/lib/python3.12/site-packages/airflow/example_dags/example_complex.py for tasks to queue
[2026-03-19T07:20:08.253+0000] {logging_mixin.py:188} INFO - [2026-03-19T07:20:08.253+0000] {dagbag.py:545} INFO - Filling up the DagBag from /home/airflow/.local/lib/python3.12/site-packages/airflow/example_dags/example_complex.py
[2026-03-19T07:20:08.258+0000] {processor.py:840} INFO - DAG(s) 'example_complex' retrieved from /home/airflow/.local/lib/python3.12/site-packages/airflow/example_dags/example_complex.py
[2026-03-19T07:20:08.275+0000] {logging_mixin.py:188} INFO - [2026-03-19T07:20:08.275+0000] {dag.py:3096} INFO - Sync 1 DAGs
[2026-03-19T07:20:08.281+0000] {logging_mixin.py:188} INFO - [2026-03-19T07:20:08.281+0000] {dag.py:3954} INFO - Setting next_dagrun for example_complex to None, run_after=None
[2026-03-19T07:20:08.290+0000] {processor.py:183} INFO - Processing /home/airflow/.local/lib/python3.12/site-packages/airflow/example_dags/example_complex.py took 0.042 seconds
[2026-03-19T07:37:31.221+0000] {processor.py:161} INFO - Started process (PID=36806) to work on /home/airflow/.local/lib/python3.12/site-packages/airflow/example_dags/example_complex.py
[2026-03-19T07:37:31.222+0000] {processor.py:830} INFO - Processing file /home/airflow/.local/lib/python3.12/site-packages/airflow/example_dags/example_complex.py for tasks to queue
[2026-03-19T07:37:31.223+0000] {logging_mixin.py:188} INFO - [2026-03-19T07:37:31.223+0000] {dagbag.py:545} INFO - Filling up the DagBag from /home/airflow/.local/lib/python3.12/site-packages/airflow/example_dags/example_complex.py
[2026-03-19T07:37:31.231+0000] {processor.py:840} INFO - DAG(s) 'example_complex' retrieved from /home/airflow/.local/lib/python3.12/site-packages/airflow/example_dags/example_complex.py
[2026-03-19T07:37:31.258+0000] {logging_mixin.py:188} INFO - [2026-03-19T07:37:31.258+0000] {dag.py:3096} INFO - Sync 1 DAGs
[2026-03-19T07:37:31.269+0000] {logging_mixin.py:188} INFO - [2026-03-19T07:37:31.269+0000] {dag.py:3954} INFO - Setting next_dagrun for example_complex to None, run_after=None
[2026-03-19T07:37:31.286+0000] {processor.py:183} INFO - Processing /home/airflow/.local/lib/python3.12/site-packages/airflow/example_dags/example_complex.py took 0.069 seconds
[2026-03-19T07:38:05.981+0000] {processor.py:161} INFO - Started process (PID=36873) to work on /home/airflow/.local/lib/python3.12/site-packages/airflow/example_dags/example_complex.py
[2026-03-19T07:38:05.984+0000] {processor.py:830} INFO - Processing file /home/airflow/.local/lib/python3.12/site-packages/airflow/example_dags/example_complex.py for tasks to queue
[2026-03-19T07:38:05.985+0000] {logging_mixin.py:188} INFO - [2026-03-19T07:38:05.984+0000] {dagbag.py:545} INFO - Filling up the DagBag from /home/airflow/.local/lib/python3.12/site-packages/airflow/example_dags/example_complex.py
[2026-03-19T07:38:06.002+0000] {processor.py:840} INFO - DAG(s) 'example_complex' retrieved from /home/airflow/.local/lib/python3.12/site-packages/airflow/example_dags/example_complex.py
[2026-03-19T07:38:06.062+0000] {logging_mixin.py:188} INFO - [2026-03-19T07:38:06.062+0000] {dag.py:3096} INFO - Sync 1 DAGs
[2026-03-19T07:38:06.089+0000] {logging_mixin.py:188} INFO - [2026-03-19T07:38:06.089+0000] {dag.py:3954} INFO - Setting next_dagrun for example_complex to None, run_after=None
[2026-03-19T07:38:06.120+0000] {processor.py:183} INFO - Processing /home/airflow/.local/lib/python3.12/site-packages/airflow/example_dags/example_complex.py took 0.150 seconds
[2026-03-19T07:48:57.217+0000] {processor.py:161} INFO - Started process (PID=36932) to work on /home/airflow/.local/lib/python3.12/site-packages/airflow/example_dags/example_complex.py
[2026-03-19T07:48:57.218+0000] {processor.py:830} INFO - Processing file /home/airflow/.local/lib/python3.12/site-packages/airflow/example_dags/example_complex.py for tasks to queue
[2026-03-19T07:48:57.219+0000] {logging_mixin.py:188} INFO - [2026-03-19T07:48:57.219+0000] {dagbag.py:545} INFO - Filling up the DagBag from /home/airflow/.local/lib/python3.12/site-packages/airflow/example_dags/example_complex.py
[2026-03-19T07:48:57.227+0000] {processor.py:840} INFO - DAG(s) 'example_complex' retrieved from /home/airflow/.local/lib/python3.12/site-packages/airflow/example_dags/example_complex.py
[2026-03-19T07:48:57.257+0000] {logging_mixin.py:188} INFO - [2026-03-19T07:48:57.257+0000] {dag.py:3096} INFO - Sync 1 DAGs
[2026-03-19T07:48:57.269+0000] {logging_mixin.py:188} INFO - [2026-03-19T07:48:57.269+0000] {dag.py:3954} INFO - Setting next_dagrun for example_complex to None, run_after=None
[2026-03-19T07:48:57.303+0000] {processor.py:183} INFO - Processing /home/airflow/.local/lib/python3.12/site-packages/airflow/example_dags/example_complex.py took 0.091 seconds
[2026-03-19T07:49:29.519+0000] {processor.py:161} INFO - Started process (PID=36991) to work on /home/airflow/.local/lib/python3.12/site-packages/airflow/example_dags/example_complex.py
[2026-03-19T07:49:29.520+0000] {processor.py:830} INFO - Processing file /home/airflow/.local/lib/python3.12/site-packages/airflow/example_dags/example_complex.py for tasks to queue
[2026-03-19T07:49:29.522+0000] {logging_mixin.py:188} INFO - [2026-03-19T07:49:29.522+0000] {dagbag.py:545} INFO - Filling up the DagBag from /home/airflow/.local/lib/python3.12/site-packages/airflow/example_dags/example_complex.py
[2026-03-19T07:49:29.533+0000] {processor.py:840} INFO - DAG(s) 'example_complex' retrieved from /home/airflow/.local/lib/python3.12/site-packages/airflow/example_dags/example_complex.py
[2026-03-19T07:49:29.641+0000] {logging_mixin.py:188} INFO - [2026-03-19T07:49:29.640+0000] {dag.py:3096} INFO - Sync 1 DAGs
[2026-03-19T07:49:29.663+0000] {logging_mixin.py:188} INFO - [2026-03-19T07:49:29.662+0000] {dag.py:3954} INFO - Setting next_dagrun for example_complex to None, run_after=None
[2026-03-19T07:49:29.701+0000] {processor.py:183} INFO - Processing /home/airflow/.local/lib/python3.12/site-packages/airflow/example_dags/example_complex.py took 0.188 seconds
[2026-03-19T07:50:01.350+0000] {processor.py:161} INFO - Started process (PID=37050) to work on /home/airflow/.local/lib/python3.12/site-packages/airflow/example_dags/example_complex.py
[2026-03-19T07:50:01.353+0000] {processor.py:830} INFO - Processing file /home/airflow/.local/lib/python3.12/site-packages/airflow/example_dags/example_complex.py for tasks to queue
[2026-03-19T07:50:01.367+0000] {logging_mixin.py:188} INFO - [2026-03-19T07:50:01.359+0000] {dagbag.py:545} INFO - Filling up the DagBag from /home/airflow/.local/lib/python3.12/site-packages/airflow/example_dags/example_complex.py
[2026-03-19T07:50:01.436+0000] {processor.py:840} INFO - DAG(s) 'example_complex' retrieved from /home/airflow/.local/lib/python3.12/site-packages/airflow/example_dags/example_complex.py
[2026-03-19T07:50:01.547+0000] {logging_mixin.py:188} INFO - [2026-03-19T07:50:01.546+0000] {dag.py:3096} INFO - Sync 1 DAGs
[2026-03-19T07:50:01.577+0000] {logging_mixin.py:188} INFO - [2026-03-19T07:50:01.576+0000] {dag.py:3954} INFO - Setting next_dagrun for example_complex to None, run_after=None
[2026-03-19T07:50:01.611+0000] {processor.py:183} INFO - Processing /home/airflow/.local/lib/python3.12/site-packages/airflow/example_dags/example_complex.py took 0.278 seconds
[2026-03-19T07:50:32.199+0000] {processor.py:161} INFO - Started process (PID=37109) to work on /home/airflow/.local/lib/python3.12/site-packages/airflow/example_dags/example_complex.py
[2026-03-19T07:50:32.200+0000] {processor.py:830} INFO - Processing file /home/airflow/.local/lib/python3.12/site-packages/airflow/example_dags/example_complex.py for tasks to queue
[2026-03-19T07:50:32.200+0000] {logging_mixin.py:188} INFO - [2026-03-19T07:50:32.200+0000] {dagbag.py:545} INFO - Filling up the DagBag from /home/airflow/.local/lib/python3.12/site-packages/airflow/example_dags/example_complex.py
[2026-03-19T07:50:32.208+0000] {processor.py:840} INFO - DAG(s) 'example_complex' retrieved from /home/airflow/.local/lib/python3.12/site-packages/airflow/example_dags/example_complex.py
[2026-03-19T07:50:32.239+0000] {logging_mixin.py:188} INFO - [2026-03-19T07:50:32.239+0000] {dag.py:3096} INFO - Sync 1 DAGs
[2026-03-19T07:50:32.274+0000] {logging_mixin.py:188} INFO - [2026-03-19T07:50:32.274+0000] {dag.py:3954} INFO - Setting next_dagrun for example_complex to None, run_after=None
[2026-03-19T07:50:32.302+0000] {processor.py:183} INFO - Processing /home/airflow/.local/lib/python3.12/site-packages/airflow/example_dags/example_complex.py took 0.110 seconds
[2026-03-19T07:51:02.968+0000] {processor.py:161} INFO - Started process (PID=37168) to work on /home/airflow/.local/lib/python3.12/site-packages/airflow/example_dags/example_complex.py
[2026-03-19T07:51:02.969+0000] {processor.py:830} INFO - Processing file /home/airflow/.local/lib/python3.12/site-packages/airflow/example_dags/example_complex.py for tasks to queue
[2026-03-19T07:51:02.970+0000] {logging_mixin.py:188} INFO - [2026-03-19T07:51:02.970+0000] {dagbag.py:545} INFO - Filling up the DagBag from /home/airflow/.local/lib/python3.12/site-packages/airflow/example_dags/example_complex.py
[2026-03-19T07:51:02.976+0000] {processor.py:840} INFO - DAG(s) 'example_complex' retrieved from /home/airflow/.local/lib/python3.12/site-packages/airflow/example_dags/example_complex.py
[2026-03-19T07:51:02.995+0000] {logging_mixin.py:188} INFO - [2026-03-19T07:51:02.995+0000] {dag.py:3096} INFO - Sync 1 DAGs
[2026-03-19T07:51:03.002+0000] {logging_mixin.py:188} INFO - [2026-03-19T07:51:03.002+0000] {dag.py:3954} INFO - Setting next_dagrun for example_complex to None, run_after=None
[2026-03-19T07:51:03.018+0000] {processor.py:183} INFO - Processing /home/airflow/.local/lib/python3.12/site-packages/airflow/example_dags/example_complex.py took 0.053 seconds
[2026-03-19T07:51:35.531+0000] {processor.py:161} INFO - Started process (PID=37227) to work on /home/airflow/.local/lib/python3.12/site-packages/airflow/example_dags/example_complex.py
[2026-03-19T07:51:35.538+0000] {processor.py:830} INFO - Processing file /home/airflow/.local/lib/python3.12/site-packages/airflow/example_dags/example_complex.py for tasks to queue
[2026-03-19T07:51:35.550+0000] {logging_mixin.py:188} INFO - [2026-03-19T07:51:35.548+0000] {dagbag.py:545} INFO - Filling up the DagBag from /home/airflow/.local/lib/python3.12/site-packages/airflow/example_dags/example_complex.py
[2026-03-19T07:51:35.622+0000] {processor.py:840} INFO - DAG(s) 'example_complex' retrieved from /home/airflow/.local/lib/python3.12/site-packages/airflow/example_dags/example_complex.py
[2026-03-19T07:51:35.756+0000] {logging_mixin.py:188} INFO - [2026-03-19T07:51:35.756+0000] {dag.py:3096} INFO - Sync 1 DAGs
[2026-03-19T07:51:35.797+0000] {logging_mixin.py:188} INFO - [2026-03-19T07:51:35.796+0000] {dag.py:3954} INFO - Setting next_dagrun for example_complex to None, run_after=None
[2026-03-19T07:51:35.848+0000] {processor.py:183} INFO - Processing /home/airflow/.local/lib/python3.12/site-packages/airflow/example_dags/example_complex.py took 0.378 seconds
[2026-03-19T07:52:06.488+0000] {processor.py:161} INFO - Started process (PID=37286) to work on /home/airflow/.local/lib/python3.12/site-packages/airflow/example_dags/example_complex.py
[2026-03-19T07:52:06.489+0000] {processor.py:830} INFO - Processing file /home/airflow/.local/lib/python3.12/site-packages/airflow/example_dags/example_complex.py for tasks to queue
[2026-03-19T07:52:06.489+0000] {logging_mixin.py:188} INFO - [2026-03-19T07:52:06.489+0000] {dagbag.py:545} INFO - Filling up the DagBag from /home/airflow/.local/lib/python3.12/site-packages/airflow/example_dags/example_complex.py
[2026-03-19T07:52:06.497+0000] {processor.py:840} INFO - DAG(s) 'example_complex' retrieved from /home/airflow/.local/lib/python3.12/site-packages/airflow/example_dags/example_complex.py
[2026-03-19T07:52:06.520+0000] {logging_mixin.py:188} INFO - [2026-03-19T07:52:06.519+0000] {dag.py:3096} INFO - Sync 1 DAGs
[2026-03-19T07:52:06.527+0000] {logging_mixin.py:188} INFO - [2026-03-19T07:52:06.527+0000] {dag.py:3954} INFO - Setting next_dagrun for example_complex to None, run_after=None
[2026-03-19T07:52:06.537+0000] {processor.py:183} INFO - Processing /home/airflow/.local/lib/python3.12/site-packages/airflow/example_dags/example_complex.py took 0.054 seconds
[2026-03-19T07:52:37.226+0000] {processor.py:161} INFO - Started process (PID=37345) to work on /home/airflow/.local/lib/python3.12/site-packages/airflow/example_dags/example_complex.py
[2026-03-19T07:52:37.227+0000] {processor.py:830} INFO - Processing file /home/airflow/.local/lib/python3.12/site-packages/airflow/example_dags/example_complex.py for tasks to queue
[2026-03-19T07:52:37.227+0000] {logging_mixin.py:188} INFO - [2026-03-19T07:52:37.227+0000] {dagbag.py:545} INFO - Filling up the DagBag from /home/airflow/.local/lib/python3.12/site-packages/airflow/example_dags/example_complex.py
[2026-03-19T07:52:37.233+0000] {processor.py:840} INFO - DAG(s) 'example_complex' retrieved from /home/airflow/.local/lib/python3.12/site-packages/airflow/example_dags/example_complex.py
[2026-03-19T07:52:37.256+0000] {logging_mixin.py:188} INFO - [2026-03-19T07:52:37.256+0000] {dag.py:3096} INFO - Sync 1 DAGs
[2026-03-19T07:52:37.264+0000] {logging_mixin.py:188} INFO - [2026-03-19T07:52:37.264+0000] {dag.py:3954} INFO - Setting next_dagrun for example_complex to None, run_after=None
[2026-03-19T07:52:37.275+0000] {processor.py:183} INFO - Processing /home/airflow/.local/lib/python3.12/site-packages/airflow/example_dags/example_complex.py took 0.052 seconds
[2026-03-19T07:53:07.910+0000] {processor.py:161} INFO - Started process (PID=37404) to work on /home/airflow/.local/lib/python3.12/site-packages/airflow/example_dags/example_complex.py
[2026-03-19T07:53:07.911+0000] {processor.py:830} INFO - Processing file /home/airflow/.local/lib/python3.12/site-packages/airflow/example_dags/example_complex.py for tasks to queue
[2026-03-19T07:53:07.911+0000] {logging_mixin.py:188} INFO - [2026-03-19T07:53:07.911+0000] {dagbag.py:545} INFO - Filling up the DagBag from /home/airflow/.local/lib/python3.12/site-packages/airflow/example_dags/example_complex.py
[2026-03-19T07:53:07.919+0000] {processor.py:840} INFO - DAG(s) 'example_complex' retrieved from /home/airflow/.local/lib/python3.12/site-packages/airflow/example_dags/example_complex.py
[2026-03-19T07:53:07.948+0000] {logging_mixin.py:188} INFO - [2026-03-19T07:53:07.948+0000] {dag.py:3096} INFO - Sync 1 DAGs
[2026-03-19T07:53:07.955+0000] {logging_mixin.py:188} INFO - [2026-03-19T07:53:07.955+0000] {dag.py:3954} INFO - Setting next_dagrun for example_complex to None, run_after=None
[2026-03-19T07:53:07.970+0000] {processor.py:183} INFO - Processing /home/airflow/.local/lib/python3.12/site-packages/airflow/example_dags/example_complex.py took 0.067 seconds
[2026-03-19T07:53:38.424+0000] {processor.py:161} INFO - Started process (PID=37463) to work on /home/airflow/.local/lib/python3.12/site-packages/airflow/example_dags/example_complex.py
[2026-03-19T07:53:38.426+0000] {processor.py:830} INFO - Processing file /home/airflow/.local/lib/python3.12/site-packages/airflow/example_dags/example_complex.py for tasks to queue
[2026-03-19T07:53:38.426+0000] {logging_mixin.py:188} INFO - [2026-03-19T07:53:38.426+0000] {dagbag.py:545} INFO - Filling up the DagBag from /home/airflow/.local/lib/python3.12/site-packages/airflow/example_dags/example_complex.py
[2026-03-19T07:53:38.432+0000] {processor.py:840} INFO - DAG(s) 'example_complex' retrieved from /home/airflow/.local/lib/python3.12/site-packages/airflow/example_dags/example_complex.py
[2026-03-19T07:53:38.451+0000] {logging_mixin.py:188} INFO - [2026-03-19T07:53:38.451+0000] {dag.py:3096} INFO - Sync 1 DAGs
[2026-03-19T07:53:38.462+0000] {logging_mixin.py:188} INFO - [2026-03-19T07:53:38.462+0000] {dag.py:3954} INFO - Setting next_dagrun for example_complex to None, run_after=None
[2026-03-19T07:53:38.471+0000] {processor.py:183} INFO - Processing /home/airflow/.local/lib/python3.12/site-packages/airflow/example_dags/example_complex.py took 0.052 seconds
[2026-03-19T07:54:08.754+0000] {processor.py:161} INFO - Started process (PID=37522) to work on /home/airflow/.local/lib/python3.12/site-packages/airflow/example_dags/example_complex.py
[2026-03-19T07:54:08.755+0000] {processor.py:830} INFO - Processing file /home/airflow/.local/lib/python3.12/site-packages/airflow/example_dags/example_complex.py for tasks to queue
[2026-03-19T07:54:08.756+0000] {logging_mixin.py:188} INFO - [2026-03-19T07:54:08.756+0000] {dagbag.py:545} INFO - Filling up the DagBag from /home/airflow/.local/lib/python3.12/site-packages/airflow/example_dags/example_complex.py
[2026-03-19T07:54:08.761+0000] {processor.py:840} INFO - DAG(s) 'example_complex' retrieved from /home/airflow/.local/lib/python3.12/site-packages/airflow/example_dags/example_complex.py
[2026-03-19T07:54:08.776+0000] {logging_mixin.py:188} INFO - [2026-03-19T07:54:08.776+0000] {dag.py:3096} INFO - Sync 1 DAGs
[2026-03-19T07:54:08.782+0000] {logging_mixin.py:188} INFO - [2026-03-19T07:54:08.782+0000] {dag.py:3954} INFO - Setting next_dagrun for example_complex to None, run_after=None
[2026-03-19T07:54:08.791+0000] {processor.py:183} INFO - Processing /home/airflow/.local/lib/python3.12/site-packages/airflow/example_dags/example_complex.py took 0.040 seconds
[2026-03-19T07:54:39.078+0000] {processor.py:161} INFO - Started process (PID=37581) to work on /home/airflow/.local/lib/python3.12/site-packages/airflow/example_dags/example_complex.py
[2026-03-19T07:54:39.079+0000] {processor.py:830} INFO - Processing file /home/airflow/.local/lib/python3.12/site-packages/airflow/example_dags/example_complex.py for tasks to queue
[2026-03-19T07:54:39.079+0000] {logging_mixin.py:188} INFO - [2026-03-19T07:54:39.079+0000] {dagbag.py:545} INFO - Filling up the DagBag from /home/airflow/.local/lib/python3.12/site-packages/airflow/example_dags/example_complex.py
[2026-03-19T07:54:39.084+0000] {processor.py:840} INFO - DAG(s) 'example_complex' retrieved from /home/airflow/.local/lib/python3.12/site-packages/airflow/example_dags/example_complex.py
[2026-03-19T07:54:39.107+0000] {logging_mixin.py:188} INFO - [2026-03-19T07:54:39.107+0000] {dag.py:3096} INFO - Sync 1 DAGs
[2026-03-19T07:54:39.114+0000] {logging_mixin.py:188} INFO - [2026-03-19T07:54:39.114+0000] {dag.py:3954} INFO - Setting next_dagrun for example_complex to None, run_after=None
[2026-03-19T07:54:39.125+0000] {processor.py:183} INFO - Processing /home/airflow/.local/lib/python3.12/site-packages/airflow/example_dags/example_complex.py took 0.051 seconds
[2026-03-19T07:55:09.593+0000] {processor.py:161} INFO - Started process (PID=37640) to work on /home/airflow/.local/lib/python3.12/site-packages/airflow/example_dags/example_complex.py
[2026-03-19T07:55:09.594+0000] {processor.py:830} INFO - Processing file /home/airflow/.local/lib/python3.12/site-packages/airflow/example_dags/example_complex.py for tasks to queue
[2026-03-19T07:55:09.595+0000] {logging_mixin.py:188} INFO - [2026-03-19T07:55:09.594+0000] {dagbag.py:545} INFO - Filling up the DagBag from /home/airflow/.local/lib/python3.12/site-packages/airflow/example_dags/example_complex.py
[2026-03-19T07:55:09.611+0000] {processor.py:840} INFO - DAG(s) 'example_complex' retrieved from /home/airflow/.local/lib/python3.12/site-packages/airflow/example_dags/example_complex.py
[2026-03-19T07:55:09.631+0000] {logging_mixin.py:188} INFO - [2026-03-19T07:55:09.631+0000] {dag.py:3096} INFO - Sync 1 DAGs
[2026-03-19T07:55:09.641+0000] {logging_mixin.py:188} INFO - [2026-03-19T07:55:09.641+0000] {dag.py:3954} INFO - Setting next_dagrun for example_complex to None, run_after=None
[2026-03-19T07:55:09.651+0000] {processor.py:183} INFO - Processing /home/airflow/.local/lib/python3.12/site-packages/airflow/example_dags/example_complex.py took 0.069 seconds
[2026-03-19T07:55:40.248+0000] {processor.py:161} INFO - Started process (PID=37699) to work on /home/airflow/.local/lib/python3.12/site-packages/airflow/example_dags/example_complex.py
[2026-03-19T07:55:40.249+0000] {processor.py:830} INFO - Processing file /home/airflow/.local/lib/python3.12/site-packages/airflow/example_dags/example_complex.py for tasks to queue
[2026-03-19T07:55:40.250+0000] {logging_mixin.py:188} INFO - [2026-03-19T07:55:40.249+0000] {dagbag.py:545} INFO - Filling up the DagBag from /home/airflow/.local/lib/python3.12/site-packages/airflow/example_dags/example_complex.py
[2026-03-19T07:55:40.255+0000] {processor.py:840} INFO - DAG(s) 'example_complex' retrieved from /home/airflow/.local/lib/python3.12/site-packages/airflow/example_dags/example_complex.py
[2026-03-19T07:55:40.275+0000] {logging_mixin.py:188} INFO - [2026-03-19T07:55:40.275+0000] {dag.py:3096} INFO - Sync 1 DAGs
[2026-03-19T07:55:40.283+0000] {logging_mixin.py:188} INFO - [2026-03-19T07:55:40.283+0000] {dag.py:3954} INFO - Setting next_dagrun for example_complex to None, run_after=None
[2026-03-19T07:55:40.293+0000] {processor.py:183} INFO - Processing /home/airflow/.local/lib/python3.12/site-packages/airflow/example_dags/example_complex.py took 0.049 seconds
[2026-03-19T07:56:11.275+0000] {processor.py:161} INFO - Started process (PID=37758) to work on /home/airflow/.local/lib/python3.12/site-packages/airflow/example_dags/example_complex.py
[2026-03-19T07:56:11.276+0000] {processor.py:830} INFO - Processing file /home/airflow/.local/lib/python3.12/site-packages/airflow/example_dags/example_complex.py for tasks to queue
[2026-03-19T07:56:11.277+0000] {logging_mixin.py:188} INFO - [2026-03-19T07:56:11.276+0000] {dagbag.py:545} INFO - Filling up the DagBag from /home/airflow/.local/lib/python3.12/site-packages/airflow/example_dags/example_complex.py
[2026-03-19T07:56:11.284+0000] {processor.py:840} INFO - DAG(s) 'example_complex' retrieved from /home/airflow/.local/lib/python3.12/site-packages/airflow/example_dags/example_complex.py
[2026-03-19T07:56:11.301+0000] {logging_mixin.py:188} INFO - [2026-03-19T07:56:11.301+0000] {dag.py:3096} INFO - Sync 1 DAGs
[2026-03-19T07:56:11.310+0000] {logging_mixin.py:188} INFO - [2026-03-19T07:56:11.310+0000] {dag.py:3954} INFO - Setting next_dagrun for example_complex to None, run_after=None
[2026-03-19T07:56:11.327+0000] {processor.py:183} INFO - Processing /home/airflow/.local/lib/python3.12/site-packages/airflow/example_dags/example_complex.py took 0.056 seconds
