[2026-03-19T00:12:44.754+0000] {processor.py:161} INFO - Started process (PID=35693) to work on /home/airflow/.local/lib/python3.12/site-packages/airflow/example_dags/example_bash_operator.py
[2026-03-19T00:12:44.755+0000] {processor.py:830} INFO - Processing file /home/airflow/.local/lib/python3.12/site-packages/airflow/example_dags/example_bash_operator.py for tasks to queue
[2026-03-19T00:12:44.756+0000] {logging_mixin.py:188} INFO - [2026-03-19T00:12:44.756+0000] {dagbag.py:545} INFO - Filling up the DagBag from /home/airflow/.local/lib/python3.12/site-packages/airflow/example_dags/example_bash_operator.py
[2026-03-19T00:12:44.763+0000] {processor.py:840} INFO - DAG(s) 'example_bash_operator' retrieved from /home/airflow/.local/lib/python3.12/site-packages/airflow/example_dags/example_bash_operator.py
[2026-03-19T00:12:44.789+0000] {logging_mixin.py:188} INFO - [2026-03-19T00:12:44.789+0000] {dag.py:3096} INFO - Sync 1 DAGs
[2026-03-19T00:12:44.810+0000] {logging_mixin.py:188} INFO - [2026-03-19T00:12:44.810+0000] {dag.py:3954} INFO - Setting next_dagrun for example_bash_operator to 2026-03-18 00:00:00+00:00, run_after=2026-03-19 00:00:00+00:00
[2026-03-19T00:12:45.015+0000] {processor.py:183} INFO - Processing /home/airflow/.local/lib/python3.12/site-packages/airflow/example_dags/example_bash_operator.py took 0.265 seconds
[2026-03-19T00:46:44.937+0000] {processor.py:161} INFO - Started process (PID=35752) to work on /home/airflow/.local/lib/python3.12/site-packages/airflow/example_dags/example_bash_operator.py
[2026-03-19T00:46:44.938+0000] {processor.py:830} INFO - Processing file /home/airflow/.local/lib/python3.12/site-packages/airflow/example_dags/example_bash_operator.py for tasks to queue
[2026-03-19T00:46:44.941+0000] {logging_mixin.py:188} INFO - [2026-03-19T00:46:44.940+0000] {dagbag.py:545} INFO - Filling up the DagBag from /home/airflow/.local/lib/python3.12/site-packages/airflow/example_dags/example_bash_operator.py
[2026-03-19T00:46:44.954+0000] {processor.py:840} INFO - DAG(s) 'example_bash_operator' retrieved from /home/airflow/.local/lib/python3.12/site-packages/airflow/example_dags/example_bash_operator.py
[2026-03-19T00:46:44.976+0000] {logging_mixin.py:188} INFO - [2026-03-19T00:46:44.976+0000] {dag.py:3096} INFO - Sync 1 DAGs
[2026-03-19T00:46:44.993+0000] {logging_mixin.py:188} INFO - [2026-03-19T00:46:44.993+0000] {dag.py:3954} INFO - Setting next_dagrun for example_bash_operator to 2026-03-18 00:00:00+00:00, run_after=2026-03-19 00:00:00+00:00
[2026-03-19T00:46:45.010+0000] {processor.py:183} INFO - Processing /home/airflow/.local/lib/python3.12/site-packages/airflow/example_dags/example_bash_operator.py took 0.083 seconds
[2026-03-19T01:13:44.407+0000] {processor.py:161} INFO - Started process (PID=35819) to work on /home/airflow/.local/lib/python3.12/site-packages/airflow/example_dags/example_bash_operator.py
[2026-03-19T01:13:44.408+0000] {processor.py:830} INFO - Processing file /home/airflow/.local/lib/python3.12/site-packages/airflow/example_dags/example_bash_operator.py for tasks to queue
[2026-03-19T01:13:44.409+0000] {logging_mixin.py:188} INFO - [2026-03-19T01:13:44.409+0000] {dagbag.py:545} INFO - Filling up the DagBag from /home/airflow/.local/lib/python3.12/site-packages/airflow/example_dags/example_bash_operator.py
[2026-03-19T01:13:44.425+0000] {processor.py:840} INFO - DAG(s) 'example_bash_operator' retrieved from /home/airflow/.local/lib/python3.12/site-packages/airflow/example_dags/example_bash_operator.py
[2026-03-19T01:13:44.464+0000] {logging_mixin.py:188} INFO - [2026-03-19T01:13:44.463+0000] {dag.py:3096} INFO - Sync 1 DAGs
[2026-03-19T01:13:44.498+0000] {logging_mixin.py:188} INFO - [2026-03-19T01:13:44.497+0000] {dag.py:3954} INFO - Setting next_dagrun for example_bash_operator to 2026-03-18 00:00:00+00:00, run_after=2026-03-19 00:00:00+00:00
[2026-03-19T01:13:44.518+0000] {processor.py:183} INFO - Processing /home/airflow/.local/lib/python3.12/site-packages/airflow/example_dags/example_bash_operator.py took 0.117 seconds
[2026-03-19T01:31:09.457+0000] {processor.py:161} INFO - Started process (PID=35892) to work on /home/airflow/.local/lib/python3.12/site-packages/airflow/example_dags/example_bash_operator.py
[2026-03-19T01:31:09.469+0000] {processor.py:830} INFO - Processing file /home/airflow/.local/lib/python3.12/site-packages/airflow/example_dags/example_bash_operator.py for tasks to queue
[2026-03-19T01:31:09.481+0000] {logging_mixin.py:188} INFO - [2026-03-19T01:31:09.480+0000] {dagbag.py:545} INFO - Filling up the DagBag from /home/airflow/.local/lib/python3.12/site-packages/airflow/example_dags/example_bash_operator.py
[2026-03-19T01:31:09.508+0000] {processor.py:840} INFO - DAG(s) 'example_bash_operator' retrieved from /home/airflow/.local/lib/python3.12/site-packages/airflow/example_dags/example_bash_operator.py
[2026-03-19T01:31:09.673+0000] {logging_mixin.py:188} INFO - [2026-03-19T01:31:09.669+0000] {dag.py:3096} INFO - Sync 1 DAGs
[2026-03-19T01:31:11.203+0000] {logging_mixin.py:188} INFO - [2026-03-19T01:31:11.202+0000] {dag.py:3954} INFO - Setting next_dagrun for example_bash_operator to 2026-03-18 00:00:00+00:00, run_after=2026-03-19 00:00:00+00:00
[2026-03-19T01:31:11.256+0000] {processor.py:183} INFO - Processing /home/airflow/.local/lib/python3.12/site-packages/airflow/example_dags/example_bash_operator.py took 1.821 seconds
[2026-03-19T02:15:10.134+0000] {processor.py:161} INFO - Started process (PID=35950) to work on /home/airflow/.local/lib/python3.12/site-packages/airflow/example_dags/example_bash_operator.py
[2026-03-19T02:15:10.138+0000] {processor.py:830} INFO - Processing file /home/airflow/.local/lib/python3.12/site-packages/airflow/example_dags/example_bash_operator.py for tasks to queue
[2026-03-19T02:15:10.142+0000] {logging_mixin.py:188} INFO - [2026-03-19T02:15:10.141+0000] {dagbag.py:545} INFO - Filling up the DagBag from /home/airflow/.local/lib/python3.12/site-packages/airflow/example_dags/example_bash_operator.py
[2026-03-19T02:15:10.202+0000] {processor.py:840} INFO - DAG(s) 'example_bash_operator' retrieved from /home/airflow/.local/lib/python3.12/site-packages/airflow/example_dags/example_bash_operator.py
[2026-03-19T02:15:10.348+0000] {logging_mixin.py:188} INFO - [2026-03-19T02:15:10.347+0000] {dag.py:3096} INFO - Sync 1 DAGs
[2026-03-19T02:15:10.511+0000] {logging_mixin.py:188} INFO - [2026-03-19T02:15:10.511+0000] {dag.py:3954} INFO - Setting next_dagrun for example_bash_operator to 2026-03-18 00:00:00+00:00, run_after=2026-03-19 00:00:00+00:00
[2026-03-19T02:15:10.590+0000] {processor.py:183} INFO - Processing /home/airflow/.local/lib/python3.12/site-packages/airflow/example_dags/example_bash_operator.py took 0.481 seconds
[2026-03-19T03:06:07.665+0000] {processor.py:161} INFO - Started process (PID=36036) to work on /home/airflow/.local/lib/python3.12/site-packages/airflow/example_dags/example_bash_operator.py
[2026-03-19T03:06:07.668+0000] {processor.py:830} INFO - Processing file /home/airflow/.local/lib/python3.12/site-packages/airflow/example_dags/example_bash_operator.py for tasks to queue
[2026-03-19T03:06:07.672+0000] {logging_mixin.py:188} INFO - [2026-03-19T03:06:07.671+0000] {dagbag.py:545} INFO - Filling up the DagBag from /home/airflow/.local/lib/python3.12/site-packages/airflow/example_dags/example_bash_operator.py
[2026-03-19T03:06:07.722+0000] {processor.py:840} INFO - DAG(s) 'example_bash_operator' retrieved from /home/airflow/.local/lib/python3.12/site-packages/airflow/example_dags/example_bash_operator.py
[2026-03-19T03:06:07.862+0000] {logging_mixin.py:188} INFO - [2026-03-19T03:06:07.861+0000] {dag.py:3096} INFO - Sync 1 DAGs
[2026-03-19T03:06:07.961+0000] {logging_mixin.py:188} INFO - [2026-03-19T03:06:07.960+0000] {dag.py:3954} INFO - Setting next_dagrun for example_bash_operator to 2026-03-18 00:00:00+00:00, run_after=2026-03-19 00:00:00+00:00
[2026-03-19T03:06:08.022+0000] {processor.py:183} INFO - Processing /home/airflow/.local/lib/python3.12/site-packages/airflow/example_dags/example_bash_operator.py took 0.371 seconds
[2026-03-19T03:06:38.944+0000] {processor.py:161} INFO - Started process (PID=36107) to work on /home/airflow/.local/lib/python3.12/site-packages/airflow/example_dags/example_bash_operator.py
[2026-03-19T03:06:38.950+0000] {processor.py:830} INFO - Processing file /home/airflow/.local/lib/python3.12/site-packages/airflow/example_dags/example_bash_operator.py for tasks to queue
[2026-03-19T03:06:38.955+0000] {logging_mixin.py:188} INFO - [2026-03-19T03:06:38.954+0000] {dagbag.py:545} INFO - Filling up the DagBag from /home/airflow/.local/lib/python3.12/site-packages/airflow/example_dags/example_bash_operator.py
[2026-03-19T03:06:38.969+0000] {processor.py:840} INFO - DAG(s) 'example_bash_operator' retrieved from /home/airflow/.local/lib/python3.12/site-packages/airflow/example_dags/example_bash_operator.py
[2026-03-19T03:06:38.998+0000] {logging_mixin.py:188} INFO - [2026-03-19T03:06:38.998+0000] {dag.py:3096} INFO - Sync 1 DAGs
[2026-03-19T03:06:39.046+0000] {logging_mixin.py:188} INFO - [2026-03-19T03:06:39.046+0000] {dag.py:3954} INFO - Setting next_dagrun for example_bash_operator to 2026-03-18 00:00:00+00:00, run_after=2026-03-19 00:00:00+00:00
[2026-03-19T03:06:39.089+0000] {processor.py:183} INFO - Processing /home/airflow/.local/lib/python3.12/site-packages/airflow/example_dags/example_bash_operator.py took 0.150 seconds
[2026-03-19T03:15:42.221+0000] {processor.py:161} INFO - Started process (PID=36166) to work on /home/airflow/.local/lib/python3.12/site-packages/airflow/example_dags/example_bash_operator.py
[2026-03-19T03:15:42.222+0000] {processor.py:830} INFO - Processing file /home/airflow/.local/lib/python3.12/site-packages/airflow/example_dags/example_bash_operator.py for tasks to queue
[2026-03-19T03:15:42.223+0000] {logging_mixin.py:188} INFO - [2026-03-19T03:15:42.222+0000] {dagbag.py:545} INFO - Filling up the DagBag from /home/airflow/.local/lib/python3.12/site-packages/airflow/example_dags/example_bash_operator.py
[2026-03-19T03:15:42.231+0000] {processor.py:840} INFO - DAG(s) 'example_bash_operator' retrieved from /home/airflow/.local/lib/python3.12/site-packages/airflow/example_dags/example_bash_operator.py
[2026-03-19T03:15:42.255+0000] {logging_mixin.py:188} INFO - [2026-03-19T03:15:42.255+0000] {dag.py:3096} INFO - Sync 1 DAGs
[2026-03-19T03:15:42.286+0000] {logging_mixin.py:188} INFO - [2026-03-19T03:15:42.285+0000] {dag.py:3954} INFO - Setting next_dagrun for example_bash_operator to 2026-03-18 00:00:00+00:00, run_after=2026-03-19 00:00:00+00:00
[2026-03-19T03:15:42.302+0000] {processor.py:183} INFO - Processing /home/airflow/.local/lib/python3.12/site-packages/airflow/example_dags/example_bash_operator.py took 0.087 seconds
[2026-03-19T03:32:01.469+0000] {processor.py:161} INFO - Started process (PID=36225) to work on /home/airflow/.local/lib/python3.12/site-packages/airflow/example_dags/example_bash_operator.py
[2026-03-19T03:32:01.470+0000] {processor.py:830} INFO - Processing file /home/airflow/.local/lib/python3.12/site-packages/airflow/example_dags/example_bash_operator.py for tasks to queue
[2026-03-19T03:32:01.474+0000] {logging_mixin.py:188} INFO - [2026-03-19T03:32:01.474+0000] {dagbag.py:545} INFO - Filling up the DagBag from /home/airflow/.local/lib/python3.12/site-packages/airflow/example_dags/example_bash_operator.py
[2026-03-19T03:32:01.494+0000] {processor.py:840} INFO - DAG(s) 'example_bash_operator' retrieved from /home/airflow/.local/lib/python3.12/site-packages/airflow/example_dags/example_bash_operator.py
[2026-03-19T03:32:01.568+0000] {logging_mixin.py:188} INFO - [2026-03-19T03:32:01.568+0000] {dag.py:3096} INFO - Sync 1 DAGs
[2026-03-19T03:32:01.613+0000] {logging_mixin.py:188} INFO - [2026-03-19T03:32:01.613+0000] {dag.py:3954} INFO - Setting next_dagrun for example_bash_operator to 2026-03-18 00:00:00+00:00, run_after=2026-03-19 00:00:00+00:00
[2026-03-19T03:32:01.655+0000] {processor.py:183} INFO - Processing /home/airflow/.local/lib/python3.12/site-packages/airflow/example_dags/example_bash_operator.py took 0.191 seconds
[2026-03-19T04:16:42.926+0000] {processor.py:161} INFO - Started process (PID=36292) to work on /home/airflow/.local/lib/python3.12/site-packages/airflow/example_dags/example_bash_operator.py
[2026-03-19T04:16:42.932+0000] {processor.py:830} INFO - Processing file /home/airflow/.local/lib/python3.12/site-packages/airflow/example_dags/example_bash_operator.py for tasks to queue
[2026-03-19T04:16:42.933+0000] {logging_mixin.py:188} INFO - [2026-03-19T04:16:42.933+0000] {dagbag.py:545} INFO - Filling up the DagBag from /home/airflow/.local/lib/python3.12/site-packages/airflow/example_dags/example_bash_operator.py
[2026-03-19T04:16:42.952+0000] {processor.py:840} INFO - DAG(s) 'example_bash_operator' retrieved from /home/airflow/.local/lib/python3.12/site-packages/airflow/example_dags/example_bash_operator.py
[2026-03-19T04:16:43.000+0000] {logging_mixin.py:188} INFO - [2026-03-19T04:16:43.000+0000] {dag.py:3096} INFO - Sync 1 DAGs
[2026-03-19T04:16:43.097+0000] {logging_mixin.py:188} INFO - [2026-03-19T04:16:43.097+0000] {dag.py:3954} INFO - Setting next_dagrun for example_bash_operator to 2026-03-18 00:00:00+00:00, run_after=2026-03-19 00:00:00+00:00
[2026-03-19T04:16:43.128+0000] {processor.py:183} INFO - Processing /home/airflow/.local/lib/python3.12/site-packages/airflow/example_dags/example_bash_operator.py took 0.216 seconds
[2026-03-19T04:17:15.531+0000] {processor.py:161} INFO - Started process (PID=36359) to work on /home/airflow/.local/lib/python3.12/site-packages/airflow/example_dags/example_bash_operator.py
[2026-03-19T04:17:15.536+0000] {processor.py:830} INFO - Processing file /home/airflow/.local/lib/python3.12/site-packages/airflow/example_dags/example_bash_operator.py for tasks to queue
[2026-03-19T04:17:15.540+0000] {logging_mixin.py:188} INFO - [2026-03-19T04:17:15.539+0000] {dagbag.py:545} INFO - Filling up the DagBag from /home/airflow/.local/lib/python3.12/site-packages/airflow/example_dags/example_bash_operator.py
[2026-03-19T04:17:15.596+0000] {processor.py:840} INFO - DAG(s) 'example_bash_operator' retrieved from /home/airflow/.local/lib/python3.12/site-packages/airflow/example_dags/example_bash_operator.py
[2026-03-19T04:17:15.691+0000] {logging_mixin.py:188} INFO - [2026-03-19T04:17:15.690+0000] {dag.py:3096} INFO - Sync 1 DAGs
[2026-03-19T04:17:15.801+0000] {logging_mixin.py:188} INFO - [2026-03-19T04:17:15.801+0000] {dag.py:3954} INFO - Setting next_dagrun for example_bash_operator to 2026-03-18 00:00:00+00:00, run_after=2026-03-19 00:00:00+00:00
[2026-03-19T04:17:15.840+0000] {processor.py:183} INFO - Processing /home/airflow/.local/lib/python3.12/site-packages/airflow/example_dags/example_bash_operator.py took 0.411 seconds
[2026-03-19T05:17:37.111+0000] {processor.py:161} INFO - Started process (PID=36418) to work on /home/airflow/.local/lib/python3.12/site-packages/airflow/example_dags/example_bash_operator.py
[2026-03-19T05:17:37.112+0000] {processor.py:830} INFO - Processing file /home/airflow/.local/lib/python3.12/site-packages/airflow/example_dags/example_bash_operator.py for tasks to queue
[2026-03-19T05:17:37.115+0000] {logging_mixin.py:188} INFO - [2026-03-19T05:17:37.115+0000] {dagbag.py:545} INFO - Filling up the DagBag from /home/airflow/.local/lib/python3.12/site-packages/airflow/example_dags/example_bash_operator.py
[2026-03-19T05:17:37.125+0000] {processor.py:840} INFO - DAG(s) 'example_bash_operator' retrieved from /home/airflow/.local/lib/python3.12/site-packages/airflow/example_dags/example_bash_operator.py
[2026-03-19T05:17:37.149+0000] {logging_mixin.py:188} INFO - [2026-03-19T05:17:37.149+0000] {dag.py:3096} INFO - Sync 1 DAGs
[2026-03-19T05:17:37.169+0000] {logging_mixin.py:188} INFO - [2026-03-19T05:17:37.169+0000] {dag.py:3954} INFO - Setting next_dagrun for example_bash_operator to 2026-03-18 00:00:00+00:00, run_after=2026-03-19 00:00:00+00:00
[2026-03-19T05:17:37.192+0000] {processor.py:183} INFO - Processing /home/airflow/.local/lib/python3.12/site-packages/airflow/example_dags/example_bash_operator.py took 0.088 seconds
[2026-03-19T05:18:07.501+0000] {processor.py:161} INFO - Started process (PID=36477) to work on /home/airflow/.local/lib/python3.12/site-packages/airflow/example_dags/example_bash_operator.py
[2026-03-19T05:18:07.502+0000] {processor.py:830} INFO - Processing file /home/airflow/.local/lib/python3.12/site-packages/airflow/example_dags/example_bash_operator.py for tasks to queue
[2026-03-19T05:18:07.502+0000] {logging_mixin.py:188} INFO - [2026-03-19T05:18:07.502+0000] {dagbag.py:545} INFO - Filling up the DagBag from /home/airflow/.local/lib/python3.12/site-packages/airflow/example_dags/example_bash_operator.py
[2026-03-19T05:18:07.508+0000] {processor.py:840} INFO - DAG(s) 'example_bash_operator' retrieved from /home/airflow/.local/lib/python3.12/site-packages/airflow/example_dags/example_bash_operator.py
[2026-03-19T05:18:07.524+0000] {logging_mixin.py:188} INFO - [2026-03-19T05:18:07.524+0000] {dag.py:3096} INFO - Sync 1 DAGs
[2026-03-19T05:18:07.536+0000] {logging_mixin.py:188} INFO - [2026-03-19T05:18:07.536+0000] {dag.py:3954} INFO - Setting next_dagrun for example_bash_operator to 2026-03-18 00:00:00+00:00, run_after=2026-03-19 00:00:00+00:00
[2026-03-19T05:18:07.545+0000] {processor.py:183} INFO - Processing /home/airflow/.local/lib/python3.12/site-packages/airflow/example_dags/example_bash_operator.py took 0.048 seconds
[2026-03-19T06:18:35.068+0000] {processor.py:161} INFO - Started process (PID=36536) to work on /home/airflow/.local/lib/python3.12/site-packages/airflow/example_dags/example_bash_operator.py
[2026-03-19T06:18:35.070+0000] {processor.py:830} INFO - Processing file /home/airflow/.local/lib/python3.12/site-packages/airflow/example_dags/example_bash_operator.py for tasks to queue
[2026-03-19T06:18:35.071+0000] {logging_mixin.py:188} INFO - [2026-03-19T06:18:35.071+0000] {dagbag.py:545} INFO - Filling up the DagBag from /home/airflow/.local/lib/python3.12/site-packages/airflow/example_dags/example_bash_operator.py
[2026-03-19T06:18:35.126+0000] {processor.py:840} INFO - DAG(s) 'example_bash_operator' retrieved from /home/airflow/.local/lib/python3.12/site-packages/airflow/example_dags/example_bash_operator.py
[2026-03-19T06:18:35.244+0000] {logging_mixin.py:188} INFO - [2026-03-19T06:18:35.244+0000] {dag.py:3096} INFO - Sync 1 DAGs
[2026-03-19T06:18:35.283+0000] {logging_mixin.py:188} INFO - [2026-03-19T06:18:35.282+0000] {dag.py:3954} INFO - Setting next_dagrun for example_bash_operator to 2026-03-18 00:00:00+00:00, run_after=2026-03-19 00:00:00+00:00
[2026-03-19T06:18:35.316+0000] {processor.py:183} INFO - Processing /home/airflow/.local/lib/python3.12/site-packages/airflow/example_dags/example_bash_operator.py took 0.265 seconds
[2026-03-19T06:19:06.121+0000] {processor.py:161} INFO - Started process (PID=36603) to work on /home/airflow/.local/lib/python3.12/site-packages/airflow/example_dags/example_bash_operator.py
[2026-03-19T06:19:06.122+0000] {processor.py:830} INFO - Processing file /home/airflow/.local/lib/python3.12/site-packages/airflow/example_dags/example_bash_operator.py for tasks to queue
[2026-03-19T06:19:06.123+0000] {logging_mixin.py:188} INFO - [2026-03-19T06:19:06.123+0000] {dagbag.py:545} INFO - Filling up the DagBag from /home/airflow/.local/lib/python3.12/site-packages/airflow/example_dags/example_bash_operator.py
[2026-03-19T06:19:06.143+0000] {processor.py:840} INFO - DAG(s) 'example_bash_operator' retrieved from /home/airflow/.local/lib/python3.12/site-packages/airflow/example_dags/example_bash_operator.py
[2026-03-19T06:19:06.171+0000] {logging_mixin.py:188} INFO - [2026-03-19T06:19:06.171+0000] {dag.py:3096} INFO - Sync 1 DAGs
[2026-03-19T06:19:06.183+0000] {logging_mixin.py:188} INFO - [2026-03-19T06:19:06.183+0000] {dag.py:3954} INFO - Setting next_dagrun for example_bash_operator to 2026-03-18 00:00:00+00:00, run_after=2026-03-19 00:00:00+00:00
[2026-03-19T06:19:06.191+0000] {processor.py:183} INFO - Processing /home/airflow/.local/lib/python3.12/site-packages/airflow/example_dags/example_bash_operator.py took 0.076 seconds
[2026-03-19T07:19:34.914+0000] {processor.py:161} INFO - Started process (PID=36662) to work on /home/airflow/.local/lib/python3.12/site-packages/airflow/example_dags/example_bash_operator.py
[2026-03-19T07:19:34.926+0000] {processor.py:830} INFO - Processing file /home/airflow/.local/lib/python3.12/site-packages/airflow/example_dags/example_bash_operator.py for tasks to queue
[2026-03-19T07:19:34.930+0000] {logging_mixin.py:188} INFO - [2026-03-19T07:19:34.929+0000] {dagbag.py:545} INFO - Filling up the DagBag from /home/airflow/.local/lib/python3.12/site-packages/airflow/example_dags/example_bash_operator.py
[2026-03-19T07:19:34.967+0000] {processor.py:840} INFO - DAG(s) 'example_bash_operator' retrieved from /home/airflow/.local/lib/python3.12/site-packages/airflow/example_dags/example_bash_operator.py
[2026-03-19T07:19:35.063+0000] {logging_mixin.py:188} INFO - [2026-03-19T07:19:35.063+0000] {dag.py:3096} INFO - Sync 1 DAGs
[2026-03-19T07:19:35.164+0000] {logging_mixin.py:188} INFO - [2026-03-19T07:19:35.163+0000] {dag.py:3954} INFO - Setting next_dagrun for example_bash_operator to 2026-03-18 00:00:00+00:00, run_after=2026-03-19 00:00:00+00:00
[2026-03-19T07:19:35.219+0000] {processor.py:183} INFO - Processing /home/airflow/.local/lib/python3.12/site-packages/airflow/example_dags/example_bash_operator.py took 0.325 seconds
[2026-03-19T07:20:05.438+0000] {processor.py:161} INFO - Started process (PID=36730) to work on /home/airflow/.local/lib/python3.12/site-packages/airflow/example_dags/example_bash_operator.py
[2026-03-19T07:20:05.439+0000] {processor.py:830} INFO - Processing file /home/airflow/.local/lib/python3.12/site-packages/airflow/example_dags/example_bash_operator.py for tasks to queue
[2026-03-19T07:20:05.439+0000] {logging_mixin.py:188} INFO - [2026-03-19T07:20:05.439+0000] {dagbag.py:545} INFO - Filling up the DagBag from /home/airflow/.local/lib/python3.12/site-packages/airflow/example_dags/example_bash_operator.py
[2026-03-19T07:20:05.446+0000] {processor.py:840} INFO - DAG(s) 'example_bash_operator' retrieved from /home/airflow/.local/lib/python3.12/site-packages/airflow/example_dags/example_bash_operator.py
[2026-03-19T07:20:05.460+0000] {logging_mixin.py:188} INFO - [2026-03-19T07:20:05.460+0000] {dag.py:3096} INFO - Sync 1 DAGs
[2026-03-19T07:20:05.469+0000] {logging_mixin.py:188} INFO - [2026-03-19T07:20:05.469+0000] {dag.py:3954} INFO - Setting next_dagrun for example_bash_operator to 2026-03-18 00:00:00+00:00, run_after=2026-03-19 00:00:00+00:00
[2026-03-19T07:20:05.477+0000] {processor.py:183} INFO - Processing /home/airflow/.local/lib/python3.12/site-packages/airflow/example_dags/example_bash_operator.py took 0.043 seconds
[2026-03-19T07:37:30.160+0000] {processor.py:161} INFO - Started process (PID=36788) to work on /home/airflow/.local/lib/python3.12/site-packages/airflow/example_dags/example_bash_operator.py
[2026-03-19T07:37:30.164+0000] {processor.py:830} INFO - Processing file /home/airflow/.local/lib/python3.12/site-packages/airflow/example_dags/example_bash_operator.py for tasks to queue
[2026-03-19T07:37:30.166+0000] {logging_mixin.py:188} INFO - [2026-03-19T07:37:30.166+0000] {dagbag.py:545} INFO - Filling up the DagBag from /home/airflow/.local/lib/python3.12/site-packages/airflow/example_dags/example_bash_operator.py
[2026-03-19T07:37:30.178+0000] {processor.py:840} INFO - DAG(s) 'example_bash_operator' retrieved from /home/airflow/.local/lib/python3.12/site-packages/airflow/example_dags/example_bash_operator.py
[2026-03-19T07:37:30.206+0000] {logging_mixin.py:188} INFO - [2026-03-19T07:37:30.206+0000] {dag.py:3096} INFO - Sync 1 DAGs
[2026-03-19T07:37:30.231+0000] {logging_mixin.py:188} INFO - [2026-03-19T07:37:30.231+0000] {dag.py:3954} INFO - Setting next_dagrun for example_bash_operator to 2026-03-18 00:00:00+00:00, run_after=2026-03-19 00:00:00+00:00
[2026-03-19T07:37:30.248+0000] {processor.py:183} INFO - Processing /home/airflow/.local/lib/python3.12/site-packages/airflow/example_dags/example_bash_operator.py took 0.093 seconds
[2026-03-19T07:38:03.286+0000] {processor.py:161} INFO - Started process (PID=36855) to work on /home/airflow/.local/lib/python3.12/site-packages/airflow/example_dags/example_bash_operator.py
[2026-03-19T07:38:03.288+0000] {processor.py:830} INFO - Processing file /home/airflow/.local/lib/python3.12/site-packages/airflow/example_dags/example_bash_operator.py for tasks to queue
[2026-03-19T07:38:03.288+0000] {logging_mixin.py:188} INFO - [2026-03-19T07:38:03.288+0000] {dagbag.py:545} INFO - Filling up the DagBag from /home/airflow/.local/lib/python3.12/site-packages/airflow/example_dags/example_bash_operator.py
[2026-03-19T07:38:03.296+0000] {processor.py:840} INFO - DAG(s) 'example_bash_operator' retrieved from /home/airflow/.local/lib/python3.12/site-packages/airflow/example_dags/example_bash_operator.py
[2026-03-19T07:38:03.319+0000] {logging_mixin.py:188} INFO - [2026-03-19T07:38:03.319+0000] {dag.py:3096} INFO - Sync 1 DAGs
[2026-03-19T07:38:03.336+0000] {logging_mixin.py:188} INFO - [2026-03-19T07:38:03.335+0000] {dag.py:3954} INFO - Setting next_dagrun for example_bash_operator to 2026-03-18 00:00:00+00:00, run_after=2026-03-19 00:00:00+00:00
[2026-03-19T07:38:03.352+0000] {processor.py:183} INFO - Processing /home/airflow/.local/lib/python3.12/site-packages/airflow/example_dags/example_bash_operator.py took 0.075 seconds
[2026-03-19T07:48:56.242+0000] {processor.py:161} INFO - Started process (PID=36914) to work on /home/airflow/.local/lib/python3.12/site-packages/airflow/example_dags/example_bash_operator.py
[2026-03-19T07:48:56.243+0000] {processor.py:830} INFO - Processing file /home/airflow/.local/lib/python3.12/site-packages/airflow/example_dags/example_bash_operator.py for tasks to queue
[2026-03-19T07:48:56.244+0000] {logging_mixin.py:188} INFO - [2026-03-19T07:48:56.244+0000] {dagbag.py:545} INFO - Filling up the DagBag from /home/airflow/.local/lib/python3.12/site-packages/airflow/example_dags/example_bash_operator.py
[2026-03-19T07:48:56.251+0000] {processor.py:840} INFO - DAG(s) 'example_bash_operator' retrieved from /home/airflow/.local/lib/python3.12/site-packages/airflow/example_dags/example_bash_operator.py
[2026-03-19T07:48:56.271+0000] {logging_mixin.py:188} INFO - [2026-03-19T07:48:56.271+0000] {dag.py:3096} INFO - Sync 1 DAGs
[2026-03-19T07:48:56.287+0000] {logging_mixin.py:188} INFO - [2026-03-19T07:48:56.286+0000] {dag.py:3954} INFO - Setting next_dagrun for example_bash_operator to 2026-03-18 00:00:00+00:00, run_after=2026-03-19 00:00:00+00:00
[2026-03-19T07:48:56.299+0000] {processor.py:183} INFO - Processing /home/airflow/.local/lib/python3.12/site-packages/airflow/example_dags/example_bash_operator.py took 0.060 seconds
[2026-03-19T07:49:28.475+0000] {processor.py:161} INFO - Started process (PID=36973) to work on /home/airflow/.local/lib/python3.12/site-packages/airflow/example_dags/example_bash_operator.py
[2026-03-19T07:49:28.476+0000] {processor.py:830} INFO - Processing file /home/airflow/.local/lib/python3.12/site-packages/airflow/example_dags/example_bash_operator.py for tasks to queue
[2026-03-19T07:49:28.477+0000] {logging_mixin.py:188} INFO - [2026-03-19T07:49:28.477+0000] {dagbag.py:545} INFO - Filling up the DagBag from /home/airflow/.local/lib/python3.12/site-packages/airflow/example_dags/example_bash_operator.py
[2026-03-19T07:49:28.484+0000] {processor.py:840} INFO - DAG(s) 'example_bash_operator' retrieved from /home/airflow/.local/lib/python3.12/site-packages/airflow/example_dags/example_bash_operator.py
[2026-03-19T07:49:28.504+0000] {logging_mixin.py:188} INFO - [2026-03-19T07:49:28.504+0000] {dag.py:3096} INFO - Sync 1 DAGs
[2026-03-19T07:49:28.520+0000] {logging_mixin.py:188} INFO - [2026-03-19T07:49:28.520+0000] {dag.py:3954} INFO - Setting next_dagrun for example_bash_operator to 2026-03-18 00:00:00+00:00, run_after=2026-03-19 00:00:00+00:00
[2026-03-19T07:49:28.537+0000] {processor.py:183} INFO - Processing /home/airflow/.local/lib/python3.12/site-packages/airflow/example_dags/example_bash_operator.py took 0.067 seconds
[2026-03-19T07:49:59.962+0000] {processor.py:161} INFO - Started process (PID=37032) to work on /home/airflow/.local/lib/python3.12/site-packages/airflow/example_dags/example_bash_operator.py
[2026-03-19T07:49:59.964+0000] {processor.py:830} INFO - Processing file /home/airflow/.local/lib/python3.12/site-packages/airflow/example_dags/example_bash_operator.py for tasks to queue
[2026-03-19T07:49:59.965+0000] {logging_mixin.py:188} INFO - [2026-03-19T07:49:59.965+0000] {dagbag.py:545} INFO - Filling up the DagBag from /home/airflow/.local/lib/python3.12/site-packages/airflow/example_dags/example_bash_operator.py
[2026-03-19T07:49:59.972+0000] {processor.py:840} INFO - DAG(s) 'example_bash_operator' retrieved from /home/airflow/.local/lib/python3.12/site-packages/airflow/example_dags/example_bash_operator.py
[2026-03-19T07:49:59.989+0000] {logging_mixin.py:188} INFO - [2026-03-19T07:49:59.988+0000] {dag.py:3096} INFO - Sync 1 DAGs
[2026-03-19T07:50:00.012+0000] {logging_mixin.py:188} INFO - [2026-03-19T07:50:00.012+0000] {dag.py:3954} INFO - Setting next_dagrun for example_bash_operator to 2026-03-18 00:00:00+00:00, run_after=2026-03-19 00:00:00+00:00
[2026-03-19T07:50:00.034+0000] {processor.py:183} INFO - Processing /home/airflow/.local/lib/python3.12/site-packages/airflow/example_dags/example_bash_operator.py took 0.076 seconds
[2026-03-19T07:50:30.076+0000] {processor.py:161} INFO - Started process (PID=37091) to work on /home/airflow/.local/lib/python3.12/site-packages/airflow/example_dags/example_bash_operator.py
[2026-03-19T07:50:30.077+0000] {processor.py:830} INFO - Processing file /home/airflow/.local/lib/python3.12/site-packages/airflow/example_dags/example_bash_operator.py for tasks to queue
[2026-03-19T07:50:30.077+0000] {logging_mixin.py:188} INFO - [2026-03-19T07:50:30.077+0000] {dagbag.py:545} INFO - Filling up the DagBag from /home/airflow/.local/lib/python3.12/site-packages/airflow/example_dags/example_bash_operator.py
[2026-03-19T07:50:30.084+0000] {processor.py:840} INFO - DAG(s) 'example_bash_operator' retrieved from /home/airflow/.local/lib/python3.12/site-packages/airflow/example_dags/example_bash_operator.py
[2026-03-19T07:50:30.101+0000] {logging_mixin.py:188} INFO - [2026-03-19T07:50:30.101+0000] {dag.py:3096} INFO - Sync 1 DAGs
[2026-03-19T07:50:30.113+0000] {logging_mixin.py:188} INFO - [2026-03-19T07:50:30.113+0000] {dag.py:3954} INFO - Setting next_dagrun for example_bash_operator to 2026-03-18 00:00:00+00:00, run_after=2026-03-19 00:00:00+00:00
[2026-03-19T07:50:30.125+0000] {processor.py:183} INFO - Processing /home/airflow/.local/lib/python3.12/site-packages/airflow/example_dags/example_bash_operator.py took 0.052 seconds
[2026-03-19T07:51:01.480+0000] {processor.py:161} INFO - Started process (PID=37150) to work on /home/airflow/.local/lib/python3.12/site-packages/airflow/example_dags/example_bash_operator.py
[2026-03-19T07:51:01.481+0000] {processor.py:830} INFO - Processing file /home/airflow/.local/lib/python3.12/site-packages/airflow/example_dags/example_bash_operator.py for tasks to queue
[2026-03-19T07:51:01.483+0000] {logging_mixin.py:188} INFO - [2026-03-19T07:51:01.483+0000] {dagbag.py:545} INFO - Filling up the DagBag from /home/airflow/.local/lib/python3.12/site-packages/airflow/example_dags/example_bash_operator.py
[2026-03-19T07:51:01.514+0000] {processor.py:840} INFO - DAG(s) 'example_bash_operator' retrieved from /home/airflow/.local/lib/python3.12/site-packages/airflow/example_dags/example_bash_operator.py
[2026-03-19T07:51:01.597+0000] {logging_mixin.py:188} INFO - [2026-03-19T07:51:01.596+0000] {dag.py:3096} INFO - Sync 1 DAGs
[2026-03-19T07:51:01.656+0000] {logging_mixin.py:188} INFO - [2026-03-19T07:51:01.656+0000] {dag.py:3954} INFO - Setting next_dagrun for example_bash_operator to 2026-03-18 00:00:00+00:00, run_after=2026-03-19 00:00:00+00:00
[2026-03-19T07:51:01.691+0000] {processor.py:183} INFO - Processing /home/airflow/.local/lib/python3.12/site-packages/airflow/example_dags/example_bash_operator.py took 0.222 seconds
[2026-03-19T07:51:33.181+0000] {processor.py:161} INFO - Started process (PID=37209) to work on /home/airflow/.local/lib/python3.12/site-packages/airflow/example_dags/example_bash_operator.py
[2026-03-19T07:51:33.184+0000] {processor.py:830} INFO - Processing file /home/airflow/.local/lib/python3.12/site-packages/airflow/example_dags/example_bash_operator.py for tasks to queue
[2026-03-19T07:51:33.187+0000] {logging_mixin.py:188} INFO - [2026-03-19T07:51:33.186+0000] {dagbag.py:545} INFO - Filling up the DagBag from /home/airflow/.local/lib/python3.12/site-packages/airflow/example_dags/example_bash_operator.py
[2026-03-19T07:51:33.215+0000] {processor.py:840} INFO - DAG(s) 'example_bash_operator' retrieved from /home/airflow/.local/lib/python3.12/site-packages/airflow/example_dags/example_bash_operator.py
[2026-03-19T07:51:33.273+0000] {logging_mixin.py:188} INFO - [2026-03-19T07:51:33.272+0000] {dag.py:3096} INFO - Sync 1 DAGs
[2026-03-19T07:51:33.304+0000] {logging_mixin.py:188} INFO - [2026-03-19T07:51:33.304+0000] {dag.py:3954} INFO - Setting next_dagrun for example_bash_operator to 2026-03-18 00:00:00+00:00, run_after=2026-03-19 00:00:00+00:00
[2026-03-19T07:51:33.344+0000] {processor.py:183} INFO - Processing /home/airflow/.local/lib/python3.12/site-packages/airflow/example_dags/example_bash_operator.py took 0.167 seconds
[2026-03-19T07:52:03.457+0000] {processor.py:161} INFO - Started process (PID=37268) to work on /home/airflow/.local/lib/python3.12/site-packages/airflow/example_dags/example_bash_operator.py
[2026-03-19T07:52:03.458+0000] {processor.py:830} INFO - Processing file /home/airflow/.local/lib/python3.12/site-packages/airflow/example_dags/example_bash_operator.py for tasks to queue
[2026-03-19T07:52:03.459+0000] {logging_mixin.py:188} INFO - [2026-03-19T07:52:03.458+0000] {dagbag.py:545} INFO - Filling up the DagBag from /home/airflow/.local/lib/python3.12/site-packages/airflow/example_dags/example_bash_operator.py
[2026-03-19T07:52:03.466+0000] {processor.py:840} INFO - DAG(s) 'example_bash_operator' retrieved from /home/airflow/.local/lib/python3.12/site-packages/airflow/example_dags/example_bash_operator.py
[2026-03-19T07:52:03.489+0000] {logging_mixin.py:188} INFO - [2026-03-19T07:52:03.489+0000] {dag.py:3096} INFO - Sync 1 DAGs
[2026-03-19T07:52:03.504+0000] {logging_mixin.py:188} INFO - [2026-03-19T07:52:03.504+0000] {dag.py:3954} INFO - Setting next_dagrun for example_bash_operator to 2026-03-18 00:00:00+00:00, run_after=2026-03-19 00:00:00+00:00
[2026-03-19T07:52:03.515+0000] {processor.py:183} INFO - Processing /home/airflow/.local/lib/python3.12/site-packages/airflow/example_dags/example_bash_operator.py took 0.062 seconds
[2026-03-19T07:52:34.406+0000] {processor.py:161} INFO - Started process (PID=37327) to work on /home/airflow/.local/lib/python3.12/site-packages/airflow/example_dags/example_bash_operator.py
[2026-03-19T07:52:34.409+0000] {processor.py:830} INFO - Processing file /home/airflow/.local/lib/python3.12/site-packages/airflow/example_dags/example_bash_operator.py for tasks to queue
[2026-03-19T07:52:34.411+0000] {logging_mixin.py:188} INFO - [2026-03-19T07:52:34.411+0000] {dagbag.py:545} INFO - Filling up the DagBag from /home/airflow/.local/lib/python3.12/site-packages/airflow/example_dags/example_bash_operator.py
[2026-03-19T07:52:34.423+0000] {processor.py:840} INFO - DAG(s) 'example_bash_operator' retrieved from /home/airflow/.local/lib/python3.12/site-packages/airflow/example_dags/example_bash_operator.py
[2026-03-19T07:52:34.446+0000] {logging_mixin.py:188} INFO - [2026-03-19T07:52:34.446+0000] {dag.py:3096} INFO - Sync 1 DAGs
[2026-03-19T07:52:34.468+0000] {logging_mixin.py:188} INFO - [2026-03-19T07:52:34.468+0000] {dag.py:3954} INFO - Setting next_dagrun for example_bash_operator to 2026-03-18 00:00:00+00:00, run_after=2026-03-19 00:00:00+00:00
[2026-03-19T07:52:34.478+0000] {processor.py:183} INFO - Processing /home/airflow/.local/lib/python3.12/site-packages/airflow/example_dags/example_bash_operator.py took 0.075 seconds
[2026-03-19T07:53:05.213+0000] {processor.py:161} INFO - Started process (PID=37386) to work on /home/airflow/.local/lib/python3.12/site-packages/airflow/example_dags/example_bash_operator.py
[2026-03-19T07:53:05.214+0000] {processor.py:830} INFO - Processing file /home/airflow/.local/lib/python3.12/site-packages/airflow/example_dags/example_bash_operator.py for tasks to queue
[2026-03-19T07:53:05.217+0000] {logging_mixin.py:188} INFO - [2026-03-19T07:53:05.217+0000] {dagbag.py:545} INFO - Filling up the DagBag from /home/airflow/.local/lib/python3.12/site-packages/airflow/example_dags/example_bash_operator.py
[2026-03-19T07:53:05.226+0000] {processor.py:840} INFO - DAG(s) 'example_bash_operator' retrieved from /home/airflow/.local/lib/python3.12/site-packages/airflow/example_dags/example_bash_operator.py
[2026-03-19T07:53:05.242+0000] {logging_mixin.py:188} INFO - [2026-03-19T07:53:05.242+0000] {dag.py:3096} INFO - Sync 1 DAGs
[2026-03-19T07:53:05.254+0000] {logging_mixin.py:188} INFO - [2026-03-19T07:53:05.254+0000] {dag.py:3954} INFO - Setting next_dagrun for example_bash_operator to 2026-03-18 00:00:00+00:00, run_after=2026-03-19 00:00:00+00:00
[2026-03-19T07:53:05.262+0000] {processor.py:183} INFO - Processing /home/airflow/.local/lib/python3.12/site-packages/airflow/example_dags/example_bash_operator.py took 0.056 seconds
[2026-03-19T07:53:35.514+0000] {processor.py:161} INFO - Started process (PID=37445) to work on /home/airflow/.local/lib/python3.12/site-packages/airflow/example_dags/example_bash_operator.py
[2026-03-19T07:53:35.515+0000] {processor.py:830} INFO - Processing file /home/airflow/.local/lib/python3.12/site-packages/airflow/example_dags/example_bash_operator.py for tasks to queue
[2026-03-19T07:53:35.515+0000] {logging_mixin.py:188} INFO - [2026-03-19T07:53:35.515+0000] {dagbag.py:545} INFO - Filling up the DagBag from /home/airflow/.local/lib/python3.12/site-packages/airflow/example_dags/example_bash_operator.py
[2026-03-19T07:53:35.521+0000] {processor.py:840} INFO - DAG(s) 'example_bash_operator' retrieved from /home/airflow/.local/lib/python3.12/site-packages/airflow/example_dags/example_bash_operator.py
[2026-03-19T07:53:35.541+0000] {logging_mixin.py:188} INFO - [2026-03-19T07:53:35.541+0000] {dag.py:3096} INFO - Sync 1 DAGs
[2026-03-19T07:53:35.560+0000] {logging_mixin.py:188} INFO - [2026-03-19T07:53:35.559+0000] {dag.py:3954} INFO - Setting next_dagrun for example_bash_operator to 2026-03-18 00:00:00+00:00, run_after=2026-03-19 00:00:00+00:00
[2026-03-19T07:53:35.577+0000] {processor.py:183} INFO - Processing /home/airflow/.local/lib/python3.12/site-packages/airflow/example_dags/example_bash_operator.py took 0.067 seconds
[2026-03-19T07:54:06.001+0000] {processor.py:161} INFO - Started process (PID=37504) to work on /home/airflow/.local/lib/python3.12/site-packages/airflow/example_dags/example_bash_operator.py
[2026-03-19T07:54:06.002+0000] {processor.py:830} INFO - Processing file /home/airflow/.local/lib/python3.12/site-packages/airflow/example_dags/example_bash_operator.py for tasks to queue
[2026-03-19T07:54:06.003+0000] {logging_mixin.py:188} INFO - [2026-03-19T07:54:06.002+0000] {dagbag.py:545} INFO - Filling up the DagBag from /home/airflow/.local/lib/python3.12/site-packages/airflow/example_dags/example_bash_operator.py
[2026-03-19T07:54:06.010+0000] {processor.py:840} INFO - DAG(s) 'example_bash_operator' retrieved from /home/airflow/.local/lib/python3.12/site-packages/airflow/example_dags/example_bash_operator.py
[2026-03-19T07:54:06.027+0000] {logging_mixin.py:188} INFO - [2026-03-19T07:54:06.027+0000] {dag.py:3096} INFO - Sync 1 DAGs
[2026-03-19T07:54:06.039+0000] {logging_mixin.py:188} INFO - [2026-03-19T07:54:06.039+0000] {dag.py:3954} INFO - Setting next_dagrun for example_bash_operator to 2026-03-18 00:00:00+00:00, run_after=2026-03-19 00:00:00+00:00
[2026-03-19T07:54:06.048+0000] {processor.py:183} INFO - Processing /home/airflow/.local/lib/python3.12/site-packages/airflow/example_dags/example_bash_operator.py took 0.050 seconds
[2026-03-19T07:54:36.251+0000] {processor.py:161} INFO - Started process (PID=37563) to work on /home/airflow/.local/lib/python3.12/site-packages/airflow/example_dags/example_bash_operator.py
[2026-03-19T07:54:36.253+0000] {processor.py:830} INFO - Processing file /home/airflow/.local/lib/python3.12/site-packages/airflow/example_dags/example_bash_operator.py for tasks to queue
[2026-03-19T07:54:36.254+0000] {logging_mixin.py:188} INFO - [2026-03-19T07:54:36.254+0000] {dagbag.py:545} INFO - Filling up the DagBag from /home/airflow/.local/lib/python3.12/site-packages/airflow/example_dags/example_bash_operator.py
[2026-03-19T07:54:36.260+0000] {processor.py:840} INFO - DAG(s) 'example_bash_operator' retrieved from /home/airflow/.local/lib/python3.12/site-packages/airflow/example_dags/example_bash_operator.py
[2026-03-19T07:54:36.274+0000] {logging_mixin.py:188} INFO - [2026-03-19T07:54:36.274+0000] {dag.py:3096} INFO - Sync 1 DAGs
[2026-03-19T07:54:36.289+0000] {logging_mixin.py:188} INFO - [2026-03-19T07:54:36.288+0000] {dag.py:3954} INFO - Setting next_dagrun for example_bash_operator to 2026-03-18 00:00:00+00:00, run_after=2026-03-19 00:00:00+00:00
[2026-03-19T07:54:36.307+0000] {processor.py:183} INFO - Processing /home/airflow/.local/lib/python3.12/site-packages/airflow/example_dags/example_bash_operator.py took 0.059 seconds
[2026-03-19T07:55:06.652+0000] {processor.py:161} INFO - Started process (PID=37622) to work on /home/airflow/.local/lib/python3.12/site-packages/airflow/example_dags/example_bash_operator.py
[2026-03-19T07:55:06.653+0000] {processor.py:830} INFO - Processing file /home/airflow/.local/lib/python3.12/site-packages/airflow/example_dags/example_bash_operator.py for tasks to queue
[2026-03-19T07:55:06.654+0000] {logging_mixin.py:188} INFO - [2026-03-19T07:55:06.654+0000] {dagbag.py:545} INFO - Filling up the DagBag from /home/airflow/.local/lib/python3.12/site-packages/airflow/example_dags/example_bash_operator.py
[2026-03-19T07:55:06.662+0000] {processor.py:840} INFO - DAG(s) 'example_bash_operator' retrieved from /home/airflow/.local/lib/python3.12/site-packages/airflow/example_dags/example_bash_operator.py
[2026-03-19T07:55:06.678+0000] {logging_mixin.py:188} INFO - [2026-03-19T07:55:06.677+0000] {dag.py:3096} INFO - Sync 1 DAGs
[2026-03-19T07:55:06.688+0000] {logging_mixin.py:188} INFO - [2026-03-19T07:55:06.688+0000] {dag.py:3954} INFO - Setting next_dagrun for example_bash_operator to 2026-03-18 00:00:00+00:00, run_after=2026-03-19 00:00:00+00:00
[2026-03-19T07:55:06.697+0000] {processor.py:183} INFO - Processing /home/airflow/.local/lib/python3.12/site-packages/airflow/example_dags/example_bash_operator.py took 0.049 seconds
[2026-03-19T07:55:37.464+0000] {processor.py:161} INFO - Started process (PID=37681) to work on /home/airflow/.local/lib/python3.12/site-packages/airflow/example_dags/example_bash_operator.py
[2026-03-19T07:55:37.464+0000] {processor.py:830} INFO - Processing file /home/airflow/.local/lib/python3.12/site-packages/airflow/example_dags/example_bash_operator.py for tasks to queue
[2026-03-19T07:55:37.465+0000] {logging_mixin.py:188} INFO - [2026-03-19T07:55:37.465+0000] {dagbag.py:545} INFO - Filling up the DagBag from /home/airflow/.local/lib/python3.12/site-packages/airflow/example_dags/example_bash_operator.py
[2026-03-19T07:55:37.474+0000] {processor.py:840} INFO - DAG(s) 'example_bash_operator' retrieved from /home/airflow/.local/lib/python3.12/site-packages/airflow/example_dags/example_bash_operator.py
[2026-03-19T07:55:37.492+0000] {logging_mixin.py:188} INFO - [2026-03-19T07:55:37.492+0000] {dag.py:3096} INFO - Sync 1 DAGs
[2026-03-19T07:55:37.506+0000] {logging_mixin.py:188} INFO - [2026-03-19T07:55:37.505+0000] {dag.py:3954} INFO - Setting next_dagrun for example_bash_operator to 2026-03-18 00:00:00+00:00, run_after=2026-03-19 00:00:00+00:00
[2026-03-19T07:55:37.521+0000] {processor.py:183} INFO - Processing /home/airflow/.local/lib/python3.12/site-packages/airflow/example_dags/example_bash_operator.py took 0.062 seconds
[2026-03-19T07:56:07.857+0000] {processor.py:161} INFO - Started process (PID=37740) to work on /home/airflow/.local/lib/python3.12/site-packages/airflow/example_dags/example_bash_operator.py
[2026-03-19T07:56:07.862+0000] {processor.py:830} INFO - Processing file /home/airflow/.local/lib/python3.12/site-packages/airflow/example_dags/example_bash_operator.py for tasks to queue
[2026-03-19T07:56:07.862+0000] {logging_mixin.py:188} INFO - [2026-03-19T07:56:07.862+0000] {dagbag.py:545} INFO - Filling up the DagBag from /home/airflow/.local/lib/python3.12/site-packages/airflow/example_dags/example_bash_operator.py
[2026-03-19T07:56:07.869+0000] {processor.py:840} INFO - DAG(s) 'example_bash_operator' retrieved from /home/airflow/.local/lib/python3.12/site-packages/airflow/example_dags/example_bash_operator.py
[2026-03-19T07:56:07.891+0000] {logging_mixin.py:188} INFO - [2026-03-19T07:56:07.891+0000] {dag.py:3096} INFO - Sync 1 DAGs
[2026-03-19T07:56:07.906+0000] {logging_mixin.py:188} INFO - [2026-03-19T07:56:07.905+0000] {dag.py:3954} INFO - Setting next_dagrun for example_bash_operator to 2026-03-18 00:00:00+00:00, run_after=2026-03-19 00:00:00+00:00
[2026-03-19T07:56:07.917+0000] {processor.py:183} INFO - Processing /home/airflow/.local/lib/python3.12/site-packages/airflow/example_dags/example_bash_operator.py took 0.064 seconds
