[2026-03-19T00:12:43.930+0000] {processor.py:161} INFO - Started process (PID=35682) to work on /home/airflow/.local/lib/python3.12/site-packages/airflow/example_dags/example_short_circuit_operator.py
[2026-03-19T00:12:43.932+0000] {processor.py:830} INFO - Processing file /home/airflow/.local/lib/python3.12/site-packages/airflow/example_dags/example_short_circuit_operator.py for tasks to queue
[2026-03-19T00:12:43.933+0000] {logging_mixin.py:188} INFO - [2026-03-19T00:12:43.933+0000] {dagbag.py:545} INFO - Filling up the DagBag from /home/airflow/.local/lib/python3.12/site-packages/airflow/example_dags/example_short_circuit_operator.py
[2026-03-19T00:12:43.938+0000] {processor.py:840} INFO - DAG(s) 'example_short_circuit_operator' retrieved from /home/airflow/.local/lib/python3.12/site-packages/airflow/example_dags/example_short_circuit_operator.py
[2026-03-19T00:12:43.960+0000] {logging_mixin.py:188} INFO - [2026-03-19T00:12:43.959+0000] {dag.py:3096} INFO - Sync 1 DAGs
[2026-03-19T00:12:43.973+0000] {logging_mixin.py:188} INFO - [2026-03-19T00:12:43.973+0000] {dag.py:3954} INFO - Setting next_dagrun for example_short_circuit_operator to 2026-03-18 00:00:00+00:00, run_after=2026-03-19 00:00:00+00:00
[2026-03-19T00:12:43.985+0000] {processor.py:183} INFO - Processing /home/airflow/.local/lib/python3.12/site-packages/airflow/example_dags/example_short_circuit_operator.py took 0.058 seconds
[2026-03-19T00:46:44.052+0000] {processor.py:161} INFO - Started process (PID=35741) to work on /home/airflow/.local/lib/python3.12/site-packages/airflow/example_dags/example_short_circuit_operator.py
[2026-03-19T00:46:44.053+0000] {processor.py:830} INFO - Processing file /home/airflow/.local/lib/python3.12/site-packages/airflow/example_dags/example_short_circuit_operator.py for tasks to queue
[2026-03-19T00:46:44.055+0000] {logging_mixin.py:188} INFO - [2026-03-19T00:46:44.055+0000] {dagbag.py:545} INFO - Filling up the DagBag from /home/airflow/.local/lib/python3.12/site-packages/airflow/example_dags/example_short_circuit_operator.py
[2026-03-19T00:46:44.061+0000] {processor.py:840} INFO - DAG(s) 'example_short_circuit_operator' retrieved from /home/airflow/.local/lib/python3.12/site-packages/airflow/example_dags/example_short_circuit_operator.py
[2026-03-19T00:46:44.090+0000] {logging_mixin.py:188} INFO - [2026-03-19T00:46:44.090+0000] {dag.py:3096} INFO - Sync 1 DAGs
[2026-03-19T00:46:44.110+0000] {logging_mixin.py:188} INFO - [2026-03-19T00:46:44.110+0000] {dag.py:3954} INFO - Setting next_dagrun for example_short_circuit_operator to 2026-03-18 00:00:00+00:00, run_after=2026-03-19 00:00:00+00:00
[2026-03-19T00:46:44.137+0000] {processor.py:183} INFO - Processing /home/airflow/.local/lib/python3.12/site-packages/airflow/example_dags/example_short_circuit_operator.py took 0.096 seconds
[2026-03-19T01:13:43.418+0000] {processor.py:161} INFO - Started process (PID=35808) to work on /home/airflow/.local/lib/python3.12/site-packages/airflow/example_dags/example_short_circuit_operator.py
[2026-03-19T01:13:43.419+0000] {processor.py:830} INFO - Processing file /home/airflow/.local/lib/python3.12/site-packages/airflow/example_dags/example_short_circuit_operator.py for tasks to queue
[2026-03-19T01:13:43.421+0000] {logging_mixin.py:188} INFO - [2026-03-19T01:13:43.421+0000] {dagbag.py:545} INFO - Filling up the DagBag from /home/airflow/.local/lib/python3.12/site-packages/airflow/example_dags/example_short_circuit_operator.py
[2026-03-19T01:13:43.429+0000] {processor.py:840} INFO - DAG(s) 'example_short_circuit_operator' retrieved from /home/airflow/.local/lib/python3.12/site-packages/airflow/example_dags/example_short_circuit_operator.py
[2026-03-19T01:13:43.455+0000] {logging_mixin.py:188} INFO - [2026-03-19T01:13:43.455+0000] {dag.py:3096} INFO - Sync 1 DAGs
[2026-03-19T01:13:43.624+0000] {logging_mixin.py:188} INFO - [2026-03-19T01:13:43.624+0000] {dag.py:3954} INFO - Setting next_dagrun for example_short_circuit_operator to 2026-03-18 00:00:00+00:00, run_after=2026-03-19 00:00:00+00:00
[2026-03-19T01:13:43.653+0000] {processor.py:183} INFO - Processing /home/airflow/.local/lib/python3.12/site-packages/airflow/example_dags/example_short_circuit_operator.py took 0.243 seconds
[2026-03-19T01:30:58.407+0000] {processor.py:161} INFO - Started process (PID=35875) to work on /home/airflow/.local/lib/python3.12/site-packages/airflow/example_dags/example_short_circuit_operator.py
[2026-03-19T01:30:58.486+0000] {processor.py:830} INFO - Processing file /home/airflow/.local/lib/python3.12/site-packages/airflow/example_dags/example_short_circuit_operator.py for tasks to queue
[2026-03-19T01:30:58.555+0000] {logging_mixin.py:188} INFO - [2026-03-19T01:30:58.549+0000] {dagbag.py:545} INFO - Filling up the DagBag from /home/airflow/.local/lib/python3.12/site-packages/airflow/example_dags/example_short_circuit_operator.py
[2026-03-19T01:30:58.594+0000] {processor.py:840} INFO - DAG(s) 'example_short_circuit_operator' retrieved from /home/airflow/.local/lib/python3.12/site-packages/airflow/example_dags/example_short_circuit_operator.py
[2026-03-19T01:30:58.752+0000] {logging_mixin.py:188} INFO - [2026-03-19T01:30:58.752+0000] {dag.py:3096} INFO - Sync 1 DAGs
[2026-03-19T01:30:58.850+0000] {logging_mixin.py:188} INFO - [2026-03-19T01:30:58.849+0000] {dag.py:3954} INFO - Setting next_dagrun for example_short_circuit_operator to 2026-03-18 00:00:00+00:00, run_after=2026-03-19 00:00:00+00:00
[2026-03-19T01:30:58.901+0000] {processor.py:183} INFO - Processing /home/airflow/.local/lib/python3.12/site-packages/airflow/example_dags/example_short_circuit_operator.py took 0.524 seconds
[2026-03-19T02:15:05.627+0000] {processor.py:161} INFO - Started process (PID=35939) to work on /home/airflow/.local/lib/python3.12/site-packages/airflow/example_dags/example_short_circuit_operator.py
[2026-03-19T02:15:05.632+0000] {processor.py:830} INFO - Processing file /home/airflow/.local/lib/python3.12/site-packages/airflow/example_dags/example_short_circuit_operator.py for tasks to queue
[2026-03-19T02:15:05.633+0000] {logging_mixin.py:188} INFO - [2026-03-19T02:15:05.633+0000] {dagbag.py:545} INFO - Filling up the DagBag from /home/airflow/.local/lib/python3.12/site-packages/airflow/example_dags/example_short_circuit_operator.py
[2026-03-19T02:15:05.675+0000] {processor.py:840} INFO - DAG(s) 'example_short_circuit_operator' retrieved from /home/airflow/.local/lib/python3.12/site-packages/airflow/example_dags/example_short_circuit_operator.py
[2026-03-19T02:15:05.766+0000] {logging_mixin.py:188} INFO - [2026-03-19T02:15:05.762+0000] {dag.py:3096} INFO - Sync 1 DAGs
[2026-03-19T02:15:05.852+0000] {logging_mixin.py:188} INFO - [2026-03-19T02:15:05.851+0000] {dag.py:3954} INFO - Setting next_dagrun for example_short_circuit_operator to 2026-03-18 00:00:00+00:00, run_after=2026-03-19 00:00:00+00:00
[2026-03-19T02:15:05.927+0000] {processor.py:183} INFO - Processing /home/airflow/.local/lib/python3.12/site-packages/airflow/example_dags/example_short_circuit_operator.py took 0.330 seconds
[2026-03-19T03:06:05.365+0000] {processor.py:161} INFO - Started process (PID=36025) to work on /home/airflow/.local/lib/python3.12/site-packages/airflow/example_dags/example_short_circuit_operator.py
[2026-03-19T03:06:05.370+0000] {processor.py:830} INFO - Processing file /home/airflow/.local/lib/python3.12/site-packages/airflow/example_dags/example_short_circuit_operator.py for tasks to queue
[2026-03-19T03:06:05.372+0000] {logging_mixin.py:188} INFO - [2026-03-19T03:06:05.371+0000] {dagbag.py:545} INFO - Filling up the DagBag from /home/airflow/.local/lib/python3.12/site-packages/airflow/example_dags/example_short_circuit_operator.py
[2026-03-19T03:06:05.402+0000] {processor.py:840} INFO - DAG(s) 'example_short_circuit_operator' retrieved from /home/airflow/.local/lib/python3.12/site-packages/airflow/example_dags/example_short_circuit_operator.py
[2026-03-19T03:06:05.499+0000] {logging_mixin.py:188} INFO - [2026-03-19T03:06:05.498+0000] {dag.py:3096} INFO - Sync 1 DAGs
[2026-03-19T03:06:05.618+0000] {logging_mixin.py:188} INFO - [2026-03-19T03:06:05.617+0000] {dag.py:3954} INFO - Setting next_dagrun for example_short_circuit_operator to 2026-03-18 00:00:00+00:00, run_after=2026-03-19 00:00:00+00:00
[2026-03-19T03:06:05.713+0000] {processor.py:183} INFO - Processing /home/airflow/.local/lib/python3.12/site-packages/airflow/example_dags/example_short_circuit_operator.py took 0.375 seconds
[2026-03-19T03:06:36.473+0000] {processor.py:161} INFO - Started process (PID=36096) to work on /home/airflow/.local/lib/python3.12/site-packages/airflow/example_dags/example_short_circuit_operator.py
[2026-03-19T03:06:36.475+0000] {processor.py:830} INFO - Processing file /home/airflow/.local/lib/python3.12/site-packages/airflow/example_dags/example_short_circuit_operator.py for tasks to queue
[2026-03-19T03:06:36.479+0000] {logging_mixin.py:188} INFO - [2026-03-19T03:06:36.478+0000] {dagbag.py:545} INFO - Filling up the DagBag from /home/airflow/.local/lib/python3.12/site-packages/airflow/example_dags/example_short_circuit_operator.py
[2026-03-19T03:06:36.486+0000] {processor.py:840} INFO - DAG(s) 'example_short_circuit_operator' retrieved from /home/airflow/.local/lib/python3.12/site-packages/airflow/example_dags/example_short_circuit_operator.py
[2026-03-19T03:06:36.510+0000] {logging_mixin.py:188} INFO - [2026-03-19T03:06:36.510+0000] {dag.py:3096} INFO - Sync 1 DAGs
[2026-03-19T03:06:36.522+0000] {logging_mixin.py:188} INFO - [2026-03-19T03:06:36.522+0000] {dag.py:3954} INFO - Setting next_dagrun for example_short_circuit_operator to 2026-03-18 00:00:00+00:00, run_after=2026-03-19 00:00:00+00:00
[2026-03-19T03:06:36.535+0000] {processor.py:183} INFO - Processing /home/airflow/.local/lib/python3.12/site-packages/airflow/example_dags/example_short_circuit_operator.py took 0.069 seconds
[2026-03-19T03:15:41.736+0000] {processor.py:161} INFO - Started process (PID=36155) to work on /home/airflow/.local/lib/python3.12/site-packages/airflow/example_dags/example_short_circuit_operator.py
[2026-03-19T03:15:41.737+0000] {processor.py:830} INFO - Processing file /home/airflow/.local/lib/python3.12/site-packages/airflow/example_dags/example_short_circuit_operator.py for tasks to queue
[2026-03-19T03:15:41.738+0000] {logging_mixin.py:188} INFO - [2026-03-19T03:15:41.738+0000] {dagbag.py:545} INFO - Filling up the DagBag from /home/airflow/.local/lib/python3.12/site-packages/airflow/example_dags/example_short_circuit_operator.py
[2026-03-19T03:15:41.744+0000] {processor.py:840} INFO - DAG(s) 'example_short_circuit_operator' retrieved from /home/airflow/.local/lib/python3.12/site-packages/airflow/example_dags/example_short_circuit_operator.py
[2026-03-19T03:15:41.759+0000] {logging_mixin.py:188} INFO - [2026-03-19T03:15:41.759+0000] {dag.py:3096} INFO - Sync 1 DAGs
[2026-03-19T03:15:41.778+0000] {logging_mixin.py:188} INFO - [2026-03-19T03:15:41.778+0000] {dag.py:3954} INFO - Setting next_dagrun for example_short_circuit_operator to 2026-03-18 00:00:00+00:00, run_after=2026-03-19 00:00:00+00:00
[2026-03-19T03:15:41.793+0000] {processor.py:183} INFO - Processing /home/airflow/.local/lib/python3.12/site-packages/airflow/example_dags/example_short_circuit_operator.py took 0.061 seconds
[2026-03-19T03:31:59.858+0000] {processor.py:161} INFO - Started process (PID=36214) to work on /home/airflow/.local/lib/python3.12/site-packages/airflow/example_dags/example_short_circuit_operator.py
[2026-03-19T03:31:59.860+0000] {processor.py:830} INFO - Processing file /home/airflow/.local/lib/python3.12/site-packages/airflow/example_dags/example_short_circuit_operator.py for tasks to queue
[2026-03-19T03:31:59.862+0000] {logging_mixin.py:188} INFO - [2026-03-19T03:31:59.861+0000] {dagbag.py:545} INFO - Filling up the DagBag from /home/airflow/.local/lib/python3.12/site-packages/airflow/example_dags/example_short_circuit_operator.py
[2026-03-19T03:31:59.886+0000] {processor.py:840} INFO - DAG(s) 'example_short_circuit_operator' retrieved from /home/airflow/.local/lib/python3.12/site-packages/airflow/example_dags/example_short_circuit_operator.py
[2026-03-19T03:31:59.945+0000] {logging_mixin.py:188} INFO - [2026-03-19T03:31:59.945+0000] {dag.py:3096} INFO - Sync 1 DAGs
[2026-03-19T03:32:00.000+0000] {logging_mixin.py:188} INFO - [2026-03-19T03:32:00.000+0000] {dag.py:3954} INFO - Setting next_dagrun for example_short_circuit_operator to 2026-03-18 00:00:00+00:00, run_after=2026-03-19 00:00:00+00:00
[2026-03-19T03:32:00.032+0000] {processor.py:183} INFO - Processing /home/airflow/.local/lib/python3.12/site-packages/airflow/example_dags/example_short_circuit_operator.py took 0.181 seconds
[2026-03-19T04:16:41.285+0000] {processor.py:161} INFO - Started process (PID=36281) to work on /home/airflow/.local/lib/python3.12/site-packages/airflow/example_dags/example_short_circuit_operator.py
[2026-03-19T04:16:41.287+0000] {processor.py:830} INFO - Processing file /home/airflow/.local/lib/python3.12/site-packages/airflow/example_dags/example_short_circuit_operator.py for tasks to queue
[2026-03-19T04:16:41.288+0000] {logging_mixin.py:188} INFO - [2026-03-19T04:16:41.288+0000] {dagbag.py:545} INFO - Filling up the DagBag from /home/airflow/.local/lib/python3.12/site-packages/airflow/example_dags/example_short_circuit_operator.py
[2026-03-19T04:16:41.315+0000] {processor.py:840} INFO - DAG(s) 'example_short_circuit_operator' retrieved from /home/airflow/.local/lib/python3.12/site-packages/airflow/example_dags/example_short_circuit_operator.py
[2026-03-19T04:16:41.369+0000] {logging_mixin.py:188} INFO - [2026-03-19T04:16:41.368+0000] {dag.py:3096} INFO - Sync 1 DAGs
[2026-03-19T04:16:41.411+0000] {logging_mixin.py:188} INFO - [2026-03-19T04:16:41.411+0000] {dag.py:3954} INFO - Setting next_dagrun for example_short_circuit_operator to 2026-03-18 00:00:00+00:00, run_after=2026-03-19 00:00:00+00:00
[2026-03-19T04:16:41.446+0000] {processor.py:183} INFO - Processing /home/airflow/.local/lib/python3.12/site-packages/airflow/example_dags/example_short_circuit_operator.py took 0.179 seconds
[2026-03-19T04:17:13.180+0000] {processor.py:161} INFO - Started process (PID=36348) to work on /home/airflow/.local/lib/python3.12/site-packages/airflow/example_dags/example_short_circuit_operator.py
[2026-03-19T04:17:13.182+0000] {processor.py:830} INFO - Processing file /home/airflow/.local/lib/python3.12/site-packages/airflow/example_dags/example_short_circuit_operator.py for tasks to queue
[2026-03-19T04:17:13.185+0000] {logging_mixin.py:188} INFO - [2026-03-19T04:17:13.185+0000] {dagbag.py:545} INFO - Filling up the DagBag from /home/airflow/.local/lib/python3.12/site-packages/airflow/example_dags/example_short_circuit_operator.py
[2026-03-19T04:17:13.204+0000] {processor.py:840} INFO - DAG(s) 'example_short_circuit_operator' retrieved from /home/airflow/.local/lib/python3.12/site-packages/airflow/example_dags/example_short_circuit_operator.py
[2026-03-19T04:17:13.241+0000] {logging_mixin.py:188} INFO - [2026-03-19T04:17:13.241+0000] {dag.py:3096} INFO - Sync 1 DAGs
[2026-03-19T04:17:13.276+0000] {logging_mixin.py:188} INFO - [2026-03-19T04:17:13.276+0000] {dag.py:3954} INFO - Setting next_dagrun for example_short_circuit_operator to 2026-03-18 00:00:00+00:00, run_after=2026-03-19 00:00:00+00:00
[2026-03-19T04:17:13.360+0000] {processor.py:183} INFO - Processing /home/airflow/.local/lib/python3.12/site-packages/airflow/example_dags/example_short_circuit_operator.py took 0.193 seconds
[2026-03-19T05:17:36.434+0000] {processor.py:161} INFO - Started process (PID=36407) to work on /home/airflow/.local/lib/python3.12/site-packages/airflow/example_dags/example_short_circuit_operator.py
[2026-03-19T05:17:36.436+0000] {processor.py:830} INFO - Processing file /home/airflow/.local/lib/python3.12/site-packages/airflow/example_dags/example_short_circuit_operator.py for tasks to queue
[2026-03-19T05:17:36.436+0000] {logging_mixin.py:188} INFO - [2026-03-19T05:17:36.436+0000] {dagbag.py:545} INFO - Filling up the DagBag from /home/airflow/.local/lib/python3.12/site-packages/airflow/example_dags/example_short_circuit_operator.py
[2026-03-19T05:17:36.441+0000] {processor.py:840} INFO - DAG(s) 'example_short_circuit_operator' retrieved from /home/airflow/.local/lib/python3.12/site-packages/airflow/example_dags/example_short_circuit_operator.py
[2026-03-19T05:17:36.461+0000] {logging_mixin.py:188} INFO - [2026-03-19T05:17:36.461+0000] {dag.py:3096} INFO - Sync 1 DAGs
[2026-03-19T05:17:36.479+0000] {logging_mixin.py:188} INFO - [2026-03-19T05:17:36.479+0000] {dag.py:3954} INFO - Setting next_dagrun for example_short_circuit_operator to 2026-03-18 00:00:00+00:00, run_after=2026-03-19 00:00:00+00:00
[2026-03-19T05:17:36.499+0000] {processor.py:183} INFO - Processing /home/airflow/.local/lib/python3.12/site-packages/airflow/example_dags/example_short_circuit_operator.py took 0.069 seconds
[2026-03-19T05:18:07.162+0000] {processor.py:161} INFO - Started process (PID=36466) to work on /home/airflow/.local/lib/python3.12/site-packages/airflow/example_dags/example_short_circuit_operator.py
[2026-03-19T05:18:07.164+0000] {processor.py:830} INFO - Processing file /home/airflow/.local/lib/python3.12/site-packages/airflow/example_dags/example_short_circuit_operator.py for tasks to queue
[2026-03-19T05:18:07.165+0000] {logging_mixin.py:188} INFO - [2026-03-19T05:18:07.164+0000] {dagbag.py:545} INFO - Filling up the DagBag from /home/airflow/.local/lib/python3.12/site-packages/airflow/example_dags/example_short_circuit_operator.py
[2026-03-19T05:18:07.170+0000] {processor.py:840} INFO - DAG(s) 'example_short_circuit_operator' retrieved from /home/airflow/.local/lib/python3.12/site-packages/airflow/example_dags/example_short_circuit_operator.py
[2026-03-19T05:18:07.183+0000] {logging_mixin.py:188} INFO - [2026-03-19T05:18:07.183+0000] {dag.py:3096} INFO - Sync 1 DAGs
[2026-03-19T05:18:07.193+0000] {logging_mixin.py:188} INFO - [2026-03-19T05:18:07.193+0000] {dag.py:3954} INFO - Setting next_dagrun for example_short_circuit_operator to 2026-03-18 00:00:00+00:00, run_after=2026-03-19 00:00:00+00:00
[2026-03-19T05:18:07.203+0000] {processor.py:183} INFO - Processing /home/airflow/.local/lib/python3.12/site-packages/airflow/example_dags/example_short_circuit_operator.py took 0.044 seconds
[2026-03-19T06:18:33.566+0000] {processor.py:161} INFO - Started process (PID=36525) to work on /home/airflow/.local/lib/python3.12/site-packages/airflow/example_dags/example_short_circuit_operator.py
[2026-03-19T06:18:33.568+0000] {processor.py:830} INFO - Processing file /home/airflow/.local/lib/python3.12/site-packages/airflow/example_dags/example_short_circuit_operator.py for tasks to queue
[2026-03-19T06:18:33.572+0000] {logging_mixin.py:188} INFO - [2026-03-19T06:18:33.571+0000] {dagbag.py:545} INFO - Filling up the DagBag from /home/airflow/.local/lib/python3.12/site-packages/airflow/example_dags/example_short_circuit_operator.py
[2026-03-19T06:18:33.605+0000] {processor.py:840} INFO - DAG(s) 'example_short_circuit_operator' retrieved from /home/airflow/.local/lib/python3.12/site-packages/airflow/example_dags/example_short_circuit_operator.py
[2026-03-19T06:18:33.684+0000] {logging_mixin.py:188} INFO - [2026-03-19T06:18:33.683+0000] {dag.py:3096} INFO - Sync 1 DAGs
[2026-03-19T06:18:33.754+0000] {logging_mixin.py:188} INFO - [2026-03-19T06:18:33.754+0000] {dag.py:3954} INFO - Setting next_dagrun for example_short_circuit_operator to 2026-03-18 00:00:00+00:00, run_after=2026-03-19 00:00:00+00:00
[2026-03-19T06:18:33.814+0000] {processor.py:183} INFO - Processing /home/airflow/.local/lib/python3.12/site-packages/airflow/example_dags/example_short_circuit_operator.py took 0.267 seconds
[2026-03-19T06:19:04.698+0000] {processor.py:161} INFO - Started process (PID=36592) to work on /home/airflow/.local/lib/python3.12/site-packages/airflow/example_dags/example_short_circuit_operator.py
[2026-03-19T06:19:04.699+0000] {processor.py:830} INFO - Processing file /home/airflow/.local/lib/python3.12/site-packages/airflow/example_dags/example_short_circuit_operator.py for tasks to queue
[2026-03-19T06:19:04.700+0000] {logging_mixin.py:188} INFO - [2026-03-19T06:19:04.700+0000] {dagbag.py:545} INFO - Filling up the DagBag from /home/airflow/.local/lib/python3.12/site-packages/airflow/example_dags/example_short_circuit_operator.py
[2026-03-19T06:19:04.709+0000] {processor.py:840} INFO - DAG(s) 'example_short_circuit_operator' retrieved from /home/airflow/.local/lib/python3.12/site-packages/airflow/example_dags/example_short_circuit_operator.py
[2026-03-19T06:19:04.730+0000] {logging_mixin.py:188} INFO - [2026-03-19T06:19:04.729+0000] {dag.py:3096} INFO - Sync 1 DAGs
[2026-03-19T06:19:04.746+0000] {logging_mixin.py:188} INFO - [2026-03-19T06:19:04.746+0000] {dag.py:3954} INFO - Setting next_dagrun for example_short_circuit_operator to 2026-03-18 00:00:00+00:00, run_after=2026-03-19 00:00:00+00:00
[2026-03-19T06:19:04.756+0000] {processor.py:183} INFO - Processing /home/airflow/.local/lib/python3.12/site-packages/airflow/example_dags/example_short_circuit_operator.py took 0.068 seconds
[2026-03-19T07:19:32.194+0000] {processor.py:161} INFO - Started process (PID=36651) to work on /home/airflow/.local/lib/python3.12/site-packages/airflow/example_dags/example_short_circuit_operator.py
[2026-03-19T07:19:32.200+0000] {processor.py:830} INFO - Processing file /home/airflow/.local/lib/python3.12/site-packages/airflow/example_dags/example_short_circuit_operator.py for tasks to queue
[2026-03-19T07:19:32.204+0000] {logging_mixin.py:188} INFO - [2026-03-19T07:19:32.203+0000] {dagbag.py:545} INFO - Filling up the DagBag from /home/airflow/.local/lib/python3.12/site-packages/airflow/example_dags/example_short_circuit_operator.py
[2026-03-19T07:19:32.233+0000] {processor.py:840} INFO - DAG(s) 'example_short_circuit_operator' retrieved from /home/airflow/.local/lib/python3.12/site-packages/airflow/example_dags/example_short_circuit_operator.py
[2026-03-19T07:19:32.393+0000] {logging_mixin.py:188} INFO - [2026-03-19T07:19:32.393+0000] {dag.py:3096} INFO - Sync 1 DAGs
[2026-03-19T07:19:32.497+0000] {logging_mixin.py:188} INFO - [2026-03-19T07:19:32.496+0000] {dag.py:3954} INFO - Setting next_dagrun for example_short_circuit_operator to 2026-03-18 00:00:00+00:00, run_after=2026-03-19 00:00:00+00:00
[2026-03-19T07:19:32.696+0000] {processor.py:183} INFO - Processing /home/airflow/.local/lib/python3.12/site-packages/airflow/example_dags/example_short_circuit_operator.py took 0.514 seconds
[2026-03-19T07:20:02.949+0000] {processor.py:161} INFO - Started process (PID=36719) to work on /home/airflow/.local/lib/python3.12/site-packages/airflow/example_dags/example_short_circuit_operator.py
[2026-03-19T07:20:02.950+0000] {processor.py:830} INFO - Processing file /home/airflow/.local/lib/python3.12/site-packages/airflow/example_dags/example_short_circuit_operator.py for tasks to queue
[2026-03-19T07:20:02.951+0000] {logging_mixin.py:188} INFO - [2026-03-19T07:20:02.951+0000] {dagbag.py:545} INFO - Filling up the DagBag from /home/airflow/.local/lib/python3.12/site-packages/airflow/example_dags/example_short_circuit_operator.py
[2026-03-19T07:20:02.958+0000] {processor.py:840} INFO - DAG(s) 'example_short_circuit_operator' retrieved from /home/airflow/.local/lib/python3.12/site-packages/airflow/example_dags/example_short_circuit_operator.py
[2026-03-19T07:20:02.976+0000] {logging_mixin.py:188} INFO - [2026-03-19T07:20:02.976+0000] {dag.py:3096} INFO - Sync 1 DAGs
[2026-03-19T07:20:02.991+0000] {logging_mixin.py:188} INFO - [2026-03-19T07:20:02.991+0000] {dag.py:3954} INFO - Setting next_dagrun for example_short_circuit_operator to 2026-03-18 00:00:00+00:00, run_after=2026-03-19 00:00:00+00:00
[2026-03-19T07:20:02.999+0000] {processor.py:183} INFO - Processing /home/airflow/.local/lib/python3.12/site-packages/airflow/example_dags/example_short_circuit_operator.py took 0.054 seconds
[2026-03-19T07:37:29.257+0000] {processor.py:161} INFO - Started process (PID=36777) to work on /home/airflow/.local/lib/python3.12/site-packages/airflow/example_dags/example_short_circuit_operator.py
[2026-03-19T07:37:29.258+0000] {processor.py:830} INFO - Processing file /home/airflow/.local/lib/python3.12/site-packages/airflow/example_dags/example_short_circuit_operator.py for tasks to queue
[2026-03-19T07:37:29.261+0000] {logging_mixin.py:188} INFO - [2026-03-19T07:37:29.261+0000] {dagbag.py:545} INFO - Filling up the DagBag from /home/airflow/.local/lib/python3.12/site-packages/airflow/example_dags/example_short_circuit_operator.py
[2026-03-19T07:37:29.275+0000] {processor.py:840} INFO - DAG(s) 'example_short_circuit_operator' retrieved from /home/airflow/.local/lib/python3.12/site-packages/airflow/example_dags/example_short_circuit_operator.py
[2026-03-19T07:37:29.309+0000] {logging_mixin.py:188} INFO - [2026-03-19T07:37:29.309+0000] {dag.py:3096} INFO - Sync 1 DAGs
[2026-03-19T07:37:29.335+0000] {logging_mixin.py:188} INFO - [2026-03-19T07:37:29.335+0000] {dag.py:3954} INFO - Setting next_dagrun for example_short_circuit_operator to 2026-03-18 00:00:00+00:00, run_after=2026-03-19 00:00:00+00:00
[2026-03-19T07:37:29.357+0000] {processor.py:183} INFO - Processing /home/airflow/.local/lib/python3.12/site-packages/airflow/example_dags/example_short_circuit_operator.py took 0.105 seconds
[2026-03-19T07:37:59.663+0000] {processor.py:161} INFO - Started process (PID=36844) to work on /home/airflow/.local/lib/python3.12/site-packages/airflow/example_dags/example_short_circuit_operator.py
[2026-03-19T07:37:59.664+0000] {processor.py:830} INFO - Processing file /home/airflow/.local/lib/python3.12/site-packages/airflow/example_dags/example_short_circuit_operator.py for tasks to queue
[2026-03-19T07:37:59.664+0000] {logging_mixin.py:188} INFO - [2026-03-19T07:37:59.664+0000] {dagbag.py:545} INFO - Filling up the DagBag from /home/airflow/.local/lib/python3.12/site-packages/airflow/example_dags/example_short_circuit_operator.py
[2026-03-19T07:37:59.669+0000] {processor.py:840} INFO - DAG(s) 'example_short_circuit_operator' retrieved from /home/airflow/.local/lib/python3.12/site-packages/airflow/example_dags/example_short_circuit_operator.py
[2026-03-19T07:37:59.684+0000] {logging_mixin.py:188} INFO - [2026-03-19T07:37:59.684+0000] {dag.py:3096} INFO - Sync 1 DAGs
[2026-03-19T07:37:59.695+0000] {logging_mixin.py:188} INFO - [2026-03-19T07:37:59.694+0000] {dag.py:3954} INFO - Setting next_dagrun for example_short_circuit_operator to 2026-03-18 00:00:00+00:00, run_after=2026-03-19 00:00:00+00:00
[2026-03-19T07:37:59.712+0000] {processor.py:183} INFO - Processing /home/airflow/.local/lib/python3.12/site-packages/airflow/example_dags/example_short_circuit_operator.py took 0.053 seconds
[2026-03-19T07:48:55.765+0000] {processor.py:161} INFO - Started process (PID=36903) to work on /home/airflow/.local/lib/python3.12/site-packages/airflow/example_dags/example_short_circuit_operator.py
[2026-03-19T07:48:55.767+0000] {processor.py:830} INFO - Processing file /home/airflow/.local/lib/python3.12/site-packages/airflow/example_dags/example_short_circuit_operator.py for tasks to queue
[2026-03-19T07:48:55.767+0000] {logging_mixin.py:188} INFO - [2026-03-19T07:48:55.767+0000] {dagbag.py:545} INFO - Filling up the DagBag from /home/airflow/.local/lib/python3.12/site-packages/airflow/example_dags/example_short_circuit_operator.py
[2026-03-19T07:48:55.774+0000] {processor.py:840} INFO - DAG(s) 'example_short_circuit_operator' retrieved from /home/airflow/.local/lib/python3.12/site-packages/airflow/example_dags/example_short_circuit_operator.py
[2026-03-19T07:48:55.793+0000] {logging_mixin.py:188} INFO - [2026-03-19T07:48:55.793+0000] {dag.py:3096} INFO - Sync 1 DAGs
[2026-03-19T07:48:55.805+0000] {logging_mixin.py:188} INFO - [2026-03-19T07:48:55.805+0000] {dag.py:3954} INFO - Setting next_dagrun for example_short_circuit_operator to 2026-03-18 00:00:00+00:00, run_after=2026-03-19 00:00:00+00:00
[2026-03-19T07:48:55.818+0000] {processor.py:183} INFO - Processing /home/airflow/.local/lib/python3.12/site-packages/airflow/example_dags/example_short_circuit_operator.py took 0.056 seconds
[2026-03-19T07:49:27.557+0000] {processor.py:161} INFO - Started process (PID=36962) to work on /home/airflow/.local/lib/python3.12/site-packages/airflow/example_dags/example_short_circuit_operator.py
[2026-03-19T07:49:27.560+0000] {processor.py:830} INFO - Processing file /home/airflow/.local/lib/python3.12/site-packages/airflow/example_dags/example_short_circuit_operator.py for tasks to queue
[2026-03-19T07:49:27.561+0000] {logging_mixin.py:188} INFO - [2026-03-19T07:49:27.561+0000] {dagbag.py:545} INFO - Filling up the DagBag from /home/airflow/.local/lib/python3.12/site-packages/airflow/example_dags/example_short_circuit_operator.py
[2026-03-19T07:49:27.573+0000] {processor.py:840} INFO - DAG(s) 'example_short_circuit_operator' retrieved from /home/airflow/.local/lib/python3.12/site-packages/airflow/example_dags/example_short_circuit_operator.py
[2026-03-19T07:49:27.604+0000] {logging_mixin.py:188} INFO - [2026-03-19T07:49:27.604+0000] {dag.py:3096} INFO - Sync 1 DAGs
[2026-03-19T07:49:27.622+0000] {logging_mixin.py:188} INFO - [2026-03-19T07:49:27.622+0000] {dag.py:3954} INFO - Setting next_dagrun for example_short_circuit_operator to 2026-03-18 00:00:00+00:00, run_after=2026-03-19 00:00:00+00:00
[2026-03-19T07:49:27.671+0000] {processor.py:183} INFO - Processing /home/airflow/.local/lib/python3.12/site-packages/airflow/example_dags/example_short_circuit_operator.py took 0.124 seconds
[2026-03-19T07:49:57.859+0000] {processor.py:161} INFO - Started process (PID=37021) to work on /home/airflow/.local/lib/python3.12/site-packages/airflow/example_dags/example_short_circuit_operator.py
[2026-03-19T07:49:57.862+0000] {processor.py:830} INFO - Processing file /home/airflow/.local/lib/python3.12/site-packages/airflow/example_dags/example_short_circuit_operator.py for tasks to queue
[2026-03-19T07:49:57.863+0000] {logging_mixin.py:188} INFO - [2026-03-19T07:49:57.863+0000] {dagbag.py:545} INFO - Filling up the DagBag from /home/airflow/.local/lib/python3.12/site-packages/airflow/example_dags/example_short_circuit_operator.py
[2026-03-19T07:49:57.868+0000] {processor.py:840} INFO - DAG(s) 'example_short_circuit_operator' retrieved from /home/airflow/.local/lib/python3.12/site-packages/airflow/example_dags/example_short_circuit_operator.py
[2026-03-19T07:49:57.884+0000] {logging_mixin.py:188} INFO - [2026-03-19T07:49:57.884+0000] {dag.py:3096} INFO - Sync 1 DAGs
[2026-03-19T07:49:57.897+0000] {logging_mixin.py:188} INFO - [2026-03-19T07:49:57.896+0000] {dag.py:3954} INFO - Setting next_dagrun for example_short_circuit_operator to 2026-03-18 00:00:00+00:00, run_after=2026-03-19 00:00:00+00:00
[2026-03-19T07:49:57.906+0000] {processor.py:183} INFO - Processing /home/airflow/.local/lib/python3.12/site-packages/airflow/example_dags/example_short_circuit_operator.py took 0.051 seconds
[2026-03-19T07:50:28.412+0000] {processor.py:161} INFO - Started process (PID=37080) to work on /home/airflow/.local/lib/python3.12/site-packages/airflow/example_dags/example_short_circuit_operator.py
[2026-03-19T07:50:28.413+0000] {processor.py:830} INFO - Processing file /home/airflow/.local/lib/python3.12/site-packages/airflow/example_dags/example_short_circuit_operator.py for tasks to queue
[2026-03-19T07:50:28.414+0000] {logging_mixin.py:188} INFO - [2026-03-19T07:50:28.413+0000] {dagbag.py:545} INFO - Filling up the DagBag from /home/airflow/.local/lib/python3.12/site-packages/airflow/example_dags/example_short_circuit_operator.py
[2026-03-19T07:50:28.418+0000] {processor.py:840} INFO - DAG(s) 'example_short_circuit_operator' retrieved from /home/airflow/.local/lib/python3.12/site-packages/airflow/example_dags/example_short_circuit_operator.py
[2026-03-19T07:50:28.435+0000] {logging_mixin.py:188} INFO - [2026-03-19T07:50:28.435+0000] {dag.py:3096} INFO - Sync 1 DAGs
[2026-03-19T07:50:28.446+0000] {logging_mixin.py:188} INFO - [2026-03-19T07:50:28.446+0000] {dag.py:3954} INFO - Setting next_dagrun for example_short_circuit_operator to 2026-03-18 00:00:00+00:00, run_after=2026-03-19 00:00:00+00:00
[2026-03-19T07:50:28.464+0000] {processor.py:183} INFO - Processing /home/airflow/.local/lib/python3.12/site-packages/airflow/example_dags/example_short_circuit_operator.py took 0.056 seconds
[2026-03-19T07:50:58.984+0000] {processor.py:161} INFO - Started process (PID=37139) to work on /home/airflow/.local/lib/python3.12/site-packages/airflow/example_dags/example_short_circuit_operator.py
[2026-03-19T07:50:58.985+0000] {processor.py:830} INFO - Processing file /home/airflow/.local/lib/python3.12/site-packages/airflow/example_dags/example_short_circuit_operator.py for tasks to queue
[2026-03-19T07:50:58.988+0000] {logging_mixin.py:188} INFO - [2026-03-19T07:50:58.988+0000] {dagbag.py:545} INFO - Filling up the DagBag from /home/airflow/.local/lib/python3.12/site-packages/airflow/example_dags/example_short_circuit_operator.py
[2026-03-19T07:50:58.993+0000] {processor.py:840} INFO - DAG(s) 'example_short_circuit_operator' retrieved from /home/airflow/.local/lib/python3.12/site-packages/airflow/example_dags/example_short_circuit_operator.py
[2026-03-19T07:50:59.007+0000] {logging_mixin.py:188} INFO - [2026-03-19T07:50:59.007+0000] {dag.py:3096} INFO - Sync 1 DAGs
[2026-03-19T07:50:59.023+0000] {logging_mixin.py:188} INFO - [2026-03-19T07:50:59.023+0000] {dag.py:3954} INFO - Setting next_dagrun for example_short_circuit_operator to 2026-03-18 00:00:00+00:00, run_after=2026-03-19 00:00:00+00:00
[2026-03-19T07:50:59.048+0000] {processor.py:183} INFO - Processing /home/airflow/.local/lib/python3.12/site-packages/airflow/example_dags/example_short_circuit_operator.py took 0.067 seconds
[2026-03-19T07:51:29.733+0000] {processor.py:161} INFO - Started process (PID=37198) to work on /home/airflow/.local/lib/python3.12/site-packages/airflow/example_dags/example_short_circuit_operator.py
[2026-03-19T07:51:29.734+0000] {processor.py:830} INFO - Processing file /home/airflow/.local/lib/python3.12/site-packages/airflow/example_dags/example_short_circuit_operator.py for tasks to queue
[2026-03-19T07:51:29.735+0000] {logging_mixin.py:188} INFO - [2026-03-19T07:51:29.734+0000] {dagbag.py:545} INFO - Filling up the DagBag from /home/airflow/.local/lib/python3.12/site-packages/airflow/example_dags/example_short_circuit_operator.py
[2026-03-19T07:51:29.741+0000] {processor.py:840} INFO - DAG(s) 'example_short_circuit_operator' retrieved from /home/airflow/.local/lib/python3.12/site-packages/airflow/example_dags/example_short_circuit_operator.py
[2026-03-19T07:51:29.762+0000] {logging_mixin.py:188} INFO - [2026-03-19T07:51:29.761+0000] {dag.py:3096} INFO - Sync 1 DAGs
[2026-03-19T07:51:29.779+0000] {logging_mixin.py:188} INFO - [2026-03-19T07:51:29.779+0000] {dag.py:3954} INFO - Setting next_dagrun for example_short_circuit_operator to 2026-03-18 00:00:00+00:00, run_after=2026-03-19 00:00:00+00:00
[2026-03-19T07:51:29.791+0000] {processor.py:183} INFO - Processing /home/airflow/.local/lib/python3.12/site-packages/airflow/example_dags/example_short_circuit_operator.py took 0.062 seconds
[2026-03-19T07:52:00.332+0000] {processor.py:161} INFO - Started process (PID=37257) to work on /home/airflow/.local/lib/python3.12/site-packages/airflow/example_dags/example_short_circuit_operator.py
[2026-03-19T07:52:00.333+0000] {processor.py:830} INFO - Processing file /home/airflow/.local/lib/python3.12/site-packages/airflow/example_dags/example_short_circuit_operator.py for tasks to queue
[2026-03-19T07:52:00.333+0000] {logging_mixin.py:188} INFO - [2026-03-19T07:52:00.333+0000] {dagbag.py:545} INFO - Filling up the DagBag from /home/airflow/.local/lib/python3.12/site-packages/airflow/example_dags/example_short_circuit_operator.py
[2026-03-19T07:52:00.343+0000] {processor.py:840} INFO - DAG(s) 'example_short_circuit_operator' retrieved from /home/airflow/.local/lib/python3.12/site-packages/airflow/example_dags/example_short_circuit_operator.py
[2026-03-19T07:52:00.362+0000] {logging_mixin.py:188} INFO - [2026-03-19T07:52:00.361+0000] {dag.py:3096} INFO - Sync 1 DAGs
[2026-03-19T07:52:00.391+0000] {logging_mixin.py:188} INFO - [2026-03-19T07:52:00.391+0000] {dag.py:3954} INFO - Setting next_dagrun for example_short_circuit_operator to 2026-03-18 00:00:00+00:00, run_after=2026-03-19 00:00:00+00:00
[2026-03-19T07:52:00.413+0000] {processor.py:183} INFO - Processing /home/airflow/.local/lib/python3.12/site-packages/airflow/example_dags/example_short_circuit_operator.py took 0.089 seconds
[2026-03-19T07:52:30.844+0000] {processor.py:161} INFO - Started process (PID=37316) to work on /home/airflow/.local/lib/python3.12/site-packages/airflow/example_dags/example_short_circuit_operator.py
[2026-03-19T07:52:30.846+0000] {processor.py:830} INFO - Processing file /home/airflow/.local/lib/python3.12/site-packages/airflow/example_dags/example_short_circuit_operator.py for tasks to queue
[2026-03-19T07:52:30.847+0000] {logging_mixin.py:188} INFO - [2026-03-19T07:52:30.847+0000] {dagbag.py:545} INFO - Filling up the DagBag from /home/airflow/.local/lib/python3.12/site-packages/airflow/example_dags/example_short_circuit_operator.py
[2026-03-19T07:52:30.852+0000] {processor.py:840} INFO - DAG(s) 'example_short_circuit_operator' retrieved from /home/airflow/.local/lib/python3.12/site-packages/airflow/example_dags/example_short_circuit_operator.py
[2026-03-19T07:52:30.872+0000] {logging_mixin.py:188} INFO - [2026-03-19T07:52:30.871+0000] {dag.py:3096} INFO - Sync 1 DAGs
[2026-03-19T07:52:30.885+0000] {logging_mixin.py:188} INFO - [2026-03-19T07:52:30.885+0000] {dag.py:3954} INFO - Setting next_dagrun for example_short_circuit_operator to 2026-03-18 00:00:00+00:00, run_after=2026-03-19 00:00:00+00:00
[2026-03-19T07:52:30.895+0000] {processor.py:183} INFO - Processing /home/airflow/.local/lib/python3.12/site-packages/airflow/example_dags/example_short_circuit_operator.py took 0.055 seconds
[2026-03-19T07:53:01.626+0000] {processor.py:161} INFO - Started process (PID=37375) to work on /home/airflow/.local/lib/python3.12/site-packages/airflow/example_dags/example_short_circuit_operator.py
[2026-03-19T07:53:01.628+0000] {processor.py:830} INFO - Processing file /home/airflow/.local/lib/python3.12/site-packages/airflow/example_dags/example_short_circuit_operator.py for tasks to queue
[2026-03-19T07:53:01.629+0000] {logging_mixin.py:188} INFO - [2026-03-19T07:53:01.629+0000] {dagbag.py:545} INFO - Filling up the DagBag from /home/airflow/.local/lib/python3.12/site-packages/airflow/example_dags/example_short_circuit_operator.py
[2026-03-19T07:53:01.635+0000] {processor.py:840} INFO - DAG(s) 'example_short_circuit_operator' retrieved from /home/airflow/.local/lib/python3.12/site-packages/airflow/example_dags/example_short_circuit_operator.py
[2026-03-19T07:53:01.655+0000] {logging_mixin.py:188} INFO - [2026-03-19T07:53:01.655+0000] {dag.py:3096} INFO - Sync 1 DAGs
[2026-03-19T07:53:01.670+0000] {logging_mixin.py:188} INFO - [2026-03-19T07:53:01.670+0000] {dag.py:3954} INFO - Setting next_dagrun for example_short_circuit_operator to 2026-03-18 00:00:00+00:00, run_after=2026-03-19 00:00:00+00:00
[2026-03-19T07:53:01.689+0000] {processor.py:183} INFO - Processing /home/airflow/.local/lib/python3.12/site-packages/airflow/example_dags/example_short_circuit_operator.py took 0.068 seconds
[2026-03-19T07:53:32.094+0000] {processor.py:161} INFO - Started process (PID=37434) to work on /home/airflow/.local/lib/python3.12/site-packages/airflow/example_dags/example_short_circuit_operator.py
[2026-03-19T07:53:32.095+0000] {processor.py:830} INFO - Processing file /home/airflow/.local/lib/python3.12/site-packages/airflow/example_dags/example_short_circuit_operator.py for tasks to queue
[2026-03-19T07:53:32.096+0000] {logging_mixin.py:188} INFO - [2026-03-19T07:53:32.096+0000] {dagbag.py:545} INFO - Filling up the DagBag from /home/airflow/.local/lib/python3.12/site-packages/airflow/example_dags/example_short_circuit_operator.py
[2026-03-19T07:53:32.103+0000] {processor.py:840} INFO - DAG(s) 'example_short_circuit_operator' retrieved from /home/airflow/.local/lib/python3.12/site-packages/airflow/example_dags/example_short_circuit_operator.py
[2026-03-19T07:53:32.122+0000] {logging_mixin.py:188} INFO - [2026-03-19T07:53:32.122+0000] {dag.py:3096} INFO - Sync 1 DAGs
[2026-03-19T07:53:32.133+0000] {logging_mixin.py:188} INFO - [2026-03-19T07:53:32.133+0000] {dag.py:3954} INFO - Setting next_dagrun for example_short_circuit_operator to 2026-03-18 00:00:00+00:00, run_after=2026-03-19 00:00:00+00:00
[2026-03-19T07:53:32.144+0000] {processor.py:183} INFO - Processing /home/airflow/.local/lib/python3.12/site-packages/airflow/example_dags/example_short_circuit_operator.py took 0.054 seconds
[2026-03-19T07:54:02.454+0000] {processor.py:161} INFO - Started process (PID=37493) to work on /home/airflow/.local/lib/python3.12/site-packages/airflow/example_dags/example_short_circuit_operator.py
[2026-03-19T07:54:02.457+0000] {processor.py:830} INFO - Processing file /home/airflow/.local/lib/python3.12/site-packages/airflow/example_dags/example_short_circuit_operator.py for tasks to queue
[2026-03-19T07:54:02.458+0000] {logging_mixin.py:188} INFO - [2026-03-19T07:54:02.458+0000] {dagbag.py:545} INFO - Filling up the DagBag from /home/airflow/.local/lib/python3.12/site-packages/airflow/example_dags/example_short_circuit_operator.py
[2026-03-19T07:54:02.463+0000] {processor.py:840} INFO - DAG(s) 'example_short_circuit_operator' retrieved from /home/airflow/.local/lib/python3.12/site-packages/airflow/example_dags/example_short_circuit_operator.py
[2026-03-19T07:54:02.481+0000] {logging_mixin.py:188} INFO - [2026-03-19T07:54:02.481+0000] {dag.py:3096} INFO - Sync 1 DAGs
[2026-03-19T07:54:02.495+0000] {logging_mixin.py:188} INFO - [2026-03-19T07:54:02.495+0000] {dag.py:3954} INFO - Setting next_dagrun for example_short_circuit_operator to 2026-03-18 00:00:00+00:00, run_after=2026-03-19 00:00:00+00:00
[2026-03-19T07:54:02.504+0000] {processor.py:183} INFO - Processing /home/airflow/.local/lib/python3.12/site-packages/airflow/example_dags/example_short_circuit_operator.py took 0.055 seconds
[2026-03-19T07:54:32.758+0000] {processor.py:161} INFO - Started process (PID=37552) to work on /home/airflow/.local/lib/python3.12/site-packages/airflow/example_dags/example_short_circuit_operator.py
[2026-03-19T07:54:32.759+0000] {processor.py:830} INFO - Processing file /home/airflow/.local/lib/python3.12/site-packages/airflow/example_dags/example_short_circuit_operator.py for tasks to queue
[2026-03-19T07:54:32.759+0000] {logging_mixin.py:188} INFO - [2026-03-19T07:54:32.759+0000] {dagbag.py:545} INFO - Filling up the DagBag from /home/airflow/.local/lib/python3.12/site-packages/airflow/example_dags/example_short_circuit_operator.py
[2026-03-19T07:54:32.764+0000] {processor.py:840} INFO - DAG(s) 'example_short_circuit_operator' retrieved from /home/airflow/.local/lib/python3.12/site-packages/airflow/example_dags/example_short_circuit_operator.py
[2026-03-19T07:54:32.780+0000] {logging_mixin.py:188} INFO - [2026-03-19T07:54:32.780+0000] {dag.py:3096} INFO - Sync 1 DAGs
[2026-03-19T07:54:32.792+0000] {logging_mixin.py:188} INFO - [2026-03-19T07:54:32.792+0000] {dag.py:3954} INFO - Setting next_dagrun for example_short_circuit_operator to 2026-03-18 00:00:00+00:00, run_after=2026-03-19 00:00:00+00:00
[2026-03-19T07:54:32.808+0000] {processor.py:183} INFO - Processing /home/airflow/.local/lib/python3.12/site-packages/airflow/example_dags/example_short_circuit_operator.py took 0.053 seconds
[2026-03-19T07:55:03.149+0000] {processor.py:161} INFO - Started process (PID=37611) to work on /home/airflow/.local/lib/python3.12/site-packages/airflow/example_dags/example_short_circuit_operator.py
[2026-03-19T07:55:03.150+0000] {processor.py:830} INFO - Processing file /home/airflow/.local/lib/python3.12/site-packages/airflow/example_dags/example_short_circuit_operator.py for tasks to queue
[2026-03-19T07:55:03.151+0000] {logging_mixin.py:188} INFO - [2026-03-19T07:55:03.151+0000] {dagbag.py:545} INFO - Filling up the DagBag from /home/airflow/.local/lib/python3.12/site-packages/airflow/example_dags/example_short_circuit_operator.py
[2026-03-19T07:55:03.155+0000] {processor.py:840} INFO - DAG(s) 'example_short_circuit_operator' retrieved from /home/airflow/.local/lib/python3.12/site-packages/airflow/example_dags/example_short_circuit_operator.py
[2026-03-19T07:55:03.169+0000] {logging_mixin.py:188} INFO - [2026-03-19T07:55:03.169+0000] {dag.py:3096} INFO - Sync 1 DAGs
[2026-03-19T07:55:03.190+0000] {logging_mixin.py:188} INFO - [2026-03-19T07:55:03.190+0000] {dag.py:3954} INFO - Setting next_dagrun for example_short_circuit_operator to 2026-03-18 00:00:00+00:00, run_after=2026-03-19 00:00:00+00:00
[2026-03-19T07:55:03.199+0000] {processor.py:183} INFO - Processing /home/airflow/.local/lib/python3.12/site-packages/airflow/example_dags/example_short_circuit_operator.py took 0.053 seconds
[2026-03-19T07:55:33.824+0000] {processor.py:161} INFO - Started process (PID=37670) to work on /home/airflow/.local/lib/python3.12/site-packages/airflow/example_dags/example_short_circuit_operator.py
[2026-03-19T07:55:33.825+0000] {processor.py:830} INFO - Processing file /home/airflow/.local/lib/python3.12/site-packages/airflow/example_dags/example_short_circuit_operator.py for tasks to queue
[2026-03-19T07:55:33.826+0000] {logging_mixin.py:188} INFO - [2026-03-19T07:55:33.826+0000] {dagbag.py:545} INFO - Filling up the DagBag from /home/airflow/.local/lib/python3.12/site-packages/airflow/example_dags/example_short_circuit_operator.py
[2026-03-19T07:55:33.831+0000] {processor.py:840} INFO - DAG(s) 'example_short_circuit_operator' retrieved from /home/airflow/.local/lib/python3.12/site-packages/airflow/example_dags/example_short_circuit_operator.py
[2026-03-19T07:55:33.850+0000] {logging_mixin.py:188} INFO - [2026-03-19T07:55:33.850+0000] {dag.py:3096} INFO - Sync 1 DAGs
[2026-03-19T07:55:33.860+0000] {logging_mixin.py:188} INFO - [2026-03-19T07:55:33.860+0000] {dag.py:3954} INFO - Setting next_dagrun for example_short_circuit_operator to 2026-03-18 00:00:00+00:00, run_after=2026-03-19 00:00:00+00:00
[2026-03-19T07:55:33.871+0000] {processor.py:183} INFO - Processing /home/airflow/.local/lib/python3.12/site-packages/airflow/example_dags/example_short_circuit_operator.py took 0.051 seconds
[2026-03-19T07:56:04.332+0000] {processor.py:161} INFO - Started process (PID=37729) to work on /home/airflow/.local/lib/python3.12/site-packages/airflow/example_dags/example_short_circuit_operator.py
[2026-03-19T07:56:04.333+0000] {processor.py:830} INFO - Processing file /home/airflow/.local/lib/python3.12/site-packages/airflow/example_dags/example_short_circuit_operator.py for tasks to queue
[2026-03-19T07:56:04.334+0000] {logging_mixin.py:188} INFO - [2026-03-19T07:56:04.334+0000] {dagbag.py:545} INFO - Filling up the DagBag from /home/airflow/.local/lib/python3.12/site-packages/airflow/example_dags/example_short_circuit_operator.py
[2026-03-19T07:56:04.339+0000] {processor.py:840} INFO - DAG(s) 'example_short_circuit_operator' retrieved from /home/airflow/.local/lib/python3.12/site-packages/airflow/example_dags/example_short_circuit_operator.py
[2026-03-19T07:56:04.353+0000] {logging_mixin.py:188} INFO - [2026-03-19T07:56:04.352+0000] {dag.py:3096} INFO - Sync 1 DAGs
[2026-03-19T07:56:04.364+0000] {logging_mixin.py:188} INFO - [2026-03-19T07:56:04.364+0000] {dag.py:3954} INFO - Setting next_dagrun for example_short_circuit_operator to 2026-03-18 00:00:00+00:00, run_after=2026-03-19 00:00:00+00:00
[2026-03-19T07:56:04.375+0000] {processor.py:183} INFO - Processing /home/airflow/.local/lib/python3.12/site-packages/airflow/example_dags/example_short_circuit_operator.py took 0.047 seconds
