[2026-03-19T00:12:43.923+0000] {processor.py:161} INFO - Started process (PID=35681) to work on /home/airflow/.local/lib/python3.12/site-packages/airflow/example_dags/example_display_name.py
[2026-03-19T00:12:43.925+0000] {processor.py:830} INFO - Processing file /home/airflow/.local/lib/python3.12/site-packages/airflow/example_dags/example_display_name.py for tasks to queue
[2026-03-19T00:12:43.927+0000] {logging_mixin.py:188} INFO - [2026-03-19T00:12:43.926+0000] {dagbag.py:545} INFO - Filling up the DagBag from /home/airflow/.local/lib/python3.12/site-packages/airflow/example_dags/example_display_name.py
[2026-03-19T00:12:43.930+0000] {processor.py:840} INFO - DAG(s) 'example_display_name' retrieved from /home/airflow/.local/lib/python3.12/site-packages/airflow/example_dags/example_display_name.py
[2026-03-19T00:12:43.946+0000] {logging_mixin.py:188} INFO - [2026-03-19T00:12:43.946+0000] {dag.py:3096} INFO - Sync 1 DAGs
[2026-03-19T00:12:43.957+0000] {logging_mixin.py:188} INFO - [2026-03-19T00:12:43.957+0000] {dag.py:3954} INFO - Setting next_dagrun for example_display_name to None, run_after=None
[2026-03-19T00:12:43.975+0000] {processor.py:183} INFO - Processing /home/airflow/.local/lib/python3.12/site-packages/airflow/example_dags/example_display_name.py took 0.056 seconds
[2026-03-19T00:46:44.023+0000] {processor.py:161} INFO - Started process (PID=35740) to work on /home/airflow/.local/lib/python3.12/site-packages/airflow/example_dags/example_display_name.py
[2026-03-19T00:46:44.029+0000] {processor.py:830} INFO - Processing file /home/airflow/.local/lib/python3.12/site-packages/airflow/example_dags/example_display_name.py for tasks to queue
[2026-03-19T00:46:44.031+0000] {logging_mixin.py:188} INFO - [2026-03-19T00:46:44.031+0000] {dagbag.py:545} INFO - Filling up the DagBag from /home/airflow/.local/lib/python3.12/site-packages/airflow/example_dags/example_display_name.py
[2026-03-19T00:46:44.037+0000] {processor.py:840} INFO - DAG(s) 'example_display_name' retrieved from /home/airflow/.local/lib/python3.12/site-packages/airflow/example_dags/example_display_name.py
[2026-03-19T00:46:44.065+0000] {logging_mixin.py:188} INFO - [2026-03-19T00:46:44.065+0000] {dag.py:3096} INFO - Sync 1 DAGs
[2026-03-19T00:46:44.076+0000] {logging_mixin.py:188} INFO - [2026-03-19T00:46:44.075+0000] {dag.py:3954} INFO - Setting next_dagrun for example_display_name to None, run_after=None
[2026-03-19T00:46:44.103+0000] {processor.py:183} INFO - Processing /home/airflow/.local/lib/python3.12/site-packages/airflow/example_dags/example_display_name.py took 0.085 seconds
[2026-03-19T01:13:43.291+0000] {processor.py:161} INFO - Started process (PID=35807) to work on /home/airflow/.local/lib/python3.12/site-packages/airflow/example_dags/example_display_name.py
[2026-03-19T01:13:43.297+0000] {processor.py:830} INFO - Processing file /home/airflow/.local/lib/python3.12/site-packages/airflow/example_dags/example_display_name.py for tasks to queue
[2026-03-19T01:13:43.298+0000] {logging_mixin.py:188} INFO - [2026-03-19T01:13:43.298+0000] {dagbag.py:545} INFO - Filling up the DagBag from /home/airflow/.local/lib/python3.12/site-packages/airflow/example_dags/example_display_name.py
[2026-03-19T01:13:43.303+0000] {processor.py:840} INFO - DAG(s) 'example_display_name' retrieved from /home/airflow/.local/lib/python3.12/site-packages/airflow/example_dags/example_display_name.py
[2026-03-19T01:13:43.324+0000] {logging_mixin.py:188} INFO - [2026-03-19T01:13:43.324+0000] {dag.py:3096} INFO - Sync 1 DAGs
[2026-03-19T01:13:43.344+0000] {logging_mixin.py:188} INFO - [2026-03-19T01:13:43.344+0000] {dag.py:3954} INFO - Setting next_dagrun for example_display_name to None, run_after=None
[2026-03-19T01:13:43.526+0000] {processor.py:183} INFO - Processing /home/airflow/.local/lib/python3.12/site-packages/airflow/example_dags/example_display_name.py took 0.242 seconds
[2026-03-19T01:30:58.055+0000] {processor.py:161} INFO - Started process (PID=35874) to work on /home/airflow/.local/lib/python3.12/site-packages/airflow/example_dags/example_display_name.py
[2026-03-19T01:30:58.063+0000] {processor.py:830} INFO - Processing file /home/airflow/.local/lib/python3.12/site-packages/airflow/example_dags/example_display_name.py for tasks to queue
[2026-03-19T01:30:58.078+0000] {logging_mixin.py:188} INFO - [2026-03-19T01:30:58.077+0000] {dagbag.py:545} INFO - Filling up the DagBag from /home/airflow/.local/lib/python3.12/site-packages/airflow/example_dags/example_display_name.py
[2026-03-19T01:30:58.117+0000] {processor.py:840} INFO - DAG(s) 'example_display_name' retrieved from /home/airflow/.local/lib/python3.12/site-packages/airflow/example_dags/example_display_name.py
[2026-03-19T01:30:58.312+0000] {logging_mixin.py:188} INFO - [2026-03-19T01:30:58.312+0000] {dag.py:3096} INFO - Sync 1 DAGs
[2026-03-19T01:30:58.538+0000] {logging_mixin.py:188} INFO - [2026-03-19T01:30:58.537+0000] {dag.py:3954} INFO - Setting next_dagrun for example_display_name to None, run_after=None
[2026-03-19T01:30:58.663+0000] {processor.py:183} INFO - Processing /home/airflow/.local/lib/python3.12/site-packages/airflow/example_dags/example_display_name.py took 0.660 seconds
[2026-03-19T02:15:05.597+0000] {processor.py:161} INFO - Started process (PID=35938) to work on /home/airflow/.local/lib/python3.12/site-packages/airflow/example_dags/example_display_name.py
[2026-03-19T02:15:05.608+0000] {processor.py:830} INFO - Processing file /home/airflow/.local/lib/python3.12/site-packages/airflow/example_dags/example_display_name.py for tasks to queue
[2026-03-19T02:15:05.610+0000] {logging_mixin.py:188} INFO - [2026-03-19T02:15:05.609+0000] {dagbag.py:545} INFO - Filling up the DagBag from /home/airflow/.local/lib/python3.12/site-packages/airflow/example_dags/example_display_name.py
[2026-03-19T02:15:05.655+0000] {processor.py:840} INFO - DAG(s) 'example_display_name' retrieved from /home/airflow/.local/lib/python3.12/site-packages/airflow/example_dags/example_display_name.py
[2026-03-19T02:15:05.765+0000] {logging_mixin.py:188} INFO - [2026-03-19T02:15:05.764+0000] {dag.py:3096} INFO - Sync 1 DAGs
[2026-03-19T02:15:05.822+0000] {logging_mixin.py:188} INFO - [2026-03-19T02:15:05.822+0000] {dag.py:3954} INFO - Setting next_dagrun for example_display_name to None, run_after=None
[2026-03-19T02:15:05.912+0000] {processor.py:183} INFO - Processing /home/airflow/.local/lib/python3.12/site-packages/airflow/example_dags/example_display_name.py took 0.344 seconds
[2026-03-19T03:06:05.240+0000] {processor.py:161} INFO - Started process (PID=36024) to work on /home/airflow/.local/lib/python3.12/site-packages/airflow/example_dags/example_display_name.py
[2026-03-19T03:06:05.245+0000] {processor.py:830} INFO - Processing file /home/airflow/.local/lib/python3.12/site-packages/airflow/example_dags/example_display_name.py for tasks to queue
[2026-03-19T03:06:05.255+0000] {logging_mixin.py:188} INFO - [2026-03-19T03:06:05.249+0000] {dagbag.py:545} INFO - Filling up the DagBag from /home/airflow/.local/lib/python3.12/site-packages/airflow/example_dags/example_display_name.py
[2026-03-19T03:06:05.287+0000] {processor.py:840} INFO - DAG(s) 'example_display_name' retrieved from /home/airflow/.local/lib/python3.12/site-packages/airflow/example_dags/example_display_name.py
[2026-03-19T03:06:05.373+0000] {logging_mixin.py:188} INFO - [2026-03-19T03:06:05.371+0000] {dag.py:3096} INFO - Sync 1 DAGs
[2026-03-19T03:06:05.430+0000] {logging_mixin.py:188} INFO - [2026-03-19T03:06:05.430+0000] {dag.py:3954} INFO - Setting next_dagrun for example_display_name to None, run_after=None
[2026-03-19T03:06:05.517+0000] {processor.py:183} INFO - Processing /home/airflow/.local/lib/python3.12/site-packages/airflow/example_dags/example_display_name.py took 0.305 seconds
[2026-03-19T03:06:36.470+0000] {processor.py:161} INFO - Started process (PID=36095) to work on /home/airflow/.local/lib/python3.12/site-packages/airflow/example_dags/example_display_name.py
[2026-03-19T03:06:36.471+0000] {processor.py:830} INFO - Processing file /home/airflow/.local/lib/python3.12/site-packages/airflow/example_dags/example_display_name.py for tasks to queue
[2026-03-19T03:06:36.472+0000] {logging_mixin.py:188} INFO - [2026-03-19T03:06:36.472+0000] {dagbag.py:545} INFO - Filling up the DagBag from /home/airflow/.local/lib/python3.12/site-packages/airflow/example_dags/example_display_name.py
[2026-03-19T03:06:36.484+0000] {processor.py:840} INFO - DAG(s) 'example_display_name' retrieved from /home/airflow/.local/lib/python3.12/site-packages/airflow/example_dags/example_display_name.py
[2026-03-19T03:06:36.507+0000] {logging_mixin.py:188} INFO - [2026-03-19T03:06:36.507+0000] {dag.py:3096} INFO - Sync 1 DAGs
[2026-03-19T03:06:36.515+0000] {logging_mixin.py:188} INFO - [2026-03-19T03:06:36.515+0000] {dag.py:3954} INFO - Setting next_dagrun for example_display_name to None, run_after=None
[2026-03-19T03:06:36.529+0000] {processor.py:183} INFO - Processing /home/airflow/.local/lib/python3.12/site-packages/airflow/example_dags/example_display_name.py took 0.067 seconds
[2026-03-19T03:15:41.687+0000] {processor.py:161} INFO - Started process (PID=36154) to work on /home/airflow/.local/lib/python3.12/site-packages/airflow/example_dags/example_display_name.py
[2026-03-19T03:15:41.689+0000] {processor.py:830} INFO - Processing file /home/airflow/.local/lib/python3.12/site-packages/airflow/example_dags/example_display_name.py for tasks to queue
[2026-03-19T03:15:41.690+0000] {logging_mixin.py:188} INFO - [2026-03-19T03:15:41.690+0000] {dagbag.py:545} INFO - Filling up the DagBag from /home/airflow/.local/lib/python3.12/site-packages/airflow/example_dags/example_display_name.py
[2026-03-19T03:15:41.696+0000] {processor.py:840} INFO - DAG(s) 'example_display_name' retrieved from /home/airflow/.local/lib/python3.12/site-packages/airflow/example_dags/example_display_name.py
[2026-03-19T03:15:41.718+0000] {logging_mixin.py:188} INFO - [2026-03-19T03:15:41.718+0000] {dag.py:3096} INFO - Sync 1 DAGs
[2026-03-19T03:15:41.735+0000] {logging_mixin.py:188} INFO - [2026-03-19T03:15:41.735+0000] {dag.py:3954} INFO - Setting next_dagrun for example_display_name to None, run_after=None
[2026-03-19T03:15:41.749+0000] {processor.py:183} INFO - Processing /home/airflow/.local/lib/python3.12/site-packages/airflow/example_dags/example_display_name.py took 0.069 seconds
[2026-03-19T03:31:59.846+0000] {processor.py:161} INFO - Started process (PID=36213) to work on /home/airflow/.local/lib/python3.12/site-packages/airflow/example_dags/example_display_name.py
[2026-03-19T03:31:59.848+0000] {processor.py:830} INFO - Processing file /home/airflow/.local/lib/python3.12/site-packages/airflow/example_dags/example_display_name.py for tasks to queue
[2026-03-19T03:31:59.852+0000] {logging_mixin.py:188} INFO - [2026-03-19T03:31:59.851+0000] {dagbag.py:545} INFO - Filling up the DagBag from /home/airflow/.local/lib/python3.12/site-packages/airflow/example_dags/example_display_name.py
[2026-03-19T03:31:59.868+0000] {processor.py:840} INFO - DAG(s) 'example_display_name' retrieved from /home/airflow/.local/lib/python3.12/site-packages/airflow/example_dags/example_display_name.py
[2026-03-19T03:31:59.918+0000] {logging_mixin.py:188} INFO - [2026-03-19T03:31:59.918+0000] {dag.py:3096} INFO - Sync 1 DAGs
[2026-03-19T03:31:59.947+0000] {logging_mixin.py:188} INFO - [2026-03-19T03:31:59.947+0000] {dag.py:3954} INFO - Setting next_dagrun for example_display_name to None, run_after=None
[2026-03-19T03:31:59.986+0000] {processor.py:183} INFO - Processing /home/airflow/.local/lib/python3.12/site-packages/airflow/example_dags/example_display_name.py took 0.151 seconds
[2026-03-19T04:16:41.101+0000] {processor.py:161} INFO - Started process (PID=36280) to work on /home/airflow/.local/lib/python3.12/site-packages/airflow/example_dags/example_display_name.py
[2026-03-19T04:16:41.103+0000] {processor.py:830} INFO - Processing file /home/airflow/.local/lib/python3.12/site-packages/airflow/example_dags/example_display_name.py for tasks to queue
[2026-03-19T04:16:41.107+0000] {logging_mixin.py:188} INFO - [2026-03-19T04:16:41.107+0000] {dagbag.py:545} INFO - Filling up the DagBag from /home/airflow/.local/lib/python3.12/site-packages/airflow/example_dags/example_display_name.py
[2026-03-19T04:16:41.116+0000] {processor.py:840} INFO - DAG(s) 'example_display_name' retrieved from /home/airflow/.local/lib/python3.12/site-packages/airflow/example_dags/example_display_name.py
[2026-03-19T04:16:41.155+0000] {logging_mixin.py:188} INFO - [2026-03-19T04:16:41.155+0000] {dag.py:3096} INFO - Sync 1 DAGs
[2026-03-19T04:16:41.179+0000] {logging_mixin.py:188} INFO - [2026-03-19T04:16:41.178+0000] {dag.py:3954} INFO - Setting next_dagrun for example_display_name to None, run_after=None
[2026-03-19T04:16:41.225+0000] {processor.py:183} INFO - Processing /home/airflow/.local/lib/python3.12/site-packages/airflow/example_dags/example_display_name.py took 0.136 seconds
[2026-03-19T04:17:13.147+0000] {processor.py:161} INFO - Started process (PID=36347) to work on /home/airflow/.local/lib/python3.12/site-packages/airflow/example_dags/example_display_name.py
[2026-03-19T04:17:13.148+0000] {processor.py:830} INFO - Processing file /home/airflow/.local/lib/python3.12/site-packages/airflow/example_dags/example_display_name.py for tasks to queue
[2026-03-19T04:17:13.149+0000] {logging_mixin.py:188} INFO - [2026-03-19T04:17:13.149+0000] {dagbag.py:545} INFO - Filling up the DagBag from /home/airflow/.local/lib/python3.12/site-packages/airflow/example_dags/example_display_name.py
[2026-03-19T04:17:13.160+0000] {processor.py:840} INFO - DAG(s) 'example_display_name' retrieved from /home/airflow/.local/lib/python3.12/site-packages/airflow/example_dags/example_display_name.py
[2026-03-19T04:17:13.221+0000] {logging_mixin.py:188} INFO - [2026-03-19T04:17:13.221+0000] {dag.py:3096} INFO - Sync 1 DAGs
[2026-03-19T04:17:13.237+0000] {logging_mixin.py:188} INFO - [2026-03-19T04:17:13.237+0000] {dag.py:3954} INFO - Setting next_dagrun for example_display_name to None, run_after=None
[2026-03-19T04:17:13.274+0000] {processor.py:183} INFO - Processing /home/airflow/.local/lib/python3.12/site-packages/airflow/example_dags/example_display_name.py took 0.137 seconds
[2026-03-19T05:17:36.398+0000] {processor.py:161} INFO - Started process (PID=36406) to work on /home/airflow/.local/lib/python3.12/site-packages/airflow/example_dags/example_display_name.py
[2026-03-19T05:17:36.400+0000] {processor.py:830} INFO - Processing file /home/airflow/.local/lib/python3.12/site-packages/airflow/example_dags/example_display_name.py for tasks to queue
[2026-03-19T05:17:36.401+0000] {logging_mixin.py:188} INFO - [2026-03-19T05:17:36.401+0000] {dagbag.py:545} INFO - Filling up the DagBag from /home/airflow/.local/lib/python3.12/site-packages/airflow/example_dags/example_display_name.py
[2026-03-19T05:17:36.407+0000] {processor.py:840} INFO - DAG(s) 'example_display_name' retrieved from /home/airflow/.local/lib/python3.12/site-packages/airflow/example_dags/example_display_name.py
[2026-03-19T05:17:36.426+0000] {logging_mixin.py:188} INFO - [2026-03-19T05:17:36.426+0000] {dag.py:3096} INFO - Sync 1 DAGs
[2026-03-19T05:17:36.434+0000] {logging_mixin.py:188} INFO - [2026-03-19T05:17:36.434+0000] {dag.py:3954} INFO - Setting next_dagrun for example_display_name to None, run_after=None
[2026-03-19T05:17:36.448+0000] {processor.py:183} INFO - Processing /home/airflow/.local/lib/python3.12/site-packages/airflow/example_dags/example_display_name.py took 0.054 seconds
[2026-03-19T05:18:07.149+0000] {processor.py:161} INFO - Started process (PID=36465) to work on /home/airflow/.local/lib/python3.12/site-packages/airflow/example_dags/example_display_name.py
[2026-03-19T05:18:07.150+0000] {processor.py:830} INFO - Processing file /home/airflow/.local/lib/python3.12/site-packages/airflow/example_dags/example_display_name.py for tasks to queue
[2026-03-19T05:18:07.150+0000] {logging_mixin.py:188} INFO - [2026-03-19T05:18:07.150+0000] {dagbag.py:545} INFO - Filling up the DagBag from /home/airflow/.local/lib/python3.12/site-packages/airflow/example_dags/example_display_name.py
[2026-03-19T05:18:07.154+0000] {processor.py:840} INFO - DAG(s) 'example_display_name' retrieved from /home/airflow/.local/lib/python3.12/site-packages/airflow/example_dags/example_display_name.py
[2026-03-19T05:18:07.168+0000] {logging_mixin.py:188} INFO - [2026-03-19T05:18:07.168+0000] {dag.py:3096} INFO - Sync 1 DAGs
[2026-03-19T05:18:07.176+0000] {logging_mixin.py:188} INFO - [2026-03-19T05:18:07.176+0000] {dag.py:3954} INFO - Setting next_dagrun for example_display_name to None, run_after=None
[2026-03-19T05:18:07.186+0000] {processor.py:183} INFO - Processing /home/airflow/.local/lib/python3.12/site-packages/airflow/example_dags/example_display_name.py took 0.040 seconds
[2026-03-19T06:18:33.386+0000] {processor.py:161} INFO - Started process (PID=36524) to work on /home/airflow/.local/lib/python3.12/site-packages/airflow/example_dags/example_display_name.py
[2026-03-19T06:18:33.389+0000] {processor.py:830} INFO - Processing file /home/airflow/.local/lib/python3.12/site-packages/airflow/example_dags/example_display_name.py for tasks to queue
[2026-03-19T06:18:33.392+0000] {logging_mixin.py:188} INFO - [2026-03-19T06:18:33.392+0000] {dagbag.py:545} INFO - Filling up the DagBag from /home/airflow/.local/lib/python3.12/site-packages/airflow/example_dags/example_display_name.py
[2026-03-19T06:18:33.420+0000] {processor.py:840} INFO - DAG(s) 'example_display_name' retrieved from /home/airflow/.local/lib/python3.12/site-packages/airflow/example_dags/example_display_name.py
[2026-03-19T06:18:33.489+0000] {logging_mixin.py:188} INFO - [2026-03-19T06:18:33.488+0000] {dag.py:3096} INFO - Sync 1 DAGs
[2026-03-19T06:18:33.534+0000] {logging_mixin.py:188} INFO - [2026-03-19T06:18:33.533+0000] {dag.py:3954} INFO - Setting next_dagrun for example_display_name to None, run_after=None
[2026-03-19T06:18:33.593+0000] {processor.py:183} INFO - Processing /home/airflow/.local/lib/python3.12/site-packages/airflow/example_dags/example_display_name.py took 0.224 seconds
[2026-03-19T06:19:03.629+0000] {processor.py:161} INFO - Started process (PID=36591) to work on /home/airflow/.local/lib/python3.12/site-packages/airflow/example_dags/example_display_name.py
[2026-03-19T06:19:03.630+0000] {processor.py:830} INFO - Processing file /home/airflow/.local/lib/python3.12/site-packages/airflow/example_dags/example_display_name.py for tasks to queue
[2026-03-19T06:19:03.631+0000] {logging_mixin.py:188} INFO - [2026-03-19T06:19:03.631+0000] {dagbag.py:545} INFO - Filling up the DagBag from /home/airflow/.local/lib/python3.12/site-packages/airflow/example_dags/example_display_name.py
[2026-03-19T06:19:03.634+0000] {processor.py:840} INFO - DAG(s) 'example_display_name' retrieved from /home/airflow/.local/lib/python3.12/site-packages/airflow/example_dags/example_display_name.py
[2026-03-19T06:19:03.646+0000] {logging_mixin.py:188} INFO - [2026-03-19T06:19:03.646+0000] {dag.py:3096} INFO - Sync 1 DAGs
[2026-03-19T06:19:03.652+0000] {logging_mixin.py:188} INFO - [2026-03-19T06:19:03.652+0000] {dag.py:3954} INFO - Setting next_dagrun for example_display_name to None, run_after=None
[2026-03-19T06:19:03.662+0000] {processor.py:183} INFO - Processing /home/airflow/.local/lib/python3.12/site-packages/airflow/example_dags/example_display_name.py took 0.036 seconds
[2026-03-19T07:19:32.178+0000] {processor.py:161} INFO - Started process (PID=36650) to work on /home/airflow/.local/lib/python3.12/site-packages/airflow/example_dags/example_display_name.py
[2026-03-19T07:19:32.181+0000] {processor.py:830} INFO - Processing file /home/airflow/.local/lib/python3.12/site-packages/airflow/example_dags/example_display_name.py for tasks to queue
[2026-03-19T07:19:32.183+0000] {logging_mixin.py:188} INFO - [2026-03-19T07:19:32.182+0000] {dagbag.py:545} INFO - Filling up the DagBag from /home/airflow/.local/lib/python3.12/site-packages/airflow/example_dags/example_display_name.py
[2026-03-19T07:19:32.204+0000] {processor.py:840} INFO - DAG(s) 'example_display_name' retrieved from /home/airflow/.local/lib/python3.12/site-packages/airflow/example_dags/example_display_name.py
[2026-03-19T07:19:32.328+0000] {logging_mixin.py:188} INFO - [2026-03-19T07:19:32.327+0000] {dag.py:3096} INFO - Sync 1 DAGs
[2026-03-19T07:19:32.390+0000] {logging_mixin.py:188} INFO - [2026-03-19T07:19:32.389+0000] {dag.py:3954} INFO - Setting next_dagrun for example_display_name to None, run_after=None
[2026-03-19T07:19:32.657+0000] {processor.py:183} INFO - Processing /home/airflow/.local/lib/python3.12/site-packages/airflow/example_dags/example_display_name.py took 0.498 seconds
[2026-03-19T07:20:02.943+0000] {processor.py:161} INFO - Started process (PID=36718) to work on /home/airflow/.local/lib/python3.12/site-packages/airflow/example_dags/example_display_name.py
[2026-03-19T07:20:02.944+0000] {processor.py:830} INFO - Processing file /home/airflow/.local/lib/python3.12/site-packages/airflow/example_dags/example_display_name.py for tasks to queue
[2026-03-19T07:20:02.945+0000] {logging_mixin.py:188} INFO - [2026-03-19T07:20:02.945+0000] {dagbag.py:545} INFO - Filling up the DagBag from /home/airflow/.local/lib/python3.12/site-packages/airflow/example_dags/example_display_name.py
[2026-03-19T07:20:02.949+0000] {processor.py:840} INFO - DAG(s) 'example_display_name' retrieved from /home/airflow/.local/lib/python3.12/site-packages/airflow/example_dags/example_display_name.py
[2026-03-19T07:20:02.965+0000] {logging_mixin.py:188} INFO - [2026-03-19T07:20:02.964+0000] {dag.py:3096} INFO - Sync 1 DAGs
[2026-03-19T07:20:02.973+0000] {logging_mixin.py:188} INFO - [2026-03-19T07:20:02.973+0000] {dag.py:3954} INFO - Setting next_dagrun for example_display_name to None, run_after=None
[2026-03-19T07:20:02.983+0000] {processor.py:183} INFO - Processing /home/airflow/.local/lib/python3.12/site-packages/airflow/example_dags/example_display_name.py took 0.045 seconds
[2026-03-19T07:37:29.244+0000] {processor.py:161} INFO - Started process (PID=36776) to work on /home/airflow/.local/lib/python3.12/site-packages/airflow/example_dags/example_display_name.py
[2026-03-19T07:37:29.249+0000] {processor.py:830} INFO - Processing file /home/airflow/.local/lib/python3.12/site-packages/airflow/example_dags/example_display_name.py for tasks to queue
[2026-03-19T07:37:29.251+0000] {logging_mixin.py:188} INFO - [2026-03-19T07:37:29.251+0000] {dagbag.py:545} INFO - Filling up the DagBag from /home/airflow/.local/lib/python3.12/site-packages/airflow/example_dags/example_display_name.py
[2026-03-19T07:37:29.258+0000] {processor.py:840} INFO - DAG(s) 'example_display_name' retrieved from /home/airflow/.local/lib/python3.12/site-packages/airflow/example_dags/example_display_name.py
[2026-03-19T07:37:29.296+0000] {logging_mixin.py:188} INFO - [2026-03-19T07:37:29.296+0000] {dag.py:3096} INFO - Sync 1 DAGs
[2026-03-19T07:37:29.315+0000] {logging_mixin.py:188} INFO - [2026-03-19T07:37:29.315+0000] {dag.py:3954} INFO - Setting next_dagrun for example_display_name to None, run_after=None
[2026-03-19T07:37:29.341+0000] {processor.py:183} INFO - Processing /home/airflow/.local/lib/python3.12/site-packages/airflow/example_dags/example_display_name.py took 0.103 seconds
[2026-03-19T07:37:59.614+0000] {processor.py:161} INFO - Started process (PID=36843) to work on /home/airflow/.local/lib/python3.12/site-packages/airflow/example_dags/example_display_name.py
[2026-03-19T07:37:59.618+0000] {processor.py:830} INFO - Processing file /home/airflow/.local/lib/python3.12/site-packages/airflow/example_dags/example_display_name.py for tasks to queue
[2026-03-19T07:37:59.619+0000] {logging_mixin.py:188} INFO - [2026-03-19T07:37:59.619+0000] {dagbag.py:545} INFO - Filling up the DagBag from /home/airflow/.local/lib/python3.12/site-packages/airflow/example_dags/example_display_name.py
[2026-03-19T07:37:59.623+0000] {processor.py:840} INFO - DAG(s) 'example_display_name' retrieved from /home/airflow/.local/lib/python3.12/site-packages/airflow/example_dags/example_display_name.py
[2026-03-19T07:37:59.638+0000] {logging_mixin.py:188} INFO - [2026-03-19T07:37:59.638+0000] {dag.py:3096} INFO - Sync 1 DAGs
[2026-03-19T07:37:59.644+0000] {logging_mixin.py:188} INFO - [2026-03-19T07:37:59.644+0000] {dag.py:3954} INFO - Setting next_dagrun for example_display_name to None, run_after=None
[2026-03-19T07:37:59.655+0000] {processor.py:183} INFO - Processing /home/airflow/.local/lib/python3.12/site-packages/airflow/example_dags/example_display_name.py took 0.045 seconds
[2026-03-19T07:48:55.759+0000] {processor.py:161} INFO - Started process (PID=36902) to work on /home/airflow/.local/lib/python3.12/site-packages/airflow/example_dags/example_display_name.py
[2026-03-19T07:48:55.761+0000] {processor.py:830} INFO - Processing file /home/airflow/.local/lib/python3.12/site-packages/airflow/example_dags/example_display_name.py for tasks to queue
[2026-03-19T07:48:55.762+0000] {logging_mixin.py:188} INFO - [2026-03-19T07:48:55.761+0000] {dagbag.py:545} INFO - Filling up the DagBag from /home/airflow/.local/lib/python3.12/site-packages/airflow/example_dags/example_display_name.py
[2026-03-19T07:48:55.765+0000] {processor.py:840} INFO - DAG(s) 'example_display_name' retrieved from /home/airflow/.local/lib/python3.12/site-packages/airflow/example_dags/example_display_name.py
[2026-03-19T07:48:55.779+0000] {logging_mixin.py:188} INFO - [2026-03-19T07:48:55.779+0000] {dag.py:3096} INFO - Sync 1 DAGs
[2026-03-19T07:48:55.785+0000] {logging_mixin.py:188} INFO - [2026-03-19T07:48:55.785+0000] {dag.py:3954} INFO - Setting next_dagrun for example_display_name to None, run_after=None
[2026-03-19T07:48:55.798+0000] {processor.py:183} INFO - Processing /home/airflow/.local/lib/python3.12/site-packages/airflow/example_dags/example_display_name.py took 0.042 seconds
[2026-03-19T07:49:27.537+0000] {processor.py:161} INFO - Started process (PID=36961) to work on /home/airflow/.local/lib/python3.12/site-packages/airflow/example_dags/example_display_name.py
[2026-03-19T07:49:27.539+0000] {processor.py:830} INFO - Processing file /home/airflow/.local/lib/python3.12/site-packages/airflow/example_dags/example_display_name.py for tasks to queue
[2026-03-19T07:49:27.540+0000] {logging_mixin.py:188} INFO - [2026-03-19T07:49:27.539+0000] {dagbag.py:545} INFO - Filling up the DagBag from /home/airflow/.local/lib/python3.12/site-packages/airflow/example_dags/example_display_name.py
[2026-03-19T07:49:27.547+0000] {processor.py:840} INFO - DAG(s) 'example_display_name' retrieved from /home/airflow/.local/lib/python3.12/site-packages/airflow/example_dags/example_display_name.py
[2026-03-19T07:49:27.583+0000] {logging_mixin.py:188} INFO - [2026-03-19T07:49:27.583+0000] {dag.py:3096} INFO - Sync 1 DAGs
[2026-03-19T07:49:27.601+0000] {logging_mixin.py:188} INFO - [2026-03-19T07:49:27.601+0000] {dag.py:3954} INFO - Setting next_dagrun for example_display_name to None, run_after=None
[2026-03-19T07:49:27.626+0000] {processor.py:183} INFO - Processing /home/airflow/.local/lib/python3.12/site-packages/airflow/example_dags/example_display_name.py took 0.100 seconds
[2026-03-19T07:49:57.841+0000] {processor.py:161} INFO - Started process (PID=37020) to work on /home/airflow/.local/lib/python3.12/site-packages/airflow/example_dags/example_display_name.py
[2026-03-19T07:49:57.845+0000] {processor.py:830} INFO - Processing file /home/airflow/.local/lib/python3.12/site-packages/airflow/example_dags/example_display_name.py for tasks to queue
[2026-03-19T07:49:57.846+0000] {logging_mixin.py:188} INFO - [2026-03-19T07:49:57.845+0000] {dagbag.py:545} INFO - Filling up the DagBag from /home/airflow/.local/lib/python3.12/site-packages/airflow/example_dags/example_display_name.py
[2026-03-19T07:49:57.849+0000] {processor.py:840} INFO - DAG(s) 'example_display_name' retrieved from /home/airflow/.local/lib/python3.12/site-packages/airflow/example_dags/example_display_name.py
[2026-03-19T07:49:57.864+0000] {logging_mixin.py:188} INFO - [2026-03-19T07:49:57.863+0000] {dag.py:3096} INFO - Sync 1 DAGs
[2026-03-19T07:49:57.872+0000] {logging_mixin.py:188} INFO - [2026-03-19T07:49:57.872+0000] {dag.py:3954} INFO - Setting next_dagrun for example_display_name to None, run_after=None
[2026-03-19T07:49:57.891+0000] {processor.py:183} INFO - Processing /home/airflow/.local/lib/python3.12/site-packages/airflow/example_dags/example_display_name.py took 0.054 seconds
[2026-03-19T07:50:28.374+0000] {processor.py:161} INFO - Started process (PID=37079) to work on /home/airflow/.local/lib/python3.12/site-packages/airflow/example_dags/example_display_name.py
[2026-03-19T07:50:28.376+0000] {processor.py:830} INFO - Processing file /home/airflow/.local/lib/python3.12/site-packages/airflow/example_dags/example_display_name.py for tasks to queue
[2026-03-19T07:50:28.377+0000] {logging_mixin.py:188} INFO - [2026-03-19T07:50:28.376+0000] {dagbag.py:545} INFO - Filling up the DagBag from /home/airflow/.local/lib/python3.12/site-packages/airflow/example_dags/example_display_name.py
[2026-03-19T07:50:28.381+0000] {processor.py:840} INFO - DAG(s) 'example_display_name' retrieved from /home/airflow/.local/lib/python3.12/site-packages/airflow/example_dags/example_display_name.py
[2026-03-19T07:50:28.400+0000] {logging_mixin.py:188} INFO - [2026-03-19T07:50:28.400+0000] {dag.py:3096} INFO - Sync 1 DAGs
[2026-03-19T07:50:28.407+0000] {logging_mixin.py:188} INFO - [2026-03-19T07:50:28.407+0000] {dag.py:3954} INFO - Setting next_dagrun for example_display_name to None, run_after=None
[2026-03-19T07:50:28.423+0000] {processor.py:183} INFO - Processing /home/airflow/.local/lib/python3.12/site-packages/airflow/example_dags/example_display_name.py took 0.053 seconds
[2026-03-19T07:50:58.928+0000] {processor.py:161} INFO - Started process (PID=37138) to work on /home/airflow/.local/lib/python3.12/site-packages/airflow/example_dags/example_display_name.py
[2026-03-19T07:50:58.931+0000] {processor.py:830} INFO - Processing file /home/airflow/.local/lib/python3.12/site-packages/airflow/example_dags/example_display_name.py for tasks to queue
[2026-03-19T07:50:58.932+0000] {logging_mixin.py:188} INFO - [2026-03-19T07:50:58.932+0000] {dagbag.py:545} INFO - Filling up the DagBag from /home/airflow/.local/lib/python3.12/site-packages/airflow/example_dags/example_display_name.py
[2026-03-19T07:50:58.939+0000] {processor.py:840} INFO - DAG(s) 'example_display_name' retrieved from /home/airflow/.local/lib/python3.12/site-packages/airflow/example_dags/example_display_name.py
[2026-03-19T07:50:58.959+0000] {logging_mixin.py:188} INFO - [2026-03-19T07:50:58.959+0000] {dag.py:3096} INFO - Sync 1 DAGs
[2026-03-19T07:50:58.973+0000] {logging_mixin.py:188} INFO - [2026-03-19T07:50:58.973+0000] {dag.py:3954} INFO - Setting next_dagrun for example_display_name to None, run_after=None
[2026-03-19T07:50:58.985+0000] {processor.py:183} INFO - Processing /home/airflow/.local/lib/python3.12/site-packages/airflow/example_dags/example_display_name.py took 0.061 seconds
[2026-03-19T07:51:29.683+0000] {processor.py:161} INFO - Started process (PID=37197) to work on /home/airflow/.local/lib/python3.12/site-packages/airflow/example_dags/example_display_name.py
[2026-03-19T07:51:29.684+0000] {processor.py:830} INFO - Processing file /home/airflow/.local/lib/python3.12/site-packages/airflow/example_dags/example_display_name.py for tasks to queue
[2026-03-19T07:51:29.684+0000] {logging_mixin.py:188} INFO - [2026-03-19T07:51:29.684+0000] {dagbag.py:545} INFO - Filling up the DagBag from /home/airflow/.local/lib/python3.12/site-packages/airflow/example_dags/example_display_name.py
[2026-03-19T07:51:29.687+0000] {processor.py:840} INFO - DAG(s) 'example_display_name' retrieved from /home/airflow/.local/lib/python3.12/site-packages/airflow/example_dags/example_display_name.py
[2026-03-19T07:51:29.700+0000] {logging_mixin.py:188} INFO - [2026-03-19T07:51:29.699+0000] {dag.py:3096} INFO - Sync 1 DAGs
[2026-03-19T07:51:29.706+0000] {logging_mixin.py:188} INFO - [2026-03-19T07:51:29.706+0000] {dag.py:3954} INFO - Setting next_dagrun for example_display_name to None, run_after=None
[2026-03-19T07:51:29.716+0000] {processor.py:183} INFO - Processing /home/airflow/.local/lib/python3.12/site-packages/airflow/example_dags/example_display_name.py took 0.038 seconds
[2026-03-19T07:52:00.312+0000] {processor.py:161} INFO - Started process (PID=37256) to work on /home/airflow/.local/lib/python3.12/site-packages/airflow/example_dags/example_display_name.py
[2026-03-19T07:52:00.314+0000] {processor.py:830} INFO - Processing file /home/airflow/.local/lib/python3.12/site-packages/airflow/example_dags/example_display_name.py for tasks to queue
[2026-03-19T07:52:00.315+0000] {logging_mixin.py:188} INFO - [2026-03-19T07:52:00.314+0000] {dagbag.py:545} INFO - Filling up the DagBag from /home/airflow/.local/lib/python3.12/site-packages/airflow/example_dags/example_display_name.py
[2026-03-19T07:52:00.319+0000] {processor.py:840} INFO - DAG(s) 'example_display_name' retrieved from /home/airflow/.local/lib/python3.12/site-packages/airflow/example_dags/example_display_name.py
[2026-03-19T07:52:00.341+0000] {logging_mixin.py:188} INFO - [2026-03-19T07:52:00.341+0000] {dag.py:3096} INFO - Sync 1 DAGs
[2026-03-19T07:52:00.351+0000] {logging_mixin.py:188} INFO - [2026-03-19T07:52:00.351+0000] {dag.py:3954} INFO - Setting next_dagrun for example_display_name to None, run_after=None
[2026-03-19T07:52:00.369+0000] {processor.py:183} INFO - Processing /home/airflow/.local/lib/python3.12/site-packages/airflow/example_dags/example_display_name.py took 0.063 seconds
[2026-03-19T07:52:30.832+0000] {processor.py:161} INFO - Started process (PID=37315) to work on /home/airflow/.local/lib/python3.12/site-packages/airflow/example_dags/example_display_name.py
[2026-03-19T07:52:30.833+0000] {processor.py:830} INFO - Processing file /home/airflow/.local/lib/python3.12/site-packages/airflow/example_dags/example_display_name.py for tasks to queue
[2026-03-19T07:52:30.834+0000] {logging_mixin.py:188} INFO - [2026-03-19T07:52:30.834+0000] {dagbag.py:545} INFO - Filling up the DagBag from /home/airflow/.local/lib/python3.12/site-packages/airflow/example_dags/example_display_name.py
[2026-03-19T07:52:30.839+0000] {processor.py:840} INFO - DAG(s) 'example_display_name' retrieved from /home/airflow/.local/lib/python3.12/site-packages/airflow/example_dags/example_display_name.py
[2026-03-19T07:52:30.854+0000] {logging_mixin.py:188} INFO - [2026-03-19T07:52:30.854+0000] {dag.py:3096} INFO - Sync 1 DAGs
[2026-03-19T07:52:30.861+0000] {logging_mixin.py:188} INFO - [2026-03-19T07:52:30.861+0000] {dag.py:3954} INFO - Setting next_dagrun for example_display_name to None, run_after=None
[2026-03-19T07:52:30.877+0000] {processor.py:183} INFO - Processing /home/airflow/.local/lib/python3.12/site-packages/airflow/example_dags/example_display_name.py took 0.048 seconds
[2026-03-19T07:53:01.618+0000] {processor.py:161} INFO - Started process (PID=37374) to work on /home/airflow/.local/lib/python3.12/site-packages/airflow/example_dags/example_display_name.py
[2026-03-19T07:53:01.620+0000] {processor.py:830} INFO - Processing file /home/airflow/.local/lib/python3.12/site-packages/airflow/example_dags/example_display_name.py for tasks to queue
[2026-03-19T07:53:01.622+0000] {logging_mixin.py:188} INFO - [2026-03-19T07:53:01.621+0000] {dagbag.py:545} INFO - Filling up the DagBag from /home/airflow/.local/lib/python3.12/site-packages/airflow/example_dags/example_display_name.py
[2026-03-19T07:53:01.626+0000] {processor.py:840} INFO - DAG(s) 'example_display_name' retrieved from /home/airflow/.local/lib/python3.12/site-packages/airflow/example_dags/example_display_name.py
[2026-03-19T07:53:01.640+0000] {logging_mixin.py:188} INFO - [2026-03-19T07:53:01.640+0000] {dag.py:3096} INFO - Sync 1 DAGs
[2026-03-19T07:53:01.650+0000] {logging_mixin.py:188} INFO - [2026-03-19T07:53:01.650+0000] {dag.py:3954} INFO - Setting next_dagrun for example_display_name to None, run_after=None
[2026-03-19T07:53:01.662+0000] {processor.py:183} INFO - Processing /home/airflow/.local/lib/python3.12/site-packages/airflow/example_dags/example_display_name.py took 0.049 seconds
[2026-03-19T07:53:32.082+0000] {processor.py:161} INFO - Started process (PID=37433) to work on /home/airflow/.local/lib/python3.12/site-packages/airflow/example_dags/example_display_name.py
[2026-03-19T07:53:32.088+0000] {processor.py:830} INFO - Processing file /home/airflow/.local/lib/python3.12/site-packages/airflow/example_dags/example_display_name.py for tasks to queue
[2026-03-19T07:53:32.089+0000] {logging_mixin.py:188} INFO - [2026-03-19T07:53:32.089+0000] {dagbag.py:545} INFO - Filling up the DagBag from /home/airflow/.local/lib/python3.12/site-packages/airflow/example_dags/example_display_name.py
[2026-03-19T07:53:32.093+0000] {processor.py:840} INFO - DAG(s) 'example_display_name' retrieved from /home/airflow/.local/lib/python3.12/site-packages/airflow/example_dags/example_display_name.py
[2026-03-19T07:53:32.109+0000] {logging_mixin.py:188} INFO - [2026-03-19T07:53:32.109+0000] {dag.py:3096} INFO - Sync 1 DAGs
[2026-03-19T07:53:32.119+0000] {logging_mixin.py:188} INFO - [2026-03-19T07:53:32.119+0000] {dag.py:3954} INFO - Setting next_dagrun for example_display_name to None, run_after=None
[2026-03-19T07:53:32.137+0000] {processor.py:183} INFO - Processing /home/airflow/.local/lib/python3.12/site-packages/airflow/example_dags/example_display_name.py took 0.059 seconds
[2026-03-19T07:54:02.440+0000] {processor.py:161} INFO - Started process (PID=37492) to work on /home/airflow/.local/lib/python3.12/site-packages/airflow/example_dags/example_display_name.py
[2026-03-19T07:54:02.441+0000] {processor.py:830} INFO - Processing file /home/airflow/.local/lib/python3.12/site-packages/airflow/example_dags/example_display_name.py for tasks to queue
[2026-03-19T07:54:02.442+0000] {logging_mixin.py:188} INFO - [2026-03-19T07:54:02.442+0000] {dagbag.py:545} INFO - Filling up the DagBag from /home/airflow/.local/lib/python3.12/site-packages/airflow/example_dags/example_display_name.py
[2026-03-19T07:54:02.446+0000] {processor.py:840} INFO - DAG(s) 'example_display_name' retrieved from /home/airflow/.local/lib/python3.12/site-packages/airflow/example_dags/example_display_name.py
[2026-03-19T07:54:02.460+0000] {logging_mixin.py:188} INFO - [2026-03-19T07:54:02.459+0000] {dag.py:3096} INFO - Sync 1 DAGs
[2026-03-19T07:54:02.467+0000] {logging_mixin.py:188} INFO - [2026-03-19T07:54:02.466+0000] {dag.py:3954} INFO - Setting next_dagrun for example_display_name to None, run_after=None
[2026-03-19T07:54:02.478+0000] {processor.py:183} INFO - Processing /home/airflow/.local/lib/python3.12/site-packages/airflow/example_dags/example_display_name.py took 0.042 seconds
[2026-03-19T07:54:32.715+0000] {processor.py:161} INFO - Started process (PID=37551) to work on /home/airflow/.local/lib/python3.12/site-packages/airflow/example_dags/example_display_name.py
[2026-03-19T07:54:32.715+0000] {processor.py:830} INFO - Processing file /home/airflow/.local/lib/python3.12/site-packages/airflow/example_dags/example_display_name.py for tasks to queue
[2026-03-19T07:54:32.716+0000] {logging_mixin.py:188} INFO - [2026-03-19T07:54:32.716+0000] {dagbag.py:545} INFO - Filling up the DagBag from /home/airflow/.local/lib/python3.12/site-packages/airflow/example_dags/example_display_name.py
[2026-03-19T07:54:32.719+0000] {processor.py:840} INFO - DAG(s) 'example_display_name' retrieved from /home/airflow/.local/lib/python3.12/site-packages/airflow/example_dags/example_display_name.py
[2026-03-19T07:54:32.730+0000] {logging_mixin.py:188} INFO - [2026-03-19T07:54:32.730+0000] {dag.py:3096} INFO - Sync 1 DAGs
[2026-03-19T07:54:32.736+0000] {logging_mixin.py:188} INFO - [2026-03-19T07:54:32.736+0000] {dag.py:3954} INFO - Setting next_dagrun for example_display_name to None, run_after=None
[2026-03-19T07:54:32.750+0000] {processor.py:183} INFO - Processing /home/airflow/.local/lib/python3.12/site-packages/airflow/example_dags/example_display_name.py took 0.039 seconds
[2026-03-19T07:55:03.121+0000] {processor.py:161} INFO - Started process (PID=37610) to work on /home/airflow/.local/lib/python3.12/site-packages/airflow/example_dags/example_display_name.py
[2026-03-19T07:55:03.122+0000] {processor.py:830} INFO - Processing file /home/airflow/.local/lib/python3.12/site-packages/airflow/example_dags/example_display_name.py for tasks to queue
[2026-03-19T07:55:03.123+0000] {logging_mixin.py:188} INFO - [2026-03-19T07:55:03.123+0000] {dagbag.py:545} INFO - Filling up the DagBag from /home/airflow/.local/lib/python3.12/site-packages/airflow/example_dags/example_display_name.py
[2026-03-19T07:55:03.136+0000] {processor.py:840} INFO - DAG(s) 'example_display_name' retrieved from /home/airflow/.local/lib/python3.12/site-packages/airflow/example_dags/example_display_name.py
[2026-03-19T07:55:03.148+0000] {logging_mixin.py:188} INFO - [2026-03-19T07:55:03.148+0000] {dag.py:3096} INFO - Sync 1 DAGs
[2026-03-19T07:55:03.155+0000] {logging_mixin.py:188} INFO - [2026-03-19T07:55:03.155+0000] {dag.py:3954} INFO - Setting next_dagrun for example_display_name to None, run_after=None
[2026-03-19T07:55:03.166+0000] {processor.py:183} INFO - Processing /home/airflow/.local/lib/python3.12/site-packages/airflow/example_dags/example_display_name.py took 0.050 seconds
[2026-03-19T07:55:33.815+0000] {processor.py:161} INFO - Started process (PID=37669) to work on /home/airflow/.local/lib/python3.12/site-packages/airflow/example_dags/example_display_name.py
[2026-03-19T07:55:33.818+0000] {processor.py:830} INFO - Processing file /home/airflow/.local/lib/python3.12/site-packages/airflow/example_dags/example_display_name.py for tasks to queue
[2026-03-19T07:55:33.819+0000] {logging_mixin.py:188} INFO - [2026-03-19T07:55:33.819+0000] {dagbag.py:545} INFO - Filling up the DagBag from /home/airflow/.local/lib/python3.12/site-packages/airflow/example_dags/example_display_name.py
[2026-03-19T07:55:33.823+0000] {processor.py:840} INFO - DAG(s) 'example_display_name' retrieved from /home/airflow/.local/lib/python3.12/site-packages/airflow/example_dags/example_display_name.py
[2026-03-19T07:55:33.839+0000] {logging_mixin.py:188} INFO - [2026-03-19T07:55:33.839+0000] {dag.py:3096} INFO - Sync 1 DAGs
[2026-03-19T07:55:33.848+0000] {logging_mixin.py:188} INFO - [2026-03-19T07:55:33.848+0000] {dag.py:3954} INFO - Setting next_dagrun for example_display_name to None, run_after=None
[2026-03-19T07:55:33.863+0000] {processor.py:183} INFO - Processing /home/airflow/.local/lib/python3.12/site-packages/airflow/example_dags/example_display_name.py took 0.051 seconds
[2026-03-19T07:56:04.305+0000] {processor.py:161} INFO - Started process (PID=37728) to work on /home/airflow/.local/lib/python3.12/site-packages/airflow/example_dags/example_display_name.py
[2026-03-19T07:56:04.305+0000] {processor.py:830} INFO - Processing file /home/airflow/.local/lib/python3.12/site-packages/airflow/example_dags/example_display_name.py for tasks to queue
[2026-03-19T07:56:04.306+0000] {logging_mixin.py:188} INFO - [2026-03-19T07:56:04.306+0000] {dagbag.py:545} INFO - Filling up the DagBag from /home/airflow/.local/lib/python3.12/site-packages/airflow/example_dags/example_display_name.py
[2026-03-19T07:56:04.309+0000] {processor.py:840} INFO - DAG(s) 'example_display_name' retrieved from /home/airflow/.local/lib/python3.12/site-packages/airflow/example_dags/example_display_name.py
[2026-03-19T07:56:04.323+0000] {logging_mixin.py:188} INFO - [2026-03-19T07:56:04.322+0000] {dag.py:3096} INFO - Sync 1 DAGs
[2026-03-19T07:56:04.329+0000] {logging_mixin.py:188} INFO - [2026-03-19T07:56:04.329+0000] {dag.py:3954} INFO - Setting next_dagrun for example_display_name to None, run_after=None
[2026-03-19T07:56:04.339+0000] {processor.py:183} INFO - Processing /home/airflow/.local/lib/python3.12/site-packages/airflow/example_dags/example_display_name.py took 0.037 seconds
[2026-03-19T07:56:35.642+0000] {processor.py:161} INFO - Started process (PID=37787) to work on /home/airflow/.local/lib/python3.12/site-packages/airflow/example_dags/example_display_name.py
[2026-03-19T07:56:35.643+0000] {processor.py:830} INFO - Processing file /home/airflow/.local/lib/python3.12/site-packages/airflow/example_dags/example_display_name.py for tasks to queue
[2026-03-19T07:56:35.645+0000] {logging_mixin.py:188} INFO - [2026-03-19T07:56:35.645+0000] {dagbag.py:545} INFO - Filling up the DagBag from /home/airflow/.local/lib/python3.12/site-packages/airflow/example_dags/example_display_name.py
[2026-03-19T07:56:35.661+0000] {processor.py:840} INFO - DAG(s) 'example_display_name' retrieved from /home/airflow/.local/lib/python3.12/site-packages/airflow/example_dags/example_display_name.py
[2026-03-19T07:56:35.735+0000] {logging_mixin.py:188} INFO - [2026-03-19T07:56:35.735+0000] {dag.py:3096} INFO - Sync 1 DAGs
[2026-03-19T07:56:35.769+0000] {logging_mixin.py:188} INFO - [2026-03-19T07:56:35.769+0000] {dag.py:3954} INFO - Setting next_dagrun for example_display_name to None, run_after=None
[2026-03-19T07:56:35.817+0000] {processor.py:183} INFO - Processing /home/airflow/.local/lib/python3.12/site-packages/airflow/example_dags/example_display_name.py took 0.182 seconds
[2026-03-19T07:57:06.017+0000] {processor.py:161} INFO - Started process (PID=37846) to work on /home/airflow/.local/lib/python3.12/site-packages/airflow/example_dags/example_display_name.py
[2026-03-19T07:57:06.018+0000] {processor.py:830} INFO - Processing file /home/airflow/.local/lib/python3.12/site-packages/airflow/example_dags/example_display_name.py for tasks to queue
[2026-03-19T07:57:06.019+0000] {logging_mixin.py:188} INFO - [2026-03-19T07:57:06.019+0000] {dagbag.py:545} INFO - Filling up the DagBag from /home/airflow/.local/lib/python3.12/site-packages/airflow/example_dags/example_display_name.py
[2026-03-19T07:57:06.022+0000] {processor.py:840} INFO - DAG(s) 'example_display_name' retrieved from /home/airflow/.local/lib/python3.12/site-packages/airflow/example_dags/example_display_name.py
[2026-03-19T07:57:06.035+0000] {logging_mixin.py:188} INFO - [2026-03-19T07:57:06.035+0000] {dag.py:3096} INFO - Sync 1 DAGs
[2026-03-19T07:57:06.042+0000] {logging_mixin.py:188} INFO - [2026-03-19T07:57:06.042+0000] {dag.py:3954} INFO - Setting next_dagrun for example_display_name to None, run_after=None
[2026-03-19T07:57:06.053+0000] {processor.py:183} INFO - Processing /home/airflow/.local/lib/python3.12/site-packages/airflow/example_dags/example_display_name.py took 0.040 seconds
[2026-03-19T07:57:36.142+0000] {processor.py:161} INFO - Started process (PID=37905) to work on /home/airflow/.local/lib/python3.12/site-packages/airflow/example_dags/example_display_name.py
[2026-03-19T07:57:36.143+0000] {processor.py:830} INFO - Processing file /home/airflow/.local/lib/python3.12/site-packages/airflow/example_dags/example_display_name.py for tasks to queue
[2026-03-19T07:57:36.144+0000] {logging_mixin.py:188} INFO - [2026-03-19T07:57:36.143+0000] {dagbag.py:545} INFO - Filling up the DagBag from /home/airflow/.local/lib/python3.12/site-packages/airflow/example_dags/example_display_name.py
[2026-03-19T07:57:36.147+0000] {processor.py:840} INFO - DAG(s) 'example_display_name' retrieved from /home/airflow/.local/lib/python3.12/site-packages/airflow/example_dags/example_display_name.py
[2026-03-19T07:57:36.163+0000] {logging_mixin.py:188} INFO - [2026-03-19T07:57:36.161+0000] {dag.py:3096} INFO - Sync 1 DAGs
[2026-03-19T07:57:36.171+0000] {logging_mixin.py:188} INFO - [2026-03-19T07:57:36.171+0000] {dag.py:3954} INFO - Setting next_dagrun for example_display_name to None, run_after=None
[2026-03-19T07:57:36.190+0000] {processor.py:183} INFO - Processing /home/airflow/.local/lib/python3.12/site-packages/airflow/example_dags/example_display_name.py took 0.051 seconds
[2026-03-19T07:58:06.504+0000] {processor.py:161} INFO - Started process (PID=37964) to work on /home/airflow/.local/lib/python3.12/site-packages/airflow/example_dags/example_display_name.py
[2026-03-19T07:58:06.506+0000] {processor.py:830} INFO - Processing file /home/airflow/.local/lib/python3.12/site-packages/airflow/example_dags/example_display_name.py for tasks to queue
[2026-03-19T07:58:06.506+0000] {logging_mixin.py:188} INFO - [2026-03-19T07:58:06.506+0000] {dagbag.py:545} INFO - Filling up the DagBag from /home/airflow/.local/lib/python3.12/site-packages/airflow/example_dags/example_display_name.py
[2026-03-19T07:58:06.514+0000] {processor.py:840} INFO - DAG(s) 'example_display_name' retrieved from /home/airflow/.local/lib/python3.12/site-packages/airflow/example_dags/example_display_name.py
[2026-03-19T07:58:06.527+0000] {logging_mixin.py:188} INFO - [2026-03-19T07:58:06.527+0000] {dag.py:3096} INFO - Sync 1 DAGs
[2026-03-19T07:58:06.534+0000] {logging_mixin.py:188} INFO - [2026-03-19T07:58:06.533+0000] {dag.py:3954} INFO - Setting next_dagrun for example_display_name to None, run_after=None
[2026-03-19T07:58:06.548+0000] {processor.py:183} INFO - Processing /home/airflow/.local/lib/python3.12/site-packages/airflow/example_dags/example_display_name.py took 0.049 seconds
[2026-03-19T07:58:36.663+0000] {processor.py:161} INFO - Started process (PID=38023) to work on /home/airflow/.local/lib/python3.12/site-packages/airflow/example_dags/example_display_name.py
[2026-03-19T07:58:36.664+0000] {processor.py:830} INFO - Processing file /home/airflow/.local/lib/python3.12/site-packages/airflow/example_dags/example_display_name.py for tasks to queue
[2026-03-19T07:58:36.664+0000] {logging_mixin.py:188} INFO - [2026-03-19T07:58:36.664+0000] {dagbag.py:545} INFO - Filling up the DagBag from /home/airflow/.local/lib/python3.12/site-packages/airflow/example_dags/example_display_name.py
[2026-03-19T07:58:36.668+0000] {processor.py:840} INFO - DAG(s) 'example_display_name' retrieved from /home/airflow/.local/lib/python3.12/site-packages/airflow/example_dags/example_display_name.py
[2026-03-19T07:58:36.680+0000] {logging_mixin.py:188} INFO - [2026-03-19T07:58:36.680+0000] {dag.py:3096} INFO - Sync 1 DAGs
[2026-03-19T07:58:36.688+0000] {logging_mixin.py:188} INFO - [2026-03-19T07:58:36.688+0000] {dag.py:3954} INFO - Setting next_dagrun for example_display_name to None, run_after=None
[2026-03-19T07:58:36.707+0000] {processor.py:183} INFO - Processing /home/airflow/.local/lib/python3.12/site-packages/airflow/example_dags/example_display_name.py took 0.048 seconds
[2026-03-19T07:59:07.025+0000] {processor.py:161} INFO - Started process (PID=38082) to work on /home/airflow/.local/lib/python3.12/site-packages/airflow/example_dags/example_display_name.py
[2026-03-19T07:59:07.025+0000] {processor.py:830} INFO - Processing file /home/airflow/.local/lib/python3.12/site-packages/airflow/example_dags/example_display_name.py for tasks to queue
[2026-03-19T07:59:07.026+0000] {logging_mixin.py:188} INFO - [2026-03-19T07:59:07.026+0000] {dagbag.py:545} INFO - Filling up the DagBag from /home/airflow/.local/lib/python3.12/site-packages/airflow/example_dags/example_display_name.py
[2026-03-19T07:59:07.029+0000] {processor.py:840} INFO - DAG(s) 'example_display_name' retrieved from /home/airflow/.local/lib/python3.12/site-packages/airflow/example_dags/example_display_name.py
[2026-03-19T07:59:07.041+0000] {logging_mixin.py:188} INFO - [2026-03-19T07:59:07.041+0000] {dag.py:3096} INFO - Sync 1 DAGs
[2026-03-19T07:59:07.047+0000] {logging_mixin.py:188} INFO - [2026-03-19T07:59:07.047+0000] {dag.py:3954} INFO - Setting next_dagrun for example_display_name to None, run_after=None
[2026-03-19T07:59:07.057+0000] {processor.py:183} INFO - Processing /home/airflow/.local/lib/python3.12/site-packages/airflow/example_dags/example_display_name.py took 0.036 seconds
[2026-03-19T07:59:37.985+0000] {processor.py:161} INFO - Started process (PID=38141) to work on /home/airflow/.local/lib/python3.12/site-packages/airflow/example_dags/example_display_name.py
[2026-03-19T07:59:37.986+0000] {processor.py:830} INFO - Processing file /home/airflow/.local/lib/python3.12/site-packages/airflow/example_dags/example_display_name.py for tasks to queue
[2026-03-19T07:59:37.986+0000] {logging_mixin.py:188} INFO - [2026-03-19T07:59:37.986+0000] {dagbag.py:545} INFO - Filling up the DagBag from /home/airflow/.local/lib/python3.12/site-packages/airflow/example_dags/example_display_name.py
[2026-03-19T07:59:37.989+0000] {processor.py:840} INFO - DAG(s) 'example_display_name' retrieved from /home/airflow/.local/lib/python3.12/site-packages/airflow/example_dags/example_display_name.py
[2026-03-19T07:59:37.999+0000] {logging_mixin.py:188} INFO - [2026-03-19T07:59:37.999+0000] {dag.py:3096} INFO - Sync 1 DAGs
[2026-03-19T07:59:38.005+0000] {logging_mixin.py:188} INFO - [2026-03-19T07:59:38.004+0000] {dag.py:3954} INFO - Setting next_dagrun for example_display_name to None, run_after=None
[2026-03-19T07:59:38.013+0000] {processor.py:183} INFO - Processing /home/airflow/.local/lib/python3.12/site-packages/airflow/example_dags/example_display_name.py took 0.031 seconds
[2026-03-19T08:00:08.752+0000] {processor.py:161} INFO - Started process (PID=38200) to work on /home/airflow/.local/lib/python3.12/site-packages/airflow/example_dags/example_display_name.py
[2026-03-19T08:00:08.753+0000] {processor.py:830} INFO - Processing file /home/airflow/.local/lib/python3.12/site-packages/airflow/example_dags/example_display_name.py for tasks to queue
[2026-03-19T08:00:08.754+0000] {logging_mixin.py:188} INFO - [2026-03-19T08:00:08.753+0000] {dagbag.py:545} INFO - Filling up the DagBag from /home/airflow/.local/lib/python3.12/site-packages/airflow/example_dags/example_display_name.py
[2026-03-19T08:00:08.757+0000] {processor.py:840} INFO - DAG(s) 'example_display_name' retrieved from /home/airflow/.local/lib/python3.12/site-packages/airflow/example_dags/example_display_name.py
[2026-03-19T08:00:08.768+0000] {logging_mixin.py:188} INFO - [2026-03-19T08:00:08.768+0000] {dag.py:3096} INFO - Sync 1 DAGs
[2026-03-19T08:00:08.776+0000] {logging_mixin.py:188} INFO - [2026-03-19T08:00:08.776+0000] {dag.py:3954} INFO - Setting next_dagrun for example_display_name to None, run_after=None
[2026-03-19T08:00:08.786+0000] {processor.py:183} INFO - Processing /home/airflow/.local/lib/python3.12/site-packages/airflow/example_dags/example_display_name.py took 0.037 seconds
[2026-03-19T08:00:38.972+0000] {processor.py:161} INFO - Started process (PID=38259) to work on /home/airflow/.local/lib/python3.12/site-packages/airflow/example_dags/example_display_name.py
[2026-03-19T08:00:38.973+0000] {processor.py:830} INFO - Processing file /home/airflow/.local/lib/python3.12/site-packages/airflow/example_dags/example_display_name.py for tasks to queue
[2026-03-19T08:00:38.973+0000] {logging_mixin.py:188} INFO - [2026-03-19T08:00:38.973+0000] {dagbag.py:545} INFO - Filling up the DagBag from /home/airflow/.local/lib/python3.12/site-packages/airflow/example_dags/example_display_name.py
[2026-03-19T08:00:38.976+0000] {processor.py:840} INFO - DAG(s) 'example_display_name' retrieved from /home/airflow/.local/lib/python3.12/site-packages/airflow/example_dags/example_display_name.py
[2026-03-19T08:00:38.987+0000] {logging_mixin.py:188} INFO - [2026-03-19T08:00:38.987+0000] {dag.py:3096} INFO - Sync 1 DAGs
[2026-03-19T08:00:38.994+0000] {logging_mixin.py:188} INFO - [2026-03-19T08:00:38.994+0000] {dag.py:3954} INFO - Setting next_dagrun for example_display_name to None, run_after=None
[2026-03-19T08:00:39.007+0000] {processor.py:183} INFO - Processing /home/airflow/.local/lib/python3.12/site-packages/airflow/example_dags/example_display_name.py took 0.038 seconds
