[2026-03-19T00:12:45.103+0000] {processor.py:161} INFO - Started process (PID=35698) to work on /home/airflow/.local/lib/python3.12/site-packages/airflow/example_dags/example_trigger_target_dag.py
[2026-03-19T00:12:45.105+0000] {processor.py:830} INFO - Processing file /home/airflow/.local/lib/python3.12/site-packages/airflow/example_dags/example_trigger_target_dag.py for tasks to queue
[2026-03-19T00:12:45.108+0000] {logging_mixin.py:188} INFO - [2026-03-19T00:12:45.107+0000] {dagbag.py:545} INFO - Filling up the DagBag from /home/airflow/.local/lib/python3.12/site-packages/airflow/example_dags/example_trigger_target_dag.py
[2026-03-19T00:12:45.112+0000] {processor.py:840} INFO - DAG(s) 'example_trigger_target_dag' retrieved from /home/airflow/.local/lib/python3.12/site-packages/airflow/example_dags/example_trigger_target_dag.py
[2026-03-19T00:12:45.129+0000] {logging_mixin.py:188} INFO - [2026-03-19T00:12:45.129+0000] {dag.py:3096} INFO - Sync 1 DAGs
[2026-03-19T00:12:45.139+0000] {logging_mixin.py:188} INFO - [2026-03-19T00:12:45.139+0000] {dag.py:3954} INFO - Setting next_dagrun for example_trigger_target_dag to None, run_after=None
[2026-03-19T00:12:45.155+0000] {processor.py:183} INFO - Processing /home/airflow/.local/lib/python3.12/site-packages/airflow/example_dags/example_trigger_target_dag.py took 0.056 seconds
[2026-03-19T00:46:45.135+0000] {processor.py:161} INFO - Started process (PID=35757) to work on /home/airflow/.local/lib/python3.12/site-packages/airflow/example_dags/example_trigger_target_dag.py
[2026-03-19T00:46:45.138+0000] {processor.py:830} INFO - Processing file /home/airflow/.local/lib/python3.12/site-packages/airflow/example_dags/example_trigger_target_dag.py for tasks to queue
[2026-03-19T00:46:45.139+0000] {logging_mixin.py:188} INFO - [2026-03-19T00:46:45.139+0000] {dagbag.py:545} INFO - Filling up the DagBag from /home/airflow/.local/lib/python3.12/site-packages/airflow/example_dags/example_trigger_target_dag.py
[2026-03-19T00:46:45.145+0000] {processor.py:840} INFO - DAG(s) 'example_trigger_target_dag' retrieved from /home/airflow/.local/lib/python3.12/site-packages/airflow/example_dags/example_trigger_target_dag.py
[2026-03-19T00:46:45.162+0000] {logging_mixin.py:188} INFO - [2026-03-19T00:46:45.162+0000] {dag.py:3096} INFO - Sync 1 DAGs
[2026-03-19T00:46:45.173+0000] {logging_mixin.py:188} INFO - [2026-03-19T00:46:45.172+0000] {dag.py:3954} INFO - Setting next_dagrun for example_trigger_target_dag to None, run_after=None
[2026-03-19T00:46:45.187+0000] {processor.py:183} INFO - Processing /home/airflow/.local/lib/python3.12/site-packages/airflow/example_dags/example_trigger_target_dag.py took 0.057 seconds
[2026-03-19T01:13:44.732+0000] {processor.py:161} INFO - Started process (PID=35824) to work on /home/airflow/.local/lib/python3.12/site-packages/airflow/example_dags/example_trigger_target_dag.py
[2026-03-19T01:13:44.734+0000] {processor.py:830} INFO - Processing file /home/airflow/.local/lib/python3.12/site-packages/airflow/example_dags/example_trigger_target_dag.py for tasks to queue
[2026-03-19T01:13:44.736+0000] {logging_mixin.py:188} INFO - [2026-03-19T01:13:44.736+0000] {dagbag.py:545} INFO - Filling up the DagBag from /home/airflow/.local/lib/python3.12/site-packages/airflow/example_dags/example_trigger_target_dag.py
[2026-03-19T01:13:44.743+0000] {processor.py:840} INFO - DAG(s) 'example_trigger_target_dag' retrieved from /home/airflow/.local/lib/python3.12/site-packages/airflow/example_dags/example_trigger_target_dag.py
[2026-03-19T01:13:44.766+0000] {logging_mixin.py:188} INFO - [2026-03-19T01:13:44.766+0000] {dag.py:3096} INFO - Sync 1 DAGs
[2026-03-19T01:13:44.778+0000] {logging_mixin.py:188} INFO - [2026-03-19T01:13:44.778+0000] {dag.py:3954} INFO - Setting next_dagrun for example_trigger_target_dag to None, run_after=None
[2026-03-19T01:13:44.794+0000] {processor.py:183} INFO - Processing /home/airflow/.local/lib/python3.12/site-packages/airflow/example_dags/example_trigger_target_dag.py took 0.067 seconds
[2026-03-19T01:31:13.830+0000] {processor.py:161} INFO - Started process (PID=35897) to work on /home/airflow/.local/lib/python3.12/site-packages/airflow/example_dags/example_trigger_target_dag.py
[2026-03-19T01:31:13.835+0000] {processor.py:830} INFO - Processing file /home/airflow/.local/lib/python3.12/site-packages/airflow/example_dags/example_trigger_target_dag.py for tasks to queue
[2026-03-19T01:31:13.847+0000] {logging_mixin.py:188} INFO - [2026-03-19T01:31:13.847+0000] {dagbag.py:545} INFO - Filling up the DagBag from /home/airflow/.local/lib/python3.12/site-packages/airflow/example_dags/example_trigger_target_dag.py
[2026-03-19T01:31:13.881+0000] {processor.py:840} INFO - DAG(s) 'example_trigger_target_dag' retrieved from /home/airflow/.local/lib/python3.12/site-packages/airflow/example_dags/example_trigger_target_dag.py
[2026-03-19T01:31:13.958+0000] {logging_mixin.py:188} INFO - [2026-03-19T01:31:13.957+0000] {dag.py:3096} INFO - Sync 1 DAGs
[2026-03-19T01:31:15.112+0000] {logging_mixin.py:188} INFO - [2026-03-19T01:31:15.111+0000] {dag.py:3954} INFO - Setting next_dagrun for example_trigger_target_dag to None, run_after=None
[2026-03-19T01:31:15.176+0000] {processor.py:183} INFO - Processing /home/airflow/.local/lib/python3.12/site-packages/airflow/example_dags/example_trigger_target_dag.py took 1.376 seconds
[2026-03-19T02:15:12.022+0000] {processor.py:161} INFO - Started process (PID=35955) to work on /home/airflow/.local/lib/python3.12/site-packages/airflow/example_dags/example_trigger_target_dag.py
[2026-03-19T02:15:12.030+0000] {processor.py:830} INFO - Processing file /home/airflow/.local/lib/python3.12/site-packages/airflow/example_dags/example_trigger_target_dag.py for tasks to queue
[2026-03-19T02:15:12.034+0000] {logging_mixin.py:188} INFO - [2026-03-19T02:15:12.032+0000] {dagbag.py:545} INFO - Filling up the DagBag from /home/airflow/.local/lib/python3.12/site-packages/airflow/example_dags/example_trigger_target_dag.py
[2026-03-19T02:15:12.092+0000] {processor.py:840} INFO - DAG(s) 'example_trigger_target_dag' retrieved from /home/airflow/.local/lib/python3.12/site-packages/airflow/example_dags/example_trigger_target_dag.py
[2026-03-19T02:15:12.245+0000] {logging_mixin.py:188} INFO - [2026-03-19T02:15:12.245+0000] {dag.py:3096} INFO - Sync 1 DAGs
[2026-03-19T02:15:12.294+0000] {logging_mixin.py:188} INFO - [2026-03-19T02:15:12.294+0000] {dag.py:3954} INFO - Setting next_dagrun for example_trigger_target_dag to None, run_after=None
[2026-03-19T02:15:12.376+0000] {processor.py:183} INFO - Processing /home/airflow/.local/lib/python3.12/site-packages/airflow/example_dags/example_trigger_target_dag.py took 0.382 seconds
[2026-03-19T03:06:08.589+0000] {processor.py:161} INFO - Started process (PID=36041) to work on /home/airflow/.local/lib/python3.12/site-packages/airflow/example_dags/example_trigger_target_dag.py
[2026-03-19T03:06:08.591+0000] {processor.py:830} INFO - Processing file /home/airflow/.local/lib/python3.12/site-packages/airflow/example_dags/example_trigger_target_dag.py for tasks to queue
[2026-03-19T03:06:08.594+0000] {logging_mixin.py:188} INFO - [2026-03-19T03:06:08.593+0000] {dagbag.py:545} INFO - Filling up the DagBag from /home/airflow/.local/lib/python3.12/site-packages/airflow/example_dags/example_trigger_target_dag.py
[2026-03-19T03:06:08.608+0000] {processor.py:840} INFO - DAG(s) 'example_trigger_target_dag' retrieved from /home/airflow/.local/lib/python3.12/site-packages/airflow/example_dags/example_trigger_target_dag.py
[2026-03-19T03:06:08.664+0000] {logging_mixin.py:188} INFO - [2026-03-19T03:06:08.663+0000] {dag.py:3096} INFO - Sync 1 DAGs
[2026-03-19T03:06:08.691+0000] {logging_mixin.py:188} INFO - [2026-03-19T03:06:08.691+0000] {dag.py:3954} INFO - Setting next_dagrun for example_trigger_target_dag to None, run_after=None
[2026-03-19T03:06:08.754+0000] {processor.py:183} INFO - Processing /home/airflow/.local/lib/python3.12/site-packages/airflow/example_dags/example_trigger_target_dag.py took 0.182 seconds
[2026-03-19T03:06:39.252+0000] {processor.py:161} INFO - Started process (PID=36112) to work on /home/airflow/.local/lib/python3.12/site-packages/airflow/example_dags/example_trigger_target_dag.py
[2026-03-19T03:06:39.253+0000] {processor.py:830} INFO - Processing file /home/airflow/.local/lib/python3.12/site-packages/airflow/example_dags/example_trigger_target_dag.py for tasks to queue
[2026-03-19T03:06:39.254+0000] {logging_mixin.py:188} INFO - [2026-03-19T03:06:39.254+0000] {dagbag.py:545} INFO - Filling up the DagBag from /home/airflow/.local/lib/python3.12/site-packages/airflow/example_dags/example_trigger_target_dag.py
[2026-03-19T03:06:39.258+0000] {processor.py:840} INFO - DAG(s) 'example_trigger_target_dag' retrieved from /home/airflow/.local/lib/python3.12/site-packages/airflow/example_dags/example_trigger_target_dag.py
[2026-03-19T03:06:39.276+0000] {logging_mixin.py:188} INFO - [2026-03-19T03:06:39.276+0000] {dag.py:3096} INFO - Sync 1 DAGs
[2026-03-19T03:06:39.288+0000] {logging_mixin.py:188} INFO - [2026-03-19T03:06:39.287+0000] {dag.py:3954} INFO - Setting next_dagrun for example_trigger_target_dag to None, run_after=None
[2026-03-19T03:06:39.305+0000] {processor.py:183} INFO - Processing /home/airflow/.local/lib/python3.12/site-packages/airflow/example_dags/example_trigger_target_dag.py took 0.056 seconds
[2026-03-19T03:15:42.466+0000] {processor.py:161} INFO - Started process (PID=36171) to work on /home/airflow/.local/lib/python3.12/site-packages/airflow/example_dags/example_trigger_target_dag.py
[2026-03-19T03:15:42.469+0000] {processor.py:830} INFO - Processing file /home/airflow/.local/lib/python3.12/site-packages/airflow/example_dags/example_trigger_target_dag.py for tasks to queue
[2026-03-19T03:15:42.471+0000] {logging_mixin.py:188} INFO - [2026-03-19T03:15:42.471+0000] {dagbag.py:545} INFO - Filling up the DagBag from /home/airflow/.local/lib/python3.12/site-packages/airflow/example_dags/example_trigger_target_dag.py
[2026-03-19T03:15:42.485+0000] {processor.py:840} INFO - DAG(s) 'example_trigger_target_dag' retrieved from /home/airflow/.local/lib/python3.12/site-packages/airflow/example_dags/example_trigger_target_dag.py
[2026-03-19T03:15:42.511+0000] {logging_mixin.py:188} INFO - [2026-03-19T03:15:42.511+0000] {dag.py:3096} INFO - Sync 1 DAGs
[2026-03-19T03:15:42.534+0000] {logging_mixin.py:188} INFO - [2026-03-19T03:15:42.534+0000] {dag.py:3954} INFO - Setting next_dagrun for example_trigger_target_dag to None, run_after=None
[2026-03-19T03:15:42.564+0000] {processor.py:183} INFO - Processing /home/airflow/.local/lib/python3.12/site-packages/airflow/example_dags/example_trigger_target_dag.py took 0.109 seconds
[2026-03-19T03:32:03.023+0000] {processor.py:161} INFO - Started process (PID=36230) to work on /home/airflow/.local/lib/python3.12/site-packages/airflow/example_dags/example_trigger_target_dag.py
[2026-03-19T03:32:03.028+0000] {processor.py:830} INFO - Processing file /home/airflow/.local/lib/python3.12/site-packages/airflow/example_dags/example_trigger_target_dag.py for tasks to queue
[2026-03-19T03:32:03.033+0000] {logging_mixin.py:188} INFO - [2026-03-19T03:32:03.032+0000] {dagbag.py:545} INFO - Filling up the DagBag from /home/airflow/.local/lib/python3.12/site-packages/airflow/example_dags/example_trigger_target_dag.py
[2026-03-19T03:32:03.058+0000] {processor.py:840} INFO - DAG(s) 'example_trigger_target_dag' retrieved from /home/airflow/.local/lib/python3.12/site-packages/airflow/example_dags/example_trigger_target_dag.py
[2026-03-19T03:32:03.402+0000] {logging_mixin.py:188} INFO - [2026-03-19T03:32:03.392+0000] {dag.py:3096} INFO - Sync 1 DAGs
[2026-03-19T03:32:03.499+0000] {logging_mixin.py:188} INFO - [2026-03-19T03:32:03.498+0000] {dag.py:3954} INFO - Setting next_dagrun for example_trigger_target_dag to None, run_after=None
[2026-03-19T03:32:03.565+0000] {processor.py:183} INFO - Processing /home/airflow/.local/lib/python3.12/site-packages/airflow/example_dags/example_trigger_target_dag.py took 0.573 seconds
[2026-03-19T04:16:43.395+0000] {processor.py:161} INFO - Started process (PID=36297) to work on /home/airflow/.local/lib/python3.12/site-packages/airflow/example_dags/example_trigger_target_dag.py
[2026-03-19T04:16:43.397+0000] {processor.py:830} INFO - Processing file /home/airflow/.local/lib/python3.12/site-packages/airflow/example_dags/example_trigger_target_dag.py for tasks to queue
[2026-03-19T04:16:43.398+0000] {logging_mixin.py:188} INFO - [2026-03-19T04:16:43.398+0000] {dagbag.py:545} INFO - Filling up the DagBag from /home/airflow/.local/lib/python3.12/site-packages/airflow/example_dags/example_trigger_target_dag.py
[2026-03-19T04:16:43.413+0000] {processor.py:840} INFO - DAG(s) 'example_trigger_target_dag' retrieved from /home/airflow/.local/lib/python3.12/site-packages/airflow/example_dags/example_trigger_target_dag.py
[2026-03-19T04:16:43.472+0000] {logging_mixin.py:188} INFO - [2026-03-19T04:16:43.472+0000] {dag.py:3096} INFO - Sync 1 DAGs
[2026-03-19T04:16:43.496+0000] {logging_mixin.py:188} INFO - [2026-03-19T04:16:43.495+0000] {dag.py:3954} INFO - Setting next_dagrun for example_trigger_target_dag to None, run_after=None
[2026-03-19T04:16:43.536+0000] {processor.py:183} INFO - Processing /home/airflow/.local/lib/python3.12/site-packages/airflow/example_dags/example_trigger_target_dag.py took 0.147 seconds
[2026-03-19T04:17:16.256+0000] {processor.py:161} INFO - Started process (PID=36364) to work on /home/airflow/.local/lib/python3.12/site-packages/airflow/example_dags/example_trigger_target_dag.py
[2026-03-19T04:17:16.258+0000] {processor.py:830} INFO - Processing file /home/airflow/.local/lib/python3.12/site-packages/airflow/example_dags/example_trigger_target_dag.py for tasks to queue
[2026-03-19T04:17:16.259+0000] {logging_mixin.py:188} INFO - [2026-03-19T04:17:16.259+0000] {dagbag.py:545} INFO - Filling up the DagBag from /home/airflow/.local/lib/python3.12/site-packages/airflow/example_dags/example_trigger_target_dag.py
[2026-03-19T04:17:16.282+0000] {processor.py:840} INFO - DAG(s) 'example_trigger_target_dag' retrieved from /home/airflow/.local/lib/python3.12/site-packages/airflow/example_dags/example_trigger_target_dag.py
[2026-03-19T04:17:16.341+0000] {logging_mixin.py:188} INFO - [2026-03-19T04:17:16.340+0000] {dag.py:3096} INFO - Sync 1 DAGs
[2026-03-19T04:17:16.377+0000] {logging_mixin.py:188} INFO - [2026-03-19T04:17:16.377+0000] {dag.py:3954} INFO - Setting next_dagrun for example_trigger_target_dag to None, run_after=None
[2026-03-19T04:17:16.456+0000] {processor.py:183} INFO - Processing /home/airflow/.local/lib/python3.12/site-packages/airflow/example_dags/example_trigger_target_dag.py took 0.212 seconds
[2026-03-19T05:17:37.358+0000] {processor.py:161} INFO - Started process (PID=36423) to work on /home/airflow/.local/lib/python3.12/site-packages/airflow/example_dags/example_trigger_target_dag.py
[2026-03-19T05:17:37.359+0000] {processor.py:830} INFO - Processing file /home/airflow/.local/lib/python3.12/site-packages/airflow/example_dags/example_trigger_target_dag.py for tasks to queue
[2026-03-19T05:17:37.359+0000] {logging_mixin.py:188} INFO - [2026-03-19T05:17:37.359+0000] {dagbag.py:545} INFO - Filling up the DagBag from /home/airflow/.local/lib/python3.12/site-packages/airflow/example_dags/example_trigger_target_dag.py
[2026-03-19T05:17:37.363+0000] {processor.py:840} INFO - DAG(s) 'example_trigger_target_dag' retrieved from /home/airflow/.local/lib/python3.12/site-packages/airflow/example_dags/example_trigger_target_dag.py
[2026-03-19T05:17:37.380+0000] {logging_mixin.py:188} INFO - [2026-03-19T05:17:37.380+0000] {dag.py:3096} INFO - Sync 1 DAGs
[2026-03-19T05:17:37.390+0000] {logging_mixin.py:188} INFO - [2026-03-19T05:17:37.390+0000] {dag.py:3954} INFO - Setting next_dagrun for example_trigger_target_dag to None, run_after=None
[2026-03-19T05:17:37.409+0000] {processor.py:183} INFO - Processing /home/airflow/.local/lib/python3.12/site-packages/airflow/example_dags/example_trigger_target_dag.py took 0.055 seconds
[2026-03-19T05:18:07.636+0000] {processor.py:161} INFO - Started process (PID=36482) to work on /home/airflow/.local/lib/python3.12/site-packages/airflow/example_dags/example_trigger_target_dag.py
[2026-03-19T05:18:07.638+0000] {processor.py:830} INFO - Processing file /home/airflow/.local/lib/python3.12/site-packages/airflow/example_dags/example_trigger_target_dag.py for tasks to queue
[2026-03-19T05:18:07.639+0000] {logging_mixin.py:188} INFO - [2026-03-19T05:18:07.638+0000] {dagbag.py:545} INFO - Filling up the DagBag from /home/airflow/.local/lib/python3.12/site-packages/airflow/example_dags/example_trigger_target_dag.py
[2026-03-19T05:18:07.642+0000] {processor.py:840} INFO - DAG(s) 'example_trigger_target_dag' retrieved from /home/airflow/.local/lib/python3.12/site-packages/airflow/example_dags/example_trigger_target_dag.py
[2026-03-19T05:18:07.655+0000] {logging_mixin.py:188} INFO - [2026-03-19T05:18:07.655+0000] {dag.py:3096} INFO - Sync 1 DAGs
[2026-03-19T05:18:07.668+0000] {logging_mixin.py:188} INFO - [2026-03-19T05:18:07.667+0000] {dag.py:3954} INFO - Setting next_dagrun for example_trigger_target_dag to None, run_after=None
[2026-03-19T05:18:07.690+0000] {processor.py:183} INFO - Processing /home/airflow/.local/lib/python3.12/site-packages/airflow/example_dags/example_trigger_target_dag.py took 0.057 seconds
[2026-03-19T06:18:35.987+0000] {processor.py:161} INFO - Started process (PID=36541) to work on /home/airflow/.local/lib/python3.12/site-packages/airflow/example_dags/example_trigger_target_dag.py
[2026-03-19T06:18:35.995+0000] {processor.py:830} INFO - Processing file /home/airflow/.local/lib/python3.12/site-packages/airflow/example_dags/example_trigger_target_dag.py for tasks to queue
[2026-03-19T06:18:36.001+0000] {logging_mixin.py:188} INFO - [2026-03-19T06:18:35.999+0000] {dagbag.py:545} INFO - Filling up the DagBag from /home/airflow/.local/lib/python3.12/site-packages/airflow/example_dags/example_trigger_target_dag.py
[2026-03-19T06:18:36.033+0000] {processor.py:840} INFO - DAG(s) 'example_trigger_target_dag' retrieved from /home/airflow/.local/lib/python3.12/site-packages/airflow/example_dags/example_trigger_target_dag.py
[2026-03-19T06:18:36.101+0000] {logging_mixin.py:188} INFO - [2026-03-19T06:18:36.101+0000] {dag.py:3096} INFO - Sync 1 DAGs
[2026-03-19T06:18:36.137+0000] {logging_mixin.py:188} INFO - [2026-03-19T06:18:36.136+0000] {dag.py:3954} INFO - Setting next_dagrun for example_trigger_target_dag to None, run_after=None
[2026-03-19T06:18:36.189+0000] {processor.py:183} INFO - Processing /home/airflow/.local/lib/python3.12/site-packages/airflow/example_dags/example_trigger_target_dag.py took 0.223 seconds
[2026-03-19T06:19:06.294+0000] {processor.py:161} INFO - Started process (PID=36608) to work on /home/airflow/.local/lib/python3.12/site-packages/airflow/example_dags/example_trigger_target_dag.py
[2026-03-19T06:19:06.297+0000] {processor.py:830} INFO - Processing file /home/airflow/.local/lib/python3.12/site-packages/airflow/example_dags/example_trigger_target_dag.py for tasks to queue
[2026-03-19T06:19:06.297+0000] {logging_mixin.py:188} INFO - [2026-03-19T06:19:06.297+0000] {dagbag.py:545} INFO - Filling up the DagBag from /home/airflow/.local/lib/python3.12/site-packages/airflow/example_dags/example_trigger_target_dag.py
[2026-03-19T06:19:06.301+0000] {processor.py:840} INFO - DAG(s) 'example_trigger_target_dag' retrieved from /home/airflow/.local/lib/python3.12/site-packages/airflow/example_dags/example_trigger_target_dag.py
[2026-03-19T06:19:06.313+0000] {logging_mixin.py:188} INFO - [2026-03-19T06:19:06.312+0000] {dag.py:3096} INFO - Sync 1 DAGs
[2026-03-19T06:19:06.318+0000] {logging_mixin.py:188} INFO - [2026-03-19T06:19:06.318+0000] {dag.py:3954} INFO - Setting next_dagrun for example_trigger_target_dag to None, run_after=None
[2026-03-19T06:19:06.326+0000] {processor.py:183} INFO - Processing /home/airflow/.local/lib/python3.12/site-packages/airflow/example_dags/example_trigger_target_dag.py took 0.035 seconds
[2026-03-19T07:19:35.623+0000] {processor.py:161} INFO - Started process (PID=36667) to work on /home/airflow/.local/lib/python3.12/site-packages/airflow/example_dags/example_trigger_target_dag.py
[2026-03-19T07:19:35.624+0000] {processor.py:830} INFO - Processing file /home/airflow/.local/lib/python3.12/site-packages/airflow/example_dags/example_trigger_target_dag.py for tasks to queue
[2026-03-19T07:19:35.626+0000] {logging_mixin.py:188} INFO - [2026-03-19T07:19:35.625+0000] {dagbag.py:545} INFO - Filling up the DagBag from /home/airflow/.local/lib/python3.12/site-packages/airflow/example_dags/example_trigger_target_dag.py
[2026-03-19T07:19:35.634+0000] {processor.py:840} INFO - DAG(s) 'example_trigger_target_dag' retrieved from /home/airflow/.local/lib/python3.12/site-packages/airflow/example_dags/example_trigger_target_dag.py
[2026-03-19T07:19:35.666+0000] {logging_mixin.py:188} INFO - [2026-03-19T07:19:35.666+0000] {dag.py:3096} INFO - Sync 1 DAGs
[2026-03-19T07:19:35.685+0000] {logging_mixin.py:188} INFO - [2026-03-19T07:19:35.685+0000] {dag.py:3954} INFO - Setting next_dagrun for example_trigger_target_dag to None, run_after=None
[2026-03-19T07:19:35.714+0000] {processor.py:183} INFO - Processing /home/airflow/.local/lib/python3.12/site-packages/airflow/example_dags/example_trigger_target_dag.py took 0.099 seconds
[2026-03-19T07:20:06.586+0000] {processor.py:161} INFO - Started process (PID=36735) to work on /home/airflow/.local/lib/python3.12/site-packages/airflow/example_dags/example_trigger_target_dag.py
[2026-03-19T07:20:06.586+0000] {processor.py:830} INFO - Processing file /home/airflow/.local/lib/python3.12/site-packages/airflow/example_dags/example_trigger_target_dag.py for tasks to queue
[2026-03-19T07:20:06.587+0000] {logging_mixin.py:188} INFO - [2026-03-19T07:20:06.587+0000] {dagbag.py:545} INFO - Filling up the DagBag from /home/airflow/.local/lib/python3.12/site-packages/airflow/example_dags/example_trigger_target_dag.py
[2026-03-19T07:20:06.592+0000] {processor.py:840} INFO - DAG(s) 'example_trigger_target_dag' retrieved from /home/airflow/.local/lib/python3.12/site-packages/airflow/example_dags/example_trigger_target_dag.py
[2026-03-19T07:20:06.608+0000] {logging_mixin.py:188} INFO - [2026-03-19T07:20:06.608+0000] {dag.py:3096} INFO - Sync 1 DAGs
[2026-03-19T07:20:06.623+0000] {logging_mixin.py:188} INFO - [2026-03-19T07:20:06.623+0000] {dag.py:3954} INFO - Setting next_dagrun for example_trigger_target_dag to None, run_after=None
[2026-03-19T07:20:06.633+0000] {processor.py:183} INFO - Processing /home/airflow/.local/lib/python3.12/site-packages/airflow/example_dags/example_trigger_target_dag.py took 0.053 seconds
[2026-03-19T07:37:30.464+0000] {processor.py:161} INFO - Started process (PID=36793) to work on /home/airflow/.local/lib/python3.12/site-packages/airflow/example_dags/example_trigger_target_dag.py
[2026-03-19T07:37:30.465+0000] {processor.py:830} INFO - Processing file /home/airflow/.local/lib/python3.12/site-packages/airflow/example_dags/example_trigger_target_dag.py for tasks to queue
[2026-03-19T07:37:30.466+0000] {logging_mixin.py:188} INFO - [2026-03-19T07:37:30.466+0000] {dagbag.py:545} INFO - Filling up the DagBag from /home/airflow/.local/lib/python3.12/site-packages/airflow/example_dags/example_trigger_target_dag.py
[2026-03-19T07:37:30.471+0000] {processor.py:840} INFO - DAG(s) 'example_trigger_target_dag' retrieved from /home/airflow/.local/lib/python3.12/site-packages/airflow/example_dags/example_trigger_target_dag.py
[2026-03-19T07:37:30.513+0000] {logging_mixin.py:188} INFO - [2026-03-19T07:37:30.512+0000] {dag.py:3096} INFO - Sync 1 DAGs
[2026-03-19T07:37:30.530+0000] {logging_mixin.py:188} INFO - [2026-03-19T07:37:30.530+0000] {dag.py:3954} INFO - Setting next_dagrun for example_trigger_target_dag to None, run_after=None
[2026-03-19T07:37:30.547+0000] {processor.py:183} INFO - Processing /home/airflow/.local/lib/python3.12/site-packages/airflow/example_dags/example_trigger_target_dag.py took 0.089 seconds
[2026-03-19T07:38:03.645+0000] {processor.py:161} INFO - Started process (PID=36860) to work on /home/airflow/.local/lib/python3.12/site-packages/airflow/example_dags/example_trigger_target_dag.py
[2026-03-19T07:38:03.647+0000] {processor.py:830} INFO - Processing file /home/airflow/.local/lib/python3.12/site-packages/airflow/example_dags/example_trigger_target_dag.py for tasks to queue
[2026-03-19T07:38:03.648+0000] {logging_mixin.py:188} INFO - [2026-03-19T07:38:03.647+0000] {dagbag.py:545} INFO - Filling up the DagBag from /home/airflow/.local/lib/python3.12/site-packages/airflow/example_dags/example_trigger_target_dag.py
[2026-03-19T07:38:03.667+0000] {processor.py:840} INFO - DAG(s) 'example_trigger_target_dag' retrieved from /home/airflow/.local/lib/python3.12/site-packages/airflow/example_dags/example_trigger_target_dag.py
[2026-03-19T07:38:03.727+0000] {logging_mixin.py:188} INFO - [2026-03-19T07:38:03.726+0000] {dag.py:3096} INFO - Sync 1 DAGs
[2026-03-19T07:38:03.772+0000] {logging_mixin.py:188} INFO - [2026-03-19T07:38:03.772+0000] {dag.py:3954} INFO - Setting next_dagrun for example_trigger_target_dag to None, run_after=None
[2026-03-19T07:38:03.840+0000] {processor.py:183} INFO - Processing /home/airflow/.local/lib/python3.12/site-packages/airflow/example_dags/example_trigger_target_dag.py took 0.211 seconds
[2026-03-19T07:48:56.424+0000] {processor.py:161} INFO - Started process (PID=36919) to work on /home/airflow/.local/lib/python3.12/site-packages/airflow/example_dags/example_trigger_target_dag.py
[2026-03-19T07:48:56.426+0000] {processor.py:830} INFO - Processing file /home/airflow/.local/lib/python3.12/site-packages/airflow/example_dags/example_trigger_target_dag.py for tasks to queue
[2026-03-19T07:48:56.427+0000] {logging_mixin.py:188} INFO - [2026-03-19T07:48:56.427+0000] {dagbag.py:545} INFO - Filling up the DagBag from /home/airflow/.local/lib/python3.12/site-packages/airflow/example_dags/example_trigger_target_dag.py
[2026-03-19T07:48:56.432+0000] {processor.py:840} INFO - DAG(s) 'example_trigger_target_dag' retrieved from /home/airflow/.local/lib/python3.12/site-packages/airflow/example_dags/example_trigger_target_dag.py
[2026-03-19T07:48:56.456+0000] {logging_mixin.py:188} INFO - [2026-03-19T07:48:56.456+0000] {dag.py:3096} INFO - Sync 1 DAGs
[2026-03-19T07:48:56.468+0000] {logging_mixin.py:188} INFO - [2026-03-19T07:48:56.468+0000] {dag.py:3954} INFO - Setting next_dagrun for example_trigger_target_dag to None, run_after=None
[2026-03-19T07:48:56.481+0000] {processor.py:183} INFO - Processing /home/airflow/.local/lib/python3.12/site-packages/airflow/example_dags/example_trigger_target_dag.py took 0.062 seconds
[2026-03-19T07:49:28.670+0000] {processor.py:161} INFO - Started process (PID=36978) to work on /home/airflow/.local/lib/python3.12/site-packages/airflow/example_dags/example_trigger_target_dag.py
[2026-03-19T07:49:28.671+0000] {processor.py:830} INFO - Processing file /home/airflow/.local/lib/python3.12/site-packages/airflow/example_dags/example_trigger_target_dag.py for tasks to queue
[2026-03-19T07:49:28.672+0000] {logging_mixin.py:188} INFO - [2026-03-19T07:49:28.671+0000] {dagbag.py:545} INFO - Filling up the DagBag from /home/airflow/.local/lib/python3.12/site-packages/airflow/example_dags/example_trigger_target_dag.py
[2026-03-19T07:49:28.680+0000] {processor.py:840} INFO - DAG(s) 'example_trigger_target_dag' retrieved from /home/airflow/.local/lib/python3.12/site-packages/airflow/example_dags/example_trigger_target_dag.py
[2026-03-19T07:49:28.694+0000] {logging_mixin.py:188} INFO - [2026-03-19T07:49:28.694+0000] {dag.py:3096} INFO - Sync 1 DAGs
[2026-03-19T07:49:28.704+0000] {logging_mixin.py:188} INFO - [2026-03-19T07:49:28.704+0000] {dag.py:3954} INFO - Setting next_dagrun for example_trigger_target_dag to None, run_after=None
[2026-03-19T07:49:28.722+0000] {processor.py:183} INFO - Processing /home/airflow/.local/lib/python3.12/site-packages/airflow/example_dags/example_trigger_target_dag.py took 0.057 seconds
[2026-03-19T07:50:00.147+0000] {processor.py:161} INFO - Started process (PID=37037) to work on /home/airflow/.local/lib/python3.12/site-packages/airflow/example_dags/example_trigger_target_dag.py
[2026-03-19T07:50:00.151+0000] {processor.py:830} INFO - Processing file /home/airflow/.local/lib/python3.12/site-packages/airflow/example_dags/example_trigger_target_dag.py for tasks to queue
[2026-03-19T07:50:00.152+0000] {logging_mixin.py:188} INFO - [2026-03-19T07:50:00.152+0000] {dagbag.py:545} INFO - Filling up the DagBag from /home/airflow/.local/lib/python3.12/site-packages/airflow/example_dags/example_trigger_target_dag.py
[2026-03-19T07:50:00.159+0000] {processor.py:840} INFO - DAG(s) 'example_trigger_target_dag' retrieved from /home/airflow/.local/lib/python3.12/site-packages/airflow/example_dags/example_trigger_target_dag.py
[2026-03-19T07:50:00.184+0000] {logging_mixin.py:188} INFO - [2026-03-19T07:50:00.184+0000] {dag.py:3096} INFO - Sync 1 DAGs
[2026-03-19T07:50:00.201+0000] {logging_mixin.py:188} INFO - [2026-03-19T07:50:00.201+0000] {dag.py:3954} INFO - Setting next_dagrun for example_trigger_target_dag to None, run_after=None
[2026-03-19T07:50:00.224+0000] {processor.py:183} INFO - Processing /home/airflow/.local/lib/python3.12/site-packages/airflow/example_dags/example_trigger_target_dag.py took 0.082 seconds
[2026-03-19T07:50:30.298+0000] {processor.py:161} INFO - Started process (PID=37096) to work on /home/airflow/.local/lib/python3.12/site-packages/airflow/example_dags/example_trigger_target_dag.py
[2026-03-19T07:50:30.299+0000] {processor.py:830} INFO - Processing file /home/airflow/.local/lib/python3.12/site-packages/airflow/example_dags/example_trigger_target_dag.py for tasks to queue
[2026-03-19T07:50:30.300+0000] {logging_mixin.py:188} INFO - [2026-03-19T07:50:30.299+0000] {dagbag.py:545} INFO - Filling up the DagBag from /home/airflow/.local/lib/python3.12/site-packages/airflow/example_dags/example_trigger_target_dag.py
[2026-03-19T07:50:30.304+0000] {processor.py:840} INFO - DAG(s) 'example_trigger_target_dag' retrieved from /home/airflow/.local/lib/python3.12/site-packages/airflow/example_dags/example_trigger_target_dag.py
[2026-03-19T07:50:30.316+0000] {logging_mixin.py:188} INFO - [2026-03-19T07:50:30.316+0000] {dag.py:3096} INFO - Sync 1 DAGs
[2026-03-19T07:50:30.322+0000] {logging_mixin.py:188} INFO - [2026-03-19T07:50:30.322+0000] {dag.py:3954} INFO - Setting next_dagrun for example_trigger_target_dag to None, run_after=None
[2026-03-19T07:50:30.329+0000] {processor.py:183} INFO - Processing /home/airflow/.local/lib/python3.12/site-packages/airflow/example_dags/example_trigger_target_dag.py took 0.035 seconds
[2026-03-19T07:51:01.957+0000] {processor.py:161} INFO - Started process (PID=37155) to work on /home/airflow/.local/lib/python3.12/site-packages/airflow/example_dags/example_trigger_target_dag.py
[2026-03-19T07:51:01.961+0000] {processor.py:830} INFO - Processing file /home/airflow/.local/lib/python3.12/site-packages/airflow/example_dags/example_trigger_target_dag.py for tasks to queue
[2026-03-19T07:51:01.963+0000] {logging_mixin.py:188} INFO - [2026-03-19T07:51:01.962+0000] {dagbag.py:545} INFO - Filling up the DagBag from /home/airflow/.local/lib/python3.12/site-packages/airflow/example_dags/example_trigger_target_dag.py
[2026-03-19T07:51:01.982+0000] {processor.py:840} INFO - DAG(s) 'example_trigger_target_dag' retrieved from /home/airflow/.local/lib/python3.12/site-packages/airflow/example_dags/example_trigger_target_dag.py
[2026-03-19T07:51:02.049+0000] {logging_mixin.py:188} INFO - [2026-03-19T07:51:02.046+0000] {dag.py:3096} INFO - Sync 1 DAGs
[2026-03-19T07:51:02.081+0000] {logging_mixin.py:188} INFO - [2026-03-19T07:51:02.080+0000] {dag.py:3954} INFO - Setting next_dagrun for example_trigger_target_dag to None, run_after=None
[2026-03-19T07:51:02.116+0000] {processor.py:183} INFO - Processing /home/airflow/.local/lib/python3.12/site-packages/airflow/example_dags/example_trigger_target_dag.py took 0.170 seconds
[2026-03-19T07:51:33.744+0000] {processor.py:161} INFO - Started process (PID=37214) to work on /home/airflow/.local/lib/python3.12/site-packages/airflow/example_dags/example_trigger_target_dag.py
[2026-03-19T07:51:33.746+0000] {processor.py:830} INFO - Processing file /home/airflow/.local/lib/python3.12/site-packages/airflow/example_dags/example_trigger_target_dag.py for tasks to queue
[2026-03-19T07:51:33.747+0000] {logging_mixin.py:188} INFO - [2026-03-19T07:51:33.747+0000] {dagbag.py:545} INFO - Filling up the DagBag from /home/airflow/.local/lib/python3.12/site-packages/airflow/example_dags/example_trigger_target_dag.py
[2026-03-19T07:51:33.753+0000] {processor.py:840} INFO - DAG(s) 'example_trigger_target_dag' retrieved from /home/airflow/.local/lib/python3.12/site-packages/airflow/example_dags/example_trigger_target_dag.py
[2026-03-19T07:51:33.781+0000] {logging_mixin.py:188} INFO - [2026-03-19T07:51:33.781+0000] {dag.py:3096} INFO - Sync 1 DAGs
[2026-03-19T07:51:33.798+0000] {logging_mixin.py:188} INFO - [2026-03-19T07:51:33.797+0000] {dag.py:3954} INFO - Setting next_dagrun for example_trigger_target_dag to None, run_after=None
[2026-03-19T07:51:33.833+0000] {processor.py:183} INFO - Processing /home/airflow/.local/lib/python3.12/site-packages/airflow/example_dags/example_trigger_target_dag.py took 0.102 seconds
[2026-03-19T07:52:04.721+0000] {processor.py:161} INFO - Started process (PID=37273) to work on /home/airflow/.local/lib/python3.12/site-packages/airflow/example_dags/example_trigger_target_dag.py
[2026-03-19T07:52:04.722+0000] {processor.py:830} INFO - Processing file /home/airflow/.local/lib/python3.12/site-packages/airflow/example_dags/example_trigger_target_dag.py for tasks to queue
[2026-03-19T07:52:04.723+0000] {logging_mixin.py:188} INFO - [2026-03-19T07:52:04.722+0000] {dagbag.py:545} INFO - Filling up the DagBag from /home/airflow/.local/lib/python3.12/site-packages/airflow/example_dags/example_trigger_target_dag.py
[2026-03-19T07:52:04.727+0000] {processor.py:840} INFO - DAG(s) 'example_trigger_target_dag' retrieved from /home/airflow/.local/lib/python3.12/site-packages/airflow/example_dags/example_trigger_target_dag.py
[2026-03-19T07:52:04.742+0000] {logging_mixin.py:188} INFO - [2026-03-19T07:52:04.742+0000] {dag.py:3096} INFO - Sync 1 DAGs
[2026-03-19T07:52:04.751+0000] {logging_mixin.py:188} INFO - [2026-03-19T07:52:04.751+0000] {dag.py:3954} INFO - Setting next_dagrun for example_trigger_target_dag to None, run_after=None
[2026-03-19T07:52:04.773+0000] {processor.py:183} INFO - Processing /home/airflow/.local/lib/python3.12/site-packages/airflow/example_dags/example_trigger_target_dag.py took 0.056 seconds
[2026-03-19T07:52:35.683+0000] {processor.py:161} INFO - Started process (PID=37332) to work on /home/airflow/.local/lib/python3.12/site-packages/airflow/example_dags/example_trigger_target_dag.py
[2026-03-19T07:52:35.684+0000] {processor.py:830} INFO - Processing file /home/airflow/.local/lib/python3.12/site-packages/airflow/example_dags/example_trigger_target_dag.py for tasks to queue
[2026-03-19T07:52:35.684+0000] {logging_mixin.py:188} INFO - [2026-03-19T07:52:35.684+0000] {dagbag.py:545} INFO - Filling up the DagBag from /home/airflow/.local/lib/python3.12/site-packages/airflow/example_dags/example_trigger_target_dag.py
[2026-03-19T07:52:35.689+0000] {processor.py:840} INFO - DAG(s) 'example_trigger_target_dag' retrieved from /home/airflow/.local/lib/python3.12/site-packages/airflow/example_dags/example_trigger_target_dag.py
[2026-03-19T07:52:35.713+0000] {logging_mixin.py:188} INFO - [2026-03-19T07:52:35.713+0000] {dag.py:3096} INFO - Sync 1 DAGs
[2026-03-19T07:52:35.721+0000] {logging_mixin.py:188} INFO - [2026-03-19T07:52:35.721+0000] {dag.py:3954} INFO - Setting next_dagrun for example_trigger_target_dag to None, run_after=None
[2026-03-19T07:52:35.738+0000] {processor.py:183} INFO - Processing /home/airflow/.local/lib/python3.12/site-packages/airflow/example_dags/example_trigger_target_dag.py took 0.060 seconds
[2026-03-19T07:53:06.384+0000] {processor.py:161} INFO - Started process (PID=37391) to work on /home/airflow/.local/lib/python3.12/site-packages/airflow/example_dags/example_trigger_target_dag.py
[2026-03-19T07:53:06.384+0000] {processor.py:830} INFO - Processing file /home/airflow/.local/lib/python3.12/site-packages/airflow/example_dags/example_trigger_target_dag.py for tasks to queue
[2026-03-19T07:53:06.385+0000] {logging_mixin.py:188} INFO - [2026-03-19T07:53:06.385+0000] {dagbag.py:545} INFO - Filling up the DagBag from /home/airflow/.local/lib/python3.12/site-packages/airflow/example_dags/example_trigger_target_dag.py
[2026-03-19T07:53:06.389+0000] {processor.py:840} INFO - DAG(s) 'example_trigger_target_dag' retrieved from /home/airflow/.local/lib/python3.12/site-packages/airflow/example_dags/example_trigger_target_dag.py
[2026-03-19T07:53:06.400+0000] {logging_mixin.py:188} INFO - [2026-03-19T07:53:06.400+0000] {dag.py:3096} INFO - Sync 1 DAGs
[2026-03-19T07:53:06.407+0000] {logging_mixin.py:188} INFO - [2026-03-19T07:53:06.407+0000] {dag.py:3954} INFO - Setting next_dagrun for example_trigger_target_dag to None, run_after=None
[2026-03-19T07:53:06.421+0000] {processor.py:183} INFO - Processing /home/airflow/.local/lib/python3.12/site-packages/airflow/example_dags/example_trigger_target_dag.py took 0.042 seconds
[2026-03-19T07:53:36.679+0000] {processor.py:161} INFO - Started process (PID=37450) to work on /home/airflow/.local/lib/python3.12/site-packages/airflow/example_dags/example_trigger_target_dag.py
[2026-03-19T07:53:36.680+0000] {processor.py:830} INFO - Processing file /home/airflow/.local/lib/python3.12/site-packages/airflow/example_dags/example_trigger_target_dag.py for tasks to queue
[2026-03-19T07:53:36.680+0000] {logging_mixin.py:188} INFO - [2026-03-19T07:53:36.680+0000] {dagbag.py:545} INFO - Filling up the DagBag from /home/airflow/.local/lib/python3.12/site-packages/airflow/example_dags/example_trigger_target_dag.py
[2026-03-19T07:53:36.688+0000] {processor.py:840} INFO - DAG(s) 'example_trigger_target_dag' retrieved from /home/airflow/.local/lib/python3.12/site-packages/airflow/example_dags/example_trigger_target_dag.py
[2026-03-19T07:53:36.718+0000] {logging_mixin.py:188} INFO - [2026-03-19T07:53:36.718+0000] {dag.py:3096} INFO - Sync 1 DAGs
[2026-03-19T07:53:36.735+0000] {logging_mixin.py:188} INFO - [2026-03-19T07:53:36.735+0000] {dag.py:3954} INFO - Setting next_dagrun for example_trigger_target_dag to None, run_after=None
[2026-03-19T07:53:36.769+0000] {processor.py:183} INFO - Processing /home/airflow/.local/lib/python3.12/site-packages/airflow/example_dags/example_trigger_target_dag.py took 0.095 seconds
[2026-03-19T07:54:07.161+0000] {processor.py:161} INFO - Started process (PID=37509) to work on /home/airflow/.local/lib/python3.12/site-packages/airflow/example_dags/example_trigger_target_dag.py
[2026-03-19T07:54:07.162+0000] {processor.py:830} INFO - Processing file /home/airflow/.local/lib/python3.12/site-packages/airflow/example_dags/example_trigger_target_dag.py for tasks to queue
[2026-03-19T07:54:07.166+0000] {logging_mixin.py:188} INFO - [2026-03-19T07:54:07.165+0000] {dagbag.py:545} INFO - Filling up the DagBag from /home/airflow/.local/lib/python3.12/site-packages/airflow/example_dags/example_trigger_target_dag.py
[2026-03-19T07:54:07.171+0000] {processor.py:840} INFO - DAG(s) 'example_trigger_target_dag' retrieved from /home/airflow/.local/lib/python3.12/site-packages/airflow/example_dags/example_trigger_target_dag.py
[2026-03-19T07:54:07.194+0000] {logging_mixin.py:188} INFO - [2026-03-19T07:54:07.194+0000] {dag.py:3096} INFO - Sync 1 DAGs
[2026-03-19T07:54:07.207+0000] {logging_mixin.py:188} INFO - [2026-03-19T07:54:07.207+0000] {dag.py:3954} INFO - Setting next_dagrun for example_trigger_target_dag to None, run_after=None
[2026-03-19T07:54:07.225+0000] {processor.py:183} INFO - Processing /home/airflow/.local/lib/python3.12/site-packages/airflow/example_dags/example_trigger_target_dag.py took 0.068 seconds
[2026-03-19T07:54:37.558+0000] {processor.py:161} INFO - Started process (PID=37568) to work on /home/airflow/.local/lib/python3.12/site-packages/airflow/example_dags/example_trigger_target_dag.py
[2026-03-19T07:54:37.559+0000] {processor.py:830} INFO - Processing file /home/airflow/.local/lib/python3.12/site-packages/airflow/example_dags/example_trigger_target_dag.py for tasks to queue
[2026-03-19T07:54:37.559+0000] {logging_mixin.py:188} INFO - [2026-03-19T07:54:37.559+0000] {dagbag.py:545} INFO - Filling up the DagBag from /home/airflow/.local/lib/python3.12/site-packages/airflow/example_dags/example_trigger_target_dag.py
[2026-03-19T07:54:37.563+0000] {processor.py:840} INFO - DAG(s) 'example_trigger_target_dag' retrieved from /home/airflow/.local/lib/python3.12/site-packages/airflow/example_dags/example_trigger_target_dag.py
[2026-03-19T07:54:37.576+0000] {logging_mixin.py:188} INFO - [2026-03-19T07:54:37.576+0000] {dag.py:3096} INFO - Sync 1 DAGs
[2026-03-19T07:54:37.583+0000] {logging_mixin.py:188} INFO - [2026-03-19T07:54:37.583+0000] {dag.py:3954} INFO - Setting next_dagrun for example_trigger_target_dag to None, run_after=None
[2026-03-19T07:54:37.602+0000] {processor.py:183} INFO - Processing /home/airflow/.local/lib/python3.12/site-packages/airflow/example_dags/example_trigger_target_dag.py took 0.048 seconds
[2026-03-19T07:55:07.896+0000] {processor.py:161} INFO - Started process (PID=37627) to work on /home/airflow/.local/lib/python3.12/site-packages/airflow/example_dags/example_trigger_target_dag.py
[2026-03-19T07:55:07.897+0000] {processor.py:830} INFO - Processing file /home/airflow/.local/lib/python3.12/site-packages/airflow/example_dags/example_trigger_target_dag.py for tasks to queue
[2026-03-19T07:55:07.897+0000] {logging_mixin.py:188} INFO - [2026-03-19T07:55:07.897+0000] {dagbag.py:545} INFO - Filling up the DagBag from /home/airflow/.local/lib/python3.12/site-packages/airflow/example_dags/example_trigger_target_dag.py
[2026-03-19T07:55:07.901+0000] {processor.py:840} INFO - DAG(s) 'example_trigger_target_dag' retrieved from /home/airflow/.local/lib/python3.12/site-packages/airflow/example_dags/example_trigger_target_dag.py
[2026-03-19T07:55:07.916+0000] {logging_mixin.py:188} INFO - [2026-03-19T07:55:07.916+0000] {dag.py:3096} INFO - Sync 1 DAGs
[2026-03-19T07:55:07.923+0000] {logging_mixin.py:188} INFO - [2026-03-19T07:55:07.923+0000] {dag.py:3954} INFO - Setting next_dagrun for example_trigger_target_dag to None, run_after=None
[2026-03-19T07:55:07.936+0000] {processor.py:183} INFO - Processing /home/airflow/.local/lib/python3.12/site-packages/airflow/example_dags/example_trigger_target_dag.py took 0.043 seconds
[2026-03-19T07:55:38.675+0000] {processor.py:161} INFO - Started process (PID=37686) to work on /home/airflow/.local/lib/python3.12/site-packages/airflow/example_dags/example_trigger_target_dag.py
[2026-03-19T07:55:38.675+0000] {processor.py:830} INFO - Processing file /home/airflow/.local/lib/python3.12/site-packages/airflow/example_dags/example_trigger_target_dag.py for tasks to queue
[2026-03-19T07:55:38.676+0000] {logging_mixin.py:188} INFO - [2026-03-19T07:55:38.676+0000] {dagbag.py:545} INFO - Filling up the DagBag from /home/airflow/.local/lib/python3.12/site-packages/airflow/example_dags/example_trigger_target_dag.py
[2026-03-19T07:55:38.680+0000] {processor.py:840} INFO - DAG(s) 'example_trigger_target_dag' retrieved from /home/airflow/.local/lib/python3.12/site-packages/airflow/example_dags/example_trigger_target_dag.py
[2026-03-19T07:55:38.695+0000] {logging_mixin.py:188} INFO - [2026-03-19T07:55:38.695+0000] {dag.py:3096} INFO - Sync 1 DAGs
[2026-03-19T07:55:38.704+0000] {logging_mixin.py:188} INFO - [2026-03-19T07:55:38.704+0000] {dag.py:3954} INFO - Setting next_dagrun for example_trigger_target_dag to None, run_after=None
[2026-03-19T07:55:38.720+0000] {processor.py:183} INFO - Processing /home/airflow/.local/lib/python3.12/site-packages/airflow/example_dags/example_trigger_target_dag.py took 0.049 seconds
[2026-03-19T07:56:09.190+0000] {processor.py:161} INFO - Started process (PID=37745) to work on /home/airflow/.local/lib/python3.12/site-packages/airflow/example_dags/example_trigger_target_dag.py
[2026-03-19T07:56:09.192+0000] {processor.py:830} INFO - Processing file /home/airflow/.local/lib/python3.12/site-packages/airflow/example_dags/example_trigger_target_dag.py for tasks to queue
[2026-03-19T07:56:09.194+0000] {logging_mixin.py:188} INFO - [2026-03-19T07:56:09.192+0000] {dagbag.py:545} INFO - Filling up the DagBag from /home/airflow/.local/lib/python3.12/site-packages/airflow/example_dags/example_trigger_target_dag.py
[2026-03-19T07:56:09.206+0000] {processor.py:840} INFO - DAG(s) 'example_trigger_target_dag' retrieved from /home/airflow/.local/lib/python3.12/site-packages/airflow/example_dags/example_trigger_target_dag.py
[2026-03-19T07:56:09.232+0000] {logging_mixin.py:188} INFO - [2026-03-19T07:56:09.232+0000] {dag.py:3096} INFO - Sync 1 DAGs
[2026-03-19T07:56:09.244+0000] {logging_mixin.py:188} INFO - [2026-03-19T07:56:09.243+0000] {dag.py:3954} INFO - Setting next_dagrun for example_trigger_target_dag to None, run_after=None
[2026-03-19T07:56:09.266+0000] {processor.py:183} INFO - Processing /home/airflow/.local/lib/python3.12/site-packages/airflow/example_dags/example_trigger_target_dag.py took 0.093 seconds
