[2026-03-19T00:12:45.675+0000] {processor.py:161} INFO - Started process (PID=35704) to work on /home/airflow/.local/lib/python3.12/site-packages/airflow/example_dags/example_external_task_marker_dag.py
[2026-03-19T00:12:45.676+0000] {processor.py:830} INFO - Processing file /home/airflow/.local/lib/python3.12/site-packages/airflow/example_dags/example_external_task_marker_dag.py for tasks to queue
[2026-03-19T00:12:45.677+0000] {logging_mixin.py:188} INFO - [2026-03-19T00:12:45.677+0000] {dagbag.py:545} INFO - Filling up the DagBag from /home/airflow/.local/lib/python3.12/site-packages/airflow/example_dags/example_external_task_marker_dag.py
[2026-03-19T00:12:45.681+0000] {processor.py:840} INFO - DAG(s) 'example_external_task_marker_parent', 'example_external_task_marker_child' retrieved from /home/airflow/.local/lib/python3.12/site-packages/airflow/example_dags/example_external_task_marker_dag.py
[2026-03-19T00:12:45.696+0000] {logging_mixin.py:188} INFO - [2026-03-19T00:12:45.696+0000] {dag.py:3096} INFO - Sync 2 DAGs
[2026-03-19T00:12:45.705+0000] {logging_mixin.py:188} INFO - [2026-03-19T00:12:45.704+0000] {dag.py:3954} INFO - Setting next_dagrun for example_external_task_marker_child to None, run_after=None
[2026-03-19T00:12:45.707+0000] {logging_mixin.py:188} INFO - [2026-03-19T00:12:45.707+0000] {dag.py:3954} INFO - Setting next_dagrun for example_external_task_marker_parent to None, run_after=None
[2026-03-19T00:12:45.717+0000] {processor.py:183} INFO - Processing /home/airflow/.local/lib/python3.12/site-packages/airflow/example_dags/example_external_task_marker_dag.py took 0.046 seconds
[2026-03-19T00:46:46.465+0000] {processor.py:161} INFO - Started process (PID=35763) to work on /home/airflow/.local/lib/python3.12/site-packages/airflow/example_dags/example_external_task_marker_dag.py
[2026-03-19T00:46:46.467+0000] {processor.py:830} INFO - Processing file /home/airflow/.local/lib/python3.12/site-packages/airflow/example_dags/example_external_task_marker_dag.py for tasks to queue
[2026-03-19T00:46:46.476+0000] {logging_mixin.py:188} INFO - [2026-03-19T00:46:46.473+0000] {dagbag.py:545} INFO - Filling up the DagBag from /home/airflow/.local/lib/python3.12/site-packages/airflow/example_dags/example_external_task_marker_dag.py
[2026-03-19T00:46:46.492+0000] {processor.py:840} INFO - DAG(s) 'example_external_task_marker_parent', 'example_external_task_marker_child' retrieved from /home/airflow/.local/lib/python3.12/site-packages/airflow/example_dags/example_external_task_marker_dag.py
[2026-03-19T00:46:46.562+0000] {logging_mixin.py:188} INFO - [2026-03-19T00:46:46.561+0000] {dag.py:3096} INFO - Sync 2 DAGs
[2026-03-19T00:46:46.584+0000] {logging_mixin.py:188} INFO - [2026-03-19T00:46:46.584+0000] {dag.py:3954} INFO - Setting next_dagrun for example_external_task_marker_child to None, run_after=None
[2026-03-19T00:46:46.587+0000] {logging_mixin.py:188} INFO - [2026-03-19T00:46:46.587+0000] {dag.py:3954} INFO - Setting next_dagrun for example_external_task_marker_parent to None, run_after=None
[2026-03-19T00:46:46.615+0000] {processor.py:183} INFO - Processing /home/airflow/.local/lib/python3.12/site-packages/airflow/example_dags/example_external_task_marker_dag.py took 0.160 seconds
[2026-03-19T01:13:45.120+0000] {processor.py:161} INFO - Started process (PID=35830) to work on /home/airflow/.local/lib/python3.12/site-packages/airflow/example_dags/example_external_task_marker_dag.py
[2026-03-19T01:13:45.122+0000] {processor.py:830} INFO - Processing file /home/airflow/.local/lib/python3.12/site-packages/airflow/example_dags/example_external_task_marker_dag.py for tasks to queue
[2026-03-19T01:13:45.125+0000] {logging_mixin.py:188} INFO - [2026-03-19T01:13:45.125+0000] {dagbag.py:545} INFO - Filling up the DagBag from /home/airflow/.local/lib/python3.12/site-packages/airflow/example_dags/example_external_task_marker_dag.py
[2026-03-19T01:13:45.140+0000] {processor.py:840} INFO - DAG(s) 'example_external_task_marker_child', 'example_external_task_marker_parent' retrieved from /home/airflow/.local/lib/python3.12/site-packages/airflow/example_dags/example_external_task_marker_dag.py
[2026-03-19T01:13:45.176+0000] {logging_mixin.py:188} INFO - [2026-03-19T01:13:45.176+0000] {dag.py:3096} INFO - Sync 2 DAGs
[2026-03-19T01:13:45.196+0000] {logging_mixin.py:188} INFO - [2026-03-19T01:13:45.196+0000] {dag.py:3954} INFO - Setting next_dagrun for example_external_task_marker_child to None, run_after=None
[2026-03-19T01:13:45.201+0000] {logging_mixin.py:188} INFO - [2026-03-19T01:13:45.201+0000] {dag.py:3954} INFO - Setting next_dagrun for example_external_task_marker_parent to None, run_after=None
[2026-03-19T01:13:45.224+0000] {processor.py:183} INFO - Processing /home/airflow/.local/lib/python3.12/site-packages/airflow/example_dags/example_external_task_marker_dag.py took 0.110 seconds
[2026-03-19T01:31:24.027+0000] {processor.py:161} INFO - Started process (PID=35903) to work on /home/airflow/.local/lib/python3.12/site-packages/airflow/example_dags/example_external_task_marker_dag.py
[2026-03-19T01:31:24.037+0000] {processor.py:830} INFO - Processing file /home/airflow/.local/lib/python3.12/site-packages/airflow/example_dags/example_external_task_marker_dag.py for tasks to queue
[2026-03-19T01:31:24.071+0000] {logging_mixin.py:188} INFO - [2026-03-19T01:31:24.068+0000] {dagbag.py:545} INFO - Filling up the DagBag from /home/airflow/.local/lib/python3.12/site-packages/airflow/example_dags/example_external_task_marker_dag.py
[2026-03-19T01:31:24.189+0000] {processor.py:840} INFO - DAG(s) 'example_external_task_marker_parent', 'example_external_task_marker_child' retrieved from /home/airflow/.local/lib/python3.12/site-packages/airflow/example_dags/example_external_task_marker_dag.py
[2026-03-19T01:31:24.473+0000] {logging_mixin.py:188} INFO - [2026-03-19T01:31:24.471+0000] {dag.py:3096} INFO - Sync 2 DAGs
[2026-03-19T02:15:13.213+0000] {processor.py:161} INFO - Started process (PID=35961) to work on /home/airflow/.local/lib/python3.12/site-packages/airflow/example_dags/example_external_task_marker_dag.py
[2026-03-19T02:15:13.214+0000] {processor.py:830} INFO - Processing file /home/airflow/.local/lib/python3.12/site-packages/airflow/example_dags/example_external_task_marker_dag.py for tasks to queue
[2026-03-19T02:15:13.216+0000] {logging_mixin.py:188} INFO - [2026-03-19T02:15:13.216+0000] {dagbag.py:545} INFO - Filling up the DagBag from /home/airflow/.local/lib/python3.12/site-packages/airflow/example_dags/example_external_task_marker_dag.py
[2026-03-19T02:15:13.232+0000] {processor.py:840} INFO - DAG(s) 'example_external_task_marker_child', 'example_external_task_marker_parent' retrieved from /home/airflow/.local/lib/python3.12/site-packages/airflow/example_dags/example_external_task_marker_dag.py
[2026-03-19T02:15:13.624+0000] {logging_mixin.py:188} INFO - [2026-03-19T02:15:13.622+0000] {dag.py:3096} INFO - Sync 2 DAGs
[2026-03-19T02:15:13.654+0000] {logging_mixin.py:188} INFO - [2026-03-19T02:15:13.654+0000] {dag.py:3954} INFO - Setting next_dagrun for example_external_task_marker_child to None, run_after=None
[2026-03-19T02:15:13.662+0000] {logging_mixin.py:188} INFO - [2026-03-19T02:15:13.662+0000] {dag.py:3954} INFO - Setting next_dagrun for example_external_task_marker_parent to None, run_after=None
[2026-03-19T02:15:13.719+0000] {processor.py:183} INFO - Processing /home/airflow/.local/lib/python3.12/site-packages/airflow/example_dags/example_external_task_marker_dag.py took 0.519 seconds
[2026-03-19T03:06:10.349+0000] {processor.py:161} INFO - Started process (PID=36051) to work on /home/airflow/.local/lib/python3.12/site-packages/airflow/example_dags/example_external_task_marker_dag.py
[2026-03-19T03:06:10.353+0000] {processor.py:830} INFO - Processing file /home/airflow/.local/lib/python3.12/site-packages/airflow/example_dags/example_external_task_marker_dag.py for tasks to queue
[2026-03-19T03:06:10.355+0000] {logging_mixin.py:188} INFO - [2026-03-19T03:06:10.354+0000] {dagbag.py:545} INFO - Filling up the DagBag from /home/airflow/.local/lib/python3.12/site-packages/airflow/example_dags/example_external_task_marker_dag.py
[2026-03-19T03:06:10.370+0000] {processor.py:840} INFO - DAG(s) 'example_external_task_marker_child', 'example_external_task_marker_parent' retrieved from /home/airflow/.local/lib/python3.12/site-packages/airflow/example_dags/example_external_task_marker_dag.py
[2026-03-19T03:06:10.450+0000] {logging_mixin.py:188} INFO - [2026-03-19T03:06:10.449+0000] {dag.py:3096} INFO - Sync 2 DAGs
[2026-03-19T03:06:10.495+0000] {logging_mixin.py:188} INFO - [2026-03-19T03:06:10.493+0000] {dag.py:3954} INFO - Setting next_dagrun for example_external_task_marker_child to None, run_after=None
[2026-03-19T03:06:10.508+0000] {logging_mixin.py:188} INFO - [2026-03-19T03:06:10.507+0000] {dag.py:3954} INFO - Setting next_dagrun for example_external_task_marker_parent to None, run_after=None
[2026-03-19T03:06:10.621+0000] {processor.py:183} INFO - Processing /home/airflow/.local/lib/python3.12/site-packages/airflow/example_dags/example_external_task_marker_dag.py took 0.289 seconds
[2026-03-19T03:06:41.568+0000] {processor.py:161} INFO - Started process (PID=36118) to work on /home/airflow/.local/lib/python3.12/site-packages/airflow/example_dags/example_external_task_marker_dag.py
[2026-03-19T03:06:41.570+0000] {processor.py:830} INFO - Processing file /home/airflow/.local/lib/python3.12/site-packages/airflow/example_dags/example_external_task_marker_dag.py for tasks to queue
[2026-03-19T03:06:41.571+0000] {logging_mixin.py:188} INFO - [2026-03-19T03:06:41.571+0000] {dagbag.py:545} INFO - Filling up the DagBag from /home/airflow/.local/lib/python3.12/site-packages/airflow/example_dags/example_external_task_marker_dag.py
[2026-03-19T03:06:41.583+0000] {processor.py:840} INFO - DAG(s) 'example_external_task_marker_parent', 'example_external_task_marker_child' retrieved from /home/airflow/.local/lib/python3.12/site-packages/airflow/example_dags/example_external_task_marker_dag.py
[2026-03-19T03:06:41.611+0000] {logging_mixin.py:188} INFO - [2026-03-19T03:06:41.610+0000] {dag.py:3096} INFO - Sync 2 DAGs
[2026-03-19T03:06:41.621+0000] {logging_mixin.py:188} INFO - [2026-03-19T03:06:41.621+0000] {dag.py:3954} INFO - Setting next_dagrun for example_external_task_marker_child to None, run_after=None
[2026-03-19T03:06:41.626+0000] {logging_mixin.py:188} INFO - [2026-03-19T03:06:41.626+0000] {dag.py:3954} INFO - Setting next_dagrun for example_external_task_marker_parent to None, run_after=None
[2026-03-19T03:06:41.638+0000] {processor.py:183} INFO - Processing /home/airflow/.local/lib/python3.12/site-packages/airflow/example_dags/example_external_task_marker_dag.py took 0.076 seconds
[2026-03-19T03:15:42.935+0000] {processor.py:161} INFO - Started process (PID=36177) to work on /home/airflow/.local/lib/python3.12/site-packages/airflow/example_dags/example_external_task_marker_dag.py
[2026-03-19T03:15:42.937+0000] {processor.py:830} INFO - Processing file /home/airflow/.local/lib/python3.12/site-packages/airflow/example_dags/example_external_task_marker_dag.py for tasks to queue
[2026-03-19T03:15:42.937+0000] {logging_mixin.py:188} INFO - [2026-03-19T03:15:42.937+0000] {dagbag.py:545} INFO - Filling up the DagBag from /home/airflow/.local/lib/python3.12/site-packages/airflow/example_dags/example_external_task_marker_dag.py
[2026-03-19T03:15:42.944+0000] {processor.py:840} INFO - DAG(s) 'example_external_task_marker_parent', 'example_external_task_marker_child' retrieved from /home/airflow/.local/lib/python3.12/site-packages/airflow/example_dags/example_external_task_marker_dag.py
[2026-03-19T03:15:42.973+0000] {logging_mixin.py:188} INFO - [2026-03-19T03:15:42.972+0000] {dag.py:3096} INFO - Sync 2 DAGs
[2026-03-19T03:15:42.994+0000] {logging_mixin.py:188} INFO - [2026-03-19T03:15:42.994+0000] {dag.py:3954} INFO - Setting next_dagrun for example_external_task_marker_child to None, run_after=None
[2026-03-19T03:15:43.002+0000] {logging_mixin.py:188} INFO - [2026-03-19T03:15:43.002+0000] {dag.py:3954} INFO - Setting next_dagrun for example_external_task_marker_parent to None, run_after=None
[2026-03-19T03:15:43.019+0000] {processor.py:183} INFO - Processing /home/airflow/.local/lib/python3.12/site-packages/airflow/example_dags/example_external_task_marker_dag.py took 0.091 seconds
[2026-03-19T03:32:05.459+0000] {processor.py:161} INFO - Started process (PID=36236) to work on /home/airflow/.local/lib/python3.12/site-packages/airflow/example_dags/example_external_task_marker_dag.py
[2026-03-19T03:32:05.466+0000] {processor.py:830} INFO - Processing file /home/airflow/.local/lib/python3.12/site-packages/airflow/example_dags/example_external_task_marker_dag.py for tasks to queue
[2026-03-19T03:32:05.470+0000] {logging_mixin.py:188} INFO - [2026-03-19T03:32:05.468+0000] {dagbag.py:545} INFO - Filling up the DagBag from /home/airflow/.local/lib/python3.12/site-packages/airflow/example_dags/example_external_task_marker_dag.py
[2026-03-19T03:32:05.496+0000] {processor.py:840} INFO - DAG(s) 'example_external_task_marker_child', 'example_external_task_marker_parent' retrieved from /home/airflow/.local/lib/python3.12/site-packages/airflow/example_dags/example_external_task_marker_dag.py
[2026-03-19T03:32:05.592+0000] {logging_mixin.py:188} INFO - [2026-03-19T03:32:05.591+0000] {dag.py:3096} INFO - Sync 2 DAGs
[2026-03-19T03:32:05.662+0000] {logging_mixin.py:188} INFO - [2026-03-19T03:32:05.662+0000] {dag.py:3954} INFO - Setting next_dagrun for example_external_task_marker_child to None, run_after=None
[2026-03-19T03:32:05.672+0000] {logging_mixin.py:188} INFO - [2026-03-19T03:32:05.672+0000] {dag.py:3954} INFO - Setting next_dagrun for example_external_task_marker_parent to None, run_after=None
[2026-03-19T03:32:05.701+0000] {processor.py:183} INFO - Processing /home/airflow/.local/lib/python3.12/site-packages/airflow/example_dags/example_external_task_marker_dag.py took 0.274 seconds
[2026-03-19T04:16:43.914+0000] {processor.py:161} INFO - Started process (PID=36303) to work on /home/airflow/.local/lib/python3.12/site-packages/airflow/example_dags/example_external_task_marker_dag.py
[2026-03-19T04:16:43.916+0000] {processor.py:830} INFO - Processing file /home/airflow/.local/lib/python3.12/site-packages/airflow/example_dags/example_external_task_marker_dag.py for tasks to queue
[2026-03-19T04:16:43.917+0000] {logging_mixin.py:188} INFO - [2026-03-19T04:16:43.917+0000] {dagbag.py:545} INFO - Filling up the DagBag from /home/airflow/.local/lib/python3.12/site-packages/airflow/example_dags/example_external_task_marker_dag.py
[2026-03-19T04:16:43.923+0000] {processor.py:840} INFO - DAG(s) 'example_external_task_marker_child', 'example_external_task_marker_parent' retrieved from /home/airflow/.local/lib/python3.12/site-packages/airflow/example_dags/example_external_task_marker_dag.py
[2026-03-19T04:16:43.947+0000] {logging_mixin.py:188} INFO - [2026-03-19T04:16:43.946+0000] {dag.py:3096} INFO - Sync 2 DAGs
[2026-03-19T04:16:43.962+0000] {logging_mixin.py:188} INFO - [2026-03-19T04:16:43.962+0000] {dag.py:3954} INFO - Setting next_dagrun for example_external_task_marker_child to None, run_after=None
[2026-03-19T04:16:43.966+0000] {logging_mixin.py:188} INFO - [2026-03-19T04:16:43.966+0000] {dag.py:3954} INFO - Setting next_dagrun for example_external_task_marker_parent to None, run_after=None
[2026-03-19T04:16:43.987+0000] {processor.py:183} INFO - Processing /home/airflow/.local/lib/python3.12/site-packages/airflow/example_dags/example_external_task_marker_dag.py took 0.079 seconds
[2026-03-19T04:17:17.618+0000] {processor.py:161} INFO - Started process (PID=36370) to work on /home/airflow/.local/lib/python3.12/site-packages/airflow/example_dags/example_external_task_marker_dag.py
[2026-03-19T04:17:17.622+0000] {processor.py:830} INFO - Processing file /home/airflow/.local/lib/python3.12/site-packages/airflow/example_dags/example_external_task_marker_dag.py for tasks to queue
[2026-03-19T04:17:17.624+0000] {logging_mixin.py:188} INFO - [2026-03-19T04:17:17.624+0000] {dagbag.py:545} INFO - Filling up the DagBag from /home/airflow/.local/lib/python3.12/site-packages/airflow/example_dags/example_external_task_marker_dag.py
[2026-03-19T04:17:17.640+0000] {processor.py:840} INFO - DAG(s) 'example_external_task_marker_child', 'example_external_task_marker_parent' retrieved from /home/airflow/.local/lib/python3.12/site-packages/airflow/example_dags/example_external_task_marker_dag.py
[2026-03-19T04:17:17.709+0000] {logging_mixin.py:188} INFO - [2026-03-19T04:17:17.708+0000] {dag.py:3096} INFO - Sync 2 DAGs
[2026-03-19T04:17:17.755+0000] {logging_mixin.py:188} INFO - [2026-03-19T04:17:17.754+0000] {dag.py:3954} INFO - Setting next_dagrun for example_external_task_marker_child to None, run_after=None
[2026-03-19T04:17:17.765+0000] {logging_mixin.py:188} INFO - [2026-03-19T04:17:17.765+0000] {dag.py:3954} INFO - Setting next_dagrun for example_external_task_marker_parent to None, run_after=None
[2026-03-19T04:17:17.804+0000] {processor.py:183} INFO - Processing /home/airflow/.local/lib/python3.12/site-packages/airflow/example_dags/example_external_task_marker_dag.py took 0.193 seconds
[2026-03-19T05:17:37.636+0000] {processor.py:161} INFO - Started process (PID=36429) to work on /home/airflow/.local/lib/python3.12/site-packages/airflow/example_dags/example_external_task_marker_dag.py
[2026-03-19T05:17:37.637+0000] {processor.py:830} INFO - Processing file /home/airflow/.local/lib/python3.12/site-packages/airflow/example_dags/example_external_task_marker_dag.py for tasks to queue
[2026-03-19T05:17:37.637+0000] {logging_mixin.py:188} INFO - [2026-03-19T05:17:37.637+0000] {dagbag.py:545} INFO - Filling up the DagBag from /home/airflow/.local/lib/python3.12/site-packages/airflow/example_dags/example_external_task_marker_dag.py
[2026-03-19T05:17:37.643+0000] {processor.py:840} INFO - DAG(s) 'example_external_task_marker_parent', 'example_external_task_marker_child' retrieved from /home/airflow/.local/lib/python3.12/site-packages/airflow/example_dags/example_external_task_marker_dag.py
[2026-03-19T05:17:37.669+0000] {logging_mixin.py:188} INFO - [2026-03-19T05:17:37.669+0000] {dag.py:3096} INFO - Sync 2 DAGs
[2026-03-19T05:17:37.686+0000] {logging_mixin.py:188} INFO - [2026-03-19T05:17:37.686+0000] {dag.py:3954} INFO - Setting next_dagrun for example_external_task_marker_child to None, run_after=None
[2026-03-19T05:17:37.689+0000] {logging_mixin.py:188} INFO - [2026-03-19T05:17:37.689+0000] {dag.py:3954} INFO - Setting next_dagrun for example_external_task_marker_parent to None, run_after=None
[2026-03-19T05:17:37.704+0000] {processor.py:183} INFO - Processing /home/airflow/.local/lib/python3.12/site-packages/airflow/example_dags/example_external_task_marker_dag.py took 0.074 seconds
[2026-03-19T05:18:07.950+0000] {processor.py:161} INFO - Started process (PID=36488) to work on /home/airflow/.local/lib/python3.12/site-packages/airflow/example_dags/example_external_task_marker_dag.py
[2026-03-19T05:18:07.953+0000] {processor.py:830} INFO - Processing file /home/airflow/.local/lib/python3.12/site-packages/airflow/example_dags/example_external_task_marker_dag.py for tasks to queue
[2026-03-19T05:18:07.954+0000] {logging_mixin.py:188} INFO - [2026-03-19T05:18:07.954+0000] {dagbag.py:545} INFO - Filling up the DagBag from /home/airflow/.local/lib/python3.12/site-packages/airflow/example_dags/example_external_task_marker_dag.py
[2026-03-19T05:18:07.969+0000] {processor.py:840} INFO - DAG(s) 'example_external_task_marker_child', 'example_external_task_marker_parent' retrieved from /home/airflow/.local/lib/python3.12/site-packages/airflow/example_dags/example_external_task_marker_dag.py
[2026-03-19T05:18:08.017+0000] {logging_mixin.py:188} INFO - [2026-03-19T05:18:08.017+0000] {dag.py:3096} INFO - Sync 2 DAGs
[2026-03-19T05:18:08.039+0000] {logging_mixin.py:188} INFO - [2026-03-19T05:18:08.038+0000] {dag.py:3954} INFO - Setting next_dagrun for example_external_task_marker_child to None, run_after=None
[2026-03-19T05:18:08.045+0000] {logging_mixin.py:188} INFO - [2026-03-19T05:18:08.045+0000] {dag.py:3954} INFO - Setting next_dagrun for example_external_task_marker_parent to None, run_after=None
[2026-03-19T05:18:08.081+0000] {processor.py:183} INFO - Processing /home/airflow/.local/lib/python3.12/site-packages/airflow/example_dags/example_external_task_marker_dag.py took 0.143 seconds
[2026-03-19T06:18:36.769+0000] {processor.py:161} INFO - Started process (PID=36547) to work on /home/airflow/.local/lib/python3.12/site-packages/airflow/example_dags/example_external_task_marker_dag.py
[2026-03-19T06:18:36.771+0000] {processor.py:830} INFO - Processing file /home/airflow/.local/lib/python3.12/site-packages/airflow/example_dags/example_external_task_marker_dag.py for tasks to queue
[2026-03-19T06:18:36.772+0000] {logging_mixin.py:188} INFO - [2026-03-19T06:18:36.772+0000] {dagbag.py:545} INFO - Filling up the DagBag from /home/airflow/.local/lib/python3.12/site-packages/airflow/example_dags/example_external_task_marker_dag.py
[2026-03-19T06:18:36.785+0000] {processor.py:840} INFO - DAG(s) 'example_external_task_marker_parent', 'example_external_task_marker_child' retrieved from /home/airflow/.local/lib/python3.12/site-packages/airflow/example_dags/example_external_task_marker_dag.py
[2026-03-19T06:18:36.824+0000] {logging_mixin.py:188} INFO - [2026-03-19T06:18:36.824+0000] {dag.py:3096} INFO - Sync 2 DAGs
[2026-03-19T06:18:36.841+0000] {logging_mixin.py:188} INFO - [2026-03-19T06:18:36.841+0000] {dag.py:3954} INFO - Setting next_dagrun for example_external_task_marker_child to None, run_after=None
[2026-03-19T06:18:36.846+0000] {logging_mixin.py:188} INFO - [2026-03-19T06:18:36.846+0000] {dag.py:3954} INFO - Setting next_dagrun for example_external_task_marker_parent to None, run_after=None
[2026-03-19T06:18:36.871+0000] {processor.py:183} INFO - Processing /home/airflow/.local/lib/python3.12/site-packages/airflow/example_dags/example_external_task_marker_dag.py took 0.110 seconds
[2026-03-19T06:19:07.534+0000] {processor.py:161} INFO - Started process (PID=36614) to work on /home/airflow/.local/lib/python3.12/site-packages/airflow/example_dags/example_external_task_marker_dag.py
[2026-03-19T06:19:07.535+0000] {processor.py:830} INFO - Processing file /home/airflow/.local/lib/python3.12/site-packages/airflow/example_dags/example_external_task_marker_dag.py for tasks to queue
[2026-03-19T06:19:07.536+0000] {logging_mixin.py:188} INFO - [2026-03-19T06:19:07.535+0000] {dagbag.py:545} INFO - Filling up the DagBag from /home/airflow/.local/lib/python3.12/site-packages/airflow/example_dags/example_external_task_marker_dag.py
[2026-03-19T06:19:07.542+0000] {processor.py:840} INFO - DAG(s) 'example_external_task_marker_parent', 'example_external_task_marker_child' retrieved from /home/airflow/.local/lib/python3.12/site-packages/airflow/example_dags/example_external_task_marker_dag.py
[2026-03-19T06:19:07.564+0000] {logging_mixin.py:188} INFO - [2026-03-19T06:19:07.563+0000] {dag.py:3096} INFO - Sync 2 DAGs
[2026-03-19T06:19:07.575+0000] {logging_mixin.py:188} INFO - [2026-03-19T06:19:07.575+0000] {dag.py:3954} INFO - Setting next_dagrun for example_external_task_marker_child to None, run_after=None
[2026-03-19T06:19:07.578+0000] {logging_mixin.py:188} INFO - [2026-03-19T06:19:07.578+0000] {dag.py:3954} INFO - Setting next_dagrun for example_external_task_marker_parent to None, run_after=None
[2026-03-19T06:19:07.588+0000] {processor.py:183} INFO - Processing /home/airflow/.local/lib/python3.12/site-packages/airflow/example_dags/example_external_task_marker_dag.py took 0.059 seconds
[2026-03-19T07:19:36.288+0000] {processor.py:161} INFO - Started process (PID=36673) to work on /home/airflow/.local/lib/python3.12/site-packages/airflow/example_dags/example_external_task_marker_dag.py
[2026-03-19T07:19:36.291+0000] {processor.py:830} INFO - Processing file /home/airflow/.local/lib/python3.12/site-packages/airflow/example_dags/example_external_task_marker_dag.py for tasks to queue
[2026-03-19T07:19:36.292+0000] {logging_mixin.py:188} INFO - [2026-03-19T07:19:36.292+0000] {dagbag.py:545} INFO - Filling up the DagBag from /home/airflow/.local/lib/python3.12/site-packages/airflow/example_dags/example_external_task_marker_dag.py
[2026-03-19T07:19:36.304+0000] {processor.py:840} INFO - DAG(s) 'example_external_task_marker_child', 'example_external_task_marker_parent' retrieved from /home/airflow/.local/lib/python3.12/site-packages/airflow/example_dags/example_external_task_marker_dag.py
[2026-03-19T07:19:36.365+0000] {logging_mixin.py:188} INFO - [2026-03-19T07:19:36.365+0000] {dag.py:3096} INFO - Sync 2 DAGs
[2026-03-19T07:19:36.391+0000] {logging_mixin.py:188} INFO - [2026-03-19T07:19:36.391+0000] {dag.py:3954} INFO - Setting next_dagrun for example_external_task_marker_child to None, run_after=None
[2026-03-19T07:19:36.399+0000] {logging_mixin.py:188} INFO - [2026-03-19T07:19:36.398+0000] {dag.py:3954} INFO - Setting next_dagrun for example_external_task_marker_parent to None, run_after=None
[2026-03-19T07:19:36.437+0000] {processor.py:183} INFO - Processing /home/airflow/.local/lib/python3.12/site-packages/airflow/example_dags/example_external_task_marker_dag.py took 0.169 seconds
[2026-03-19T07:20:06.769+0000] {processor.py:161} INFO - Started process (PID=36740) to work on /home/airflow/.local/lib/python3.12/site-packages/airflow/example_dags/example_external_task_marker_dag.py
[2026-03-19T07:20:06.770+0000] {processor.py:830} INFO - Processing file /home/airflow/.local/lib/python3.12/site-packages/airflow/example_dags/example_external_task_marker_dag.py for tasks to queue
[2026-03-19T07:20:06.770+0000] {logging_mixin.py:188} INFO - [2026-03-19T07:20:06.770+0000] {dagbag.py:545} INFO - Filling up the DagBag from /home/airflow/.local/lib/python3.12/site-packages/airflow/example_dags/example_external_task_marker_dag.py
[2026-03-19T07:20:06.774+0000] {processor.py:840} INFO - DAG(s) 'example_external_task_marker_parent', 'example_external_task_marker_child' retrieved from /home/airflow/.local/lib/python3.12/site-packages/airflow/example_dags/example_external_task_marker_dag.py
[2026-03-19T07:20:06.786+0000] {logging_mixin.py:188} INFO - [2026-03-19T07:20:06.786+0000] {dag.py:3096} INFO - Sync 2 DAGs
[2026-03-19T07:20:06.793+0000] {logging_mixin.py:188} INFO - [2026-03-19T07:20:06.793+0000] {dag.py:3954} INFO - Setting next_dagrun for example_external_task_marker_child to None, run_after=None
[2026-03-19T07:20:06.795+0000] {logging_mixin.py:188} INFO - [2026-03-19T07:20:06.795+0000] {dag.py:3954} INFO - Setting next_dagrun for example_external_task_marker_parent to None, run_after=None
[2026-03-19T07:20:06.807+0000] {processor.py:183} INFO - Processing /home/airflow/.local/lib/python3.12/site-packages/airflow/example_dags/example_external_task_marker_dag.py took 0.041 seconds
[2026-03-19T07:37:30.853+0000] {processor.py:161} INFO - Started process (PID=36799) to work on /home/airflow/.local/lib/python3.12/site-packages/airflow/example_dags/example_external_task_marker_dag.py
[2026-03-19T07:37:30.855+0000] {processor.py:830} INFO - Processing file /home/airflow/.local/lib/python3.12/site-packages/airflow/example_dags/example_external_task_marker_dag.py for tasks to queue
[2026-03-19T07:37:30.855+0000] {logging_mixin.py:188} INFO - [2026-03-19T07:37:30.855+0000] {dagbag.py:545} INFO - Filling up the DagBag from /home/airflow/.local/lib/python3.12/site-packages/airflow/example_dags/example_external_task_marker_dag.py
[2026-03-19T07:37:30.861+0000] {processor.py:840} INFO - DAG(s) 'example_external_task_marker_parent', 'example_external_task_marker_child' retrieved from /home/airflow/.local/lib/python3.12/site-packages/airflow/example_dags/example_external_task_marker_dag.py
[2026-03-19T07:37:30.881+0000] {logging_mixin.py:188} INFO - [2026-03-19T07:37:30.881+0000] {dag.py:3096} INFO - Sync 2 DAGs
[2026-03-19T07:37:30.894+0000] {logging_mixin.py:188} INFO - [2026-03-19T07:37:30.893+0000] {dag.py:3954} INFO - Setting next_dagrun for example_external_task_marker_child to None, run_after=None
[2026-03-19T07:37:30.898+0000] {logging_mixin.py:188} INFO - [2026-03-19T07:37:30.898+0000] {dag.py:3954} INFO - Setting next_dagrun for example_external_task_marker_parent to None, run_after=None
[2026-03-19T07:37:30.913+0000] {processor.py:183} INFO - Processing /home/airflow/.local/lib/python3.12/site-packages/airflow/example_dags/example_external_task_marker_dag.py took 0.068 seconds
[2026-03-19T07:38:05.225+0000] {processor.py:161} INFO - Started process (PID=36866) to work on /home/airflow/.local/lib/python3.12/site-packages/airflow/example_dags/example_external_task_marker_dag.py
[2026-03-19T07:38:05.230+0000] {processor.py:830} INFO - Processing file /home/airflow/.local/lib/python3.12/site-packages/airflow/example_dags/example_external_task_marker_dag.py for tasks to queue
[2026-03-19T07:38:05.232+0000] {logging_mixin.py:188} INFO - [2026-03-19T07:38:05.232+0000] {dagbag.py:545} INFO - Filling up the DagBag from /home/airflow/.local/lib/python3.12/site-packages/airflow/example_dags/example_external_task_marker_dag.py
[2026-03-19T07:38:05.248+0000] {processor.py:840} INFO - DAG(s) 'example_external_task_marker_parent', 'example_external_task_marker_child' retrieved from /home/airflow/.local/lib/python3.12/site-packages/airflow/example_dags/example_external_task_marker_dag.py
[2026-03-19T07:38:05.304+0000] {logging_mixin.py:188} INFO - [2026-03-19T07:38:05.303+0000] {dag.py:3096} INFO - Sync 2 DAGs
[2026-03-19T07:38:05.331+0000] {logging_mixin.py:188} INFO - [2026-03-19T07:38:05.330+0000] {dag.py:3954} INFO - Setting next_dagrun for example_external_task_marker_child to None, run_after=None
[2026-03-19T07:38:05.336+0000] {logging_mixin.py:188} INFO - [2026-03-19T07:38:05.336+0000] {dag.py:3954} INFO - Setting next_dagrun for example_external_task_marker_parent to None, run_after=None
[2026-03-19T07:38:05.371+0000] {processor.py:183} INFO - Processing /home/airflow/.local/lib/python3.12/site-packages/airflow/example_dags/example_external_task_marker_dag.py took 0.177 seconds
[2026-03-19T07:48:56.773+0000] {processor.py:161} INFO - Started process (PID=36925) to work on /home/airflow/.local/lib/python3.12/site-packages/airflow/example_dags/example_external_task_marker_dag.py
[2026-03-19T07:48:56.778+0000] {processor.py:830} INFO - Processing file /home/airflow/.local/lib/python3.12/site-packages/airflow/example_dags/example_external_task_marker_dag.py for tasks to queue
[2026-03-19T07:48:56.779+0000] {logging_mixin.py:188} INFO - [2026-03-19T07:48:56.779+0000] {dagbag.py:545} INFO - Filling up the DagBag from /home/airflow/.local/lib/python3.12/site-packages/airflow/example_dags/example_external_task_marker_dag.py
[2026-03-19T07:48:56.786+0000] {processor.py:840} INFO - DAG(s) 'example_external_task_marker_child', 'example_external_task_marker_parent' retrieved from /home/airflow/.local/lib/python3.12/site-packages/airflow/example_dags/example_external_task_marker_dag.py
[2026-03-19T07:48:56.809+0000] {logging_mixin.py:188} INFO - [2026-03-19T07:48:56.809+0000] {dag.py:3096} INFO - Sync 2 DAGs
[2026-03-19T07:48:56.821+0000] {logging_mixin.py:188} INFO - [2026-03-19T07:48:56.821+0000] {dag.py:3954} INFO - Setting next_dagrun for example_external_task_marker_child to None, run_after=None
[2026-03-19T07:48:56.825+0000] {logging_mixin.py:188} INFO - [2026-03-19T07:48:56.825+0000] {dag.py:3954} INFO - Setting next_dagrun for example_external_task_marker_parent to None, run_after=None
[2026-03-19T07:48:56.847+0000] {processor.py:183} INFO - Processing /home/airflow/.local/lib/python3.12/site-packages/airflow/example_dags/example_external_task_marker_dag.py took 0.079 seconds
[2026-03-19T07:49:28.928+0000] {processor.py:161} INFO - Started process (PID=36984) to work on /home/airflow/.local/lib/python3.12/site-packages/airflow/example_dags/example_external_task_marker_dag.py
[2026-03-19T07:49:28.929+0000] {processor.py:830} INFO - Processing file /home/airflow/.local/lib/python3.12/site-packages/airflow/example_dags/example_external_task_marker_dag.py for tasks to queue
[2026-03-19T07:49:28.930+0000] {logging_mixin.py:188} INFO - [2026-03-19T07:49:28.930+0000] {dagbag.py:545} INFO - Filling up the DagBag from /home/airflow/.local/lib/python3.12/site-packages/airflow/example_dags/example_external_task_marker_dag.py
[2026-03-19T07:49:28.934+0000] {processor.py:840} INFO - DAG(s) 'example_external_task_marker_child', 'example_external_task_marker_parent' retrieved from /home/airflow/.local/lib/python3.12/site-packages/airflow/example_dags/example_external_task_marker_dag.py
[2026-03-19T07:49:28.951+0000] {logging_mixin.py:188} INFO - [2026-03-19T07:49:28.951+0000] {dag.py:3096} INFO - Sync 2 DAGs
[2026-03-19T07:49:28.960+0000] {logging_mixin.py:188} INFO - [2026-03-19T07:49:28.960+0000] {dag.py:3954} INFO - Setting next_dagrun for example_external_task_marker_child to None, run_after=None
[2026-03-19T07:49:28.963+0000] {logging_mixin.py:188} INFO - [2026-03-19T07:49:28.962+0000] {dag.py:3954} INFO - Setting next_dagrun for example_external_task_marker_parent to None, run_after=None
[2026-03-19T07:49:28.972+0000] {processor.py:183} INFO - Processing /home/airflow/.local/lib/python3.12/site-packages/airflow/example_dags/example_external_task_marker_dag.py took 0.047 seconds
[2026-03-19T07:50:00.574+0000] {processor.py:161} INFO - Started process (PID=37042) to work on /home/airflow/.local/lib/python3.12/site-packages/airflow/example_dags/example_external_task_marker_dag.py
[2026-03-19T07:50:00.576+0000] {processor.py:830} INFO - Processing file /home/airflow/.local/lib/python3.12/site-packages/airflow/example_dags/example_external_task_marker_dag.py for tasks to queue
[2026-03-19T07:50:00.577+0000] {logging_mixin.py:188} INFO - [2026-03-19T07:50:00.577+0000] {dagbag.py:545} INFO - Filling up the DagBag from /home/airflow/.local/lib/python3.12/site-packages/airflow/example_dags/example_external_task_marker_dag.py
[2026-03-19T07:50:00.593+0000] {processor.py:840} INFO - DAG(s) 'example_external_task_marker_child', 'example_external_task_marker_parent' retrieved from /home/airflow/.local/lib/python3.12/site-packages/airflow/example_dags/example_external_task_marker_dag.py
[2026-03-19T07:50:00.666+0000] {logging_mixin.py:188} INFO - [2026-03-19T07:50:00.666+0000] {dag.py:3096} INFO - Sync 2 DAGs
[2026-03-19T07:50:00.689+0000] {logging_mixin.py:188} INFO - [2026-03-19T07:50:00.689+0000] {dag.py:3954} INFO - Setting next_dagrun for example_external_task_marker_child to None, run_after=None
[2026-03-19T07:50:00.699+0000] {logging_mixin.py:188} INFO - [2026-03-19T07:50:00.698+0000] {dag.py:3954} INFO - Setting next_dagrun for example_external_task_marker_parent to None, run_after=None
[2026-03-19T07:50:00.721+0000] {processor.py:183} INFO - Processing /home/airflow/.local/lib/python3.12/site-packages/airflow/example_dags/example_external_task_marker_dag.py took 0.154 seconds
[2026-03-19T07:50:31.577+0000] {processor.py:161} INFO - Started process (PID=37102) to work on /home/airflow/.local/lib/python3.12/site-packages/airflow/example_dags/example_external_task_marker_dag.py
[2026-03-19T07:50:31.580+0000] {processor.py:830} INFO - Processing file /home/airflow/.local/lib/python3.12/site-packages/airflow/example_dags/example_external_task_marker_dag.py for tasks to queue
[2026-03-19T07:50:31.584+0000] {logging_mixin.py:188} INFO - [2026-03-19T07:50:31.581+0000] {dagbag.py:545} INFO - Filling up the DagBag from /home/airflow/.local/lib/python3.12/site-packages/airflow/example_dags/example_external_task_marker_dag.py
[2026-03-19T07:50:31.593+0000] {processor.py:840} INFO - DAG(s) 'example_external_task_marker_child', 'example_external_task_marker_parent' retrieved from /home/airflow/.local/lib/python3.12/site-packages/airflow/example_dags/example_external_task_marker_dag.py
[2026-03-19T07:50:31.614+0000] {logging_mixin.py:188} INFO - [2026-03-19T07:50:31.614+0000] {dag.py:3096} INFO - Sync 2 DAGs
[2026-03-19T07:50:31.622+0000] {logging_mixin.py:188} INFO - [2026-03-19T07:50:31.622+0000] {dag.py:3954} INFO - Setting next_dagrun for example_external_task_marker_child to None, run_after=None
[2026-03-19T07:50:31.625+0000] {logging_mixin.py:188} INFO - [2026-03-19T07:50:31.625+0000] {dag.py:3954} INFO - Setting next_dagrun for example_external_task_marker_parent to None, run_after=None
[2026-03-19T07:50:31.641+0000] {processor.py:183} INFO - Processing /home/airflow/.local/lib/python3.12/site-packages/airflow/example_dags/example_external_task_marker_dag.py took 0.068 seconds
[2026-03-19T07:51:02.559+0000] {processor.py:161} INFO - Started process (PID=37161) to work on /home/airflow/.local/lib/python3.12/site-packages/airflow/example_dags/example_external_task_marker_dag.py
[2026-03-19T07:51:02.560+0000] {processor.py:830} INFO - Processing file /home/airflow/.local/lib/python3.12/site-packages/airflow/example_dags/example_external_task_marker_dag.py for tasks to queue
[2026-03-19T07:51:02.561+0000] {logging_mixin.py:188} INFO - [2026-03-19T07:51:02.561+0000] {dagbag.py:545} INFO - Filling up the DagBag from /home/airflow/.local/lib/python3.12/site-packages/airflow/example_dags/example_external_task_marker_dag.py
[2026-03-19T07:51:02.567+0000] {processor.py:840} INFO - DAG(s) 'example_external_task_marker_child', 'example_external_task_marker_parent' retrieved from /home/airflow/.local/lib/python3.12/site-packages/airflow/example_dags/example_external_task_marker_dag.py
[2026-03-19T07:51:02.587+0000] {logging_mixin.py:188} INFO - [2026-03-19T07:51:02.587+0000] {dag.py:3096} INFO - Sync 2 DAGs
[2026-03-19T07:51:02.598+0000] {logging_mixin.py:188} INFO - [2026-03-19T07:51:02.598+0000] {dag.py:3954} INFO - Setting next_dagrun for example_external_task_marker_child to None, run_after=None
[2026-03-19T07:51:02.600+0000] {logging_mixin.py:188} INFO - [2026-03-19T07:51:02.600+0000] {dag.py:3954} INFO - Setting next_dagrun for example_external_task_marker_parent to None, run_after=None
[2026-03-19T07:51:02.620+0000] {processor.py:183} INFO - Processing /home/airflow/.local/lib/python3.12/site-packages/airflow/example_dags/example_external_task_marker_dag.py took 0.066 seconds
[2026-03-19T07:51:34.410+0000] {processor.py:161} INFO - Started process (PID=37220) to work on /home/airflow/.local/lib/python3.12/site-packages/airflow/example_dags/example_external_task_marker_dag.py
[2026-03-19T07:51:34.411+0000] {processor.py:830} INFO - Processing file /home/airflow/.local/lib/python3.12/site-packages/airflow/example_dags/example_external_task_marker_dag.py for tasks to queue
[2026-03-19T07:51:34.412+0000] {logging_mixin.py:188} INFO - [2026-03-19T07:51:34.412+0000] {dagbag.py:545} INFO - Filling up the DagBag from /home/airflow/.local/lib/python3.12/site-packages/airflow/example_dags/example_external_task_marker_dag.py
[2026-03-19T07:51:34.421+0000] {processor.py:840} INFO - DAG(s) 'example_external_task_marker_child', 'example_external_task_marker_parent' retrieved from /home/airflow/.local/lib/python3.12/site-packages/airflow/example_dags/example_external_task_marker_dag.py
[2026-03-19T07:51:34.460+0000] {logging_mixin.py:188} INFO - [2026-03-19T07:51:34.460+0000] {dag.py:3096} INFO - Sync 2 DAGs
[2026-03-19T07:51:34.475+0000] {logging_mixin.py:188} INFO - [2026-03-19T07:51:34.475+0000] {dag.py:3954} INFO - Setting next_dagrun for example_external_task_marker_child to None, run_after=None
[2026-03-19T07:51:34.492+0000] {logging_mixin.py:188} INFO - [2026-03-19T07:51:34.491+0000] {dag.py:3954} INFO - Setting next_dagrun for example_external_task_marker_parent to None, run_after=None
[2026-03-19T07:51:34.534+0000] {processor.py:183} INFO - Processing /home/airflow/.local/lib/python3.12/site-packages/airflow/example_dags/example_external_task_marker_dag.py took 0.130 seconds
[2026-03-19T07:52:04.967+0000] {processor.py:161} INFO - Started process (PID=37279) to work on /home/airflow/.local/lib/python3.12/site-packages/airflow/example_dags/example_external_task_marker_dag.py
[2026-03-19T07:52:04.968+0000] {processor.py:830} INFO - Processing file /home/airflow/.local/lib/python3.12/site-packages/airflow/example_dags/example_external_task_marker_dag.py for tasks to queue
[2026-03-19T07:52:04.968+0000] {logging_mixin.py:188} INFO - [2026-03-19T07:52:04.968+0000] {dagbag.py:545} INFO - Filling up the DagBag from /home/airflow/.local/lib/python3.12/site-packages/airflow/example_dags/example_external_task_marker_dag.py
[2026-03-19T07:52:04.972+0000] {processor.py:840} INFO - DAG(s) 'example_external_task_marker_parent', 'example_external_task_marker_child' retrieved from /home/airflow/.local/lib/python3.12/site-packages/airflow/example_dags/example_external_task_marker_dag.py
[2026-03-19T07:52:04.992+0000] {logging_mixin.py:188} INFO - [2026-03-19T07:52:04.992+0000] {dag.py:3096} INFO - Sync 2 DAGs
[2026-03-19T07:52:05.003+0000] {logging_mixin.py:188} INFO - [2026-03-19T07:52:05.003+0000] {dag.py:3954} INFO - Setting next_dagrun for example_external_task_marker_child to None, run_after=None
[2026-03-19T07:52:05.009+0000] {logging_mixin.py:188} INFO - [2026-03-19T07:52:05.009+0000] {dag.py:3954} INFO - Setting next_dagrun for example_external_task_marker_parent to None, run_after=None
[2026-03-19T07:52:05.026+0000] {processor.py:183} INFO - Processing /home/airflow/.local/lib/python3.12/site-packages/airflow/example_dags/example_external_task_marker_dag.py took 0.062 seconds
[2026-03-19T07:52:35.916+0000] {processor.py:161} INFO - Started process (PID=37338) to work on /home/airflow/.local/lib/python3.12/site-packages/airflow/example_dags/example_external_task_marker_dag.py
[2026-03-19T07:52:35.917+0000] {processor.py:830} INFO - Processing file /home/airflow/.local/lib/python3.12/site-packages/airflow/example_dags/example_external_task_marker_dag.py for tasks to queue
[2026-03-19T07:52:35.917+0000] {logging_mixin.py:188} INFO - [2026-03-19T07:52:35.917+0000] {dagbag.py:545} INFO - Filling up the DagBag from /home/airflow/.local/lib/python3.12/site-packages/airflow/example_dags/example_external_task_marker_dag.py
[2026-03-19T07:52:35.921+0000] {processor.py:840} INFO - DAG(s) 'example_external_task_marker_child', 'example_external_task_marker_parent' retrieved from /home/airflow/.local/lib/python3.12/site-packages/airflow/example_dags/example_external_task_marker_dag.py
[2026-03-19T07:52:35.936+0000] {logging_mixin.py:188} INFO - [2026-03-19T07:52:35.936+0000] {dag.py:3096} INFO - Sync 2 DAGs
[2026-03-19T07:52:35.944+0000] {logging_mixin.py:188} INFO - [2026-03-19T07:52:35.944+0000] {dag.py:3954} INFO - Setting next_dagrun for example_external_task_marker_child to None, run_after=None
[2026-03-19T07:52:35.948+0000] {logging_mixin.py:188} INFO - [2026-03-19T07:52:35.948+0000] {dag.py:3954} INFO - Setting next_dagrun for example_external_task_marker_parent to None, run_after=None
[2026-03-19T07:52:35.960+0000] {processor.py:183} INFO - Processing /home/airflow/.local/lib/python3.12/site-packages/airflow/example_dags/example_external_task_marker_dag.py took 0.049 seconds
[2026-03-19T07:53:06.604+0000] {processor.py:161} INFO - Started process (PID=37397) to work on /home/airflow/.local/lib/python3.12/site-packages/airflow/example_dags/example_external_task_marker_dag.py
[2026-03-19T07:53:06.606+0000] {processor.py:830} INFO - Processing file /home/airflow/.local/lib/python3.12/site-packages/airflow/example_dags/example_external_task_marker_dag.py for tasks to queue
[2026-03-19T07:53:06.606+0000] {logging_mixin.py:188} INFO - [2026-03-19T07:53:06.606+0000] {dagbag.py:545} INFO - Filling up the DagBag from /home/airflow/.local/lib/python3.12/site-packages/airflow/example_dags/example_external_task_marker_dag.py
[2026-03-19T07:53:06.610+0000] {processor.py:840} INFO - DAG(s) 'example_external_task_marker_child', 'example_external_task_marker_parent' retrieved from /home/airflow/.local/lib/python3.12/site-packages/airflow/example_dags/example_external_task_marker_dag.py
[2026-03-19T07:53:06.627+0000] {logging_mixin.py:188} INFO - [2026-03-19T07:53:06.627+0000] {dag.py:3096} INFO - Sync 2 DAGs
[2026-03-19T07:53:06.636+0000] {logging_mixin.py:188} INFO - [2026-03-19T07:53:06.636+0000] {dag.py:3954} INFO - Setting next_dagrun for example_external_task_marker_child to None, run_after=None
[2026-03-19T07:53:06.638+0000] {logging_mixin.py:188} INFO - [2026-03-19T07:53:06.638+0000] {dag.py:3954} INFO - Setting next_dagrun for example_external_task_marker_parent to None, run_after=None
[2026-03-19T07:53:06.646+0000] {processor.py:183} INFO - Processing /home/airflow/.local/lib/python3.12/site-packages/airflow/example_dags/example_external_task_marker_dag.py took 0.050 seconds
[2026-03-19T07:53:37.043+0000] {processor.py:161} INFO - Started process (PID=37456) to work on /home/airflow/.local/lib/python3.12/site-packages/airflow/example_dags/example_external_task_marker_dag.py
[2026-03-19T07:53:37.045+0000] {processor.py:830} INFO - Processing file /home/airflow/.local/lib/python3.12/site-packages/airflow/example_dags/example_external_task_marker_dag.py for tasks to queue
[2026-03-19T07:53:37.045+0000] {logging_mixin.py:188} INFO - [2026-03-19T07:53:37.045+0000] {dagbag.py:545} INFO - Filling up the DagBag from /home/airflow/.local/lib/python3.12/site-packages/airflow/example_dags/example_external_task_marker_dag.py
[2026-03-19T07:53:37.051+0000] {processor.py:840} INFO - DAG(s) 'example_external_task_marker_child', 'example_external_task_marker_parent' retrieved from /home/airflow/.local/lib/python3.12/site-packages/airflow/example_dags/example_external_task_marker_dag.py
[2026-03-19T07:53:37.071+0000] {logging_mixin.py:188} INFO - [2026-03-19T07:53:37.071+0000] {dag.py:3096} INFO - Sync 2 DAGs
[2026-03-19T07:53:37.080+0000] {logging_mixin.py:188} INFO - [2026-03-19T07:53:37.080+0000] {dag.py:3954} INFO - Setting next_dagrun for example_external_task_marker_child to None, run_after=None
[2026-03-19T07:53:37.084+0000] {logging_mixin.py:188} INFO - [2026-03-19T07:53:37.083+0000] {dag.py:3954} INFO - Setting next_dagrun for example_external_task_marker_parent to None, run_after=None
[2026-03-19T07:53:37.093+0000] {processor.py:183} INFO - Processing /home/airflow/.local/lib/python3.12/site-packages/airflow/example_dags/example_external_task_marker_dag.py took 0.055 seconds
[2026-03-19T07:54:07.419+0000] {processor.py:161} INFO - Started process (PID=37515) to work on /home/airflow/.local/lib/python3.12/site-packages/airflow/example_dags/example_external_task_marker_dag.py
[2026-03-19T07:54:07.420+0000] {processor.py:830} INFO - Processing file /home/airflow/.local/lib/python3.12/site-packages/airflow/example_dags/example_external_task_marker_dag.py for tasks to queue
[2026-03-19T07:54:07.421+0000] {logging_mixin.py:188} INFO - [2026-03-19T07:54:07.421+0000] {dagbag.py:545} INFO - Filling up the DagBag from /home/airflow/.local/lib/python3.12/site-packages/airflow/example_dags/example_external_task_marker_dag.py
[2026-03-19T07:54:07.424+0000] {processor.py:840} INFO - DAG(s) 'example_external_task_marker_parent', 'example_external_task_marker_child' retrieved from /home/airflow/.local/lib/python3.12/site-packages/airflow/example_dags/example_external_task_marker_dag.py
[2026-03-19T07:54:07.440+0000] {logging_mixin.py:188} INFO - [2026-03-19T07:54:07.440+0000] {dag.py:3096} INFO - Sync 2 DAGs
[2026-03-19T07:54:07.453+0000] {logging_mixin.py:188} INFO - [2026-03-19T07:54:07.453+0000] {dag.py:3954} INFO - Setting next_dagrun for example_external_task_marker_child to None, run_after=None
[2026-03-19T07:54:07.457+0000] {logging_mixin.py:188} INFO - [2026-03-19T07:54:07.457+0000] {dag.py:3954} INFO - Setting next_dagrun for example_external_task_marker_parent to None, run_after=None
[2026-03-19T07:54:07.470+0000] {processor.py:183} INFO - Processing /home/airflow/.local/lib/python3.12/site-packages/airflow/example_dags/example_external_task_marker_dag.py took 0.056 seconds
[2026-03-19T07:54:37.765+0000] {processor.py:161} INFO - Started process (PID=37574) to work on /home/airflow/.local/lib/python3.12/site-packages/airflow/example_dags/example_external_task_marker_dag.py
[2026-03-19T07:54:37.766+0000] {processor.py:830} INFO - Processing file /home/airflow/.local/lib/python3.12/site-packages/airflow/example_dags/example_external_task_marker_dag.py for tasks to queue
[2026-03-19T07:54:37.767+0000] {logging_mixin.py:188} INFO - [2026-03-19T07:54:37.767+0000] {dagbag.py:545} INFO - Filling up the DagBag from /home/airflow/.local/lib/python3.12/site-packages/airflow/example_dags/example_external_task_marker_dag.py
[2026-03-19T07:54:37.775+0000] {processor.py:840} INFO - DAG(s) 'example_external_task_marker_child', 'example_external_task_marker_parent' retrieved from /home/airflow/.local/lib/python3.12/site-packages/airflow/example_dags/example_external_task_marker_dag.py
[2026-03-19T07:54:37.792+0000] {logging_mixin.py:188} INFO - [2026-03-19T07:54:37.792+0000] {dag.py:3096} INFO - Sync 2 DAGs
[2026-03-19T07:54:37.799+0000] {logging_mixin.py:188} INFO - [2026-03-19T07:54:37.799+0000] {dag.py:3954} INFO - Setting next_dagrun for example_external_task_marker_child to None, run_after=None
[2026-03-19T07:54:37.802+0000] {logging_mixin.py:188} INFO - [2026-03-19T07:54:37.802+0000] {dag.py:3954} INFO - Setting next_dagrun for example_external_task_marker_parent to None, run_after=None
[2026-03-19T07:54:37.815+0000] {processor.py:183} INFO - Processing /home/airflow/.local/lib/python3.12/site-packages/airflow/example_dags/example_external_task_marker_dag.py took 0.055 seconds
[2026-03-19T07:55:08.100+0000] {processor.py:161} INFO - Started process (PID=37633) to work on /home/airflow/.local/lib/python3.12/site-packages/airflow/example_dags/example_external_task_marker_dag.py
[2026-03-19T07:55:08.101+0000] {processor.py:830} INFO - Processing file /home/airflow/.local/lib/python3.12/site-packages/airflow/example_dags/example_external_task_marker_dag.py for tasks to queue
[2026-03-19T07:55:08.102+0000] {logging_mixin.py:188} INFO - [2026-03-19T07:55:08.101+0000] {dagbag.py:545} INFO - Filling up the DagBag from /home/airflow/.local/lib/python3.12/site-packages/airflow/example_dags/example_external_task_marker_dag.py
[2026-03-19T07:55:08.107+0000] {processor.py:840} INFO - DAG(s) 'example_external_task_marker_parent', 'example_external_task_marker_child' retrieved from /home/airflow/.local/lib/python3.12/site-packages/airflow/example_dags/example_external_task_marker_dag.py
[2026-03-19T07:55:08.129+0000] {logging_mixin.py:188} INFO - [2026-03-19T07:55:08.129+0000] {dag.py:3096} INFO - Sync 2 DAGs
[2026-03-19T07:55:08.139+0000] {logging_mixin.py:188} INFO - [2026-03-19T07:55:08.139+0000] {dag.py:3954} INFO - Setting next_dagrun for example_external_task_marker_child to None, run_after=None
[2026-03-19T07:55:08.142+0000] {logging_mixin.py:188} INFO - [2026-03-19T07:55:08.142+0000] {dag.py:3954} INFO - Setting next_dagrun for example_external_task_marker_parent to None, run_after=None
[2026-03-19T07:55:08.159+0000] {processor.py:183} INFO - Processing /home/airflow/.local/lib/python3.12/site-packages/airflow/example_dags/example_external_task_marker_dag.py took 0.063 seconds
[2026-03-19T07:55:38.892+0000] {processor.py:161} INFO - Started process (PID=37692) to work on /home/airflow/.local/lib/python3.12/site-packages/airflow/example_dags/example_external_task_marker_dag.py
[2026-03-19T07:55:38.893+0000] {processor.py:830} INFO - Processing file /home/airflow/.local/lib/python3.12/site-packages/airflow/example_dags/example_external_task_marker_dag.py for tasks to queue
[2026-03-19T07:55:38.894+0000] {logging_mixin.py:188} INFO - [2026-03-19T07:55:38.894+0000] {dagbag.py:545} INFO - Filling up the DagBag from /home/airflow/.local/lib/python3.12/site-packages/airflow/example_dags/example_external_task_marker_dag.py
[2026-03-19T07:55:38.899+0000] {processor.py:840} INFO - DAG(s) 'example_external_task_marker_child', 'example_external_task_marker_parent' retrieved from /home/airflow/.local/lib/python3.12/site-packages/airflow/example_dags/example_external_task_marker_dag.py
[2026-03-19T07:55:38.915+0000] {logging_mixin.py:188} INFO - [2026-03-19T07:55:38.915+0000] {dag.py:3096} INFO - Sync 2 DAGs
[2026-03-19T07:55:38.922+0000] {logging_mixin.py:188} INFO - [2026-03-19T07:55:38.922+0000] {dag.py:3954} INFO - Setting next_dagrun for example_external_task_marker_child to None, run_after=None
[2026-03-19T07:55:38.924+0000] {logging_mixin.py:188} INFO - [2026-03-19T07:55:38.924+0000] {dag.py:3954} INFO - Setting next_dagrun for example_external_task_marker_parent to None, run_after=None
[2026-03-19T07:55:38.942+0000] {processor.py:183} INFO - Processing /home/airflow/.local/lib/python3.12/site-packages/airflow/example_dags/example_external_task_marker_dag.py took 0.054 seconds
[2026-03-19T07:56:09.659+0000] {processor.py:161} INFO - Started process (PID=37751) to work on /home/airflow/.local/lib/python3.12/site-packages/airflow/example_dags/example_external_task_marker_dag.py
[2026-03-19T07:56:09.660+0000] {processor.py:830} INFO - Processing file /home/airflow/.local/lib/python3.12/site-packages/airflow/example_dags/example_external_task_marker_dag.py for tasks to queue
[2026-03-19T07:56:09.662+0000] {logging_mixin.py:188} INFO - [2026-03-19T07:56:09.662+0000] {dagbag.py:545} INFO - Filling up the DagBag from /home/airflow/.local/lib/python3.12/site-packages/airflow/example_dags/example_external_task_marker_dag.py
[2026-03-19T07:56:09.667+0000] {processor.py:840} INFO - DAG(s) 'example_external_task_marker_parent', 'example_external_task_marker_child' retrieved from /home/airflow/.local/lib/python3.12/site-packages/airflow/example_dags/example_external_task_marker_dag.py
[2026-03-19T07:56:09.684+0000] {logging_mixin.py:188} INFO - [2026-03-19T07:56:09.684+0000] {dag.py:3096} INFO - Sync 2 DAGs
[2026-03-19T07:56:09.694+0000] {logging_mixin.py:188} INFO - [2026-03-19T07:56:09.694+0000] {dag.py:3954} INFO - Setting next_dagrun for example_external_task_marker_child to None, run_after=None
[2026-03-19T07:56:09.701+0000] {logging_mixin.py:188} INFO - [2026-03-19T07:56:09.701+0000] {dag.py:3954} INFO - Setting next_dagrun for example_external_task_marker_parent to None, run_after=None
[2026-03-19T07:56:09.716+0000] {processor.py:183} INFO - Processing /home/airflow/.local/lib/python3.12/site-packages/airflow/example_dags/example_external_task_marker_dag.py took 0.064 seconds
