[2026-03-19T00:12:45.592+0000] {processor.py:161} INFO - Started process (PID=35702) to work on /home/airflow/.local/lib/python3.12/site-packages/airflow/example_dags/example_local_kubernetes_executor.py
[2026-03-19T00:12:45.594+0000] {processor.py:830} INFO - Processing file /home/airflow/.local/lib/python3.12/site-packages/airflow/example_dags/example_local_kubernetes_executor.py for tasks to queue
[2026-03-19T00:12:45.597+0000] {logging_mixin.py:188} INFO - [2026-03-19T00:12:45.596+0000] {dagbag.py:545} INFO - Filling up the DagBag from /home/airflow/.local/lib/python3.12/site-packages/airflow/example_dags/example_local_kubernetes_executor.py
[2026-03-19T00:12:45.604+0000] {processor.py:840} INFO - DAG(s) 'example_local_kubernetes_executor' retrieved from /home/airflow/.local/lib/python3.12/site-packages/airflow/example_dags/example_local_kubernetes_executor.py
[2026-03-19T00:12:45.637+0000] {logging_mixin.py:188} INFO - [2026-03-19T00:12:45.637+0000] {dag.py:3096} INFO - Sync 1 DAGs
[2026-03-19T00:12:45.648+0000] {logging_mixin.py:188} INFO - [2026-03-19T00:12:45.648+0000] {dag.py:3954} INFO - Setting next_dagrun for example_local_kubernetes_executor to None, run_after=None
[2026-03-19T00:12:45.658+0000] {processor.py:183} INFO - Processing /home/airflow/.local/lib/python3.12/site-packages/airflow/example_dags/example_local_kubernetes_executor.py took 0.076 seconds
[2026-03-19T00:46:45.537+0000] {processor.py:161} INFO - Started process (PID=35761) to work on /home/airflow/.local/lib/python3.12/site-packages/airflow/example_dags/example_local_kubernetes_executor.py
[2026-03-19T00:46:45.540+0000] {processor.py:830} INFO - Processing file /home/airflow/.local/lib/python3.12/site-packages/airflow/example_dags/example_local_kubernetes_executor.py for tasks to queue
[2026-03-19T00:46:45.540+0000] {logging_mixin.py:188} INFO - [2026-03-19T00:46:45.540+0000] {dagbag.py:545} INFO - Filling up the DagBag from /home/airflow/.local/lib/python3.12/site-packages/airflow/example_dags/example_local_kubernetes_executor.py
[2026-03-19T00:46:45.644+0000] {processor.py:840} INFO - DAG(s) 'example_local_kubernetes_executor' retrieved from /home/airflow/.local/lib/python3.12/site-packages/airflow/example_dags/example_local_kubernetes_executor.py
[2026-03-19T00:46:46.249+0000] {logging_mixin.py:188} INFO - [2026-03-19T00:46:46.229+0000] {dag.py:3096} INFO - Sync 1 DAGs
[2026-03-19T00:46:46.322+0000] {logging_mixin.py:188} INFO - [2026-03-19T00:46:46.322+0000] {dag.py:3954} INFO - Setting next_dagrun for example_local_kubernetes_executor to None, run_after=None
[2026-03-19T00:46:46.387+0000] {processor.py:183} INFO - Processing /home/airflow/.local/lib/python3.12/site-packages/airflow/example_dags/example_local_kubernetes_executor.py took 0.855 seconds
[2026-03-19T01:13:45.003+0000] {processor.py:161} INFO - Started process (PID=35828) to work on /home/airflow/.local/lib/python3.12/site-packages/airflow/example_dags/example_local_kubernetes_executor.py
[2026-03-19T01:13:45.006+0000] {processor.py:830} INFO - Processing file /home/airflow/.local/lib/python3.12/site-packages/airflow/example_dags/example_local_kubernetes_executor.py for tasks to queue
[2026-03-19T01:13:45.010+0000] {logging_mixin.py:188} INFO - [2026-03-19T01:13:45.009+0000] {dagbag.py:545} INFO - Filling up the DagBag from /home/airflow/.local/lib/python3.12/site-packages/airflow/example_dags/example_local_kubernetes_executor.py
[2026-03-19T01:13:45.020+0000] {processor.py:840} INFO - DAG(s) 'example_local_kubernetes_executor' retrieved from /home/airflow/.local/lib/python3.12/site-packages/airflow/example_dags/example_local_kubernetes_executor.py
[2026-03-19T01:13:45.060+0000] {logging_mixin.py:188} INFO - [2026-03-19T01:13:45.060+0000] {dag.py:3096} INFO - Sync 1 DAGs
[2026-03-19T01:13:45.071+0000] {logging_mixin.py:188} INFO - [2026-03-19T01:13:45.071+0000] {dag.py:3954} INFO - Setting next_dagrun for example_local_kubernetes_executor to None, run_after=None
[2026-03-19T01:13:45.088+0000] {processor.py:183} INFO - Processing /home/airflow/.local/lib/python3.12/site-packages/airflow/example_dags/example_local_kubernetes_executor.py took 0.098 seconds
[2026-03-19T01:31:17.030+0000] {processor.py:161} INFO - Started process (PID=35901) to work on /home/airflow/.local/lib/python3.12/site-packages/airflow/example_dags/example_local_kubernetes_executor.py
[2026-03-19T01:31:17.034+0000] {processor.py:830} INFO - Processing file /home/airflow/.local/lib/python3.12/site-packages/airflow/example_dags/example_local_kubernetes_executor.py for tasks to queue
[2026-03-19T01:31:17.041+0000] {logging_mixin.py:188} INFO - [2026-03-19T01:31:17.041+0000] {dagbag.py:545} INFO - Filling up the DagBag from /home/airflow/.local/lib/python3.12/site-packages/airflow/example_dags/example_local_kubernetes_executor.py
[2026-03-19T01:31:17.091+0000] {processor.py:840} INFO - DAG(s) 'example_local_kubernetes_executor' retrieved from /home/airflow/.local/lib/python3.12/site-packages/airflow/example_dags/example_local_kubernetes_executor.py
[2026-03-19T01:31:22.454+0000] {logging_mixin.py:188} INFO - [2026-03-19T01:31:22.449+0000] {dag.py:3096} INFO - Sync 1 DAGs
[2026-03-19T01:31:22.577+0000] {logging_mixin.py:188} INFO - [2026-03-19T01:31:22.576+0000] {dag.py:3954} INFO - Setting next_dagrun for example_local_kubernetes_executor to None, run_after=None
[2026-03-19T01:31:22.780+0000] {processor.py:183} INFO - Processing /home/airflow/.local/lib/python3.12/site-packages/airflow/example_dags/example_local_kubernetes_executor.py took 5.799 seconds
[2026-03-19T02:15:12.964+0000] {processor.py:161} INFO - Started process (PID=35959) to work on /home/airflow/.local/lib/python3.12/site-packages/airflow/example_dags/example_local_kubernetes_executor.py
[2026-03-19T02:15:12.966+0000] {processor.py:830} INFO - Processing file /home/airflow/.local/lib/python3.12/site-packages/airflow/example_dags/example_local_kubernetes_executor.py for tasks to queue
[2026-03-19T02:15:12.969+0000] {logging_mixin.py:188} INFO - [2026-03-19T02:15:12.968+0000] {dagbag.py:545} INFO - Filling up the DagBag from /home/airflow/.local/lib/python3.12/site-packages/airflow/example_dags/example_local_kubernetes_executor.py
[2026-03-19T02:15:12.983+0000] {processor.py:840} INFO - DAG(s) 'example_local_kubernetes_executor' retrieved from /home/airflow/.local/lib/python3.12/site-packages/airflow/example_dags/example_local_kubernetes_executor.py
[2026-03-19T02:15:13.080+0000] {logging_mixin.py:188} INFO - [2026-03-19T02:15:13.079+0000] {dag.py:3096} INFO - Sync 1 DAGs
[2026-03-19T02:15:13.117+0000] {logging_mixin.py:188} INFO - [2026-03-19T02:15:13.116+0000] {dag.py:3954} INFO - Setting next_dagrun for example_local_kubernetes_executor to None, run_after=None
[2026-03-19T02:15:13.151+0000] {processor.py:183} INFO - Processing /home/airflow/.local/lib/python3.12/site-packages/airflow/example_dags/example_local_kubernetes_executor.py took 0.199 seconds
[2026-03-19T03:06:09.795+0000] {processor.py:161} INFO - Started process (PID=36049) to work on /home/airflow/.local/lib/python3.12/site-packages/airflow/example_dags/example_local_kubernetes_executor.py
[2026-03-19T03:06:09.799+0000] {processor.py:830} INFO - Processing file /home/airflow/.local/lib/python3.12/site-packages/airflow/example_dags/example_local_kubernetes_executor.py for tasks to queue
[2026-03-19T03:06:09.802+0000] {logging_mixin.py:188} INFO - [2026-03-19T03:06:09.801+0000] {dagbag.py:545} INFO - Filling up the DagBag from /home/airflow/.local/lib/python3.12/site-packages/airflow/example_dags/example_local_kubernetes_executor.py
[2026-03-19T03:06:09.860+0000] {processor.py:840} INFO - DAG(s) 'example_local_kubernetes_executor' retrieved from /home/airflow/.local/lib/python3.12/site-packages/airflow/example_dags/example_local_kubernetes_executor.py
[2026-03-19T03:06:10.136+0000] {logging_mixin.py:188} INFO - [2026-03-19T03:06:10.134+0000] {dag.py:3096} INFO - Sync 1 DAGs
[2026-03-19T03:06:10.189+0000] {logging_mixin.py:188} INFO - [2026-03-19T03:06:10.188+0000] {dag.py:3954} INFO - Setting next_dagrun for example_local_kubernetes_executor to None, run_after=None
[2026-03-19T03:06:10.273+0000] {processor.py:183} INFO - Processing /home/airflow/.local/lib/python3.12/site-packages/airflow/example_dags/example_local_kubernetes_executor.py took 0.513 seconds
[2026-03-19T03:06:40.455+0000] {processor.py:161} INFO - Started process (PID=36116) to work on /home/airflow/.local/lib/python3.12/site-packages/airflow/example_dags/example_local_kubernetes_executor.py
[2026-03-19T03:06:40.457+0000] {processor.py:830} INFO - Processing file /home/airflow/.local/lib/python3.12/site-packages/airflow/example_dags/example_local_kubernetes_executor.py for tasks to queue
[2026-03-19T03:06:40.457+0000] {logging_mixin.py:188} INFO - [2026-03-19T03:06:40.457+0000] {dagbag.py:545} INFO - Filling up the DagBag from /home/airflow/.local/lib/python3.12/site-packages/airflow/example_dags/example_local_kubernetes_executor.py
[2026-03-19T03:06:40.473+0000] {processor.py:840} INFO - DAG(s) 'example_local_kubernetes_executor' retrieved from /home/airflow/.local/lib/python3.12/site-packages/airflow/example_dags/example_local_kubernetes_executor.py
[2026-03-19T03:06:40.521+0000] {logging_mixin.py:188} INFO - [2026-03-19T03:06:40.521+0000] {dag.py:3096} INFO - Sync 1 DAGs
[2026-03-19T03:06:40.530+0000] {logging_mixin.py:188} INFO - [2026-03-19T03:06:40.530+0000] {dag.py:3954} INFO - Setting next_dagrun for example_local_kubernetes_executor to None, run_after=None
[2026-03-19T03:06:40.540+0000] {processor.py:183} INFO - Processing /home/airflow/.local/lib/python3.12/site-packages/airflow/example_dags/example_local_kubernetes_executor.py took 0.097 seconds
[2026-03-19T03:15:42.791+0000] {processor.py:161} INFO - Started process (PID=36175) to work on /home/airflow/.local/lib/python3.12/site-packages/airflow/example_dags/example_local_kubernetes_executor.py
[2026-03-19T03:15:42.792+0000] {processor.py:830} INFO - Processing file /home/airflow/.local/lib/python3.12/site-packages/airflow/example_dags/example_local_kubernetes_executor.py for tasks to queue
[2026-03-19T03:15:42.793+0000] {logging_mixin.py:188} INFO - [2026-03-19T03:15:42.793+0000] {dagbag.py:545} INFO - Filling up the DagBag from /home/airflow/.local/lib/python3.12/site-packages/airflow/example_dags/example_local_kubernetes_executor.py
[2026-03-19T03:15:42.803+0000] {processor.py:840} INFO - DAG(s) 'example_local_kubernetes_executor' retrieved from /home/airflow/.local/lib/python3.12/site-packages/airflow/example_dags/example_local_kubernetes_executor.py
[2026-03-19T03:15:42.851+0000] {logging_mixin.py:188} INFO - [2026-03-19T03:15:42.850+0000] {dag.py:3096} INFO - Sync 1 DAGs
[2026-03-19T03:15:42.869+0000] {logging_mixin.py:188} INFO - [2026-03-19T03:15:42.869+0000] {dag.py:3954} INFO - Setting next_dagrun for example_local_kubernetes_executor to None, run_after=None
[2026-03-19T03:15:42.896+0000] {processor.py:183} INFO - Processing /home/airflow/.local/lib/python3.12/site-packages/airflow/example_dags/example_local_kubernetes_executor.py took 0.110 seconds
[2026-03-19T03:32:04.434+0000] {processor.py:161} INFO - Started process (PID=36234) to work on /home/airflow/.local/lib/python3.12/site-packages/airflow/example_dags/example_local_kubernetes_executor.py
[2026-03-19T03:32:04.444+0000] {processor.py:830} INFO - Processing file /home/airflow/.local/lib/python3.12/site-packages/airflow/example_dags/example_local_kubernetes_executor.py for tasks to queue
[2026-03-19T03:32:04.452+0000] {logging_mixin.py:188} INFO - [2026-03-19T03:32:04.450+0000] {dagbag.py:545} INFO - Filling up the DagBag from /home/airflow/.local/lib/python3.12/site-packages/airflow/example_dags/example_local_kubernetes_executor.py
[2026-03-19T03:32:04.812+0000] {processor.py:840} INFO - DAG(s) 'example_local_kubernetes_executor' retrieved from /home/airflow/.local/lib/python3.12/site-packages/airflow/example_dags/example_local_kubernetes_executor.py
[2026-03-19T03:32:05.164+0000] {logging_mixin.py:188} INFO - [2026-03-19T03:32:05.160+0000] {dag.py:3096} INFO - Sync 1 DAGs
[2026-03-19T03:32:05.218+0000] {logging_mixin.py:188} INFO - [2026-03-19T03:32:05.217+0000] {dag.py:3954} INFO - Setting next_dagrun for example_local_kubernetes_executor to None, run_after=None
[2026-03-19T03:32:05.337+0000] {processor.py:183} INFO - Processing /home/airflow/.local/lib/python3.12/site-packages/airflow/example_dags/example_local_kubernetes_executor.py took 0.991 seconds
[2026-03-19T04:16:43.781+0000] {processor.py:161} INFO - Started process (PID=36301) to work on /home/airflow/.local/lib/python3.12/site-packages/airflow/example_dags/example_local_kubernetes_executor.py
[2026-03-19T04:16:43.782+0000] {processor.py:830} INFO - Processing file /home/airflow/.local/lib/python3.12/site-packages/airflow/example_dags/example_local_kubernetes_executor.py for tasks to queue
[2026-03-19T04:16:43.783+0000] {logging_mixin.py:188} INFO - [2026-03-19T04:16:43.783+0000] {dagbag.py:545} INFO - Filling up the DagBag from /home/airflow/.local/lib/python3.12/site-packages/airflow/example_dags/example_local_kubernetes_executor.py
[2026-03-19T04:16:43.795+0000] {processor.py:840} INFO - DAG(s) 'example_local_kubernetes_executor' retrieved from /home/airflow/.local/lib/python3.12/site-packages/airflow/example_dags/example_local_kubernetes_executor.py
[2026-03-19T04:16:43.842+0000] {logging_mixin.py:188} INFO - [2026-03-19T04:16:43.842+0000] {dag.py:3096} INFO - Sync 1 DAGs
[2026-03-19T04:16:43.862+0000] {logging_mixin.py:188} INFO - [2026-03-19T04:16:43.861+0000] {dag.py:3954} INFO - Setting next_dagrun for example_local_kubernetes_executor to None, run_after=None
[2026-03-19T04:16:43.888+0000] {processor.py:183} INFO - Processing /home/airflow/.local/lib/python3.12/site-packages/airflow/example_dags/example_local_kubernetes_executor.py took 0.112 seconds
[2026-03-19T04:17:17.282+0000] {processor.py:161} INFO - Started process (PID=36368) to work on /home/airflow/.local/lib/python3.12/site-packages/airflow/example_dags/example_local_kubernetes_executor.py
[2026-03-19T04:17:17.284+0000] {processor.py:830} INFO - Processing file /home/airflow/.local/lib/python3.12/site-packages/airflow/example_dags/example_local_kubernetes_executor.py for tasks to queue
[2026-03-19T04:17:17.289+0000] {logging_mixin.py:188} INFO - [2026-03-19T04:17:17.287+0000] {dagbag.py:545} INFO - Filling up the DagBag from /home/airflow/.local/lib/python3.12/site-packages/airflow/example_dags/example_local_kubernetes_executor.py
[2026-03-19T04:17:17.360+0000] {processor.py:840} INFO - DAG(s) 'example_local_kubernetes_executor' retrieved from /home/airflow/.local/lib/python3.12/site-packages/airflow/example_dags/example_local_kubernetes_executor.py
[2026-03-19T04:17:17.455+0000] {logging_mixin.py:188} INFO - [2026-03-19T04:17:17.454+0000] {dag.py:3096} INFO - Sync 1 DAGs
[2026-03-19T04:17:17.487+0000] {logging_mixin.py:188} INFO - [2026-03-19T04:17:17.486+0000] {dag.py:3954} INFO - Setting next_dagrun for example_local_kubernetes_executor to None, run_after=None
[2026-03-19T04:17:17.531+0000] {processor.py:183} INFO - Processing /home/airflow/.local/lib/python3.12/site-packages/airflow/example_dags/example_local_kubernetes_executor.py took 0.299 seconds
[2026-03-19T05:17:37.543+0000] {processor.py:161} INFO - Started process (PID=36427) to work on /home/airflow/.local/lib/python3.12/site-packages/airflow/example_dags/example_local_kubernetes_executor.py
[2026-03-19T05:17:37.544+0000] {processor.py:830} INFO - Processing file /home/airflow/.local/lib/python3.12/site-packages/airflow/example_dags/example_local_kubernetes_executor.py for tasks to queue
[2026-03-19T05:17:37.545+0000] {logging_mixin.py:188} INFO - [2026-03-19T05:17:37.545+0000] {dagbag.py:545} INFO - Filling up the DagBag from /home/airflow/.local/lib/python3.12/site-packages/airflow/example_dags/example_local_kubernetes_executor.py
[2026-03-19T05:17:37.550+0000] {processor.py:840} INFO - DAG(s) 'example_local_kubernetes_executor' retrieved from /home/airflow/.local/lib/python3.12/site-packages/airflow/example_dags/example_local_kubernetes_executor.py
[2026-03-19T05:17:37.584+0000] {logging_mixin.py:188} INFO - [2026-03-19T05:17:37.584+0000] {dag.py:3096} INFO - Sync 1 DAGs
[2026-03-19T05:17:37.594+0000] {logging_mixin.py:188} INFO - [2026-03-19T05:17:37.594+0000] {dag.py:3954} INFO - Setting next_dagrun for example_local_kubernetes_executor to None, run_after=None
[2026-03-19T05:17:37.607+0000] {processor.py:183} INFO - Processing /home/airflow/.local/lib/python3.12/site-packages/airflow/example_dags/example_local_kubernetes_executor.py took 0.069 seconds
[2026-03-19T05:18:07.859+0000] {processor.py:161} INFO - Started process (PID=36486) to work on /home/airflow/.local/lib/python3.12/site-packages/airflow/example_dags/example_local_kubernetes_executor.py
[2026-03-19T05:18:07.859+0000] {processor.py:830} INFO - Processing file /home/airflow/.local/lib/python3.12/site-packages/airflow/example_dags/example_local_kubernetes_executor.py for tasks to queue
[2026-03-19T05:18:07.860+0000] {logging_mixin.py:188} INFO - [2026-03-19T05:18:07.860+0000] {dagbag.py:545} INFO - Filling up the DagBag from /home/airflow/.local/lib/python3.12/site-packages/airflow/example_dags/example_local_kubernetes_executor.py
[2026-03-19T05:18:07.864+0000] {processor.py:840} INFO - DAG(s) 'example_local_kubernetes_executor' retrieved from /home/airflow/.local/lib/python3.12/site-packages/airflow/example_dags/example_local_kubernetes_executor.py
[2026-03-19T05:18:07.889+0000] {logging_mixin.py:188} INFO - [2026-03-19T05:18:07.888+0000] {dag.py:3096} INFO - Sync 1 DAGs
[2026-03-19T05:18:07.899+0000] {logging_mixin.py:188} INFO - [2026-03-19T05:18:07.899+0000] {dag.py:3954} INFO - Setting next_dagrun for example_local_kubernetes_executor to None, run_after=None
[2026-03-19T05:18:07.918+0000] {processor.py:183} INFO - Processing /home/airflow/.local/lib/python3.12/site-packages/airflow/example_dags/example_local_kubernetes_executor.py took 0.064 seconds
[2026-03-19T06:18:36.564+0000] {processor.py:161} INFO - Started process (PID=36545) to work on /home/airflow/.local/lib/python3.12/site-packages/airflow/example_dags/example_local_kubernetes_executor.py
[2026-03-19T06:18:36.567+0000] {processor.py:830} INFO - Processing file /home/airflow/.local/lib/python3.12/site-packages/airflow/example_dags/example_local_kubernetes_executor.py for tasks to queue
[2026-03-19T06:18:36.571+0000] {logging_mixin.py:188} INFO - [2026-03-19T06:18:36.570+0000] {dagbag.py:545} INFO - Filling up the DagBag from /home/airflow/.local/lib/python3.12/site-packages/airflow/example_dags/example_local_kubernetes_executor.py
[2026-03-19T06:18:36.599+0000] {processor.py:840} INFO - DAG(s) 'example_local_kubernetes_executor' retrieved from /home/airflow/.local/lib/python3.12/site-packages/airflow/example_dags/example_local_kubernetes_executor.py
[2026-03-19T06:18:36.671+0000] {logging_mixin.py:188} INFO - [2026-03-19T06:18:36.670+0000] {dag.py:3096} INFO - Sync 1 DAGs
[2026-03-19T06:18:36.703+0000] {logging_mixin.py:188} INFO - [2026-03-19T06:18:36.703+0000] {dag.py:3954} INFO - Setting next_dagrun for example_local_kubernetes_executor to None, run_after=None
[2026-03-19T06:18:36.735+0000] {processor.py:183} INFO - Processing /home/airflow/.local/lib/python3.12/site-packages/airflow/example_dags/example_local_kubernetes_executor.py took 0.180 seconds
[2026-03-19T06:19:07.465+0000] {processor.py:161} INFO - Started process (PID=36612) to work on /home/airflow/.local/lib/python3.12/site-packages/airflow/example_dags/example_local_kubernetes_executor.py
[2026-03-19T06:19:07.466+0000] {processor.py:830} INFO - Processing file /home/airflow/.local/lib/python3.12/site-packages/airflow/example_dags/example_local_kubernetes_executor.py for tasks to queue
[2026-03-19T06:19:07.467+0000] {logging_mixin.py:188} INFO - [2026-03-19T06:19:07.467+0000] {dagbag.py:545} INFO - Filling up the DagBag from /home/airflow/.local/lib/python3.12/site-packages/airflow/example_dags/example_local_kubernetes_executor.py
[2026-03-19T06:19:07.471+0000] {processor.py:840} INFO - DAG(s) 'example_local_kubernetes_executor' retrieved from /home/airflow/.local/lib/python3.12/site-packages/airflow/example_dags/example_local_kubernetes_executor.py
[2026-03-19T06:19:07.491+0000] {logging_mixin.py:188} INFO - [2026-03-19T06:19:07.491+0000] {dag.py:3096} INFO - Sync 1 DAGs
[2026-03-19T06:19:07.497+0000] {logging_mixin.py:188} INFO - [2026-03-19T06:19:07.496+0000] {dag.py:3954} INFO - Setting next_dagrun for example_local_kubernetes_executor to None, run_after=None
[2026-03-19T06:19:07.505+0000] {processor.py:183} INFO - Processing /home/airflow/.local/lib/python3.12/site-packages/airflow/example_dags/example_local_kubernetes_executor.py took 0.044 seconds
[2026-03-19T07:19:36.065+0000] {processor.py:161} INFO - Started process (PID=36671) to work on /home/airflow/.local/lib/python3.12/site-packages/airflow/example_dags/example_local_kubernetes_executor.py
[2026-03-19T07:19:36.067+0000] {processor.py:830} INFO - Processing file /home/airflow/.local/lib/python3.12/site-packages/airflow/example_dags/example_local_kubernetes_executor.py for tasks to queue
[2026-03-19T07:19:36.069+0000] {logging_mixin.py:188} INFO - [2026-03-19T07:19:36.068+0000] {dagbag.py:545} INFO - Filling up the DagBag from /home/airflow/.local/lib/python3.12/site-packages/airflow/example_dags/example_local_kubernetes_executor.py
[2026-03-19T07:19:36.088+0000] {processor.py:840} INFO - DAG(s) 'example_local_kubernetes_executor' retrieved from /home/airflow/.local/lib/python3.12/site-packages/airflow/example_dags/example_local_kubernetes_executor.py
[2026-03-19T07:19:36.144+0000] {logging_mixin.py:188} INFO - [2026-03-19T07:19:36.143+0000] {dag.py:3096} INFO - Sync 1 DAGs
[2026-03-19T07:19:36.174+0000] {logging_mixin.py:188} INFO - [2026-03-19T07:19:36.172+0000] {dag.py:3954} INFO - Setting next_dagrun for example_local_kubernetes_executor to None, run_after=None
[2026-03-19T07:19:36.210+0000] {processor.py:183} INFO - Processing /home/airflow/.local/lib/python3.12/site-packages/airflow/example_dags/example_local_kubernetes_executor.py took 0.160 seconds
[2026-03-19T07:20:06.738+0000] {processor.py:161} INFO - Started process (PID=36739) to work on /home/airflow/.local/lib/python3.12/site-packages/airflow/example_dags/example_local_kubernetes_executor.py
[2026-03-19T07:20:06.739+0000] {processor.py:830} INFO - Processing file /home/airflow/.local/lib/python3.12/site-packages/airflow/example_dags/example_local_kubernetes_executor.py for tasks to queue
[2026-03-19T07:20:06.739+0000] {logging_mixin.py:188} INFO - [2026-03-19T07:20:06.739+0000] {dagbag.py:545} INFO - Filling up the DagBag from /home/airflow/.local/lib/python3.12/site-packages/airflow/example_dags/example_local_kubernetes_executor.py
[2026-03-19T07:20:06.744+0000] {processor.py:840} INFO - DAG(s) 'example_local_kubernetes_executor' retrieved from /home/airflow/.local/lib/python3.12/site-packages/airflow/example_dags/example_local_kubernetes_executor.py
[2026-03-19T07:20:06.763+0000] {logging_mixin.py:188} INFO - [2026-03-19T07:20:06.763+0000] {dag.py:3096} INFO - Sync 1 DAGs
[2026-03-19T07:20:06.770+0000] {logging_mixin.py:188} INFO - [2026-03-19T07:20:06.770+0000] {dag.py:3954} INFO - Setting next_dagrun for example_local_kubernetes_executor to None, run_after=None
[2026-03-19T07:20:06.779+0000] {processor.py:183} INFO - Processing /home/airflow/.local/lib/python3.12/site-packages/airflow/example_dags/example_local_kubernetes_executor.py took 0.046 seconds
[2026-03-19T07:37:30.763+0000] {processor.py:161} INFO - Started process (PID=36797) to work on /home/airflow/.local/lib/python3.12/site-packages/airflow/example_dags/example_local_kubernetes_executor.py
[2026-03-19T07:37:30.764+0000] {processor.py:830} INFO - Processing file /home/airflow/.local/lib/python3.12/site-packages/airflow/example_dags/example_local_kubernetes_executor.py for tasks to queue
[2026-03-19T07:37:30.764+0000] {logging_mixin.py:188} INFO - [2026-03-19T07:37:30.764+0000] {dagbag.py:545} INFO - Filling up the DagBag from /home/airflow/.local/lib/python3.12/site-packages/airflow/example_dags/example_local_kubernetes_executor.py
[2026-03-19T07:37:30.771+0000] {processor.py:840} INFO - DAG(s) 'example_local_kubernetes_executor' retrieved from /home/airflow/.local/lib/python3.12/site-packages/airflow/example_dags/example_local_kubernetes_executor.py
[2026-03-19T07:37:30.804+0000] {logging_mixin.py:188} INFO - [2026-03-19T07:37:30.804+0000] {dag.py:3096} INFO - Sync 1 DAGs
[2026-03-19T07:37:30.813+0000] {logging_mixin.py:188} INFO - [2026-03-19T07:37:30.813+0000] {dag.py:3954} INFO - Setting next_dagrun for example_local_kubernetes_executor to None, run_after=None
[2026-03-19T07:37:30.828+0000] {processor.py:183} INFO - Processing /home/airflow/.local/lib/python3.12/site-packages/airflow/example_dags/example_local_kubernetes_executor.py took 0.070 seconds
[2026-03-19T07:38:04.361+0000] {processor.py:161} INFO - Started process (PID=36864) to work on /home/airflow/.local/lib/python3.12/site-packages/airflow/example_dags/example_local_kubernetes_executor.py
[2026-03-19T07:38:04.364+0000] {processor.py:830} INFO - Processing file /home/airflow/.local/lib/python3.12/site-packages/airflow/example_dags/example_local_kubernetes_executor.py for tasks to queue
[2026-03-19T07:38:04.367+0000] {logging_mixin.py:188} INFO - [2026-03-19T07:38:04.366+0000] {dagbag.py:545} INFO - Filling up the DagBag from /home/airflow/.local/lib/python3.12/site-packages/airflow/example_dags/example_local_kubernetes_executor.py
[2026-03-19T07:38:04.391+0000] {processor.py:840} INFO - DAG(s) 'example_local_kubernetes_executor' retrieved from /home/airflow/.local/lib/python3.12/site-packages/airflow/example_dags/example_local_kubernetes_executor.py
[2026-03-19T07:38:04.879+0000] {logging_mixin.py:188} INFO - [2026-03-19T07:38:04.877+0000] {dag.py:3096} INFO - Sync 1 DAGs
[2026-03-19T07:38:04.980+0000] {logging_mixin.py:188} INFO - [2026-03-19T07:38:04.979+0000] {dag.py:3954} INFO - Setting next_dagrun for example_local_kubernetes_executor to None, run_after=None
[2026-03-19T07:38:05.071+0000] {processor.py:183} INFO - Processing /home/airflow/.local/lib/python3.12/site-packages/airflow/example_dags/example_local_kubernetes_executor.py took 0.729 seconds
[2026-03-19T07:48:56.664+0000] {processor.py:161} INFO - Started process (PID=36923) to work on /home/airflow/.local/lib/python3.12/site-packages/airflow/example_dags/example_local_kubernetes_executor.py
[2026-03-19T07:48:56.665+0000] {processor.py:830} INFO - Processing file /home/airflow/.local/lib/python3.12/site-packages/airflow/example_dags/example_local_kubernetes_executor.py for tasks to queue
[2026-03-19T07:48:56.665+0000] {logging_mixin.py:188} INFO - [2026-03-19T07:48:56.665+0000] {dagbag.py:545} INFO - Filling up the DagBag from /home/airflow/.local/lib/python3.12/site-packages/airflow/example_dags/example_local_kubernetes_executor.py
[2026-03-19T07:48:56.671+0000] {processor.py:840} INFO - DAG(s) 'example_local_kubernetes_executor' retrieved from /home/airflow/.local/lib/python3.12/site-packages/airflow/example_dags/example_local_kubernetes_executor.py
[2026-03-19T07:48:56.711+0000] {logging_mixin.py:188} INFO - [2026-03-19T07:48:56.711+0000] {dag.py:3096} INFO - Sync 1 DAGs
[2026-03-19T07:48:56.727+0000] {logging_mixin.py:188} INFO - [2026-03-19T07:48:56.727+0000] {dag.py:3954} INFO - Setting next_dagrun for example_local_kubernetes_executor to None, run_after=None
[2026-03-19T07:48:56.745+0000] {processor.py:183} INFO - Processing /home/airflow/.local/lib/python3.12/site-packages/airflow/example_dags/example_local_kubernetes_executor.py took 0.086 seconds
[2026-03-19T07:49:28.857+0000] {processor.py:161} INFO - Started process (PID=36982) to work on /home/airflow/.local/lib/python3.12/site-packages/airflow/example_dags/example_local_kubernetes_executor.py
[2026-03-19T07:49:28.858+0000] {processor.py:830} INFO - Processing file /home/airflow/.local/lib/python3.12/site-packages/airflow/example_dags/example_local_kubernetes_executor.py for tasks to queue
[2026-03-19T07:49:28.859+0000] {logging_mixin.py:188} INFO - [2026-03-19T07:49:28.859+0000] {dagbag.py:545} INFO - Filling up the DagBag from /home/airflow/.local/lib/python3.12/site-packages/airflow/example_dags/example_local_kubernetes_executor.py
[2026-03-19T07:49:28.864+0000] {processor.py:840} INFO - DAG(s) 'example_local_kubernetes_executor' retrieved from /home/airflow/.local/lib/python3.12/site-packages/airflow/example_dags/example_local_kubernetes_executor.py
[2026-03-19T07:49:28.890+0000] {logging_mixin.py:188} INFO - [2026-03-19T07:49:28.890+0000] {dag.py:3096} INFO - Sync 1 DAGs
[2026-03-19T07:49:28.898+0000] {logging_mixin.py:188} INFO - [2026-03-19T07:49:28.898+0000] {dag.py:3954} INFO - Setting next_dagrun for example_local_kubernetes_executor to None, run_after=None
[2026-03-19T07:49:28.910+0000] {processor.py:183} INFO - Processing /home/airflow/.local/lib/python3.12/site-packages/airflow/example_dags/example_local_kubernetes_executor.py took 0.057 seconds
[2026-03-19T07:50:00.553+0000] {processor.py:161} INFO - Started process (PID=37041) to work on /home/airflow/.local/lib/python3.12/site-packages/airflow/example_dags/example_local_kubernetes_executor.py
[2026-03-19T07:50:00.554+0000] {processor.py:830} INFO - Processing file /home/airflow/.local/lib/python3.12/site-packages/airflow/example_dags/example_local_kubernetes_executor.py for tasks to queue
[2026-03-19T07:50:00.554+0000] {logging_mixin.py:188} INFO - [2026-03-19T07:50:00.554+0000] {dagbag.py:545} INFO - Filling up the DagBag from /home/airflow/.local/lib/python3.12/site-packages/airflow/example_dags/example_local_kubernetes_executor.py
[2026-03-19T07:50:00.570+0000] {processor.py:840} INFO - DAG(s) 'example_local_kubernetes_executor' retrieved from /home/airflow/.local/lib/python3.12/site-packages/airflow/example_dags/example_local_kubernetes_executor.py
[2026-03-19T07:50:00.663+0000] {logging_mixin.py:188} INFO - [2026-03-19T07:50:00.662+0000] {dag.py:3096} INFO - Sync 1 DAGs
[2026-03-19T07:50:00.688+0000] {logging_mixin.py:188} INFO - [2026-03-19T07:50:00.687+0000] {dag.py:3954} INFO - Setting next_dagrun for example_local_kubernetes_executor to None, run_after=None
[2026-03-19T07:50:00.721+0000] {processor.py:183} INFO - Processing /home/airflow/.local/lib/python3.12/site-packages/airflow/example_dags/example_local_kubernetes_executor.py took 0.177 seconds
[2026-03-19T07:50:31.481+0000] {processor.py:161} INFO - Started process (PID=37100) to work on /home/airflow/.local/lib/python3.12/site-packages/airflow/example_dags/example_local_kubernetes_executor.py
[2026-03-19T07:50:31.482+0000] {processor.py:830} INFO - Processing file /home/airflow/.local/lib/python3.12/site-packages/airflow/example_dags/example_local_kubernetes_executor.py for tasks to queue
[2026-03-19T07:50:31.482+0000] {logging_mixin.py:188} INFO - [2026-03-19T07:50:31.482+0000] {dagbag.py:545} INFO - Filling up the DagBag from /home/airflow/.local/lib/python3.12/site-packages/airflow/example_dags/example_local_kubernetes_executor.py
[2026-03-19T07:50:31.488+0000] {processor.py:840} INFO - DAG(s) 'example_local_kubernetes_executor' retrieved from /home/airflow/.local/lib/python3.12/site-packages/airflow/example_dags/example_local_kubernetes_executor.py
[2026-03-19T07:50:31.522+0000] {logging_mixin.py:188} INFO - [2026-03-19T07:50:31.521+0000] {dag.py:3096} INFO - Sync 1 DAGs
[2026-03-19T07:50:31.538+0000] {logging_mixin.py:188} INFO - [2026-03-19T07:50:31.538+0000] {dag.py:3954} INFO - Setting next_dagrun for example_local_kubernetes_executor to None, run_after=None
[2026-03-19T07:50:31.556+0000] {processor.py:183} INFO - Processing /home/airflow/.local/lib/python3.12/site-packages/airflow/example_dags/example_local_kubernetes_executor.py took 0.079 seconds
[2026-03-19T07:51:02.465+0000] {processor.py:161} INFO - Started process (PID=37159) to work on /home/airflow/.local/lib/python3.12/site-packages/airflow/example_dags/example_local_kubernetes_executor.py
[2026-03-19T07:51:02.470+0000] {processor.py:830} INFO - Processing file /home/airflow/.local/lib/python3.12/site-packages/airflow/example_dags/example_local_kubernetes_executor.py for tasks to queue
[2026-03-19T07:51:02.470+0000] {logging_mixin.py:188} INFO - [2026-03-19T07:51:02.470+0000] {dagbag.py:545} INFO - Filling up the DagBag from /home/airflow/.local/lib/python3.12/site-packages/airflow/example_dags/example_local_kubernetes_executor.py
[2026-03-19T07:51:02.477+0000] {processor.py:840} INFO - DAG(s) 'example_local_kubernetes_executor' retrieved from /home/airflow/.local/lib/python3.12/site-packages/airflow/example_dags/example_local_kubernetes_executor.py
[2026-03-19T07:51:02.517+0000] {logging_mixin.py:188} INFO - [2026-03-19T07:51:02.517+0000] {dag.py:3096} INFO - Sync 1 DAGs
[2026-03-19T07:51:02.526+0000] {logging_mixin.py:188} INFO - [2026-03-19T07:51:02.526+0000] {dag.py:3954} INFO - Setting next_dagrun for example_local_kubernetes_executor to None, run_after=None
[2026-03-19T07:51:02.538+0000] {processor.py:183} INFO - Processing /home/airflow/.local/lib/python3.12/site-packages/airflow/example_dags/example_local_kubernetes_executor.py took 0.078 seconds
[2026-03-19T07:51:34.169+0000] {processor.py:161} INFO - Started process (PID=37218) to work on /home/airflow/.local/lib/python3.12/site-packages/airflow/example_dags/example_local_kubernetes_executor.py
[2026-03-19T07:51:34.171+0000] {processor.py:830} INFO - Processing file /home/airflow/.local/lib/python3.12/site-packages/airflow/example_dags/example_local_kubernetes_executor.py for tasks to queue
[2026-03-19T07:51:34.171+0000] {logging_mixin.py:188} INFO - [2026-03-19T07:51:34.171+0000] {dagbag.py:545} INFO - Filling up the DagBag from /home/airflow/.local/lib/python3.12/site-packages/airflow/example_dags/example_local_kubernetes_executor.py
[2026-03-19T07:51:34.187+0000] {processor.py:840} INFO - DAG(s) 'example_local_kubernetes_executor' retrieved from /home/airflow/.local/lib/python3.12/site-packages/airflow/example_dags/example_local_kubernetes_executor.py
[2026-03-19T07:51:34.276+0000] {logging_mixin.py:188} INFO - [2026-03-19T07:51:34.276+0000] {dag.py:3096} INFO - Sync 1 DAGs
[2026-03-19T07:51:34.309+0000] {logging_mixin.py:188} INFO - [2026-03-19T07:51:34.309+0000] {dag.py:3954} INFO - Setting next_dagrun for example_local_kubernetes_executor to None, run_after=None
[2026-03-19T07:51:34.371+0000] {processor.py:183} INFO - Processing /home/airflow/.local/lib/python3.12/site-packages/airflow/example_dags/example_local_kubernetes_executor.py took 0.211 seconds
[2026-03-19T07:52:04.887+0000] {processor.py:161} INFO - Started process (PID=37277) to work on /home/airflow/.local/lib/python3.12/site-packages/airflow/example_dags/example_local_kubernetes_executor.py
[2026-03-19T07:52:04.888+0000] {processor.py:830} INFO - Processing file /home/airflow/.local/lib/python3.12/site-packages/airflow/example_dags/example_local_kubernetes_executor.py for tasks to queue
[2026-03-19T07:52:04.888+0000] {logging_mixin.py:188} INFO - [2026-03-19T07:52:04.888+0000] {dagbag.py:545} INFO - Filling up the DagBag from /home/airflow/.local/lib/python3.12/site-packages/airflow/example_dags/example_local_kubernetes_executor.py
[2026-03-19T07:52:04.895+0000] {processor.py:840} INFO - DAG(s) 'example_local_kubernetes_executor' retrieved from /home/airflow/.local/lib/python3.12/site-packages/airflow/example_dags/example_local_kubernetes_executor.py
[2026-03-19T07:52:04.923+0000] {logging_mixin.py:188} INFO - [2026-03-19T07:52:04.923+0000] {dag.py:3096} INFO - Sync 1 DAGs
[2026-03-19T07:52:04.938+0000] {logging_mixin.py:188} INFO - [2026-03-19T07:52:04.938+0000] {dag.py:3954} INFO - Setting next_dagrun for example_local_kubernetes_executor to None, run_after=None
[2026-03-19T07:52:04.950+0000] {processor.py:183} INFO - Processing /home/airflow/.local/lib/python3.12/site-packages/airflow/example_dags/example_local_kubernetes_executor.py took 0.066 seconds
[2026-03-19T07:52:35.837+0000] {processor.py:161} INFO - Started process (PID=37336) to work on /home/airflow/.local/lib/python3.12/site-packages/airflow/example_dags/example_local_kubernetes_executor.py
[2026-03-19T07:52:35.838+0000] {processor.py:830} INFO - Processing file /home/airflow/.local/lib/python3.12/site-packages/airflow/example_dags/example_local_kubernetes_executor.py for tasks to queue
[2026-03-19T07:52:35.838+0000] {logging_mixin.py:188} INFO - [2026-03-19T07:52:35.838+0000] {dagbag.py:545} INFO - Filling up the DagBag from /home/airflow/.local/lib/python3.12/site-packages/airflow/example_dags/example_local_kubernetes_executor.py
[2026-03-19T07:52:35.849+0000] {processor.py:840} INFO - DAG(s) 'example_local_kubernetes_executor' retrieved from /home/airflow/.local/lib/python3.12/site-packages/airflow/example_dags/example_local_kubernetes_executor.py
[2026-03-19T07:52:35.876+0000] {logging_mixin.py:188} INFO - [2026-03-19T07:52:35.875+0000] {dag.py:3096} INFO - Sync 1 DAGs
[2026-03-19T07:52:35.887+0000] {logging_mixin.py:188} INFO - [2026-03-19T07:52:35.887+0000] {dag.py:3954} INFO - Setting next_dagrun for example_local_kubernetes_executor to None, run_after=None
[2026-03-19T07:52:35.897+0000] {processor.py:183} INFO - Processing /home/airflow/.local/lib/python3.12/site-packages/airflow/example_dags/example_local_kubernetes_executor.py took 0.064 seconds
[2026-03-19T07:53:06.546+0000] {processor.py:161} INFO - Started process (PID=37395) to work on /home/airflow/.local/lib/python3.12/site-packages/airflow/example_dags/example_local_kubernetes_executor.py
[2026-03-19T07:53:06.547+0000] {processor.py:830} INFO - Processing file /home/airflow/.local/lib/python3.12/site-packages/airflow/example_dags/example_local_kubernetes_executor.py for tasks to queue
[2026-03-19T07:53:06.548+0000] {logging_mixin.py:188} INFO - [2026-03-19T07:53:06.548+0000] {dagbag.py:545} INFO - Filling up the DagBag from /home/airflow/.local/lib/python3.12/site-packages/airflow/example_dags/example_local_kubernetes_executor.py
[2026-03-19T07:53:06.552+0000] {processor.py:840} INFO - DAG(s) 'example_local_kubernetes_executor' retrieved from /home/airflow/.local/lib/python3.12/site-packages/airflow/example_dags/example_local_kubernetes_executor.py
[2026-03-19T07:53:06.570+0000] {logging_mixin.py:188} INFO - [2026-03-19T07:53:06.570+0000] {dag.py:3096} INFO - Sync 1 DAGs
[2026-03-19T07:53:06.576+0000] {logging_mixin.py:188} INFO - [2026-03-19T07:53:06.576+0000] {dag.py:3954} INFO - Setting next_dagrun for example_local_kubernetes_executor to None, run_after=None
[2026-03-19T07:53:06.585+0000] {processor.py:183} INFO - Processing /home/airflow/.local/lib/python3.12/site-packages/airflow/example_dags/example_local_kubernetes_executor.py took 0.042 seconds
[2026-03-19T07:53:36.959+0000] {processor.py:161} INFO - Started process (PID=37454) to work on /home/airflow/.local/lib/python3.12/site-packages/airflow/example_dags/example_local_kubernetes_executor.py
[2026-03-19T07:53:36.960+0000] {processor.py:830} INFO - Processing file /home/airflow/.local/lib/python3.12/site-packages/airflow/example_dags/example_local_kubernetes_executor.py for tasks to queue
[2026-03-19T07:53:36.960+0000] {logging_mixin.py:188} INFO - [2026-03-19T07:53:36.960+0000] {dagbag.py:545} INFO - Filling up the DagBag from /home/airflow/.local/lib/python3.12/site-packages/airflow/example_dags/example_local_kubernetes_executor.py
[2026-03-19T07:53:36.968+0000] {processor.py:840} INFO - DAG(s) 'example_local_kubernetes_executor' retrieved from /home/airflow/.local/lib/python3.12/site-packages/airflow/example_dags/example_local_kubernetes_executor.py
[2026-03-19T07:53:37.001+0000] {logging_mixin.py:188} INFO - [2026-03-19T07:53:37.001+0000] {dag.py:3096} INFO - Sync 1 DAGs
[2026-03-19T07:53:37.012+0000] {logging_mixin.py:188} INFO - [2026-03-19T07:53:37.011+0000] {dag.py:3954} INFO - Setting next_dagrun for example_local_kubernetes_executor to None, run_after=None
[2026-03-19T07:53:37.025+0000] {processor.py:183} INFO - Processing /home/airflow/.local/lib/python3.12/site-packages/airflow/example_dags/example_local_kubernetes_executor.py took 0.073 seconds
[2026-03-19T07:54:07.352+0000] {processor.py:161} INFO - Started process (PID=37513) to work on /home/airflow/.local/lib/python3.12/site-packages/airflow/example_dags/example_local_kubernetes_executor.py
[2026-03-19T07:54:07.352+0000] {processor.py:830} INFO - Processing file /home/airflow/.local/lib/python3.12/site-packages/airflow/example_dags/example_local_kubernetes_executor.py for tasks to queue
[2026-03-19T07:54:07.353+0000] {logging_mixin.py:188} INFO - [2026-03-19T07:54:07.353+0000] {dagbag.py:545} INFO - Filling up the DagBag from /home/airflow/.local/lib/python3.12/site-packages/airflow/example_dags/example_local_kubernetes_executor.py
[2026-03-19T07:54:07.358+0000] {processor.py:840} INFO - DAG(s) 'example_local_kubernetes_executor' retrieved from /home/airflow/.local/lib/python3.12/site-packages/airflow/example_dags/example_local_kubernetes_executor.py
[2026-03-19T07:54:07.379+0000] {logging_mixin.py:188} INFO - [2026-03-19T07:54:07.378+0000] {dag.py:3096} INFO - Sync 1 DAGs
[2026-03-19T07:54:07.389+0000] {logging_mixin.py:188} INFO - [2026-03-19T07:54:07.388+0000] {dag.py:3954} INFO - Setting next_dagrun for example_local_kubernetes_executor to None, run_after=None
[2026-03-19T07:54:07.400+0000] {processor.py:183} INFO - Processing /home/airflow/.local/lib/python3.12/site-packages/airflow/example_dags/example_local_kubernetes_executor.py took 0.052 seconds
[2026-03-19T07:54:37.690+0000] {processor.py:161} INFO - Started process (PID=37572) to work on /home/airflow/.local/lib/python3.12/site-packages/airflow/example_dags/example_local_kubernetes_executor.py
[2026-03-19T07:54:37.691+0000] {processor.py:830} INFO - Processing file /home/airflow/.local/lib/python3.12/site-packages/airflow/example_dags/example_local_kubernetes_executor.py for tasks to queue
[2026-03-19T07:54:37.692+0000] {logging_mixin.py:188} INFO - [2026-03-19T07:54:37.692+0000] {dagbag.py:545} INFO - Filling up the DagBag from /home/airflow/.local/lib/python3.12/site-packages/airflow/example_dags/example_local_kubernetes_executor.py
[2026-03-19T07:54:37.696+0000] {processor.py:840} INFO - DAG(s) 'example_local_kubernetes_executor' retrieved from /home/airflow/.local/lib/python3.12/site-packages/airflow/example_dags/example_local_kubernetes_executor.py
[2026-03-19T07:54:37.719+0000] {logging_mixin.py:188} INFO - [2026-03-19T07:54:37.719+0000] {dag.py:3096} INFO - Sync 1 DAGs
[2026-03-19T07:54:37.729+0000] {logging_mixin.py:188} INFO - [2026-03-19T07:54:37.729+0000] {dag.py:3954} INFO - Setting next_dagrun for example_local_kubernetes_executor to None, run_after=None
[2026-03-19T07:54:37.746+0000] {processor.py:183} INFO - Processing /home/airflow/.local/lib/python3.12/site-packages/airflow/example_dags/example_local_kubernetes_executor.py took 0.059 seconds
[2026-03-19T07:55:08.033+0000] {processor.py:161} INFO - Started process (PID=37631) to work on /home/airflow/.local/lib/python3.12/site-packages/airflow/example_dags/example_local_kubernetes_executor.py
[2026-03-19T07:55:08.034+0000] {processor.py:830} INFO - Processing file /home/airflow/.local/lib/python3.12/site-packages/airflow/example_dags/example_local_kubernetes_executor.py for tasks to queue
[2026-03-19T07:55:08.034+0000] {logging_mixin.py:188} INFO - [2026-03-19T07:55:08.034+0000] {dagbag.py:545} INFO - Filling up the DagBag from /home/airflow/.local/lib/python3.12/site-packages/airflow/example_dags/example_local_kubernetes_executor.py
[2026-03-19T07:55:08.038+0000] {processor.py:840} INFO - DAG(s) 'example_local_kubernetes_executor' retrieved from /home/airflow/.local/lib/python3.12/site-packages/airflow/example_dags/example_local_kubernetes_executor.py
[2026-03-19T07:55:08.062+0000] {logging_mixin.py:188} INFO - [2026-03-19T07:55:08.062+0000] {dag.py:3096} INFO - Sync 1 DAGs
[2026-03-19T07:55:08.072+0000] {logging_mixin.py:188} INFO - [2026-03-19T07:55:08.072+0000] {dag.py:3954} INFO - Setting next_dagrun for example_local_kubernetes_executor to None, run_after=None
[2026-03-19T07:55:08.084+0000] {processor.py:183} INFO - Processing /home/airflow/.local/lib/python3.12/site-packages/airflow/example_dags/example_local_kubernetes_executor.py took 0.055 seconds
[2026-03-19T07:55:38.819+0000] {processor.py:161} INFO - Started process (PID=37690) to work on /home/airflow/.local/lib/python3.12/site-packages/airflow/example_dags/example_local_kubernetes_executor.py
[2026-03-19T07:55:38.820+0000] {processor.py:830} INFO - Processing file /home/airflow/.local/lib/python3.12/site-packages/airflow/example_dags/example_local_kubernetes_executor.py for tasks to queue
[2026-03-19T07:55:38.821+0000] {logging_mixin.py:188} INFO - [2026-03-19T07:55:38.820+0000] {dagbag.py:545} INFO - Filling up the DagBag from /home/airflow/.local/lib/python3.12/site-packages/airflow/example_dags/example_local_kubernetes_executor.py
[2026-03-19T07:55:38.828+0000] {processor.py:840} INFO - DAG(s) 'example_local_kubernetes_executor' retrieved from /home/airflow/.local/lib/python3.12/site-packages/airflow/example_dags/example_local_kubernetes_executor.py
[2026-03-19T07:55:38.857+0000] {logging_mixin.py:188} INFO - [2026-03-19T07:55:38.857+0000] {dag.py:3096} INFO - Sync 1 DAGs
[2026-03-19T07:55:38.865+0000] {logging_mixin.py:188} INFO - [2026-03-19T07:55:38.865+0000] {dag.py:3954} INFO - Setting next_dagrun for example_local_kubernetes_executor to None, run_after=None
[2026-03-19T07:55:38.877+0000] {processor.py:183} INFO - Processing /home/airflow/.local/lib/python3.12/site-packages/airflow/example_dags/example_local_kubernetes_executor.py took 0.062 seconds
[2026-03-19T07:56:09.553+0000] {processor.py:161} INFO - Started process (PID=37749) to work on /home/airflow/.local/lib/python3.12/site-packages/airflow/example_dags/example_local_kubernetes_executor.py
[2026-03-19T07:56:09.556+0000] {processor.py:830} INFO - Processing file /home/airflow/.local/lib/python3.12/site-packages/airflow/example_dags/example_local_kubernetes_executor.py for tasks to queue
[2026-03-19T07:56:09.558+0000] {logging_mixin.py:188} INFO - [2026-03-19T07:56:09.558+0000] {dagbag.py:545} INFO - Filling up the DagBag from /home/airflow/.local/lib/python3.12/site-packages/airflow/example_dags/example_local_kubernetes_executor.py
[2026-03-19T07:56:09.566+0000] {processor.py:840} INFO - DAG(s) 'example_local_kubernetes_executor' retrieved from /home/airflow/.local/lib/python3.12/site-packages/airflow/example_dags/example_local_kubernetes_executor.py
[2026-03-19T07:56:09.612+0000] {logging_mixin.py:188} INFO - [2026-03-19T07:56:09.611+0000] {dag.py:3096} INFO - Sync 1 DAGs
[2026-03-19T07:56:09.625+0000] {logging_mixin.py:188} INFO - [2026-03-19T07:56:09.625+0000] {dag.py:3954} INFO - Setting next_dagrun for example_local_kubernetes_executor to None, run_after=None
[2026-03-19T07:56:09.637+0000] {processor.py:183} INFO - Processing /home/airflow/.local/lib/python3.12/site-packages/airflow/example_dags/example_local_kubernetes_executor.py took 0.097 seconds
