[2026-03-19T00:12:44.259+0000] {processor.py:161} INFO - Started process (PID=35688) to work on /home/airflow/.local/lib/python3.12/site-packages/airflow/example_dags/tutorial_taskflow_api.py
[2026-03-19T00:12:44.260+0000] {processor.py:830} INFO - Processing file /home/airflow/.local/lib/python3.12/site-packages/airflow/example_dags/tutorial_taskflow_api.py for tasks to queue
[2026-03-19T00:12:44.261+0000] {logging_mixin.py:188} INFO - [2026-03-19T00:12:44.261+0000] {dagbag.py:545} INFO - Filling up the DagBag from /home/airflow/.local/lib/python3.12/site-packages/airflow/example_dags/tutorial_taskflow_api.py
[2026-03-19T00:12:44.266+0000] {processor.py:840} INFO - DAG(s) 'tutorial_taskflow_api' retrieved from /home/airflow/.local/lib/python3.12/site-packages/airflow/example_dags/tutorial_taskflow_api.py
[2026-03-19T00:12:44.295+0000] {logging_mixin.py:188} INFO - [2026-03-19T00:12:44.294+0000] {dag.py:3096} INFO - Sync 1 DAGs
[2026-03-19T00:12:44.320+0000] {logging_mixin.py:188} INFO - [2026-03-19T00:12:44.319+0000] {dag.py:3954} INFO - Setting next_dagrun for tutorial_taskflow_api to None, run_after=None
[2026-03-19T00:12:44.363+0000] {processor.py:183} INFO - Processing /home/airflow/.local/lib/python3.12/site-packages/airflow/example_dags/tutorial_taskflow_api.py took 0.109 seconds
[2026-03-19T00:46:44.560+0000] {processor.py:161} INFO - Started process (PID=35747) to work on /home/airflow/.local/lib/python3.12/site-packages/airflow/example_dags/tutorial_taskflow_api.py
[2026-03-19T00:46:44.564+0000] {processor.py:830} INFO - Processing file /home/airflow/.local/lib/python3.12/site-packages/airflow/example_dags/tutorial_taskflow_api.py for tasks to queue
[2026-03-19T00:46:44.573+0000] {logging_mixin.py:188} INFO - [2026-03-19T00:46:44.573+0000] {dagbag.py:545} INFO - Filling up the DagBag from /home/airflow/.local/lib/python3.12/site-packages/airflow/example_dags/tutorial_taskflow_api.py
[2026-03-19T00:46:44.580+0000] {processor.py:840} INFO - DAG(s) 'tutorial_taskflow_api' retrieved from /home/airflow/.local/lib/python3.12/site-packages/airflow/example_dags/tutorial_taskflow_api.py
[2026-03-19T00:46:44.604+0000] {logging_mixin.py:188} INFO - [2026-03-19T00:46:44.604+0000] {dag.py:3096} INFO - Sync 1 DAGs
[2026-03-19T00:46:44.620+0000] {logging_mixin.py:188} INFO - [2026-03-19T00:46:44.620+0000] {dag.py:3954} INFO - Setting next_dagrun for tutorial_taskflow_api to None, run_after=None
[2026-03-19T00:46:44.638+0000] {processor.py:183} INFO - Processing /home/airflow/.local/lib/python3.12/site-packages/airflow/example_dags/tutorial_taskflow_api.py took 0.091 seconds
[2026-03-19T01:13:44.138+0000] {processor.py:161} INFO - Started process (PID=35814) to work on /home/airflow/.local/lib/python3.12/site-packages/airflow/example_dags/tutorial_taskflow_api.py
[2026-03-19T01:13:44.139+0000] {processor.py:830} INFO - Processing file /home/airflow/.local/lib/python3.12/site-packages/airflow/example_dags/tutorial_taskflow_api.py for tasks to queue
[2026-03-19T01:13:44.142+0000] {logging_mixin.py:188} INFO - [2026-03-19T01:13:44.142+0000] {dagbag.py:545} INFO - Filling up the DagBag from /home/airflow/.local/lib/python3.12/site-packages/airflow/example_dags/tutorial_taskflow_api.py
[2026-03-19T01:13:44.148+0000] {processor.py:840} INFO - DAG(s) 'tutorial_taskflow_api' retrieved from /home/airflow/.local/lib/python3.12/site-packages/airflow/example_dags/tutorial_taskflow_api.py
[2026-03-19T01:13:44.183+0000] {logging_mixin.py:188} INFO - [2026-03-19T01:13:44.182+0000] {dag.py:3096} INFO - Sync 1 DAGs
[2026-03-19T01:13:44.197+0000] {logging_mixin.py:188} INFO - [2026-03-19T01:13:44.197+0000] {dag.py:3954} INFO - Setting next_dagrun for tutorial_taskflow_api to None, run_after=None
[2026-03-19T01:13:44.235+0000] {processor.py:183} INFO - Processing /home/airflow/.local/lib/python3.12/site-packages/airflow/example_dags/tutorial_taskflow_api.py took 0.104 seconds
[2026-03-19T01:31:03.475+0000] {processor.py:161} INFO - Started process (PID=35881) to work on /home/airflow/.local/lib/python3.12/site-packages/airflow/example_dags/tutorial_taskflow_api.py
[2026-03-19T01:31:03.510+0000] {processor.py:830} INFO - Processing file /home/airflow/.local/lib/python3.12/site-packages/airflow/example_dags/tutorial_taskflow_api.py for tasks to queue
[2026-03-19T01:31:03.537+0000] {logging_mixin.py:188} INFO - [2026-03-19T01:31:03.535+0000] {dagbag.py:545} INFO - Filling up the DagBag from /home/airflow/.local/lib/python3.12/site-packages/airflow/example_dags/tutorial_taskflow_api.py
[2026-03-19T01:31:03.623+0000] {processor.py:840} INFO - DAG(s) 'tutorial_taskflow_api' retrieved from /home/airflow/.local/lib/python3.12/site-packages/airflow/example_dags/tutorial_taskflow_api.py
[2026-03-19T01:31:03.864+0000] {logging_mixin.py:188} INFO - [2026-03-19T01:31:03.863+0000] {dag.py:3096} INFO - Sync 1 DAGs
[2026-03-19T01:31:03.962+0000] {logging_mixin.py:188} INFO - [2026-03-19T01:31:03.961+0000] {dag.py:3954} INFO - Setting next_dagrun for tutorial_taskflow_api to None, run_after=None
[2026-03-19T01:31:04.265+0000] {processor.py:183} INFO - Processing /home/airflow/.local/lib/python3.12/site-packages/airflow/example_dags/tutorial_taskflow_api.py took 1.009 seconds
[2026-03-19T02:15:08.223+0000] {processor.py:161} INFO - Started process (PID=35945) to work on /home/airflow/.local/lib/python3.12/site-packages/airflow/example_dags/tutorial_taskflow_api.py
[2026-03-19T02:15:08.246+0000] {processor.py:830} INFO - Processing file /home/airflow/.local/lib/python3.12/site-packages/airflow/example_dags/tutorial_taskflow_api.py for tasks to queue
[2026-03-19T02:15:08.263+0000] {logging_mixin.py:188} INFO - [2026-03-19T02:15:08.261+0000] {dagbag.py:545} INFO - Filling up the DagBag from /home/airflow/.local/lib/python3.12/site-packages/airflow/example_dags/tutorial_taskflow_api.py
[2026-03-19T02:15:08.385+0000] {processor.py:840} INFO - DAG(s) 'tutorial_taskflow_api' retrieved from /home/airflow/.local/lib/python3.12/site-packages/airflow/example_dags/tutorial_taskflow_api.py
[2026-03-19T02:15:08.545+0000] {logging_mixin.py:188} INFO - [2026-03-19T02:15:08.544+0000] {dag.py:3096} INFO - Sync 1 DAGs
[2026-03-19T02:15:08.753+0000] {logging_mixin.py:188} INFO - [2026-03-19T02:15:08.732+0000] {dag.py:3954} INFO - Setting next_dagrun for tutorial_taskflow_api to None, run_after=None
[2026-03-19T02:15:08.873+0000] {processor.py:183} INFO - Processing /home/airflow/.local/lib/python3.12/site-packages/airflow/example_dags/tutorial_taskflow_api.py took 0.740 seconds
[2026-03-19T03:06:06.808+0000] {processor.py:161} INFO - Started process (PID=36031) to work on /home/airflow/.local/lib/python3.12/site-packages/airflow/example_dags/tutorial_taskflow_api.py
[2026-03-19T03:06:06.816+0000] {processor.py:830} INFO - Processing file /home/airflow/.local/lib/python3.12/site-packages/airflow/example_dags/tutorial_taskflow_api.py for tasks to queue
[2026-03-19T03:06:06.818+0000] {logging_mixin.py:188} INFO - [2026-03-19T03:06:06.817+0000] {dagbag.py:545} INFO - Filling up the DagBag from /home/airflow/.local/lib/python3.12/site-packages/airflow/example_dags/tutorial_taskflow_api.py
[2026-03-19T03:06:06.838+0000] {processor.py:840} INFO - DAG(s) 'tutorial_taskflow_api' retrieved from /home/airflow/.local/lib/python3.12/site-packages/airflow/example_dags/tutorial_taskflow_api.py
[2026-03-19T03:06:06.876+0000] {logging_mixin.py:188} INFO - [2026-03-19T03:06:06.875+0000] {dag.py:3096} INFO - Sync 1 DAGs
[2026-03-19T03:06:06.903+0000] {logging_mixin.py:188} INFO - [2026-03-19T03:06:06.902+0000] {dag.py:3954} INFO - Setting next_dagrun for tutorial_taskflow_api to None, run_after=None
[2026-03-19T03:06:06.943+0000] {processor.py:183} INFO - Processing /home/airflow/.local/lib/python3.12/site-packages/airflow/example_dags/tutorial_taskflow_api.py took 0.159 seconds
[2026-03-19T03:06:37.768+0000] {processor.py:161} INFO - Started process (PID=36102) to work on /home/airflow/.local/lib/python3.12/site-packages/airflow/example_dags/tutorial_taskflow_api.py
[2026-03-19T03:06:37.768+0000] {processor.py:830} INFO - Processing file /home/airflow/.local/lib/python3.12/site-packages/airflow/example_dags/tutorial_taskflow_api.py for tasks to queue
[2026-03-19T03:06:37.770+0000] {logging_mixin.py:188} INFO - [2026-03-19T03:06:37.770+0000] {dagbag.py:545} INFO - Filling up the DagBag from /home/airflow/.local/lib/python3.12/site-packages/airflow/example_dags/tutorial_taskflow_api.py
[2026-03-19T03:06:37.774+0000] {processor.py:840} INFO - DAG(s) 'tutorial_taskflow_api' retrieved from /home/airflow/.local/lib/python3.12/site-packages/airflow/example_dags/tutorial_taskflow_api.py
[2026-03-19T03:06:37.791+0000] {logging_mixin.py:188} INFO - [2026-03-19T03:06:37.790+0000] {dag.py:3096} INFO - Sync 1 DAGs
[2026-03-19T03:06:37.797+0000] {logging_mixin.py:188} INFO - [2026-03-19T03:06:37.797+0000] {dag.py:3954} INFO - Setting next_dagrun for tutorial_taskflow_api to None, run_after=None
[2026-03-19T03:06:37.813+0000] {processor.py:183} INFO - Processing /home/airflow/.local/lib/python3.12/site-packages/airflow/example_dags/tutorial_taskflow_api.py took 0.048 seconds
[2026-03-19T03:15:42.017+0000] {processor.py:161} INFO - Started process (PID=36161) to work on /home/airflow/.local/lib/python3.12/site-packages/airflow/example_dags/tutorial_taskflow_api.py
[2026-03-19T03:15:42.017+0000] {processor.py:830} INFO - Processing file /home/airflow/.local/lib/python3.12/site-packages/airflow/example_dags/tutorial_taskflow_api.py for tasks to queue
[2026-03-19T03:15:42.018+0000] {logging_mixin.py:188} INFO - [2026-03-19T03:15:42.018+0000] {dagbag.py:545} INFO - Filling up the DagBag from /home/airflow/.local/lib/python3.12/site-packages/airflow/example_dags/tutorial_taskflow_api.py
[2026-03-19T03:15:42.022+0000] {processor.py:840} INFO - DAG(s) 'tutorial_taskflow_api' retrieved from /home/airflow/.local/lib/python3.12/site-packages/airflow/example_dags/tutorial_taskflow_api.py
[2026-03-19T03:15:42.038+0000] {logging_mixin.py:188} INFO - [2026-03-19T03:15:42.038+0000] {dag.py:3096} INFO - Sync 1 DAGs
[2026-03-19T03:15:42.053+0000] {logging_mixin.py:188} INFO - [2026-03-19T03:15:42.053+0000] {dag.py:3954} INFO - Setting next_dagrun for tutorial_taskflow_api to None, run_after=None
[2026-03-19T03:15:42.071+0000] {processor.py:183} INFO - Processing /home/airflow/.local/lib/python3.12/site-packages/airflow/example_dags/tutorial_taskflow_api.py took 0.059 seconds
[2026-03-19T03:32:01.014+0000] {processor.py:161} INFO - Started process (PID=36220) to work on /home/airflow/.local/lib/python3.12/site-packages/airflow/example_dags/tutorial_taskflow_api.py
[2026-03-19T03:32:01.016+0000] {processor.py:830} INFO - Processing file /home/airflow/.local/lib/python3.12/site-packages/airflow/example_dags/tutorial_taskflow_api.py for tasks to queue
[2026-03-19T03:32:01.019+0000] {logging_mixin.py:188} INFO - [2026-03-19T03:32:01.018+0000] {dagbag.py:545} INFO - Filling up the DagBag from /home/airflow/.local/lib/python3.12/site-packages/airflow/example_dags/tutorial_taskflow_api.py
[2026-03-19T03:32:01.033+0000] {processor.py:840} INFO - DAG(s) 'tutorial_taskflow_api' retrieved from /home/airflow/.local/lib/python3.12/site-packages/airflow/example_dags/tutorial_taskflow_api.py
[2026-03-19T03:32:01.109+0000] {logging_mixin.py:188} INFO - [2026-03-19T03:32:01.109+0000] {dag.py:3096} INFO - Sync 1 DAGs
[2026-03-19T03:32:01.139+0000] {logging_mixin.py:188} INFO - [2026-03-19T03:32:01.139+0000] {dag.py:3954} INFO - Setting next_dagrun for tutorial_taskflow_api to None, run_after=None
[2026-03-19T03:32:01.171+0000] {processor.py:183} INFO - Processing /home/airflow/.local/lib/python3.12/site-packages/airflow/example_dags/tutorial_taskflow_api.py took 0.174 seconds
[2026-03-19T04:16:42.362+0000] {processor.py:161} INFO - Started process (PID=36287) to work on /home/airflow/.local/lib/python3.12/site-packages/airflow/example_dags/tutorial_taskflow_api.py
[2026-03-19T04:16:42.370+0000] {processor.py:830} INFO - Processing file /home/airflow/.local/lib/python3.12/site-packages/airflow/example_dags/tutorial_taskflow_api.py for tasks to queue
[2026-03-19T04:16:42.372+0000] {logging_mixin.py:188} INFO - [2026-03-19T04:16:42.372+0000] {dagbag.py:545} INFO - Filling up the DagBag from /home/airflow/.local/lib/python3.12/site-packages/airflow/example_dags/tutorial_taskflow_api.py
[2026-03-19T04:16:42.401+0000] {processor.py:840} INFO - DAG(s) 'tutorial_taskflow_api' retrieved from /home/airflow/.local/lib/python3.12/site-packages/airflow/example_dags/tutorial_taskflow_api.py
[2026-03-19T04:16:42.540+0000] {logging_mixin.py:188} INFO - [2026-03-19T04:16:42.539+0000] {dag.py:3096} INFO - Sync 1 DAGs
[2026-03-19T04:16:42.570+0000] {logging_mixin.py:188} INFO - [2026-03-19T04:16:42.570+0000] {dag.py:3954} INFO - Setting next_dagrun for tutorial_taskflow_api to None, run_after=None
[2026-03-19T04:16:42.609+0000] {processor.py:183} INFO - Processing /home/airflow/.local/lib/python3.12/site-packages/airflow/example_dags/tutorial_taskflow_api.py took 0.267 seconds
[2026-03-19T04:17:14.242+0000] {processor.py:161} INFO - Started process (PID=36354) to work on /home/airflow/.local/lib/python3.12/site-packages/airflow/example_dags/tutorial_taskflow_api.py
[2026-03-19T04:17:14.244+0000] {processor.py:830} INFO - Processing file /home/airflow/.local/lib/python3.12/site-packages/airflow/example_dags/tutorial_taskflow_api.py for tasks to queue
[2026-03-19T04:17:14.245+0000] {logging_mixin.py:188} INFO - [2026-03-19T04:17:14.244+0000] {dagbag.py:545} INFO - Filling up the DagBag from /home/airflow/.local/lib/python3.12/site-packages/airflow/example_dags/tutorial_taskflow_api.py
[2026-03-19T04:17:14.258+0000] {processor.py:840} INFO - DAG(s) 'tutorial_taskflow_api' retrieved from /home/airflow/.local/lib/python3.12/site-packages/airflow/example_dags/tutorial_taskflow_api.py
[2026-03-19T04:17:14.295+0000] {logging_mixin.py:188} INFO - [2026-03-19T04:17:14.294+0000] {dag.py:3096} INFO - Sync 1 DAGs
[2026-03-19T04:17:14.307+0000] {logging_mixin.py:188} INFO - [2026-03-19T04:17:14.306+0000] {dag.py:3954} INFO - Setting next_dagrun for tutorial_taskflow_api to None, run_after=None
[2026-03-19T04:17:14.465+0000] {processor.py:183} INFO - Processing /home/airflow/.local/lib/python3.12/site-packages/airflow/example_dags/tutorial_taskflow_api.py took 0.235 seconds
[2026-03-19T05:17:36.844+0000] {processor.py:161} INFO - Started process (PID=36413) to work on /home/airflow/.local/lib/python3.12/site-packages/airflow/example_dags/tutorial_taskflow_api.py
[2026-03-19T05:17:36.845+0000] {processor.py:830} INFO - Processing file /home/airflow/.local/lib/python3.12/site-packages/airflow/example_dags/tutorial_taskflow_api.py for tasks to queue
[2026-03-19T05:17:36.846+0000] {logging_mixin.py:188} INFO - [2026-03-19T05:17:36.845+0000] {dagbag.py:545} INFO - Filling up the DagBag from /home/airflow/.local/lib/python3.12/site-packages/airflow/example_dags/tutorial_taskflow_api.py
[2026-03-19T05:17:36.850+0000] {processor.py:840} INFO - DAG(s) 'tutorial_taskflow_api' retrieved from /home/airflow/.local/lib/python3.12/site-packages/airflow/example_dags/tutorial_taskflow_api.py
[2026-03-19T05:17:36.871+0000] {logging_mixin.py:188} INFO - [2026-03-19T05:17:36.871+0000] {dag.py:3096} INFO - Sync 1 DAGs
[2026-03-19T05:17:36.881+0000] {logging_mixin.py:188} INFO - [2026-03-19T05:17:36.880+0000] {dag.py:3954} INFO - Setting next_dagrun for tutorial_taskflow_api to None, run_after=None
[2026-03-19T05:17:36.906+0000] {processor.py:183} INFO - Processing /home/airflow/.local/lib/python3.12/site-packages/airflow/example_dags/tutorial_taskflow_api.py took 0.067 seconds
[2026-03-19T05:18:07.385+0000] {processor.py:161} INFO - Started process (PID=36472) to work on /home/airflow/.local/lib/python3.12/site-packages/airflow/example_dags/tutorial_taskflow_api.py
[2026-03-19T05:18:07.385+0000] {processor.py:830} INFO - Processing file /home/airflow/.local/lib/python3.12/site-packages/airflow/example_dags/tutorial_taskflow_api.py for tasks to queue
[2026-03-19T05:18:07.386+0000] {logging_mixin.py:188} INFO - [2026-03-19T05:18:07.386+0000] {dagbag.py:545} INFO - Filling up the DagBag from /home/airflow/.local/lib/python3.12/site-packages/airflow/example_dags/tutorial_taskflow_api.py
[2026-03-19T05:18:07.390+0000] {processor.py:840} INFO - DAG(s) 'tutorial_taskflow_api' retrieved from /home/airflow/.local/lib/python3.12/site-packages/airflow/example_dags/tutorial_taskflow_api.py
[2026-03-19T05:18:07.404+0000] {logging_mixin.py:188} INFO - [2026-03-19T05:18:07.404+0000] {dag.py:3096} INFO - Sync 1 DAGs
[2026-03-19T05:18:07.410+0000] {logging_mixin.py:188} INFO - [2026-03-19T05:18:07.410+0000] {dag.py:3954} INFO - Setting next_dagrun for tutorial_taskflow_api to None, run_after=None
[2026-03-19T05:18:07.419+0000] {processor.py:183} INFO - Processing /home/airflow/.local/lib/python3.12/site-packages/airflow/example_dags/tutorial_taskflow_api.py took 0.038 seconds
[2026-03-19T06:18:34.335+0000] {processor.py:161} INFO - Started process (PID=36531) to work on /home/airflow/.local/lib/python3.12/site-packages/airflow/example_dags/tutorial_taskflow_api.py
[2026-03-19T06:18:34.338+0000] {processor.py:830} INFO - Processing file /home/airflow/.local/lib/python3.12/site-packages/airflow/example_dags/tutorial_taskflow_api.py for tasks to queue
[2026-03-19T06:18:34.341+0000] {logging_mixin.py:188} INFO - [2026-03-19T06:18:34.341+0000] {dagbag.py:545} INFO - Filling up the DagBag from /home/airflow/.local/lib/python3.12/site-packages/airflow/example_dags/tutorial_taskflow_api.py
[2026-03-19T06:18:34.367+0000] {processor.py:840} INFO - DAG(s) 'tutorial_taskflow_api' retrieved from /home/airflow/.local/lib/python3.12/site-packages/airflow/example_dags/tutorial_taskflow_api.py
[2026-03-19T06:18:34.421+0000] {logging_mixin.py:188} INFO - [2026-03-19T06:18:34.420+0000] {dag.py:3096} INFO - Sync 1 DAGs
[2026-03-19T06:18:34.450+0000] {logging_mixin.py:188} INFO - [2026-03-19T06:18:34.449+0000] {dag.py:3954} INFO - Setting next_dagrun for tutorial_taskflow_api to None, run_after=None
[2026-03-19T06:18:34.505+0000] {processor.py:183} INFO - Processing /home/airflow/.local/lib/python3.12/site-packages/airflow/example_dags/tutorial_taskflow_api.py took 0.182 seconds
[2026-03-19T06:19:04.940+0000] {processor.py:161} INFO - Started process (PID=36598) to work on /home/airflow/.local/lib/python3.12/site-packages/airflow/example_dags/tutorial_taskflow_api.py
[2026-03-19T06:19:04.941+0000] {processor.py:830} INFO - Processing file /home/airflow/.local/lib/python3.12/site-packages/airflow/example_dags/tutorial_taskflow_api.py for tasks to queue
[2026-03-19T06:19:04.941+0000] {logging_mixin.py:188} INFO - [2026-03-19T06:19:04.941+0000] {dagbag.py:545} INFO - Filling up the DagBag from /home/airflow/.local/lib/python3.12/site-packages/airflow/example_dags/tutorial_taskflow_api.py
[2026-03-19T06:19:04.945+0000] {processor.py:840} INFO - DAG(s) 'tutorial_taskflow_api' retrieved from /home/airflow/.local/lib/python3.12/site-packages/airflow/example_dags/tutorial_taskflow_api.py
[2026-03-19T06:19:04.962+0000] {logging_mixin.py:188} INFO - [2026-03-19T06:19:04.962+0000] {dag.py:3096} INFO - Sync 1 DAGs
[2026-03-19T06:19:04.969+0000] {logging_mixin.py:188} INFO - [2026-03-19T06:19:04.969+0000] {dag.py:3954} INFO - Setting next_dagrun for tutorial_taskflow_api to None, run_after=None
[2026-03-19T06:19:04.983+0000] {processor.py:183} INFO - Processing /home/airflow/.local/lib/python3.12/site-packages/airflow/example_dags/tutorial_taskflow_api.py took 0.046 seconds
[2026-03-19T07:19:33.990+0000] {processor.py:161} INFO - Started process (PID=36657) to work on /home/airflow/.local/lib/python3.12/site-packages/airflow/example_dags/tutorial_taskflow_api.py
[2026-03-19T07:19:33.991+0000] {processor.py:830} INFO - Processing file /home/airflow/.local/lib/python3.12/site-packages/airflow/example_dags/tutorial_taskflow_api.py for tasks to queue
[2026-03-19T07:19:33.993+0000] {logging_mixin.py:188} INFO - [2026-03-19T07:19:33.992+0000] {dagbag.py:545} INFO - Filling up the DagBag from /home/airflow/.local/lib/python3.12/site-packages/airflow/example_dags/tutorial_taskflow_api.py
[2026-03-19T07:19:34.008+0000] {processor.py:840} INFO - DAG(s) 'tutorial_taskflow_api' retrieved from /home/airflow/.local/lib/python3.12/site-packages/airflow/example_dags/tutorial_taskflow_api.py
[2026-03-19T07:19:34.053+0000] {logging_mixin.py:188} INFO - [2026-03-19T07:19:34.052+0000] {dag.py:3096} INFO - Sync 1 DAGs
[2026-03-19T07:19:34.107+0000] {logging_mixin.py:188} INFO - [2026-03-19T07:19:34.106+0000] {dag.py:3954} INFO - Setting next_dagrun for tutorial_taskflow_api to None, run_after=None
[2026-03-19T07:19:34.161+0000] {processor.py:183} INFO - Processing /home/airflow/.local/lib/python3.12/site-packages/airflow/example_dags/tutorial_taskflow_api.py took 0.183 seconds
[2026-03-19T07:20:04.265+0000] {processor.py:161} INFO - Started process (PID=36725) to work on /home/airflow/.local/lib/python3.12/site-packages/airflow/example_dags/tutorial_taskflow_api.py
[2026-03-19T07:20:04.266+0000] {processor.py:830} INFO - Processing file /home/airflow/.local/lib/python3.12/site-packages/airflow/example_dags/tutorial_taskflow_api.py for tasks to queue
[2026-03-19T07:20:04.267+0000] {logging_mixin.py:188} INFO - [2026-03-19T07:20:04.267+0000] {dagbag.py:545} INFO - Filling up the DagBag from /home/airflow/.local/lib/python3.12/site-packages/airflow/example_dags/tutorial_taskflow_api.py
[2026-03-19T07:20:04.271+0000] {processor.py:840} INFO - DAG(s) 'tutorial_taskflow_api' retrieved from /home/airflow/.local/lib/python3.12/site-packages/airflow/example_dags/tutorial_taskflow_api.py
[2026-03-19T07:20:04.281+0000] {logging_mixin.py:188} INFO - [2026-03-19T07:20:04.281+0000] {dag.py:3096} INFO - Sync 1 DAGs
[2026-03-19T07:20:04.286+0000] {logging_mixin.py:188} INFO - [2026-03-19T07:20:04.286+0000] {dag.py:3954} INFO - Setting next_dagrun for tutorial_taskflow_api to None, run_after=None
[2026-03-19T07:20:04.294+0000] {processor.py:183} INFO - Processing /home/airflow/.local/lib/python3.12/site-packages/airflow/example_dags/tutorial_taskflow_api.py took 0.032 seconds
[2026-03-19T07:37:29.893+0000] {processor.py:161} INFO - Started process (PID=36783) to work on /home/airflow/.local/lib/python3.12/site-packages/airflow/example_dags/tutorial_taskflow_api.py
[2026-03-19T07:37:29.894+0000] {processor.py:830} INFO - Processing file /home/airflow/.local/lib/python3.12/site-packages/airflow/example_dags/tutorial_taskflow_api.py for tasks to queue
[2026-03-19T07:37:29.895+0000] {logging_mixin.py:188} INFO - [2026-03-19T07:37:29.894+0000] {dagbag.py:545} INFO - Filling up the DagBag from /home/airflow/.local/lib/python3.12/site-packages/airflow/example_dags/tutorial_taskflow_api.py
[2026-03-19T07:37:29.900+0000] {processor.py:840} INFO - DAG(s) 'tutorial_taskflow_api' retrieved from /home/airflow/.local/lib/python3.12/site-packages/airflow/example_dags/tutorial_taskflow_api.py
[2026-03-19T07:37:29.926+0000] {logging_mixin.py:188} INFO - [2026-03-19T07:37:29.926+0000] {dag.py:3096} INFO - Sync 1 DAGs
[2026-03-19T07:37:29.939+0000] {logging_mixin.py:188} INFO - [2026-03-19T07:37:29.939+0000] {dag.py:3954} INFO - Setting next_dagrun for tutorial_taskflow_api to None, run_after=None
[2026-03-19T07:37:29.954+0000] {processor.py:183} INFO - Processing /home/airflow/.local/lib/python3.12/site-packages/airflow/example_dags/tutorial_taskflow_api.py took 0.067 seconds
[2026-03-19T07:38:02.856+0000] {processor.py:161} INFO - Started process (PID=36850) to work on /home/airflow/.local/lib/python3.12/site-packages/airflow/example_dags/tutorial_taskflow_api.py
[2026-03-19T07:38:02.859+0000] {processor.py:830} INFO - Processing file /home/airflow/.local/lib/python3.12/site-packages/airflow/example_dags/tutorial_taskflow_api.py for tasks to queue
[2026-03-19T07:38:02.860+0000] {logging_mixin.py:188} INFO - [2026-03-19T07:38:02.860+0000] {dagbag.py:545} INFO - Filling up the DagBag from /home/airflow/.local/lib/python3.12/site-packages/airflow/example_dags/tutorial_taskflow_api.py
[2026-03-19T07:38:02.877+0000] {processor.py:840} INFO - DAG(s) 'tutorial_taskflow_api' retrieved from /home/airflow/.local/lib/python3.12/site-packages/airflow/example_dags/tutorial_taskflow_api.py
[2026-03-19T07:38:02.919+0000] {logging_mixin.py:188} INFO - [2026-03-19T07:38:02.919+0000] {dag.py:3096} INFO - Sync 1 DAGs
[2026-03-19T07:38:02.940+0000] {logging_mixin.py:188} INFO - [2026-03-19T07:38:02.940+0000] {dag.py:3954} INFO - Setting next_dagrun for tutorial_taskflow_api to None, run_after=None
[2026-03-19T07:38:02.958+0000] {processor.py:183} INFO - Processing /home/airflow/.local/lib/python3.12/site-packages/airflow/example_dags/tutorial_taskflow_api.py took 0.118 seconds
[2026-03-19T07:48:56.040+0000] {processor.py:161} INFO - Started process (PID=36909) to work on /home/airflow/.local/lib/python3.12/site-packages/airflow/example_dags/tutorial_taskflow_api.py
[2026-03-19T07:48:56.041+0000] {processor.py:830} INFO - Processing file /home/airflow/.local/lib/python3.12/site-packages/airflow/example_dags/tutorial_taskflow_api.py for tasks to queue
[2026-03-19T07:48:56.041+0000] {logging_mixin.py:188} INFO - [2026-03-19T07:48:56.041+0000] {dagbag.py:545} INFO - Filling up the DagBag from /home/airflow/.local/lib/python3.12/site-packages/airflow/example_dags/tutorial_taskflow_api.py
[2026-03-19T07:48:56.051+0000] {processor.py:840} INFO - DAG(s) 'tutorial_taskflow_api' retrieved from /home/airflow/.local/lib/python3.12/site-packages/airflow/example_dags/tutorial_taskflow_api.py
[2026-03-19T07:48:56.074+0000] {logging_mixin.py:188} INFO - [2026-03-19T07:48:56.074+0000] {dag.py:3096} INFO - Sync 1 DAGs
[2026-03-19T07:48:56.082+0000] {logging_mixin.py:188} INFO - [2026-03-19T07:48:56.082+0000] {dag.py:3954} INFO - Setting next_dagrun for tutorial_taskflow_api to None, run_after=None
[2026-03-19T07:48:56.095+0000] {processor.py:183} INFO - Processing /home/airflow/.local/lib/python3.12/site-packages/airflow/example_dags/tutorial_taskflow_api.py took 0.063 seconds
[2026-03-19T07:49:28.166+0000] {processor.py:161} INFO - Started process (PID=36968) to work on /home/airflow/.local/lib/python3.12/site-packages/airflow/example_dags/tutorial_taskflow_api.py
[2026-03-19T07:49:28.169+0000] {processor.py:830} INFO - Processing file /home/airflow/.local/lib/python3.12/site-packages/airflow/example_dags/tutorial_taskflow_api.py for tasks to queue
[2026-03-19T07:49:28.170+0000] {logging_mixin.py:188} INFO - [2026-03-19T07:49:28.170+0000] {dagbag.py:545} INFO - Filling up the DagBag from /home/airflow/.local/lib/python3.12/site-packages/airflow/example_dags/tutorial_taskflow_api.py
[2026-03-19T07:49:28.178+0000] {processor.py:840} INFO - DAG(s) 'tutorial_taskflow_api' retrieved from /home/airflow/.local/lib/python3.12/site-packages/airflow/example_dags/tutorial_taskflow_api.py
[2026-03-19T07:49:28.210+0000] {logging_mixin.py:188} INFO - [2026-03-19T07:49:28.210+0000] {dag.py:3096} INFO - Sync 1 DAGs
[2026-03-19T07:49:28.231+0000] {logging_mixin.py:188} INFO - [2026-03-19T07:49:28.230+0000] {dag.py:3954} INFO - Setting next_dagrun for tutorial_taskflow_api to None, run_after=None
[2026-03-19T07:49:28.258+0000] {processor.py:183} INFO - Processing /home/airflow/.local/lib/python3.12/site-packages/airflow/example_dags/tutorial_taskflow_api.py took 0.100 seconds
[2026-03-19T07:49:59.666+0000] {processor.py:161} INFO - Started process (PID=37027) to work on /home/airflow/.local/lib/python3.12/site-packages/airflow/example_dags/tutorial_taskflow_api.py
[2026-03-19T07:49:59.668+0000] {processor.py:830} INFO - Processing file /home/airflow/.local/lib/python3.12/site-packages/airflow/example_dags/tutorial_taskflow_api.py for tasks to queue
[2026-03-19T07:49:59.669+0000] {logging_mixin.py:188} INFO - [2026-03-19T07:49:59.669+0000] {dagbag.py:545} INFO - Filling up the DagBag from /home/airflow/.local/lib/python3.12/site-packages/airflow/example_dags/tutorial_taskflow_api.py
[2026-03-19T07:49:59.683+0000] {processor.py:840} INFO - DAG(s) 'tutorial_taskflow_api' retrieved from /home/airflow/.local/lib/python3.12/site-packages/airflow/example_dags/tutorial_taskflow_api.py
[2026-03-19T07:49:59.723+0000] {logging_mixin.py:188} INFO - [2026-03-19T07:49:59.723+0000] {dag.py:3096} INFO - Sync 1 DAGs
[2026-03-19T07:49:59.743+0000] {logging_mixin.py:188} INFO - [2026-03-19T07:49:59.743+0000] {dag.py:3954} INFO - Setting next_dagrun for tutorial_taskflow_api to None, run_after=None
[2026-03-19T07:49:59.772+0000] {processor.py:183} INFO - Processing /home/airflow/.local/lib/python3.12/site-packages/airflow/example_dags/tutorial_taskflow_api.py took 0.125 seconds
[2026-03-19T07:50:29.897+0000] {processor.py:161} INFO - Started process (PID=37086) to work on /home/airflow/.local/lib/python3.12/site-packages/airflow/example_dags/tutorial_taskflow_api.py
[2026-03-19T07:50:29.898+0000] {processor.py:830} INFO - Processing file /home/airflow/.local/lib/python3.12/site-packages/airflow/example_dags/tutorial_taskflow_api.py for tasks to queue
[2026-03-19T07:50:29.898+0000] {logging_mixin.py:188} INFO - [2026-03-19T07:50:29.898+0000] {dagbag.py:545} INFO - Filling up the DagBag from /home/airflow/.local/lib/python3.12/site-packages/airflow/example_dags/tutorial_taskflow_api.py
[2026-03-19T07:50:29.902+0000] {processor.py:840} INFO - DAG(s) 'tutorial_taskflow_api' retrieved from /home/airflow/.local/lib/python3.12/site-packages/airflow/example_dags/tutorial_taskflow_api.py
[2026-03-19T07:50:29.919+0000] {logging_mixin.py:188} INFO - [2026-03-19T07:50:29.919+0000] {dag.py:3096} INFO - Sync 1 DAGs
[2026-03-19T07:50:29.930+0000] {logging_mixin.py:188} INFO - [2026-03-19T07:50:29.930+0000] {dag.py:3954} INFO - Setting next_dagrun for tutorial_taskflow_api to None, run_after=None
[2026-03-19T07:50:29.942+0000] {processor.py:183} INFO - Processing /home/airflow/.local/lib/python3.12/site-packages/airflow/example_dags/tutorial_taskflow_api.py took 0.049 seconds
[2026-03-19T07:51:01.109+0000] {processor.py:161} INFO - Started process (PID=37145) to work on /home/airflow/.local/lib/python3.12/site-packages/airflow/example_dags/tutorial_taskflow_api.py
[2026-03-19T07:51:01.110+0000] {processor.py:830} INFO - Processing file /home/airflow/.local/lib/python3.12/site-packages/airflow/example_dags/tutorial_taskflow_api.py for tasks to queue
[2026-03-19T07:51:01.111+0000] {logging_mixin.py:188} INFO - [2026-03-19T07:51:01.111+0000] {dagbag.py:545} INFO - Filling up the DagBag from /home/airflow/.local/lib/python3.12/site-packages/airflow/example_dags/tutorial_taskflow_api.py
[2026-03-19T07:51:01.122+0000] {processor.py:840} INFO - DAG(s) 'tutorial_taskflow_api' retrieved from /home/airflow/.local/lib/python3.12/site-packages/airflow/example_dags/tutorial_taskflow_api.py
[2026-03-19T07:51:01.171+0000] {logging_mixin.py:188} INFO - [2026-03-19T07:51:01.171+0000] {dag.py:3096} INFO - Sync 1 DAGs
[2026-03-19T07:51:01.193+0000] {logging_mixin.py:188} INFO - [2026-03-19T07:51:01.193+0000] {dag.py:3954} INFO - Setting next_dagrun for tutorial_taskflow_api to None, run_after=None
[2026-03-19T07:51:01.231+0000] {processor.py:183} INFO - Processing /home/airflow/.local/lib/python3.12/site-packages/airflow/example_dags/tutorial_taskflow_api.py took 0.135 seconds
[2026-03-19T07:51:32.328+0000] {processor.py:161} INFO - Started process (PID=37204) to work on /home/airflow/.local/lib/python3.12/site-packages/airflow/example_dags/tutorial_taskflow_api.py
[2026-03-19T07:51:32.336+0000] {processor.py:830} INFO - Processing file /home/airflow/.local/lib/python3.12/site-packages/airflow/example_dags/tutorial_taskflow_api.py for tasks to queue
[2026-03-19T07:51:32.339+0000] {logging_mixin.py:188} INFO - [2026-03-19T07:51:32.338+0000] {dagbag.py:545} INFO - Filling up the DagBag from /home/airflow/.local/lib/python3.12/site-packages/airflow/example_dags/tutorial_taskflow_api.py
[2026-03-19T07:51:32.379+0000] {processor.py:840} INFO - DAG(s) 'tutorial_taskflow_api' retrieved from /home/airflow/.local/lib/python3.12/site-packages/airflow/example_dags/tutorial_taskflow_api.py
[2026-03-19T07:51:32.557+0000] {logging_mixin.py:188} INFO - [2026-03-19T07:51:32.557+0000] {dag.py:3096} INFO - Sync 1 DAGs
[2026-03-19T07:51:32.615+0000] {logging_mixin.py:188} INFO - [2026-03-19T07:51:32.615+0000] {dag.py:3954} INFO - Setting next_dagrun for tutorial_taskflow_api to None, run_after=None
[2026-03-19T07:51:32.745+0000] {processor.py:183} INFO - Processing /home/airflow/.local/lib/python3.12/site-packages/airflow/example_dags/tutorial_taskflow_api.py took 0.446 seconds
[2026-03-19T07:52:03.102+0000] {processor.py:161} INFO - Started process (PID=37263) to work on /home/airflow/.local/lib/python3.12/site-packages/airflow/example_dags/tutorial_taskflow_api.py
[2026-03-19T07:52:03.106+0000] {processor.py:830} INFO - Processing file /home/airflow/.local/lib/python3.12/site-packages/airflow/example_dags/tutorial_taskflow_api.py for tasks to queue
[2026-03-19T07:52:03.107+0000] {logging_mixin.py:188} INFO - [2026-03-19T07:52:03.107+0000] {dagbag.py:545} INFO - Filling up the DagBag from /home/airflow/.local/lib/python3.12/site-packages/airflow/example_dags/tutorial_taskflow_api.py
[2026-03-19T07:52:03.131+0000] {processor.py:840} INFO - DAG(s) 'tutorial_taskflow_api' retrieved from /home/airflow/.local/lib/python3.12/site-packages/airflow/example_dags/tutorial_taskflow_api.py
[2026-03-19T07:52:03.191+0000] {logging_mixin.py:188} INFO - [2026-03-19T07:52:03.191+0000] {dag.py:3096} INFO - Sync 1 DAGs
[2026-03-19T07:52:03.209+0000] {logging_mixin.py:188} INFO - [2026-03-19T07:52:03.208+0000] {dag.py:3954} INFO - Setting next_dagrun for tutorial_taskflow_api to None, run_after=None
[2026-03-19T07:52:03.246+0000] {processor.py:183} INFO - Processing /home/airflow/.local/lib/python3.12/site-packages/airflow/example_dags/tutorial_taskflow_api.py took 0.163 seconds
[2026-03-19T07:52:34.173+0000] {processor.py:161} INFO - Started process (PID=37322) to work on /home/airflow/.local/lib/python3.12/site-packages/airflow/example_dags/tutorial_taskflow_api.py
[2026-03-19T07:52:34.176+0000] {processor.py:830} INFO - Processing file /home/airflow/.local/lib/python3.12/site-packages/airflow/example_dags/tutorial_taskflow_api.py for tasks to queue
[2026-03-19T07:52:34.180+0000] {logging_mixin.py:188} INFO - [2026-03-19T07:52:34.180+0000] {dagbag.py:545} INFO - Filling up the DagBag from /home/airflow/.local/lib/python3.12/site-packages/airflow/example_dags/tutorial_taskflow_api.py
[2026-03-19T07:52:34.191+0000] {processor.py:840} INFO - DAG(s) 'tutorial_taskflow_api' retrieved from /home/airflow/.local/lib/python3.12/site-packages/airflow/example_dags/tutorial_taskflow_api.py
[2026-03-19T07:52:34.214+0000] {logging_mixin.py:188} INFO - [2026-03-19T07:52:34.214+0000] {dag.py:3096} INFO - Sync 1 DAGs
[2026-03-19T07:52:34.224+0000] {logging_mixin.py:188} INFO - [2026-03-19T07:52:34.224+0000] {dag.py:3954} INFO - Setting next_dagrun for tutorial_taskflow_api to None, run_after=None
[2026-03-19T07:52:34.242+0000] {processor.py:183} INFO - Processing /home/airflow/.local/lib/python3.12/site-packages/airflow/example_dags/tutorial_taskflow_api.py took 0.078 seconds
[2026-03-19T07:53:05.014+0000] {processor.py:161} INFO - Started process (PID=37381) to work on /home/airflow/.local/lib/python3.12/site-packages/airflow/example_dags/tutorial_taskflow_api.py
[2026-03-19T07:53:05.016+0000] {processor.py:830} INFO - Processing file /home/airflow/.local/lib/python3.12/site-packages/airflow/example_dags/tutorial_taskflow_api.py for tasks to queue
[2026-03-19T07:53:05.018+0000] {logging_mixin.py:188} INFO - [2026-03-19T07:53:05.017+0000] {dagbag.py:545} INFO - Filling up the DagBag from /home/airflow/.local/lib/python3.12/site-packages/airflow/example_dags/tutorial_taskflow_api.py
[2026-03-19T07:53:05.026+0000] {processor.py:840} INFO - DAG(s) 'tutorial_taskflow_api' retrieved from /home/airflow/.local/lib/python3.12/site-packages/airflow/example_dags/tutorial_taskflow_api.py
[2026-03-19T07:53:05.051+0000] {logging_mixin.py:188} INFO - [2026-03-19T07:53:05.051+0000] {dag.py:3096} INFO - Sync 1 DAGs
[2026-03-19T07:53:05.062+0000] {logging_mixin.py:188} INFO - [2026-03-19T07:53:05.062+0000] {dag.py:3954} INFO - Setting next_dagrun for tutorial_taskflow_api to None, run_after=None
[2026-03-19T07:53:05.074+0000] {processor.py:183} INFO - Processing /home/airflow/.local/lib/python3.12/site-packages/airflow/example_dags/tutorial_taskflow_api.py took 0.073 seconds
[2026-03-19T07:53:35.284+0000] {processor.py:161} INFO - Started process (PID=37440) to work on /home/airflow/.local/lib/python3.12/site-packages/airflow/example_dags/tutorial_taskflow_api.py
[2026-03-19T07:53:35.291+0000] {processor.py:830} INFO - Processing file /home/airflow/.local/lib/python3.12/site-packages/airflow/example_dags/tutorial_taskflow_api.py for tasks to queue
[2026-03-19T07:53:35.293+0000] {logging_mixin.py:188} INFO - [2026-03-19T07:53:35.293+0000] {dagbag.py:545} INFO - Filling up the DagBag from /home/airflow/.local/lib/python3.12/site-packages/airflow/example_dags/tutorial_taskflow_api.py
[2026-03-19T07:53:35.305+0000] {processor.py:840} INFO - DAG(s) 'tutorial_taskflow_api' retrieved from /home/airflow/.local/lib/python3.12/site-packages/airflow/example_dags/tutorial_taskflow_api.py
[2026-03-19T07:53:35.327+0000] {logging_mixin.py:188} INFO - [2026-03-19T07:53:35.327+0000] {dag.py:3096} INFO - Sync 1 DAGs
[2026-03-19T07:53:35.339+0000] {logging_mixin.py:188} INFO - [2026-03-19T07:53:35.339+0000] {dag.py:3954} INFO - Setting next_dagrun for tutorial_taskflow_api to None, run_after=None
[2026-03-19T07:53:35.360+0000] {processor.py:183} INFO - Processing /home/airflow/.local/lib/python3.12/site-packages/airflow/example_dags/tutorial_taskflow_api.py took 0.086 seconds
[2026-03-19T07:54:05.787+0000] {processor.py:161} INFO - Started process (PID=37499) to work on /home/airflow/.local/lib/python3.12/site-packages/airflow/example_dags/tutorial_taskflow_api.py
[2026-03-19T07:54:05.791+0000] {processor.py:830} INFO - Processing file /home/airflow/.local/lib/python3.12/site-packages/airflow/example_dags/tutorial_taskflow_api.py for tasks to queue
[2026-03-19T07:54:05.793+0000] {logging_mixin.py:188} INFO - [2026-03-19T07:54:05.792+0000] {dagbag.py:545} INFO - Filling up the DagBag from /home/airflow/.local/lib/python3.12/site-packages/airflow/example_dags/tutorial_taskflow_api.py
[2026-03-19T07:54:05.808+0000] {processor.py:840} INFO - DAG(s) 'tutorial_taskflow_api' retrieved from /home/airflow/.local/lib/python3.12/site-packages/airflow/example_dags/tutorial_taskflow_api.py
[2026-03-19T07:54:05.836+0000] {logging_mixin.py:188} INFO - [2026-03-19T07:54:05.835+0000] {dag.py:3096} INFO - Sync 1 DAGs
[2026-03-19T07:54:05.847+0000] {logging_mixin.py:188} INFO - [2026-03-19T07:54:05.846+0000] {dag.py:3954} INFO - Setting next_dagrun for tutorial_taskflow_api to None, run_after=None
[2026-03-19T07:54:05.860+0000] {processor.py:183} INFO - Processing /home/airflow/.local/lib/python3.12/site-packages/airflow/example_dags/tutorial_taskflow_api.py took 0.080 seconds
[2026-03-19T07:54:36.022+0000] {processor.py:161} INFO - Started process (PID=37558) to work on /home/airflow/.local/lib/python3.12/site-packages/airflow/example_dags/tutorial_taskflow_api.py
[2026-03-19T07:54:36.024+0000] {processor.py:830} INFO - Processing file /home/airflow/.local/lib/python3.12/site-packages/airflow/example_dags/tutorial_taskflow_api.py for tasks to queue
[2026-03-19T07:54:36.026+0000] {logging_mixin.py:188} INFO - [2026-03-19T07:54:36.026+0000] {dagbag.py:545} INFO - Filling up the DagBag from /home/airflow/.local/lib/python3.12/site-packages/airflow/example_dags/tutorial_taskflow_api.py
[2026-03-19T07:54:36.033+0000] {processor.py:840} INFO - DAG(s) 'tutorial_taskflow_api' retrieved from /home/airflow/.local/lib/python3.12/site-packages/airflow/example_dags/tutorial_taskflow_api.py
[2026-03-19T07:54:36.059+0000] {logging_mixin.py:188} INFO - [2026-03-19T07:54:36.059+0000] {dag.py:3096} INFO - Sync 1 DAGs
[2026-03-19T07:54:36.067+0000] {logging_mixin.py:188} INFO - [2026-03-19T07:54:36.067+0000] {dag.py:3954} INFO - Setting next_dagrun for tutorial_taskflow_api to None, run_after=None
[2026-03-19T07:54:36.083+0000] {processor.py:183} INFO - Processing /home/airflow/.local/lib/python3.12/site-packages/airflow/example_dags/tutorial_taskflow_api.py took 0.066 seconds
[2026-03-19T07:55:06.417+0000] {processor.py:161} INFO - Started process (PID=37617) to work on /home/airflow/.local/lib/python3.12/site-packages/airflow/example_dags/tutorial_taskflow_api.py
[2026-03-19T07:55:06.417+0000] {processor.py:830} INFO - Processing file /home/airflow/.local/lib/python3.12/site-packages/airflow/example_dags/tutorial_taskflow_api.py for tasks to queue
[2026-03-19T07:55:06.418+0000] {logging_mixin.py:188} INFO - [2026-03-19T07:55:06.418+0000] {dagbag.py:545} INFO - Filling up the DagBag from /home/airflow/.local/lib/python3.12/site-packages/airflow/example_dags/tutorial_taskflow_api.py
[2026-03-19T07:55:06.423+0000] {processor.py:840} INFO - DAG(s) 'tutorial_taskflow_api' retrieved from /home/airflow/.local/lib/python3.12/site-packages/airflow/example_dags/tutorial_taskflow_api.py
[2026-03-19T07:55:06.439+0000] {logging_mixin.py:188} INFO - [2026-03-19T07:55:06.438+0000] {dag.py:3096} INFO - Sync 1 DAGs
[2026-03-19T07:55:06.446+0000] {logging_mixin.py:188} INFO - [2026-03-19T07:55:06.446+0000] {dag.py:3954} INFO - Setting next_dagrun for tutorial_taskflow_api to None, run_after=None
[2026-03-19T07:55:06.456+0000] {processor.py:183} INFO - Processing /home/airflow/.local/lib/python3.12/site-packages/airflow/example_dags/tutorial_taskflow_api.py took 0.044 seconds
[2026-03-19T07:55:37.176+0000] {processor.py:161} INFO - Started process (PID=37676) to work on /home/airflow/.local/lib/python3.12/site-packages/airflow/example_dags/tutorial_taskflow_api.py
[2026-03-19T07:55:37.177+0000] {processor.py:830} INFO - Processing file /home/airflow/.local/lib/python3.12/site-packages/airflow/example_dags/tutorial_taskflow_api.py for tasks to queue
[2026-03-19T07:55:37.180+0000] {logging_mixin.py:188} INFO - [2026-03-19T07:55:37.180+0000] {dagbag.py:545} INFO - Filling up the DagBag from /home/airflow/.local/lib/python3.12/site-packages/airflow/example_dags/tutorial_taskflow_api.py
[2026-03-19T07:55:37.191+0000] {processor.py:840} INFO - DAG(s) 'tutorial_taskflow_api' retrieved from /home/airflow/.local/lib/python3.12/site-packages/airflow/example_dags/tutorial_taskflow_api.py
[2026-03-19T07:55:37.222+0000] {logging_mixin.py:188} INFO - [2026-03-19T07:55:37.222+0000] {dag.py:3096} INFO - Sync 1 DAGs
[2026-03-19T07:55:37.232+0000] {logging_mixin.py:188} INFO - [2026-03-19T07:55:37.232+0000] {dag.py:3954} INFO - Setting next_dagrun for tutorial_taskflow_api to None, run_after=None
[2026-03-19T07:55:37.246+0000] {processor.py:183} INFO - Processing /home/airflow/.local/lib/python3.12/site-packages/airflow/example_dags/tutorial_taskflow_api.py took 0.080 seconds
[2026-03-19T07:56:07.593+0000] {processor.py:161} INFO - Started process (PID=37735) to work on /home/airflow/.local/lib/python3.12/site-packages/airflow/example_dags/tutorial_taskflow_api.py
[2026-03-19T07:56:07.600+0000] {processor.py:830} INFO - Processing file /home/airflow/.local/lib/python3.12/site-packages/airflow/example_dags/tutorial_taskflow_api.py for tasks to queue
[2026-03-19T07:56:07.603+0000] {logging_mixin.py:188} INFO - [2026-03-19T07:56:07.603+0000] {dagbag.py:545} INFO - Filling up the DagBag from /home/airflow/.local/lib/python3.12/site-packages/airflow/example_dags/tutorial_taskflow_api.py
[2026-03-19T07:56:07.612+0000] {processor.py:840} INFO - DAG(s) 'tutorial_taskflow_api' retrieved from /home/airflow/.local/lib/python3.12/site-packages/airflow/example_dags/tutorial_taskflow_api.py
[2026-03-19T07:56:07.637+0000] {logging_mixin.py:188} INFO - [2026-03-19T07:56:07.637+0000] {dag.py:3096} INFO - Sync 1 DAGs
[2026-03-19T07:56:07.651+0000] {logging_mixin.py:188} INFO - [2026-03-19T07:56:07.651+0000] {dag.py:3954} INFO - Setting next_dagrun for tutorial_taskflow_api to None, run_after=None
[2026-03-19T07:56:07.668+0000] {processor.py:183} INFO - Processing /home/airflow/.local/lib/python3.12/site-packages/airflow/example_dags/tutorial_taskflow_api.py took 0.088 seconds
[2026-03-19T07:56:38.417+0000] {processor.py:161} INFO - Started process (PID=37794) to work on /home/airflow/.local/lib/python3.12/site-packages/airflow/example_dags/tutorial_taskflow_api.py
[2026-03-19T07:56:38.423+0000] {processor.py:830} INFO - Processing file /home/airflow/.local/lib/python3.12/site-packages/airflow/example_dags/tutorial_taskflow_api.py for tasks to queue
[2026-03-19T07:56:38.424+0000] {logging_mixin.py:188} INFO - [2026-03-19T07:56:38.424+0000] {dagbag.py:545} INFO - Filling up the DagBag from /home/airflow/.local/lib/python3.12/site-packages/airflow/example_dags/tutorial_taskflow_api.py
[2026-03-19T07:56:38.439+0000] {processor.py:840} INFO - DAG(s) 'tutorial_taskflow_api' retrieved from /home/airflow/.local/lib/python3.12/site-packages/airflow/example_dags/tutorial_taskflow_api.py
[2026-03-19T07:56:38.473+0000] {logging_mixin.py:188} INFO - [2026-03-19T07:56:38.473+0000] {dag.py:3096} INFO - Sync 1 DAGs
[2026-03-19T07:56:38.492+0000] {logging_mixin.py:188} INFO - [2026-03-19T07:56:38.492+0000] {dag.py:3954} INFO - Setting next_dagrun for tutorial_taskflow_api to None, run_after=None
[2026-03-19T07:56:38.523+0000] {processor.py:183} INFO - Processing /home/airflow/.local/lib/python3.12/site-packages/airflow/example_dags/tutorial_taskflow_api.py took 0.120 seconds
[2026-03-19T07:57:09.208+0000] {processor.py:161} INFO - Started process (PID=37853) to work on /home/airflow/.local/lib/python3.12/site-packages/airflow/example_dags/tutorial_taskflow_api.py
[2026-03-19T07:57:09.213+0000] {processor.py:830} INFO - Processing file /home/airflow/.local/lib/python3.12/site-packages/airflow/example_dags/tutorial_taskflow_api.py for tasks to queue
[2026-03-19T07:57:09.217+0000] {logging_mixin.py:188} INFO - [2026-03-19T07:57:09.217+0000] {dagbag.py:545} INFO - Filling up the DagBag from /home/airflow/.local/lib/python3.12/site-packages/airflow/example_dags/tutorial_taskflow_api.py
[2026-03-19T07:57:09.227+0000] {processor.py:840} INFO - DAG(s) 'tutorial_taskflow_api' retrieved from /home/airflow/.local/lib/python3.12/site-packages/airflow/example_dags/tutorial_taskflow_api.py
[2026-03-19T07:57:09.257+0000] {logging_mixin.py:188} INFO - [2026-03-19T07:57:09.257+0000] {dag.py:3096} INFO - Sync 1 DAGs
[2026-03-19T07:57:09.274+0000] {logging_mixin.py:188} INFO - [2026-03-19T07:57:09.273+0000] {dag.py:3954} INFO - Setting next_dagrun for tutorial_taskflow_api to None, run_after=None
[2026-03-19T07:57:09.295+0000] {processor.py:183} INFO - Processing /home/airflow/.local/lib/python3.12/site-packages/airflow/example_dags/tutorial_taskflow_api.py took 0.095 seconds
[2026-03-19T07:57:39.410+0000] {processor.py:161} INFO - Started process (PID=37912) to work on /home/airflow/.local/lib/python3.12/site-packages/airflow/example_dags/tutorial_taskflow_api.py
[2026-03-19T07:57:39.415+0000] {processor.py:830} INFO - Processing file /home/airflow/.local/lib/python3.12/site-packages/airflow/example_dags/tutorial_taskflow_api.py for tasks to queue
[2026-03-19T07:57:39.418+0000] {logging_mixin.py:188} INFO - [2026-03-19T07:57:39.417+0000] {dagbag.py:545} INFO - Filling up the DagBag from /home/airflow/.local/lib/python3.12/site-packages/airflow/example_dags/tutorial_taskflow_api.py
[2026-03-19T07:57:39.429+0000] {processor.py:840} INFO - DAG(s) 'tutorial_taskflow_api' retrieved from /home/airflow/.local/lib/python3.12/site-packages/airflow/example_dags/tutorial_taskflow_api.py
[2026-03-19T07:57:39.457+0000] {logging_mixin.py:188} INFO - [2026-03-19T07:57:39.457+0000] {dag.py:3096} INFO - Sync 1 DAGs
[2026-03-19T07:57:39.471+0000] {logging_mixin.py:188} INFO - [2026-03-19T07:57:39.471+0000] {dag.py:3954} INFO - Setting next_dagrun for tutorial_taskflow_api to None, run_after=None
[2026-03-19T07:57:39.496+0000] {processor.py:183} INFO - Processing /home/airflow/.local/lib/python3.12/site-packages/airflow/example_dags/tutorial_taskflow_api.py took 0.094 seconds
[2026-03-19T07:58:09.860+0000] {processor.py:161} INFO - Started process (PID=37971) to work on /home/airflow/.local/lib/python3.12/site-packages/airflow/example_dags/tutorial_taskflow_api.py
[2026-03-19T07:58:09.861+0000] {processor.py:830} INFO - Processing file /home/airflow/.local/lib/python3.12/site-packages/airflow/example_dags/tutorial_taskflow_api.py for tasks to queue
[2026-03-19T07:58:09.863+0000] {logging_mixin.py:188} INFO - [2026-03-19T07:58:09.862+0000] {dagbag.py:545} INFO - Filling up the DagBag from /home/airflow/.local/lib/python3.12/site-packages/airflow/example_dags/tutorial_taskflow_api.py
[2026-03-19T07:58:09.879+0000] {processor.py:840} INFO - DAG(s) 'tutorial_taskflow_api' retrieved from /home/airflow/.local/lib/python3.12/site-packages/airflow/example_dags/tutorial_taskflow_api.py
[2026-03-19T07:58:09.915+0000] {logging_mixin.py:188} INFO - [2026-03-19T07:58:09.915+0000] {dag.py:3096} INFO - Sync 1 DAGs
[2026-03-19T07:58:09.926+0000] {logging_mixin.py:188} INFO - [2026-03-19T07:58:09.926+0000] {dag.py:3954} INFO - Setting next_dagrun for tutorial_taskflow_api to None, run_after=None
[2026-03-19T07:58:09.942+0000] {processor.py:183} INFO - Processing /home/airflow/.local/lib/python3.12/site-packages/airflow/example_dags/tutorial_taskflow_api.py took 0.096 seconds
[2026-03-19T07:58:40.163+0000] {processor.py:161} INFO - Started process (PID=38030) to work on /home/airflow/.local/lib/python3.12/site-packages/airflow/example_dags/tutorial_taskflow_api.py
[2026-03-19T07:58:40.165+0000] {processor.py:830} INFO - Processing file /home/airflow/.local/lib/python3.12/site-packages/airflow/example_dags/tutorial_taskflow_api.py for tasks to queue
[2026-03-19T07:58:40.166+0000] {logging_mixin.py:188} INFO - [2026-03-19T07:58:40.166+0000] {dagbag.py:545} INFO - Filling up the DagBag from /home/airflow/.local/lib/python3.12/site-packages/airflow/example_dags/tutorial_taskflow_api.py
[2026-03-19T07:58:40.178+0000] {processor.py:840} INFO - DAG(s) 'tutorial_taskflow_api' retrieved from /home/airflow/.local/lib/python3.12/site-packages/airflow/example_dags/tutorial_taskflow_api.py
[2026-03-19T07:58:40.209+0000] {logging_mixin.py:188} INFO - [2026-03-19T07:58:40.209+0000] {dag.py:3096} INFO - Sync 1 DAGs
[2026-03-19T07:58:40.223+0000] {logging_mixin.py:188} INFO - [2026-03-19T07:58:40.222+0000] {dag.py:3954} INFO - Setting next_dagrun for tutorial_taskflow_api to None, run_after=None
[2026-03-19T07:58:40.240+0000] {processor.py:183} INFO - Processing /home/airflow/.local/lib/python3.12/site-packages/airflow/example_dags/tutorial_taskflow_api.py took 0.090 seconds
[2026-03-19T07:59:10.414+0000] {processor.py:161} INFO - Started process (PID=38089) to work on /home/airflow/.local/lib/python3.12/site-packages/airflow/example_dags/tutorial_taskflow_api.py
[2026-03-19T07:59:10.419+0000] {processor.py:830} INFO - Processing file /home/airflow/.local/lib/python3.12/site-packages/airflow/example_dags/tutorial_taskflow_api.py for tasks to queue
[2026-03-19T07:59:10.420+0000] {logging_mixin.py:188} INFO - [2026-03-19T07:59:10.420+0000] {dagbag.py:545} INFO - Filling up the DagBag from /home/airflow/.local/lib/python3.12/site-packages/airflow/example_dags/tutorial_taskflow_api.py
[2026-03-19T07:59:10.442+0000] {processor.py:840} INFO - DAG(s) 'tutorial_taskflow_api' retrieved from /home/airflow/.local/lib/python3.12/site-packages/airflow/example_dags/tutorial_taskflow_api.py
[2026-03-19T07:59:10.495+0000] {logging_mixin.py:188} INFO - [2026-03-19T07:59:10.495+0000] {dag.py:3096} INFO - Sync 1 DAGs
[2026-03-19T07:59:10.520+0000] {logging_mixin.py:188} INFO - [2026-03-19T07:59:10.520+0000] {dag.py:3954} INFO - Setting next_dagrun for tutorial_taskflow_api to None, run_after=None
[2026-03-19T07:59:10.572+0000] {processor.py:183} INFO - Processing /home/airflow/.local/lib/python3.12/site-packages/airflow/example_dags/tutorial_taskflow_api.py took 0.175 seconds
[2026-03-19T07:59:41.481+0000] {processor.py:161} INFO - Started process (PID=38148) to work on /home/airflow/.local/lib/python3.12/site-packages/airflow/example_dags/tutorial_taskflow_api.py
[2026-03-19T07:59:41.486+0000] {processor.py:830} INFO - Processing file /home/airflow/.local/lib/python3.12/site-packages/airflow/example_dags/tutorial_taskflow_api.py for tasks to queue
[2026-03-19T07:59:41.486+0000] {logging_mixin.py:188} INFO - [2026-03-19T07:59:41.486+0000] {dagbag.py:545} INFO - Filling up the DagBag from /home/airflow/.local/lib/python3.12/site-packages/airflow/example_dags/tutorial_taskflow_api.py
[2026-03-19T07:59:41.492+0000] {processor.py:840} INFO - DAG(s) 'tutorial_taskflow_api' retrieved from /home/airflow/.local/lib/python3.12/site-packages/airflow/example_dags/tutorial_taskflow_api.py
[2026-03-19T07:59:41.518+0000] {logging_mixin.py:188} INFO - [2026-03-19T07:59:41.517+0000] {dag.py:3096} INFO - Sync 1 DAGs
[2026-03-19T07:59:41.535+0000] {logging_mixin.py:188} INFO - [2026-03-19T07:59:41.535+0000] {dag.py:3954} INFO - Setting next_dagrun for tutorial_taskflow_api to None, run_after=None
[2026-03-19T07:59:41.558+0000] {processor.py:183} INFO - Processing /home/airflow/.local/lib/python3.12/site-packages/airflow/example_dags/tutorial_taskflow_api.py took 0.083 seconds
[2026-03-19T08:00:12.362+0000] {processor.py:161} INFO - Started process (PID=38207) to work on /home/airflow/.local/lib/python3.12/site-packages/airflow/example_dags/tutorial_taskflow_api.py
[2026-03-19T08:00:12.365+0000] {processor.py:830} INFO - Processing file /home/airflow/.local/lib/python3.12/site-packages/airflow/example_dags/tutorial_taskflow_api.py for tasks to queue
[2026-03-19T08:00:12.368+0000] {logging_mixin.py:188} INFO - [2026-03-19T08:00:12.368+0000] {dagbag.py:545} INFO - Filling up the DagBag from /home/airflow/.local/lib/python3.12/site-packages/airflow/example_dags/tutorial_taskflow_api.py
[2026-03-19T08:00:12.374+0000] {processor.py:840} INFO - DAG(s) 'tutorial_taskflow_api' retrieved from /home/airflow/.local/lib/python3.12/site-packages/airflow/example_dags/tutorial_taskflow_api.py
[2026-03-19T08:00:12.393+0000] {logging_mixin.py:188} INFO - [2026-03-19T08:00:12.393+0000] {dag.py:3096} INFO - Sync 1 DAGs
[2026-03-19T08:00:12.401+0000] {logging_mixin.py:188} INFO - [2026-03-19T08:00:12.401+0000] {dag.py:3954} INFO - Setting next_dagrun for tutorial_taskflow_api to None, run_after=None
[2026-03-19T08:00:12.414+0000] {processor.py:183} INFO - Processing /home/airflow/.local/lib/python3.12/site-packages/airflow/example_dags/tutorial_taskflow_api.py took 0.057 seconds
[2026-03-19T08:00:42.509+0000] {processor.py:161} INFO - Started process (PID=38266) to work on /home/airflow/.local/lib/python3.12/site-packages/airflow/example_dags/tutorial_taskflow_api.py
[2026-03-19T08:00:42.510+0000] {processor.py:830} INFO - Processing file /home/airflow/.local/lib/python3.12/site-packages/airflow/example_dags/tutorial_taskflow_api.py for tasks to queue
[2026-03-19T08:00:42.511+0000] {logging_mixin.py:188} INFO - [2026-03-19T08:00:42.511+0000] {dagbag.py:545} INFO - Filling up the DagBag from /home/airflow/.local/lib/python3.12/site-packages/airflow/example_dags/tutorial_taskflow_api.py
[2026-03-19T08:00:42.517+0000] {processor.py:840} INFO - DAG(s) 'tutorial_taskflow_api' retrieved from /home/airflow/.local/lib/python3.12/site-packages/airflow/example_dags/tutorial_taskflow_api.py
[2026-03-19T08:00:42.537+0000] {logging_mixin.py:188} INFO - [2026-03-19T08:00:42.537+0000] {dag.py:3096} INFO - Sync 1 DAGs
[2026-03-19T08:00:42.545+0000] {logging_mixin.py:188} INFO - [2026-03-19T08:00:42.545+0000] {dag.py:3954} INFO - Setting next_dagrun for tutorial_taskflow_api to None, run_after=None
[2026-03-19T08:00:42.559+0000] {processor.py:183} INFO - Processing /home/airflow/.local/lib/python3.12/site-packages/airflow/example_dags/tutorial_taskflow_api.py took 0.059 seconds
