[2026-03-19T00:12:44.904+0000] {processor.py:161} INFO - Started process (PID=35695) to work on /home/airflow/.local/lib/python3.12/site-packages/airflow/example_dags/tutorial_taskflow_api_virtualenv.py
[2026-03-19T00:12:44.908+0000] {processor.py:830} INFO - Processing file /home/airflow/.local/lib/python3.12/site-packages/airflow/example_dags/tutorial_taskflow_api_virtualenv.py for tasks to queue
[2026-03-19T00:12:44.917+0000] {logging_mixin.py:188} INFO - [2026-03-19T00:12:44.916+0000] {dagbag.py:545} INFO - Filling up the DagBag from /home/airflow/.local/lib/python3.12/site-packages/airflow/example_dags/tutorial_taskflow_api_virtualenv.py
[2026-03-19T00:12:44.950+0000] {processor.py:840} INFO - DAG(s) 'tutorial_taskflow_api_virtualenv' retrieved from /home/airflow/.local/lib/python3.12/site-packages/airflow/example_dags/tutorial_taskflow_api_virtualenv.py
[2026-03-19T00:12:44.986+0000] {logging_mixin.py:188} INFO - [2026-03-19T00:12:44.986+0000] {dag.py:3096} INFO - Sync 1 DAGs
[2026-03-19T00:12:45.004+0000] {logging_mixin.py:188} INFO - [2026-03-19T00:12:45.004+0000] {dag.py:3954} INFO - Setting next_dagrun for tutorial_taskflow_api_virtualenv to None, run_after=None
[2026-03-19T00:12:45.021+0000] {processor.py:183} INFO - Processing /home/airflow/.local/lib/python3.12/site-packages/airflow/example_dags/tutorial_taskflow_api_virtualenv.py took 0.141 seconds
[2026-03-19T00:46:45.026+0000] {processor.py:161} INFO - Started process (PID=35754) to work on /home/airflow/.local/lib/python3.12/site-packages/airflow/example_dags/tutorial_taskflow_api_virtualenv.py
[2026-03-19T00:46:45.026+0000] {processor.py:830} INFO - Processing file /home/airflow/.local/lib/python3.12/site-packages/airflow/example_dags/tutorial_taskflow_api_virtualenv.py for tasks to queue
[2026-03-19T00:46:45.027+0000] {logging_mixin.py:188} INFO - [2026-03-19T00:46:45.027+0000] {dagbag.py:545} INFO - Filling up the DagBag from /home/airflow/.local/lib/python3.12/site-packages/airflow/example_dags/tutorial_taskflow_api_virtualenv.py
[2026-03-19T00:46:45.032+0000] {processor.py:840} INFO - DAG(s) 'tutorial_taskflow_api_virtualenv' retrieved from /home/airflow/.local/lib/python3.12/site-packages/airflow/example_dags/tutorial_taskflow_api_virtualenv.py
[2026-03-19T00:46:45.046+0000] {logging_mixin.py:188} INFO - [2026-03-19T00:46:45.046+0000] {dag.py:3096} INFO - Sync 1 DAGs
[2026-03-19T00:46:45.052+0000] {logging_mixin.py:188} INFO - [2026-03-19T00:46:45.052+0000] {dag.py:3954} INFO - Setting next_dagrun for tutorial_taskflow_api_virtualenv to None, run_after=None
[2026-03-19T00:46:45.060+0000] {processor.py:183} INFO - Processing /home/airflow/.local/lib/python3.12/site-packages/airflow/example_dags/tutorial_taskflow_api_virtualenv.py took 0.038 seconds
[2026-03-19T01:13:44.550+0000] {processor.py:161} INFO - Started process (PID=35821) to work on /home/airflow/.local/lib/python3.12/site-packages/airflow/example_dags/tutorial_taskflow_api_virtualenv.py
[2026-03-19T01:13:44.552+0000] {processor.py:830} INFO - Processing file /home/airflow/.local/lib/python3.12/site-packages/airflow/example_dags/tutorial_taskflow_api_virtualenv.py for tasks to queue
[2026-03-19T01:13:44.556+0000] {logging_mixin.py:188} INFO - [2026-03-19T01:13:44.555+0000] {dagbag.py:545} INFO - Filling up the DagBag from /home/airflow/.local/lib/python3.12/site-packages/airflow/example_dags/tutorial_taskflow_api_virtualenv.py
[2026-03-19T01:13:44.566+0000] {processor.py:840} INFO - DAG(s) 'tutorial_taskflow_api_virtualenv' retrieved from /home/airflow/.local/lib/python3.12/site-packages/airflow/example_dags/tutorial_taskflow_api_virtualenv.py
[2026-03-19T01:13:44.589+0000] {logging_mixin.py:188} INFO - [2026-03-19T01:13:44.589+0000] {dag.py:3096} INFO - Sync 1 DAGs
[2026-03-19T01:13:44.609+0000] {logging_mixin.py:188} INFO - [2026-03-19T01:13:44.609+0000] {dag.py:3954} INFO - Setting next_dagrun for tutorial_taskflow_api_virtualenv to None, run_after=None
[2026-03-19T01:13:44.632+0000] {processor.py:183} INFO - Processing /home/airflow/.local/lib/python3.12/site-packages/airflow/example_dags/tutorial_taskflow_api_virtualenv.py took 0.089 seconds
[2026-03-19T01:31:11.324+0000] {processor.py:161} INFO - Started process (PID=35894) to work on /home/airflow/.local/lib/python3.12/site-packages/airflow/example_dags/tutorial_taskflow_api_virtualenv.py
[2026-03-19T01:31:11.326+0000] {processor.py:830} INFO - Processing file /home/airflow/.local/lib/python3.12/site-packages/airflow/example_dags/tutorial_taskflow_api_virtualenv.py for tasks to queue
[2026-03-19T01:31:11.333+0000] {logging_mixin.py:188} INFO - [2026-03-19T01:31:11.332+0000] {dagbag.py:545} INFO - Filling up the DagBag from /home/airflow/.local/lib/python3.12/site-packages/airflow/example_dags/tutorial_taskflow_api_virtualenv.py
[2026-03-19T01:31:11.372+0000] {processor.py:840} INFO - DAG(s) 'tutorial_taskflow_api_virtualenv' retrieved from /home/airflow/.local/lib/python3.12/site-packages/airflow/example_dags/tutorial_taskflow_api_virtualenv.py
[2026-03-19T01:31:11.434+0000] {logging_mixin.py:188} INFO - [2026-03-19T01:31:11.433+0000] {dag.py:3096} INFO - Sync 1 DAGs
[2026-03-19T01:31:12.381+0000] {logging_mixin.py:188} INFO - [2026-03-19T01:31:12.380+0000] {dag.py:3954} INFO - Setting next_dagrun for tutorial_taskflow_api_virtualenv to None, run_after=None
[2026-03-19T01:31:12.410+0000] {processor.py:183} INFO - Processing /home/airflow/.local/lib/python3.12/site-packages/airflow/example_dags/tutorial_taskflow_api_virtualenv.py took 1.093 seconds
[2026-03-19T02:15:10.742+0000] {processor.py:161} INFO - Started process (PID=35952) to work on /home/airflow/.local/lib/python3.12/site-packages/airflow/example_dags/tutorial_taskflow_api_virtualenv.py
[2026-03-19T02:15:10.746+0000] {processor.py:830} INFO - Processing file /home/airflow/.local/lib/python3.12/site-packages/airflow/example_dags/tutorial_taskflow_api_virtualenv.py for tasks to queue
[2026-03-19T02:15:10.748+0000] {logging_mixin.py:188} INFO - [2026-03-19T02:15:10.748+0000] {dagbag.py:545} INFO - Filling up the DagBag from /home/airflow/.local/lib/python3.12/site-packages/airflow/example_dags/tutorial_taskflow_api_virtualenv.py
[2026-03-19T02:15:10.833+0000] {processor.py:840} INFO - DAG(s) 'tutorial_taskflow_api_virtualenv' retrieved from /home/airflow/.local/lib/python3.12/site-packages/airflow/example_dags/tutorial_taskflow_api_virtualenv.py
[2026-03-19T02:15:11.031+0000] {logging_mixin.py:188} INFO - [2026-03-19T02:15:10.968+0000] {dag.py:3096} INFO - Sync 1 DAGs
[2026-03-19T02:15:11.097+0000] {logging_mixin.py:188} INFO - [2026-03-19T02:15:11.096+0000] {dag.py:3954} INFO - Setting next_dagrun for tutorial_taskflow_api_virtualenv to None, run_after=None
[2026-03-19T02:15:11.321+0000] {processor.py:183} INFO - Processing /home/airflow/.local/lib/python3.12/site-packages/airflow/example_dags/tutorial_taskflow_api_virtualenv.py took 0.600 seconds
[2026-03-19T03:06:08.093+0000] {processor.py:161} INFO - Started process (PID=36038) to work on /home/airflow/.local/lib/python3.12/site-packages/airflow/example_dags/tutorial_taskflow_api_virtualenv.py
[2026-03-19T03:06:08.096+0000] {processor.py:830} INFO - Processing file /home/airflow/.local/lib/python3.12/site-packages/airflow/example_dags/tutorial_taskflow_api_virtualenv.py for tasks to queue
[2026-03-19T03:06:08.099+0000] {logging_mixin.py:188} INFO - [2026-03-19T03:06:08.099+0000] {dagbag.py:545} INFO - Filling up the DagBag from /home/airflow/.local/lib/python3.12/site-packages/airflow/example_dags/tutorial_taskflow_api_virtualenv.py
[2026-03-19T03:06:08.160+0000] {processor.py:840} INFO - DAG(s) 'tutorial_taskflow_api_virtualenv' retrieved from /home/airflow/.local/lib/python3.12/site-packages/airflow/example_dags/tutorial_taskflow_api_virtualenv.py
[2026-03-19T03:06:08.275+0000] {logging_mixin.py:188} INFO - [2026-03-19T03:06:08.274+0000] {dag.py:3096} INFO - Sync 1 DAGs
[2026-03-19T03:06:08.323+0000] {logging_mixin.py:188} INFO - [2026-03-19T03:06:08.320+0000] {dag.py:3954} INFO - Setting next_dagrun for tutorial_taskflow_api_virtualenv to None, run_after=None
[2026-03-19T03:06:08.366+0000] {processor.py:183} INFO - Processing /home/airflow/.local/lib/python3.12/site-packages/airflow/example_dags/tutorial_taskflow_api_virtualenv.py took 0.293 seconds
[2026-03-19T03:06:39.177+0000] {processor.py:161} INFO - Started process (PID=36109) to work on /home/airflow/.local/lib/python3.12/site-packages/airflow/example_dags/tutorial_taskflow_api_virtualenv.py
[2026-03-19T03:06:39.178+0000] {processor.py:830} INFO - Processing file /home/airflow/.local/lib/python3.12/site-packages/airflow/example_dags/tutorial_taskflow_api_virtualenv.py for tasks to queue
[2026-03-19T03:06:39.178+0000] {logging_mixin.py:188} INFO - [2026-03-19T03:06:39.178+0000] {dagbag.py:545} INFO - Filling up the DagBag from /home/airflow/.local/lib/python3.12/site-packages/airflow/example_dags/tutorial_taskflow_api_virtualenv.py
[2026-03-19T03:06:39.185+0000] {processor.py:840} INFO - DAG(s) 'tutorial_taskflow_api_virtualenv' retrieved from /home/airflow/.local/lib/python3.12/site-packages/airflow/example_dags/tutorial_taskflow_api_virtualenv.py
[2026-03-19T03:06:39.201+0000] {logging_mixin.py:188} INFO - [2026-03-19T03:06:39.201+0000] {dag.py:3096} INFO - Sync 1 DAGs
[2026-03-19T03:06:39.213+0000] {logging_mixin.py:188} INFO - [2026-03-19T03:06:39.212+0000] {dag.py:3954} INFO - Setting next_dagrun for tutorial_taskflow_api_virtualenv to None, run_after=None
[2026-03-19T03:06:39.230+0000] {processor.py:183} INFO - Processing /home/airflow/.local/lib/python3.12/site-packages/airflow/example_dags/tutorial_taskflow_api_virtualenv.py took 0.059 seconds
[2026-03-19T03:15:42.326+0000] {processor.py:161} INFO - Started process (PID=36168) to work on /home/airflow/.local/lib/python3.12/site-packages/airflow/example_dags/tutorial_taskflow_api_virtualenv.py
[2026-03-19T03:15:42.327+0000] {processor.py:830} INFO - Processing file /home/airflow/.local/lib/python3.12/site-packages/airflow/example_dags/tutorial_taskflow_api_virtualenv.py for tasks to queue
[2026-03-19T03:15:42.327+0000] {logging_mixin.py:188} INFO - [2026-03-19T03:15:42.327+0000] {dagbag.py:545} INFO - Filling up the DagBag from /home/airflow/.local/lib/python3.12/site-packages/airflow/example_dags/tutorial_taskflow_api_virtualenv.py
[2026-03-19T03:15:42.336+0000] {processor.py:840} INFO - DAG(s) 'tutorial_taskflow_api_virtualenv' retrieved from /home/airflow/.local/lib/python3.12/site-packages/airflow/example_dags/tutorial_taskflow_api_virtualenv.py
[2026-03-19T03:15:42.352+0000] {logging_mixin.py:188} INFO - [2026-03-19T03:15:42.352+0000] {dag.py:3096} INFO - Sync 1 DAGs
[2026-03-19T03:15:42.361+0000] {logging_mixin.py:188} INFO - [2026-03-19T03:15:42.361+0000] {dag.py:3954} INFO - Setting next_dagrun for tutorial_taskflow_api_virtualenv to None, run_after=None
[2026-03-19T03:15:42.377+0000] {processor.py:183} INFO - Processing /home/airflow/.local/lib/python3.12/site-packages/airflow/example_dags/tutorial_taskflow_api_virtualenv.py took 0.056 seconds
[2026-03-19T03:32:01.691+0000] {processor.py:161} INFO - Started process (PID=36227) to work on /home/airflow/.local/lib/python3.12/site-packages/airflow/example_dags/tutorial_taskflow_api_virtualenv.py
[2026-03-19T03:32:01.695+0000] {processor.py:830} INFO - Processing file /home/airflow/.local/lib/python3.12/site-packages/airflow/example_dags/tutorial_taskflow_api_virtualenv.py for tasks to queue
[2026-03-19T03:32:01.699+0000] {logging_mixin.py:188} INFO - [2026-03-19T03:32:01.698+0000] {dagbag.py:545} INFO - Filling up the DagBag from /home/airflow/.local/lib/python3.12/site-packages/airflow/example_dags/tutorial_taskflow_api_virtualenv.py
[2026-03-19T03:32:02.201+0000] {processor.py:840} INFO - DAG(s) 'tutorial_taskflow_api_virtualenv' retrieved from /home/airflow/.local/lib/python3.12/site-packages/airflow/example_dags/tutorial_taskflow_api_virtualenv.py
[2026-03-19T03:32:02.500+0000] {logging_mixin.py:188} INFO - [2026-03-19T03:32:02.499+0000] {dag.py:3096} INFO - Sync 1 DAGs
[2026-03-19T03:32:02.584+0000] {logging_mixin.py:188} INFO - [2026-03-19T03:32:02.581+0000] {dag.py:3954} INFO - Setting next_dagrun for tutorial_taskflow_api_virtualenv to None, run_after=None
[2026-03-19T03:32:02.781+0000] {processor.py:183} INFO - Processing /home/airflow/.local/lib/python3.12/site-packages/airflow/example_dags/tutorial_taskflow_api_virtualenv.py took 1.096 seconds
[2026-03-19T04:16:43.171+0000] {processor.py:161} INFO - Started process (PID=36294) to work on /home/airflow/.local/lib/python3.12/site-packages/airflow/example_dags/tutorial_taskflow_api_virtualenv.py
[2026-03-19T04:16:43.172+0000] {processor.py:830} INFO - Processing file /home/airflow/.local/lib/python3.12/site-packages/airflow/example_dags/tutorial_taskflow_api_virtualenv.py for tasks to queue
[2026-03-19T04:16:43.174+0000] {logging_mixin.py:188} INFO - [2026-03-19T04:16:43.173+0000] {dagbag.py:545} INFO - Filling up the DagBag from /home/airflow/.local/lib/python3.12/site-packages/airflow/example_dags/tutorial_taskflow_api_virtualenv.py
[2026-03-19T04:16:43.192+0000] {processor.py:840} INFO - DAG(s) 'tutorial_taskflow_api_virtualenv' retrieved from /home/airflow/.local/lib/python3.12/site-packages/airflow/example_dags/tutorial_taskflow_api_virtualenv.py
[2026-03-19T04:16:43.228+0000] {logging_mixin.py:188} INFO - [2026-03-19T04:16:43.228+0000] {dag.py:3096} INFO - Sync 1 DAGs
[2026-03-19T04:16:43.247+0000] {logging_mixin.py:188} INFO - [2026-03-19T04:16:43.246+0000] {dag.py:3954} INFO - Setting next_dagrun for tutorial_taskflow_api_virtualenv to None, run_after=None
[2026-03-19T04:16:43.278+0000] {processor.py:183} INFO - Processing /home/airflow/.local/lib/python3.12/site-packages/airflow/example_dags/tutorial_taskflow_api_virtualenv.py took 0.122 seconds
[2026-03-19T04:17:16.036+0000] {processor.py:161} INFO - Started process (PID=36361) to work on /home/airflow/.local/lib/python3.12/site-packages/airflow/example_dags/tutorial_taskflow_api_virtualenv.py
[2026-03-19T04:17:16.041+0000] {processor.py:830} INFO - Processing file /home/airflow/.local/lib/python3.12/site-packages/airflow/example_dags/tutorial_taskflow_api_virtualenv.py for tasks to queue
[2026-03-19T04:17:16.042+0000] {logging_mixin.py:188} INFO - [2026-03-19T04:17:16.042+0000] {dagbag.py:545} INFO - Filling up the DagBag from /home/airflow/.local/lib/python3.12/site-packages/airflow/example_dags/tutorial_taskflow_api_virtualenv.py
[2026-03-19T04:17:16.076+0000] {processor.py:840} INFO - DAG(s) 'tutorial_taskflow_api_virtualenv' retrieved from /home/airflow/.local/lib/python3.12/site-packages/airflow/example_dags/tutorial_taskflow_api_virtualenv.py
[2026-03-19T04:17:16.126+0000] {logging_mixin.py:188} INFO - [2026-03-19T04:17:16.126+0000] {dag.py:3096} INFO - Sync 1 DAGs
[2026-03-19T04:17:16.155+0000] {logging_mixin.py:188} INFO - [2026-03-19T04:17:16.155+0000] {dag.py:3954} INFO - Setting next_dagrun for tutorial_taskflow_api_virtualenv to None, run_after=None
[2026-03-19T04:17:16.206+0000] {processor.py:183} INFO - Processing /home/airflow/.local/lib/python3.12/site-packages/airflow/example_dags/tutorial_taskflow_api_virtualenv.py took 0.180 seconds
[2026-03-19T05:17:37.210+0000] {processor.py:161} INFO - Started process (PID=36420) to work on /home/airflow/.local/lib/python3.12/site-packages/airflow/example_dags/tutorial_taskflow_api_virtualenv.py
[2026-03-19T05:17:37.212+0000] {processor.py:830} INFO - Processing file /home/airflow/.local/lib/python3.12/site-packages/airflow/example_dags/tutorial_taskflow_api_virtualenv.py for tasks to queue
[2026-03-19T05:17:37.213+0000] {logging_mixin.py:188} INFO - [2026-03-19T05:17:37.213+0000] {dagbag.py:545} INFO - Filling up the DagBag from /home/airflow/.local/lib/python3.12/site-packages/airflow/example_dags/tutorial_taskflow_api_virtualenv.py
[2026-03-19T05:17:37.228+0000] {processor.py:840} INFO - DAG(s) 'tutorial_taskflow_api_virtualenv' retrieved from /home/airflow/.local/lib/python3.12/site-packages/airflow/example_dags/tutorial_taskflow_api_virtualenv.py
[2026-03-19T05:17:37.243+0000] {logging_mixin.py:188} INFO - [2026-03-19T05:17:37.243+0000] {dag.py:3096} INFO - Sync 1 DAGs
[2026-03-19T05:17:37.250+0000] {logging_mixin.py:188} INFO - [2026-03-19T05:17:37.250+0000] {dag.py:3954} INFO - Setting next_dagrun for tutorial_taskflow_api_virtualenv to None, run_after=None
[2026-03-19T05:17:37.263+0000] {processor.py:183} INFO - Processing /home/airflow/.local/lib/python3.12/site-packages/airflow/example_dags/tutorial_taskflow_api_virtualenv.py took 0.058 seconds
[2026-03-19T05:18:07.558+0000] {processor.py:161} INFO - Started process (PID=36479) to work on /home/airflow/.local/lib/python3.12/site-packages/airflow/example_dags/tutorial_taskflow_api_virtualenv.py
[2026-03-19T05:18:07.559+0000] {processor.py:830} INFO - Processing file /home/airflow/.local/lib/python3.12/site-packages/airflow/example_dags/tutorial_taskflow_api_virtualenv.py for tasks to queue
[2026-03-19T05:18:07.559+0000] {logging_mixin.py:188} INFO - [2026-03-19T05:18:07.559+0000] {dagbag.py:545} INFO - Filling up the DagBag from /home/airflow/.local/lib/python3.12/site-packages/airflow/example_dags/tutorial_taskflow_api_virtualenv.py
[2026-03-19T05:18:07.565+0000] {processor.py:840} INFO - DAG(s) 'tutorial_taskflow_api_virtualenv' retrieved from /home/airflow/.local/lib/python3.12/site-packages/airflow/example_dags/tutorial_taskflow_api_virtualenv.py
[2026-03-19T05:18:07.576+0000] {logging_mixin.py:188} INFO - [2026-03-19T05:18:07.576+0000] {dag.py:3096} INFO - Sync 1 DAGs
[2026-03-19T05:18:07.583+0000] {logging_mixin.py:188} INFO - [2026-03-19T05:18:07.583+0000] {dag.py:3954} INFO - Setting next_dagrun for tutorial_taskflow_api_virtualenv to None, run_after=None
[2026-03-19T05:18:07.592+0000] {processor.py:183} INFO - Processing /home/airflow/.local/lib/python3.12/site-packages/airflow/example_dags/tutorial_taskflow_api_virtualenv.py took 0.037 seconds
[2026-03-19T06:18:35.367+0000] {processor.py:161} INFO - Started process (PID=36538) to work on /home/airflow/.local/lib/python3.12/site-packages/airflow/example_dags/tutorial_taskflow_api_virtualenv.py
[2026-03-19T06:18:35.370+0000] {processor.py:830} INFO - Processing file /home/airflow/.local/lib/python3.12/site-packages/airflow/example_dags/tutorial_taskflow_api_virtualenv.py for tasks to queue
[2026-03-19T06:18:35.371+0000] {logging_mixin.py:188} INFO - [2026-03-19T06:18:35.370+0000] {dagbag.py:545} INFO - Filling up the DagBag from /home/airflow/.local/lib/python3.12/site-packages/airflow/example_dags/tutorial_taskflow_api_virtualenv.py
[2026-03-19T06:18:35.390+0000] {processor.py:840} INFO - DAG(s) 'tutorial_taskflow_api_virtualenv' retrieved from /home/airflow/.local/lib/python3.12/site-packages/airflow/example_dags/tutorial_taskflow_api_virtualenv.py
[2026-03-19T06:18:35.426+0000] {logging_mixin.py:188} INFO - [2026-03-19T06:18:35.425+0000] {dag.py:3096} INFO - Sync 1 DAGs
[2026-03-19T06:18:35.454+0000] {logging_mixin.py:188} INFO - [2026-03-19T06:18:35.453+0000] {dag.py:3954} INFO - Setting next_dagrun for tutorial_taskflow_api_virtualenv to None, run_after=None
[2026-03-19T06:18:35.491+0000] {processor.py:183} INFO - Processing /home/airflow/.local/lib/python3.12/site-packages/airflow/example_dags/tutorial_taskflow_api_virtualenv.py took 0.134 seconds
[2026-03-19T06:19:06.203+0000] {processor.py:161} INFO - Started process (PID=36605) to work on /home/airflow/.local/lib/python3.12/site-packages/airflow/example_dags/tutorial_taskflow_api_virtualenv.py
[2026-03-19T06:19:06.203+0000] {processor.py:830} INFO - Processing file /home/airflow/.local/lib/python3.12/site-packages/airflow/example_dags/tutorial_taskflow_api_virtualenv.py for tasks to queue
[2026-03-19T06:19:06.204+0000] {logging_mixin.py:188} INFO - [2026-03-19T06:19:06.204+0000] {dagbag.py:545} INFO - Filling up the DagBag from /home/airflow/.local/lib/python3.12/site-packages/airflow/example_dags/tutorial_taskflow_api_virtualenv.py
[2026-03-19T06:19:06.209+0000] {processor.py:840} INFO - DAG(s) 'tutorial_taskflow_api_virtualenv' retrieved from /home/airflow/.local/lib/python3.12/site-packages/airflow/example_dags/tutorial_taskflow_api_virtualenv.py
[2026-03-19T06:19:06.219+0000] {logging_mixin.py:188} INFO - [2026-03-19T06:19:06.219+0000] {dag.py:3096} INFO - Sync 1 DAGs
[2026-03-19T06:19:06.225+0000] {logging_mixin.py:188} INFO - [2026-03-19T06:19:06.225+0000] {dag.py:3954} INFO - Setting next_dagrun for tutorial_taskflow_api_virtualenv to None, run_after=None
[2026-03-19T06:19:06.237+0000] {processor.py:183} INFO - Processing /home/airflow/.local/lib/python3.12/site-packages/airflow/example_dags/tutorial_taskflow_api_virtualenv.py took 0.037 seconds
[2026-03-19T07:19:35.284+0000] {processor.py:161} INFO - Started process (PID=36664) to work on /home/airflow/.local/lib/python3.12/site-packages/airflow/example_dags/tutorial_taskflow_api_virtualenv.py
[2026-03-19T07:19:35.287+0000] {processor.py:830} INFO - Processing file /home/airflow/.local/lib/python3.12/site-packages/airflow/example_dags/tutorial_taskflow_api_virtualenv.py for tasks to queue
[2026-03-19T07:19:35.290+0000] {logging_mixin.py:188} INFO - [2026-03-19T07:19:35.289+0000] {dagbag.py:545} INFO - Filling up the DagBag from /home/airflow/.local/lib/python3.12/site-packages/airflow/example_dags/tutorial_taskflow_api_virtualenv.py
[2026-03-19T07:19:35.327+0000] {processor.py:840} INFO - DAG(s) 'tutorial_taskflow_api_virtualenv' retrieved from /home/airflow/.local/lib/python3.12/site-packages/airflow/example_dags/tutorial_taskflow_api_virtualenv.py
[2026-03-19T07:19:35.376+0000] {logging_mixin.py:188} INFO - [2026-03-19T07:19:35.375+0000] {dag.py:3096} INFO - Sync 1 DAGs
[2026-03-19T07:19:35.409+0000] {logging_mixin.py:188} INFO - [2026-03-19T07:19:35.408+0000] {dag.py:3954} INFO - Setting next_dagrun for tutorial_taskflow_api_virtualenv to None, run_after=None
[2026-03-19T07:19:35.436+0000] {processor.py:183} INFO - Processing /home/airflow/.local/lib/python3.12/site-packages/airflow/example_dags/tutorial_taskflow_api_virtualenv.py took 0.171 seconds
[2026-03-19T07:20:05.489+0000] {processor.py:161} INFO - Started process (PID=36732) to work on /home/airflow/.local/lib/python3.12/site-packages/airflow/example_dags/tutorial_taskflow_api_virtualenv.py
[2026-03-19T07:20:05.489+0000] {processor.py:830} INFO - Processing file /home/airflow/.local/lib/python3.12/site-packages/airflow/example_dags/tutorial_taskflow_api_virtualenv.py for tasks to queue
[2026-03-19T07:20:05.490+0000] {logging_mixin.py:188} INFO - [2026-03-19T07:20:05.489+0000] {dagbag.py:545} INFO - Filling up the DagBag from /home/airflow/.local/lib/python3.12/site-packages/airflow/example_dags/tutorial_taskflow_api_virtualenv.py
[2026-03-19T07:20:05.497+0000] {processor.py:840} INFO - DAG(s) 'tutorial_taskflow_api_virtualenv' retrieved from /home/airflow/.local/lib/python3.12/site-packages/airflow/example_dags/tutorial_taskflow_api_virtualenv.py
[2026-03-19T07:20:05.506+0000] {logging_mixin.py:188} INFO - [2026-03-19T07:20:05.506+0000] {dag.py:3096} INFO - Sync 1 DAGs
[2026-03-19T07:20:05.512+0000] {logging_mixin.py:188} INFO - [2026-03-19T07:20:05.512+0000] {dag.py:3954} INFO - Setting next_dagrun for tutorial_taskflow_api_virtualenv to None, run_after=None
[2026-03-19T07:20:05.519+0000] {processor.py:183} INFO - Processing /home/airflow/.local/lib/python3.12/site-packages/airflow/example_dags/tutorial_taskflow_api_virtualenv.py took 0.033 seconds
[2026-03-19T07:37:30.274+0000] {processor.py:161} INFO - Started process (PID=36790) to work on /home/airflow/.local/lib/python3.12/site-packages/airflow/example_dags/tutorial_taskflow_api_virtualenv.py
[2026-03-19T07:37:30.276+0000] {processor.py:830} INFO - Processing file /home/airflow/.local/lib/python3.12/site-packages/airflow/example_dags/tutorial_taskflow_api_virtualenv.py for tasks to queue
[2026-03-19T07:37:30.278+0000] {logging_mixin.py:188} INFO - [2026-03-19T07:37:30.278+0000] {dagbag.py:545} INFO - Filling up the DagBag from /home/airflow/.local/lib/python3.12/site-packages/airflow/example_dags/tutorial_taskflow_api_virtualenv.py
[2026-03-19T07:37:30.287+0000] {processor.py:840} INFO - DAG(s) 'tutorial_taskflow_api_virtualenv' retrieved from /home/airflow/.local/lib/python3.12/site-packages/airflow/example_dags/tutorial_taskflow_api_virtualenv.py
[2026-03-19T07:37:30.321+0000] {logging_mixin.py:188} INFO - [2026-03-19T07:37:30.321+0000] {dag.py:3096} INFO - Sync 1 DAGs
[2026-03-19T07:37:30.343+0000] {logging_mixin.py:188} INFO - [2026-03-19T07:37:30.342+0000] {dag.py:3954} INFO - Setting next_dagrun for tutorial_taskflow_api_virtualenv to None, run_after=None
[2026-03-19T07:37:30.364+0000] {processor.py:183} INFO - Processing /home/airflow/.local/lib/python3.12/site-packages/airflow/example_dags/tutorial_taskflow_api_virtualenv.py took 0.095 seconds
[2026-03-19T07:38:03.386+0000] {processor.py:161} INFO - Started process (PID=36857) to work on /home/airflow/.local/lib/python3.12/site-packages/airflow/example_dags/tutorial_taskflow_api_virtualenv.py
[2026-03-19T07:38:03.387+0000] {processor.py:830} INFO - Processing file /home/airflow/.local/lib/python3.12/site-packages/airflow/example_dags/tutorial_taskflow_api_virtualenv.py for tasks to queue
[2026-03-19T07:38:03.388+0000] {logging_mixin.py:188} INFO - [2026-03-19T07:38:03.388+0000] {dagbag.py:545} INFO - Filling up the DagBag from /home/airflow/.local/lib/python3.12/site-packages/airflow/example_dags/tutorial_taskflow_api_virtualenv.py
[2026-03-19T07:38:03.402+0000] {processor.py:840} INFO - DAG(s) 'tutorial_taskflow_api_virtualenv' retrieved from /home/airflow/.local/lib/python3.12/site-packages/airflow/example_dags/tutorial_taskflow_api_virtualenv.py
[2026-03-19T07:38:03.454+0000] {logging_mixin.py:188} INFO - [2026-03-19T07:38:03.454+0000] {dag.py:3096} INFO - Sync 1 DAGs
[2026-03-19T07:38:03.476+0000] {logging_mixin.py:188} INFO - [2026-03-19T07:38:03.476+0000] {dag.py:3954} INFO - Setting next_dagrun for tutorial_taskflow_api_virtualenv to None, run_after=None
[2026-03-19T07:38:03.510+0000] {processor.py:183} INFO - Processing /home/airflow/.local/lib/python3.12/site-packages/airflow/example_dags/tutorial_taskflow_api_virtualenv.py took 0.129 seconds
[2026-03-19T07:48:56.321+0000] {processor.py:161} INFO - Started process (PID=36916) to work on /home/airflow/.local/lib/python3.12/site-packages/airflow/example_dags/tutorial_taskflow_api_virtualenv.py
[2026-03-19T07:48:56.321+0000] {processor.py:830} INFO - Processing file /home/airflow/.local/lib/python3.12/site-packages/airflow/example_dags/tutorial_taskflow_api_virtualenv.py for tasks to queue
[2026-03-19T07:48:56.322+0000] {logging_mixin.py:188} INFO - [2026-03-19T07:48:56.322+0000] {dagbag.py:545} INFO - Filling up the DagBag from /home/airflow/.local/lib/python3.12/site-packages/airflow/example_dags/tutorial_taskflow_api_virtualenv.py
[2026-03-19T07:48:56.329+0000] {processor.py:840} INFO - DAG(s) 'tutorial_taskflow_api_virtualenv' retrieved from /home/airflow/.local/lib/python3.12/site-packages/airflow/example_dags/tutorial_taskflow_api_virtualenv.py
[2026-03-19T07:48:56.345+0000] {logging_mixin.py:188} INFO - [2026-03-19T07:48:56.345+0000] {dag.py:3096} INFO - Sync 1 DAGs
[2026-03-19T07:48:56.354+0000] {logging_mixin.py:188} INFO - [2026-03-19T07:48:56.354+0000] {dag.py:3954} INFO - Setting next_dagrun for tutorial_taskflow_api_virtualenv to None, run_after=None
[2026-03-19T07:48:56.371+0000] {processor.py:183} INFO - Processing /home/airflow/.local/lib/python3.12/site-packages/airflow/example_dags/tutorial_taskflow_api_virtualenv.py took 0.056 seconds
[2026-03-19T07:49:28.554+0000] {processor.py:161} INFO - Started process (PID=36975) to work on /home/airflow/.local/lib/python3.12/site-packages/airflow/example_dags/tutorial_taskflow_api_virtualenv.py
[2026-03-19T07:49:28.555+0000] {processor.py:830} INFO - Processing file /home/airflow/.local/lib/python3.12/site-packages/airflow/example_dags/tutorial_taskflow_api_virtualenv.py for tasks to queue
[2026-03-19T07:49:28.555+0000] {logging_mixin.py:188} INFO - [2026-03-19T07:49:28.555+0000] {dagbag.py:545} INFO - Filling up the DagBag from /home/airflow/.local/lib/python3.12/site-packages/airflow/example_dags/tutorial_taskflow_api_virtualenv.py
[2026-03-19T07:49:28.561+0000] {processor.py:840} INFO - DAG(s) 'tutorial_taskflow_api_virtualenv' retrieved from /home/airflow/.local/lib/python3.12/site-packages/airflow/example_dags/tutorial_taskflow_api_virtualenv.py
[2026-03-19T07:49:28.577+0000] {logging_mixin.py:188} INFO - [2026-03-19T07:49:28.577+0000] {dag.py:3096} INFO - Sync 1 DAGs
[2026-03-19T07:49:28.586+0000] {logging_mixin.py:188} INFO - [2026-03-19T07:49:28.586+0000] {dag.py:3954} INFO - Setting next_dagrun for tutorial_taskflow_api_virtualenv to None, run_after=None
[2026-03-19T07:49:28.601+0000] {processor.py:183} INFO - Processing /home/airflow/.local/lib/python3.12/site-packages/airflow/example_dags/tutorial_taskflow_api_virtualenv.py took 0.052 seconds
[2026-03-19T07:50:00.057+0000] {processor.py:161} INFO - Started process (PID=37034) to work on /home/airflow/.local/lib/python3.12/site-packages/airflow/example_dags/tutorial_taskflow_api_virtualenv.py
[2026-03-19T07:50:00.058+0000] {processor.py:830} INFO - Processing file /home/airflow/.local/lib/python3.12/site-packages/airflow/example_dags/tutorial_taskflow_api_virtualenv.py for tasks to queue
[2026-03-19T07:50:00.059+0000] {logging_mixin.py:188} INFO - [2026-03-19T07:50:00.058+0000] {dagbag.py:545} INFO - Filling up the DagBag from /home/airflow/.local/lib/python3.12/site-packages/airflow/example_dags/tutorial_taskflow_api_virtualenv.py
[2026-03-19T07:50:00.067+0000] {processor.py:840} INFO - DAG(s) 'tutorial_taskflow_api_virtualenv' retrieved from /home/airflow/.local/lib/python3.12/site-packages/airflow/example_dags/tutorial_taskflow_api_virtualenv.py
[2026-03-19T07:50:00.086+0000] {logging_mixin.py:188} INFO - [2026-03-19T07:50:00.086+0000] {dag.py:3096} INFO - Sync 1 DAGs
[2026-03-19T07:50:00.094+0000] {logging_mixin.py:188} INFO - [2026-03-19T07:50:00.094+0000] {dag.py:3954} INFO - Setting next_dagrun for tutorial_taskflow_api_virtualenv to None, run_after=None
[2026-03-19T07:50:00.112+0000] {processor.py:183} INFO - Processing /home/airflow/.local/lib/python3.12/site-packages/airflow/example_dags/tutorial_taskflow_api_virtualenv.py took 0.059 seconds
[2026-03-19T07:50:30.135+0000] {processor.py:161} INFO - Started process (PID=37093) to work on /home/airflow/.local/lib/python3.12/site-packages/airflow/example_dags/tutorial_taskflow_api_virtualenv.py
[2026-03-19T07:50:30.135+0000] {processor.py:830} INFO - Processing file /home/airflow/.local/lib/python3.12/site-packages/airflow/example_dags/tutorial_taskflow_api_virtualenv.py for tasks to queue
[2026-03-19T07:50:30.136+0000] {logging_mixin.py:188} INFO - [2026-03-19T07:50:30.136+0000] {dagbag.py:545} INFO - Filling up the DagBag from /home/airflow/.local/lib/python3.12/site-packages/airflow/example_dags/tutorial_taskflow_api_virtualenv.py
[2026-03-19T07:50:30.142+0000] {processor.py:840} INFO - DAG(s) 'tutorial_taskflow_api_virtualenv' retrieved from /home/airflow/.local/lib/python3.12/site-packages/airflow/example_dags/tutorial_taskflow_api_virtualenv.py
[2026-03-19T07:50:30.154+0000] {logging_mixin.py:188} INFO - [2026-03-19T07:50:30.154+0000] {dag.py:3096} INFO - Sync 1 DAGs
[2026-03-19T07:50:30.161+0000] {logging_mixin.py:188} INFO - [2026-03-19T07:50:30.161+0000] {dag.py:3954} INFO - Setting next_dagrun for tutorial_taskflow_api_virtualenv to None, run_after=None
[2026-03-19T07:50:30.169+0000] {processor.py:183} INFO - Processing /home/airflow/.local/lib/python3.12/site-packages/airflow/example_dags/tutorial_taskflow_api_virtualenv.py took 0.039 seconds
[2026-03-19T07:51:01.745+0000] {processor.py:161} INFO - Started process (PID=37152) to work on /home/airflow/.local/lib/python3.12/site-packages/airflow/example_dags/tutorial_taskflow_api_virtualenv.py
[2026-03-19T07:51:01.748+0000] {processor.py:830} INFO - Processing file /home/airflow/.local/lib/python3.12/site-packages/airflow/example_dags/tutorial_taskflow_api_virtualenv.py for tasks to queue
[2026-03-19T07:51:01.750+0000] {logging_mixin.py:188} INFO - [2026-03-19T07:51:01.749+0000] {dagbag.py:545} INFO - Filling up the DagBag from /home/airflow/.local/lib/python3.12/site-packages/airflow/example_dags/tutorial_taskflow_api_virtualenv.py
[2026-03-19T07:51:01.768+0000] {processor.py:840} INFO - DAG(s) 'tutorial_taskflow_api_virtualenv' retrieved from /home/airflow/.local/lib/python3.12/site-packages/airflow/example_dags/tutorial_taskflow_api_virtualenv.py
[2026-03-19T07:51:01.803+0000] {logging_mixin.py:188} INFO - [2026-03-19T07:51:01.803+0000] {dag.py:3096} INFO - Sync 1 DAGs
[2026-03-19T07:51:01.827+0000] {logging_mixin.py:188} INFO - [2026-03-19T07:51:01.827+0000] {dag.py:3954} INFO - Setting next_dagrun for tutorial_taskflow_api_virtualenv to None, run_after=None
[2026-03-19T07:51:01.855+0000] {processor.py:183} INFO - Processing /home/airflow/.local/lib/python3.12/site-packages/airflow/example_dags/tutorial_taskflow_api_virtualenv.py took 0.123 seconds
[2026-03-19T07:51:33.491+0000] {processor.py:161} INFO - Started process (PID=37211) to work on /home/airflow/.local/lib/python3.12/site-packages/airflow/example_dags/tutorial_taskflow_api_virtualenv.py
[2026-03-19T07:51:33.493+0000] {processor.py:830} INFO - Processing file /home/airflow/.local/lib/python3.12/site-packages/airflow/example_dags/tutorial_taskflow_api_virtualenv.py for tasks to queue
[2026-03-19T07:51:33.494+0000] {logging_mixin.py:188} INFO - [2026-03-19T07:51:33.494+0000] {dagbag.py:545} INFO - Filling up the DagBag from /home/airflow/.local/lib/python3.12/site-packages/airflow/example_dags/tutorial_taskflow_api_virtualenv.py
[2026-03-19T07:51:33.508+0000] {processor.py:840} INFO - DAG(s) 'tutorial_taskflow_api_virtualenv' retrieved from /home/airflow/.local/lib/python3.12/site-packages/airflow/example_dags/tutorial_taskflow_api_virtualenv.py
[2026-03-19T07:51:33.528+0000] {logging_mixin.py:188} INFO - [2026-03-19T07:51:33.528+0000] {dag.py:3096} INFO - Sync 1 DAGs
[2026-03-19T07:51:33.538+0000] {logging_mixin.py:188} INFO - [2026-03-19T07:51:33.538+0000] {dag.py:3954} INFO - Setting next_dagrun for tutorial_taskflow_api_virtualenv to None, run_after=None
[2026-03-19T07:51:33.569+0000] {processor.py:183} INFO - Processing /home/airflow/.local/lib/python3.12/site-packages/airflow/example_dags/tutorial_taskflow_api_virtualenv.py took 0.085 seconds
[2026-03-19T07:52:04.562+0000] {processor.py:161} INFO - Started process (PID=37270) to work on /home/airflow/.local/lib/python3.12/site-packages/airflow/example_dags/tutorial_taskflow_api_virtualenv.py
[2026-03-19T07:52:04.564+0000] {processor.py:830} INFO - Processing file /home/airflow/.local/lib/python3.12/site-packages/airflow/example_dags/tutorial_taskflow_api_virtualenv.py for tasks to queue
[2026-03-19T07:52:04.565+0000] {logging_mixin.py:188} INFO - [2026-03-19T07:52:04.565+0000] {dagbag.py:545} INFO - Filling up the DagBag from /home/airflow/.local/lib/python3.12/site-packages/airflow/example_dags/tutorial_taskflow_api_virtualenv.py
[2026-03-19T07:52:04.579+0000] {processor.py:840} INFO - DAG(s) 'tutorial_taskflow_api_virtualenv' retrieved from /home/airflow/.local/lib/python3.12/site-packages/airflow/example_dags/tutorial_taskflow_api_virtualenv.py
[2026-03-19T07:52:04.602+0000] {logging_mixin.py:188} INFO - [2026-03-19T07:52:04.602+0000] {dag.py:3096} INFO - Sync 1 DAGs
[2026-03-19T07:52:04.614+0000] {logging_mixin.py:188} INFO - [2026-03-19T07:52:04.613+0000] {dag.py:3954} INFO - Setting next_dagrun for tutorial_taskflow_api_virtualenv to None, run_after=None
[2026-03-19T07:52:04.629+0000] {processor.py:183} INFO - Processing /home/airflow/.local/lib/python3.12/site-packages/airflow/example_dags/tutorial_taskflow_api_virtualenv.py took 0.076 seconds
[2026-03-19T07:52:35.505+0000] {processor.py:161} INFO - Started process (PID=37329) to work on /home/airflow/.local/lib/python3.12/site-packages/airflow/example_dags/tutorial_taskflow_api_virtualenv.py
[2026-03-19T07:52:35.505+0000] {processor.py:830} INFO - Processing file /home/airflow/.local/lib/python3.12/site-packages/airflow/example_dags/tutorial_taskflow_api_virtualenv.py for tasks to queue
[2026-03-19T07:52:35.506+0000] {logging_mixin.py:188} INFO - [2026-03-19T07:52:35.506+0000] {dagbag.py:545} INFO - Filling up the DagBag from /home/airflow/.local/lib/python3.12/site-packages/airflow/example_dags/tutorial_taskflow_api_virtualenv.py
[2026-03-19T07:52:35.517+0000] {processor.py:840} INFO - DAG(s) 'tutorial_taskflow_api_virtualenv' retrieved from /home/airflow/.local/lib/python3.12/site-packages/airflow/example_dags/tutorial_taskflow_api_virtualenv.py
[2026-03-19T07:52:35.544+0000] {logging_mixin.py:188} INFO - [2026-03-19T07:52:35.543+0000] {dag.py:3096} INFO - Sync 1 DAGs
[2026-03-19T07:52:35.561+0000] {logging_mixin.py:188} INFO - [2026-03-19T07:52:35.561+0000] {dag.py:3954} INFO - Setting next_dagrun for tutorial_taskflow_api_virtualenv to None, run_after=None
[2026-03-19T07:52:35.577+0000] {processor.py:183} INFO - Processing /home/airflow/.local/lib/python3.12/site-packages/airflow/example_dags/tutorial_taskflow_api_virtualenv.py took 0.077 seconds
[2026-03-19T07:53:06.304+0000] {processor.py:161} INFO - Started process (PID=37388) to work on /home/airflow/.local/lib/python3.12/site-packages/airflow/example_dags/tutorial_taskflow_api_virtualenv.py
[2026-03-19T07:53:06.306+0000] {processor.py:830} INFO - Processing file /home/airflow/.local/lib/python3.12/site-packages/airflow/example_dags/tutorial_taskflow_api_virtualenv.py for tasks to queue
[2026-03-19T07:53:06.307+0000] {logging_mixin.py:188} INFO - [2026-03-19T07:53:06.306+0000] {dagbag.py:545} INFO - Filling up the DagBag from /home/airflow/.local/lib/python3.12/site-packages/airflow/example_dags/tutorial_taskflow_api_virtualenv.py
[2026-03-19T07:53:06.318+0000] {processor.py:840} INFO - DAG(s) 'tutorial_taskflow_api_virtualenv' retrieved from /home/airflow/.local/lib/python3.12/site-packages/airflow/example_dags/tutorial_taskflow_api_virtualenv.py
[2026-03-19T07:53:06.336+0000] {logging_mixin.py:188} INFO - [2026-03-19T07:53:06.336+0000] {dag.py:3096} INFO - Sync 1 DAGs
[2026-03-19T07:53:06.344+0000] {logging_mixin.py:188} INFO - [2026-03-19T07:53:06.344+0000] {dag.py:3954} INFO - Setting next_dagrun for tutorial_taskflow_api_virtualenv to None, run_after=None
[2026-03-19T07:53:06.355+0000] {processor.py:183} INFO - Processing /home/airflow/.local/lib/python3.12/site-packages/airflow/example_dags/tutorial_taskflow_api_virtualenv.py took 0.060 seconds
[2026-03-19T07:53:36.599+0000] {processor.py:161} INFO - Started process (PID=37447) to work on /home/airflow/.local/lib/python3.12/site-packages/airflow/example_dags/tutorial_taskflow_api_virtualenv.py
[2026-03-19T07:53:36.600+0000] {processor.py:830} INFO - Processing file /home/airflow/.local/lib/python3.12/site-packages/airflow/example_dags/tutorial_taskflow_api_virtualenv.py for tasks to queue
[2026-03-19T07:53:36.601+0000] {logging_mixin.py:188} INFO - [2026-03-19T07:53:36.601+0000] {dagbag.py:545} INFO - Filling up the DagBag from /home/airflow/.local/lib/python3.12/site-packages/airflow/example_dags/tutorial_taskflow_api_virtualenv.py
[2026-03-19T07:53:36.608+0000] {processor.py:840} INFO - DAG(s) 'tutorial_taskflow_api_virtualenv' retrieved from /home/airflow/.local/lib/python3.12/site-packages/airflow/example_dags/tutorial_taskflow_api_virtualenv.py
[2026-03-19T07:53:36.629+0000] {logging_mixin.py:188} INFO - [2026-03-19T07:53:36.629+0000] {dag.py:3096} INFO - Sync 1 DAGs
[2026-03-19T07:53:36.638+0000] {logging_mixin.py:188} INFO - [2026-03-19T07:53:36.638+0000] {dag.py:3954} INFO - Setting next_dagrun for tutorial_taskflow_api_virtualenv to None, run_after=None
[2026-03-19T07:53:36.657+0000] {processor.py:183} INFO - Processing /home/airflow/.local/lib/python3.12/site-packages/airflow/example_dags/tutorial_taskflow_api_virtualenv.py took 0.062 seconds
[2026-03-19T07:54:07.081+0000] {processor.py:161} INFO - Started process (PID=37506) to work on /home/airflow/.local/lib/python3.12/site-packages/airflow/example_dags/tutorial_taskflow_api_virtualenv.py
[2026-03-19T07:54:07.082+0000] {processor.py:830} INFO - Processing file /home/airflow/.local/lib/python3.12/site-packages/airflow/example_dags/tutorial_taskflow_api_virtualenv.py for tasks to queue
[2026-03-19T07:54:07.083+0000] {logging_mixin.py:188} INFO - [2026-03-19T07:54:07.083+0000] {dagbag.py:545} INFO - Filling up the DagBag from /home/airflow/.local/lib/python3.12/site-packages/airflow/example_dags/tutorial_taskflow_api_virtualenv.py
[2026-03-19T07:54:07.095+0000] {processor.py:840} INFO - DAG(s) 'tutorial_taskflow_api_virtualenv' retrieved from /home/airflow/.local/lib/python3.12/site-packages/airflow/example_dags/tutorial_taskflow_api_virtualenv.py
[2026-03-19T07:54:07.114+0000] {logging_mixin.py:188} INFO - [2026-03-19T07:54:07.113+0000] {dag.py:3096} INFO - Sync 1 DAGs
[2026-03-19T07:54:07.123+0000] {logging_mixin.py:188} INFO - [2026-03-19T07:54:07.123+0000] {dag.py:3954} INFO - Setting next_dagrun for tutorial_taskflow_api_virtualenv to None, run_after=None
[2026-03-19T07:54:07.135+0000] {processor.py:183} INFO - Processing /home/airflow/.local/lib/python3.12/site-packages/airflow/example_dags/tutorial_taskflow_api_virtualenv.py took 0.061 seconds
[2026-03-19T07:54:37.385+0000] {processor.py:161} INFO - Started process (PID=37565) to work on /home/airflow/.local/lib/python3.12/site-packages/airflow/example_dags/tutorial_taskflow_api_virtualenv.py
[2026-03-19T07:54:37.391+0000] {processor.py:830} INFO - Processing file /home/airflow/.local/lib/python3.12/site-packages/airflow/example_dags/tutorial_taskflow_api_virtualenv.py for tasks to queue
[2026-03-19T07:54:37.393+0000] {logging_mixin.py:188} INFO - [2026-03-19T07:54:37.392+0000] {dagbag.py:545} INFO - Filling up the DagBag from /home/airflow/.local/lib/python3.12/site-packages/airflow/example_dags/tutorial_taskflow_api_virtualenv.py
[2026-03-19T07:54:37.418+0000] {processor.py:840} INFO - DAG(s) 'tutorial_taskflow_api_virtualenv' retrieved from /home/airflow/.local/lib/python3.12/site-packages/airflow/example_dags/tutorial_taskflow_api_virtualenv.py
[2026-03-19T07:54:37.454+0000] {logging_mixin.py:188} INFO - [2026-03-19T07:54:37.454+0000] {dag.py:3096} INFO - Sync 1 DAGs
[2026-03-19T07:54:37.470+0000] {logging_mixin.py:188} INFO - [2026-03-19T07:54:37.470+0000] {dag.py:3954} INFO - Setting next_dagrun for tutorial_taskflow_api_virtualenv to None, run_after=None
[2026-03-19T07:54:37.490+0000] {processor.py:183} INFO - Processing /home/airflow/.local/lib/python3.12/site-packages/airflow/example_dags/tutorial_taskflow_api_virtualenv.py took 0.124 seconds
[2026-03-19T07:55:07.732+0000] {processor.py:161} INFO - Started process (PID=37624) to work on /home/airflow/.local/lib/python3.12/site-packages/airflow/example_dags/tutorial_taskflow_api_virtualenv.py
[2026-03-19T07:55:07.735+0000] {processor.py:830} INFO - Processing file /home/airflow/.local/lib/python3.12/site-packages/airflow/example_dags/tutorial_taskflow_api_virtualenv.py for tasks to queue
[2026-03-19T07:55:07.737+0000] {logging_mixin.py:188} INFO - [2026-03-19T07:55:07.736+0000] {dagbag.py:545} INFO - Filling up the DagBag from /home/airflow/.local/lib/python3.12/site-packages/airflow/example_dags/tutorial_taskflow_api_virtualenv.py
[2026-03-19T07:55:07.762+0000] {processor.py:840} INFO - DAG(s) 'tutorial_taskflow_api_virtualenv' retrieved from /home/airflow/.local/lib/python3.12/site-packages/airflow/example_dags/tutorial_taskflow_api_virtualenv.py
[2026-03-19T07:55:07.800+0000] {logging_mixin.py:188} INFO - [2026-03-19T07:55:07.800+0000] {dag.py:3096} INFO - Sync 1 DAGs
[2026-03-19T07:55:07.815+0000] {logging_mixin.py:188} INFO - [2026-03-19T07:55:07.815+0000] {dag.py:3954} INFO - Setting next_dagrun for tutorial_taskflow_api_virtualenv to None, run_after=None
[2026-03-19T07:55:07.831+0000] {processor.py:183} INFO - Processing /home/airflow/.local/lib/python3.12/site-packages/airflow/example_dags/tutorial_taskflow_api_virtualenv.py took 0.114 seconds
[2026-03-19T07:55:38.547+0000] {processor.py:161} INFO - Started process (PID=37683) to work on /home/airflow/.local/lib/python3.12/site-packages/airflow/example_dags/tutorial_taskflow_api_virtualenv.py
[2026-03-19T07:55:38.548+0000] {processor.py:830} INFO - Processing file /home/airflow/.local/lib/python3.12/site-packages/airflow/example_dags/tutorial_taskflow_api_virtualenv.py for tasks to queue
[2026-03-19T07:55:38.549+0000] {logging_mixin.py:188} INFO - [2026-03-19T07:55:38.549+0000] {dagbag.py:545} INFO - Filling up the DagBag from /home/airflow/.local/lib/python3.12/site-packages/airflow/example_dags/tutorial_taskflow_api_virtualenv.py
[2026-03-19T07:55:38.556+0000] {processor.py:840} INFO - DAG(s) 'tutorial_taskflow_api_virtualenv' retrieved from /home/airflow/.local/lib/python3.12/site-packages/airflow/example_dags/tutorial_taskflow_api_virtualenv.py
[2026-03-19T07:55:38.576+0000] {logging_mixin.py:188} INFO - [2026-03-19T07:55:38.576+0000] {dag.py:3096} INFO - Sync 1 DAGs
[2026-03-19T07:55:38.585+0000] {logging_mixin.py:188} INFO - [2026-03-19T07:55:38.585+0000] {dag.py:3954} INFO - Setting next_dagrun for tutorial_taskflow_api_virtualenv to None, run_after=None
[2026-03-19T07:55:38.602+0000] {processor.py:183} INFO - Processing /home/airflow/.local/lib/python3.12/site-packages/airflow/example_dags/tutorial_taskflow_api_virtualenv.py took 0.060 seconds
[2026-03-19T07:56:08.968+0000] {processor.py:161} INFO - Started process (PID=37742) to work on /home/airflow/.local/lib/python3.12/site-packages/airflow/example_dags/tutorial_taskflow_api_virtualenv.py
[2026-03-19T07:56:08.970+0000] {processor.py:830} INFO - Processing file /home/airflow/.local/lib/python3.12/site-packages/airflow/example_dags/tutorial_taskflow_api_virtualenv.py for tasks to queue
[2026-03-19T07:56:08.971+0000] {logging_mixin.py:188} INFO - [2026-03-19T07:56:08.971+0000] {dagbag.py:545} INFO - Filling up the DagBag from /home/airflow/.local/lib/python3.12/site-packages/airflow/example_dags/tutorial_taskflow_api_virtualenv.py
[2026-03-19T07:56:08.991+0000] {processor.py:840} INFO - DAG(s) 'tutorial_taskflow_api_virtualenv' retrieved from /home/airflow/.local/lib/python3.12/site-packages/airflow/example_dags/tutorial_taskflow_api_virtualenv.py
[2026-03-19T07:56:09.036+0000] {logging_mixin.py:188} INFO - [2026-03-19T07:56:09.036+0000] {dag.py:3096} INFO - Sync 1 DAGs
[2026-03-19T07:56:09.053+0000] {logging_mixin.py:188} INFO - [2026-03-19T07:56:09.052+0000] {dag.py:3954} INFO - Setting next_dagrun for tutorial_taskflow_api_virtualenv to None, run_after=None
[2026-03-19T07:56:09.084+0000] {processor.py:183} INFO - Processing /home/airflow/.local/lib/python3.12/site-packages/airflow/example_dags/tutorial_taskflow_api_virtualenv.py took 0.131 seconds
[2026-03-19T07:56:40.053+0000] {processor.py:161} INFO - Started process (PID=37801) to work on /home/airflow/.local/lib/python3.12/site-packages/airflow/example_dags/tutorial_taskflow_api_virtualenv.py
[2026-03-19T07:56:40.057+0000] {processor.py:830} INFO - Processing file /home/airflow/.local/lib/python3.12/site-packages/airflow/example_dags/tutorial_taskflow_api_virtualenv.py for tasks to queue
[2026-03-19T07:56:40.062+0000] {logging_mixin.py:188} INFO - [2026-03-19T07:56:40.060+0000] {dagbag.py:545} INFO - Filling up the DagBag from /home/airflow/.local/lib/python3.12/site-packages/airflow/example_dags/tutorial_taskflow_api_virtualenv.py
[2026-03-19T07:56:40.091+0000] {processor.py:840} INFO - DAG(s) 'tutorial_taskflow_api_virtualenv' retrieved from /home/airflow/.local/lib/python3.12/site-packages/airflow/example_dags/tutorial_taskflow_api_virtualenv.py
[2026-03-19T07:56:40.146+0000] {logging_mixin.py:188} INFO - [2026-03-19T07:56:40.146+0000] {dag.py:3096} INFO - Sync 1 DAGs
[2026-03-19T07:56:40.166+0000] {logging_mixin.py:188} INFO - [2026-03-19T07:56:40.166+0000] {dag.py:3954} INFO - Setting next_dagrun for tutorial_taskflow_api_virtualenv to None, run_after=None
[2026-03-19T07:56:40.201+0000] {processor.py:183} INFO - Processing /home/airflow/.local/lib/python3.12/site-packages/airflow/example_dags/tutorial_taskflow_api_virtualenv.py took 0.177 seconds
[2026-03-19T07:57:10.822+0000] {processor.py:161} INFO - Started process (PID=37860) to work on /home/airflow/.local/lib/python3.12/site-packages/airflow/example_dags/tutorial_taskflow_api_virtualenv.py
[2026-03-19T07:57:10.824+0000] {processor.py:830} INFO - Processing file /home/airflow/.local/lib/python3.12/site-packages/airflow/example_dags/tutorial_taskflow_api_virtualenv.py for tasks to queue
[2026-03-19T07:57:10.828+0000] {logging_mixin.py:188} INFO - [2026-03-19T07:57:10.827+0000] {dagbag.py:545} INFO - Filling up the DagBag from /home/airflow/.local/lib/python3.12/site-packages/airflow/example_dags/tutorial_taskflow_api_virtualenv.py
[2026-03-19T07:57:10.851+0000] {processor.py:840} INFO - DAG(s) 'tutorial_taskflow_api_virtualenv' retrieved from /home/airflow/.local/lib/python3.12/site-packages/airflow/example_dags/tutorial_taskflow_api_virtualenv.py
[2026-03-19T07:57:10.884+0000] {logging_mixin.py:188} INFO - [2026-03-19T07:57:10.884+0000] {dag.py:3096} INFO - Sync 1 DAGs
[2026-03-19T07:57:10.903+0000] {logging_mixin.py:188} INFO - [2026-03-19T07:57:10.903+0000] {dag.py:3954} INFO - Setting next_dagrun for tutorial_taskflow_api_virtualenv to None, run_after=None
[2026-03-19T07:57:10.925+0000] {processor.py:183} INFO - Processing /home/airflow/.local/lib/python3.12/site-packages/airflow/example_dags/tutorial_taskflow_api_virtualenv.py took 0.122 seconds
[2026-03-19T07:57:41.759+0000] {processor.py:161} INFO - Started process (PID=37919) to work on /home/airflow/.local/lib/python3.12/site-packages/airflow/example_dags/tutorial_taskflow_api_virtualenv.py
[2026-03-19T07:57:41.761+0000] {processor.py:830} INFO - Processing file /home/airflow/.local/lib/python3.12/site-packages/airflow/example_dags/tutorial_taskflow_api_virtualenv.py for tasks to queue
[2026-03-19T07:57:41.761+0000] {logging_mixin.py:188} INFO - [2026-03-19T07:57:41.761+0000] {dagbag.py:545} INFO - Filling up the DagBag from /home/airflow/.local/lib/python3.12/site-packages/airflow/example_dags/tutorial_taskflow_api_virtualenv.py
[2026-03-19T07:57:41.774+0000] {processor.py:840} INFO - DAG(s) 'tutorial_taskflow_api_virtualenv' retrieved from /home/airflow/.local/lib/python3.12/site-packages/airflow/example_dags/tutorial_taskflow_api_virtualenv.py
[2026-03-19T07:57:41.794+0000] {logging_mixin.py:188} INFO - [2026-03-19T07:57:41.794+0000] {dag.py:3096} INFO - Sync 1 DAGs
[2026-03-19T07:57:41.801+0000] {logging_mixin.py:188} INFO - [2026-03-19T07:57:41.801+0000] {dag.py:3954} INFO - Setting next_dagrun for tutorial_taskflow_api_virtualenv to None, run_after=None
[2026-03-19T07:57:41.817+0000] {processor.py:183} INFO - Processing /home/airflow/.local/lib/python3.12/site-packages/airflow/example_dags/tutorial_taskflow_api_virtualenv.py took 0.063 seconds
[2026-03-19T07:58:12.276+0000] {processor.py:161} INFO - Started process (PID=37978) to work on /home/airflow/.local/lib/python3.12/site-packages/airflow/example_dags/tutorial_taskflow_api_virtualenv.py
[2026-03-19T07:58:12.277+0000] {processor.py:830} INFO - Processing file /home/airflow/.local/lib/python3.12/site-packages/airflow/example_dags/tutorial_taskflow_api_virtualenv.py for tasks to queue
[2026-03-19T07:58:12.278+0000] {logging_mixin.py:188} INFO - [2026-03-19T07:58:12.278+0000] {dagbag.py:545} INFO - Filling up the DagBag from /home/airflow/.local/lib/python3.12/site-packages/airflow/example_dags/tutorial_taskflow_api_virtualenv.py
[2026-03-19T07:58:12.291+0000] {processor.py:840} INFO - DAG(s) 'tutorial_taskflow_api_virtualenv' retrieved from /home/airflow/.local/lib/python3.12/site-packages/airflow/example_dags/tutorial_taskflow_api_virtualenv.py
[2026-03-19T07:58:12.310+0000] {logging_mixin.py:188} INFO - [2026-03-19T07:58:12.310+0000] {dag.py:3096} INFO - Sync 1 DAGs
[2026-03-19T07:58:12.319+0000] {logging_mixin.py:188} INFO - [2026-03-19T07:58:12.319+0000] {dag.py:3954} INFO - Setting next_dagrun for tutorial_taskflow_api_virtualenv to None, run_after=None
[2026-03-19T07:58:12.339+0000] {processor.py:183} INFO - Processing /home/airflow/.local/lib/python3.12/site-packages/airflow/example_dags/tutorial_taskflow_api_virtualenv.py took 0.070 seconds
[2026-03-19T07:58:42.689+0000] {processor.py:161} INFO - Started process (PID=38037) to work on /home/airflow/.local/lib/python3.12/site-packages/airflow/example_dags/tutorial_taskflow_api_virtualenv.py
[2026-03-19T07:58:42.691+0000] {processor.py:830} INFO - Processing file /home/airflow/.local/lib/python3.12/site-packages/airflow/example_dags/tutorial_taskflow_api_virtualenv.py for tasks to queue
[2026-03-19T07:58:42.693+0000] {logging_mixin.py:188} INFO - [2026-03-19T07:58:42.692+0000] {dagbag.py:545} INFO - Filling up the DagBag from /home/airflow/.local/lib/python3.12/site-packages/airflow/example_dags/tutorial_taskflow_api_virtualenv.py
[2026-03-19T07:58:42.721+0000] {processor.py:840} INFO - DAG(s) 'tutorial_taskflow_api_virtualenv' retrieved from /home/airflow/.local/lib/python3.12/site-packages/airflow/example_dags/tutorial_taskflow_api_virtualenv.py
[2026-03-19T07:58:42.754+0000] {logging_mixin.py:188} INFO - [2026-03-19T07:58:42.754+0000] {dag.py:3096} INFO - Sync 1 DAGs
[2026-03-19T07:58:42.772+0000] {logging_mixin.py:188} INFO - [2026-03-19T07:58:42.771+0000] {dag.py:3954} INFO - Setting next_dagrun for tutorial_taskflow_api_virtualenv to None, run_after=None
[2026-03-19T07:58:42.792+0000] {processor.py:183} INFO - Processing /home/airflow/.local/lib/python3.12/site-packages/airflow/example_dags/tutorial_taskflow_api_virtualenv.py took 0.127 seconds
[2026-03-19T07:59:12.986+0000] {processor.py:161} INFO - Started process (PID=38096) to work on /home/airflow/.local/lib/python3.12/site-packages/airflow/example_dags/tutorial_taskflow_api_virtualenv.py
[2026-03-19T07:59:12.988+0000] {processor.py:830} INFO - Processing file /home/airflow/.local/lib/python3.12/site-packages/airflow/example_dags/tutorial_taskflow_api_virtualenv.py for tasks to queue
[2026-03-19T07:59:12.989+0000] {logging_mixin.py:188} INFO - [2026-03-19T07:59:12.988+0000] {dagbag.py:545} INFO - Filling up the DagBag from /home/airflow/.local/lib/python3.12/site-packages/airflow/example_dags/tutorial_taskflow_api_virtualenv.py
[2026-03-19T07:59:13.003+0000] {processor.py:840} INFO - DAG(s) 'tutorial_taskflow_api_virtualenv' retrieved from /home/airflow/.local/lib/python3.12/site-packages/airflow/example_dags/tutorial_taskflow_api_virtualenv.py
[2026-03-19T07:59:13.024+0000] {logging_mixin.py:188} INFO - [2026-03-19T07:59:13.024+0000] {dag.py:3096} INFO - Sync 1 DAGs
[2026-03-19T07:59:13.035+0000] {logging_mixin.py:188} INFO - [2026-03-19T07:59:13.035+0000] {dag.py:3954} INFO - Setting next_dagrun for tutorial_taskflow_api_virtualenv to None, run_after=None
[2026-03-19T07:59:13.048+0000] {processor.py:183} INFO - Processing /home/airflow/.local/lib/python3.12/site-packages/airflow/example_dags/tutorial_taskflow_api_virtualenv.py took 0.072 seconds
[2026-03-19T07:59:43.221+0000] {processor.py:161} INFO - Started process (PID=38155) to work on /home/airflow/.local/lib/python3.12/site-packages/airflow/example_dags/tutorial_taskflow_api_virtualenv.py
[2026-03-19T07:59:43.223+0000] {processor.py:830} INFO - Processing file /home/airflow/.local/lib/python3.12/site-packages/airflow/example_dags/tutorial_taskflow_api_virtualenv.py for tasks to queue
[2026-03-19T07:59:43.225+0000] {logging_mixin.py:188} INFO - [2026-03-19T07:59:43.224+0000] {dagbag.py:545} INFO - Filling up the DagBag from /home/airflow/.local/lib/python3.12/site-packages/airflow/example_dags/tutorial_taskflow_api_virtualenv.py
[2026-03-19T07:59:43.234+0000] {processor.py:840} INFO - DAG(s) 'tutorial_taskflow_api_virtualenv' retrieved from /home/airflow/.local/lib/python3.12/site-packages/airflow/example_dags/tutorial_taskflow_api_virtualenv.py
[2026-03-19T07:59:43.258+0000] {logging_mixin.py:188} INFO - [2026-03-19T07:59:43.257+0000] {dag.py:3096} INFO - Sync 1 DAGs
[2026-03-19T07:59:43.269+0000] {logging_mixin.py:188} INFO - [2026-03-19T07:59:43.269+0000] {dag.py:3954} INFO - Setting next_dagrun for tutorial_taskflow_api_virtualenv to None, run_after=None
[2026-03-19T07:59:43.287+0000] {processor.py:183} INFO - Processing /home/airflow/.local/lib/python3.12/site-packages/airflow/example_dags/tutorial_taskflow_api_virtualenv.py took 0.073 seconds
[2026-03-19T08:00:13.701+0000] {processor.py:161} INFO - Started process (PID=38214) to work on /home/airflow/.local/lib/python3.12/site-packages/airflow/example_dags/tutorial_taskflow_api_virtualenv.py
[2026-03-19T08:00:13.702+0000] {processor.py:830} INFO - Processing file /home/airflow/.local/lib/python3.12/site-packages/airflow/example_dags/tutorial_taskflow_api_virtualenv.py for tasks to queue
[2026-03-19T08:00:13.702+0000] {logging_mixin.py:188} INFO - [2026-03-19T08:00:13.702+0000] {dagbag.py:545} INFO - Filling up the DagBag from /home/airflow/.local/lib/python3.12/site-packages/airflow/example_dags/tutorial_taskflow_api_virtualenv.py
[2026-03-19T08:00:13.707+0000] {processor.py:840} INFO - DAG(s) 'tutorial_taskflow_api_virtualenv' retrieved from /home/airflow/.local/lib/python3.12/site-packages/airflow/example_dags/tutorial_taskflow_api_virtualenv.py
[2026-03-19T08:00:13.717+0000] {logging_mixin.py:188} INFO - [2026-03-19T08:00:13.717+0000] {dag.py:3096} INFO - Sync 1 DAGs
[2026-03-19T08:00:13.723+0000] {logging_mixin.py:188} INFO - [2026-03-19T08:00:13.722+0000] {dag.py:3954} INFO - Setting next_dagrun for tutorial_taskflow_api_virtualenv to None, run_after=None
[2026-03-19T08:00:13.730+0000] {processor.py:183} INFO - Processing /home/airflow/.local/lib/python3.12/site-packages/airflow/example_dags/tutorial_taskflow_api_virtualenv.py took 0.032 seconds
[2026-03-19T08:00:43.997+0000] {processor.py:161} INFO - Started process (PID=38273) to work on /home/airflow/.local/lib/python3.12/site-packages/airflow/example_dags/tutorial_taskflow_api_virtualenv.py
[2026-03-19T08:00:43.998+0000] {processor.py:830} INFO - Processing file /home/airflow/.local/lib/python3.12/site-packages/airflow/example_dags/tutorial_taskflow_api_virtualenv.py for tasks to queue
[2026-03-19T08:00:43.999+0000] {logging_mixin.py:188} INFO - [2026-03-19T08:00:43.999+0000] {dagbag.py:545} INFO - Filling up the DagBag from /home/airflow/.local/lib/python3.12/site-packages/airflow/example_dags/tutorial_taskflow_api_virtualenv.py
[2026-03-19T08:00:44.006+0000] {processor.py:840} INFO - DAG(s) 'tutorial_taskflow_api_virtualenv' retrieved from /home/airflow/.local/lib/python3.12/site-packages/airflow/example_dags/tutorial_taskflow_api_virtualenv.py
[2026-03-19T08:00:44.021+0000] {logging_mixin.py:188} INFO - [2026-03-19T08:00:44.021+0000] {dag.py:3096} INFO - Sync 1 DAGs
[2026-03-19T08:00:44.029+0000] {logging_mixin.py:188} INFO - [2026-03-19T08:00:44.028+0000] {dag.py:3954} INFO - Setting next_dagrun for tutorial_taskflow_api_virtualenv to None, run_after=None
[2026-03-19T08:00:44.042+0000] {processor.py:183} INFO - Processing /home/airflow/.local/lib/python3.12/site-packages/airflow/example_dags/tutorial_taskflow_api_virtualenv.py took 0.049 seconds
