[2026-03-18T14:39:01.441+0000] {local_task_job_runner.py:120} INFO - ::group::Pre task execution logs
[2026-03-18T14:39:01.457+0000] {taskinstance.py:2076} INFO - Dependencies all met for dep_context=non-requeueable deps ti=<TaskInstance: crypto_pipeline.fetch_data scheduled__2026-03-18T14:38:00+00:00 [queued]>
[2026-03-18T14:39:01.471+0000] {taskinstance.py:2076} INFO - Dependencies all met for dep_context=requeueable deps ti=<TaskInstance: crypto_pipeline.fetch_data scheduled__2026-03-18T14:38:00+00:00 [queued]>
[2026-03-18T14:39:01.475+0000] {taskinstance.py:2306} INFO - Starting attempt 1 of 2
[2026-03-18T14:39:01.499+0000] {taskinstance.py:2330} INFO - Executing <Task(BashOperator): fetch_data> on 2026-03-18 14:38:00+00:00
[2026-03-18T14:39:01.519+0000] {warnings.py:110} WARNING - /home/***/.local/lib/python3.12/site-packages/***/task/task_runner/standard_task_runner.py:61: DeprecationWarning: This process (pid=4806) is multi-threaded, use of fork() may lead to deadlocks in the child.
  pid = os.fork()

[2026-03-18T14:39:01.521+0000] {standard_task_runner.py:63} INFO - Started process 4808 to run task
[2026-03-18T14:39:01.520+0000] {standard_task_runner.py:90} INFO - Running: ['***', 'tasks', 'run', 'crypto_pipeline', 'fetch_data', 'scheduled__2026-03-18T14:38:00+00:00', '--job-id', '654', '--raw', '--subdir', 'DAGS_FOLDER/crypto_pipeline_dag.py', '--cfg-path', '/tmp/tmpc1xy_aui']
[2026-03-18T14:39:01.527+0000] {standard_task_runner.py:91} INFO - Job 654: Subtask fetch_data
[2026-03-18T14:39:01.599+0000] {task_command.py:426} INFO - Running <TaskInstance: crypto_pipeline.fetch_data scheduled__2026-03-18T14:38:00+00:00 [running]> on host 70adc5a0e7fa
[2026-03-18T14:39:01.721+0000] {taskinstance.py:2648} INFO - Exporting env vars: AIRFLOW_CTX_DAG_OWNER='anish' AIRFLOW_CTX_DAG_ID='crypto_pipeline' AIRFLOW_CTX_TASK_ID='fetch_data' AIRFLOW_CTX_EXECUTION_DATE='2026-03-18T14:38:00+00:00' AIRFLOW_CTX_TRY_NUMBER='1' AIRFLOW_CTX_DAG_RUN_ID='scheduled__2026-03-18T14:38:00+00:00'
[2026-03-18T14:39:01.726+0000] {taskinstance.py:430} INFO - ::endgroup::
[2026-03-18T14:39:01.728+0000] {subprocess.py:63} INFO - Tmp dir root location: /tmp
[2026-03-18T14:39:01.729+0000] {subprocess.py:75} INFO - Running command: ['/usr/bin/bash', '-c', 'python3 /opt/***/scripts/fetch_crypto.py']
[2026-03-18T14:39:01.738+0000] {subprocess.py:86} INFO - Output:
[2026-03-18T14:39:07.883+0000] {subprocess.py:93} INFO - Fetching crypto data...
[2026-03-18T14:39:07.888+0000] {subprocess.py:93} INFO - ✅ Data saved: {'bitcoin': {'usd': 71791}, 'cardano': {'usd': 0.272602}, 'dogecoin': {'usd': 0.094788}, 'ethereum': {'usd': 2222.77}, 'solana': {'usd': 89.63}}
[2026-03-18T14:39:07.910+0000] {subprocess.py:97} INFO - Command exited with return code 0
[2026-03-18T14:39:07.912+0000] {taskinstance.py:441} INFO - ::group::Post task execution logs
[2026-03-18T14:39:07.941+0000] {taskinstance.py:1206} INFO - Marking task as SUCCESS. dag_id=crypto_pipeline, task_id=fetch_data, run_id=scheduled__2026-03-18T14:38:00+00:00, execution_date=20260318T143800, start_date=20260318T143901, end_date=20260318T143907
[2026-03-18T14:39:07.963+0000] {local_task_job_runner.py:240} INFO - Task exited with return code 0
[2026-03-18T14:39:07.992+0000] {taskinstance.py:3498} INFO - 1 downstream tasks scheduled from follow-on schedule check
[2026-03-18T14:39:07.992+0000] {local_task_job_runner.py:222} INFO - ::endgroup::
