[2026-03-19T08:52:11.610+0000] {local_task_job_runner.py:120} INFO - ::group::Pre task execution logs
[2026-03-19T08:52:11.641+0000] {taskinstance.py:2076} INFO - Dependencies all met for dep_context=non-requeueable deps ti=<TaskInstance: crypto_pipeline.transform_data scheduled__2026-03-19T08:51:00+00:00 [queued]>
[2026-03-19T08:52:11.658+0000] {taskinstance.py:2076} INFO - Dependencies all met for dep_context=requeueable deps ti=<TaskInstance: crypto_pipeline.transform_data scheduled__2026-03-19T08:51:00+00:00 [queued]>
[2026-03-19T08:52:11.660+0000] {taskinstance.py:2306} INFO - Starting attempt 1 of 2
[2026-03-19T08:52:11.682+0000] {taskinstance.py:2330} INFO - Executing <Task(BashOperator): transform_data> on 2026-03-19 08:51:00+00:00
[2026-03-19T08:52:11.696+0000] {warnings.py:110} WARNING - /home/***/.local/lib/python3.12/site-packages/***/task/task_runner/standard_task_runner.py:61: DeprecationWarning: This process (pid=11134) is multi-threaded, use of fork() may lead to deadlocks in the child.
  pid = os.fork()

[2026-03-19T08:52:11.699+0000] {standard_task_runner.py:63} INFO - Started process 11136 to run task
[2026-03-19T08:52:11.701+0000] {standard_task_runner.py:90} INFO - Running: ['***', 'tasks', 'run', 'crypto_pipeline', 'transform_data', 'scheduled__2026-03-19T08:51:00+00:00', '--job-id', '1501', '--raw', '--subdir', 'DAGS_FOLDER/crypto_pipeline_dag.py', '--cfg-path', '/tmp/tmpp2nnipt_']
[2026-03-19T08:52:11.706+0000] {standard_task_runner.py:91} INFO - Job 1501: Subtask transform_data
[2026-03-19T08:52:11.768+0000] {task_command.py:426} INFO - Running <TaskInstance: crypto_pipeline.transform_data scheduled__2026-03-19T08:51:00+00:00 [running]> on host 70adc5a0e7fa
[2026-03-19T08:52:11.860+0000] {taskinstance.py:2648} INFO - Exporting env vars: AIRFLOW_CTX_DAG_OWNER='anish' AIRFLOW_CTX_DAG_ID='crypto_pipeline' AIRFLOW_CTX_TASK_ID='transform_data' AIRFLOW_CTX_EXECUTION_DATE='2026-03-19T08:51:00+00:00' AIRFLOW_CTX_TRY_NUMBER='1' AIRFLOW_CTX_DAG_RUN_ID='scheduled__2026-03-19T08:51:00+00:00'
[2026-03-19T08:52:11.867+0000] {taskinstance.py:430} INFO - ::endgroup::
[2026-03-19T08:52:11.868+0000] {subprocess.py:63} INFO - Tmp dir root location: /tmp
[2026-03-19T08:52:11.870+0000] {subprocess.py:75} INFO - Running command: ['/usr/bin/bash', '-c', 'psql postgresql://***:***@postgres/*** -f /opt/***/scripts/transform.sql']
[2026-03-19T08:52:11.882+0000] {subprocess.py:86} INFO - Output:
[2026-03-19T08:52:11.937+0000] {subprocess.py:93} INFO - DROP TABLE
[2026-03-19T08:52:11.944+0000] {subprocess.py:93} INFO - SELECT 1907
[2026-03-19T08:52:11.946+0000] {subprocess.py:97} INFO - Command exited with return code 0
[2026-03-19T08:52:11.947+0000] {taskinstance.py:441} INFO - ::group::Post task execution logs
[2026-03-19T08:52:11.965+0000] {taskinstance.py:1206} INFO - Marking task as SUCCESS. dag_id=crypto_pipeline, task_id=transform_data, run_id=scheduled__2026-03-19T08:51:00+00:00, execution_date=20260319T085100, start_date=20260319T085211, end_date=20260319T085211
[2026-03-19T08:52:12.005+0000] {local_task_job_runner.py:240} INFO - Task exited with return code 0
[2026-03-19T08:52:12.025+0000] {taskinstance.py:3498} INFO - 0 downstream tasks scheduled from follow-on schedule check
[2026-03-19T08:52:12.026+0000] {local_task_job_runner.py:222} INFO - ::endgroup::
