[2026-03-19T08:52:01.685+0000] {local_task_job_runner.py:120} INFO - ::group::Pre task execution logs
[2026-03-19T08:52:01.699+0000] {taskinstance.py:2076} INFO - Dependencies all met for dep_context=non-requeueable deps ti=<TaskInstance: crypto_pipeline.fetch_data scheduled__2026-03-19T08:51:00+00:00 [queued]>
[2026-03-19T08:52:01.702+0000] {taskinstance.py:2076} INFO - Dependencies all met for dep_context=requeueable deps ti=<TaskInstance: crypto_pipeline.fetch_data scheduled__2026-03-19T08:51:00+00:00 [queued]>
[2026-03-19T08:52:01.703+0000] {taskinstance.py:2306} INFO - Starting attempt 1 of 2
[2026-03-19T08:52:01.709+0000] {taskinstance.py:2330} INFO - Executing <Task(BashOperator): fetch_data> on 2026-03-19 08:51:00+00:00
[2026-03-19T08:52:01.714+0000] {warnings.py:110} WARNING - /home/***/.local/lib/python3.12/site-packages/***/task/task_runner/standard_task_runner.py:61: DeprecationWarning: This process (pid=11126) is multi-threaded, use of fork() may lead to deadlocks in the child.
  pid = os.fork()

[2026-03-19T08:52:01.718+0000] {standard_task_runner.py:63} INFO - Started process 11128 to run task
[2026-03-19T08:52:01.720+0000] {standard_task_runner.py:90} INFO - Running: ['***', 'tasks', 'run', 'crypto_pipeline', 'fetch_data', 'scheduled__2026-03-19T08:51:00+00:00', '--job-id', '1499', '--raw', '--subdir', 'DAGS_FOLDER/crypto_pipeline_dag.py', '--cfg-path', '/tmp/tmp27e6k0jh']
[2026-03-19T08:52:01.723+0000] {standard_task_runner.py:91} INFO - Job 1499: Subtask fetch_data
[2026-03-19T08:52:01.768+0000] {task_command.py:426} INFO - Running <TaskInstance: crypto_pipeline.fetch_data scheduled__2026-03-19T08:51:00+00:00 [running]> on host 70adc5a0e7fa
[2026-03-19T08:52:01.828+0000] {taskinstance.py:2648} INFO - Exporting env vars: AIRFLOW_CTX_DAG_OWNER='anish' AIRFLOW_CTX_DAG_ID='crypto_pipeline' AIRFLOW_CTX_TASK_ID='fetch_data' AIRFLOW_CTX_EXECUTION_DATE='2026-03-19T08:51:00+00:00' AIRFLOW_CTX_TRY_NUMBER='1' AIRFLOW_CTX_DAG_RUN_ID='scheduled__2026-03-19T08:51:00+00:00'
[2026-03-19T08:52:01.834+0000] {taskinstance.py:430} INFO - ::endgroup::
[2026-03-19T08:52:01.834+0000] {subprocess.py:63} INFO - Tmp dir root location: /tmp
[2026-03-19T08:52:01.836+0000] {subprocess.py:75} INFO - Running command: ['/usr/bin/bash', '-c', 'python3 /opt/***/scripts/fetch_crypto.py']
[2026-03-19T08:52:01.843+0000] {subprocess.py:86} INFO - Output:
[2026-03-19T08:52:07.646+0000] {subprocess.py:93} INFO - Fetching crypto data...
[2026-03-19T08:52:07.657+0000] {subprocess.py:93} INFO - ✅ Data saved: {'bitcoin': {'usd': 70120}, 'cardano': {'usd': 0.268852}, 'dogecoin': {'usd': 0.094391}, 'ethereum': {'usd': 2163.75}, 'solana': {'usd': 89.39}}
[2026-03-19T08:52:07.702+0000] {subprocess.py:97} INFO - Command exited with return code 0
[2026-03-19T08:52:07.704+0000] {taskinstance.py:441} INFO - ::group::Post task execution logs
[2026-03-19T08:52:07.743+0000] {taskinstance.py:1206} INFO - Marking task as SUCCESS. dag_id=crypto_pipeline, task_id=fetch_data, run_id=scheduled__2026-03-19T08:51:00+00:00, execution_date=20260319T085100, start_date=20260319T085201, end_date=20260319T085207
[2026-03-19T08:52:07.777+0000] {local_task_job_runner.py:240} INFO - Task exited with return code 0
[2026-03-19T08:52:07.806+0000] {taskinstance.py:3498} INFO - 1 downstream tasks scheduled from follow-on schedule check
[2026-03-19T08:52:07.807+0000] {local_task_job_runner.py:222} INFO - ::endgroup::
