[2026-03-18T06:40:47.342+0000] {local_task_job_runner.py:120} INFO - ::group::Pre task execution logs
[2026-03-18T06:40:47.355+0000] {taskinstance.py:2076} INFO - Dependencies all met for dep_context=non-requeueable deps ti=<TaskInstance: crypto_pipeline.fetch_data manual__2026-03-18T06:35:59.203699+00:00 [queued]>
[2026-03-18T06:40:47.366+0000] {taskinstance.py:2076} INFO - Dependencies all met for dep_context=requeueable deps ti=<TaskInstance: crypto_pipeline.fetch_data manual__2026-03-18T06:35:59.203699+00:00 [queued]>
[2026-03-18T06:40:47.366+0000] {taskinstance.py:2306} INFO - Starting attempt 2 of 3
[2026-03-18T06:40:47.376+0000] {taskinstance.py:2330} INFO - Executing <Task(BashOperator): fetch_data> on 2026-03-18 06:35:59.203699+00:00
[2026-03-18T06:40:47.384+0000] {warnings.py:110} WARNING - /home/***/.local/lib/python3.12/site-packages/***/task/task_runner/standard_task_runner.py:61: DeprecationWarning: This process (pid=83) is multi-threaded, use of fork() may lead to deadlocks in the child.
  pid = os.fork()

[2026-03-18T06:40:47.385+0000] {standard_task_runner.py:63} INFO - Started process 85 to run task
[2026-03-18T06:40:47.385+0000] {standard_task_runner.py:90} INFO - Running: ['***', 'tasks', 'run', 'crypto_pipeline', 'fetch_data', 'manual__2026-03-18T06:35:59.203699+00:00', '--job-id', '77', '--raw', '--subdir', 'DAGS_FOLDER/crypto_pipeline_dag.py', '--cfg-path', '/tmp/tmpli9xyr4r']
[2026-03-18T06:40:47.387+0000] {standard_task_runner.py:91} INFO - Job 77: Subtask fetch_data
[2026-03-18T06:40:47.415+0000] {task_command.py:426} INFO - Running <TaskInstance: crypto_pipeline.fetch_data manual__2026-03-18T06:35:59.203699+00:00 [running]> on host 07ec4bbdbc76
[2026-03-18T06:40:47.459+0000] {taskinstance.py:2648} INFO - Exporting env vars: AIRFLOW_CTX_DAG_OWNER='anish' AIRFLOW_CTX_DAG_ID='crypto_pipeline' AIRFLOW_CTX_TASK_ID='fetch_data' AIRFLOW_CTX_EXECUTION_DATE='2026-03-18T06:35:59.203699+00:00' AIRFLOW_CTX_TRY_NUMBER='2' AIRFLOW_CTX_DAG_RUN_ID='manual__2026-03-18T06:35:59.203699+00:00'
[2026-03-18T06:40:47.460+0000] {taskinstance.py:430} INFO - ::endgroup::
[2026-03-18T06:40:47.460+0000] {subprocess.py:63} INFO - Tmp dir root location: /tmp
[2026-03-18T06:40:47.461+0000] {subprocess.py:75} INFO - Running command: ['/usr/bin/bash', '-c', 'python3 /opt/***/scripts/fetch_crypto.py']
[2026-03-18T06:40:47.466+0000] {subprocess.py:86} INFO - Output:
[2026-03-18T06:40:48.340+0000] {subprocess.py:93} INFO - Fetching crypto data...
[2026-03-18T06:40:48.350+0000] {subprocess.py:93} INFO - Data saved to /opt/***/data/crypto.json
[2026-03-18T06:40:48.351+0000] {subprocess.py:93} INFO - Data fetched: {'bitcoin': {'usd': 74128}, 'ethereum': {'usd': 2326.46}}
[2026-03-18T06:40:48.369+0000] {subprocess.py:97} INFO - Command exited with return code 0
[2026-03-18T06:40:48.372+0000] {taskinstance.py:441} INFO - ::group::Post task execution logs
[2026-03-18T06:40:48.420+0000] {taskinstance.py:1206} INFO - Marking task as SUCCESS. dag_id=crypto_pipeline, task_id=fetch_data, run_id=manual__2026-03-18T06:35:59.203699+00:00, execution_date=20260318T063559, start_date=20260318T064047, end_date=20260318T064048
[2026-03-18T06:40:48.476+0000] {local_task_job_runner.py:240} INFO - Task exited with return code 0
[2026-03-18T06:40:48.529+0000] {taskinstance.py:3498} INFO - 1 downstream tasks scheduled from follow-on schedule check
[2026-03-18T06:40:48.531+0000] {local_task_job_runner.py:222} INFO - ::endgroup::
