[2026-03-19T03:06:24.015+0000] {local_task_job_runner.py:120} INFO - ::group::Pre task execution logs
[2026-03-19T03:06:24.049+0000] {taskinstance.py:2076} INFO - Dependencies all met for dep_context=non-requeueable deps ti=<TaskInstance: crypto_pipeline.transform_data scheduled__2026-03-19T03:05:00+00:00 [queued]>
[2026-03-19T03:06:24.058+0000] {taskinstance.py:2076} INFO - Dependencies all met for dep_context=requeueable deps ti=<TaskInstance: crypto_pipeline.transform_data scheduled__2026-03-19T03:05:00+00:00 [queued]>
[2026-03-19T03:06:24.058+0000] {taskinstance.py:2306} INFO - Starting attempt 1 of 2
[2026-03-19T03:06:24.079+0000] {taskinstance.py:2330} INFO - Executing <Task(BashOperator): transform_data> on 2026-03-19 03:05:00+00:00
[2026-03-19T03:06:24.086+0000] {warnings.py:110} WARNING - /home/***/.local/lib/python3.12/site-packages/***/task/task_runner/standard_task_runner.py:61: DeprecationWarning: This process (pid=9209) is multi-threaded, use of fork() may lead to deadlocks in the child.
  pid = os.fork()

[2026-03-19T03:06:24.093+0000] {standard_task_runner.py:63} INFO - Started process 9213 to run task
[2026-03-19T03:06:24.091+0000] {standard_task_runner.py:90} INFO - Running: ['***', 'tasks', 'run', 'crypto_pipeline', 'transform_data', 'scheduled__2026-03-19T03:05:00+00:00', '--job-id', '1246', '--raw', '--subdir', 'DAGS_FOLDER/crypto_pipeline_dag.py', '--cfg-path', '/tmp/tmp7ul4dxzi']
[2026-03-19T03:06:24.099+0000] {standard_task_runner.py:91} INFO - Job 1246: Subtask transform_data
[2026-03-19T03:06:24.157+0000] {task_command.py:426} INFO - Running <TaskInstance: crypto_pipeline.transform_data scheduled__2026-03-19T03:05:00+00:00 [running]> on host 70adc5a0e7fa
[2026-03-19T03:06:24.244+0000] {taskinstance.py:2648} INFO - Exporting env vars: AIRFLOW_CTX_DAG_OWNER='anish' AIRFLOW_CTX_DAG_ID='crypto_pipeline' AIRFLOW_CTX_TASK_ID='transform_data' AIRFLOW_CTX_EXECUTION_DATE='2026-03-19T03:05:00+00:00' AIRFLOW_CTX_TRY_NUMBER='1' AIRFLOW_CTX_DAG_RUN_ID='scheduled__2026-03-19T03:05:00+00:00'
[2026-03-19T03:06:24.248+0000] {taskinstance.py:430} INFO - ::endgroup::
[2026-03-19T03:06:24.249+0000] {subprocess.py:63} INFO - Tmp dir root location: /tmp
[2026-03-19T03:06:24.250+0000] {subprocess.py:75} INFO - Running command: ['/usr/bin/bash', '-c', 'psql postgresql://***:***@postgres/*** -f /opt/***/scripts/transform.sql']
[2026-03-19T03:06:24.260+0000] {subprocess.py:86} INFO - Output:
[2026-03-19T03:06:24.347+0000] {subprocess.py:93} INFO - psql:/opt/***/scripts/transform.sql:1: NOTICE:  table "crypto_clean" does not exist, skipping
[2026-03-19T03:06:24.348+0000] {subprocess.py:93} INFO - DROP TABLE
[2026-03-19T03:06:24.354+0000] {subprocess.py:93} INFO - SELECT 1482
[2026-03-19T03:06:24.356+0000] {subprocess.py:97} INFO - Command exited with return code 0
[2026-03-19T03:06:24.357+0000] {taskinstance.py:441} INFO - ::group::Post task execution logs
[2026-03-19T03:06:24.378+0000] {taskinstance.py:1206} INFO - Marking task as SUCCESS. dag_id=crypto_pipeline, task_id=transform_data, run_id=scheduled__2026-03-19T03:05:00+00:00, execution_date=20260319T030500, start_date=20260319T030624, end_date=20260319T030624
[2026-03-19T03:06:24.402+0000] {local_task_job_runner.py:240} INFO - Task exited with return code 0
[2026-03-19T03:06:24.428+0000] {taskinstance.py:3498} INFO - 0 downstream tasks scheduled from follow-on schedule check
[2026-03-19T03:06:24.429+0000] {local_task_job_runner.py:222} INFO - ::endgroup::
