[2026-03-18T12:06:13.384+0000] {local_task_job_runner.py:120} INFO - ::group::Pre task execution logs
[2026-03-18T12:06:13.397+0000] {taskinstance.py:2076} INFO - Dependencies all met for dep_context=non-requeueable deps ti=<TaskInstance: crypto_pipeline.load_data scheduled__2026-03-18T12:05:00+00:00 [queued]>
[2026-03-18T12:06:13.401+0000] {taskinstance.py:2076} INFO - Dependencies all met for dep_context=requeueable deps ti=<TaskInstance: crypto_pipeline.load_data scheduled__2026-03-18T12:05:00+00:00 [queued]>
[2026-03-18T12:06:13.401+0000] {taskinstance.py:2306} INFO - Starting attempt 1 of 2
[2026-03-18T12:06:13.407+0000] {taskinstance.py:2330} INFO - Executing <Task(BashOperator): load_data> on 2026-03-18 12:05:00+00:00
[2026-03-18T12:06:13.412+0000] {warnings.py:110} WARNING - /home/***/.local/lib/python3.12/site-packages/***/task/task_runner/standard_task_runner.py:61: DeprecationWarning: This process (pid=67) is multi-threaded, use of fork() may lead to deadlocks in the child.
  pid = os.fork()

[2026-03-18T12:06:13.414+0000] {standard_task_runner.py:63} INFO - Started process 69 to run task
[2026-03-18T12:06:13.414+0000] {standard_task_runner.py:90} INFO - Running: ['***', 'tasks', 'run', 'crypto_pipeline', 'load_data', 'scheduled__2026-03-18T12:05:00+00:00', '--job-id', '190', '--raw', '--subdir', 'DAGS_FOLDER/crypto_pipeline_dag.py', '--cfg-path', '/tmp/tmpd72w96c0']
[2026-03-18T12:06:13.416+0000] {standard_task_runner.py:91} INFO - Job 190: Subtask load_data
[2026-03-18T12:06:13.453+0000] {task_command.py:426} INFO - Running <TaskInstance: crypto_pipeline.load_data scheduled__2026-03-18T12:05:00+00:00 [running]> on host 70adc5a0e7fa
[2026-03-18T12:06:13.526+0000] {taskinstance.py:2648} INFO - Exporting env vars: AIRFLOW_CTX_DAG_OWNER='anish' AIRFLOW_CTX_DAG_ID='crypto_pipeline' AIRFLOW_CTX_TASK_ID='load_data' AIRFLOW_CTX_EXECUTION_DATE='2026-03-18T12:05:00+00:00' AIRFLOW_CTX_TRY_NUMBER='1' AIRFLOW_CTX_DAG_RUN_ID='scheduled__2026-03-18T12:05:00+00:00'
[2026-03-18T12:06:13.529+0000] {taskinstance.py:430} INFO - ::endgroup::
[2026-03-18T12:06:13.531+0000] {subprocess.py:63} INFO - Tmp dir root location: /tmp
[2026-03-18T12:06:13.532+0000] {subprocess.py:75} INFO - Running command: ['/usr/bin/bash', '-c', 'python3 /opt/***/scripts/load_to_db.py']
[2026-03-18T12:06:13.539+0000] {subprocess.py:86} INFO - Output:
[2026-03-18T12:06:14.455+0000] {subprocess.py:93} INFO - ✅ Data loaded into database with timestamp
[2026-03-18T12:06:14.548+0000] {subprocess.py:97} INFO - Command exited with return code 0
[2026-03-18T12:06:14.549+0000] {taskinstance.py:441} INFO - ::group::Post task execution logs
[2026-03-18T12:06:14.569+0000] {taskinstance.py:1206} INFO - Marking task as SUCCESS. dag_id=crypto_pipeline, task_id=load_data, run_id=scheduled__2026-03-18T12:05:00+00:00, execution_date=20260318T120500, start_date=20260318T120613, end_date=20260318T120614
[2026-03-18T12:06:14.588+0000] {local_task_job_runner.py:240} INFO - Task exited with return code 0
[2026-03-18T12:06:14.611+0000] {taskinstance.py:3498} INFO - 1 downstream tasks scheduled from follow-on schedule check
[2026-03-18T12:06:14.612+0000] {local_task_job_runner.py:222} INFO - ::endgroup::
