[2026-03-18T23:48:28.217+0000] {local_task_job_runner.py:120} INFO - ::group::Pre task execution logs
[2026-03-18T23:48:28.244+0000] {taskinstance.py:2076} INFO - Dependencies all met for dep_context=non-requeueable deps ti=<TaskInstance: crypto_pipeline.transform_data scheduled__2026-03-18T23:47:00+00:00 [queued]>
[2026-03-18T23:48:28.254+0000] {taskinstance.py:2076} INFO - Dependencies all met for dep_context=requeueable deps ti=<TaskInstance: crypto_pipeline.transform_data scheduled__2026-03-18T23:47:00+00:00 [queued]>
[2026-03-18T23:48:28.254+0000] {taskinstance.py:2306} INFO - Starting attempt 1 of 2
[2026-03-18T23:48:28.271+0000] {taskinstance.py:2330} INFO - Executing <Task(BashOperator): transform_data> on 2026-03-18 23:47:00+00:00
[2026-03-18T23:48:28.287+0000] {warnings.py:110} WARNING - /home/***/.local/lib/python3.12/site-packages/***/task/task_runner/standard_task_runner.py:61: DeprecationWarning: This process (pid=8953) is multi-threaded, use of fork() may lead to deadlocks in the child.
  pid = os.fork()

[2026-03-18T23:48:28.289+0000] {standard_task_runner.py:63} INFO - Started process 8957 to run task
[2026-03-18T23:48:28.295+0000] {standard_task_runner.py:90} INFO - Running: ['***', 'tasks', 'run', 'crypto_pipeline', 'transform_data', 'scheduled__2026-03-18T23:47:00+00:00', '--job-id', '1193', '--raw', '--subdir', 'DAGS_FOLDER/crypto_pipeline_dag.py', '--cfg-path', '/tmp/tmpeece9kv0']
[2026-03-18T23:48:28.300+0000] {standard_task_runner.py:91} INFO - Job 1193: Subtask transform_data
[2026-03-18T23:48:28.370+0000] {task_command.py:426} INFO - Running <TaskInstance: crypto_pipeline.transform_data scheduled__2026-03-18T23:47:00+00:00 [running]> on host 70adc5a0e7fa
[2026-03-18T23:48:28.469+0000] {taskinstance.py:2648} INFO - Exporting env vars: AIRFLOW_CTX_DAG_OWNER='anish' AIRFLOW_CTX_DAG_ID='crypto_pipeline' AIRFLOW_CTX_TASK_ID='transform_data' AIRFLOW_CTX_EXECUTION_DATE='2026-03-18T23:47:00+00:00' AIRFLOW_CTX_TRY_NUMBER='1' AIRFLOW_CTX_DAG_RUN_ID='scheduled__2026-03-18T23:47:00+00:00'
[2026-03-18T23:48:28.471+0000] {taskinstance.py:430} INFO - ::endgroup::
[2026-03-18T23:48:28.473+0000] {subprocess.py:63} INFO - Tmp dir root location: /tmp
[2026-03-18T23:48:28.474+0000] {subprocess.py:75} INFO - Running command: ['/usr/bin/bash', '-c', 'psql postgresql://***:***@postgres/*** -f /opt/***/scripts/transform.sql']
[2026-03-18T23:48:28.484+0000] {subprocess.py:86} INFO - Output:
[2026-03-18T23:48:28.537+0000] {subprocess.py:93} INFO - DROP TABLE
[2026-03-18T23:48:28.543+0000] {subprocess.py:93} INFO - psql:/opt/***/scripts/transform.sql:9: ERROR:  duplicate key value violates unique constraint "pg_type_typname_nsp_index"
[2026-03-18T23:48:28.544+0000] {subprocess.py:93} INFO - DETAIL:  Key (typname, typnamespace)=(crypto_clean, 2200) already exists.
[2026-03-18T23:48:28.545+0000] {subprocess.py:97} INFO - Command exited with return code 0
[2026-03-18T23:48:28.546+0000] {taskinstance.py:441} INFO - ::group::Post task execution logs
[2026-03-18T23:48:28.573+0000] {taskinstance.py:1206} INFO - Marking task as SUCCESS. dag_id=crypto_pipeline, task_id=transform_data, run_id=scheduled__2026-03-18T23:47:00+00:00, execution_date=20260318T234700, start_date=20260318T234828, end_date=20260318T234828
[2026-03-18T23:48:28.600+0000] {local_task_job_runner.py:240} INFO - Task exited with return code 0
[2026-03-18T23:48:28.618+0000] {taskinstance.py:3498} INFO - 0 downstream tasks scheduled from follow-on schedule check
[2026-03-18T23:48:28.619+0000] {local_task_job_runner.py:222} INFO - ::endgroup::
