[2026-03-18T09:06:39.114+0000] {local_task_job_runner.py:120} INFO - ::group::Pre task execution logs
[2026-03-18T09:06:39.201+0000] {taskinstance.py:2076} INFO - Dependencies all met for dep_context=non-requeueable deps ti=<TaskInstance: crypto_pipeline.fetch_data scheduled__2026-03-18T09:00:00+00:00 [queued]>
[2026-03-18T09:06:39.241+0000] {taskinstance.py:2076} INFO - Dependencies all met for dep_context=requeueable deps ti=<TaskInstance: crypto_pipeline.fetch_data scheduled__2026-03-18T09:00:00+00:00 [queued]>
[2026-03-18T09:06:39.243+0000] {taskinstance.py:2306} INFO - Starting attempt 1 of 2
[2026-03-18T09:06:39.392+0000] {taskinstance.py:2330} INFO - Executing <Task(BashOperator): fetch_data> on 2026-03-18 09:00:00+00:00
[2026-03-18T09:06:39.424+0000] {warnings.py:110} WARNING - /home/***/.local/lib/python3.12/site-packages/***/task/task_runner/standard_task_runner.py:61: DeprecationWarning: This process (pid=429) is multi-threaded, use of fork() may lead to deadlocks in the child.
  pid = os.fork()

[2026-03-18T09:06:39.432+0000] {standard_task_runner.py:63} INFO - Started process 441 to run task
[2026-03-18T09:06:39.431+0000] {standard_task_runner.py:90} INFO - Running: ['***', 'tasks', 'run', 'crypto_pipeline', 'fetch_data', 'scheduled__2026-03-18T09:00:00+00:00', '--job-id', '69', '--raw', '--subdir', 'DAGS_FOLDER/crypto_pipeline_dag.py', '--cfg-path', '/tmp/tmp4hwpdy1l']
[2026-03-18T09:06:39.448+0000] {standard_task_runner.py:91} INFO - Job 69: Subtask fetch_data
[2026-03-18T09:06:39.673+0000] {task_command.py:426} INFO - Running <TaskInstance: crypto_pipeline.fetch_data scheduled__2026-03-18T09:00:00+00:00 [running]> on host b022b501df4a
[2026-03-18T09:06:39.946+0000] {taskinstance.py:2648} INFO - Exporting env vars: AIRFLOW_CTX_DAG_OWNER='anish' AIRFLOW_CTX_DAG_ID='crypto_pipeline' AIRFLOW_CTX_TASK_ID='fetch_data' AIRFLOW_CTX_EXECUTION_DATE='2026-03-18T09:00:00+00:00' AIRFLOW_CTX_TRY_NUMBER='1' AIRFLOW_CTX_DAG_RUN_ID='scheduled__2026-03-18T09:00:00+00:00'
[2026-03-18T09:06:39.949+0000] {taskinstance.py:430} INFO - ::endgroup::
[2026-03-18T09:06:39.955+0000] {subprocess.py:63} INFO - Tmp dir root location: /tmp
[2026-03-18T09:06:39.959+0000] {subprocess.py:75} INFO - Running command: ['/usr/bin/bash', '-c', 'python3 /opt/***/scripts/fetch_crypto.py']
[2026-03-18T09:06:39.979+0000] {subprocess.py:86} INFO - Output:
[2026-03-18T09:06:41.218+0000] {subprocess.py:93} INFO - Fetching crypto data...
[2026-03-18T09:06:41.234+0000] {subprocess.py:93} INFO - Error fetching data: 429 Client Error: Too Many Requests for url: https://api.coingecko.com/api/v3/simple/price?ids=bitcoin%2Cethereum&vs_currencies=usd
[2026-03-18T09:06:41.237+0000] {subprocess.py:93} INFO - Traceback (most recent call last):
[2026-03-18T09:06:41.239+0000] {subprocess.py:93} INFO -   File "/opt/***/scripts/fetch_crypto.py", line 14, in <module>
[2026-03-18T09:06:41.241+0000] {subprocess.py:93} INFO -     response.raise_for_status()  # catch HTTP errors
[2026-03-18T09:06:41.243+0000] {subprocess.py:93} INFO -     ^^^^^^^^^^^^^^^^^^^^^^^^^^^
[2026-03-18T09:06:41.245+0000] {subprocess.py:93} INFO -   File "/home/***/.local/lib/python3.12/site-packages/requests/models.py", line 1021, in raise_for_status
[2026-03-18T09:06:41.246+0000] {subprocess.py:93} INFO -     raise HTTPError(http_error_msg, response=self)
[2026-03-18T09:06:41.247+0000] {subprocess.py:93} INFO - requests.exceptions.HTTPError: 429 Client Error: Too Many Requests for url: https://api.coingecko.com/api/v3/simple/price?ids=bitcoin%2Cethereum&vs_currencies=usd
[2026-03-18T09:06:41.392+0000] {subprocess.py:97} INFO - Command exited with return code 1
[2026-03-18T09:06:41.406+0000] {taskinstance.py:441} INFO - ::group::Post task execution logs
[2026-03-18T09:06:41.532+0000] {taskinstance.py:2905} ERROR - Task failed with exception
Traceback (most recent call last):
  File "/home/airflow/.local/lib/python3.12/site-packages/airflow/models/taskinstance.py", line 465, in _execute_task
    result = _execute_callable(context=context, **execute_callable_kwargs)
             ^^^^^^^^^^^^^^^^^^^^^^^^^^^^^^^^^^^^^^^^^^^^^^^^^^^^^^^^^^^^^
  File "/home/airflow/.local/lib/python3.12/site-packages/airflow/models/taskinstance.py", line 432, in _execute_callable
    return execute_callable(context=context, **execute_callable_kwargs)
           ^^^^^^^^^^^^^^^^^^^^^^^^^^^^^^^^^^^^^^^^^^^^^^^^^^^^^^^^^^^^
  File "/home/airflow/.local/lib/python3.12/site-packages/airflow/models/baseoperator.py", line 400, in wrapper
    return func(self, *args, **kwargs)
           ^^^^^^^^^^^^^^^^^^^^^^^^^^^
  File "/home/airflow/.local/lib/python3.12/site-packages/airflow/operators/bash.py", line 243, in execute
    raise AirflowException(
airflow.exceptions.AirflowException: Bash command failed. The command returned a non-zero exit code 1.
[2026-03-18T09:06:41.744+0000] {taskinstance.py:1206} INFO - Marking task as UP_FOR_RETRY. dag_id=crypto_pipeline, task_id=fetch_data, run_id=scheduled__2026-03-18T09:00:00+00:00, execution_date=20260318T090000, start_date=20260318T090639, end_date=20260318T090641
[2026-03-18T09:06:42.183+0000] {standard_task_runner.py:110} ERROR - Failed to execute job 69 for task fetch_data (Bash command failed. The command returned a non-zero exit code 1.; 441)
[2026-03-18T09:06:42.286+0000] {local_task_job_runner.py:240} INFO - Task exited with return code 1
[2026-03-18T09:06:42.507+0000] {taskinstance.py:3498} INFO - 0 downstream tasks scheduled from follow-on schedule check
[2026-03-18T09:06:42.518+0000] {local_task_job_runner.py:222} INFO - ::endgroup::
