[2026-03-18T05:58:53.624+0000] {local_task_job_runner.py:120} INFO - ::group::Pre task execution logs
[2026-03-18T05:58:53.639+0000] {taskinstance.py:2076} INFO - Dependencies all met for dep_context=non-requeueable deps ti=<TaskInstance: crypto_pipeline.fetch_data manual__2026-03-18T05:58:51.563634+00:00 [queued]>
[2026-03-18T05:58:53.642+0000] {taskinstance.py:2076} INFO - Dependencies all met for dep_context=requeueable deps ti=<TaskInstance: crypto_pipeline.fetch_data manual__2026-03-18T05:58:51.563634+00:00 [queued]>
[2026-03-18T05:58:53.642+0000] {taskinstance.py:2306} INFO - Starting attempt 1 of 2
[2026-03-18T05:58:53.648+0000] {taskinstance.py:2330} INFO - Executing <Task(BashOperator): fetch_data> on 2026-03-18 05:58:51.563634+00:00
[2026-03-18T05:58:53.656+0000] {warnings.py:110} WARNING - /home/***/.local/lib/python3.12/site-packages/***/task/task_runner/standard_task_runner.py:61: DeprecationWarning: This process (pid=130) is multi-threaded, use of fork() may lead to deadlocks in the child.
  pid = os.fork()

[2026-03-18T05:58:53.658+0000] {standard_task_runner.py:63} INFO - Started process 132 to run task
[2026-03-18T05:58:53.658+0000] {standard_task_runner.py:90} INFO - Running: ['***', 'tasks', 'run', 'crypto_pipeline', 'fetch_data', 'manual__2026-03-18T05:58:51.563634+00:00', '--job-id', '22', '--raw', '--subdir', 'DAGS_FOLDER/crypto_pipeline_dag.py', '--cfg-path', '/tmp/tmpbiyq5xve']
[2026-03-18T05:58:53.660+0000] {standard_task_runner.py:91} INFO - Job 22: Subtask fetch_data
[2026-03-18T05:58:53.705+0000] {task_command.py:426} INFO - Running <TaskInstance: crypto_pipeline.fetch_data manual__2026-03-18T05:58:51.563634+00:00 [running]> on host b08de9a34ab5
[2026-03-18T05:58:53.749+0000] {taskinstance.py:2648} INFO - Exporting env vars: AIRFLOW_CTX_DAG_OWNER='anish' AIRFLOW_CTX_DAG_ID='crypto_pipeline' AIRFLOW_CTX_TASK_ID='fetch_data' AIRFLOW_CTX_EXECUTION_DATE='2026-03-18T05:58:51.563634+00:00' AIRFLOW_CTX_TRY_NUMBER='1' AIRFLOW_CTX_DAG_RUN_ID='manual__2026-03-18T05:58:51.563634+00:00'
[2026-03-18T05:58:53.750+0000] {taskinstance.py:430} INFO - ::endgroup::
[2026-03-18T05:58:53.751+0000] {subprocess.py:63} INFO - Tmp dir root location: /tmp
[2026-03-18T05:58:53.752+0000] {subprocess.py:75} INFO - Running command: ['/usr/bin/bash', '-c', 'python /opt/***/scripts/fetch_crypto.py']
[2026-03-18T05:58:53.759+0000] {subprocess.py:86} INFO - Output:
[2026-03-18T05:58:54.582+0000] {subprocess.py:93} INFO - Data fetched: {'bitcoin': {'usd': 73905}, 'ethereum': {'usd': 2316.5}}
[2026-03-18T05:58:54.617+0000] {subprocess.py:97} INFO - Command exited with return code 0
[2026-03-18T05:58:54.618+0000] {taskinstance.py:441} INFO - ::group::Post task execution logs
[2026-03-18T05:58:54.641+0000] {taskinstance.py:1206} INFO - Marking task as SUCCESS. dag_id=crypto_pipeline, task_id=fetch_data, run_id=manual__2026-03-18T05:58:51.563634+00:00, execution_date=20260318T055851, start_date=20260318T055853, end_date=20260318T055854
[2026-03-18T05:58:54.681+0000] {local_task_job_runner.py:240} INFO - Task exited with return code 0
[2026-03-18T05:58:54.699+0000] {taskinstance.py:3498} INFO - 1 downstream tasks scheduled from follow-on schedule check
[2026-03-18T05:58:54.700+0000] {local_task_job_runner.py:222} INFO - ::endgroup::
