[2026-03-18T21:09:37.146+0000] {local_task_job_runner.py:120} INFO - ::group::Pre task execution logs
[2026-03-18T21:09:37.181+0000] {taskinstance.py:2076} INFO - Dependencies all met for dep_context=non-requeueable deps ti=<TaskInstance: crypto_pipeline.fetch_data scheduled__2026-03-18T21:08:00+00:00 [queued]>
[2026-03-18T21:09:37.190+0000] {taskinstance.py:2076} INFO - Dependencies all met for dep_context=requeueable deps ti=<TaskInstance: crypto_pipeline.fetch_data scheduled__2026-03-18T21:08:00+00:00 [queued]>
[2026-03-18T21:09:37.191+0000] {taskinstance.py:2306} INFO - Starting attempt 1 of 2
[2026-03-18T21:09:37.214+0000] {taskinstance.py:2330} INFO - Executing <Task(BashOperator): fetch_data> on 2026-03-18 21:08:00+00:00
[2026-03-18T21:09:37.224+0000] {warnings.py:110} WARNING - /home/***/.local/lib/python3.12/site-packages/***/task/task_runner/standard_task_runner.py:61: DeprecationWarning: This process (pid=8787) is multi-threaded, use of fork() may lead to deadlocks in the child.
  pid = os.fork()

[2026-03-18T21:09:37.227+0000] {standard_task_runner.py:63} INFO - Started process 8791 to run task
[2026-03-18T21:09:37.227+0000] {standard_task_runner.py:90} INFO - Running: ['***', 'tasks', 'run', 'crypto_pipeline', 'fetch_data', 'scheduled__2026-03-18T21:08:00+00:00', '--job-id', '1162', '--raw', '--subdir', 'DAGS_FOLDER/crypto_pipeline_dag.py', '--cfg-path', '/tmp/tmpj8jsdgzc']
[2026-03-18T21:09:37.231+0000] {standard_task_runner.py:91} INFO - Job 1162: Subtask fetch_data
[2026-03-18T21:09:37.335+0000] {task_command.py:426} INFO - Running <TaskInstance: crypto_pipeline.fetch_data scheduled__2026-03-18T21:08:00+00:00 [running]> on host 70adc5a0e7fa
[2026-03-18T21:09:37.467+0000] {taskinstance.py:2648} INFO - Exporting env vars: AIRFLOW_CTX_DAG_OWNER='anish' AIRFLOW_CTX_DAG_ID='crypto_pipeline' AIRFLOW_CTX_TASK_ID='fetch_data' AIRFLOW_CTX_EXECUTION_DATE='2026-03-18T21:08:00+00:00' AIRFLOW_CTX_TRY_NUMBER='1' AIRFLOW_CTX_DAG_RUN_ID='scheduled__2026-03-18T21:08:00+00:00'
[2026-03-18T21:09:37.469+0000] {taskinstance.py:430} INFO - ::endgroup::
[2026-03-18T21:09:37.471+0000] {subprocess.py:63} INFO - Tmp dir root location: /tmp
[2026-03-18T21:09:37.472+0000] {subprocess.py:75} INFO - Running command: ['/usr/bin/bash', '-c', 'python3 /opt/***/scripts/fetch_crypto.py']
[2026-03-18T21:09:37.487+0000] {subprocess.py:86} INFO - Output:
[2026-03-18T21:09:43.832+0000] {subprocess.py:93} INFO - Fetching crypto data...
[2026-03-18T21:09:43.838+0000] {subprocess.py:93} INFO - ✅ Data saved: {'bitcoin': {'usd': 71335}, 'cardano': {'usd': 0.273626}, 'dogecoin': {'usd': 0.095051}, 'ethereum': {'usd': 2192.3}, 'solana': {'usd': 90.14}}
[2026-03-18T21:09:43.897+0000] {subprocess.py:97} INFO - Command exited with return code 0
[2026-03-18T21:09:43.899+0000] {taskinstance.py:441} INFO - ::group::Post task execution logs
[2026-03-18T21:09:43.944+0000] {taskinstance.py:1206} INFO - Marking task as SUCCESS. dag_id=crypto_pipeline, task_id=fetch_data, run_id=scheduled__2026-03-18T21:08:00+00:00, execution_date=20260318T210800, start_date=20260318T210937, end_date=20260318T210943
[2026-03-18T21:09:43.982+0000] {local_task_job_runner.py:240} INFO - Task exited with return code 0
[2026-03-18T21:09:44.019+0000] {taskinstance.py:3498} INFO - 1 downstream tasks scheduled from follow-on schedule check
[2026-03-18T21:09:44.020+0000] {local_task_job_runner.py:222} INFO - ::endgroup::
