[2026-03-18T07:20:09.982+0000] {local_task_job_runner.py:120} INFO - ::group::Pre task execution logs
[2026-03-18T07:20:09.992+0000] {taskinstance.py:2076} INFO - Dependencies all met for dep_context=non-requeueable deps ti=<TaskInstance: crypto_pipeline.fetch_data scheduled__2026-03-18T07:10:00+00:00 [queued]>
[2026-03-18T07:20:09.995+0000] {taskinstance.py:2076} INFO - Dependencies all met for dep_context=requeueable deps ti=<TaskInstance: crypto_pipeline.fetch_data scheduled__2026-03-18T07:10:00+00:00 [queued]>
[2026-03-18T07:20:09.995+0000] {taskinstance.py:2306} INFO - Starting attempt 2 of 2
[2026-03-18T07:20:10.001+0000] {taskinstance.py:2330} INFO - Executing <Task(BashOperator): fetch_data> on 2026-03-18 07:10:00+00:00
[2026-03-18T07:20:10.007+0000] {warnings.py:110} WARNING - /home/***/.local/lib/python3.12/site-packages/***/task/task_runner/standard_task_runner.py:61: DeprecationWarning: This process (pid=328) is multi-threaded, use of fork() may lead to deadlocks in the child.
  pid = os.fork()

[2026-03-18T07:20:10.009+0000] {standard_task_runner.py:63} INFO - Started process 330 to run task
[2026-03-18T07:20:10.009+0000] {standard_task_runner.py:90} INFO - Running: ['***', 'tasks', 'run', 'crypto_pipeline', 'fetch_data', 'scheduled__2026-03-18T07:10:00+00:00', '--job-id', '95', '--raw', '--subdir', 'DAGS_FOLDER/crypto_pipeline_dag.py', '--cfg-path', '/tmp/tmpu09z3mav']
[2026-03-18T07:20:10.011+0000] {standard_task_runner.py:91} INFO - Job 95: Subtask fetch_data
[2026-03-18T07:20:10.053+0000] {task_command.py:426} INFO - Running <TaskInstance: crypto_pipeline.fetch_data scheduled__2026-03-18T07:10:00+00:00 [running]> on host 07ec4bbdbc76
[2026-03-18T07:20:10.110+0000] {taskinstance.py:2648} INFO - Exporting env vars: AIRFLOW_CTX_DAG_OWNER='anish' AIRFLOW_CTX_DAG_ID='crypto_pipeline' AIRFLOW_CTX_TASK_ID='fetch_data' AIRFLOW_CTX_EXECUTION_DATE='2026-03-18T07:10:00+00:00' AIRFLOW_CTX_TRY_NUMBER='2' AIRFLOW_CTX_DAG_RUN_ID='scheduled__2026-03-18T07:10:00+00:00'
[2026-03-18T07:20:10.114+0000] {taskinstance.py:430} INFO - ::endgroup::
[2026-03-18T07:20:10.115+0000] {subprocess.py:63} INFO - Tmp dir root location: /tmp
[2026-03-18T07:20:10.115+0000] {subprocess.py:75} INFO - Running command: ['/usr/bin/bash', '-c', 'python3 /opt/***/scripts/fetch_crypto.py']
[2026-03-18T07:20:10.124+0000] {subprocess.py:86} INFO - Output:
[2026-03-18T07:20:11.089+0000] {subprocess.py:93} INFO - Fetching crypto data...
[2026-03-18T07:20:11.094+0000] {subprocess.py:93} INFO - Error fetching data: 429 Client Error: Too Many Requests for url: https://api.coingecko.com/api/v3/simple/price?ids=bitcoin%2Cethereum&vs_currencies=usd
[2026-03-18T07:20:11.094+0000] {subprocess.py:93} INFO - Traceback (most recent call last):
[2026-03-18T07:20:11.095+0000] {subprocess.py:93} INFO -   File "/opt/***/scripts/fetch_crypto.py", line 14, in <module>
[2026-03-18T07:20:11.096+0000] {subprocess.py:93} INFO -     response.raise_for_status()  # catch HTTP errors
[2026-03-18T07:20:11.096+0000] {subprocess.py:93} INFO -     ^^^^^^^^^^^^^^^^^^^^^^^^^^^
[2026-03-18T07:20:11.097+0000] {subprocess.py:93} INFO -   File "/home/***/.local/lib/python3.12/site-packages/requests/models.py", line 1021, in raise_for_status
[2026-03-18T07:20:11.097+0000] {subprocess.py:93} INFO -     raise HTTPError(http_error_msg, response=self)
[2026-03-18T07:20:11.097+0000] {subprocess.py:93} INFO - requests.exceptions.HTTPError: 429 Client Error: Too Many Requests for url: https://api.coingecko.com/api/v3/simple/price?ids=bitcoin%2Cethereum&vs_currencies=usd
[2026-03-18T07:20:11.128+0000] {subprocess.py:97} INFO - Command exited with return code 1
[2026-03-18T07:20:11.134+0000] {taskinstance.py:441} INFO - ::group::Post task execution logs
[2026-03-18T07:20:11.149+0000] {taskinstance.py:2905} ERROR - Task failed with exception
Traceback (most recent call last):
  File "/home/airflow/.local/lib/python3.12/site-packages/airflow/models/taskinstance.py", line 465, in _execute_task
    result = _execute_callable(context=context, **execute_callable_kwargs)
             ^^^^^^^^^^^^^^^^^^^^^^^^^^^^^^^^^^^^^^^^^^^^^^^^^^^^^^^^^^^^^
  File "/home/airflow/.local/lib/python3.12/site-packages/airflow/models/taskinstance.py", line 432, in _execute_callable
    return execute_callable(context=context, **execute_callable_kwargs)
           ^^^^^^^^^^^^^^^^^^^^^^^^^^^^^^^^^^^^^^^^^^^^^^^^^^^^^^^^^^^^
  File "/home/airflow/.local/lib/python3.12/site-packages/airflow/models/baseoperator.py", line 400, in wrapper
    return func(self, *args, **kwargs)
           ^^^^^^^^^^^^^^^^^^^^^^^^^^^
  File "/home/airflow/.local/lib/python3.12/site-packages/airflow/operators/bash.py", line 243, in execute
    raise AirflowException(
airflow.exceptions.AirflowException: Bash command failed. The command returned a non-zero exit code 1.
[2026-03-18T07:20:11.159+0000] {taskinstance.py:1206} INFO - Marking task as FAILED. dag_id=crypto_pipeline, task_id=fetch_data, run_id=scheduled__2026-03-18T07:10:00+00:00, execution_date=20260318T071000, start_date=20260318T072009, end_date=20260318T072011
[2026-03-18T07:20:11.176+0000] {standard_task_runner.py:110} ERROR - Failed to execute job 95 for task fetch_data (Bash command failed. The command returned a non-zero exit code 1.; 330)
[2026-03-18T07:20:11.188+0000] {local_task_job_runner.py:240} INFO - Task exited with return code 1
[2026-03-18T07:20:11.226+0000] {taskinstance.py:3498} INFO - 0 downstream tasks scheduled from follow-on schedule check
[2026-03-18T07:20:11.229+0000] {local_task_job_runner.py:222} INFO - ::endgroup::
