[2026-03-18T08:10:01.890+0000] {local_task_job_runner.py:120} INFO - ::group::Pre task execution logs
[2026-03-18T08:10:01.902+0000] {taskinstance.py:2076} INFO - Dependencies all met for dep_context=non-requeueable deps ti=<TaskInstance: crypto_pipeline.fetch_data scheduled__2026-03-18T08:05:00+00:00 [queued]>
[2026-03-18T08:10:01.906+0000] {taskinstance.py:2076} INFO - Dependencies all met for dep_context=requeueable deps ti=<TaskInstance: crypto_pipeline.fetch_data scheduled__2026-03-18T08:05:00+00:00 [queued]>
[2026-03-18T08:10:01.906+0000] {taskinstance.py:2306} INFO - Starting attempt 1 of 2
[2026-03-18T08:10:01.914+0000] {taskinstance.py:2330} INFO - Executing <Task(BashOperator): fetch_data> on 2026-03-18 08:05:00+00:00
[2026-03-18T08:10:01.919+0000] {warnings.py:110} WARNING - /home/***/.local/lib/python3.12/site-packages/***/task/task_runner/standard_task_runner.py:61: DeprecationWarning: This process (pid=361) is multi-threaded, use of fork() may lead to deadlocks in the child.
  pid = os.fork()

[2026-03-18T08:10:01.922+0000] {standard_task_runner.py:63} INFO - Started process 363 to run task
[2026-03-18T08:10:01.921+0000] {standard_task_runner.py:90} INFO - Running: ['***', 'tasks', 'run', 'crypto_pipeline', 'fetch_data', 'scheduled__2026-03-18T08:05:00+00:00', '--job-id', '26', '--raw', '--subdir', 'DAGS_FOLDER/crypto_pipeline_dag.py', '--cfg-path', '/tmp/tmpe5xtss3q']
[2026-03-18T08:10:01.926+0000] {standard_task_runner.py:91} INFO - Job 26: Subtask fetch_data
[2026-03-18T08:10:01.959+0000] {task_command.py:426} INFO - Running <TaskInstance: crypto_pipeline.fetch_data scheduled__2026-03-18T08:05:00+00:00 [running]> on host b022b501df4a
[2026-03-18T08:10:02.012+0000] {taskinstance.py:2648} INFO - Exporting env vars: AIRFLOW_CTX_DAG_OWNER='anish' AIRFLOW_CTX_DAG_ID='crypto_pipeline' AIRFLOW_CTX_TASK_ID='fetch_data' AIRFLOW_CTX_EXECUTION_DATE='2026-03-18T08:05:00+00:00' AIRFLOW_CTX_TRY_NUMBER='1' AIRFLOW_CTX_DAG_RUN_ID='scheduled__2026-03-18T08:05:00+00:00'
[2026-03-18T08:10:02.014+0000] {taskinstance.py:430} INFO - ::endgroup::
[2026-03-18T08:10:02.014+0000] {subprocess.py:63} INFO - Tmp dir root location: /tmp
[2026-03-18T08:10:02.015+0000] {subprocess.py:75} INFO - Running command: ['/usr/bin/bash', '-c', 'python3 /opt/***/scripts/fetch_crypto.py']
[2026-03-18T08:10:02.021+0000] {subprocess.py:86} INFO - Output:
[2026-03-18T08:10:03.533+0000] {subprocess.py:93} INFO - Fetching crypto data...
[2026-03-18T08:10:03.541+0000] {subprocess.py:93} INFO - Data saved to /opt/***/data/crypto.json
[2026-03-18T08:10:03.544+0000] {subprocess.py:93} INFO - Data fetched: {'bitcoin': {'usd': 74015}, 'ethereum': {'usd': 2322.47}}
[2026-03-18T08:10:03.564+0000] {subprocess.py:97} INFO - Command exited with return code 0
[2026-03-18T08:10:03.566+0000] {taskinstance.py:441} INFO - ::group::Post task execution logs
[2026-03-18T08:10:03.594+0000] {taskinstance.py:1206} INFO - Marking task as SUCCESS. dag_id=crypto_pipeline, task_id=fetch_data, run_id=scheduled__2026-03-18T08:05:00+00:00, execution_date=20260318T080500, start_date=20260318T081001, end_date=20260318T081003
[2026-03-18T08:10:03.611+0000] {local_task_job_runner.py:240} INFO - Task exited with return code 0
[2026-03-18T08:10:03.631+0000] {taskinstance.py:3498} INFO - 1 downstream tasks scheduled from follow-on schedule check
[2026-03-18T08:10:03.632+0000] {local_task_job_runner.py:222} INFO - ::endgroup::
