[2026-03-18T08:25:07.721+0000] {local_task_job_runner.py:120} INFO - ::group::Pre task execution logs
[2026-03-18T08:25:07.735+0000] {taskinstance.py:2076} INFO - Dependencies all met for dep_context=non-requeueable deps ti=<TaskInstance: crypto_pipeline.transform_data scheduled__2026-03-18T08:20:00+00:00 [queued]>
[2026-03-18T08:25:07.739+0000] {taskinstance.py:2076} INFO - Dependencies all met for dep_context=requeueable deps ti=<TaskInstance: crypto_pipeline.transform_data scheduled__2026-03-18T08:20:00+00:00 [queued]>
[2026-03-18T08:25:07.739+0000] {taskinstance.py:2306} INFO - Starting attempt 1 of 2
[2026-03-18T08:25:07.746+0000] {taskinstance.py:2330} INFO - Executing <Task(BashOperator): transform_data> on 2026-03-18 08:20:00+00:00
[2026-03-18T08:25:07.759+0000] {warnings.py:110} WARNING - /home/***/.local/lib/python3.12/site-packages/***/task/task_runner/standard_task_runner.py:61: DeprecationWarning: This process (pid=262) is multi-threaded, use of fork() may lead to deadlocks in the child.
  pid = os.fork()

[2026-03-18T08:25:07.762+0000] {standard_task_runner.py:63} INFO - Started process 264 to run task
[2026-03-18T08:25:07.760+0000] {standard_task_runner.py:90} INFO - Running: ['***', 'tasks', 'run', 'crypto_pipeline', 'transform_data', 'scheduled__2026-03-18T08:20:00+00:00', '--job-id', '54', '--raw', '--subdir', 'DAGS_FOLDER/crypto_pipeline_dag.py', '--cfg-path', '/tmp/tmpd7wjmhyt']
[2026-03-18T08:25:07.763+0000] {standard_task_runner.py:91} INFO - Job 54: Subtask transform_data
[2026-03-18T08:25:07.811+0000] {task_command.py:426} INFO - Running <TaskInstance: crypto_pipeline.transform_data scheduled__2026-03-18T08:20:00+00:00 [running]> on host b022b501df4a
[2026-03-18T08:25:07.886+0000] {taskinstance.py:2648} INFO - Exporting env vars: AIRFLOW_CTX_DAG_OWNER='anish' AIRFLOW_CTX_DAG_ID='crypto_pipeline' AIRFLOW_CTX_TASK_ID='transform_data' AIRFLOW_CTX_EXECUTION_DATE='2026-03-18T08:20:00+00:00' AIRFLOW_CTX_TRY_NUMBER='1' AIRFLOW_CTX_DAG_RUN_ID='scheduled__2026-03-18T08:20:00+00:00'
[2026-03-18T08:25:07.888+0000] {taskinstance.py:430} INFO - ::endgroup::
[2026-03-18T08:25:07.889+0000] {subprocess.py:63} INFO - Tmp dir root location: /tmp
[2026-03-18T08:25:07.890+0000] {subprocess.py:75} INFO - Running command: ['/usr/bin/bash', '-c', 'psql postgresql://***:***@postgres/*** -f /opt/***/scripts/transform.sql']
[2026-03-18T08:25:07.898+0000] {subprocess.py:86} INFO - Output:
[2026-03-18T08:25:07.947+0000] {subprocess.py:93} INFO - DROP TABLE
[2026-03-18T08:25:07.949+0000] {subprocess.py:93} INFO - SELECT 2
[2026-03-18T08:25:07.950+0000] {subprocess.py:97} INFO - Command exited with return code 0
[2026-03-18T08:25:07.951+0000] {taskinstance.py:441} INFO - ::group::Post task execution logs
[2026-03-18T08:25:07.964+0000] {taskinstance.py:1206} INFO - Marking task as SUCCESS. dag_id=crypto_pipeline, task_id=transform_data, run_id=scheduled__2026-03-18T08:20:00+00:00, execution_date=20260318T082000, start_date=20260318T082507, end_date=20260318T082507
[2026-03-18T08:25:07.985+0000] {local_task_job_runner.py:240} INFO - Task exited with return code 0
[2026-03-18T08:25:07.995+0000] {taskinstance.py:3498} INFO - 0 downstream tasks scheduled from follow-on schedule check
[2026-03-18T08:25:07.996+0000] {local_task_job_runner.py:222} INFO - ::endgroup::
