[2026-03-19T10:45:12.387+0000] {local_task_job_runner.py:120} INFO - ::group::Pre task execution logs
[2026-03-19T10:45:12.400+0000] {taskinstance.py:2076} INFO - Dependencies all met for dep_context=non-requeueable deps ti=<TaskInstance: crypto_pipeline.transform_data scheduled__2026-03-19T10:44:00+00:00 [queued]>
[2026-03-19T10:45:12.405+0000] {taskinstance.py:2076} INFO - Dependencies all met for dep_context=requeueable deps ti=<TaskInstance: crypto_pipeline.transform_data scheduled__2026-03-19T10:44:00+00:00 [queued]>
[2026-03-19T10:45:12.405+0000] {taskinstance.py:2306} INFO - Starting attempt 1 of 2
[2026-03-19T10:45:12.412+0000] {taskinstance.py:2330} INFO - Executing <Task(BashOperator): transform_data> on 2026-03-19 10:44:00+00:00
[2026-03-19T10:45:12.422+0000] {warnings.py:110} WARNING - /home/***/.local/lib/python3.12/site-packages/***/task/task_runner/standard_task_runner.py:61: DeprecationWarning: This process (pid=13968) is multi-threaded, use of fork() may lead to deadlocks in the child.
  pid = os.fork()

[2026-03-19T10:45:12.424+0000] {standard_task_runner.py:63} INFO - Started process 13970 to run task
[2026-03-19T10:45:12.423+0000] {standard_task_runner.py:90} INFO - Running: ['***', 'tasks', 'run', 'crypto_pipeline', 'transform_data', 'scheduled__2026-03-19T10:44:00+00:00', '--job-id', '1840', '--raw', '--subdir', 'DAGS_FOLDER/crypto_pipeline_dag.py', '--cfg-path', '/tmp/tmp1wh64xb9']
[2026-03-19T10:45:12.426+0000] {standard_task_runner.py:91} INFO - Job 1840: Subtask transform_data
[2026-03-19T10:45:12.456+0000] {task_command.py:426} INFO - Running <TaskInstance: crypto_pipeline.transform_data scheduled__2026-03-19T10:44:00+00:00 [running]> on host 70adc5a0e7fa
[2026-03-19T10:45:12.513+0000] {taskinstance.py:2648} INFO - Exporting env vars: AIRFLOW_CTX_DAG_OWNER='anish' AIRFLOW_CTX_DAG_ID='crypto_pipeline' AIRFLOW_CTX_TASK_ID='transform_data' AIRFLOW_CTX_EXECUTION_DATE='2026-03-19T10:44:00+00:00' AIRFLOW_CTX_TRY_NUMBER='1' AIRFLOW_CTX_DAG_RUN_ID='scheduled__2026-03-19T10:44:00+00:00'
[2026-03-19T10:45:12.517+0000] {taskinstance.py:430} INFO - ::endgroup::
[2026-03-19T10:45:12.519+0000] {subprocess.py:63} INFO - Tmp dir root location: /tmp
[2026-03-19T10:45:12.519+0000] {subprocess.py:75} INFO - Running command: ['/usr/bin/bash', '-c', 'psql postgresql://***:***@postgres/*** -f /opt/***/scripts/transform.sql']
[2026-03-19T10:45:12.526+0000] {subprocess.py:86} INFO - Output:
[2026-03-19T10:45:12.605+0000] {subprocess.py:93} INFO - DROP TABLE
[2026-03-19T10:45:12.610+0000] {subprocess.py:93} INFO - SELECT 2472
[2026-03-19T10:45:12.612+0000] {subprocess.py:97} INFO - Command exited with return code 0
[2026-03-19T10:45:12.612+0000] {taskinstance.py:441} INFO - ::group::Post task execution logs
[2026-03-19T10:45:12.629+0000] {taskinstance.py:1206} INFO - Marking task as SUCCESS. dag_id=crypto_pipeline, task_id=transform_data, run_id=scheduled__2026-03-19T10:44:00+00:00, execution_date=20260319T104400, start_date=20260319T104512, end_date=20260319T104512
[2026-03-19T10:45:12.650+0000] {local_task_job_runner.py:240} INFO - Task exited with return code 0
[2026-03-19T10:45:12.660+0000] {taskinstance.py:3498} INFO - 0 downstream tasks scheduled from follow-on schedule check
[2026-03-19T10:45:12.661+0000] {local_task_job_runner.py:222} INFO - ::endgroup::
