[2026-03-18T14:05:01.667+0000] {local_task_job_runner.py:120} INFO - ::group::Pre task execution logs
[2026-03-18T14:05:01.680+0000] {taskinstance.py:2076} INFO - Dependencies all met for dep_context=non-requeueable deps ti=<TaskInstance: crypto_pipeline.fetch_data scheduled__2026-03-18T14:04:00+00:00 [queued]>
[2026-03-18T14:05:01.683+0000] {taskinstance.py:2076} INFO - Dependencies all met for dep_context=requeueable deps ti=<TaskInstance: crypto_pipeline.fetch_data scheduled__2026-03-18T14:04:00+00:00 [queued]>
[2026-03-18T14:05:01.683+0000] {taskinstance.py:2306} INFO - Starting attempt 1 of 2
[2026-03-18T14:05:01.689+0000] {taskinstance.py:2330} INFO - Executing <Task(BashOperator): fetch_data> on 2026-03-18 14:04:00+00:00
[2026-03-18T14:05:01.695+0000] {warnings.py:110} WARNING - /home/***/.local/lib/python3.12/site-packages/***/task/task_runner/standard_task_runner.py:61: DeprecationWarning: This process (pid=3949) is multi-threaded, use of fork() may lead to deadlocks in the child.
  pid = os.fork()

[2026-03-18T14:05:01.697+0000] {standard_task_runner.py:63} INFO - Started process 3951 to run task
[2026-03-18T14:05:01.696+0000] {standard_task_runner.py:90} INFO - Running: ['***', 'tasks', 'run', 'crypto_pipeline', 'fetch_data', 'scheduled__2026-03-18T14:04:00+00:00', '--job-id', '552', '--raw', '--subdir', 'DAGS_FOLDER/crypto_pipeline_dag.py', '--cfg-path', '/tmp/tmpmaaa1hih']
[2026-03-18T14:05:01.699+0000] {standard_task_runner.py:91} INFO - Job 552: Subtask fetch_data
[2026-03-18T14:05:01.736+0000] {task_command.py:426} INFO - Running <TaskInstance: crypto_pipeline.fetch_data scheduled__2026-03-18T14:04:00+00:00 [running]> on host 70adc5a0e7fa
[2026-03-18T14:05:01.789+0000] {taskinstance.py:2648} INFO - Exporting env vars: AIRFLOW_CTX_DAG_OWNER='anish' AIRFLOW_CTX_DAG_ID='crypto_pipeline' AIRFLOW_CTX_TASK_ID='fetch_data' AIRFLOW_CTX_EXECUTION_DATE='2026-03-18T14:04:00+00:00' AIRFLOW_CTX_TRY_NUMBER='1' AIRFLOW_CTX_DAG_RUN_ID='scheduled__2026-03-18T14:04:00+00:00'
[2026-03-18T14:05:01.790+0000] {taskinstance.py:430} INFO - ::endgroup::
[2026-03-18T14:05:01.791+0000] {subprocess.py:63} INFO - Tmp dir root location: /tmp
[2026-03-18T14:05:01.792+0000] {subprocess.py:75} INFO - Running command: ['/usr/bin/bash', '-c', 'python3 /opt/***/scripts/fetch_crypto.py']
[2026-03-18T14:05:01.798+0000] {subprocess.py:86} INFO - Output:
[2026-03-18T14:05:07.564+0000] {subprocess.py:93} INFO - Fetching crypto data...
[2026-03-18T14:05:07.568+0000] {subprocess.py:93} INFO - ✅ Data saved: {'bitcoin': {'usd': 72084}, 'cardano': {'usd': 0.275987}, 'dogecoin': {'usd': 0.095718}, 'ethereum': {'usd': 2231.9}, 'solana': {'usd': 90.26}}
[2026-03-18T14:05:07.597+0000] {subprocess.py:97} INFO - Command exited with return code 0
[2026-03-18T14:05:07.599+0000] {taskinstance.py:441} INFO - ::group::Post task execution logs
[2026-03-18T14:05:07.626+0000] {taskinstance.py:1206} INFO - Marking task as SUCCESS. dag_id=crypto_pipeline, task_id=fetch_data, run_id=scheduled__2026-03-18T14:04:00+00:00, execution_date=20260318T140400, start_date=20260318T140501, end_date=20260318T140507
[2026-03-18T14:05:07.654+0000] {local_task_job_runner.py:240} INFO - Task exited with return code 0
[2026-03-18T14:05:07.676+0000] {taskinstance.py:3498} INFO - 1 downstream tasks scheduled from follow-on schedule check
[2026-03-18T14:05:07.677+0000] {local_task_job_runner.py:222} INFO - ::endgroup::
