[2026-03-18T10:50:05.257+0000] {local_task_job_runner.py:120} INFO - ::group::Pre task execution logs
[2026-03-18T10:50:05.272+0000] {taskinstance.py:2076} INFO - Dependencies all met for dep_context=non-requeueable deps ti=<TaskInstance: crypto_pipeline.load_data scheduled__2026-03-18T10:45:00+00:00 [queued]>
[2026-03-18T10:50:05.282+0000] {taskinstance.py:2076} INFO - Dependencies all met for dep_context=requeueable deps ti=<TaskInstance: crypto_pipeline.load_data scheduled__2026-03-18T10:45:00+00:00 [queued]>
[2026-03-18T10:50:05.282+0000] {taskinstance.py:2306} INFO - Starting attempt 1 of 2
[2026-03-18T10:50:05.303+0000] {taskinstance.py:2330} INFO - Executing <Task(BashOperator): load_data> on 2026-03-18 10:45:00+00:00
[2026-03-18T10:50:05.318+0000] {warnings.py:110} WARNING - /home/***/.local/lib/python3.12/site-packages/***/task/task_runner/standard_task_runner.py:61: DeprecationWarning: This process (pid=242) is multi-threaded, use of fork() may lead to deadlocks in the child.
  pid = os.fork()

[2026-03-18T10:50:05.323+0000] {standard_task_runner.py:63} INFO - Started process 244 to run task
[2026-03-18T10:50:05.319+0000] {standard_task_runner.py:90} INFO - Running: ['***', 'tasks', 'run', 'crypto_pipeline', 'load_data', 'scheduled__2026-03-18T10:45:00+00:00', '--job-id', '132', '--raw', '--subdir', 'DAGS_FOLDER/crypto_pipeline_dag.py', '--cfg-path', '/tmp/tmpd3c5p6ju']
[2026-03-18T10:50:05.326+0000] {standard_task_runner.py:91} INFO - Job 132: Subtask load_data
[2026-03-18T10:50:05.378+0000] {task_command.py:426} INFO - Running <TaskInstance: crypto_pipeline.load_data scheduled__2026-03-18T10:45:00+00:00 [running]> on host f0b92a5e8d09
[2026-03-18T10:50:05.451+0000] {taskinstance.py:2648} INFO - Exporting env vars: AIRFLOW_CTX_DAG_OWNER='anish' AIRFLOW_CTX_DAG_ID='crypto_pipeline' AIRFLOW_CTX_TASK_ID='load_data' AIRFLOW_CTX_EXECUTION_DATE='2026-03-18T10:45:00+00:00' AIRFLOW_CTX_TRY_NUMBER='1' AIRFLOW_CTX_DAG_RUN_ID='scheduled__2026-03-18T10:45:00+00:00'
[2026-03-18T10:50:05.454+0000] {taskinstance.py:430} INFO - ::endgroup::
[2026-03-18T10:50:05.455+0000] {subprocess.py:63} INFO - Tmp dir root location: /tmp
[2026-03-18T10:50:05.456+0000] {subprocess.py:75} INFO - Running command: ['/usr/bin/bash', '-c', 'python3 /opt/***/scripts/load_to_db.py']
[2026-03-18T10:50:05.466+0000] {subprocess.py:86} INFO - Output:
[2026-03-18T10:50:06.328+0000] {subprocess.py:93} INFO - Data loaded into database
[2026-03-18T10:50:06.390+0000] {subprocess.py:97} INFO - Command exited with return code 0
[2026-03-18T10:50:06.391+0000] {taskinstance.py:441} INFO - ::group::Post task execution logs
[2026-03-18T10:50:06.416+0000] {taskinstance.py:1206} INFO - Marking task as SUCCESS. dag_id=crypto_pipeline, task_id=load_data, run_id=scheduled__2026-03-18T10:45:00+00:00, execution_date=20260318T104500, start_date=20260318T105005, end_date=20260318T105006
[2026-03-18T10:50:06.458+0000] {local_task_job_runner.py:240} INFO - Task exited with return code 0
[2026-03-18T10:50:06.494+0000] {taskinstance.py:3498} INFO - 1 downstream tasks scheduled from follow-on schedule check
[2026-03-18T10:50:06.495+0000] {local_task_job_runner.py:222} INFO - ::endgroup::
