[2026-03-18T08:24:12.754+0000] {local_task_job_runner.py:120} INFO - ::group::Pre task execution logs
[2026-03-18T08:24:12.783+0000] {taskinstance.py:2076} INFO - Dependencies all met for dep_context=non-requeueable deps ti=<TaskInstance: crypto_pipeline.load_data manual__2026-03-18T07:50:19+00:00 [queued]>
[2026-03-18T08:24:12.800+0000] {taskinstance.py:2076} INFO - Dependencies all met for dep_context=requeueable deps ti=<TaskInstance: crypto_pipeline.load_data manual__2026-03-18T07:50:19+00:00 [queued]>
[2026-03-18T08:24:12.802+0000] {taskinstance.py:2306} INFO - Starting attempt 3 of 4
[2026-03-18T08:24:12.827+0000] {taskinstance.py:2330} INFO - Executing <Task(BashOperator): load_data> on 2026-03-18 07:50:19+00:00
[2026-03-18T08:24:12.842+0000] {warnings.py:110} WARNING - /home/***/.local/lib/python3.12/site-packages/***/task/task_runner/standard_task_runner.py:61: DeprecationWarning: This process (pid=170) is multi-threaded, use of fork() may lead to deadlocks in the child.
  pid = os.fork()

[2026-03-18T08:24:12.846+0000] {standard_task_runner.py:63} INFO - Started process 176 to run task
[2026-03-18T08:24:12.852+0000] {standard_task_runner.py:90} INFO - Running: ['***', 'tasks', 'run', 'crypto_pipeline', 'load_data', 'manual__2026-03-18T07:50:19+00:00', '--job-id', '46', '--raw', '--subdir', 'DAGS_FOLDER/crypto_pipeline_dag.py', '--cfg-path', '/tmp/tmpt4hmdnrf']
[2026-03-18T08:24:12.858+0000] {standard_task_runner.py:91} INFO - Job 46: Subtask load_data
[2026-03-18T08:24:12.935+0000] {task_command.py:426} INFO - Running <TaskInstance: crypto_pipeline.load_data manual__2026-03-18T07:50:19+00:00 [running]> on host b022b501df4a
[2026-03-18T08:24:13.053+0000] {taskinstance.py:2648} INFO - Exporting env vars: AIRFLOW_CTX_DAG_OWNER='anish' AIRFLOW_CTX_DAG_ID='crypto_pipeline' AIRFLOW_CTX_TASK_ID='load_data' AIRFLOW_CTX_EXECUTION_DATE='2026-03-18T07:50:19+00:00' AIRFLOW_CTX_TRY_NUMBER='3' AIRFLOW_CTX_DAG_RUN_ID='manual__2026-03-18T07:50:19+00:00'
[2026-03-18T08:24:13.058+0000] {taskinstance.py:430} INFO - ::endgroup::
[2026-03-18T08:24:13.060+0000] {subprocess.py:63} INFO - Tmp dir root location: /tmp
[2026-03-18T08:24:13.063+0000] {subprocess.py:75} INFO - Running command: ['/usr/bin/bash', '-c', 'python3 /opt/***/scripts/load_to_db.py']
[2026-03-18T08:24:13.080+0000] {subprocess.py:86} INFO - Output:
[2026-03-18T08:24:16.652+0000] {subprocess.py:93} INFO - Traceback (most recent call last):
[2026-03-18T08:24:16.684+0000] {subprocess.py:93} INFO -   File "/home/***/.local/lib/python3.12/site-packages/sqlalchemy/engine/base.py", line 1910, in _execute_context
[2026-03-18T08:24:16.691+0000] {subprocess.py:93} INFO -     self.dialect.do_execute(
[2026-03-18T08:24:16.692+0000] {subprocess.py:93} INFO -   File "/home/***/.local/lib/python3.12/site-packages/sqlalchemy/engine/default.py", line 736, in do_execute
[2026-03-18T08:24:16.694+0000] {subprocess.py:93} INFO -     cursor.execute(statement, parameters)
[2026-03-18T08:24:16.695+0000] {subprocess.py:93} INFO - psycopg2.errors.UniqueViolation: duplicate key value violates unique constraint "pg_type_typname_nsp_index"
[2026-03-18T08:24:16.696+0000] {subprocess.py:93} INFO - DETAIL:  Key (typname, typnamespace)=(crypto_raw, 2200) already exists.
[2026-03-18T08:24:16.697+0000] {subprocess.py:93} INFO - 
[2026-03-18T08:24:16.699+0000] {subprocess.py:93} INFO - 
[2026-03-18T08:24:16.705+0000] {subprocess.py:93} INFO - The above exception was the direct cause of the following exception:
[2026-03-18T08:24:16.707+0000] {subprocess.py:93} INFO - 
[2026-03-18T08:24:16.710+0000] {subprocess.py:93} INFO - Traceback (most recent call last):
[2026-03-18T08:24:16.711+0000] {subprocess.py:93} INFO -   File "/opt/***/scripts/load_to_db.py", line 25, in <module>
[2026-03-18T08:24:16.712+0000] {subprocess.py:93} INFO -     df.to_sql("crypto_raw", engine, if_exists="replace", index=False)
[2026-03-18T08:24:16.714+0000] {subprocess.py:93} INFO -   File "/home/***/.local/lib/python3.12/site-packages/pandas/util/_decorators.py", line 333, in wrapper
[2026-03-18T08:24:16.715+0000] {subprocess.py:93} INFO -     return func(*args, **kwargs)
[2026-03-18T08:24:16.717+0000] {subprocess.py:93} INFO -            ^^^^^^^^^^^^^^^^^^^^^
[2026-03-18T08:24:16.719+0000] {subprocess.py:93} INFO -   File "/home/***/.local/lib/python3.12/site-packages/pandas/core/generic.py", line 3008, in to_sql
[2026-03-18T08:24:16.720+0000] {subprocess.py:93} INFO -     return sql.to_sql(
[2026-03-18T08:24:16.726+0000] {subprocess.py:93} INFO -            ^^^^^^^^^^^
[2026-03-18T08:24:16.728+0000] {subprocess.py:93} INFO -   File "/home/***/.local/lib/python3.12/site-packages/pandas/io/sql.py", line 788, in to_sql
[2026-03-18T08:24:16.729+0000] {subprocess.py:93} INFO -     return pandas_sql.to_sql(
[2026-03-18T08:24:16.732+0000] {subprocess.py:93} INFO -            ^^^^^^^^^^^^^^^^^^
[2026-03-18T08:24:16.734+0000] {subprocess.py:93} INFO -   File "/home/***/.local/lib/python3.12/site-packages/pandas/io/sql.py", line 1948, in to_sql
[2026-03-18T08:24:16.735+0000] {subprocess.py:93} INFO -     table = self.prep_table(
[2026-03-18T08:24:16.736+0000] {subprocess.py:93} INFO -             ^^^^^^^^^^^^^^^^
[2026-03-18T08:24:16.738+0000] {subprocess.py:93} INFO -   File "/home/***/.local/lib/python3.12/site-packages/pandas/io/sql.py", line 1852, in prep_table
[2026-03-18T08:24:16.741+0000] {subprocess.py:93} INFO -     table.create()
[2026-03-18T08:24:16.742+0000] {subprocess.py:93} INFO -   File "/home/***/.local/lib/python3.12/site-packages/pandas/io/sql.py", line 936, in create
[2026-03-18T08:24:16.743+0000] {subprocess.py:93} INFO -     self._execute_create()
[2026-03-18T08:24:16.743+0000] {subprocess.py:93} INFO -   File "/home/***/.local/lib/python3.12/site-packages/pandas/io/sql.py", line 922, in _execute_create
[2026-03-18T08:24:16.745+0000] {subprocess.py:93} INFO -     self.table.create(bind=self.pd_sql.con)
[2026-03-18T08:24:16.748+0000] {subprocess.py:93} INFO -   File "/home/***/.local/lib/python3.12/site-packages/sqlalchemy/sql/schema.py", line 962, in create
[2026-03-18T08:24:16.750+0000] {subprocess.py:93} INFO -     bind._run_ddl_visitor(ddl.SchemaGenerator, self, checkfirst=checkfirst)
[2026-03-18T08:24:16.751+0000] {subprocess.py:93} INFO -   File "/home/***/.local/lib/python3.12/site-packages/sqlalchemy/engine/base.py", line 2221, in _run_ddl_visitor
[2026-03-18T08:24:16.752+0000] {subprocess.py:93} INFO -     visitorcallable(self.dialect, self, **kwargs).traverse_single(element)
[2026-03-18T08:24:16.754+0000] {subprocess.py:93} INFO -   File "/home/***/.local/lib/python3.12/site-packages/sqlalchemy/sql/visitors.py", line 524, in traverse_single
[2026-03-18T08:24:16.756+0000] {subprocess.py:93} INFO -     return meth(obj, **kw)
[2026-03-18T08:24:16.759+0000] {subprocess.py:93} INFO -            ^^^^^^^^^^^^^^^
[2026-03-18T08:24:16.762+0000] {subprocess.py:93} INFO -   File "/home/***/.local/lib/python3.12/site-packages/sqlalchemy/sql/ddl.py", line 899, in visit_table
[2026-03-18T08:24:16.764+0000] {subprocess.py:93} INFO -     self.connection.execute(
[2026-03-18T08:24:16.765+0000] {subprocess.py:93} INFO -   File "/home/***/.local/lib/python3.12/site-packages/sqlalchemy/engine/base.py", line 1385, in execute
[2026-03-18T08:24:16.780+0000] {subprocess.py:93} INFO -     return meth(self, multiparams, params, _EMPTY_EXECUTION_OPTS)
[2026-03-18T08:24:16.781+0000] {subprocess.py:93} INFO -            ^^^^^^^^^^^^^^^^^^^^^^^^^^^^^^^^^^^^^^^^^^^^^^^^^^^^^^
[2026-03-18T08:24:16.782+0000] {subprocess.py:93} INFO -   File "/home/***/.local/lib/python3.12/site-packages/sqlalchemy/sql/ddl.py", line 80, in _execute_on_connection
[2026-03-18T08:24:16.783+0000] {subprocess.py:93} INFO -     return connection._execute_ddl(
[2026-03-18T08:24:16.784+0000] {subprocess.py:93} INFO -            ^^^^^^^^^^^^^^^^^^^^^^^^
[2026-03-18T08:24:16.786+0000] {subprocess.py:93} INFO -   File "/home/***/.local/lib/python3.12/site-packages/sqlalchemy/engine/base.py", line 1477, in _execute_ddl
[2026-03-18T08:24:16.786+0000] {subprocess.py:93} INFO -     ret = self._execute_context(
[2026-03-18T08:24:16.787+0000] {subprocess.py:93} INFO -           ^^^^^^^^^^^^^^^^^^^^^^
[2026-03-18T08:24:16.788+0000] {subprocess.py:93} INFO -   File "/home/***/.local/lib/python3.12/site-packages/sqlalchemy/engine/base.py", line 1953, in _execute_context
[2026-03-18T08:24:16.790+0000] {subprocess.py:93} INFO -     self._handle_dbapi_exception(
[2026-03-18T08:24:16.794+0000] {subprocess.py:93} INFO -   File "/home/***/.local/lib/python3.12/site-packages/sqlalchemy/engine/base.py", line 2134, in _handle_dbapi_exception
[2026-03-18T08:24:16.798+0000] {subprocess.py:93} INFO -     util.raise_(
[2026-03-18T08:24:16.801+0000] {subprocess.py:93} INFO -   File "/home/***/.local/lib/python3.12/site-packages/sqlalchemy/util/compat.py", line 211, in raise_
[2026-03-18T08:24:16.802+0000] {subprocess.py:93} INFO -     raise exception
[2026-03-18T08:24:16.803+0000] {subprocess.py:93} INFO -   File "/home/***/.local/lib/python3.12/site-packages/sqlalchemy/engine/base.py", line 1910, in _execute_context
[2026-03-18T08:24:16.804+0000] {subprocess.py:93} INFO -     self.dialect.do_execute(
[2026-03-18T08:24:16.806+0000] {subprocess.py:93} INFO -   File "/home/***/.local/lib/python3.12/site-packages/sqlalchemy/engine/default.py", line 736, in do_execute
[2026-03-18T08:24:16.809+0000] {subprocess.py:93} INFO -     cursor.execute(statement, parameters)
[2026-03-18T08:24:16.811+0000] {subprocess.py:93} INFO - sqlalchemy.exc.IntegrityError: (psycopg2.errors.UniqueViolation) duplicate key value violates unique constraint "pg_type_typname_nsp_index"
[2026-03-18T08:24:16.815+0000] {subprocess.py:93} INFO - DETAIL:  Key (typname, typnamespace)=(crypto_raw, 2200) already exists.
[2026-03-18T08:24:16.816+0000] {subprocess.py:93} INFO - 
[2026-03-18T08:24:16.820+0000] {subprocess.py:93} INFO - [SQL:
[2026-03-18T08:24:16.832+0000] {subprocess.py:93} INFO - CREATE TABLE crypto_raw (
[2026-03-18T08:24:16.834+0000] {subprocess.py:93} INFO - 	coin TEXT,
[2026-03-18T08:24:16.834+0000] {subprocess.py:93} INFO - 	price_usd FLOAT(53)
[2026-03-18T08:24:16.836+0000] {subprocess.py:93} INFO - )
[2026-03-18T08:24:16.839+0000] {subprocess.py:93} INFO - 
[2026-03-18T08:24:16.840+0000] {subprocess.py:93} INFO - ]
[2026-03-18T08:24:16.843+0000] {subprocess.py:93} INFO - (Background on this error at: https://sqlalche.me/e/14/gkpj)
[2026-03-18T08:24:17.110+0000] {subprocess.py:97} INFO - Command exited with return code 1
[2026-03-18T08:24:17.118+0000] {taskinstance.py:441} INFO - ::group::Post task execution logs
[2026-03-18T08:24:17.218+0000] {taskinstance.py:2905} ERROR - Task failed with exception
Traceback (most recent call last):
  File "/home/airflow/.local/lib/python3.12/site-packages/airflow/models/taskinstance.py", line 465, in _execute_task
    result = _execute_callable(context=context, **execute_callable_kwargs)
             ^^^^^^^^^^^^^^^^^^^^^^^^^^^^^^^^^^^^^^^^^^^^^^^^^^^^^^^^^^^^^
  File "/home/airflow/.local/lib/python3.12/site-packages/airflow/models/taskinstance.py", line 432, in _execute_callable
    return execute_callable(context=context, **execute_callable_kwargs)
           ^^^^^^^^^^^^^^^^^^^^^^^^^^^^^^^^^^^^^^^^^^^^^^^^^^^^^^^^^^^^
  File "/home/airflow/.local/lib/python3.12/site-packages/airflow/models/baseoperator.py", line 400, in wrapper
    return func(self, *args, **kwargs)
           ^^^^^^^^^^^^^^^^^^^^^^^^^^^
  File "/home/airflow/.local/lib/python3.12/site-packages/airflow/operators/bash.py", line 243, in execute
    raise AirflowException(
airflow.exceptions.AirflowException: Bash command failed. The command returned a non-zero exit code 1.
[2026-03-18T08:24:17.270+0000] {taskinstance.py:1206} INFO - Marking task as UP_FOR_RETRY. dag_id=crypto_pipeline, task_id=load_data, run_id=manual__2026-03-18T07:50:19+00:00, execution_date=20260318T075019, start_date=20260318T082412, end_date=20260318T082417
[2026-03-18T08:24:17.347+0000] {standard_task_runner.py:110} ERROR - Failed to execute job 46 for task load_data (Bash command failed. The command returned a non-zero exit code 1.; 176)
[2026-03-18T08:24:17.392+0000] {local_task_job_runner.py:240} INFO - Task exited with return code 1
[2026-03-18T08:24:17.815+0000] {taskinstance.py:3498} INFO - 0 downstream tasks scheduled from follow-on schedule check
[2026-03-18T08:24:17.825+0000] {local_task_job_runner.py:222} INFO - ::endgroup::
