[2026-03-19T10:09:02.057+0000] {local_task_job_runner.py:120} INFO - ::group::Pre task execution logs
[2026-03-19T10:09:02.076+0000] {taskinstance.py:2076} INFO - Dependencies all met for dep_context=non-requeueable deps ti=<TaskInstance: crypto_pipeline.fetch_data scheduled__2026-03-19T10:08:00+00:00 [queued]>
[2026-03-19T10:09:02.081+0000] {taskinstance.py:2076} INFO - Dependencies all met for dep_context=requeueable deps ti=<TaskInstance: crypto_pipeline.fetch_data scheduled__2026-03-19T10:08:00+00:00 [queued]>
[2026-03-19T10:09:02.081+0000] {taskinstance.py:2306} INFO - Starting attempt 1 of 2
[2026-03-19T10:09:02.093+0000] {taskinstance.py:2330} INFO - Executing <Task(BashOperator): fetch_data> on 2026-03-19 10:08:00+00:00
[2026-03-19T10:09:02.102+0000] {warnings.py:110} WARNING - /home/***/.local/lib/python3.12/site-packages/***/task/task_runner/standard_task_runner.py:61: DeprecationWarning: This process (pid=13053) is multi-threaded, use of fork() may lead to deadlocks in the child.
  pid = os.fork()

[2026-03-19T10:09:02.104+0000] {standard_task_runner.py:63} INFO - Started process 13055 to run task
[2026-03-19T10:09:02.103+0000] {standard_task_runner.py:90} INFO - Running: ['***', 'tasks', 'run', 'crypto_pipeline', 'fetch_data', 'scheduled__2026-03-19T10:08:00+00:00', '--job-id', '1730', '--raw', '--subdir', 'DAGS_FOLDER/crypto_pipeline_dag.py', '--cfg-path', '/tmp/tmp7gtsjgik']
[2026-03-19T10:09:02.105+0000] {standard_task_runner.py:91} INFO - Job 1730: Subtask fetch_data
[2026-03-19T10:09:02.181+0000] {task_command.py:426} INFO - Running <TaskInstance: crypto_pipeline.fetch_data scheduled__2026-03-19T10:08:00+00:00 [running]> on host 70adc5a0e7fa
[2026-03-19T10:09:02.233+0000] {taskinstance.py:2648} INFO - Exporting env vars: AIRFLOW_CTX_DAG_OWNER='anish' AIRFLOW_CTX_DAG_ID='crypto_pipeline' AIRFLOW_CTX_TASK_ID='fetch_data' AIRFLOW_CTX_EXECUTION_DATE='2026-03-19T10:08:00+00:00' AIRFLOW_CTX_TRY_NUMBER='1' AIRFLOW_CTX_DAG_RUN_ID='scheduled__2026-03-19T10:08:00+00:00'
[2026-03-19T10:09:02.235+0000] {taskinstance.py:430} INFO - ::endgroup::
[2026-03-19T10:09:02.236+0000] {subprocess.py:63} INFO - Tmp dir root location: /tmp
[2026-03-19T10:09:02.236+0000] {subprocess.py:75} INFO - Running command: ['/usr/bin/bash', '-c', 'python3 /opt/***/scripts/fetch_crypto.py']
[2026-03-19T10:09:02.243+0000] {subprocess.py:86} INFO - Output:
[2026-03-19T10:09:08.176+0000] {subprocess.py:93} INFO - Fetching crypto data...
[2026-03-19T10:09:08.181+0000] {subprocess.py:93} INFO -  Data saved: {'bitcoin': {'usd': 70468}, 'cardano': {'usd': 0.27158}, 'dogecoin': {'usd': 0.094957}, 'ethereum': {'usd': 2186.72}, 'solana': {'usd': 90.15}}
[2026-03-19T10:09:08.218+0000] {subprocess.py:97} INFO - Command exited with return code 0
[2026-03-19T10:09:08.220+0000] {taskinstance.py:441} INFO - ::group::Post task execution logs
[2026-03-19T10:09:08.255+0000] {taskinstance.py:1206} INFO - Marking task as SUCCESS. dag_id=crypto_pipeline, task_id=fetch_data, run_id=scheduled__2026-03-19T10:08:00+00:00, execution_date=20260319T100800, start_date=20260319T100902, end_date=20260319T100908
[2026-03-19T10:09:08.283+0000] {local_task_job_runner.py:240} INFO - Task exited with return code 0
[2026-03-19T10:09:08.317+0000] {taskinstance.py:3498} INFO - 1 downstream tasks scheduled from follow-on schedule check
[2026-03-19T10:09:08.318+0000] {local_task_job_runner.py:222} INFO - ::endgroup::
