[2026-03-19T10:13:02.131+0000] {local_task_job_runner.py:120} INFO - ::group::Pre task execution logs
[2026-03-19T10:13:02.146+0000] {taskinstance.py:2076} INFO - Dependencies all met for dep_context=non-requeueable deps ti=<TaskInstance: crypto_pipeline.fetch_data scheduled__2026-03-19T10:12:00+00:00 [queued]>
[2026-03-19T10:13:02.149+0000] {taskinstance.py:2076} INFO - Dependencies all met for dep_context=requeueable deps ti=<TaskInstance: crypto_pipeline.fetch_data scheduled__2026-03-19T10:12:00+00:00 [queued]>
[2026-03-19T10:13:02.149+0000] {taskinstance.py:2306} INFO - Starting attempt 1 of 2
[2026-03-19T10:13:02.155+0000] {taskinstance.py:2330} INFO - Executing <Task(BashOperator): fetch_data> on 2026-03-19 10:12:00+00:00
[2026-03-19T10:13:02.160+0000] {warnings.py:110} WARNING - /home/***/.local/lib/python3.12/site-packages/***/task/task_runner/standard_task_runner.py:61: DeprecationWarning: This process (pid=13158) is multi-threaded, use of fork() may lead to deadlocks in the child.
  pid = os.fork()

[2026-03-19T10:13:02.161+0000] {standard_task_runner.py:63} INFO - Started process 13160 to run task
[2026-03-19T10:13:02.162+0000] {standard_task_runner.py:90} INFO - Running: ['***', 'tasks', 'run', 'crypto_pipeline', 'fetch_data', 'scheduled__2026-03-19T10:12:00+00:00', '--job-id', '1742', '--raw', '--subdir', 'DAGS_FOLDER/crypto_pipeline_dag.py', '--cfg-path', '/tmp/tmpkys09b0m']
[2026-03-19T10:13:02.164+0000] {standard_task_runner.py:91} INFO - Job 1742: Subtask fetch_data
[2026-03-19T10:13:02.209+0000] {task_command.py:426} INFO - Running <TaskInstance: crypto_pipeline.fetch_data scheduled__2026-03-19T10:12:00+00:00 [running]> on host 70adc5a0e7fa
[2026-03-19T10:13:02.266+0000] {taskinstance.py:2648} INFO - Exporting env vars: AIRFLOW_CTX_DAG_OWNER='anish' AIRFLOW_CTX_DAG_ID='crypto_pipeline' AIRFLOW_CTX_TASK_ID='fetch_data' AIRFLOW_CTX_EXECUTION_DATE='2026-03-19T10:12:00+00:00' AIRFLOW_CTX_TRY_NUMBER='1' AIRFLOW_CTX_DAG_RUN_ID='scheduled__2026-03-19T10:12:00+00:00'
[2026-03-19T10:13:02.268+0000] {taskinstance.py:430} INFO - ::endgroup::
[2026-03-19T10:13:02.269+0000] {subprocess.py:63} INFO - Tmp dir root location: /tmp
[2026-03-19T10:13:02.269+0000] {subprocess.py:75} INFO - Running command: ['/usr/bin/bash', '-c', 'python3 /opt/***/scripts/fetch_crypto.py']
[2026-03-19T10:13:02.277+0000] {subprocess.py:86} INFO - Output:
[2026-03-19T10:13:02.612+0000] {subprocess.py:93} INFO - Fetching crypto data...
[2026-03-19T10:13:02.613+0000] {subprocess.py:93} INFO - Error fetching data: HTTPSConnectionPool(host='api.coingecko.com', port=443): Max retries exceeded with url: /api/v3/simple/price?ids=bitcoin%2Cethereum%2Csolana%2Ccardano%2Cdogecoin&vs_currencies=usd (Caused by NameResolutionError("<urllib3.connection.HTTPSConnection object at 0xffff9ba10b00>: Failed to resolve 'api.coingecko.com' ([Errno -2] Name or service not known)"))
[2026-03-19T10:13:02.629+0000] {subprocess.py:97} INFO - Command exited with return code 0
[2026-03-19T10:13:02.630+0000] {taskinstance.py:441} INFO - ::group::Post task execution logs
[2026-03-19T10:13:02.645+0000] {taskinstance.py:1206} INFO - Marking task as SUCCESS. dag_id=crypto_pipeline, task_id=fetch_data, run_id=scheduled__2026-03-19T10:12:00+00:00, execution_date=20260319T101200, start_date=20260319T101302, end_date=20260319T101302
[2026-03-19T10:13:02.675+0000] {local_task_job_runner.py:240} INFO - Task exited with return code 0
[2026-03-19T10:13:02.694+0000] {taskinstance.py:3498} INFO - 1 downstream tasks scheduled from follow-on schedule check
[2026-03-19T10:13:02.695+0000] {local_task_job_runner.py:222} INFO - ::endgroup::
