[2026-03-19T10:21:01.227+0000] {local_task_job_runner.py:120} INFO - ::group::Pre task execution logs
[2026-03-19T10:21:01.239+0000] {taskinstance.py:2076} INFO - Dependencies all met for dep_context=non-requeueable deps ti=<TaskInstance: crypto_pipeline.fetch_data scheduled__2026-03-19T10:20:00+00:00 [queued]>
[2026-03-19T10:21:01.243+0000] {taskinstance.py:2076} INFO - Dependencies all met for dep_context=requeueable deps ti=<TaskInstance: crypto_pipeline.fetch_data scheduled__2026-03-19T10:20:00+00:00 [queued]>
[2026-03-19T10:21:01.243+0000] {taskinstance.py:2306} INFO - Starting attempt 1 of 2
[2026-03-19T10:21:01.249+0000] {taskinstance.py:2330} INFO - Executing <Task(BashOperator): fetch_data> on 2026-03-19 10:20:00+00:00
[2026-03-19T10:21:01.254+0000] {warnings.py:110} WARNING - /home/***/.local/lib/python3.12/site-packages/***/task/task_runner/standard_task_runner.py:61: DeprecationWarning: This process (pid=13358) is multi-threaded, use of fork() may lead to deadlocks in the child.
  pid = os.fork()

[2026-03-19T10:21:01.255+0000] {standard_task_runner.py:63} INFO - Started process 13360 to run task
[2026-03-19T10:21:01.256+0000] {standard_task_runner.py:90} INFO - Running: ['***', 'tasks', 'run', 'crypto_pipeline', 'fetch_data', 'scheduled__2026-03-19T10:20:00+00:00', '--job-id', '1766', '--raw', '--subdir', 'DAGS_FOLDER/crypto_pipeline_dag.py', '--cfg-path', '/tmp/tmpxg6l_2dw']
[2026-03-19T10:21:01.258+0000] {standard_task_runner.py:91} INFO - Job 1766: Subtask fetch_data
[2026-03-19T10:21:01.293+0000] {task_command.py:426} INFO - Running <TaskInstance: crypto_pipeline.fetch_data scheduled__2026-03-19T10:20:00+00:00 [running]> on host 70adc5a0e7fa
[2026-03-19T10:21:01.337+0000] {taskinstance.py:2648} INFO - Exporting env vars: AIRFLOW_CTX_DAG_OWNER='anish' AIRFLOW_CTX_DAG_ID='crypto_pipeline' AIRFLOW_CTX_TASK_ID='fetch_data' AIRFLOW_CTX_EXECUTION_DATE='2026-03-19T10:20:00+00:00' AIRFLOW_CTX_TRY_NUMBER='1' AIRFLOW_CTX_DAG_RUN_ID='scheduled__2026-03-19T10:20:00+00:00'
[2026-03-19T10:21:01.338+0000] {taskinstance.py:430} INFO - ::endgroup::
[2026-03-19T10:21:01.339+0000] {subprocess.py:63} INFO - Tmp dir root location: /tmp
[2026-03-19T10:21:01.339+0000] {subprocess.py:75} INFO - Running command: ['/usr/bin/bash', '-c', 'python3 /opt/***/scripts/fetch_crypto.py']
[2026-03-19T10:21:01.345+0000] {subprocess.py:86} INFO - Output:
[2026-03-19T10:21:07.135+0000] {subprocess.py:93} INFO - Fetching crypto data...
[2026-03-19T10:21:07.143+0000] {subprocess.py:93} INFO -  Data saved: {'bitcoin': {'usd': 70450}, 'cardano': {'usd': 0.271632}, 'dogecoin': {'usd': 0.094913}, 'ethereum': {'usd': 2184.8}, 'solana': {'usd': 90.16}}
[2026-03-19T10:21:07.186+0000] {subprocess.py:97} INFO - Command exited with return code 0
[2026-03-19T10:21:07.188+0000] {taskinstance.py:441} INFO - ::group::Post task execution logs
[2026-03-19T10:21:07.224+0000] {taskinstance.py:1206} INFO - Marking task as SUCCESS. dag_id=crypto_pipeline, task_id=fetch_data, run_id=scheduled__2026-03-19T10:20:00+00:00, execution_date=20260319T102000, start_date=20260319T102101, end_date=20260319T102107
[2026-03-19T10:21:07.284+0000] {local_task_job_runner.py:240} INFO - Task exited with return code 0
[2026-03-19T10:21:07.313+0000] {taskinstance.py:3498} INFO - 1 downstream tasks scheduled from follow-on schedule check
[2026-03-19T10:21:07.314+0000] {local_task_job_runner.py:222} INFO - ::endgroup::
