[2026-03-18T07:35:05.270+0000] {local_task_job_runner.py:120} INFO - ::group::Pre task execution logs
[2026-03-18T07:35:05.282+0000] {taskinstance.py:2076} INFO - Dependencies all met for dep_context=non-requeueable deps ti=<TaskInstance: crypto_pipeline.load_data scheduled__2026-03-18T07:30:00+00:00 [queued]>
[2026-03-18T07:35:05.295+0000] {taskinstance.py:2076} INFO - Dependencies all met for dep_context=requeueable deps ti=<TaskInstance: crypto_pipeline.load_data scheduled__2026-03-18T07:30:00+00:00 [queued]>
[2026-03-18T07:35:05.296+0000] {taskinstance.py:2306} INFO - Starting attempt 1 of 2
[2026-03-18T07:35:05.311+0000] {taskinstance.py:2330} INFO - Executing <Task(BashOperator): load_data> on 2026-03-18 07:30:00+00:00
[2026-03-18T07:35:05.318+0000] {warnings.py:110} WARNING - /home/***/.local/lib/python3.12/site-packages/***/task/task_runner/standard_task_runner.py:61: DeprecationWarning: This process (pid=573) is multi-threaded, use of fork() may lead to deadlocks in the child.
  pid = os.fork()

[2026-03-18T07:35:05.320+0000] {standard_task_runner.py:63} INFO - Started process 575 to run task
[2026-03-18T07:35:05.321+0000] {standard_task_runner.py:90} INFO - Running: ['***', 'tasks', 'run', 'crypto_pipeline', 'load_data', 'scheduled__2026-03-18T07:30:00+00:00', '--job-id', '103', '--raw', '--subdir', 'DAGS_FOLDER/crypto_pipeline_dag.py', '--cfg-path', '/tmp/tmpixbvn_h7']
[2026-03-18T07:35:05.324+0000] {standard_task_runner.py:91} INFO - Job 103: Subtask load_data
[2026-03-18T07:35:05.370+0000] {task_command.py:426} INFO - Running <TaskInstance: crypto_pipeline.load_data scheduled__2026-03-18T07:30:00+00:00 [running]> on host 07ec4bbdbc76
[2026-03-18T07:35:05.463+0000] {taskinstance.py:2648} INFO - Exporting env vars: AIRFLOW_CTX_DAG_OWNER='anish' AIRFLOW_CTX_DAG_ID='crypto_pipeline' AIRFLOW_CTX_TASK_ID='load_data' AIRFLOW_CTX_EXECUTION_DATE='2026-03-18T07:30:00+00:00' AIRFLOW_CTX_TRY_NUMBER='1' AIRFLOW_CTX_DAG_RUN_ID='scheduled__2026-03-18T07:30:00+00:00'
[2026-03-18T07:35:05.468+0000] {taskinstance.py:430} INFO - ::endgroup::
[2026-03-18T07:35:05.469+0000] {subprocess.py:63} INFO - Tmp dir root location: /tmp
[2026-03-18T07:35:05.470+0000] {subprocess.py:75} INFO - Running command: ['/usr/bin/bash', '-c', 'python3 /opt/***/scripts/load_to_db.py']
[2026-03-18T07:35:05.482+0000] {subprocess.py:86} INFO - Output:
[2026-03-18T07:35:06.474+0000] {subprocess.py:93} INFO - Loading data into PostgreSQL...
[2026-03-18T07:35:06.476+0000] {subprocess.py:93} INFO - Transformed DataFrame:
[2026-03-18T07:35:06.476+0000] {subprocess.py:93} INFO -        coin  price_usd
[2026-03-18T07:35:06.476+0000] {subprocess.py:93} INFO - 0   bitcoin   73789.00
[2026-03-18T07:35:06.477+0000] {subprocess.py:93} INFO - 1  ethereum    2316.21
[2026-03-18T07:35:06.477+0000] {subprocess.py:93} INFO - Data loaded successfully into crypto_raw table
[2026-03-18T07:35:06.537+0000] {subprocess.py:97} INFO - Command exited with return code 0
[2026-03-18T07:35:06.538+0000] {taskinstance.py:441} INFO - ::group::Post task execution logs
[2026-03-18T07:35:06.563+0000] {taskinstance.py:1206} INFO - Marking task as SUCCESS. dag_id=crypto_pipeline, task_id=load_data, run_id=scheduled__2026-03-18T07:30:00+00:00, execution_date=20260318T073000, start_date=20260318T073505, end_date=20260318T073506
[2026-03-18T07:35:06.588+0000] {local_task_job_runner.py:240} INFO - Task exited with return code 0
[2026-03-18T07:35:06.617+0000] {taskinstance.py:3498} INFO - 1 downstream tasks scheduled from follow-on schedule check
[2026-03-18T07:35:06.618+0000] {local_task_job_runner.py:222} INFO - ::endgroup::
