[2026-03-18T09:27:39.435+0000] {local_task_job_runner.py:120} INFO - ::group::Pre task execution logs
[2026-03-18T09:27:39.455+0000] {taskinstance.py:2076} INFO - Dependencies all met for dep_context=non-requeueable deps ti=<TaskInstance: crypto_pipeline.transform_data scheduled__2026-03-18T09:20:00+00:00 [queued]>
[2026-03-18T09:27:39.462+0000] {taskinstance.py:2076} INFO - Dependencies all met for dep_context=requeueable deps ti=<TaskInstance: crypto_pipeline.transform_data scheduled__2026-03-18T09:20:00+00:00 [queued]>
[2026-03-18T09:27:39.462+0000] {taskinstance.py:2306} INFO - Starting attempt 1 of 2
[2026-03-18T09:27:39.473+0000] {taskinstance.py:2330} INFO - Executing <Task(BashOperator): transform_data> on 2026-03-18 09:20:00+00:00
[2026-03-18T09:27:39.480+0000] {warnings.py:110} WARNING - /home/***/.local/lib/python3.12/site-packages/***/task/task_runner/standard_task_runner.py:61: DeprecationWarning: This process (pid=686) is multi-threaded, use of fork() may lead to deadlocks in the child.
  pid = os.fork()

[2026-03-18T09:27:39.482+0000] {standard_task_runner.py:63} INFO - Started process 690 to run task
[2026-03-18T09:27:39.482+0000] {standard_task_runner.py:90} INFO - Running: ['***', 'tasks', 'run', 'crypto_pipeline', 'transform_data', 'scheduled__2026-03-18T09:20:00+00:00', '--job-id', '93', '--raw', '--subdir', 'DAGS_FOLDER/crypto_pipeline_dag.py', '--cfg-path', '/tmp/tmpaz91xutc']
[2026-03-18T09:27:39.485+0000] {standard_task_runner.py:91} INFO - Job 93: Subtask transform_data
[2026-03-18T09:27:39.565+0000] {task_command.py:426} INFO - Running <TaskInstance: crypto_pipeline.transform_data scheduled__2026-03-18T09:20:00+00:00 [running]> on host b022b501df4a
[2026-03-18T09:27:39.648+0000] {taskinstance.py:2648} INFO - Exporting env vars: AIRFLOW_CTX_DAG_OWNER='anish' AIRFLOW_CTX_DAG_ID='crypto_pipeline' AIRFLOW_CTX_TASK_ID='transform_data' AIRFLOW_CTX_EXECUTION_DATE='2026-03-18T09:20:00+00:00' AIRFLOW_CTX_TRY_NUMBER='1' AIRFLOW_CTX_DAG_RUN_ID='scheduled__2026-03-18T09:20:00+00:00'
[2026-03-18T09:27:39.650+0000] {taskinstance.py:430} INFO - ::endgroup::
[2026-03-18T09:27:39.651+0000] {subprocess.py:63} INFO - Tmp dir root location: /tmp
[2026-03-18T09:27:39.652+0000] {subprocess.py:75} INFO - Running command: ['/usr/bin/bash', '-c', 'psql postgresql://***:***@postgres/*** -f /opt/***/scripts/transform.sql']
[2026-03-18T09:27:39.659+0000] {subprocess.py:86} INFO - Output:
[2026-03-18T09:27:39.700+0000] {subprocess.py:93} INFO - DROP TABLE
[2026-03-18T09:27:39.702+0000] {subprocess.py:93} INFO - psql:/opt/***/scripts/transform.sql:9: ERROR:  duplicate key value violates unique constraint "pg_type_typname_nsp_index"
[2026-03-18T09:27:39.703+0000] {subprocess.py:93} INFO - DETAIL:  Key (typname, typnamespace)=(crypto_clean, 2200) already exists.
[2026-03-18T09:27:39.704+0000] {subprocess.py:97} INFO - Command exited with return code 0
[2026-03-18T09:27:39.704+0000] {taskinstance.py:441} INFO - ::group::Post task execution logs
[2026-03-18T09:27:39.725+0000] {taskinstance.py:1206} INFO - Marking task as SUCCESS. dag_id=crypto_pipeline, task_id=transform_data, run_id=scheduled__2026-03-18T09:20:00+00:00, execution_date=20260318T092000, start_date=20260318T092739, end_date=20260318T092739
[2026-03-18T09:27:39.749+0000] {local_task_job_runner.py:240} INFO - Task exited with return code 0
[2026-03-18T09:27:39.764+0000] {taskinstance.py:3498} INFO - 0 downstream tasks scheduled from follow-on schedule check
[2026-03-18T09:27:39.765+0000] {local_task_job_runner.py:222} INFO - ::endgroup::
