[2026-03-18T06:40:51.034+0000] {local_task_job_runner.py:120} INFO - ::group::Pre task execution logs
[2026-03-18T06:40:51.061+0000] {taskinstance.py:2076} INFO - Dependencies all met for dep_context=non-requeueable deps ti=<TaskInstance: crypto_pipeline.load_data manual__2026-03-18T06:35:59.203699+00:00 [queued]>
[2026-03-18T06:40:51.068+0000] {taskinstance.py:2076} INFO - Dependencies all met for dep_context=requeueable deps ti=<TaskInstance: crypto_pipeline.load_data manual__2026-03-18T06:35:59.203699+00:00 [queued]>
[2026-03-18T06:40:51.068+0000] {taskinstance.py:2306} INFO - Starting attempt 2 of 3
[2026-03-18T06:40:51.095+0000] {taskinstance.py:2330} INFO - Executing <Task(BashOperator): load_data> on 2026-03-18 06:35:59.203699+00:00
[2026-03-18T06:40:51.112+0000] {warnings.py:110} WARNING - /home/***/.local/lib/python3.12/site-packages/***/task/task_runner/standard_task_runner.py:61: DeprecationWarning: This process (pid=94) is multi-threaded, use of fork() may lead to deadlocks in the child.
  pid = os.fork()

[2026-03-18T06:40:51.115+0000] {standard_task_runner.py:63} INFO - Started process 96 to run task
[2026-03-18T06:40:51.115+0000] {standard_task_runner.py:90} INFO - Running: ['***', 'tasks', 'run', 'crypto_pipeline', 'load_data', 'manual__2026-03-18T06:35:59.203699+00:00', '--job-id', '78', '--raw', '--subdir', 'DAGS_FOLDER/crypto_pipeline_dag.py', '--cfg-path', '/tmp/tmpkzxfriew']
[2026-03-18T06:40:51.119+0000] {standard_task_runner.py:91} INFO - Job 78: Subtask load_data
[2026-03-18T06:40:51.300+0000] {task_command.py:426} INFO - Running <TaskInstance: crypto_pipeline.load_data manual__2026-03-18T06:35:59.203699+00:00 [running]> on host 07ec4bbdbc76
[2026-03-18T06:40:51.368+0000] {taskinstance.py:2648} INFO - Exporting env vars: AIRFLOW_CTX_DAG_OWNER='anish' AIRFLOW_CTX_DAG_ID='crypto_pipeline' AIRFLOW_CTX_TASK_ID='load_data' AIRFLOW_CTX_EXECUTION_DATE='2026-03-18T06:35:59.203699+00:00' AIRFLOW_CTX_TRY_NUMBER='2' AIRFLOW_CTX_DAG_RUN_ID='manual__2026-03-18T06:35:59.203699+00:00'
[2026-03-18T06:40:51.374+0000] {taskinstance.py:430} INFO - ::endgroup::
[2026-03-18T06:40:51.375+0000] {subprocess.py:63} INFO - Tmp dir root location: /tmp
[2026-03-18T06:40:51.376+0000] {subprocess.py:75} INFO - Running command: ['/usr/bin/bash', '-c', 'python3 /opt/***/scripts/load_to_db.py']
[2026-03-18T06:40:51.385+0000] {subprocess.py:86} INFO - Output:
[2026-03-18T06:40:52.495+0000] {subprocess.py:93} INFO - Loading data into PostgreSQL...
[2026-03-18T06:40:52.502+0000] {subprocess.py:93} INFO - Transformed DataFrame:
[2026-03-18T06:40:52.505+0000] {subprocess.py:93} INFO -        coin  price_usd
[2026-03-18T06:40:52.505+0000] {subprocess.py:93} INFO - 0   bitcoin   74128.00
[2026-03-18T06:40:52.506+0000] {subprocess.py:93} INFO - 1  ethereum    2326.46
[2026-03-18T06:40:52.506+0000] {subprocess.py:93} INFO - Data loaded successfully into crypto_raw table
[2026-03-18T06:40:52.566+0000] {subprocess.py:97} INFO - Command exited with return code 0
[2026-03-18T06:40:52.567+0000] {taskinstance.py:441} INFO - ::group::Post task execution logs
[2026-03-18T06:40:52.590+0000] {taskinstance.py:1206} INFO - Marking task as SUCCESS. dag_id=crypto_pipeline, task_id=load_data, run_id=manual__2026-03-18T06:35:59.203699+00:00, execution_date=20260318T063559, start_date=20260318T064051, end_date=20260318T064052
[2026-03-18T06:40:52.641+0000] {local_task_job_runner.py:240} INFO - Task exited with return code 0
[2026-03-18T06:40:52.679+0000] {taskinstance.py:3498} INFO - 1 downstream tasks scheduled from follow-on schedule check
[2026-03-18T06:40:52.680+0000] {local_task_job_runner.py:222} INFO - ::endgroup::
